/*******************************************************************************
Copyright (c) 2022-2024 Rapid Silicon
This source code contains proprietary information belonging to Rapid Silicon
(the "licensor") released under license and non-disclosure agreement to the
recipient (the "licensee").

The information shared and protected by the license and non-disclosure agreement
includes but is not limited to the following:
* operational algorithms of the product
* logos, graphics, source code, and visual presentation of the product
* confidential operational information of the licensor

The recipient of this source code is NOT permitted to publicly disclose,
re-use, archive beyond the period of the license agreement, transfer to a
sub-licensee, or re-implement any portion of the content covered by the license
and non-disclosure agreement without the prior written consent of the licensor.
*********************************************************************************/

Version  : 2024.07
Build    : 1.1.30
Hash     : 8801a76
Date     : Jul 16 2024
Type     : Engineering
Log Time   : Tue Jul 16 06:10:48 2024 GMT
#Timing report of worst 16 path(s)
# Unit scale: 1e-09 seconds
# Output precision: 3

# Logical Levels: 4
# Timing Graph Levels: 6

#Path 1
Startpoint: $f2g_trx_dly_tap_dly_tap_val[4].inpad[0] (.input clocked by virtual_io_clock)
Endpoint  : out:$auto$rs_design_edit.cc:498:handle_dangling_outs$507.outpad[0] (.output clocked by virtual_io_clock)
Path Type : hold

Point                                                                                               Incr      Path
------------------------------------------------------------------------------------------------------------------
clock virtual_io_clock (rise edge)                                                                 0.000     0.000
clock source latency                                                                               0.000     0.000
input external delay                                                                               0.000     0.000
$f2g_trx_dly_tap_dly_tap_val[4].inpad[0] (.input)                                                  0.000     0.000
$auto$rs_design_edit.cc:498:handle_dangling_outs$507.in[0] (.names)                                1.187     1.187
$auto$rs_design_edit.cc:498:handle_dangling_outs$507.out[0] (.names)                               0.065     1.252
out:$auto$rs_design_edit.cc:498:handle_dangling_outs$507.outpad[0] (.output)                       0.854     2.106
data arrival time                                                                                            2.106

clock virtual_io_clock (rise edge)                                                                 0.000     0.000
clock source latency                                                                               0.000     0.000
clock uncertainty                                                                                  0.000     0.000
output external delay                                                                              0.000     0.000
data required time                                                                                           0.000
------------------------------------------------------------------------------------------------------------------
data required time                                                                                          -0.000
data arrival time                                                                                            2.106
------------------------------------------------------------------------------------------------------------------
slack (MET)                                                                                                  2.106


#Path 2
Startpoint: data_o.inpad[0] (.input clocked by virtual_io_clock)
Endpoint  : out:data_o_inv_delayed.outpad[0] (.output clocked by virtual_io_clock)
Path Type : hold

Point                                                             Incr      Path
--------------------------------------------------------------------------------
clock virtual_io_clock (rise edge)                               0.000     0.000
clock source latency                                             0.000     0.000
input external delay                                             0.000     0.000
data_o.inpad[0] (.input)                                         0.000     0.000
data_o_inv_delayed.in[0] (.names)                                1.187     1.187
data_o_inv_delayed.out[0] (.names)                               0.099     1.286
out:data_o_inv_delayed.outpad[0] (.output)                       0.854     2.140
data arrival time                                                          2.140

clock virtual_io_clock (rise edge)                               0.000     0.000
clock source latency                                             0.000     0.000
clock uncertainty                                                0.000     0.000
output external delay                                            0.000     0.000
data required time                                                         0.000
--------------------------------------------------------------------------------
data required time                                                        -0.000
data arrival time                                                          2.140
--------------------------------------------------------------------------------
slack (MET)                                                                2.140


#Path 3
Startpoint: $f2g_trx_dly_tap_dly_tap_val[1].inpad[0] (.input clocked by virtual_io_clock)
Endpoint  : out:$auto$rs_design_edit.cc:498:handle_dangling_outs$510.outpad[0] (.output clocked by virtual_io_clock)
Path Type : hold

Point                                                                                               Incr      Path
------------------------------------------------------------------------------------------------------------------
clock virtual_io_clock (rise edge)                                                                 0.000     0.000
clock source latency                                                                               0.000     0.000
input external delay                                                                               0.000     0.000
$f2g_trx_dly_tap_dly_tap_val[1].inpad[0] (.input)                                                  0.000     0.000
$auto$rs_design_edit.cc:498:handle_dangling_outs$510.in[0] (.names)                                1.187     1.187
$auto$rs_design_edit.cc:498:handle_dangling_outs$510.out[0] (.names)                               0.154     1.341
out:$auto$rs_design_edit.cc:498:handle_dangling_outs$510.outpad[0] (.output)                       0.857     2.199
data arrival time                                                                                            2.199

clock virtual_io_clock (rise edge)                                                                 0.000     0.000
clock source latency                                                                               0.000     0.000
clock uncertainty                                                                                  0.000     0.000
output external delay                                                                              0.000     0.000
data required time                                                                                           0.000
------------------------------------------------------------------------------------------------------------------
data required time                                                                                          -0.000
data arrival time                                                                                            2.199
------------------------------------------------------------------------------------------------------------------
slack (MET)                                                                                                  2.199


#Path 4
Startpoint: $f2g_trx_dly_tap_dly_tap_val[5].inpad[0] (.input clocked by virtual_io_clock)
Endpoint  : out:dly_tap_val_inv[5].outpad[0] (.output clocked by virtual_io_clock)
Path Type : hold

Point                                                                    Incr      Path
---------------------------------------------------------------------------------------
clock virtual_io_clock (rise edge)                                      0.000     0.000
clock source latency                                                    0.000     0.000
input external delay                                                    0.000     0.000
$f2g_trx_dly_tap_dly_tap_val[5].inpad[0] (.input)                       0.000     0.000
dly_tap_val[5].in[0] (.names)                                           1.129     1.129
dly_tap_val[5].out[0] (.names)                                          0.099     1.228
dly_tap_val_inv[5].in[0] (.names)                                       0.066     1.294
dly_tap_val_inv[5].out[0] (.names)                                      0.144     1.438
out:dly_tap_val_inv[5].outpad[0] (.output)                              0.796     2.234
data arrival time                                                                 2.234

clock virtual_io_clock (rise edge)                                      0.000     0.000
clock source latency                                                    0.000     0.000
clock uncertainty                                                       0.000     0.000
output external delay                                                   0.000     0.000
data required time                                                                0.000
---------------------------------------------------------------------------------------
data required time                                                               -0.000
data arrival time                                                                 2.234
---------------------------------------------------------------------------------------
slack (MET)                                                                       2.234


#Path 5
Startpoint: $f2g_trx_dly_tap_dly_tap_val[5].inpad[0] (.input clocked by virtual_io_clock)
Endpoint  : out:$auto$rs_design_edit.cc:498:handle_dangling_outs$506.outpad[0] (.output clocked by virtual_io_clock)
Path Type : hold

Point                                                                                               Incr      Path
------------------------------------------------------------------------------------------------------------------
clock virtual_io_clock (rise edge)                                                                 0.000     0.000
clock source latency                                                                               0.000     0.000
input external delay                                                                               0.000     0.000
$f2g_trx_dly_tap_dly_tap_val[5].inpad[0] (.input)                                                  0.000     0.000
$auto$rs_design_edit.cc:498:handle_dangling_outs$506.in[0] (.names)                                1.129     1.129
$auto$rs_design_edit.cc:498:handle_dangling_outs$506.out[0] (.names)                               0.099     1.228
out:$auto$rs_design_edit.cc:498:handle_dangling_outs$506.outpad[0] (.output)                       1.037     2.265
data arrival time                                                                                            2.265

clock virtual_io_clock (rise edge)                                                                 0.000     0.000
clock source latency                                                                               0.000     0.000
clock uncertainty                                                                                  0.000     0.000
output external delay                                                                              0.000     0.000
data required time                                                                                           0.000
------------------------------------------------------------------------------------------------------------------
data required time                                                                                          -0.000
data arrival time                                                                                            2.265
------------------------------------------------------------------------------------------------------------------
slack (MET)                                                                                                  2.265


#Path 6
Startpoint: $f2g_trx_dly_tap_dly_tap_val[2].inpad[0] (.input clocked by virtual_io_clock)
Endpoint  : out:$auto$rs_design_edit.cc:498:handle_dangling_outs$509.outpad[0] (.output clocked by virtual_io_clock)
Path Type : hold

Point                                                                                               Incr      Path
------------------------------------------------------------------------------------------------------------------
clock virtual_io_clock (rise edge)                                                                 0.000     0.000
clock source latency                                                                               0.000     0.000
input external delay                                                                               0.000     0.000
$f2g_trx_dly_tap_dly_tap_val[2].inpad[0] (.input)                                                  0.000     0.000
$auto$rs_design_edit.cc:498:handle_dangling_outs$509.in[0] (.names)                                1.187     1.187
$auto$rs_design_edit.cc:498:handle_dangling_outs$509.out[0] (.names)                               0.065     1.252
out:$auto$rs_design_edit.cc:498:handle_dangling_outs$509.outpad[0] (.output)                       1.034     2.286
data arrival time                                                                                            2.286

clock virtual_io_clock (rise edge)                                                                 0.000     0.000
clock source latency                                                                               0.000     0.000
clock uncertainty                                                                                  0.000     0.000
output external delay                                                                              0.000     0.000
data required time                                                                                           0.000
------------------------------------------------------------------------------------------------------------------
data required time                                                                                          -0.000
data arrival time                                                                                            2.286
------------------------------------------------------------------------------------------------------------------
slack (MET)                                                                                                  2.286


#Path 7
Startpoint: $f2g_trx_dly_tap_dly_tap_val[3].inpad[0] (.input clocked by virtual_io_clock)
Endpoint  : out:$auto$rs_design_edit.cc:498:handle_dangling_outs$508.outpad[0] (.output clocked by virtual_io_clock)
Path Type : hold

Point                                                                                               Incr      Path
------------------------------------------------------------------------------------------------------------------
clock virtual_io_clock (rise edge)                                                                 0.000     0.000
clock source latency                                                                               0.000     0.000
input external delay                                                                               0.000     0.000
$f2g_trx_dly_tap_dly_tap_val[3].inpad[0] (.input)                                                  0.000     0.000
$auto$rs_design_edit.cc:498:handle_dangling_outs$508.in[0] (.names)                                1.126     1.126
$auto$rs_design_edit.cc:498:handle_dangling_outs$508.out[0] (.names)                               0.154     1.280
out:$auto$rs_design_edit.cc:498:handle_dangling_outs$508.outpad[0] (.output)                       1.037     2.318
data arrival time                                                                                            2.318

clock virtual_io_clock (rise edge)                                                                 0.000     0.000
clock source latency                                                                               0.000     0.000
clock uncertainty                                                                                  0.000     0.000
output external delay                                                                              0.000     0.000
data required time                                                                                           0.000
------------------------------------------------------------------------------------------------------------------
data required time                                                                                          -0.000
data arrival time                                                                                            2.318
------------------------------------------------------------------------------------------------------------------
slack (MET)                                                                                                  2.318


#Path 8
Startpoint: $f2g_trx_dly_tap_dly_tap_val[4].inpad[0] (.input clocked by virtual_io_clock)
Endpoint  : out:dly_tap_val_inv[4].outpad[0] (.output clocked by virtual_io_clock)
Path Type : hold

Point                                                                    Incr      Path
---------------------------------------------------------------------------------------
clock virtual_io_clock (rise edge)                                      0.000     0.000
clock source latency                                                    0.000     0.000
input external delay                                                    0.000     0.000
$f2g_trx_dly_tap_dly_tap_val[4].inpad[0] (.input)                       0.000     0.000
dly_tap_val[4].in[0] (.names)                                           1.187     1.187
dly_tap_val[4].out[0] (.names)                                          0.065     1.252
dly_tap_val_inv[4].in[0] (.names)                                       0.066     1.318
dly_tap_val_inv[4].out[0] (.names)                                      0.101     1.419
out:dly_tap_val_inv[4].outpad[0] (.output)                              0.915     2.334
data arrival time                                                                 2.334

clock virtual_io_clock (rise edge)                                      0.000     0.000
clock source latency                                                    0.000     0.000
clock uncertainty                                                       0.000     0.000
output external delay                                                   0.000     0.000
data required time                                                                0.000
---------------------------------------------------------------------------------------
data required time                                                               -0.000
data arrival time                                                                 2.334
---------------------------------------------------------------------------------------
slack (MET)                                                                       2.334


#Path 9
Startpoint: $f2g_trx_dly_tap_dly_tap_val[0].inpad[0] (.input clocked by virtual_io_clock)
Endpoint  : out:$auto$rs_design_edit.cc:498:handle_dangling_outs$511.outpad[0] (.output clocked by virtual_io_clock)
Path Type : hold

Point                                                                                               Incr      Path
------------------------------------------------------------------------------------------------------------------
clock virtual_io_clock (rise edge)                                                                 0.000     0.000
clock source latency                                                                               0.000     0.000
input external delay                                                                               0.000     0.000
$f2g_trx_dly_tap_dly_tap_val[0].inpad[0] (.input)                                                  0.000     0.000
$auto$rs_design_edit.cc:498:handle_dangling_outs$511.in[0] (.names)                                1.187     1.187
$auto$rs_design_edit.cc:498:handle_dangling_outs$511.out[0] (.names)                               0.144     1.331
out:$auto$rs_design_edit.cc:498:handle_dangling_outs$511.outpad[0] (.output)                       1.037     2.368
data arrival time                                                                                            2.368

clock virtual_io_clock (rise edge)                                                                 0.000     0.000
clock source latency                                                                               0.000     0.000
clock uncertainty                                                                                  0.000     0.000
output external delay                                                                              0.000     0.000
data required time                                                                                           0.000
------------------------------------------------------------------------------------------------------------------
data required time                                                                                          -0.000
data arrival time                                                                                            2.368
------------------------------------------------------------------------------------------------------------------
slack (MET)                                                                                                  2.368


#Path 10
Startpoint: $f2g_trx_dly_tap_dly_tap_val[3].inpad[0] (.input clocked by virtual_io_clock)
Endpoint  : out:dly_tap_val_inv[3].outpad[0] (.output clocked by virtual_io_clock)
Path Type : hold

Point                                                                    Incr      Path
---------------------------------------------------------------------------------------
clock virtual_io_clock (rise edge)                                      0.000     0.000
clock source latency                                                    0.000     0.000
input external delay                                                    0.000     0.000
$f2g_trx_dly_tap_dly_tap_val[3].inpad[0] (.input)                       0.000     0.000
dly_tap_val[3].in[0] (.names)                                           1.126     1.126
dly_tap_val[3].out[0] (.names)                                          0.154     1.280
dly_tap_val_inv[3].in[0] (.names)                                       0.066     1.347
dly_tap_val_inv[3].out[0] (.names)                                      0.099     1.446
out:dly_tap_val_inv[3].outpad[0] (.output)                              0.976     2.422
data arrival time                                                                 2.422

clock virtual_io_clock (rise edge)                                      0.000     0.000
clock source latency                                                    0.000     0.000
clock uncertainty                                                       0.000     0.000
output external delay                                                   0.000     0.000
data required time                                                                0.000
---------------------------------------------------------------------------------------
data required time                                                               -0.000
data arrival time                                                                 2.422
---------------------------------------------------------------------------------------
slack (MET)                                                                       2.422


#Path 11
Startpoint: $f2g_trx_dly_tap_dly_tap_val[0].inpad[0] (.input clocked by virtual_io_clock)
Endpoint  : out:dly_tap_val_inv[0].outpad[0] (.output clocked by virtual_io_clock)
Path Type : hold

Point                                                                    Incr      Path
---------------------------------------------------------------------------------------
clock virtual_io_clock (rise edge)                                      0.000     0.000
clock source latency                                                    0.000     0.000
input external delay                                                    0.000     0.000
$f2g_trx_dly_tap_dly_tap_val[0].inpad[0] (.input)                       0.000     0.000
dly_tap_val[0].in[0] (.names)                                           1.187     1.187
dly_tap_val[0].out[0] (.names)                                          0.144     1.331
dly_tap_val_inv[0].in[0] (.names)                                       0.066     1.397
dly_tap_val_inv[0].out[0] (.names)                                      0.101     1.498
out:dly_tap_val_inv[0].outpad[0] (.output)                              0.976     2.474
data arrival time                                                                 2.474

clock virtual_io_clock (rise edge)                                      0.000     0.000
clock source latency                                                    0.000     0.000
clock uncertainty                                                       0.000     0.000
output external delay                                                   0.000     0.000
data required time                                                                0.000
---------------------------------------------------------------------------------------
data required time                                                               -0.000
data arrival time                                                                 2.474
---------------------------------------------------------------------------------------
slack (MET)                                                                       2.474


#Path 12
Startpoint: $f2g_trx_dly_tap_dly_tap_val[1].inpad[0] (.input clocked by virtual_io_clock)
Endpoint  : out:dly_tap_val_inv[1].outpad[0] (.output clocked by virtual_io_clock)
Path Type : hold

Point                                                                    Incr      Path
---------------------------------------------------------------------------------------
clock virtual_io_clock (rise edge)                                      0.000     0.000
clock source latency                                                    0.000     0.000
input external delay                                                    0.000     0.000
$f2g_trx_dly_tap_dly_tap_val[1].inpad[0] (.input)                       0.000     0.000
dly_tap_val[1].in[0] (.names)                                           1.187     1.187
dly_tap_val[1].out[0] (.names)                                          0.154     1.341
dly_tap_val_inv[1].in[0] (.names)                                       0.066     1.408
dly_tap_val_inv[1].out[0] (.names)                                      0.154     1.562
out:dly_tap_val_inv[1].outpad[0] (.output)                              0.915     2.477
data arrival time                                                                 2.477

clock virtual_io_clock (rise edge)                                      0.000     0.000
clock source latency                                                    0.000     0.000
clock uncertainty                                                       0.000     0.000
output external delay                                                   0.000     0.000
data required time                                                                0.000
---------------------------------------------------------------------------------------
data required time                                                               -0.000
data arrival time                                                                 2.477
---------------------------------------------------------------------------------------
slack (MET)                                                                       2.477


#Path 13
Startpoint: dly_adj.inpad[0] (.input clocked by virtual_io_clock)
Endpoint  : out:$f2g_trx_dly_adj_dly_adj_inv.outpad[0] (.output clocked by virtual_io_clock)
Path Type : hold

Point                                                                       Incr      Path
------------------------------------------------------------------------------------------
clock virtual_io_clock (rise edge)                                         0.000     0.000
clock source latency                                                       0.000     0.000
input external delay                                                       0.000     0.000
dly_adj.inpad[0] (.input)                                                  0.000     0.000
dly_adj_inv.in[0] (.names)                                                 1.367     1.367
dly_adj_inv.out[0] (.names)                                                0.154     1.521
$f2g_trx_dly_adj_dly_adj_inv.in[0] (.names)                                0.066     1.588
$f2g_trx_dly_adj_dly_adj_inv.out[0] (.names)                               0.065     1.652
out:$f2g_trx_dly_adj_dly_adj_inv.outpad[0] (.output)                       0.915     2.568
data arrival time                                                                    2.568

clock virtual_io_clock (rise edge)                                         0.000     0.000
clock source latency                                                       0.000     0.000
clock uncertainty                                                          0.000     0.000
output external delay                                                      0.000     0.000
data required time                                                                   0.000
------------------------------------------------------------------------------------------
data required time                                                                  -0.000
data arrival time                                                                    2.568
------------------------------------------------------------------------------------------
slack (MET)                                                                          2.568


#Path 14
Startpoint: $f2g_trx_dly_tap_dly_tap_val[2].inpad[0] (.input clocked by virtual_io_clock)
Endpoint  : out:dly_tap_val_inv[2].outpad[0] (.output clocked by virtual_io_clock)
Path Type : hold

Point                                                                    Incr      Path
---------------------------------------------------------------------------------------
clock virtual_io_clock (rise edge)                                      0.000     0.000
clock source latency                                                    0.000     0.000
input external delay                                                    0.000     0.000
$f2g_trx_dly_tap_dly_tap_val[2].inpad[0] (.input)                       0.000     0.000
dly_tap_val[2].in[0] (.names)                                           1.187     1.187
dly_tap_val[2].out[0] (.names)                                          0.154     1.341
dly_tap_val_inv[2].in[0] (.names)                                       0.066     1.408
dly_tap_val_inv[2].out[0] (.names)                                      0.144     1.551
out:dly_tap_val_inv[2].outpad[0] (.output)                              1.034     2.585
data arrival time                                                                 2.585

clock virtual_io_clock (rise edge)                                      0.000     0.000
clock source latency                                                    0.000     0.000
clock uncertainty                                                       0.000     0.000
output external delay                                                   0.000     0.000
data required time                                                                0.000
---------------------------------------------------------------------------------------
data required time                                                               -0.000
data arrival time                                                                 2.585
---------------------------------------------------------------------------------------
slack (MET)                                                                       2.585


#Path 15
Startpoint: dly_incdec.inpad[0] (.input clocked by virtual_io_clock)
Endpoint  : out:$f2g_trx_dly_inc_dly_incdec_inv.outpad[0] (.output clocked by virtual_io_clock)
Path Type : hold

Point                                                                          Incr      Path
---------------------------------------------------------------------------------------------
clock virtual_io_clock (rise edge)                                            0.000     0.000
clock source latency                                                          0.000     0.000
input external delay                                                          0.000     0.000
dly_incdec.inpad[0] (.input)                                                  0.000     0.000
dly_incdec_inv.in[0] (.names)                                                 1.245     1.245
dly_incdec_inv.out[0] (.names)                                                0.099     1.344
$f2g_trx_dly_inc_dly_incdec_inv.in[0] (.names)                                0.228     1.572
$f2g_trx_dly_inc_dly_incdec_inv.out[0] (.names)                               0.144     1.716
out:$f2g_trx_dly_inc_dly_incdec_inv.outpad[0] (.output)                       0.976     2.692
data arrival time                                                                       2.692

clock virtual_io_clock (rise edge)                                            0.000     0.000
clock source latency                                                          0.000     0.000
clock uncertainty                                                             0.000     0.000
output external delay                                                         0.000     0.000
data required time                                                                      0.000
---------------------------------------------------------------------------------------------
data required time                                                                     -0.000
data arrival time                                                                       2.692
---------------------------------------------------------------------------------------------
slack (MET)                                                                             2.692


#Path 16
Startpoint: dly_ld.inpad[0] (.input clocked by virtual_io_clock)
Endpoint  : out:$f2g_trx_dly_ld_dly_ld_inv.outpad[0] (.output clocked by virtual_io_clock)
Path Type : hold

Point                                                                     Incr      Path
----------------------------------------------------------------------------------------
clock virtual_io_clock (rise edge)                                       0.000     0.000
clock source latency                                                     0.000     0.000
input external delay                                                     0.000     0.000
dly_ld.inpad[0] (.input)                                                 0.000     0.000
dly_ld_inv.in[0] (.names)                                                1.245     1.245
dly_ld_inv.out[0] (.names)                                               0.144     1.389
$f2g_trx_dly_ld_dly_ld_inv.in[0] (.names)                                0.066     1.455
$f2g_trx_dly_ld_dly_ld_inv.out[0] (.names)                               0.154     1.609
out:$f2g_trx_dly_ld_dly_ld_inv.outpad[0] (.output)                       1.098     2.707
data arrival time                                                                  2.707

clock virtual_io_clock (rise edge)                                       0.000     0.000
clock source latency                                                     0.000     0.000
clock uncertainty                                                        0.000     0.000
output external delay                                                    0.000     0.000
data required time                                                                 0.000
----------------------------------------------------------------------------------------
data required time                                                                -0.000
data arrival time                                                                  2.707
----------------------------------------------------------------------------------------
slack (MET)                                                                        2.707


#End of timing report
