Warning 1055: Unable to route between blocks at (4,42) and (50,0) to characterize delay (setting to inf)
Warning 1056: Unable to route between blocks at (4,42) and (51,0) to characterize delay (setting to inf)
Warning 1057: Unable to route between blocks at (4,42) and (52,0) to characterize delay (setting to inf)
Warning 1058: Unable to route between blocks at (4,42) and (53,0) to characterize delay (setting to inf)
Warning 1059: Unable to route between blocks at (4,42) and (54,0) to characterize delay (setting to inf)
Warning 1060: Unable to route between blocks at (4,42) and (55,0) to characterize delay (setting to inf)
Warning 1061: Unable to route between blocks at (4,42) and (56,0) to characterize delay (setting to inf)
Warning 1062: Unable to route between blocks at (4,42) and (57,0) to characterize delay (setting to inf)
Warning 1063: Unable to route between blocks at (4,42) and (58,0) to characterize delay (setting to inf)
Warning 1064: Unable to route between blocks at (4,42) and (59,0) to characterize delay (setting to inf)
Warning 1065: Unable to route between blocks at (4,42) and (60,0) to characterize delay (setting to inf)
Warning 1066: Unable to route between blocks at (4,42) and (61,0) to characterize delay (setting to inf)
Warning 1067: Unable to route between blocks at (4,42) and (62,0) to characterize delay (setting to inf)
Warning 1068: Unable to route between blocks at (4,42) and (63,0) to characterize delay (setting to inf)
Warning 1069: Unable to route between blocks at (4,42) and (63,1) to characterize delay (setting to inf)
Warning 1070: Unable to route between blocks at (4,42) and (63,2) to characterize delay (setting to inf)
Warning 1071: Unable to route between blocks at (4,42) and (63,3) to characterize delay (setting to inf)
Warning 1072: Unable to route between blocks at (4,42) and (63,4) to characterize delay (setting to inf)
Warning 1073: Unable to route between blocks at (4,42) and (63,5) to characterize delay (setting to inf)
Warning 1074: Unable to route between blocks at (4,42) and (63,6) to characterize delay (setting to inf)
Warning 1075: Unable to route between blocks at (4,42) and (63,7) to characterize delay (setting to inf)
Warning 1076: Unable to route between blocks at (4,42) and (63,8) to characterize delay (setting to inf)
Warning 1077: Unable to route between blocks at (4,42) and (63,9) to characterize delay (setting to inf)
Warning 1078: Unable to route between blocks at (4,42) and (63,10) to characterize delay (setting to inf)
Warning 1079: Unable to route between blocks at (4,42) and (63,11) to characterize delay (setting to inf)
Warning 1080: Unable to route between blocks at (4,42) and (63,12) to characterize delay (setting to inf)
Warning 1081: Unable to route between blocks at (4,42) and (63,13) to characterize delay (setting to inf)
Warning 1082: Unable to route between blocks at (4,42) and (63,14) to characterize delay (setting to inf)
Warning 1083: Unable to route between blocks at (4,42) and (63,15) to characterize delay (setting to inf)
Warning 1084: Unable to route between blocks at (4,42) and (63,16) to characterize delay (setting to inf)
Warning 1085: Unable to route between blocks at (4,42) and (63,17) to characterize delay (setting to inf)
Warning 1086: Unable to route between blocks at (4,42) and (63,18) to characterize delay (setting to inf)
Warning 1087: Unable to route between blocks at (4,42) and (63,19) to characterize delay (setting to inf)
Warning 1088: Unable to route between blocks at (4,42) and (63,20) to characterize delay (setting to inf)
Warning 1089: Unable to route between blocks at (4,42) and (63,21) to characterize delay (setting to inf)
Warning 1090: Unable to route between blocks at (4,42) and (63,22) to characterize delay (setting to inf)
Warning 1091: Unable to route between blocks at (4,42) and (63,23) to characterize delay (setting to inf)
Warning 1092: Unable to route between blocks at (4,42) and (63,24) to characterize delay (setting to inf)
Warning 1093: Unable to route between blocks at (4,42) and (63,25) to characterize delay (setting to inf)
Warning 1094: Unable to route between blocks at (4,42) and (63,26) to characterize delay (setting to inf)
Warning 1095: Unable to route between blocks at (4,42) and (63,27) to characterize delay (setting to inf)
Warning 1096: Unable to route between blocks at (4,42) and (63,28) to characterize delay (setting to inf)
Warning 1097: Unable to route between blocks at (4,42) and (63,29) to characterize delay (setting to inf)
Warning 1098: Unable to route between blocks at (4,42) and (63,30) to characterize delay (setting to inf)
Warning 1099: Unable to route between blocks at (4,42) and (63,31) to characterize delay (setting to inf)
Warning 1100: Unable to route between blocks at (4,42) and (63,32) to characterize delay (setting to inf)
Warning 1101: Unable to route between blocks at (4,42) and (63,33) to characterize delay (setting to inf)
Warning 1102: Unable to route between blocks at (4,42) and (63,34) to characterize delay (setting to inf)
Warning 1103: Unable to route between blocks at (4,42) and (63,35) to characterize delay (setting to inf)
Warning 1104: Unable toError 1: 
Type: Placement
File: /nfs_eda_sw/softwares/Raptor/orgnl/Raptor/Backend/OpenFPGA/vtr-verilog-to-routing/vpr/src/base/read_place.cpp
Line: 255
Message: The location of cluster $iopadmap$pi126 (#440) is specified 2 times in the constraints file with conflicting locations. 
Its location was last specified with block $iopadmap$pi126. 

 route between blocks at (4,42) and (63,36) to characterize delay (setting to inf)
Warning 1105: Unable to route between blocks at (4,42) and (63,37) to characterize delay (setting to inf)
Warning 1106: Unable to route between blocks at (4,42) and (63,38) to characterize delay (setting to inf)
Warning 1107: Unable to route between blocks at (4,42) and (63,39) to characterize delay (setting to inf)
Warning 1108: Unable to route between blocks at (4,42) and (63,40) to characterize delay (setting to inf)
Warning 1109: Unable to route between blocks at (4,42) and (63,41) to characterize delay (setting to inf)
Warning 1110: Unable to route between blocks at (4,42) and (63,42) to characterize delay (setting to inf)
## Computing delta delays took 36.80 seconds (max_rss 481.6 MiB, delta_rss +0.0 MiB)
# Computing placement delta delay look-up took 36.82 seconds (max_rss 481.6 MiB, delta_rss +0.0 MiB)

Bounding box mode is Cube

Using simple RL 'Softmax agent' for choosing move and block types
# Placement
## Initial Placement
Reading i2c_pin_loc.place.

Warning 1111: Block $iopadmap$pi083 has an invalid name and it is going to be skipped.
Warning 1112: Block $iopadmap$pi101 has an invalid name and it is going to be skipped.
Warning 1113: Block $iopadmap$pi102 has an invalid name and it is going to be skipped.
Warning 1114: Block $iopadmap$pi103 has an invalid name and it is going to be skipped.
Warning 1115: Block $iopadmap$pi104 has an invalid name and it is going to be skipped.
Warning 1116: Block $iopadmap$pi105 has an invalid name and it is going to be skipped.
Warning 1117: Block $iopadmap$pi107 has an invalid name and it is going to be skipped.
Warning 1118: Block $iopadmap$pi108 has an invalid name and it is going to be skipped.
Warning 1119: Block $iopadmap$pi121 has an invalid name and it is going to be skipped.
Warning 1120: Block $iopadmap$pi128 has an invalid name and it is going to be skipped.
Warning 1121: Block $iopadmap$pi130 has an invalid name and it is going to be skipped.
Warning 1122: Block $iopadmap$pi108 has an invalid name and it is going to be skipped.
Warning 1123: Block $iopadmap$pi083 has an invalid name and it is going to be skipped.
Warning 1124: Block $iopadmap$pi104 has an invalid name and it is going to be skipped.
Warning 1125: Block $iopadmap$pi103 has an invalid name and it is going to be skipped.
Warning 1126: Block $iopadmap$pi102 has an invalid name and it is going to be skipped.
Warning 1127: Block $iopadmap$pi105 has an invalid name and it is going to be skipped.
Warning 1128: Block $iopadmap$pi107 has an invalid name and it is going to be skipped.
Warning 1129: Block $iopadmap$pi101 has an invalid name and it is going to be skipped.
## Initial Placement took 0.00 seconds (max_rss 481.6 MiB, delta_rss +0.0 MiB)
# Placement took 0.00 seconds (max_rss 481.6 MiB, delta_rss +0.0 MiB)
The entire flow of VPR took 81.42 seconds (max_rss 481.6 MiB)
ERROR: PLC: Design i2c placement failed
Design i2c placement failed
    while executing
"place"
    (file "../raptor_tcl.tcl" line 13)
