Done
Repack clustered block 'clk1'...Warning 488: Invalid net 'clock0' to be constrained! Will drop the constraint in repacking
Done
Repack clustered block 'clk2'...Warning 489: Invalid net 'clock0' to be constrained! Will drop the constraint in repacking
Done
Repack clustered block 'clk3'...Warning 490: Invalid net 'clock0' to be constrained! Will drop the constraint in repacking
Done
Repack clustered block 'clk4'...Warning 491: Invalid net 'clock0' to be constrained! Will drop the constraint in repacking
Done
Repack clustered block 'clk5'...Warning 492: Invalid net 'clock0' to be constrained! Will drop the constraint in repacking
Done
Repack clustered block 'clk6'...Warning 493: Invalid net 'clock0' to be constrained! Will drop the constraint in repacking
Done
Repack clustered block 't'...Warning 494: Invalid net 'clock0' to be constrained! Will drop the constraint in repacking
Done
Repack clustered block 'clr_n'...Warning 495: Invalid net 'clock0' to be constrained! Will drop the constraint in repacking
Done
Repack clustered block 'sel[0]'...Warning 496: Invalid net 'clock0' to be constrained! Will drop the constraint in repacking
Done
Repack clustered block 'sel[1]'...Warning 497: Invalid net 'clock0' to be constrained! Will drop the constraint in repacking
Done
Repack clustered blocks to physical implementation of logical tile took 0.01 seconds (max_rss 686.6 MiB, delta_rss +0.0 MiB)
Identify wire LUTs created by repacking
Identified 1 wire LUTs created by repacker
Identify wire LUTs created by repacking took 0.00 seconds (max_rss 686.6 MiB, delta_rss +0.0 MiB)
Build truth tables for physical LUTs
Build truth tables for physical LUTs took 0.00 seconds (max_rss 686.6 MiB, delta_rss +0.0 MiB)

Command line to execute: build_architecture_bitstream

Confirm selected options when call command 'build_architecture_bitstream':
--write_file: off
--read_file: off
--no_time_stamp: off
--verbose: off

Build fabric-independent bitstream for implementation 'fabric_clock_tree_design'

Generating bitstream for Switch blocks...Done
Generating bitstream for X-direction Connection blocks ...Done
Generating bitstream for Y-direction Connection blocks ...Done

Build fabric-independent bitstream for implementation 'fabric_clock_tree_design'
 took 13.70 seconds (max_rss 999.1 MiB, delta_rss +312.5 MiB)

Command line to execute: build_fabric_bitstream

Confirm selected options when call command 'build_fabric_bitstream':
--verbose: off

Build fabric dependent bitstream


Build fabric dependent bitstream
 took 10.79 seconds (max_rss 1474.3 MiB, delta_rss +475.2 MiB)

Command line to execute: write_fabric_bitstream --keep_dont_care_bits  --format plain_text --file fabric_bitstream.bit

Confirm selected options when call command 'write_fabric_bitstream':
--file, -f: fabric_bitstream.bit
--format: plain_text
--filter_value: off
--path_only: off
--value_only: off
--trim_path: off
--fast_configuration: off
--keep_dont_care_bits: on
--wl_decremental_order: off
--no_time_stamp: off
--verbose: off
Warning 498: Directory path is empty and nothing will be created.
Write 3953475 fabric bitstream into plain text file 'fabric_bitstream.bit'
Warning 499: None of global reset and set ports are defined for programming purpose. Fast configuration is not applicable
Write 3953475 fabric bitstream into plain text file 'fabric_bitstream.bit' took 0.25 seconds (max_rss 1474.4 MiB, delta_rss +0.1 MiB)

Command line to execute: write_io_mapping -f PinMapping.xml

Confirm selected options when call command 'write_io_mapping':
--file, -f: PinMapping.xml
--no_time_stamp: off
--verbose: off
Warning 500: Directory path is empty and nothing will be created.
Write I/O mapping into xml file 'PinMapping.xml'
Write I/O mapping into xml file 'PinMapping.xml' took 0.01 seconds (max_rss 1474.4 MiB, delta_rss +0.0 MiB)

Command line to execute: exit

Confirm selected options when call command 'exit':

Finish execution with 0 errors

The entire OpenFPGA flow took 146 seconds

Thank you for using OpenFPGA!
Incr Slack updates 1 in 9.564e-06 sec
Full Max Req/Worst Slack updates 1 in 9.358e-06 sec
Incr Max Req/Worst Slack updates 0 in 0 sec
Incr Criticality updates 0 in 0 sec
Full Criticality updates 1 in 4.794e-05 sec
INFO: BIT: Design clock_tree_design bitstream is generated
