/*******************************************************************************
Copyright (c) 2022 Rapid Silicon
This source code contains proprietary information belonging to Rapid Silicon
(the "licensor") released under license and non-disclosure agreement to the
recipient (the "licensee").

The information shared and protected by the license and non-disclosure agreement
includes but is not limited to the following:
* operational algorithms of the product
* logos, graphics, source code, and visual presentation of the product
* confidential operational information of the licensor

The recipient of this source code is NOT permitted to publicly disclose,
re-use, archive beyond the period of the license agreement, transfer to a
sub-licensee, or re-implement any portion of the content covered by the license
and non-disclosure agreement without the prior written consent of the licensor.

Portions of Raptor Design Suite are utilized under the following third-party copyright notices:

Parallax Static Timing Analyzer Copyright (c) 2021, Parallax Software, Inc. All rights reserved.
*********************************************************************************/

Version  : 2023.10
Build    : 0.8.42
Hash     : f05589a
Date     : Oct 17 2023
Type     : Production
Log Time   : Thu Oct 19 22:53:26 2023 GMT

[ 15:53:26 ] Analysis has started
[ 15:53:26 ] Command: /nfs_home/bphilofsky/Raptor/Raptor_2023.10/Raptor/2023.10/bin/yosys -s /nfs_home/bphilofsky/Raptor/Test_Designs/Github/Video_stream_Scaler/Video_stream_Scaler_raptor_project_default_1GE100-ES1/run_1/synth_1_1/analysis/Video_stream_Scaler_raptor_project_default_1GE100-ES1_analyzer.cmd
[ 15:53:26 ] Duration: 158 ms. Max utilization: 58 MB
[ 15:53:26 ] Synthesize has started
[ 15:53:26 ] Command: /nfs_home/bphilofsky/Raptor/Raptor_2023.10/Raptor/2023.10/bin/yosys -s Video_stream_Scaler_raptor_project_default_1GE100-ES1.ys -l Video_stream_Scaler_raptor_project_default_1GE100-ES1_synth.log
[ 15:53:27 ] Duration: 236 ms. Max utilization: 68 MB
[ 15:53:27 ] Synthesize has started
[ 15:53:27 ] Command: /nfs_home/bphilofsky/Raptor/Raptor_2023.10/Raptor/2023.10/bin/yosys -s Video_stream_Scaler_raptor_project_default_1GE100-ES1.ys -l Video_stream_Scaler_raptor_project_default_1GE100-ES1_synth.log
[ 15:53:29 ] Duration: 2525 ms. Max utilization: 145 MB
