/*******************************************************************************
Copyright (c) 2022 Rapid Silicon
This source code contains proprietary information belonging to Rapid Silicon
(the "licensor") released under license and non-disclosure agreement to the
recipient (the "licensee").

The information shared and protected by the license and non-disclosure agreement
includes but is not limited to the following:
* operational algorithms of the product
* logos, graphics, source code, and visual presentation of the product
* confidential operational information of the licensor

The recipient of this source code is NOT permitted to publicly disclose,
re-use, archive beyond the period of the license agreement, transfer to a
sub-licensee, or re-implement any portion of the content covered by the license
and non-disclosure agreement without the prior written consent of the licensor.

Portions of Raptor Design Suite are utilized under the following third-party copyright notices:

Parallax Static Timing Analyzer Copyright (c) 2021, Parallax Software, Inc. All rights reserved.
*********************************************************************************/

Version  : 2023.10
Build    : 0.8.44
Hash     : 4d0c7ee
Date     : Oct 22 2023
Type     : Engineering
Log Time   : Mon Oct 23 04:44:52 2023 GMT
#Packing pin usage report
Type: io
	Input Pin Usage:
		Max: 1.00 (0.06)
		Avg: 0.50 (0.03)
		Min: 0.00 (0.00)
		Histogram:
		[        0:      1.8) 156 (100.0%) |***********************************************
		[      1.8:      3.6)   0 (  0.0%) |
		[      3.6:      5.4)   0 (  0.0%) |
		[      5.4:      7.2)   0 (  0.0%) |
		[      7.2:        9)   0 (  0.0%) |
		[        9:       11)   0 (  0.0%) |
		[       11:       13)   0 (  0.0%) |
		[       13:       14)   0 (  0.0%) |
		[       14:       16)   0 (  0.0%) |
		[       16:       18)   0 (  0.0%) |
	Output Pin Usage:
		Max: 1.00 (0.50)
		Avg: 0.50 (0.25)
		Min: 0.00 (0.00)
		Histogram:
		[        0:      0.2) 78 ( 50.0%) |************************************************
		[      0.2:      0.4)  0 (  0.0%) |
		[      0.4:      0.6)  0 (  0.0%) |
		[      0.6:      0.8)  0 (  0.0%) |
		[      0.8:        1) 78 ( 50.0%) |************************************************
		[        1:      1.2)  0 (  0.0%) |
		[      1.2:      1.4)  0 (  0.0%) |
		[      1.4:      1.6)  0 (  0.0%) |
		[      1.6:      1.8)  0 (  0.0%) |
		[      1.8:        2)  0 (  0.0%) |

Type: clb
	Input Pin Usage:
		Max: 33.00 (0.45)
		Avg: 21.94 (0.30)
		Min: 7.00 (0.10)
		Histogram:
		[        0:      7.3)  1 (  1.5%) |**
		[      7.3:       15)  8 ( 12.1%) |************
		[       15:       22) 21 ( 31.8%) |*********************************
		[       22:       29) 31 ( 47.0%) |************************************************
		[       29:       36)  5 (  7.6%) |********
		[       36:       44)  0 (  0.0%) |
		[       44:       51)  0 (  0.0%) |
		[       51:       58)  0 (  0.0%) |
		[       58:       66)  0 (  0.0%) |
		[       66:       73)  0 (  0.0%) |
	Output Pin Usage:
		Max: 16.00 (0.59)
		Avg: 10.11 (0.37)
		Min: 4.00 (0.15)
		Histogram:
		[        0:      2.7)  0 (  0.0%) |
		[      2.7:      5.4)  1 (  1.5%) |**
		[      5.4:      8.1) 14 ( 21.2%) |************************
		[      8.1:       11) 21 ( 31.8%) |************************************
		[       11:       14) 28 ( 42.4%) |************************************************
		[       14:       16)  2 (  3.0%) |***
		[       16:       19)  0 (  0.0%) |
		[       19:       22)  0 (  0.0%) |
		[       22:       24)  0 (  0.0%) |
		[       24:       27)  0 (  0.0%) |

Type: dsp
	Input Pin Usage:
		Max: 44.00 (0.24)
		Avg: 43.33 (0.24)
		Min: 43.00 (0.23)
		Histogram:
		[        0:       18) 0 (  0.0%) |
		[       18:       37) 0 (  0.0%) |
		[       37:       55) 3 (100.0%) |*************************************************
		[       55:       74) 0 (  0.0%) |
		[       74:       92) 0 (  0.0%) |
		[       92:  1.1e+02) 0 (  0.0%) |
		[  1.1e+02:  1.3e+02) 0 (  0.0%) |
		[  1.3e+02:  1.5e+02) 0 (  0.0%) |
		[  1.5e+02:  1.7e+02) 0 (  0.0%) |
		[  1.7e+02:  1.8e+02) 0 (  0.0%) |
	Output Pin Usage:
		Max: 38.00 (0.49)
		Avg: 38.00 (0.49)
		Min: 38.00 (0.49)
		Histogram:
		[        0:      7.8) 0 (  0.0%) |
		[      7.8:       16) 0 (  0.0%) |
		[       16:       23) 0 (  0.0%) |
		[       23:       31) 0 (  0.0%) |
		[       31:       39) 3 (100.0%) |*************************************************
		[       39:       47) 0 (  0.0%) |
		[       47:       55) 0 (  0.0%) |
		[       55:       62) 0 (  0.0%) |
		[       62:       70) 0 (  0.0%) |
		[       70:       78) 0 (  0.0%) |

