/*******************************************************************************
Copyright (c) 2022 Rapid Silicon
This source code contains proprietary information belonging to Rapid Silicon
(the "licensor") released under license and non-disclosure agreement to the
recipient (the "licensee").

The information shared and protected by the license and non-disclosure agreement
includes but is not limited to the following:
* operational algorithms of the product
* logos, graphics, source code, and visual presentation of the product
* confidential operational information of the licensor

The recipient of this source code is NOT permitted to publicly disclose,
re-use, archive beyond the period of the license agreement, transfer to a
sub-licensee, or re-implement any portion of the content covered by the license
and non-disclosure agreement without the prior written consent of the licensor.

Portions of Raptor Design Suite are utilized under the following third-party copyright notices:

Parallax Static Timing Analyzer Copyright (c) 2021, Parallax Software, Inc. All rights reserved.
*********************************************************************************/

Version  : 2023.11
Build    : 0.9.0
Hash     : 3b11cf5
Date     : Nov 17 2023
Type     : Engineering
Log Time   : Fri Nov 17 10:14:14 2023 GMT
#Timing report of worst 10 path(s)
# Unit scale: 1e-09 seconds
# Output precision: 3

# Logical Levels: 3
# Timing Graph Levels: 4

#Path 1
Startpoint: datab[4].inpad[0] (.input at (5,8) clocked by clk)
Endpoint  : out:dataout[6].outpad[0] (.output at (2,8) clocked by clk)
Path Type : hold

Point                                                                                                                                                                                        Incr      Path
-----------------------------------------------------------------------------------------------------------------------------------------------------------------------------------------------------------
clock clk (rise edge)                                                                                                                                                                       0.000     0.000
clock source latency                                                                                                                                                                        0.000     0.000
input external delay                                                                                                                                                                        1.000     1.000
datab[4].inpad[0] (.input at (5,8))                                                                                                                                                         0.000     1.000
| (intra 'io' routing)                                                                                                                                                                      0.779     1.779
| (OPIN:84281 side: (TOP,) (5,8))                                                                                                                                                           0.000     1.779
| (CHANX:106371 L1 length:1 (5,8)->(5,8))                                                                                                                                                   0.061     1.840
| (CHANY:109643 L4 length:3 (4,8)->(4,6))                                                                                                                                                   0.119     1.959
| (IPIN:53541 side: (RIGHT,) (4,6))                                                                                                                                                         0.101     2.060
| (intra 'dsp' routing)                                                                                                                                                                     0.000     2.060
$techmap3$mul$/nfs_scratch/scratch/CompilerValidation/zaheer_ahmad/bitstream_simulation_new/EDA-2270/./rtl/unsigned_multiply.v:12$1.Y[36].b[4] (RS_DSP_MULT at (4,5))                       0.000     2.060
| (primitive 'RS_DSP_MULT' combinational delay)                                                                                                                                             0.129     2.189
$techmap3$mul$/nfs_scratch/scratch/CompilerValidation/zaheer_ahmad/bitstream_simulation_new/EDA-2270/./rtl/unsigned_multiply.v:12$1.Y[36].z[6] (RS_DSP_MULT at (4,5))                       0.000     2.189
| (intra 'dsp' routing)                                                                                                                                                                     0.000     2.189
| (OPIN:53359 side: (TOP,) (4,5))                                                                                                                                                           0.000     2.189
| (CHANX:104092 L1 length:1 (4,5)->(4,5))                                                                                                                                                   0.061     2.250
| (CHANY:109636 L4 length:3 (4,6)->(4,8))                                                                                                                                                   0.119     2.369
| (CHANX:106127 L4 length:4 (4,8)->(1,8))                                                                                                                                                   0.119     2.488
| (IPIN:75814 side: (TOP,) (2,8))                                                                                                                                                           0.101     2.589
| (intra 'io' routing)                                                                                                                                                                      0.516     3.104
out:dataout[6].outpad[0] (.output at (2,8))                                                                                                                                                 0.000     3.104
data arrival time                                                                                                                                                                                     3.104

clock clk (rise edge)                                                                                                                                                                       0.000     0.000
clock source latency                                                                                                                                                                        0.000     0.000
clock uncertainty                                                                                                                                                                           0.000     0.000
output external delay                                                                                                                                                                      -1.000    -1.000
data required time                                                                                                                                                                                   -1.000
-----------------------------------------------------------------------------------------------------------------------------------------------------------------------------------------------------------
data required time                                                                                                                                                                                    1.000
data arrival time                                                                                                                                                                                     3.104
-----------------------------------------------------------------------------------------------------------------------------------------------------------------------------------------------------------
slack (MET)                                                                                                                                                                                           4.104


#Path 2
Startpoint: datab[4].inpad[0] (.input at (5,8) clocked by clk)
Endpoint  : out:dataout[0].outpad[0] (.output at (2,8) clocked by clk)
Path Type : hold

Point                                                                                                                                                                                        Incr      Path
-----------------------------------------------------------------------------------------------------------------------------------------------------------------------------------------------------------
clock clk (rise edge)                                                                                                                                                                       0.000     0.000
clock source latency                                                                                                                                                                        0.000     0.000
input external delay                                                                                                                                                                        1.000     1.000
datab[4].inpad[0] (.input at (5,8))                                                                                                                                                         0.000     1.000
| (intra 'io' routing)                                                                                                                                                                      0.779     1.779
| (OPIN:84281 side: (TOP,) (5,8))                                                                                                                                                           0.000     1.779
| (CHANX:106371 L1 length:1 (5,8)->(5,8))                                                                                                                                                   0.061     1.840
| (CHANY:109643 L4 length:3 (4,8)->(4,6))                                                                                                                                                   0.119     1.959
| (IPIN:53541 side: (RIGHT,) (4,6))                                                                                                                                                         0.101     2.060
| (intra 'dsp' routing)                                                                                                                                                                     0.000     2.060
$techmap3$mul$/nfs_scratch/scratch/CompilerValidation/zaheer_ahmad/bitstream_simulation_new/EDA-2270/./rtl/unsigned_multiply.v:12$1.Y[36].b[4] (RS_DSP_MULT at (4,5))                       0.000     2.060
| (primitive 'RS_DSP_MULT' combinational delay)                                                                                                                                             0.129     2.189
$techmap3$mul$/nfs_scratch/scratch/CompilerValidation/zaheer_ahmad/bitstream_simulation_new/EDA-2270/./rtl/unsigned_multiply.v:12$1.Y[36].z[0] (RS_DSP_MULT at (4,5))                       0.000     2.189
| (intra 'dsp' routing)                                                                                                                                                                     0.000     2.189
| (OPIN:53353 side: (TOP,) (4,5))                                                                                                                                                           0.000     2.189
| (CHANX:103895 L4 length:4 (4,5)->(1,5))                                                                                                                                                   0.119     2.308
| (CHANX:103899 L4 length:2 (2,5)->(1,5))                                                                                                                                                   0.119     2.427
| (CHANY:107814 L4 length:3 (1,6)->(1,8))                                                                                                                                                   0.119     2.546
| (CHANX:106160 L1 length:1 (2,8)->(2,8))                                                                                                                                                   0.061     2.607
| (IPIN:75808 side: (TOP,) (2,8))                                                                                                                                                           0.101     2.708
| (intra 'io' routing)                                                                                                                                                                      0.516     3.223
out:dataout[0].outpad[0] (.output at (2,8))                                                                                                                                                 0.000     3.223
data arrival time                                                                                                                                                                                     3.223

clock clk (rise edge)                                                                                                                                                                       0.000     0.000
clock source latency                                                                                                                                                                        0.000     0.000
clock uncertainty                                                                                                                                                                           0.000     0.000
output external delay                                                                                                                                                                      -1.000    -1.000
data required time                                                                                                                                                                                   -1.000
-----------------------------------------------------------------------------------------------------------------------------------------------------------------------------------------------------------
data required time                                                                                                                                                                                    1.000
data arrival time                                                                                                                                                                                     3.223
-----------------------------------------------------------------------------------------------------------------------------------------------------------------------------------------------------------
slack (MET)                                                                                                                                                                                           4.223


#Path 3
Startpoint: datab[4].inpad[0] (.input at (5,8) clocked by clk)
Endpoint  : out:dataout[8].outpad[0] (.output at (2,8) clocked by clk)
Path Type : hold

Point                                                                                                                                                                                        Incr      Path
-----------------------------------------------------------------------------------------------------------------------------------------------------------------------------------------------------------
clock clk (rise edge)                                                                                                                                                                       0.000     0.000
clock source latency                                                                                                                                                                        0.000     0.000
input external delay                                                                                                                                                                        1.000     1.000
datab[4].inpad[0] (.input at (5,8))                                                                                                                                                         0.000     1.000
| (intra 'io' routing)                                                                                                                                                                      0.779     1.779
| (OPIN:84281 side: (TOP,) (5,8))                                                                                                                                                           0.000     1.779
| (CHANX:106371 L1 length:1 (5,8)->(5,8))                                                                                                                                                   0.061     1.840
| (CHANY:109643 L4 length:3 (4,8)->(4,6))                                                                                                                                                   0.119     1.959
| (IPIN:53541 side: (RIGHT,) (4,6))                                                                                                                                                         0.101     2.060
| (intra 'dsp' routing)                                                                                                                                                                     0.000     2.060
$techmap3$mul$/nfs_scratch/scratch/CompilerValidation/zaheer_ahmad/bitstream_simulation_new/EDA-2270/./rtl/unsigned_multiply.v:12$1.Y[36].b[4] (RS_DSP_MULT at (4,5))                       0.000     2.060
| (primitive 'RS_DSP_MULT' combinational delay)                                                                                                                                             0.129     2.189
$techmap3$mul$/nfs_scratch/scratch/CompilerValidation/zaheer_ahmad/bitstream_simulation_new/EDA-2270/./rtl/unsigned_multiply.v:12$1.Y[36].z[8] (RS_DSP_MULT at (4,5))                       0.000     2.189
| (intra 'dsp' routing)                                                                                                                                                                     0.000     2.189
| (OPIN:53361 side: (TOP,) (4,5))                                                                                                                                                           0.000     2.189
| (CHANX:103831 L4 length:4 (4,5)->(1,5))                                                                                                                                                   0.119     2.308
| (CHANY:107701 L1 length:1 (1,5)->(1,5))                                                                                                                                                   0.061     2.369
| (CHANX:103222 L1 length:1 (2,4)->(2,4))                                                                                                                                                   0.061     2.430
| (CHANY:108362 L4 length:4 (2,5)->(2,8))                                                                                                                                                   0.119     2.549
| (CHANX:106177 L1 length:1 (2,8)->(2,8))                                                                                                                                                   0.061     2.610
| (IPIN:75816 side: (TOP,) (2,8))                                                                                                                                                           0.101     2.711
| (intra 'io' routing)                                                                                                                                                                      0.516     3.226
out:dataout[8].outpad[0] (.output at (2,8))                                                                                                                                                 0.000     3.226
data arrival time                                                                                                                                                                                     3.226

clock clk (rise edge)                                                                                                                                                                       0.000     0.000
clock source latency                                                                                                                                                                        0.000     0.000
clock uncertainty                                                                                                                                                                           0.000     0.000
output external delay                                                                                                                                                                      -1.000    -1.000
data required time                                                                                                                                                                                   -1.000
-----------------------------------------------------------------------------------------------------------------------------------------------------------------------------------------------------------
data required time                                                                                                                                                                                    1.000
data arrival time                                                                                                                                                                                     3.226
-----------------------------------------------------------------------------------------------------------------------------------------------------------------------------------------------------------
slack (MET)                                                                                                                                                                                           4.226


#Path 4
Startpoint: datab[4].inpad[0] (.input at (5,8) clocked by clk)
Endpoint  : out:dataout[5].outpad[0] (.output at (2,8) clocked by clk)
Path Type : hold

Point                                                                                                                                                                                        Incr      Path
-----------------------------------------------------------------------------------------------------------------------------------------------------------------------------------------------------------
clock clk (rise edge)                                                                                                                                                                       0.000     0.000
clock source latency                                                                                                                                                                        0.000     0.000
input external delay                                                                                                                                                                        1.000     1.000
datab[4].inpad[0] (.input at (5,8))                                                                                                                                                         0.000     1.000
| (intra 'io' routing)                                                                                                                                                                      0.779     1.779
| (OPIN:84281 side: (TOP,) (5,8))                                                                                                                                                           0.000     1.779
| (CHANX:106371 L1 length:1 (5,8)->(5,8))                                                                                                                                                   0.061     1.840
| (CHANY:109643 L4 length:3 (4,8)->(4,6))                                                                                                                                                   0.119     1.959
| (IPIN:53541 side: (RIGHT,) (4,6))                                                                                                                                                         0.101     2.060
| (intra 'dsp' routing)                                                                                                                                                                     0.000     2.060
$techmap3$mul$/nfs_scratch/scratch/CompilerValidation/zaheer_ahmad/bitstream_simulation_new/EDA-2270/./rtl/unsigned_multiply.v:12$1.Y[36].b[4] (RS_DSP_MULT at (4,5))                       0.000     2.060
| (primitive 'RS_DSP_MULT' combinational delay)                                                                                                                                             0.129     2.189
$techmap3$mul$/nfs_scratch/scratch/CompilerValidation/zaheer_ahmad/bitstream_simulation_new/EDA-2270/./rtl/unsigned_multiply.v:12$1.Y[36].z[5] (RS_DSP_MULT at (4,5))                       0.000     2.189
| (intra 'dsp' routing)                                                                                                                                                                     0.000     2.189
| (OPIN:53358 side: (TOP,) (4,5))                                                                                                                                                           0.000     2.189
| (CHANX:104122 L4 length:4 (4,5)->(7,5))                                                                                                                                                   0.119     2.308
| (CHANY:110834 L4 length:3 (6,6)->(6,8))                                                                                                                                                   0.119     2.427
| (CHANX:106271 L4 length:4 (6,8)->(3,8))                                                                                                                                                   0.119     2.546
| (CHANX:106093 L4 length:3 (3,8)->(1,8))                                                                                                                                                   0.119     2.665
| (IPIN:75813 side: (TOP,) (2,8))                                                                                                                                                           0.101     2.766
| (intra 'io' routing)                                                                                                                                                                      0.516     3.281
out:dataout[5].outpad[0] (.output at (2,8))                                                                                                                                                -0.000     3.281
data arrival time                                                                                                                                                                                     3.281

clock clk (rise edge)                                                                                                                                                                       0.000     0.000
clock source latency                                                                                                                                                                        0.000     0.000
clock uncertainty                                                                                                                                                                           0.000     0.000
output external delay                                                                                                                                                                      -1.000    -1.000
data required time                                                                                                                                                                                   -1.000
-----------------------------------------------------------------------------------------------------------------------------------------------------------------------------------------------------------
data required time                                                                                                                                                                                    1.000
data arrival time                                                                                                                                                                                     3.281
-----------------------------------------------------------------------------------------------------------------------------------------------------------------------------------------------------------
slack (MET)                                                                                                                                                                                           4.281


#Path 5
Startpoint: datab[4].inpad[0] (.input at (5,8) clocked by clk)
Endpoint  : out:dataout[3].outpad[0] (.output at (2,8) clocked by clk)
Path Type : hold

Point                                                                                                                                                                                        Incr      Path
-----------------------------------------------------------------------------------------------------------------------------------------------------------------------------------------------------------
clock clk (rise edge)                                                                                                                                                                       0.000     0.000
clock source latency                                                                                                                                                                        0.000     0.000
input external delay                                                                                                                                                                        1.000     1.000
datab[4].inpad[0] (.input at (5,8))                                                                                                                                                         0.000     1.000
| (intra 'io' routing)                                                                                                                                                                      0.779     1.779
| (OPIN:84281 side: (TOP,) (5,8))                                                                                                                                                           0.000     1.779
| (CHANX:106371 L1 length:1 (5,8)->(5,8))                                                                                                                                                   0.061     1.840
| (CHANY:109643 L4 length:3 (4,8)->(4,6))                                                                                                                                                   0.119     1.959
| (IPIN:53541 side: (RIGHT,) (4,6))                                                                                                                                                         0.101     2.060
| (intra 'dsp' routing)                                                                                                                                                                     0.000     2.060
$techmap3$mul$/nfs_scratch/scratch/CompilerValidation/zaheer_ahmad/bitstream_simulation_new/EDA-2270/./rtl/unsigned_multiply.v:12$1.Y[36].b[4] (RS_DSP_MULT at (4,5))                       0.000     2.060
| (primitive 'RS_DSP_MULT' combinational delay)                                                                                                                                             0.129     2.189
$techmap3$mul$/nfs_scratch/scratch/CompilerValidation/zaheer_ahmad/bitstream_simulation_new/EDA-2270/./rtl/unsigned_multiply.v:12$1.Y[36].z[3] (RS_DSP_MULT at (4,5))                       0.000     2.189
| (intra 'dsp' routing)                                                                                                                                                                     0.000     2.189
| (OPIN:53356 side: (TOP,) (4,5))                                                                                                                                                           0.000     2.189
| (CHANX:103855 L4 length:4 (4,5)->(1,5))                                                                                                                                                   0.119     2.308
| (CHANY:108325 L1 length:1 (2,5)->(2,5))                                                                                                                                                   0.061     2.369
| (CHANX:103139 L4 length:2 (2,4)->(1,4))                                                                                                                                                   0.119     2.488
| (CHANY:107732 L4 length:4 (1,5)->(1,8))                                                                                                                                                   0.119     2.607
| (CHANX:106166 L1 length:1 (2,8)->(2,8))                                                                                                                                                   0.061     2.668
| (IPIN:75811 side: (TOP,) (2,8))                                                                                                                                                           0.101     2.769
| (intra 'io' routing)                                                                                                                                                                      0.516     3.284
out:dataout[3].outpad[0] (.output at (2,8))                                                                                                                                                 0.000     3.284
data arrival time                                                                                                                                                                                     3.284

clock clk (rise edge)                                                                                                                                                                       0.000     0.000
clock source latency                                                                                                                                                                        0.000     0.000
clock uncertainty                                                                                                                                                                           0.000     0.000
output external delay                                                                                                                                                                      -1.000    -1.000
data required time                                                                                                                                                                                   -1.000
-----------------------------------------------------------------------------------------------------------------------------------------------------------------------------------------------------------
data required time                                                                                                                                                                                    1.000
data arrival time                                                                                                                                                                                     3.284
-----------------------------------------------------------------------------------------------------------------------------------------------------------------------------------------------------------
slack (MET)                                                                                                                                                                                           4.284


#Path 6
Startpoint: datab[4].inpad[0] (.input at (5,8) clocked by clk)
Endpoint  : out:dataout[7].outpad[0] (.output at (2,8) clocked by clk)
Path Type : hold

Point                                                                                                                                                                                        Incr      Path
-----------------------------------------------------------------------------------------------------------------------------------------------------------------------------------------------------------
clock clk (rise edge)                                                                                                                                                                       0.000     0.000
clock source latency                                                                                                                                                                        0.000     0.000
input external delay                                                                                                                                                                        1.000     1.000
datab[4].inpad[0] (.input at (5,8))                                                                                                                                                         0.000     1.000
| (intra 'io' routing)                                                                                                                                                                      0.779     1.779
| (OPIN:84281 side: (TOP,) (5,8))                                                                                                                                                           0.000     1.779
| (CHANX:106371 L1 length:1 (5,8)->(5,8))                                                                                                                                                   0.061     1.840
| (CHANY:109643 L4 length:3 (4,8)->(4,6))                                                                                                                                                   0.119     1.959
| (IPIN:53541 side: (RIGHT,) (4,6))                                                                                                                                                         0.101     2.060
| (intra 'dsp' routing)                                                                                                                                                                     0.000     2.060
$techmap3$mul$/nfs_scratch/scratch/CompilerValidation/zaheer_ahmad/bitstream_simulation_new/EDA-2270/./rtl/unsigned_multiply.v:12$1.Y[36].b[4] (RS_DSP_MULT at (4,5))                       0.000     2.060
| (primitive 'RS_DSP_MULT' combinational delay)                                                                                                                                             0.129     2.189
$techmap3$mul$/nfs_scratch/scratch/CompilerValidation/zaheer_ahmad/bitstream_simulation_new/EDA-2270/./rtl/unsigned_multiply.v:12$1.Y[36].z[7] (RS_DSP_MULT at (4,5))                       0.000     2.189
| (intra 'dsp' routing)                                                                                                                                                                     0.000     2.189
| (OPIN:53360 side: (TOP,) (4,5))                                                                                                                                                           0.000     2.189
| (CHANX:103887 L4 length:4 (4,5)->(1,5))                                                                                                                                                   0.119     2.308
| (CHANY:108412 L4 length:3 (2,6)->(2,8))                                                                                                                                                   0.119     2.427
| (CHANY:108468 L4 length:2 (2,7)->(2,8))                                                                                                                                                   0.119     2.546
| (CHANY:108508 L1 length:1 (2,8)->(2,8))                                                                                                                                                   0.061     2.607
| (CHANX:106175 L1 length:1 (2,8)->(2,8))                                                                                                                                                   0.061     2.668
| (IPIN:75815 side: (TOP,) (2,8))                                                                                                                                                           0.101     2.769
| (intra 'io' routing)                                                                                                                                                                      0.516     3.284
out:dataout[7].outpad[0] (.output at (2,8))                                                                                                                                                 0.000     3.284
data arrival time                                                                                                                                                                                     3.284

clock clk (rise edge)                                                                                                                                                                       0.000     0.000
clock source latency                                                                                                                                                                        0.000     0.000
clock uncertainty                                                                                                                                                                           0.000     0.000
output external delay                                                                                                                                                                      -1.000    -1.000
data required time                                                                                                                                                                                   -1.000
-----------------------------------------------------------------------------------------------------------------------------------------------------------------------------------------------------------
data required time                                                                                                                                                                                    1.000
data arrival time                                                                                                                                                                                     3.284
-----------------------------------------------------------------------------------------------------------------------------------------------------------------------------------------------------------
slack (MET)                                                                                                                                                                                           4.284


#Path 7
Startpoint: datab[4].inpad[0] (.input at (5,8) clocked by clk)
Endpoint  : out:dataout[9].outpad[0] (.output at (2,8) clocked by clk)
Path Type : hold

Point                                                                                                                                                                                        Incr      Path
-----------------------------------------------------------------------------------------------------------------------------------------------------------------------------------------------------------
clock clk (rise edge)                                                                                                                                                                       0.000     0.000
clock source latency                                                                                                                                                                        0.000     0.000
input external delay                                                                                                                                                                        1.000     1.000
datab[4].inpad[0] (.input at (5,8))                                                                                                                                                         0.000     1.000
| (intra 'io' routing)                                                                                                                                                                      0.779     1.779
| (OPIN:84281 side: (TOP,) (5,8))                                                                                                                                                           0.000     1.779
| (CHANX:106371 L1 length:1 (5,8)->(5,8))                                                                                                                                                   0.061     1.840
| (CHANY:109643 L4 length:3 (4,8)->(4,6))                                                                                                                                                   0.119     1.959
| (IPIN:53541 side: (RIGHT,) (4,6))                                                                                                                                                         0.101     2.060
| (intra 'dsp' routing)                                                                                                                                                                     0.000     2.060
$techmap3$mul$/nfs_scratch/scratch/CompilerValidation/zaheer_ahmad/bitstream_simulation_new/EDA-2270/./rtl/unsigned_multiply.v:12$1.Y[36].b[4] (RS_DSP_MULT at (4,5))                       0.000     2.060
| (primitive 'RS_DSP_MULT' combinational delay)                                                                                                                                             0.129     2.189
$techmap3$mul$/nfs_scratch/scratch/CompilerValidation/zaheer_ahmad/bitstream_simulation_new/EDA-2270/./rtl/unsigned_multiply.v:12$1.Y[36].z[9] (RS_DSP_MULT at (4,5))                       0.000     2.189
| (intra 'dsp' routing)                                                                                                                                                                     0.000     2.189
| (OPIN:53362 side: (TOP,) (4,5))                                                                                                                                                           0.000     2.189
| (CHANX:104098 L1 length:1 (4,5)->(4,5))                                                                                                                                                   0.061     2.250
| (CHANY:109630 L4 length:3 (4,6)->(4,8))                                                                                                                                                   0.119     2.369
| (CHANX:104607 L4 length:4 (4,6)->(1,6))                                                                                                                                                   0.119     2.488
| (CHANY:107858 L4 length:2 (1,7)->(1,8))                                                                                                                                                   0.119     2.607
| (CHANX:106178 L1 length:1 (2,8)->(2,8))                                                                                                                                                   0.061     2.668
| (IPIN:75817 side: (TOP,) (2,8))                                                                                                                                                           0.101     2.769
| (intra 'io' routing)                                                                                                                                                                      0.516     3.284
out:dataout[9].outpad[0] (.output at (2,8))                                                                                                                                                 0.000     3.284
data arrival time                                                                                                                                                                                     3.284

clock clk (rise edge)                                                                                                                                                                       0.000     0.000
clock source latency                                                                                                                                                                        0.000     0.000
clock uncertainty                                                                                                                                                                           0.000     0.000
output external delay                                                                                                                                                                      -1.000    -1.000
data required time                                                                                                                                                                                   -1.000
-----------------------------------------------------------------------------------------------------------------------------------------------------------------------------------------------------------
data required time                                                                                                                                                                                    1.000
data arrival time                                                                                                                                                                                     3.284
-----------------------------------------------------------------------------------------------------------------------------------------------------------------------------------------------------------
slack (MET)                                                                                                                                                                                           4.284


#Path 8
Startpoint: datab[4].inpad[0] (.input at (5,8) clocked by clk)
Endpoint  : out:dataout[1].outpad[0] (.output at (2,8) clocked by clk)
Path Type : hold

Point                                                                                                                                                                                        Incr      Path
-----------------------------------------------------------------------------------------------------------------------------------------------------------------------------------------------------------
clock clk (rise edge)                                                                                                                                                                       0.000     0.000
clock source latency                                                                                                                                                                        0.000     0.000
input external delay                                                                                                                                                                        1.000     1.000
datab[4].inpad[0] (.input at (5,8))                                                                                                                                                         0.000     1.000
| (intra 'io' routing)                                                                                                                                                                      0.779     1.779
| (OPIN:84281 side: (TOP,) (5,8))                                                                                                                                                           0.000     1.779
| (CHANX:106371 L1 length:1 (5,8)->(5,8))                                                                                                                                                   0.061     1.840
| (CHANY:109643 L4 length:3 (4,8)->(4,6))                                                                                                                                                   0.119     1.959
| (IPIN:53541 side: (RIGHT,) (4,6))                                                                                                                                                         0.101     2.060
| (intra 'dsp' routing)                                                                                                                                                                     0.000     2.060
$techmap3$mul$/nfs_scratch/scratch/CompilerValidation/zaheer_ahmad/bitstream_simulation_new/EDA-2270/./rtl/unsigned_multiply.v:12$1.Y[36].b[4] (RS_DSP_MULT at (4,5))                       0.000     2.060
| (primitive 'RS_DSP_MULT' combinational delay)                                                                                                                                             0.129     2.189
$techmap3$mul$/nfs_scratch/scratch/CompilerValidation/zaheer_ahmad/bitstream_simulation_new/EDA-2270/./rtl/unsigned_multiply.v:12$1.Y[36].z[1] (RS_DSP_MULT at (4,5))                       0.000     2.189
| (intra 'dsp' routing)                                                                                                                                                                     0.000     2.189
| (OPIN:53354 side: (TOP,) (4,5))                                                                                                                                                           0.000     2.189
| (CHANX:103839 L4 length:4 (4,5)->(1,5))                                                                                                                                                   0.119     2.308
| (CHANY:107707 L1 length:1 (1,5)->(1,5))                                                                                                                                                   0.061     2.369
| (CHANX:103228 L1 length:1 (2,4)->(2,4))                                                                                                                                                   0.061     2.430
| (CHANY:108356 L4 length:4 (2,5)->(2,8))                                                                                                                                                   0.119     2.549
| (CHANY:108496 L1 length:1 (2,8)->(2,8))                                                                                                                                                   0.061     2.610
| (CHANX:106163 L1 length:1 (2,8)->(2,8))                                                                                                                                                   0.061     2.671
| (IPIN:75809 side: (TOP,) (2,8))                                                                                                                                                           0.101     2.772
| (intra 'io' routing)                                                                                                                                                                      0.516     3.287
out:dataout[1].outpad[0] (.output at (2,8))                                                                                                                                                 0.000     3.287
data arrival time                                                                                                                                                                                     3.287

clock clk (rise edge)                                                                                                                                                                       0.000     0.000
clock source latency                                                                                                                                                                        0.000     0.000
clock uncertainty                                                                                                                                                                           0.000     0.000
output external delay                                                                                                                                                                      -1.000    -1.000
data required time                                                                                                                                                                                   -1.000
-----------------------------------------------------------------------------------------------------------------------------------------------------------------------------------------------------------
data required time                                                                                                                                                                                    1.000
data arrival time                                                                                                                                                                                     3.287
-----------------------------------------------------------------------------------------------------------------------------------------------------------------------------------------------------------
slack (MET)                                                                                                                                                                                           4.287


#Path 9
Startpoint: datab[4].inpad[0] (.input at (5,8) clocked by clk)
Endpoint  : out:dataout[4].outpad[0] (.output at (2,8) clocked by clk)
Path Type : hold

Point                                                                                                                                                                                        Incr      Path
-----------------------------------------------------------------------------------------------------------------------------------------------------------------------------------------------------------
clock clk (rise edge)                                                                                                                                                                       0.000     0.000
clock source latency                                                                                                                                                                        0.000     0.000
input external delay                                                                                                                                                                        1.000     1.000
datab[4].inpad[0] (.input at (5,8))                                                                                                                                                         0.000     1.000
| (intra 'io' routing)                                                                                                                                                                      0.779     1.779
| (OPIN:84281 side: (TOP,) (5,8))                                                                                                                                                           0.000     1.779
| (CHANX:106371 L1 length:1 (5,8)->(5,8))                                                                                                                                                   0.061     1.840
| (CHANY:109643 L4 length:3 (4,8)->(4,6))                                                                                                                                                   0.119     1.959
| (IPIN:53541 side: (RIGHT,) (4,6))                                                                                                                                                         0.101     2.060
| (intra 'dsp' routing)                                                                                                                                                                     0.000     2.060
$techmap3$mul$/nfs_scratch/scratch/CompilerValidation/zaheer_ahmad/bitstream_simulation_new/EDA-2270/./rtl/unsigned_multiply.v:12$1.Y[36].b[4] (RS_DSP_MULT at (4,5))                       0.000     2.060
| (primitive 'RS_DSP_MULT' combinational delay)                                                                                                                                             0.129     2.189
$techmap3$mul$/nfs_scratch/scratch/CompilerValidation/zaheer_ahmad/bitstream_simulation_new/EDA-2270/./rtl/unsigned_multiply.v:12$1.Y[36].z[4] (RS_DSP_MULT at (4,5))                       0.000     2.189
| (intra 'dsp' routing)                                                                                                                                                                     0.000     2.189
| (OPIN:53357 side: (TOP,) (4,5))                                                                                                                                                           0.000     2.189
| (CHANX:104089 L1 length:1 (4,5)->(4,5))                                                                                                                                                   0.061     2.250
| (CHANY:108982 L1 length:1 (3,6)->(3,6))                                                                                                                                                   0.061     2.311
| (CHANX:104761 L1 length:1 (3,6)->(3,6))                                                                                                                                                   0.061     2.372
| (CHANY:108438 L1 length:1 (2,7)->(2,7))                                                                                                                                                   0.061     2.433
| (CHANX:105433 L1 length:1 (2,7)->(2,7))                                                                                                                                                   0.061     2.494
| (CHANY:107894 L1 length:1 (1,8)->(1,8))                                                                                                                                                   0.061     2.555
| (CHANX:106214 L4 length:4 (2,8)->(5,8))                                                                                                                                                   0.119     2.674
| (IPIN:75812 side: (TOP,) (2,8))                                                                                                                                                           0.101     2.775
| (intra 'io' routing)                                                                                                                                                                      0.516     3.290
out:dataout[4].outpad[0] (.output at (2,8))                                                                                                                                                 0.000     3.290
data arrival time                                                                                                                                                                                     3.290

clock clk (rise edge)                                                                                                                                                                       0.000     0.000
clock source latency                                                                                                                                                                        0.000     0.000
clock uncertainty                                                                                                                                                                           0.000     0.000
output external delay                                                                                                                                                                      -1.000    -1.000
data required time                                                                                                                                                                                   -1.000
-----------------------------------------------------------------------------------------------------------------------------------------------------------------------------------------------------------
data required time                                                                                                                                                                                    1.000
data arrival time                                                                                                                                                                                     3.290
-----------------------------------------------------------------------------------------------------------------------------------------------------------------------------------------------------------
slack (MET)                                                                                                                                                                                           4.290


#Path 10
Startpoint: datab[4].inpad[0] (.input at (5,8) clocked by clk)
Endpoint  : out:dataout[2].outpad[0] (.output at (2,8) clocked by clk)
Path Type : hold

Point                                                                                                                                                                                        Incr      Path
-----------------------------------------------------------------------------------------------------------------------------------------------------------------------------------------------------------
clock clk (rise edge)                                                                                                                                                                       0.000     0.000
clock source latency                                                                                                                                                                        0.000     0.000
input external delay                                                                                                                                                                        1.000     1.000
datab[4].inpad[0] (.input at (5,8))                                                                                                                                                         0.000     1.000
| (intra 'io' routing)                                                                                                                                                                      0.779     1.779
| (OPIN:84281 side: (TOP,) (5,8))                                                                                                                                                           0.000     1.779
| (CHANX:106371 L1 length:1 (5,8)->(5,8))                                                                                                                                                   0.061     1.840
| (CHANY:109643 L4 length:3 (4,8)->(4,6))                                                                                                                                                   0.119     1.959
| (IPIN:53541 side: (RIGHT,) (4,6))                                                                                                                                                         0.101     2.060
| (intra 'dsp' routing)                                                                                                                                                                     0.000     2.060
$techmap3$mul$/nfs_scratch/scratch/CompilerValidation/zaheer_ahmad/bitstream_simulation_new/EDA-2270/./rtl/unsigned_multiply.v:12$1.Y[36].b[4] (RS_DSP_MULT at (4,5))                       0.000     2.060
| (primitive 'RS_DSP_MULT' combinational delay)                                                                                                                                             0.129     2.189
$techmap3$mul$/nfs_scratch/scratch/CompilerValidation/zaheer_ahmad/bitstream_simulation_new/EDA-2270/./rtl/unsigned_multiply.v:12$1.Y[36].z[2] (RS_DSP_MULT at (4,5))                       0.000     2.189
| (intra 'dsp' routing)                                                                                                                                                                     0.000     2.189
| (OPIN:53355 side: (TOP,) (4,5))                                                                                                                                                           0.000     2.189
| (CHANX:103911 L4 length:4 (4,5)->(1,5))                                                                                                                                                   0.119     2.308
| (CHANY:107760 L1 length:1 (1,6)->(1,6))                                                                                                                                                   0.061     2.369
| (CHANX:104531 L1 length:1 (1,6)->(1,6))                                                                                                                                                   0.061     2.430
| (CHANY:107216 L1 length:1 (0,7)->(0,7))                                                                                                                                                   0.061     2.491
| (CHANX:105420 L4 length:2 (1,7)->(2,7))                                                                                                                                                   0.119     2.610
| (CHANY:108498 L1 length:1 (2,8)->(2,8))                                                                                                                                                   0.061     2.671
| (CHANX:106165 L1 length:1 (2,8)->(2,8))                                                                                                                                                   0.061     2.732
| (IPIN:75810 side: (TOP,) (2,8))                                                                                                                                                           0.101     2.833
| (intra 'io' routing)                                                                                                                                                                      0.516     3.348
out:dataout[2].outpad[0] (.output at (2,8))                                                                                                                                                 0.000     3.348
data arrival time                                                                                                                                                                                     3.348

clock clk (rise edge)                                                                                                                                                                       0.000     0.000
clock source latency                                                                                                                                                                        0.000     0.000
clock uncertainty                                                                                                                                                                           0.000     0.000
output external delay                                                                                                                                                                      -1.000    -1.000
data required time                                                                                                                                                                                   -1.000
-----------------------------------------------------------------------------------------------------------------------------------------------------------------------------------------------------------
data required time                                                                                                                                                                                    1.000
data arrival time                                                                                                                                                                                     3.348
-----------------------------------------------------------------------------------------------------------------------------------------------------------------------------------------------------------
slack (MET)                                                                                                                                                                                           4.348


#End of timing report
