/*******************************************************************************
Copyright (c) 2022-2024 Rapid Silicon
This source code contains proprietary information belonging to Rapid Silicon
(the "licensor") released under license and non-disclosure agreement to the
recipient (the "licensee").

The information shared and protected by the license and non-disclosure agreement
includes but is not limited to the following:
* operational algorithms of the product
* logos, graphics, source code, and visual presentation of the product
* confidential operational information of the licensor

The recipient of this source code is NOT permitted to publicly disclose,
re-use, archive beyond the period of the license agreement, transfer to a
sub-licensee, or re-implement any portion of the content covered by the license
and non-disclosure agreement without the prior written consent of the licensor.
*********************************************************************************/

Version  : 2024.01
Build    : 0.9.27
Hash     : 8483c76
Date     : Jan 26 2024
Type     : Engineering
Log Time   : Mon Jan 29 13:43:16 2024 GMT

[ 18:43:16 ] Analysis has started
[ 18:43:16 ] Command: /nfs_eda_sw/softwares/Raptor/instl_dir/01_26_2024_18_30_44/bin/yosys -s /nfs_scratch/scratch/CompilerValidation/zaheer_ahmad/Validation/RTL_testcases/Memory_Designs/asym_ram_sdp_wide_async_read_notdpflag/results_dir/asym_ram_sdp_wide_async_read/run_1/synth_1_1/analysis/asym_ram_sdp_wide_async_read_analyzer.cmd
[ 18:43:16 ] Duration: 105 ms. Max utilization: 44 MB
[ 18:43:16 ] Synthesize has started
[ 18:43:16 ] Command: /nfs_eda_sw/softwares/Raptor/instl_dir/01_26_2024_18_30_44/bin/yosys -s asym_ram_sdp_wide_async_read.ys -l asym_ram_sdp_wide_async_read_synth.log
[ 18:46:50 ] Duration: 213671 ms. Max utilization: 372 MB
[ 18:46:50 ] Packing has started
[ 18:46:50 ] Command: /nfs_eda_sw/softwares/Raptor/instl_dir/01_26_2024_18_30_44/bin/vpr /nfs_eda_sw/softwares/Raptor/instl_dir/01_26_2024_18_30_44/share/raptor/etc/devices/gemini_compact_104x68/gemini_vpr.xml /nfs_scratch/scratch/CompilerValidation/zaheer_ahmad/Validation/RTL_testcases/Memory_Designs/asym_ram_sdp_wide_async_read_notdpflag/results_dir/asym_ram_sdp_wide_async_read/run_1/synth_1_1/synthesis/asym_ram_sdp_wide_async_read_post_synth.eblif --sdc_file /nfs_scratch/scratch/CompilerValidation/zaheer_ahmad/Validation/RTL_testcases/Memory_Designs/asym_ram_sdp_wide_async_read_notdpflag/results_dir/asym_ram_sdp_wide_async_read/run_1/synth_1_1/impl_1_1_1/packing/asym_ram_sdp_wide_async_read_openfpga.sdc --route_chan_width 160 --suppress_warnings check_rr_node_warnings.log,check_rr_node --clock_modeling ideal --absorb_buffer_luts off --skip_sync_clustering_and_routing_results off --constant_net_method route --post_place_timing_report asym_ram_sdp_wide_async_read_post_place_timing.rpt --device castor104x68_heterogeneous --allow_unrelated_clustering on --allow_dangling_combinational_nodes on --place_delta_delay_matrix_calculation_method dijkstra --gen_post_synthesis_netlist on --post_synth_netlist_unconn_inputs gnd --inner_loop_recompute_divider 1 --max_router_iterations 1500 --timing_report_detail detailed --timing_report_npaths 100 --top asym_ram_sdp_wide_async_read --net_file /nfs_scratch/scratch/CompilerValidation/zaheer_ahmad/Validation/RTL_testcases/Memory_Designs/asym_ram_sdp_wide_async_read_notdpflag/results_dir/asym_ram_sdp_wide_async_read/run_1/synth_1_1/impl_1_1_1/packing/asym_ram_sdp_wide_async_read_post_synth.net --place_file /nfs_scratch/scratch/CompilerValidation/zaheer_ahmad/Validation/RTL_testcases/Memory_Designs/asym_ram_sdp_wide_async_read_notdpflag/results_dir/asym_ram_sdp_wide_async_read/run_1/synth_1_1/impl_1_1_1/placement/asym_ram_sdp_wide_async_read_post_synth.place --route_file /nfs_scratch/scratch/CompilerValidation/zaheer_ahmad/Validation/RTL_testcases/Memory_Designs/asym_ram_sdp_wide_async_read_notdpflag/results_dir/asym_ram_sdp_wide_async_read/run_1/synth_1_1/impl_1_1_1/routing/asym_ram_sdp_wide_async_read_post_synth.route --pack
[ 18:47:33 ] Duration: 42645 ms. Max utilization: 1999 MB
[ 18:47:33 ] Placement has started
[ 18:47:33 ] Command: /nfs_eda_sw/softwares/Raptor/instl_dir/01_26_2024_18_30_44/bin/pin_c --csv /nfs_eda_sw/softwares/Raptor/instl_dir/01_26_2024_18_30_44/share/raptor/etc/devices/gemini_compact_104x68/Gemini_Pin_Table.csv --blif /nfs_scratch/scratch/CompilerValidation/zaheer_ahmad/Validation/RTL_testcases/Memory_Designs/asym_ram_sdp_wide_async_read_notdpflag/results_dir/asym_ram_sdp_wide_async_read/run_1/synth_1_1/synthesis/asym_ram_sdp_wide_async_read_post_synth.blif --output asym_ram_sdp_wide_async_read_pin_loc.place --assign_unconstrained_pins in_define_order
[ 18:47:34 ] Duration: 429 ms. Max utilization: 93 MB
[ 18:47:34 ] Command: /nfs_eda_sw/softwares/Raptor/instl_dir/01_26_2024_18_30_44/bin/vpr /nfs_eda_sw/softwares/Raptor/instl_dir/01_26_2024_18_30_44/share/raptor/etc/devices/gemini_compact_104x68/gemini_vpr.xml /nfs_scratch/scratch/CompilerValidation/zaheer_ahmad/Validation/RTL_testcases/Memory_Designs/asym_ram_sdp_wide_async_read_notdpflag/results_dir/asym_ram_sdp_wide_async_read/run_1/synth_1_1/synthesis/asym_ram_sdp_wide_async_read_post_synth.eblif --sdc_file /nfs_scratch/scratch/CompilerValidation/zaheer_ahmad/Validation/RTL_testcases/Memory_Designs/asym_ram_sdp_wide_async_read_notdpflag/results_dir/asym_ram_sdp_wide_async_read/run_1/synth_1_1/impl_1_1_1/packing/asym_ram_sdp_wide_async_read_openfpga.sdc --route_chan_width 160 --suppress_warnings check_rr_node_warnings.log,check_rr_node --clock_modeling ideal --absorb_buffer_luts off --skip_sync_clustering_and_routing_results off --constant_net_method route --post_place_timing_report asym_ram_sdp_wide_async_read_post_place_timing.rpt --device castor104x68_heterogeneous --allow_unrelated_clustering on --allow_dangling_combinational_nodes on --place_delta_delay_matrix_calculation_method dijkstra --gen_post_synthesis_netlist on --post_synth_netlist_unconn_inputs gnd --inner_loop_recompute_divider 1 --max_router_iterations 1500 --timing_report_detail detailed --timing_report_npaths 100 --top asym_ram_sdp_wide_async_read --net_file /nfs_scratch/scratch/CompilerValidation/zaheer_ahmad/Validation/RTL_testcases/Memory_Designs/asym_ram_sdp_wide_async_read_notdpflag/results_dir/asym_ram_sdp_wide_async_read/run_1/synth_1_1/impl_1_1_1/packing/asym_ram_sdp_wide_async_read_post_synth.net --place_file /nfs_scratch/scratch/CompilerValidation/zaheer_ahmad/Validation/RTL_testcases/Memory_Designs/asym_ram_sdp_wide_async_read_notdpflag/results_dir/asym_ram_sdp_wide_async_read/run_1/synth_1_1/impl_1_1_1/placement/asym_ram_sdp_wide_async_read_post_synth.place --route_file /nfs_scratch/scratch/CompilerValidation/zaheer_ahmad/Validation/RTL_testcases/Memory_Designs/asym_ram_sdp_wide_async_read_notdpflag/results_dir/asym_ram_sdp_wide_async_read/run_1/synth_1_1/impl_1_1_1/routing/asym_ram_sdp_wide_async_read_post_synth.route --place
[ 18:51:52 ] Duration: 258481 ms. Max utilization: 1707 MB
[ 18:51:52 ] Route has started
[ 18:51:52 ] Command: /nfs_eda_sw/softwares/Raptor/instl_dir/01_26_2024_18_30_44/bin/vpr /nfs_eda_sw/softwares/Raptor/instl_dir/01_26_2024_18_30_44/share/raptor/etc/devices/gemini_compact_104x68/gemini_vpr.xml /nfs_scratch/scratch/CompilerValidation/zaheer_ahmad/Validation/RTL_testcases/Memory_Designs/asym_ram_sdp_wide_async_read_notdpflag/results_dir/asym_ram_sdp_wide_async_read/run_1/synth_1_1/synthesis/asym_ram_sdp_wide_async_read_post_synth.eblif --sdc_file /nfs_scratch/scratch/CompilerValidation/zaheer_ahmad/Validation/RTL_testcases/Memory_Designs/asym_ram_sdp_wide_async_read_notdpflag/results_dir/asym_ram_sdp_wide_async_read/run_1/synth_1_1/impl_1_1_1/packing/asym_ram_sdp_wide_async_read_openfpga.sdc --route_chan_width 160 --suppress_warnings check_rr_node_warnings.log,check_rr_node --clock_modeling ideal --absorb_buffer_luts off --skip_sync_clustering_and_routing_results off --constant_net_method route --post_place_timing_report asym_ram_sdp_wide_async_read_post_place_timing.rpt --device castor104x68_heterogeneous --allow_unrelated_clustering on --allow_dangling_combinational_nodes on --place_delta_delay_matrix_calculation_method dijkstra --gen_post_synthesis_netlist on --post_synth_netlist_unconn_inputs gnd --inner_loop_recompute_divider 1 --max_router_iterations 1500 --timing_report_detail detailed --timing_report_npaths 100 --top asym_ram_sdp_wide_async_read --net_file /nfs_scratch/scratch/CompilerValidation/zaheer_ahmad/Validation/RTL_testcases/Memory_Designs/asym_ram_sdp_wide_async_read_notdpflag/results_dir/asym_ram_sdp_wide_async_read/run_1/synth_1_1/impl_1_1_1/packing/asym_ram_sdp_wide_async_read_post_synth.net --place_file /nfs_scratch/scratch/CompilerValidation/zaheer_ahmad/Validation/RTL_testcases/Memory_Designs/asym_ram_sdp_wide_async_read_notdpflag/results_dir/asym_ram_sdp_wide_async_read/run_1/synth_1_1/impl_1_1_1/placement/asym_ram_sdp_wide_async_read_post_synth.place --route_file /nfs_scratch/scratch/CompilerValidation/zaheer_ahmad/Validation/RTL_testcases/Memory_Designs/asym_ram_sdp_wide_async_read_notdpflag/results_dir/asym_ram_sdp_wide_async_read/run_1/synth_1_1/impl_1_1_1/routing/asym_ram_sdp_wide_async_read_post_synth.route --route
[ 18:54:03 ] Duration: 131239 ms. Max utilization: 1487 MB
[ 18:54:03 ] Command: /nfs_eda_sw/softwares/Raptor/instl_dir/01_26_2024_18_30_44/bin/finalize  /nfs_scratch/scratch/CompilerValidation/zaheer_ahmad/Validation/RTL_testcases/Memory_Designs/asym_ram_sdp_wide_async_read_notdpflag/results_dir/asym_ram_sdp_wide_async_read/run_1/synth_1_1/impl_1_1_1/routing/asym_ram_sdp_wide_async_read_post_synthesis.v /nfs_scratch/scratch/CompilerValidation/zaheer_ahmad/Validation/RTL_testcases/Memory_Designs/asym_ram_sdp_wide_async_read_notdpflag/results_dir/asym_ram_sdp_wide_async_read/run_1/synth_1_1/impl_1_1_1/routing/asym_ram_sdp_wide_async_read_post_synthesis.v_
[ 18:54:04 ] Duration: 115 ms. Max utilization: 17 MB
