/*******************************************************************************
Copyright (c) 2022 Rapid Silicon
This source code contains proprietary information belonging to Rapid Silicon
(the "licensor") released under license and non-disclosure agreement to the
recipient (the "licensee").

The information shared and protected by the license and non-disclosure agreement
includes but is not limited to the following:
* operational algorithms of the product
* logos, graphics, source code, and visual presentation of the product
* confidential operational information of the licensor

The recipient of this source code is NOT permitted to publicly disclose,
re-use, archive beyond the period of the license agreement, transfer to a
sub-licensee, or re-implement any portion of the content covered by the license
and non-disclosure agreement without the prior written consent of the licensor.

Portions of Raptor Design Suite are utilized under the following third-party copyright notices:

Parallax Static Timing Analyzer Copyright (c) 2021, Parallax Software, Inc. All rights reserved.
*********************************************************************************/

Version  : 2023.12
Build    : 0.9.9
Hash     : a3db682
Date     : Dec 13 2023
Type     : Engineering
Log Time   : Wed Dec 13 10:53:41 2023 GMT

[ 15:53:43 ] Analysis has started
[ 15:53:43 ] Command: /nfs_eda_sw/softwares/Raptor/instl_dir/12_13_2023_09_15_01/bin/yosys -s /nfs_scratch/scratch/CompilerValidation/zaheer_ahmad/ArchBench/Testcases/canny_edge_detection/canny_edge_detector_02_24/run_1/synth_1_1/analysis/canny_edge_detector_02_24_analyzer.cmd
[ 15:53:44 ] Duration: 769 ms. Max utilization: 61 MB
[ 15:53:44 ] Synthesize has started
[ 15:53:44 ] Command: /nfs_eda_sw/softwares/Raptor/instl_dir/12_13_2023_09_15_01/bin/yosys -s canny_edge_detector_02_24.ys -l canny_edge_detector_02_24_synth.log
[ 15:59:38 ] Duration: 354748 ms. Max utilization: 435 MB
[ 15:59:40 ] Packing has started
[ 15:59:40 ] Command: /nfs_eda_sw/softwares/Raptor/instl_dir/12_13_2023_09_15_01/bin/vpr /nfs_eda_sw/softwares/Raptor/instl_dir/12_13_2023_09_15_01/share/raptor/etc/devices/gemini_compact_104x68/gemini_vpr.xml /nfs_scratch/scratch/CompilerValidation/zaheer_ahmad/ArchBench/Testcases/canny_edge_detection/canny_edge_detector_02_24/run_1/synth_1_1/synthesis/canny_edge_detector_02_24_post_synth.eblif --sdc_file /nfs_scratch/scratch/CompilerValidation/zaheer_ahmad/ArchBench/Testcases/canny_edge_detection/canny_edge_detector_02_24/run_1/synth_1_1/impl_1_1_1/packing/canny_edge_detector_02_24_openfpga.sdc --route_chan_width 160 --suppress_warnings check_rr_node_warnings.log,check_rr_node --clock_modeling ideal --absorb_buffer_luts off --skip_sync_clustering_and_routing_results off --constant_net_method route --post_place_timing_report canny_edge_detector_02_24_post_place_timing.rpt --device castor104x68_heterogeneous --allow_unrelated_clustering on --allow_dangling_combinational_nodes on --place_delta_delay_matrix_calculation_method dijkstra --gen_post_synthesis_netlist on --post_synth_netlist_unconn_inputs gnd --inner_loop_recompute_divider 1 --max_router_iterations 1500 --timing_report_detail detailed --timing_report_npaths 100 --top top --net_file /nfs_scratch/scratch/CompilerValidation/zaheer_ahmad/ArchBench/Testcases/canny_edge_detection/canny_edge_detector_02_24/run_1/synth_1_1/impl_1_1_1/packing/canny_edge_detector_02_24_post_synth.net --place_file /nfs_scratch/scratch/CompilerValidation/zaheer_ahmad/ArchBench/Testcases/canny_edge_detection/canny_edge_detector_02_24/run_1/synth_1_1/impl_1_1_1/placement/canny_edge_detector_02_24_post_synth.place --route_file /nfs_scratch/scratch/CompilerValidation/zaheer_ahmad/ArchBench/Testcases/canny_edge_detection/canny_edge_detector_02_24/run_1/synth_1_1/impl_1_1_1/routing/canny_edge_detector_02_24_post_synth.route --pack
[ 16:01:28 ] Duration: 108821 ms. Max utilization: 1789 MB
[ 16:01:30 ] Placement has started
[ 16:01:30 ] Command: /nfs_eda_sw/softwares/Raptor/instl_dir/12_13_2023_09_15_01/bin/pin_c --csv /nfs_eda_sw/softwares/Raptor/instl_dir/12_13_2023_09_15_01/share/raptor/etc/devices/gemini_compact_104x68/Gemini_Pin_Table.csv --blif /nfs_scratch/scratch/CompilerValidation/zaheer_ahmad/ArchBench/Testcases/canny_edge_detection/canny_edge_detector_02_24/run_1/synth_1_1/synthesis/canny_edge_detector_02_24_post_synth.blif --output canny_edge_detector_02_24_pin_loc.place --assign_unconstrained_pins in_define_order
[ 16:01:31 ] Duration: 1535 ms. Max utilization: 95 MB
[ 16:01:31 ] Command: /nfs_eda_sw/softwares/Raptor/instl_dir/12_13_2023_09_15_01/bin/vpr /nfs_eda_sw/softwares/Raptor/instl_dir/12_13_2023_09_15_01/share/raptor/etc/devices/gemini_compact_104x68/gemini_vpr.xml /nfs_scratch/scratch/CompilerValidation/zaheer_ahmad/ArchBench/Testcases/canny_edge_detection/canny_edge_detector_02_24/run_1/synth_1_1/synthesis/canny_edge_detector_02_24_post_synth.eblif --sdc_file /nfs_scratch/scratch/CompilerValidation/zaheer_ahmad/ArchBench/Testcases/canny_edge_detection/canny_edge_detector_02_24/run_1/synth_1_1/impl_1_1_1/packing/canny_edge_detector_02_24_openfpga.sdc --route_chan_width 160 --suppress_warnings check_rr_node_warnings.log,check_rr_node --clock_modeling ideal --absorb_buffer_luts off --skip_sync_clustering_and_routing_results off --constant_net_method route --post_place_timing_report canny_edge_detector_02_24_post_place_timing.rpt --device castor104x68_heterogeneous --allow_unrelated_clustering on --allow_dangling_combinational_nodes on --place_delta_delay_matrix_calculation_method dijkstra --gen_post_synthesis_netlist on --post_synth_netlist_unconn_inputs gnd --inner_loop_recompute_divider 1 --max_router_iterations 1500 --timing_report_detail detailed --timing_report_npaths 100 --top top --net_file /nfs_scratch/scratch/CompilerValidation/zaheer_ahmad/ArchBench/Testcases/canny_edge_detection/canny_edge_detector_02_24/run_1/synth_1_1/impl_1_1_1/packing/canny_edge_detector_02_24_post_synth.net --place_file /nfs_scratch/scratch/CompilerValidation/zaheer_ahmad/ArchBench/Testcases/canny_edge_detection/canny_edge_detector_02_24/run_1/synth_1_1/impl_1_1_1/placement/canny_edge_detector_02_24_post_synth.place --route_file /nfs_scratch/scratch/CompilerValidation/zaheer_ahmad/ArchBench/Testcases/canny_edge_detection/canny_edge_detector_02_24/run_1/synth_1_1/impl_1_1_1/routing/canny_edge_detector_02_24_post_synth.route --place
[ 16:08:28 ] Duration: 416254 ms. Max utilization: 2075 MB
[ 16:08:29 ] Route has started
[ 16:08:29 ] Command: /nfs_eda_sw/softwares/Raptor/instl_dir/12_13_2023_09_15_01/bin/vpr /nfs_eda_sw/softwares/Raptor/instl_dir/12_13_2023_09_15_01/share/raptor/etc/devices/gemini_compact_104x68/gemini_vpr.xml /nfs_scratch/scratch/CompilerValidation/zaheer_ahmad/ArchBench/Testcases/canny_edge_detection/canny_edge_detector_02_24/run_1/synth_1_1/synthesis/canny_edge_detector_02_24_post_synth.eblif --sdc_file /nfs_scratch/scratch/CompilerValidation/zaheer_ahmad/ArchBench/Testcases/canny_edge_detection/canny_edge_detector_02_24/run_1/synth_1_1/impl_1_1_1/packing/canny_edge_detector_02_24_openfpga.sdc --route_chan_width 160 --suppress_warnings check_rr_node_warnings.log,check_rr_node --clock_modeling ideal --absorb_buffer_luts off --skip_sync_clustering_and_routing_results off --constant_net_method route --post_place_timing_report canny_edge_detector_02_24_post_place_timing.rpt --device castor104x68_heterogeneous --allow_unrelated_clustering on --allow_dangling_combinational_nodes on --place_delta_delay_matrix_calculation_method dijkstra --gen_post_synthesis_netlist on --post_synth_netlist_unconn_inputs gnd --inner_loop_recompute_divider 1 --max_router_iterations 1500 --timing_report_detail detailed --timing_report_npaths 100 --top top --net_file /nfs_scratch/scratch/CompilerValidation/zaheer_ahmad/ArchBench/Testcases/canny_edge_detection/canny_edge_detector_02_24/run_1/synth_1_1/impl_1_1_1/packing/canny_edge_detector_02_24_post_synth.net --place_file /nfs_scratch/scratch/CompilerValidation/zaheer_ahmad/ArchBench/Testcases/canny_edge_detection/canny_edge_detector_02_24/run_1/synth_1_1/impl_1_1_1/placement/canny_edge_detector_02_24_post_synth.place --route_file /nfs_scratch/scratch/CompilerValidation/zaheer_ahmad/ArchBench/Testcases/canny_edge_detection/canny_edge_detector_02_24/run_1/synth_1_1/impl_1_1_1/routing/canny_edge_detector_02_24_post_synth.route --route
[ 16:11:29 ] Duration: 179738 ms. Max utilization: 1373 MB
