Warning 671: Unable to route between blocks at (4,42) and (27,0) to characterize delay (setting to inf)
Warning 672: Unable to route between blocks at (4,42) and (28,0) to characterize delay (setting to inf)
Warning 673: Unable to route between blocks at (4,42) and (29,0) to characterize delay (setting to inf)
Warning 674: Unable to route between blocks at (4,42) and (30,0) to characterize delay (setting to inf)
Warning 675: Unable to route between blocks at (4,42) and (31,0) to characterize delay (setting to inf)
Warning 676: Unable to route between blocks at (4,42) and (32,0) to characterize delay (setting to inf)
Warning 677: Unable to route between blocks at (4,42) and (33,0) to characterize delay (setting to inf)
Warning 678: Unable to route between blocks at (4,42) and (34,0) to characterize delay (setting to inf)
Warning 679: Unable to route between blocks at (4,42) and (35,0) to characterize delay (setting to inf)
Warning 680: Unable to route between blocks at (4,42) and (36,0) to characterize delay (setting to inf)
Warning 681: Unable to route between blocks at (4,42) and (37,0) to characterize delay (setting to inf)
Warning 682: Unable to route between blocks at (4,42) and (38,0) to characterize delay (setting to inf)
Warning 683: Unable to route between blocks at (4,42) and (39,0) to characterize delay (setting to inf)
Warning 684: Unable to route between blocks at (4,42) and (40,0) to characterize delay (setting to inf)
Warning 685: Unable to route between blocks at (4,42) and (41,0) to characterize delay (setting to inf)
Warning 686: Unable to route between blocks at (4,42) and (42,0) to characterize delay (setting to inf)
Warning 687: Unable to route between blocks at (4,42) and (43,0) to characterize delay (setting to inf)
Warning 688: Unable to route between blocks at (4,42) and (44,0) to characterize delay (setting to inf)
Warning 689: Unable to route between blocks at (4,42) and (45,0) to characterize delay (setting to inf)
Warning 690: Unable to route between blocks at (4,42) and (46,0) to characterize delay (setting to inf)
Warning 691: Unable to route between blocks at (4,42) and (47,0) to characterize delay (setting to inf)
Warning 692: Unable to route between blocks at (4,42) and (48,0) to characterize delay (setting to inf)
Warning 693: Unable to route between blocks at (4,42) and (49,0) to characterize delay (setting to inf)
Warning 694: Unable to route between blocks at (4,42) and (50,0) to characterize delay (setting to inf)
Warning 695: Unable to route between blocks at (4,42) and (51,0) to characterize delay (setting to inf)
Warning 696: Unable to route between blocks at (4,42) and (52,0) to characterize delay (setting to inf)
Warning 697: Unable to route between blocks at (4,42) and (53,0) to characterize delay (setting to inf)
Warning 698: Unable to route between blocks at (4,42) and (54,0) to characterize delay (setting to inf)
Warning 699: Unable to route between blocks at (4,42) and (55,0) to characterize delay (setting to inf)
Warning 700: Unable to route between blocks at (4,42) and (56,0) to characterize delay (setting to inf)
Warning 701: Unable to route between blocks at (4,42) and (57,0) to characterize delay (setting to inf)
Warning 702: Unable to route between blocks at (4,42) and (58,0) to characterize delay (setting to inf)
Warning 703: Unable to route between blocks at (4,42) and (59,0) to characterize delay (setting to inf)
Warning 704: Unable to route between blocks at (4,42) and (60,0) to characterize delay (setting to inf)
Warning 705: Unable to route between blocks at (4,42) and (61,0) to characterize delay (setting to inf)
Warning 706: Unable to route between blocks at (4,42) and (62,0) to characterize delay (setting to inf)
Warning 707: Unable to route between blocks at (4,42) and (63,0) to characterize delay (setting to inf)
Warning 708: Unable to route between blocks at (4,42) and (63,1) to characterize delay (setting to inf)
Warning 709: Unable to route between blocks at (4,42) and (63,2) to characterize delay (setting to inf)
Warning 710: Unable to route between blocks at (4,42) and (63,3) to characterize delay (setting to inf)
Warning 711: Unable to route between blocks at (4,42) and (63,4) to characterize delay (setting to inf)
Warning 712: Unable to route between blocks at (4,42) and (63,5) to characterize delay (setting to inf)
Warning 713: Unable to route between blocks at (4,42) and (63,6) to characterize delay (setting to inf)
Warning 714: Unable to route between blocks at (4,42) and (63,7) to characterize delay (setting to inf)
Warning 715: Unable to route between blocks at (4,42) and (63,8) to characterize delay (setting to inf)
Warning 716: Unable to route between blocks at (4,42) and (63,9) to characterize delay (setting to inf)
Warning 717: Unable to route between blocks at (4,42) and (63,10) to characterize delay (setting to inf)
Warning 718: Unable to route between blocks at (4,42) and (63,11) to characterize delay (setting to inf)
Warning 719: Unable to route between blocks at (4,42) and (63,12) to characterize delay (setting to inf)
Warning 720: Unable to route between blocks at (4,42) and (63,13) to characterize delay (setting to inf)
Warning 721: Unable to route between blocks at (4,42) and (63,14) to characterize delay (setting to inf)
Warning 722: Unable to route between blocks at (4,42) and (63,15) to characterize delay (setting to inf)
Warning 723: Unable to route between blocks at (4,42) and (63,16) to characterize delay (setting to inf)
Warning 724: Unable to route between blocks at (4,42) and (63,17) to characterize delay (setting to inf)
Warning 725: Unable to route between blocks at (4,42) and (63,18) to characterize delay (setting to inf)
Warning 726: Unable to route between blocks at (4,42) and (63,19) to characterize delay (setting to inf)
Warning 727: Unable to route between blocks at (4,42) and (63,20) to characterize delay (setting to inf)
Warning 728: Unable to route between blocks at (4,42) and (63,21) to characterize delay (setting to inf)
Warning 729: Unable to route between blocks at (4,42) and (63,22) to characterize delay (setting to inf)
Warning 730: Unable to route between blocks at (4,42) and (63,23) to characterize delay (setting to inf)
Warning 731: Unable to route between blocks at (4,42) and (63,24) to characterize delay (setting to inf)
Warning 732: Unable to route between blocks at (4,42) and (63,25) to characterize delay (setting to inf)
Warning 733: Unable to route between blocks at (4,42) and (63,26) to characterize delay (setting to inf)
Warning 734: Unable to route between blocks at (4,42) and (63,27) to characterize delay (setting to inf)
Warning 735: Unable to route between blocks at (4,42) and (63,28) to characterize delay (setting to inf)
Warning 736: Unable to route between blocks at (4,42) and (63,29) to characterize delay (setting to inf)
Warning 737: Unable to route betError 1: 
Type: Placement
File: /nfs_eda_sw/softwares/Raptor/orgnl/Raptor/Backend/OpenFPGA/vtr-verilog-to-routing/vpr/src/base/read_place.cpp
Line: 255
Message: The location of cluster rst_i_buf_out (#46) is specified 2 times in the constraints file with conflicting locations. 
Its location was last specified with block rst_i_buf_out. 

ween blocks at (4,42) and (63,30) to characterize delay (setting to inf)
Warning 738: Unable to route between blocks at (4,42) and (63,31) to characterize delay (setting to inf)
Warning 739: Unable to route between blocks at (4,42) and (63,32) to characterize delay (setting to inf)
Warning 740: Unable to route between blocks at (4,42) and (63,33) to characterize delay (setting to inf)
Warning 741: Unable to route between blocks at (4,42) and (63,34) to characterize delay (setting to inf)
Warning 742: Unable to route between blocks at (4,42) and (63,35) to characterize delay (setting to inf)
Warning 743: Unable to route between blocks at (4,42) and (63,36) to characterize delay (setting to inf)
Warning 744: Unable to route between blocks at (4,42) and (63,37) to characterize delay (setting to inf)
Warning 745: Unable to route between blocks at (4,42) and (63,38) to characterize delay (setting to inf)
Warning 746: Unable to route between blocks at (4,42) and (63,39) to characterize delay (setting to inf)
Warning 747: Unable to route between blocks at (4,42) and (63,40) to characterize delay (setting to inf)
Warning 748: Unable to route between blocks at (4,42) and (63,41) to characterize delay (setting to inf)
Warning 749: Unable to route between blocks at (4,42) and (63,42) to characterize delay (setting to inf)
## Computing delta delays took 51.08 seconds (max_rss 477.1 MiB, delta_rss +0.0 MiB)
# Computing placement delta delay look-up took 51.10 seconds (max_rss 477.1 MiB, delta_rss +0.0 MiB)

Bounding box mode is Cube

Using simple RL 'Softmax agent' for choosing move and block types
# Placement
## Initial Placement
Reading primitive_example_design_1_pin_loc.place.

## Initial Placement took 0.06 seconds (max_rss 477.1 MiB, delta_rss +0.0 MiB)
# Placement took 0.06 seconds (max_rss 477.1 MiB, delta_rss +0.0 MiB)
The entire flow of VPR took 102.92 seconds (max_rss 477.1 MiB)
ERROR: PLC: Design primitive_example_design_1 placement failed
