/*******************************************************************************
Copyright (c) 2022-2024 Rapid Silicon
This source code contains proprietary information belonging to Rapid Silicon
(the "licensor") released under license and non-disclosure agreement to the
recipient (the "licensee").

The information shared and protected by the license and non-disclosure agreement
includes but is not limited to the following:
* operational algorithms of the product
* logos, graphics, source code, and visual presentation of the product
* confidential operational information of the licensor

The recipient of this source code is NOT permitted to publicly disclose,
re-use, archive beyond the period of the license agreement, transfer to a
sub-licensee, or re-implement any portion of the content covered by the license
and non-disclosure agreement without the prior written consent of the licensor.
*********************************************************************************/

Version  : 2024.07
Build    : 1.1.29
Hash     : e38b440
Date     : Jul 15 2024
Type     : Engineering
Log Time   : Mon Jul 15 07:38:01 2024 GMT
/*******************************************************************************
Copyright (c) 2022-2024 Rapid Silicon
This source code contains proprietary information belonging to Rapid Silicon
(the "licensor") released under license and non-disclosure agreement to the
recipient (the "licensee").

The information shared and protected by the license and non-disclosure agreement
includes but is not limited to the following:
* operational algorithms of the product
* logos, graphics, source code, and visual presentation of the product
* confidential operational information of the licensor

The recipient of this source code is NOT permitted to publicly disclose,
re-use, archive beyond the period of the license agreement, transfer to a
sub-licensee, or re-implement any portion of the content covered by the license
and non-disclosure agreement without the prior written consent of the licensor.
*********************************************************************************/

Version  : 2024.07
Build    : 1.1.29
Hash     : e38b440
Date     : Jul 15 2024
Type     : Engineering
Log Time   : Mon Jul 15 07:38:00 2024 GMT

 /----------------------------------------------------------------------------\
 |                                                                            |
 |  yosys -- Yosys Open SYnthesis Suite                                       |
 |                                                                            |
 |  Copyright (C) 2012 - 2020  Claire Xenia Wolf <claire@yosyshq.com>         |
 |                                                                            |
 |  Permission to use, copy, modify, and/or distribute this software for any  |
 |  purpose with or without fee is hereby granted, provided that the above    |
 |  copyright notice and this permission notice appear in all copies.         |
 |                                                                            |
 |  THE SOFTWARE IS PROVIDED "AS IS" AND THE AUTHOR DISCLAIMS ALL WARRANTIES  |
 |  WITH REGARD TO THIS SOFTWARE INCLUDING ALL IMPLIED WARRANTIES OF          |
 |  MERCHANTABILITY AND FITNESS. IN NO EVENT SHALL THE AUTHOR BE LIABLE FOR   |
 |  ANY SPECIAL, DIRECT, INDIRECT, OR CONSEQUENTIAL DAMAGES OR ANY DAMAGES    |
 |  WHATSOEVER RESULTING FROM LOSS OF USE, DATA OR PROFITS, WHETHER IN AN     |
 |  ACTION OF CONTRACT, NEGLIGENCE OR OTHER TORTIOUS ACTION, ARISING OUT OF   |
 |  OR IN CONNECTION WITH THE USE OR PERFORMANCE OF THIS SOFTWARE.            |
 |                                                                            |
 \----------------------------------------------------------------------------/

 Yosys 0.38 (git sha1 d2189b06a, gcc 11.2.1 -fPIC -Os)


-- Executing script file `/nfs_scratch/scratch/CompilerValidation/abdul_hameed/14thjuly/Validation/RTL_testcases/RTL_Benchmarks_Gap_Analysis/aes128_trojan/results_dir/aes128_trojan/run_1/synth_1_1/analysis/aes128_trojan_analyzer.cmd' --

1. Executing Verilog-2005 frontend: /nfs_eda_sw/softwares/Raptor/instl_dir/07_15_2024_09_15_02/share/raptor/sim_models/rapidsilicon/genesis3/FPGA_PRIMITIVES_MODELS/blackbox_models/cell_sim_blackbox.v
Parsing SystemVerilog input from `/nfs_eda_sw/softwares/Raptor/instl_dir/07_15_2024_09_15_02/share/raptor/sim_models/rapidsilicon/genesis3/FPGA_PRIMITIVES_MODELS/blackbox_models/cell_sim_blackbox.v' to AST representation.
Generating RTLIL representation for module `\BOOT_CLOCK'.
Generating RTLIL representation for module `\CARRY'.
Generating RTLIL representation for module `\CLK_BUF'.
Generating RTLIL representation for module `\DFFNRE'.
Generating RTLIL representation for module `\DFFRE'.
Generating RTLIL representation for module `\DSP19X2'.
Generating RTLIL representation for module `\DSP38'.
Generating RTLIL representation for module `\FCLK_BUF'.
Generating RTLIL representation for module `\FIFO18KX2'.
Generating RTLIL representation for module `\FIFO36K'.
Generating RTLIL representation for module `\I_BUF_DS'.
Generating RTLIL representation for module `\I_BUF'.
Generating RTLIL representation for module `\I_DDR'.
Generating RTLIL representation for module `\I_DELAY'.
Generating RTLIL representation for module `\I_SERDES'.
Generating RTLIL representation for module `\LUT1'.
Generating RTLIL representation for module `\LUT2'.
Generating RTLIL representation for module `\LUT3'.
Generating RTLIL representation for module `\LUT4'.
Generating RTLIL representation for module `\LUT5'.
Generating RTLIL representation for module `\LUT6'.
Generating RTLIL representation for module `\O_BUF_DS'.
Generating RTLIL representation for module `\O_BUFT_DS'.
Generating RTLIL representation for module `\O_BUFT'.
Generating RTLIL representation for module `\O_BUF'.
Generating RTLIL representation for module `\O_DDR'.
Generating RTLIL representation for module `\O_DELAY'.
Generating RTLIL representation for module `\O_SERDES_CLK'.
Generating RTLIL representation for module `\O_SERDES'.
Generating RTLIL representation for module `\PLL'.
Generating RTLIL representation for module `\SOC_FPGA_INTF_AHB_M'.
Generating RTLIL representation for module `\SOC_FPGA_INTF_AHB_S'.
Generating RTLIL representation for module `\SOC_FPGA_INTF_AXI_M0'.
Generating RTLIL representation for module `\SOC_FPGA_INTF_AXI_M1'.
Generating RTLIL representation for module `\SOC_FPGA_INTF_DMA'.
Generating RTLIL representation for module `\SOC_FPGA_INTF_IRQ'.
Generating RTLIL representation for module `\SOC_FPGA_INTF_JTAG'.
Generating RTLIL representation for module `\SOC_FPGA_TEMPERATURE'.
Generating RTLIL representation for module `\TDP_RAM18KX2'.
Generating RTLIL representation for module `\TDP_RAM36K'.
Generating RTLIL representation for module `\LATCH'.
Generating RTLIL representation for module `\LATCHN'.
Generating RTLIL representation for module `\LATCHR'.
Generating RTLIL representation for module `\LATCHS'.
Generating RTLIL representation for module `\LATCHNR'.
Generating RTLIL representation for module `\LATCHNS'.
Generating RTLIL representation for module `\BRAM2x18_TDP'.
Generating RTLIL representation for module `\BRAM2x18_SDP'.
Generating RTLIL representation for module `\_$_mem_v2_asymmetric'.
Successfully finished Verilog frontend.

2. Executing Verilog-2005 frontend: /nfs_scratch/scratch/CompilerValidation/abdul_hameed/14thjuly/Validation/RTL_testcases/RTL_Benchmarks_Gap_Analysis/aes128_trojan/results_dir/.././rtl/aes_128_DE0.v
Parsing Verilog input from `/nfs_scratch/scratch/CompilerValidation/abdul_hameed/14thjuly/Validation/RTL_testcases/RTL_Benchmarks_Gap_Analysis/aes128_trojan/results_dir/.././rtl/aes_128_DE0.v' to AST representation.
Generating RTLIL representation for module `\aes_128_DE0'.
/nfs_scratch/scratch/CompilerValidation/abdul_hameed/14thjuly/Validation/RTL_testcases/RTL_Benchmarks_Gap_Analysis/aes128_trojan/results_dir/.././rtl/aes_128_DE0.v:48: Warning: Identifier `\Tj_Trig' is implicitly declared.
Generating RTLIL representation for module `\expand_key_128'.
Successfully finished Verilog frontend.

3. Executing Verilog-2005 frontend: /nfs_scratch/scratch/CompilerValidation/abdul_hameed/14thjuly/Validation/RTL_testcases/RTL_Benchmarks_Gap_Analysis/aes128_trojan/results_dir/.././rtl/counter.v
Parsing Verilog input from `/nfs_scratch/scratch/CompilerValidation/abdul_hameed/14thjuly/Validation/RTL_testcases/RTL_Benchmarks_Gap_Analysis/aes128_trojan/results_dir/.././rtl/counter.v' to AST representation.
Warning: Literal has a width of 24 bit, but value requires 26 bit. (/nfs_scratch/scratch/CompilerValidation/abdul_hameed/14thjuly/Validation/RTL_testcases/RTL_Benchmarks_Gap_Analysis/aes128_trojan/results_dir/.././rtl/counter.v:15)
Generating RTLIL representation for module `\counter'.
Successfully finished Verilog frontend.

4. Executing Verilog-2005 frontend: /nfs_scratch/scratch/CompilerValidation/abdul_hameed/14thjuly/Validation/RTL_testcases/RTL_Benchmarks_Gap_Analysis/aes128_trojan/results_dir/.././rtl/round.v
Parsing Verilog input from `/nfs_scratch/scratch/CompilerValidation/abdul_hameed/14thjuly/Validation/RTL_testcases/RTL_Benchmarks_Gap_Analysis/aes128_trojan/results_dir/.././rtl/round.v' to AST representation.
Generating RTLIL representation for module `\one_round'.
Generating RTLIL representation for module `\final_round'.
Successfully finished Verilog frontend.

5. Executing Verilog-2005 frontend: /nfs_scratch/scratch/CompilerValidation/abdul_hameed/14thjuly/Validation/RTL_testcases/RTL_Benchmarks_Gap_Analysis/aes128_trojan/results_dir/.././rtl/table.v
Parsing Verilog input from `/nfs_scratch/scratch/CompilerValidation/abdul_hameed/14thjuly/Validation/RTL_testcases/RTL_Benchmarks_Gap_Analysis/aes128_trojan/results_dir/.././rtl/table.v' to AST representation.
Generating RTLIL representation for module `\table_lookup'.
Generating RTLIL representation for module `\S4'.
Generating RTLIL representation for module `\T'.
Generating RTLIL representation for module `\S'.
Generating RTLIL representation for module `\xS'.
Successfully finished Verilog frontend.

6. Executing Verilog-2005 frontend: /nfs_scratch/scratch/CompilerValidation/abdul_hameed/14thjuly/Validation/RTL_testcases/RTL_Benchmarks_Gap_Analysis/aes128_trojan/results_dir/.././rtl/trojan.v
Parsing Verilog input from `/nfs_scratch/scratch/CompilerValidation/abdul_hameed/14thjuly/Validation/RTL_testcases/RTL_Benchmarks_Gap_Analysis/aes128_trojan/results_dir/.././rtl/trojan.v' to AST representation.
Generating RTLIL representation for module `\trojan_trigger'.
Note: Assuming pure combinatorial block at /nfs_scratch/scratch/CompilerValidation/abdul_hameed/14thjuly/Validation/RTL_testcases/RTL_Benchmarks_Gap_Analysis/aes128_trojan/results_dir/.././rtl/trojan.v:34.3-37.6 in
compliance with IEC 62142(E):2005 / IEEE Std. 1364.1(E):2002. Recommending
use of @* instead of @(...) for better match of synthesis and simulation.
Note: Assuming pure combinatorial block at /nfs_scratch/scratch/CompilerValidation/abdul_hameed/14thjuly/Validation/RTL_testcases/RTL_Benchmarks_Gap_Analysis/aes128_trojan/results_dir/.././rtl/trojan.v:50.3-56.6 in
compliance with IEC 62142(E):2005 / IEEE Std. 1364.1(E):2002. Recommending
use of @* instead of @(...) for better match of synthesis and simulation.
Generating RTLIL representation for module `\trojan'.
Note: Assuming pure combinatorial block at /nfs_scratch/scratch/CompilerValidation/abdul_hameed/14thjuly/Validation/RTL_testcases/RTL_Benchmarks_Gap_Analysis/aes128_trojan/results_dir/.././rtl/trojan.v:72.3-78.6 in
compliance with IEC 62142(E):2005 / IEEE Std. 1364.1(E):2002. Recommending
use of @* instead of @(...) for better match of synthesis and simulation.
Note: Assuming pure combinatorial block at /nfs_scratch/scratch/CompilerValidation/abdul_hameed/14thjuly/Validation/RTL_testcases/RTL_Benchmarks_Gap_Analysis/aes128_trojan/results_dir/.././rtl/trojan.v:91.3-94.6 in
compliance with IEC 62142(E):2005 / IEEE Std. 1364.1(E):2002. Recommending
use of @* instead of @(...) for better match of synthesis and simulation.
Successfully finished Verilog frontend.

-- Running command `hierarchy -top aes_128_DE0' --

7. Executing HIERARCHY pass (managing design hierarchy).

7.1. Analyzing design hierarchy..
Top module:  \aes_128_DE0
Used module:     \final_round
Used module:         \S4
Used module:             \S
Used module:     \one_round
Used module:         \table_lookup
Used module:             \T
Used module:                 \xS
Used module:     \expand_key_128
Used module:     \trojan
Used module:     \trojan_trigger

7.2. Analyzing design hierarchy..
Top module:  \aes_128_DE0
Used module:     \final_round
Used module:         \S4
Used module:             \S
Used module:     \one_round
Used module:         \table_lookup
Used module:             \T
Used module:                 \xS
Used module:     \expand_key_128
Used module:     \trojan
Used module:     \trojan_trigger
Removing unused module `\counter'.
Removed 1 unused modules.
Mapping positional arguments of cell T.s4 (xS).
Mapping positional arguments of cell T.s0 (S).
Mapping positional arguments of cell S4.S_3 (S).
Mapping positional arguments of cell S4.S_2 (S).
Mapping positional arguments of cell S4.S_1 (S).
Mapping positional arguments of cell S4.S_0 (S).
Mapping positional arguments of cell table_lookup.t3 (T).
Mapping positional arguments of cell table_lookup.t2 (T).
Mapping positional arguments of cell table_lookup.t1 (T).
Mapping positional arguments of cell table_lookup.t0 (T).
Mapping positional arguments of cell final_round.S4_4 (S4).
Mapping positional arguments of cell final_round.S4_3 (S4).
Mapping positional arguments of cell final_round.S4_2 (S4).
Mapping positional arguments of cell final_round.S4_1 (S4).
Mapping positional arguments of cell one_round.t3 (table_lookup).
Mapping positional arguments of cell one_round.t2 (table_lookup).
Mapping positional arguments of cell one_round.t1 (table_lookup).
Mapping positional arguments of cell one_round.t0 (table_lookup).
Mapping positional arguments of cell expand_key_128.S4_0 (S4).
Mapping positional arguments of cell aes_128_DE0.rf (final_round).
Mapping positional arguments of cell aes_128_DE0.r9 (one_round).
Mapping positional arguments of cell aes_128_DE0.r8 (one_round).
Mapping positional arguments of cell aes_128_DE0.r7 (one_round).
Mapping positional arguments of cell aes_128_DE0.r6 (one_round).
Mapping positional arguments of cell aes_128_DE0.r5 (one_round).
Mapping positional arguments of cell aes_128_DE0.r4 (one_round).
Mapping positional arguments of cell aes_128_DE0.r3 (one_round).
Mapping positional arguments of cell aes_128_DE0.r2 (one_round).
Mapping positional arguments of cell aes_128_DE0.r1 (one_round).
Mapping positional arguments of cell aes_128_DE0.a10 (expand_key_128).
Mapping positional arguments of cell aes_128_DE0.a9 (expand_key_128).
Mapping positional arguments of cell aes_128_DE0.a8 (expand_key_128).
Mapping positional arguments of cell aes_128_DE0.a7 (expand_key_128).
Mapping positional arguments of cell aes_128_DE0.a6 (expand_key_128).
Mapping positional arguments of cell aes_128_DE0.a5 (expand_key_128).
Mapping positional arguments of cell aes_128_DE0.a4 (expand_key_128).
Mapping positional arguments of cell aes_128_DE0.a3 (expand_key_128).
Mapping positional arguments of cell aes_128_DE0.a2 (expand_key_128).
Mapping positional arguments of cell aes_128_DE0.a1 (expand_key_128).
Mapping positional arguments of cell aes_128_DE0.trojan1 (trojan).
Mapping positional arguments of cell aes_128_DE0.trojan_trig (trojan_trigger).

Dumping file hier_info.json ...
 Process module "S"
 Process module "S4"
 Process module "T"
 Process module "expand_key_128"
 Process module "final_round"
 Process module "one_round"
 Process module "table_lookup"
 Process module "trojan"
 Process module "trojan_trigger"
 Process module "xS"
Dumping file port_info.json ...

Warnings: 2 unique messages, 2 total
End of script. Logfile hash: 76a898204b, CPU: user 0.09s system 0.02s, MEM: 15.90 MB peak
Yosys 0.38 (git sha1 d2189b06a, gcc 11.2.1 -fPIC -Os)
Time spent: 95% 12x read_verilog (0 sec), 3% 1x analyze (0 sec), ...
