Checking Buffer connections
================================================================
The following outputs are not connected to O_BUFs
Output : \d [0]
Output : \d [1]
Output : \d [2]
Output : \d [3]
Output : \d [4]
Output : \d [5]
Output : \d [6]
Output : \d [7]
Output : \d [8]
Output : \d [9]
Output : \d [10]
Output : \d [11]
Output : \d [12]
Output : \d [13]
Output : \d [14]
Output : \d [15]
================================================================

Checking Buffer control signals
================================================================
================================================================

Checking I_DELAY/O_DELAY control signals
================================================================
================================================================

Checking FCLK_BUF connections
================================================================
================================================================
