
[INF:CP0335] /nfs_scratch/scratch/CompilerValidation/abdul_hameed/Compiler_Validation/RTL_testcases/RTL_Benchmarks_Gap_Analysis/adc_ctrl/rtl/adc_ctrl_fsm.sv:173:47: Compile generate block "work@adc_ctrl.u_adc_ctrl_core.u_adc_ctrl_fsm.gen_fst_lp_match[4]".

[INF:CP0335] /nfs_scratch/scratch/CompilerValidation/abdul_hameed/Compiler_Validation/RTL_testcases/RTL_Benchmarks_Gap_Analysis/adc_ctrl/rtl/adc_ctrl_fsm.sv:173:47: Compile generate block "work@adc_ctrl.u_adc_ctrl_core.u_adc_ctrl_fsm.gen_fst_lp_match[5]".

[INF:CP0335] /nfs_scratch/scratch/CompilerValidation/abdul_hameed/Compiler_Validation/RTL_testcases/RTL_Benchmarks_Gap_Analysis/adc_ctrl/rtl/adc_ctrl_fsm.sv:173:47: Compile generate block "work@adc_ctrl.u_adc_ctrl_core.u_adc_ctrl_fsm.gen_fst_lp_match[6]".

[INF:CP0335] /nfs_scratch/scratch/CompilerValidation/abdul_hameed/Compiler_Validation/RTL_testcases/RTL_Benchmarks_Gap_Analysis/adc_ctrl/rtl/adc_ctrl_fsm.sv:173:47: Compile generate block "work@adc_ctrl.u_adc_ctrl_core.u_adc_ctrl_fsm.gen_fst_lp_match[7]".

[INF:CP0335] /nfs_scratch/scratch/CompilerValidation/abdul_hameed/Compiler_Validation/RTL_testcases/RTL_Benchmarks_Gap_Analysis/adc_ctrl/rtl/prim_flop_2sync.sv:28:10: Compile generate block "work@adc_ctrl.u_adc_ctrl_core.u_oneshot_done_sync.prim_flop_2sync.gen_generic".

[INF:CP0335] /nfs_scratch/scratch/CompilerValidation/abdul_hameed/Compiler_Validation/RTL_testcases/RTL_Benchmarks_Gap_Analysis/adc_ctrl/rtl/adc_ctrl_intr.sv:28:45: Compile generate block "work@adc_ctrl.u_adc_ctrl_core.u_adc_ctrl_intr.gen_filter_status_sync[0]".

[INF:CP0335] /nfs_scratch/scratch/CompilerValidation/abdul_hameed/Compiler_Validation/RTL_testcases/RTL_Benchmarks_Gap_Analysis/adc_ctrl/rtl/prim_flop_2sync.sv:28:10: Compile generate block "work@adc_ctrl.u_adc_ctrl_core.u_adc_ctrl_intr.gen_filter_status_sync[0].u_sync.gen_generic".

[INF:CP0335] /nfs_scratch/scratch/CompilerValidation/abdul_hameed/Compiler_Validation/RTL_testcases/RTL_Benchmarks_Gap_Analysis/adc_ctrl/rtl/adc_ctrl_intr.sv:28:45: Compile generate block "work@adc_ctrl.u_adc_ctrl_core.u_adc_ctrl_intr.gen_filter_status_sync[1]".

[INF:CP0335] /nfs_scratch/scratch/CompilerValidation/abdul_hameed/Compiler_Validation/RTL_testcases/RTL_Benchmarks_Gap_Analysis/adc_ctrl/rtl/prim_flop_2sync.sv:28:10: Compile generate block "work@adc_ctrl.u_adc_ctrl_core.u_adc_ctrl_intr.gen_filter_status_sync[1].u_sync.gen_generic".

[INF:CP0335] /nfs_scratch/scratch/CompilerValidation/abdul_hameed/Compiler_Validation/RTL_testcases/RTL_Benchmarks_Gap_Analysis/adc_ctrl/rtl/adc_ctrl_intr.sv:28:45: Compile generate block "work@adc_ctrl.u_adc_ctrl_core.u_adc_ctrl_intr.gen_filter_status_sync[2]".

[INF:CP0335] /nfs_scratch/scratch/CompilerValidation/abdul_hameed/Compiler_Validation/RTL_testcases/RTL_Benchmarks_Gap_Analysis/adc_ctrl/rtl/prim_flop_2sync.sv:28:10: Compile generate block "work@adc_ctrl.u_adc_ctrl_core.u_adc_ctrl_intr.gen_filter_status_sync[2].u_sync.gen_generic".

[INF:CP0335] /nfs_scratch/scratch/CompilerValidation/abdul_hameed/Compiler_Validation/RTL_testcases/RTL_Benchmarks_Gap_Analysis/adc_ctrl/rtl/adc_ctrl_intr.sv:28:45: Compile generate block "work@adc_ctrl.u_adc_ctrl_core.u_adc_ctrl_intr.gen_filter_status_sync[3]".

[INF:CP0335] /nfs_scratch/scratch/CompilerValidation/abdul_hameed/Compiler_Validation/RTL_testcases/RTL_Benchmarks_Gap_Analysis/adc_ctrl/rtl/prim_flop_2sync.sv:28:10: Compile generate block "work@adc_ctrl.u_adc_ctrl_core.u_adc_ctrl_intr.gen_filter_status_sync[3].u_sync.gen_generic".

[INF:CP0335] /nfs_scratch/scratch/CompilerValidation/abdul_hameed/Compiler_Validation/RTL_testcases/RTL_Benchmarks_Gap_Analysis/adc_ctrl/rtl/adc_ctrl_intr.sv:28:45: Compile generate block "work@adc_ctrl.u_adc_ctrl_core.u_adc_ctrl_intr.gen_filter_status_sync[4]".

[INF:CP0335] /nfs_scratch/scratch/CompilerValidation/abdul_hameed/Compiler_Validation/RTL_testcases/RTL_Benchmarks_Gap_Analysis/adc_ctrl/rtl/prim_flop_2sync.sv:28:10: Compile generate block "work@adc_ctrl.u_adc_ctrl_core.u_adc_ctrl_intr.gen_filter_status_sync[4].u_sync.gen_generic".

[INF:CP0335] /nfs_scratch/scratch/CompilerValidation/abdul_hameed/Compiler_Validation/RTL_testcases/RTL_Benchmarks_Gap_Analysis/adc_ctrl/rtl/adc_ctrl_intr.sv:28:45: Compile generate block "work@adc_ctrl.u_adc_ctrl_core.u_adc_ctrl_intr.gen_filter_status_sync[5]".

[INF:CP0335] /nfs_scratch/scratch/CompilerValidation/abdul_hameed/Compiler_Validation/RTL_testcases/RTL_Benchmarks_Gap_Analysis/adc_ctrl/rtl/prim_flop_2sync.sv:28:10: Compile generate block "work@adc_ctrl.u_adc_ctrl_core.u_adc_ctrl_intr.gen_filter_status_sync[5].u_sync.gen_generic".

[INF:CP0335] /nfs_scratch/scratch/CompilerValidation/abdul_hameed/Compiler_Validation/RTL_testcases/RTL_Benchmarks_Gap_Analysis/adc_ctrl/rtl/adc_ctrl_intr.sv:28:45: Compile generate block "work@adc_ctrl.u_adc_ctrl_core.u_adc_ctrl_intr.gen_filter_status_sync[6]".

[INF:CP0335] /nfs_scratch/scratch/CompilerValidation/abdul_hameed/Compiler_Validation/RTL_testcases/RTL_Benchmarks_Gap_Analysis/adc_ctrl/rtl/prim_flop_2sync.sv:28:10: Compile generate block "work@adc_ctrl.u_adc_ctrl_core.u_adc_ctrl_intr.gen_filter_status_sync[6].u_sync.gen_generic".

[INF:CP0335] /nfs_scratch/scratch/CompilerValidation/abdul_hameed/Compiler_Validation/RTL_testcases/RTL_Benchmarks_Gap_Analysis/adc_ctrl/rtl/adc_ctrl_intr.sv:28:45: Compile generate block "work@adc_ctrl.u_adc_ctrl_core.u_adc_ctrl_intr.gen_filter_status_sync[7]".

[INF:CP0335] /nfs_scratch/scratch/CompilerValidation/abdul_hameed/Compiler_Validation/RTL_testcases/RTL_Benchmarks_Gap_Analysis/adc_ctrl/rtl/prim_flop_2sync.sv:28:10: Compile generate block "work@adc_ctrl.u_adc_ctrl_core.u_adc_ctrl_intr.gen_filter_status_sync[7].u_sync.gen_generic".

[INF:CP0335] /nfs_scratch/scratch/CompilerValidation/abdul_hameed/Compiler_Validation/RTL_testcases/RTL_Benchmarks_Gap_Analysis/adc_ctrl/rtl/prim_intr_hw.sv:39:24: Compile generate block "work@adc_ctrl.u_adc_ctrl_core.u_adc_ctrl_intr.i_adc_ctrl_intr_o.gen_flop_intr_output".

[NTE:EL0503] /nfs_scratch/scratch/CompilerValidation/abdul_hameed/Compiler_Validation/RTL_testcases/RTL_Benchmarks_Gap_Analysis/adc_ctrl/rtl/adc_ctrl.sv:8:1: Top level module "work@adc_ctrl".

[NTE:EL0508] Nb Top level modules: 1.

[NTE:EL0509] Max instance depth: 9.

[NTE:EL0510] Nb instances: 431.

[NTE:EL0511] Nb leaf instances: 4.

[INF:UH0706] Creating UHDM Model...

[INF:UH0707] Elaborating UHDM...

[  FATAL] : 0
[ SYNTAX] : 0
[  ERROR] : 0
[WARNING] : 37
[   NOTE] : 8
Warning: /nfs_scratch/scratch/CompilerValidation/abdul_hameed/Compiler_Validation/RTL_testcases/RTL_Benchmarks_Gap_Analysis/adc_ctrl/rtl/prim_mubi_pkg.sv:80: Post-incrementation operations are handled as pre-incrementation.
Warning: /nfs_scratch/scratch/CompilerValidation/abdul_hameed/Compiler_Validation/RTL_testcases/RTL_Benchmarks_Gap_Analysis/adc_ctrl/rtl/prim_mubi_pkg.sv:106: Post-incrementation operations are handled as pre-incrementation.
Warning: /nfs_scratch/scratch/CompilerValidation/abdul_hameed/Compiler_Validation/RTL_testcases/RTL_Benchmarks_Gap_Analysis/adc_ctrl/rtl/prim_mubi_pkg.sv:209: Post-incrementation operations are handled as pre-incrementation.
Warning: /nfs_scratch/scratch/CompilerValidation/abdul_hameed/Compiler_Validation/RTL_testcases/RTL_Benchmarks_Gap_Analysis/adc_ctrl/rtl/prim_mubi_pkg.sv:235: Post-incrementation operations are handled as pre-incrementation.
Warning: /nfs_scratch/scratch/CompilerValidation/abdul_hameed/Compiler_Validation/RTL_testcases/RTL_Benchmarks_Gap_Analysis/adc_ctrl/rtl/prim_mubi_pkg.sv:338: Post-incrementation operations are handled as pre-incrementation.
Warning: /nfs_scratch/scratch/CompilerValidation/abdul_hameed/Compiler_Validation/RTL_testcases/RTL_Benchmarks_Gap_Analysis/adc_ctrl/rtl/prim_mubi_pkg.sv:364: Post-incrementation operations are handled as pre-incrementation.
Warning: /nfs_scratch/scratch/CompilerValidation/abdul_hameed/Compiler_Validation/RTL_testcases/RTL_Benchmarks_Gap_Analysis/adc_ctrl/rtl/prim_mubi_pkg.sv:467: Post-incrementation operations are handled as pre-incrementation.
Warning: /nfs_scratch/scratch/CompilerValidation/abdul_hameed/Compiler_Validation/RTL_testcases/RTL_Benchmarks_Gap_Analysis/adc_ctrl/rtl/prim_mubi_pkg.sv:493: Post-incrementation operations are handled as pre-incrementation.
Warning: Removing unelaborated module: \prim_generic_flop_2sync from the design.
Warning: Removing unelaborated module: \prim_flop_2sync from the design.
Warning: Removing unelaborated module: \adc_ctrl_reg_top from the design.
Warning: Removing unelaborated module: \prim_intr_hw from the design.
Warning: Removing unelaborated module: \adc_ctrl_intr from the design.
Warning: Removing unelaborated module: \adc_ctrl_fsm from the design.
Warning: Removing unelaborated module: \prim_reg_cdc from the design.
Warning: Removing unelaborated module: \prim_diff_decode from the design.
Warning: Removing unelaborated module: \tlul_data_integ_dec from the design.
Warning: Removing unelaborated module: \prim_buf from the design.
Warning: Removing unelaborated module: \prim_generic_flop from the design.
Warning: Removing unelaborated module: \tlul_adapter_reg from the design.
Warning: Removing unelaborated module: \prim_alert_sender from the design.
Warning: Removing unelaborated module: \adc_ctrl_core from the design.
Warning: Removing unelaborated module: \prim_subreg from the design.
Warning: Removing unelaborated module: \prim_subreg_ext from the design.
Warning: Removing unelaborated module: \tlul_data_integ_enc from the design.
Warning: Removing unelaborated module: \tlul_cmd_intg_chk from the design.
Warning: Removing unelaborated module: \tlul_err from the design.
Warning: Removing unelaborated module: \tlul_rsp_intg_gen from the design.
Generating RTLIL representation for module `$paramod$a15eb3e9e7e337a1d68c13676510cc99e563cdd3\prim_buf'.
ERROR: Assert `node->type == AST_STRUCT_ITEM' failed in frontends/ast/simplify.cc:316.
ERROR: ANL: Design adc_ctrl analysis failed
ERROR: ANL: Design adc_ctrl analysis failed
Design adc_ctrl analysis failedDesign adc_ctrl analysis failed
    while executing
"analyze"
    (file "../raptor_tcl.tcl" line 45)
