/*******************************************************************************
Copyright (c) 2022-2024 Rapid Silicon
This source code contains proprietary information belonging to Rapid Silicon
(the "licensor") released under license and non-disclosure agreement to the
recipient (the "licensee").

The information shared and protected by the license and non-disclosure agreement
includes but is not limited to the following:
* operational algorithms of the product
* logos, graphics, source code, and visual presentation of the product
* confidential operational information of the licensor

The recipient of this source code is NOT permitted to publicly disclose,
re-use, archive beyond the period of the license agreement, transfer to a
sub-licensee, or re-implement any portion of the content covered by the license
and non-disclosure agreement without the prior written consent of the licensor.
*********************************************************************************/

Version  : 2024.06
Build    : 1.1.7
Hash     : c51467a
Date     : Jun 14 2024
Type     : Engineering
Log Time   : Fri Jun 14 12:25:43 2024 GMT

 /----------------------------------------------------------------------------\
 |                                                                            |
 |  yosys -- Yosys Open SYnthesis Suite                                       |
 |                                                                            |
 |  Copyright (C) 2012 - 2020  Claire Xenia Wolf <claire@yosyshq.com>         |
 |                                                                            |
 |  Permission to use, copy, modify, and/or distribute this software for any  |
 |  purpose with or without fee is hereby granted, provided that the above    |
 |  copyright notice and this permission notice appear in all copies.         |
 |                                                                            |
 |  THE SOFTWARE IS PROVIDED "AS IS" AND THE AUTHOR DISCLAIMS ALL WARRANTIES  |
 |  WITH REGARD TO THIS SOFTWARE INCLUDING ALL IMPLIED WARRANTIES OF          |
 |  MERCHANTABILITY AND FITNESS. IN NO EVENT SHALL THE AUTHOR BE LIABLE FOR   |
 |  ANY SPECIAL, DIRECT, INDIRECT, OR CONSEQUENTIAL DAMAGES OR ANY DAMAGES    |
 |  WHATSOEVER RESULTING FROM LOSS OF USE, DATA OR PROFITS, WHETHER IN AN     |
 |  ACTION OF CONTRACT, NEGLIGENCE OR OTHER TORTIOUS ACTION, ARISING OUT OF   |
 |  OR IN CONNECTION WITH THE USE OR PERFORMANCE OF THIS SOFTWARE.            |
 |                                                                            |
 \----------------------------------------------------------------------------/

 Yosys 0.38 (git sha1 945241a2f, gcc 11.2.1 -fPIC -Os)


-- Executing script file `pw_extract.ys' --

1. Executing Verilog-2005 frontend: /nfs_scratch/scratch/CompilerValidation/abdul_hameed/1111/Validation/RTL_testcases/RTL_Benchmarks_Gap_Analysis/wbif_68k/wbif_68k/run_1/synth_1_1/synthesis/wbif_68k_post_synth.v
Parsing Verilog input from `/nfs_scratch/scratch/CompilerValidation/abdul_hameed/1111/Validation/RTL_testcases/RTL_Benchmarks_Gap_Analysis/wbif_68k/wbif_68k/run_1/synth_1_1/synthesis/wbif_68k_post_synth.v' to AST representation.
Generating RTLIL representation for module `\dragonball_wbmaster_top_post_synth'.
Successfully finished Verilog frontend.

2. Executing power extraction pass: v0.4.196

2.1. Executing Verilog-2005 frontend: /nfs_eda_sw/softwares/Raptor/instl_dir/06_14_2024_09_15_01/bin/../share/yosys/rapidsilicon/common/cells_sim.v
Parsing Verilog input from `/nfs_eda_sw/softwares/Raptor/instl_dir/06_14_2024_09_15_01/bin/../share/yosys/rapidsilicon/common/cells_sim.v' to AST representation.
Generating RTLIL representation for module `\inv'.
Generating RTLIL representation for module `\buff'.
Generating RTLIL representation for module `\logic_0'.
Generating RTLIL representation for module `\logic_1'.
Generating RTLIL representation for module `\gclkbuff'.
Successfully finished Verilog frontend.

2.2. Executing Verilog-2005 frontend: /nfs_eda_sw/softwares/Raptor/instl_dir/06_14_2024_09_15_01/bin/../share/yosys/rapidsilicon/genesis3/FPGA_PRIMITIVES_MODELS/sim_models/verilog/CARRY.v
Parsing Verilog input from `/nfs_eda_sw/softwares/Raptor/instl_dir/06_14_2024_09_15_01/bin/../share/yosys/rapidsilicon/genesis3/FPGA_PRIMITIVES_MODELS/sim_models/verilog/CARRY.v' to AST representation.
Generating RTLIL representation for module `\CARRY'.
Successfully finished Verilog frontend.

2.3. Executing Verilog-2005 frontend: /nfs_eda_sw/softwares/Raptor/instl_dir/06_14_2024_09_15_01/bin/../share/yosys/rapidsilicon/genesis3/llatches_sim.v
Parsing Verilog input from `/nfs_eda_sw/softwares/Raptor/instl_dir/06_14_2024_09_15_01/bin/../share/yosys/rapidsilicon/genesis3/llatches_sim.v' to AST representation.
Generating RTLIL representation for module `\LATCH'.
Generating RTLIL representation for module `\LATCHN'.
Generating RTLIL representation for module `\LATCHR'.
Generating RTLIL representation for module `\LATCHS'.
Generating RTLIL representation for module `\LATCHNR'.
Generating RTLIL representation for module `\LATCHNS'.
Generating RTLIL representation for module `\LATCHSRE'.
Generating RTLIL representation for module `\LATCHNSRE'.
Successfully finished Verilog frontend.

2.4. Executing Verilog-2005 frontend: /nfs_eda_sw/softwares/Raptor/instl_dir/06_14_2024_09_15_01/bin/../share/yosys/rapidsilicon/genesis3/FPGA_PRIMITIVES_MODELS/sim_models/verilog/DFFRE.v
Parsing Verilog input from `/nfs_eda_sw/softwares/Raptor/instl_dir/06_14_2024_09_15_01/bin/../share/yosys/rapidsilicon/genesis3/FPGA_PRIMITIVES_MODELS/sim_models/verilog/DFFRE.v' to AST representation.
Generating RTLIL representation for module `\DFFRE'.
Successfully finished Verilog frontend.

2.5. Executing Verilog-2005 frontend: /nfs_eda_sw/softwares/Raptor/instl_dir/06_14_2024_09_15_01/bin/../share/yosys/rapidsilicon/genesis3/FPGA_PRIMITIVES_MODELS/sim_models/verilog/DFFNRE.v
Parsing Verilog input from `/nfs_eda_sw/softwares/Raptor/instl_dir/06_14_2024_09_15_01/bin/../share/yosys/rapidsilicon/genesis3/FPGA_PRIMITIVES_MODELS/sim_models/verilog/DFFNRE.v' to AST representation.
Generating RTLIL representation for module `\DFFNRE'.
Successfully finished Verilog frontend.

2.6. Executing Verilog-2005 frontend: /nfs_eda_sw/softwares/Raptor/instl_dir/06_14_2024_09_15_01/bin/../share/yosys/rapidsilicon/genesis3/FPGA_PRIMITIVES_MODELS/sim_models/verilog/LUT1.v
Parsing Verilog input from `/nfs_eda_sw/softwares/Raptor/instl_dir/06_14_2024_09_15_01/bin/../share/yosys/rapidsilicon/genesis3/FPGA_PRIMITIVES_MODELS/sim_models/verilog/LUT1.v' to AST representation.
Generating RTLIL representation for module `\LUT1'.
Successfully finished Verilog frontend.

2.7. Executing Verilog-2005 frontend: /nfs_eda_sw/softwares/Raptor/instl_dir/06_14_2024_09_15_01/bin/../share/yosys/rapidsilicon/genesis3/FPGA_PRIMITIVES_MODELS/sim_models/verilog/LUT2.v
Parsing Verilog input from `/nfs_eda_sw/softwares/Raptor/instl_dir/06_14_2024_09_15_01/bin/../share/yosys/rapidsilicon/genesis3/FPGA_PRIMITIVES_MODELS/sim_models/verilog/LUT2.v' to AST representation.
Generating RTLIL representation for module `\LUT2'.
Successfully finished Verilog frontend.

2.8. Executing Verilog-2005 frontend: /nfs_eda_sw/softwares/Raptor/instl_dir/06_14_2024_09_15_01/bin/../share/yosys/rapidsilicon/genesis3/FPGA_PRIMITIVES_MODELS/sim_models/verilog/LUT3.v
Parsing Verilog input from `/nfs_eda_sw/softwares/Raptor/instl_dir/06_14_2024_09_15_01/bin/../share/yosys/rapidsilicon/genesis3/FPGA_PRIMITIVES_MODELS/sim_models/verilog/LUT3.v' to AST representation.
Generating RTLIL representation for module `\LUT3'.
Successfully finished Verilog frontend.

2.9. Executing Verilog-2005 frontend: /nfs_eda_sw/softwares/Raptor/instl_dir/06_14_2024_09_15_01/bin/../share/yosys/rapidsilicon/genesis3/FPGA_PRIMITIVES_MODELS/sim_models/verilog/LUT4.v
Parsing Verilog input from `/nfs_eda_sw/softwares/Raptor/instl_dir/06_14_2024_09_15_01/bin/../share/yosys/rapidsilicon/genesis3/FPGA_PRIMITIVES_MODELS/sim_models/verilog/LUT4.v' to AST representation.
Generating RTLIL representation for module `\LUT4'.
Successfully finished Verilog frontend.

2.10. Executing Verilog-2005 frontend: /nfs_eda_sw/softwares/Raptor/instl_dir/06_14_2024_09_15_01/bin/../share/yosys/rapidsilicon/genesis3/FPGA_PRIMITIVES_MODELS/sim_models/verilog/LUT5.v
Parsing Verilog input from `/nfs_eda_sw/softwares/Raptor/instl_dir/06_14_2024_09_15_01/bin/../share/yosys/rapidsilicon/genesis3/FPGA_PRIMITIVES_MODELS/sim_models/verilog/LUT5.v' to AST representation.
Generating RTLIL representation for module `\LUT5'.
Successfully finished Verilog frontend.

2.11. Executing Verilog-2005 frontend: /nfs_eda_sw/softwares/Raptor/instl_dir/06_14_2024_09_15_01/bin/../share/yosys/rapidsilicon/genesis3/FPGA_PRIMITIVES_MODELS/sim_models/verilog/LUT6.v
Parsing Verilog input from `/nfs_eda_sw/softwares/Raptor/instl_dir/06_14_2024_09_15_01/bin/../share/yosys/rapidsilicon/genesis3/FPGA_PRIMITIVES_MODELS/sim_models/verilog/LUT6.v' to AST representation.
Generating RTLIL representation for module `\LUT6'.
Successfully finished Verilog frontend.

2.12. Executing Verilog-2005 frontend: /nfs_eda_sw/softwares/Raptor/instl_dir/06_14_2024_09_15_01/bin/../share/yosys/rapidsilicon/genesis3/FPGA_PRIMITIVES_MODELS/sim_models/verilog/CLK_BUF.v
Parsing Verilog input from `/nfs_eda_sw/softwares/Raptor/instl_dir/06_14_2024_09_15_01/bin/../share/yosys/rapidsilicon/genesis3/FPGA_PRIMITIVES_MODELS/sim_models/verilog/CLK_BUF.v' to AST representation.
Generating RTLIL representation for module `\CLK_BUF'.
Successfully finished Verilog frontend.

2.13. Executing Verilog-2005 frontend: /nfs_eda_sw/softwares/Raptor/instl_dir/06_14_2024_09_15_01/bin/../share/yosys/rapidsilicon/genesis3/FPGA_PRIMITIVES_MODELS/sim_models/verilog/O_BUF.v
Parsing Verilog input from `/nfs_eda_sw/softwares/Raptor/instl_dir/06_14_2024_09_15_01/bin/../share/yosys/rapidsilicon/genesis3/FPGA_PRIMITIVES_MODELS/sim_models/verilog/O_BUF.v' to AST representation.
Generating RTLIL representation for module `\O_BUF'.
Successfully finished Verilog frontend.

2.14. Executing Verilog-2005 frontend: /nfs_eda_sw/softwares/Raptor/instl_dir/06_14_2024_09_15_01/bin/../share/yosys/rapidsilicon/genesis3/FPGA_PRIMITIVES_MODELS/sim_models/verilog/DSP38.v
Parsing Verilog input from `/nfs_eda_sw/softwares/Raptor/instl_dir/06_14_2024_09_15_01/bin/../share/yosys/rapidsilicon/genesis3/FPGA_PRIMITIVES_MODELS/sim_models/verilog/DSP38.v' to AST representation.
Generating RTLIL representation for module `\DSP38'.
Successfully finished Verilog frontend.

2.15. Executing Verilog-2005 frontend: /nfs_eda_sw/softwares/Raptor/instl_dir/06_14_2024_09_15_01/bin/../share/yosys/rapidsilicon/genesis3/bram_map_rs.v
Parsing Verilog input from `/nfs_eda_sw/softwares/Raptor/instl_dir/06_14_2024_09_15_01/bin/../share/yosys/rapidsilicon/genesis3/bram_map_rs.v' to AST representation.
Generating RTLIL representation for module `\TDP_RAM36K'.
Generating RTLIL representation for module `\TDP_RAM18KX2'.
Generating RTLIL representation for module `\RS_DSP3'.
Generating RTLIL representation for module `\DSP19X2'.
Successfully finished Verilog frontend.

2.16. Executing Verilog-2005 frontend: /nfs_eda_sw/softwares/Raptor/instl_dir/06_14_2024_09_15_01/bin/../share/yosys/rapidsilicon/genesis3/brams_sim.v
Parsing Verilog input from `/nfs_eda_sw/softwares/Raptor/instl_dir/06_14_2024_09_15_01/bin/../share/yosys/rapidsilicon/genesis3/brams_sim.v' to AST representation.
Generating RTLIL representation for module `\TDP_BRAM18'.
Generating RTLIL representation for module `\BRAM2x18_TDP'.
Generating RTLIL representation for module `\BRAM2x18_SDP'.
Generating RTLIL representation for module `\_$_mem_v2_asymmetric'.
Successfully finished Verilog frontend.
Split bus into bits ...

2.17. Executing SPLITNETS pass (splitting up multi-bit signals).
      [ Splitnet runTime = 0.00 sec.]

Building Sig2cells ...  [0.00 sec.]
Building Sig2sig ...    [0.00 sec.]
Forward traversal ...   [0.00 sec.]
Backward traversal ...  [0.00 sec.]
Merging clk domains ... [0.00 sec.]

 -------------------------------------------------
  Number of cells processed    : 91
  Number of Multi Clocks cells : 0
  Extracted clocks[Nb cells]   : \$iopadmap$clk_o[53] 
  Number of cells with no clock: 38
 -------------------------------------------------
[Total clock domains extraction runTime = 0.00 sec.]
All Clocks:
	Clock Name: create_clock Period 2.500000
LUTs: 7
	Enabled : 7 : \clk : 0.125 : Typical
DFFs: 30
	Enabled 30 \clk 0.125 Typical 1.000000
BRAM's : 0
DSP's : 0
IOs: 22
	1 \ack_i Input SDR  \clk
	1 \berr Output SDR  \clk
	1 \clk Input Clock  \clk
	1 \clk_o Output Clock  \clk_o
	1 \cs_n Input SDR  \clk
	1 \cyc_o Output SDR  \clk
	1 \dtack_n Output SDR  \clk
	1 \err_i Input SDR  \clk
	1 \lwe_n Input SDR  \clk
	1 \oe_n Input SDR  \clk
	1 \reset_n Input SDR  \clk
	1 \rst_o Output SDR  \clk
	1 \stb_o Output SDR  \clk
	1 \uwe_n Input SDR  \clk
	1 \we_o Output SDR  \clk
	2 \sel_o Output SDR  \clk
	9 \a Input SDR  \clk
	9 \adr_o Output SDR  \clk
	16 \dat_i Input SDR  \clk

INFO: PWR: Created /nfs_scratch/scratch/CompilerValidation/abdul_hameed/1111/Validation/RTL_testcases/RTL_Benchmarks_Gap_Analysis/wbif_68k/wbif_68k/run_1/synth_1_1/impl_1_1_1/power_analysis/power.csv

Time taken by power data extraction tool = 0.144588s

End of script. Logfile hash: 40195322e7, CPU: user 0.08s system 0.01s, MEM: 19.28 MB peak
Yosys 0.38 (git sha1 945241a2f, gcc 11.2.1 -fPIC -Os)
Time spent: 86% 19x read_verilog (0 sec), 12% 1x pow_extract (0 sec), ...
