/*******************************************************************************
Copyright (c) 2022-2024 Rapid Silicon
This source code contains proprietary information belonging to Rapid Silicon
(the "licensor") released under license and non-disclosure agreement to the
recipient (the "licensee").

The information shared and protected by the license and non-disclosure agreement
includes but is not limited to the following:
* operational algorithms of the product
* logos, graphics, source code, and visual presentation of the product
* confidential operational information of the licensor

The recipient of this source code is NOT permitted to publicly disclose,
re-use, archive beyond the period of the license agreement, transfer to a
sub-licensee, or re-implement any portion of the content covered by the license
and non-disclosure agreement without the prior written consent of the licensor.
*********************************************************************************/

Version  : 2024.03
Build    : 1.0.19
Hash     : 4c8d112
Date     : Mar 25 2024
Type     : Engineering
Log Time   : Mon Mar 25 05:51:52 2024 GMT
#Timing report of worst 33 path(s)
# Unit scale: 1e-09 seconds
# Output precision: 3

# Logical Levels: 6
# Timing Graph Levels: 10

#Path 1
Startpoint: $iopadmap$cin.inpad[0] (.input clocked by virtual_io_clock)
Endpoint  : out:$iopadmap$cout.outpad[0] (.output clocked by virtual_io_clock)
Path Type : setup

Point                                                             Incr      Path
--------------------------------------------------------------------------------
clock virtual_io_clock (rise edge)                               0.000     0.000
clock source latency                                             0.000     0.000
input external delay                                             0.000     0.000
$iopadmap$cin.inpad[0] (.input)                                  0.000     0.000
$abc$4980$new_new_n101__.in[1] (.names)                          1.559     1.559
$abc$4980$new_new_n101__.out[0] (.names)                         0.218     1.777
$abc$4980$new_new_n107__.in[4] (.names)                          0.424     2.201
$abc$4980$new_new_n107__.out[0] (.names)                         0.152     2.352
$abc$4980$new_new_n121__.in[5] (.names)                          0.485     2.837
$abc$4980$new_new_n121__.out[0] (.names)                         0.173     3.009
$iopadmap$cout.in[4] (.names)                                    0.485     3.494
$iopadmap$cout.out[0] (.names)                                   0.136     3.629
out:$iopadmap$cout.outpad[0] (.output)                           1.370     4.999
data arrival time                                                          4.999

clock virtual_io_clock (rise edge)                               0.000     0.000
clock source latency                                             0.000     0.000
clock uncertainty                                                0.000     0.000
output external delay                                            0.000     0.000
data required time                                                         0.000
--------------------------------------------------------------------------------
data required time                                                         0.000
data arrival time                                                         -4.999
--------------------------------------------------------------------------------
slack (VIOLATED)                                                          -4.999


#Path 2
Startpoint: $iopadmap$cin.inpad[0] (.input clocked by virtual_io_clock)
Endpoint  : out:$iopadmap$sum[30].outpad[0] (.output clocked by virtual_io_clock)
Path Type : setup

Point                                                             Incr      Path
--------------------------------------------------------------------------------
clock virtual_io_clock (rise edge)                               0.000     0.000
clock source latency                                             0.000     0.000
input external delay                                             0.000     0.000
$iopadmap$cin.inpad[0] (.input)                                  0.000     0.000
$abc$4980$new_new_n101__.in[1] (.names)                          1.559     1.559
$abc$4980$new_new_n101__.out[0] (.names)                         0.218     1.777
$abc$4980$new_new_n107__.in[4] (.names)                          0.424     2.201
$abc$4980$new_new_n107__.out[0] (.names)                         0.152     2.352
$abc$4980$new_new_n121__.in[5] (.names)                          0.485     2.837
$abc$4980$new_new_n121__.out[0] (.names)                         0.173     3.009
$iopadmap$sum[30].in[4] (.names)                                 0.485     3.494
$iopadmap$sum[30].out[0] (.names)                                0.136     3.629
out:$iopadmap$sum[30].outpad[0] (.output)                        1.135     4.765
data arrival time                                                          4.765

clock virtual_io_clock (rise edge)                               0.000     0.000
clock source latency                                             0.000     0.000
clock uncertainty                                                0.000     0.000
output external delay                                            0.000     0.000
data required time                                                         0.000
--------------------------------------------------------------------------------
data required time                                                         0.000
data arrival time                                                         -4.765
--------------------------------------------------------------------------------
slack (VIOLATED)                                                          -4.765


#Path 3
Startpoint: $iopadmap$cin.inpad[0] (.input clocked by virtual_io_clock)
Endpoint  : out:$iopadmap$sum[12].outpad[0] (.output clocked by virtual_io_clock)
Path Type : setup

Point                                                             Incr      Path
--------------------------------------------------------------------------------
clock virtual_io_clock (rise edge)                               0.000     0.000
clock source latency                                             0.000     0.000
input external delay                                             0.000     0.000
$iopadmap$cin.inpad[0] (.input)                                  0.000     0.000
$abc$4980$new_new_n101__.in[1] (.names)                          1.559     1.559
$abc$4980$new_new_n101__.out[0] (.names)                         0.218     1.777
$abc$4980$new_new_n107__.in[4] (.names)                          0.424     2.201
$abc$4980$new_new_n107__.out[0] (.names)                         0.152     2.352
$iopadmap$sum[11].in[5] (.names)                                 0.603     2.956
$iopadmap$sum[11].out[0] (.names)                                0.152     3.107
$iopadmap$sum[12].in[3] (.names)                                 0.085     3.193
$iopadmap$sum[12].out[0] (.names)                                0.148     3.340
out:$iopadmap$sum[12].outpad[0] (.output)                        1.373     4.713
data arrival time                                                          4.713

clock virtual_io_clock (rise edge)                               0.000     0.000
clock source latency                                             0.000     0.000
clock uncertainty                                                0.000     0.000
output external delay                                            0.000     0.000
data required time                                                         0.000
--------------------------------------------------------------------------------
data required time                                                         0.000
data arrival time                                                         -4.713
--------------------------------------------------------------------------------
slack (VIOLATED)                                                          -4.713


#Path 4
Startpoint: $iopadmap$cin.inpad[0] (.input clocked by virtual_io_clock)
Endpoint  : out:$iopadmap$sum[18].outpad[0] (.output clocked by virtual_io_clock)
Path Type : setup

Point                                                             Incr      Path
--------------------------------------------------------------------------------
clock virtual_io_clock (rise edge)                               0.000     0.000
clock source latency                                             0.000     0.000
input external delay                                             0.000     0.000
$iopadmap$cin.inpad[0] (.input)                                  0.000     0.000
$abc$4980$new_new_n101__.in[1] (.names)                          1.559     1.559
$abc$4980$new_new_n101__.out[0] (.names)                         0.218     1.777
$abc$4980$new_new_n107__.in[4] (.names)                          0.424     2.201
$abc$4980$new_new_n107__.out[0] (.names)                         0.152     2.352
$abc$4980$new_new_n143__.in[5] (.names)                          0.427     2.779
$abc$4980$new_new_n143__.out[0] (.names)                         0.173     2.951
$iopadmap$sum[18].in[1] (.names)                                 0.318     3.269
$iopadmap$sum[18].out[0] (.names)                                0.025     3.295
out:$iopadmap$sum[18].outpad[0] (.output)                        1.315     4.610
data arrival time                                                          4.610

clock virtual_io_clock (rise edge)                               0.000     0.000
clock source latency                                             0.000     0.000
clock uncertainty                                                0.000     0.000
output external delay                                            0.000     0.000
data required time                                                         0.000
--------------------------------------------------------------------------------
data required time                                                         0.000
data arrival time                                                         -4.610
--------------------------------------------------------------------------------
slack (VIOLATED)                                                          -4.610


#Path 5
Startpoint: $iopadmap$cin.inpad[0] (.input clocked by virtual_io_clock)
Endpoint  : out:$iopadmap$sum[26].outpad[0] (.output clocked by virtual_io_clock)
Path Type : setup

Point                                                             Incr      Path
--------------------------------------------------------------------------------
clock virtual_io_clock (rise edge)                               0.000     0.000
clock source latency                                             0.000     0.000
input external delay                                             0.000     0.000
$iopadmap$cin.inpad[0] (.input)                                  0.000     0.000
$abc$4980$new_new_n101__.in[1] (.names)                          1.559     1.559
$abc$4980$new_new_n101__.out[0] (.names)                         0.218     1.777
$abc$4980$new_new_n107__.in[4] (.names)                          0.424     2.201
$abc$4980$new_new_n107__.out[0] (.names)                         0.152     2.352
$abc$4980$new_new_n121__.in[5] (.names)                          0.485     2.837
$abc$4980$new_new_n121__.out[0] (.names)                         0.173     3.009
$iopadmap$sum[26].in[3] (.names)                                 0.085     3.094
$iopadmap$sum[26].out[0] (.names)                                0.197     3.291
out:$iopadmap$sum[26].outpad[0] (.output)                        1.312     4.603
data arrival time                                                          4.603

clock virtual_io_clock (rise edge)                               0.000     0.000
clock source latency                                             0.000     0.000
clock uncertainty                                                0.000     0.000
output external delay                                            0.000     0.000
data required time                                                         0.000
--------------------------------------------------------------------------------
data required time                                                         0.000
data arrival time                                                         -4.603
--------------------------------------------------------------------------------
slack (VIOLATED)                                                          -4.603


#Path 6
Startpoint: $iopadmap$cin.inpad[0] (.input clocked by virtual_io_clock)
Endpoint  : out:$iopadmap$sum[31].outpad[0] (.output clocked by virtual_io_clock)
Path Type : setup

Point                                                             Incr      Path
--------------------------------------------------------------------------------
clock virtual_io_clock (rise edge)                               0.000     0.000
clock source latency                                             0.000     0.000
input external delay                                             0.000     0.000
$iopadmap$cin.inpad[0] (.input)                                  0.000     0.000
$abc$4980$new_new_n101__.in[1] (.names)                          1.559     1.559
$abc$4980$new_new_n101__.out[0] (.names)                         0.218     1.777
$abc$4980$new_new_n107__.in[4] (.names)                          0.424     2.201
$abc$4980$new_new_n107__.out[0] (.names)                         0.152     2.352
$abc$4980$new_new_n121__.in[5] (.names)                          0.485     2.837
$abc$4980$new_new_n121__.out[0] (.names)                         0.173     3.009
$iopadmap$sum[31].in[5] (.names)                                 0.485     3.494
$iopadmap$sum[31].out[0] (.names)                                0.090     3.584
out:$iopadmap$sum[31].outpad[0] (.output)                        1.013     4.598
data arrival time                                                          4.598

clock virtual_io_clock (rise edge)                               0.000     0.000
clock source latency                                             0.000     0.000
clock uncertainty                                                0.000     0.000
output external delay                                            0.000     0.000
data required time                                                         0.000
--------------------------------------------------------------------------------
data required time                                                         0.000
data arrival time                                                         -4.598
--------------------------------------------------------------------------------
slack (VIOLATED)                                                          -4.598


#Path 7
Startpoint: $iopadmap$cin.inpad[0] (.input clocked by virtual_io_clock)
Endpoint  : out:$iopadmap$sum[29].outpad[0] (.output clocked by virtual_io_clock)
Path Type : setup

Point                                                             Incr      Path
--------------------------------------------------------------------------------
clock virtual_io_clock (rise edge)                               0.000     0.000
clock source latency                                             0.000     0.000
input external delay                                             0.000     0.000
$iopadmap$cin.inpad[0] (.input)                                  0.000     0.000
$abc$4980$new_new_n101__.in[1] (.names)                          1.559     1.559
$abc$4980$new_new_n101__.out[0] (.names)                         0.218     1.777
$abc$4980$new_new_n107__.in[4] (.names)                          0.424     2.201
$abc$4980$new_new_n107__.out[0] (.names)                         0.152     2.352
$abc$4980$new_new_n121__.in[5] (.names)                          0.485     2.837
$abc$4980$new_new_n121__.out[0] (.names)                         0.173     3.009
$iopadmap$sum[29].in[4] (.names)                                 0.085     3.094
$iopadmap$sum[29].out[0] (.names)                                0.152     3.246
out:$iopadmap$sum[29].outpad[0] (.output)                        1.315     4.561
data arrival time                                                          4.561

clock virtual_io_clock (rise edge)                               0.000     0.000
clock source latency                                             0.000     0.000
clock uncertainty                                                0.000     0.000
output external delay                                            0.000     0.000
data required time                                                         0.000
--------------------------------------------------------------------------------
data required time                                                         0.000
data arrival time                                                         -4.561
--------------------------------------------------------------------------------
slack (VIOLATED)                                                          -4.561


#Path 8
Startpoint: $iopadmap$cin.inpad[0] (.input clocked by virtual_io_clock)
Endpoint  : out:$iopadmap$sum[17].outpad[0] (.output clocked by virtual_io_clock)
Path Type : setup

Point                                                             Incr      Path
--------------------------------------------------------------------------------
clock virtual_io_clock (rise edge)                               0.000     0.000
clock source latency                                             0.000     0.000
input external delay                                             0.000     0.000
$iopadmap$cin.inpad[0] (.input)                                  0.000     0.000
$abc$4980$new_new_n101__.in[1] (.names)                          1.559     1.559
$abc$4980$new_new_n101__.out[0] (.names)                         0.218     1.777
$abc$4980$new_new_n107__.in[4] (.names)                          0.424     2.201
$abc$4980$new_new_n107__.out[0] (.names)                         0.152     2.352
$abc$4980$new_new_n143__.in[5] (.names)                          0.427     2.779
$abc$4980$new_new_n143__.out[0] (.names)                         0.173     2.951
$iopadmap$sum[17].in[2] (.names)                                 0.085     3.037
$iopadmap$sum[17].out[0] (.names)                                0.148     3.184
out:$iopadmap$sum[17].outpad[0] (.output)                        1.373     4.557
data arrival time                                                          4.557

clock virtual_io_clock (rise edge)                               0.000     0.000
clock source latency                                             0.000     0.000
clock uncertainty                                                0.000     0.000
output external delay                                            0.000     0.000
data required time                                                         0.000
--------------------------------------------------------------------------------
data required time                                                         0.000
data arrival time                                                         -4.557
--------------------------------------------------------------------------------
slack (VIOLATED)                                                          -4.557


#Path 9
Startpoint: $iopadmap$cin.inpad[0] (.input clocked by virtual_io_clock)
Endpoint  : out:$iopadmap$sum[27].outpad[0] (.output clocked by virtual_io_clock)
Path Type : setup

Point                                                             Incr      Path
--------------------------------------------------------------------------------
clock virtual_io_clock (rise edge)                               0.000     0.000
clock source latency                                             0.000     0.000
input external delay                                             0.000     0.000
$iopadmap$cin.inpad[0] (.input)                                  0.000     0.000
$abc$4980$new_new_n101__.in[1] (.names)                          1.559     1.559
$abc$4980$new_new_n101__.out[0] (.names)                         0.218     1.777
$abc$4980$new_new_n107__.in[4] (.names)                          0.424     2.201
$abc$4980$new_new_n107__.out[0] (.names)                         0.152     2.352
$abc$4980$new_new_n121__.in[5] (.names)                          0.485     2.837
$abc$4980$new_new_n121__.out[0] (.names)                         0.173     3.009
$iopadmap$sum[27].in[1] (.names)                                 0.085     3.094
$iopadmap$sum[27].out[0] (.names)                                0.152     3.246
out:$iopadmap$sum[27].outpad[0] (.output)                        1.251     4.497
data arrival time                                                          4.497

clock virtual_io_clock (rise edge)                               0.000     0.000
clock source latency                                             0.000     0.000
clock uncertainty                                                0.000     0.000
output external delay                                            0.000     0.000
data required time                                                         0.000
--------------------------------------------------------------------------------
data required time                                                         0.000
data arrival time                                                         -4.497
--------------------------------------------------------------------------------
slack (VIOLATED)                                                          -4.497


#Path 10
Startpoint: $iopadmap$cin.inpad[0] (.input clocked by virtual_io_clock)
Endpoint  : out:$iopadmap$sum[28].outpad[0] (.output clocked by virtual_io_clock)
Path Type : setup

Point                                                             Incr      Path
--------------------------------------------------------------------------------
clock virtual_io_clock (rise edge)                               0.000     0.000
clock source latency                                             0.000     0.000
input external delay                                             0.000     0.000
$iopadmap$cin.inpad[0] (.input)                                  0.000     0.000
$abc$4980$new_new_n101__.in[1] (.names)                          1.559     1.559
$abc$4980$new_new_n101__.out[0] (.names)                         0.218     1.777
$abc$4980$new_new_n107__.in[4] (.names)                          0.424     2.201
$abc$4980$new_new_n107__.out[0] (.names)                         0.152     2.352
$abc$4980$new_new_n121__.in[5] (.names)                          0.485     2.837
$abc$4980$new_new_n121__.out[0] (.names)                         0.173     3.009
$iopadmap$sum[28].in[3] (.names)                                 0.085     3.094
$iopadmap$sum[28].out[0] (.names)                                0.197     3.291
out:$iopadmap$sum[28].outpad[0] (.output)                        1.132     4.424
data arrival time                                                          4.424

clock virtual_io_clock (rise edge)                               0.000     0.000
clock source latency                                             0.000     0.000
clock uncertainty                                                0.000     0.000
output external delay                                            0.000     0.000
data required time                                                         0.000
--------------------------------------------------------------------------------
data required time                                                         0.000
data arrival time                                                         -4.424
--------------------------------------------------------------------------------
slack (VIOLATED)                                                          -4.424


#Path 11
Startpoint: $iopadmap$cin.inpad[0] (.input clocked by virtual_io_clock)
Endpoint  : out:$iopadmap$sum[25].outpad[0] (.output clocked by virtual_io_clock)
Path Type : setup

Point                                                             Incr      Path
--------------------------------------------------------------------------------
clock virtual_io_clock (rise edge)                               0.000     0.000
clock source latency                                             0.000     0.000
input external delay                                             0.000     0.000
$iopadmap$cin.inpad[0] (.input)                                  0.000     0.000
$abc$4980$new_new_n101__.in[1] (.names)                          1.559     1.559
$abc$4980$new_new_n101__.out[0] (.names)                         0.218     1.777
$abc$4980$new_new_n107__.in[4] (.names)                          0.424     2.201
$abc$4980$new_new_n107__.out[0] (.names)                         0.152     2.352
$abc$4980$new_new_n121__.in[5] (.names)                          0.485     2.837
$abc$4980$new_new_n121__.out[0] (.names)                         0.173     3.009
$iopadmap$sum[25].in[0] (.names)                                 0.085     3.094
$iopadmap$sum[25].out[0] (.names)                                0.197     3.291
out:$iopadmap$sum[25].outpad[0] (.output)                        1.132     4.424
data arrival time                                                          4.424

clock virtual_io_clock (rise edge)                               0.000     0.000
clock source latency                                             0.000     0.000
clock uncertainty                                                0.000     0.000
output external delay                                            0.000     0.000
data required time                                                         0.000
--------------------------------------------------------------------------------
data required time                                                         0.000
data arrival time                                                         -4.424
--------------------------------------------------------------------------------
slack (VIOLATED)                                                          -4.424


#Path 12
Startpoint: $iopadmap$cin.inpad[0] (.input clocked by virtual_io_clock)
Endpoint  : out:$iopadmap$sum[22].outpad[0] (.output clocked by virtual_io_clock)
Path Type : setup

Point                                                             Incr      Path
--------------------------------------------------------------------------------
clock virtual_io_clock (rise edge)                               0.000     0.000
clock source latency                                             0.000     0.000
input external delay                                             0.000     0.000
$iopadmap$cin.inpad[0] (.input)                                  0.000     0.000
$abc$4980$new_new_n101__.in[1] (.names)                          1.559     1.559
$abc$4980$new_new_n101__.out[0] (.names)                         0.218     1.777
$abc$4980$new_new_n107__.in[4] (.names)                          0.424     2.201
$abc$4980$new_new_n107__.out[0] (.names)                         0.152     2.352
$iopadmap$sum[22].in[5] (.names)                                 0.603     2.956
$iopadmap$sum[22].out[0] (.names)                                0.025     2.981
out:$iopadmap$sum[22].outpad[0] (.output)                        1.376     4.357
data arrival time                                                          4.357

clock virtual_io_clock (rise edge)                               0.000     0.000
clock source latency                                             0.000     0.000
clock uncertainty                                                0.000     0.000
output external delay                                            0.000     0.000
data required time                                                         0.000
--------------------------------------------------------------------------------
data required time                                                         0.000
data arrival time                                                         -4.357
--------------------------------------------------------------------------------
slack (VIOLATED)                                                          -4.357


#Path 13
Startpoint: $iopadmap$cin.inpad[0] (.input clocked by virtual_io_clock)
Endpoint  : out:$iopadmap$sum[23].outpad[0] (.output clocked by virtual_io_clock)
Path Type : setup

Point                                                             Incr      Path
--------------------------------------------------------------------------------
clock virtual_io_clock (rise edge)                               0.000     0.000
clock source latency                                             0.000     0.000
input external delay                                             0.000     0.000
$iopadmap$cin.inpad[0] (.input)                                  0.000     0.000
$abc$4980$new_new_n101__.in[1] (.names)                          1.559     1.559
$abc$4980$new_new_n101__.out[0] (.names)                         0.218     1.777
$abc$4980$new_new_n107__.in[4] (.names)                          0.424     2.201
$abc$4980$new_new_n107__.out[0] (.names)                         0.152     2.352
$abc$4980$new_new_n125__.in[4] (.names)                          0.485     2.837
$abc$4980$new_new_n125__.out[0] (.names)                         0.054     2.891
$iopadmap$sum[23].in[0] (.names)                                 0.085     2.976
$iopadmap$sum[23].out[0] (.names)                                0.099     3.075
out:$iopadmap$sum[23].outpad[0] (.output)                        1.251     4.326
data arrival time                                                          4.326

clock virtual_io_clock (rise edge)                               0.000     0.000
clock source latency                                             0.000     0.000
clock uncertainty                                                0.000     0.000
output external delay                                            0.000     0.000
data required time                                                         0.000
--------------------------------------------------------------------------------
data required time                                                         0.000
data arrival time                                                         -4.326
--------------------------------------------------------------------------------
slack (VIOLATED)                                                          -4.326


#Path 14
Startpoint: $iopadmap$cin.inpad[0] (.input clocked by virtual_io_clock)
Endpoint  : out:$iopadmap$sum[21].outpad[0] (.output clocked by virtual_io_clock)
Path Type : setup

Point                                                             Incr      Path
--------------------------------------------------------------------------------
clock virtual_io_clock (rise edge)                               0.000     0.000
clock source latency                                             0.000     0.000
input external delay                                             0.000     0.000
$iopadmap$cin.inpad[0] (.input)                                  0.000     0.000
$abc$4980$new_new_n101__.in[1] (.names)                          1.559     1.559
$abc$4980$new_new_n101__.out[0] (.names)                         0.218     1.777
$abc$4980$new_new_n107__.in[4] (.names)                          0.424     2.201
$abc$4980$new_new_n107__.out[0] (.names)                         0.152     2.352
$abc$4980$new_new_n128__.in[3] (.names)                          0.424     2.776
$abc$4980$new_new_n128__.out[0] (.names)                         0.099     2.875
$iopadmap$sum[21].in[2] (.names)                                 0.085     2.960
$iopadmap$sum[21].out[0] (.names)                                0.197     3.157
out:$iopadmap$sum[21].outpad[0] (.output)                        1.135     4.292
data arrival time                                                          4.292

clock virtual_io_clock (rise edge)                               0.000     0.000
clock source latency                                             0.000     0.000
clock uncertainty                                                0.000     0.000
output external delay                                            0.000     0.000
data required time                                                         0.000
--------------------------------------------------------------------------------
data required time                                                         0.000
data arrival time                                                         -4.292
--------------------------------------------------------------------------------
slack (VIOLATED)                                                          -4.292


#Path 15
Startpoint: $iopadmap$cin.inpad[0] (.input clocked by virtual_io_clock)
Endpoint  : out:$iopadmap$sum[16].outpad[0] (.output clocked by virtual_io_clock)
Path Type : setup

Point                                                             Incr      Path
--------------------------------------------------------------------------------
clock virtual_io_clock (rise edge)                               0.000     0.000
clock source latency                                             0.000     0.000
input external delay                                             0.000     0.000
$iopadmap$cin.inpad[0] (.input)                                  0.000     0.000
$abc$4980$new_new_n101__.in[1] (.names)                          1.559     1.559
$abc$4980$new_new_n101__.out[0] (.names)                         0.218     1.777
$abc$4980$new_new_n107__.in[4] (.names)                          0.424     2.201
$abc$4980$new_new_n107__.out[0] (.names)                         0.152     2.352
$abc$4980$new_new_n143__.in[5] (.names)                          0.427     2.779
$abc$4980$new_new_n143__.out[0] (.names)                         0.173     2.951
$iopadmap$sum[16].in[0] (.names)                                 0.085     3.037
$iopadmap$sum[16].out[0] (.names)                                0.148     3.184
out:$iopadmap$sum[16].outpad[0] (.output)                        1.071     4.256
data arrival time                                                          4.256

clock virtual_io_clock (rise edge)                               0.000     0.000
clock source latency                                             0.000     0.000
clock uncertainty                                                0.000     0.000
output external delay                                            0.000     0.000
data required time                                                         0.000
--------------------------------------------------------------------------------
data required time                                                         0.000
data arrival time                                                         -4.256
--------------------------------------------------------------------------------
slack (VIOLATED)                                                          -4.256


#Path 16
Startpoint: $iopadmap$cin.inpad[0] (.input clocked by virtual_io_clock)
Endpoint  : out:$iopadmap$sum[13].outpad[0] (.output clocked by virtual_io_clock)
Path Type : setup

Point                                                             Incr      Path
--------------------------------------------------------------------------------
clock virtual_io_clock (rise edge)                               0.000     0.000
clock source latency                                             0.000     0.000
input external delay                                             0.000     0.000
$iopadmap$cin.inpad[0] (.input)                                  0.000     0.000
$abc$4980$new_new_n101__.in[1] (.names)                          1.559     1.559
$abc$4980$new_new_n101__.out[0] (.names)                         0.218     1.777
$abc$4980$new_new_n107__.in[4] (.names)                          0.424     2.201
$abc$4980$new_new_n107__.out[0] (.names)                         0.152     2.352
$iopadmap$sum[13].in[5] (.names)                                 0.427     2.779
$iopadmap$sum[13].out[0] (.names)                                0.173     2.951
out:$iopadmap$sum[13].outpad[0] (.output)                        1.254     4.206
data arrival time                                                          4.206

clock virtual_io_clock (rise edge)                               0.000     0.000
clock source latency                                             0.000     0.000
clock uncertainty                                                0.000     0.000
output external delay                                            0.000     0.000
data required time                                                         0.000
--------------------------------------------------------------------------------
data required time                                                         0.000
data arrival time                                                         -4.206
--------------------------------------------------------------------------------
slack (VIOLATED)                                                          -4.206


#Path 17
Startpoint: $iopadmap$cin.inpad[0] (.input clocked by virtual_io_clock)
Endpoint  : out:$iopadmap$sum[11].outpad[0] (.output clocked by virtual_io_clock)
Path Type : setup

Point                                                             Incr      Path
--------------------------------------------------------------------------------
clock virtual_io_clock (rise edge)                               0.000     0.000
clock source latency                                             0.000     0.000
input external delay                                             0.000     0.000
$iopadmap$cin.inpad[0] (.input)                                  0.000     0.000
$abc$4980$new_new_n101__.in[1] (.names)                          1.559     1.559
$abc$4980$new_new_n101__.out[0] (.names)                         0.218     1.777
$abc$4980$new_new_n107__.in[4] (.names)                          0.424     2.201
$abc$4980$new_new_n107__.out[0] (.names)                         0.152     2.352
$iopadmap$sum[11].in[5] (.names)                                 0.603     2.956
$iopadmap$sum[11].out[0] (.names)                                0.152     3.107
out:$iopadmap$sum[11].outpad[0] (.output)                        1.074     4.182
data arrival time                                                          4.182

clock virtual_io_clock (rise edge)                               0.000     0.000
clock source latency                                             0.000     0.000
clock uncertainty                                                0.000     0.000
output external delay                                            0.000     0.000
data required time                                                         0.000
--------------------------------------------------------------------------------
data required time                                                         0.000
data arrival time                                                         -4.182
--------------------------------------------------------------------------------
slack (VIOLATED)                                                          -4.182


#Path 18
Startpoint: $iopadmap$cin.inpad[0] (.input clocked by virtual_io_clock)
Endpoint  : out:$iopadmap$sum[20].outpad[0] (.output clocked by virtual_io_clock)
Path Type : setup

Point                                                             Incr      Path
--------------------------------------------------------------------------------
clock virtual_io_clock (rise edge)                               0.000     0.000
clock source latency                                             0.000     0.000
input external delay                                             0.000     0.000
$iopadmap$cin.inpad[0] (.input)                                  0.000     0.000
$abc$4980$new_new_n101__.in[1] (.names)                          1.559     1.559
$abc$4980$new_new_n101__.out[0] (.names)                         0.218     1.777
$abc$4980$new_new_n107__.in[4] (.names)                          0.424     2.201
$abc$4980$new_new_n107__.out[0] (.names)                         0.152     2.352
$abc$4980$new_new_n128__.in[3] (.names)                          0.424     2.776
$abc$4980$new_new_n128__.out[0] (.names)                         0.099     2.875
$iopadmap$sum[20].in[0] (.names)                                 0.085     2.960
$iopadmap$sum[20].out[0] (.names)                                0.197     3.157
out:$iopadmap$sum[20].outpad[0] (.output)                        1.016     4.173
data arrival time                                                          4.173

clock virtual_io_clock (rise edge)                               0.000     0.000
clock source latency                                             0.000     0.000
clock uncertainty                                                0.000     0.000
output external delay                                            0.000     0.000
data required time                                                         0.000
--------------------------------------------------------------------------------
data required time                                                         0.000
data arrival time                                                         -4.173
--------------------------------------------------------------------------------
slack (VIOLATED)                                                          -4.173


#Path 19
Startpoint: $iopadmap$cin.inpad[0] (.input clocked by virtual_io_clock)
Endpoint  : out:$iopadmap$sum[24].outpad[0] (.output clocked by virtual_io_clock)
Path Type : setup

Point                                                             Incr      Path
--------------------------------------------------------------------------------
clock virtual_io_clock (rise edge)                               0.000     0.000
clock source latency                                             0.000     0.000
input external delay                                             0.000     0.000
$iopadmap$cin.inpad[0] (.input)                                  0.000     0.000
$abc$4980$new_new_n101__.in[1] (.names)                          1.559     1.559
$abc$4980$new_new_n101__.out[0] (.names)                         0.218     1.777
$abc$4980$new_new_n107__.in[4] (.names)                          0.424     2.201
$abc$4980$new_new_n107__.out[0] (.names)                         0.152     2.352
$abc$4980$new_new_n125__.in[4] (.names)                          0.485     2.837
$abc$4980$new_new_n125__.out[0] (.names)                         0.054     2.891
$iopadmap$sum[24].in[2] (.names)                                 0.085     2.976
$iopadmap$sum[24].out[0] (.names)                                0.099     3.075
out:$iopadmap$sum[24].outpad[0] (.output)                        0.952     4.027
data arrival time                                                          4.027

clock virtual_io_clock (rise edge)                               0.000     0.000
clock source latency                                             0.000     0.000
clock uncertainty                                                0.000     0.000
output external delay                                            0.000     0.000
data required time                                                         0.000
--------------------------------------------------------------------------------
data required time                                                         0.000
data arrival time                                                         -4.027
--------------------------------------------------------------------------------
slack (VIOLATED)                                                          -4.027


#Path 20
Startpoint: $iopadmap$cin.inpad[0] (.input clocked by virtual_io_clock)
Endpoint  : out:$iopadmap$sum[19].outpad[0] (.output clocked by virtual_io_clock)
Path Type : setup

Point                                                             Incr      Path
--------------------------------------------------------------------------------
clock virtual_io_clock (rise edge)                               0.000     0.000
clock source latency                                             0.000     0.000
input external delay                                             0.000     0.000
$iopadmap$cin.inpad[0] (.input)                                  0.000     0.000
$abc$4980$new_new_n101__.in[1] (.names)                          1.559     1.559
$abc$4980$new_new_n101__.out[0] (.names)                         0.218     1.777
$abc$4980$new_new_n107__.in[4] (.names)                          0.424     2.201
$abc$4980$new_new_n107__.out[0] (.names)                         0.152     2.352
$iopadmap$sum[19].in[4] (.names)                                 0.424     2.776
$iopadmap$sum[19].out[0] (.names)                                0.099     2.875
out:$iopadmap$sum[19].outpad[0] (.output)                        1.135     4.010
data arrival time                                                          4.010

clock virtual_io_clock (rise edge)                               0.000     0.000
clock source latency                                             0.000     0.000
clock uncertainty                                                0.000     0.000
output external delay                                            0.000     0.000
data required time                                                         0.000
--------------------------------------------------------------------------------
data required time                                                         0.000
data arrival time                                                         -4.010
--------------------------------------------------------------------------------
slack (VIOLATED)                                                          -4.010


#Path 21
Startpoint: $iopadmap$b[5].inpad[0] (.input clocked by virtual_io_clock)
Endpoint  : out:$iopadmap$sum[9].outpad[0] (.output clocked by virtual_io_clock)
Path Type : setup

Point                                                             Incr      Path
--------------------------------------------------------------------------------
clock virtual_io_clock (rise edge)                               0.000     0.000
clock source latency                                             0.000     0.000
input external delay                                             0.000     0.000
$iopadmap$b[5].inpad[0] (.input)                                 0.000     0.000
$abc$4980$new_new_n105__.in[5] (.names)                          1.437     1.437
$abc$4980$new_new_n105__.out[0] (.names)                         0.173     1.609
$abc$4980$new_new_n146__.in[1] (.names)                          0.305     1.914
$abc$4980$new_new_n146__.out[0] (.names)                         0.197     2.111
$iopadmap$sum[8].in[2] (.names)                                  0.085     2.196
$iopadmap$sum[8].out[0] (.names)                                 0.197     2.393
$iopadmap$sum[9].in[2] (.names)                                  0.085     2.478
$iopadmap$sum[9].out[0] (.names)                                 0.218     2.696
out:$iopadmap$sum[9].outpad[0] (.output)                         1.312     4.008
data arrival time                                                          4.008

clock virtual_io_clock (rise edge)                               0.000     0.000
clock source latency                                             0.000     0.000
clock uncertainty                                                0.000     0.000
output external delay                                            0.000     0.000
data required time                                                         0.000
--------------------------------------------------------------------------------
data required time                                                         0.000
data arrival time                                                         -4.008
--------------------------------------------------------------------------------
slack (VIOLATED)                                                          -4.008


#Path 22
Startpoint: $iopadmap$cin.inpad[0] (.input clocked by virtual_io_clock)
Endpoint  : out:$iopadmap$sum[10].outpad[0] (.output clocked by virtual_io_clock)
Path Type : setup

Point                                                             Incr      Path
--------------------------------------------------------------------------------
clock virtual_io_clock (rise edge)                               0.000     0.000
clock source latency                                             0.000     0.000
input external delay                                             0.000     0.000
$iopadmap$cin.inpad[0] (.input)                                  0.000     0.000
$abc$4980$new_new_n101__.in[1] (.names)                          1.559     1.559
$abc$4980$new_new_n101__.out[0] (.names)                         0.218     1.777
$abc$4980$new_new_n107__.in[4] (.names)                          0.424     2.201
$abc$4980$new_new_n107__.out[0] (.names)                         0.152     2.352
$iopadmap$sum[10].in[3] (.names)                                 0.427     2.779
$iopadmap$sum[10].out[0] (.names)                                0.099     2.878
out:$iopadmap$sum[10].outpad[0] (.output)                        1.074     3.952
data arrival time                                                          3.952

clock virtual_io_clock (rise edge)                               0.000     0.000
clock source latency                                             0.000     0.000
clock uncertainty                                                0.000     0.000
output external delay                                            0.000     0.000
data required time                                                         0.000
--------------------------------------------------------------------------------
data required time                                                         0.000
data arrival time                                                         -3.952
--------------------------------------------------------------------------------
slack (VIOLATED)                                                          -3.952


#Path 23
Startpoint: $iopadmap$cin.inpad[0] (.input clocked by virtual_io_clock)
Endpoint  : out:$iopadmap$sum[14].outpad[0] (.output clocked by virtual_io_clock)
Path Type : setup

Point                                                             Incr      Path
--------------------------------------------------------------------------------
clock virtual_io_clock (rise edge)                               0.000     0.000
clock source latency                                             0.000     0.000
input external delay                                             0.000     0.000
$iopadmap$cin.inpad[0] (.input)                                  0.000     0.000
$abc$4980$new_new_n101__.in[1] (.names)                          1.559     1.559
$abc$4980$new_new_n101__.out[0] (.names)                         0.218     1.777
$abc$4980$new_new_n107__.in[4] (.names)                          0.424     2.201
$abc$4980$new_new_n107__.out[0] (.names)                         0.152     2.352
$abc$4980$new_new_n160__.in[4] (.names)                          0.085     2.437
$abc$4980$new_new_n160__.out[0] (.names)                         0.103     2.540
$iopadmap$sum[14].in[0] (.names)                                 0.085     2.625
$iopadmap$sum[14].out[0] (.names)                                0.148     2.773
out:$iopadmap$sum[14].outpad[0] (.output)                        1.135     3.908
data arrival time                                                          3.908

clock virtual_io_clock (rise edge)                               0.000     0.000
clock source latency                                             0.000     0.000
clock uncertainty                                                0.000     0.000
output external delay                                            0.000     0.000
data required time                                                         0.000
--------------------------------------------------------------------------------
data required time                                                         0.000
data arrival time                                                         -3.908
--------------------------------------------------------------------------------
slack (VIOLATED)                                                          -3.908


#Path 24
Startpoint: $iopadmap$cin.inpad[0] (.input clocked by virtual_io_clock)
Endpoint  : out:$iopadmap$sum[15].outpad[0] (.output clocked by virtual_io_clock)
Path Type : setup

Point                                                             Incr      Path
--------------------------------------------------------------------------------
clock virtual_io_clock (rise edge)                               0.000     0.000
clock source latency                                             0.000     0.000
input external delay                                             0.000     0.000
$iopadmap$cin.inpad[0] (.input)                                  0.000     0.000
$abc$4980$new_new_n101__.in[1] (.names)                          1.559     1.559
$abc$4980$new_new_n101__.out[0] (.names)                         0.218     1.777
$abc$4980$new_new_n107__.in[4] (.names)                          0.424     2.201
$abc$4980$new_new_n107__.out[0] (.names)                         0.152     2.352
$abc$4980$new_new_n160__.in[4] (.names)                          0.085     2.437
$abc$4980$new_new_n160__.out[0] (.names)                         0.103     2.540
$iopadmap$sum[15].in[3] (.names)                                 0.085     2.625
$iopadmap$sum[15].out[0] (.names)                                0.148     2.773
out:$iopadmap$sum[15].outpad[0] (.output)                        1.132     3.905
data arrival time                                                          3.905

clock virtual_io_clock (rise edge)                               0.000     0.000
clock source latency                                             0.000     0.000
clock uncertainty                                                0.000     0.000
output external delay                                            0.000     0.000
data required time                                                         0.000
--------------------------------------------------------------------------------
data required time                                                         0.000
data arrival time                                                         -3.905
--------------------------------------------------------------------------------
slack (VIOLATED)                                                          -3.905


#Path 25
Startpoint: $iopadmap$b[5].inpad[0] (.input clocked by virtual_io_clock)
Endpoint  : out:$iopadmap$sum[8].outpad[0] (.output clocked by virtual_io_clock)
Path Type : setup

Point                                                             Incr      Path
--------------------------------------------------------------------------------
clock virtual_io_clock (rise edge)                               0.000     0.000
clock source latency                                             0.000     0.000
input external delay                                             0.000     0.000
$iopadmap$b[5].inpad[0] (.input)                                 0.000     0.000
$abc$4980$new_new_n105__.in[5] (.names)                          1.437     1.437
$abc$4980$new_new_n105__.out[0] (.names)                         0.173     1.609
$abc$4980$new_new_n146__.in[1] (.names)                          0.305     1.914
$abc$4980$new_new_n146__.out[0] (.names)                         0.197     2.111
$iopadmap$sum[8].in[2] (.names)                                  0.085     2.196
$iopadmap$sum[8].out[0] (.names)                                 0.197     2.393
out:$iopadmap$sum[8].outpad[0] (.output)                         1.434     3.827
data arrival time                                                          3.827

clock virtual_io_clock (rise edge)                               0.000     0.000
clock source latency                                             0.000     0.000
clock uncertainty                                                0.000     0.000
output external delay                                            0.000     0.000
data required time                                                         0.000
--------------------------------------------------------------------------------
data required time                                                         0.000
data arrival time                                                         -3.827
--------------------------------------------------------------------------------
slack (VIOLATED)                                                          -3.827


#Path 26
Startpoint: $iopadmap$a[3].inpad[0] (.input clocked by virtual_io_clock)
Endpoint  : out:$iopadmap$sum[5].outpad[0] (.output clocked by virtual_io_clock)
Path Type : setup

Point                                                             Incr      Path
--------------------------------------------------------------------------------
clock virtual_io_clock (rise edge)                               0.000     0.000
clock source latency                                             0.000     0.000
input external delay                                             0.000     0.000
$iopadmap$a[3].inpad[0] (.input)                                 0.000     0.000
$abc$4980$new_new_n104__.in[4] (.names)                          1.443     1.443
$abc$4980$new_new_n104__.out[0] (.names)                         0.173     1.615
$abc$4980$new_new_n149__.in[4] (.names)                          0.247     1.862
$abc$4980$new_new_n149__.out[0] (.names)                         0.218     2.080
$iopadmap$sum[5].in[0] (.names)                                  0.366     2.446
$iopadmap$sum[5].out[0] (.names)                                 0.218     2.664
out:$iopadmap$sum[5].outpad[0] (.output)                         1.071     3.735
data arrival time                                                          3.735

clock virtual_io_clock (rise edge)                               0.000     0.000
clock source latency                                             0.000     0.000
clock uncertainty                                                0.000     0.000
output external delay                                            0.000     0.000
data required time                                                         0.000
--------------------------------------------------------------------------------
data required time                                                         0.000
data arrival time                                                         -3.735
--------------------------------------------------------------------------------
slack (VIOLATED)                                                          -3.735


#Path 27
Startpoint: $iopadmap$cin.inpad[0] (.input clocked by virtual_io_clock)
Endpoint  : out:$iopadmap$sum[3].outpad[0] (.output clocked by virtual_io_clock)
Path Type : setup

Point                                                             Incr      Path
--------------------------------------------------------------------------------
clock virtual_io_clock (rise edge)                               0.000     0.000
clock source latency                                             0.000     0.000
input external delay                                             0.000     0.000
$iopadmap$cin.inpad[0] (.input)                                  0.000     0.000
$abc$4980$new_new_n141__.in[1] (.names)                          1.559     1.559
$abc$4980$new_new_n141__.out[0] (.names)                         0.218     1.777
$iopadmap$sum[3].in[2] (.names)                                  0.485     2.261
$iopadmap$sum[3].out[0] (.names)                                 0.136     2.397
out:$iopadmap$sum[3].outpad[0] (.output)                         1.251     3.648
data arrival time                                                          3.648

clock virtual_io_clock (rise edge)                               0.000     0.000
clock source latency                                             0.000     0.000
clock uncertainty                                                0.000     0.000
output external delay                                            0.000     0.000
data required time                                                         0.000
--------------------------------------------------------------------------------
data required time                                                         0.000
data arrival time                                                         -3.648
--------------------------------------------------------------------------------
slack (VIOLATED)                                                          -3.648


#Path 28
Startpoint: $iopadmap$cin.inpad[0] (.input clocked by virtual_io_clock)
Endpoint  : out:$iopadmap$sum[2].outpad[0] (.output clocked by virtual_io_clock)
Path Type : setup

Point                                                             Incr      Path
--------------------------------------------------------------------------------
clock virtual_io_clock (rise edge)                               0.000     0.000
clock source latency                                             0.000     0.000
input external delay                                             0.000     0.000
$iopadmap$cin.inpad[0] (.input)                                  0.000     0.000
$abc$4980$new_new_n141__.in[1] (.names)                          1.559     1.559
$abc$4980$new_new_n141__.out[0] (.names)                         0.218     1.777
$iopadmap$sum[2].in[0] (.names)                                  0.485     2.261
$iopadmap$sum[2].out[0] (.names)                                 0.136     2.397
out:$iopadmap$sum[2].outpad[0] (.output)                         1.193     3.590
data arrival time                                                          3.590

clock virtual_io_clock (rise edge)                               0.000     0.000
clock source latency                                             0.000     0.000
clock uncertainty                                                0.000     0.000
output external delay                                            0.000     0.000
data required time                                                         0.000
--------------------------------------------------------------------------------
data required time                                                         0.000
data arrival time                                                         -3.590
--------------------------------------------------------------------------------
slack (VIOLATED)                                                          -3.590


#Path 29
Startpoint: $iopadmap$b[5].inpad[0] (.input clocked by virtual_io_clock)
Endpoint  : out:$iopadmap$sum[7].outpad[0] (.output clocked by virtual_io_clock)
Path Type : setup

Point                                                             Incr      Path
--------------------------------------------------------------------------------
clock virtual_io_clock (rise edge)                               0.000     0.000
clock source latency                                             0.000     0.000
input external delay                                             0.000     0.000
$iopadmap$b[5].inpad[0] (.input)                                 0.000     0.000
$abc$4980$new_new_n105__.in[5] (.names)                          1.437     1.437
$abc$4980$new_new_n105__.out[0] (.names)                         0.173     1.609
$abc$4980$new_new_n146__.in[1] (.names)                          0.305     1.914
$abc$4980$new_new_n146__.out[0] (.names)                         0.197     2.111
$iopadmap$sum[7].in[0] (.names)                                  0.085     2.196
$iopadmap$sum[7].out[0] (.names)                                 0.197     2.393
out:$iopadmap$sum[7].outpad[0] (.output)                         1.132     3.525
data arrival time                                                          3.525

clock virtual_io_clock (rise edge)                               0.000     0.000
clock source latency                                             0.000     0.000
clock uncertainty                                                0.000     0.000
output external delay                                            0.000     0.000
data required time                                                         0.000
--------------------------------------------------------------------------------
data required time                                                         0.000
data arrival time                                                         -3.525
--------------------------------------------------------------------------------
slack (VIOLATED)                                                          -3.525


#Path 30
Startpoint: $iopadmap$a[3].inpad[0] (.input clocked by virtual_io_clock)
Endpoint  : out:$iopadmap$sum[6].outpad[0] (.output clocked by virtual_io_clock)
Path Type : setup

Point                                                             Incr      Path
--------------------------------------------------------------------------------
clock virtual_io_clock (rise edge)                               0.000     0.000
clock source latency                                             0.000     0.000
input external delay                                             0.000     0.000
$iopadmap$a[3].inpad[0] (.input)                                 0.000     0.000
$abc$4980$new_new_n104__.in[4] (.names)                          1.443     1.443
$abc$4980$new_new_n104__.out[0] (.names)                         0.173     1.615
$abc$4980$new_new_n149__.in[4] (.names)                          0.247     1.862
$abc$4980$new_new_n149__.out[0] (.names)                         0.218     2.080
$iopadmap$sum[6].in[2] (.names)                                  0.085     2.165
$iopadmap$sum[6].out[0] (.names)                                 0.099     2.265
out:$iopadmap$sum[6].outpad[0] (.output)                         1.013     3.278
data arrival time                                                          3.278

clock virtual_io_clock (rise edge)                               0.000     0.000
clock source latency                                             0.000     0.000
clock uncertainty                                                0.000     0.000
output external delay                                            0.000     0.000
data required time                                                         0.000
--------------------------------------------------------------------------------
data required time                                                         0.000
data arrival time                                                         -3.278
--------------------------------------------------------------------------------
slack (VIOLATED)                                                          -3.278


#Path 31
Startpoint: $iopadmap$a[3].inpad[0] (.input clocked by virtual_io_clock)
Endpoint  : out:$iopadmap$sum[4].outpad[0] (.output clocked by virtual_io_clock)
Path Type : setup

Point                                                             Incr      Path
--------------------------------------------------------------------------------
clock virtual_io_clock (rise edge)                               0.000     0.000
clock source latency                                             0.000     0.000
input external delay                                             0.000     0.000
$iopadmap$a[3].inpad[0] (.input)                                 0.000     0.000
$abc$4980$new_new_n104__.in[4] (.names)                          1.443     1.443
$abc$4980$new_new_n104__.out[0] (.names)                         0.173     1.615
$iopadmap$sum[4].in[2] (.names)                                  0.247     1.862
$iopadmap$sum[4].out[0] (.names)                                 0.218     2.080
out:$iopadmap$sum[4].outpad[0] (.output)                         1.013     3.094
data arrival time                                                          3.094

clock virtual_io_clock (rise edge)                               0.000     0.000
clock source latency                                             0.000     0.000
clock uncertainty                                                0.000     0.000
output external delay                                            0.000     0.000
data required time                                                         0.000
--------------------------------------------------------------------------------
data required time                                                         0.000
data arrival time                                                         -3.094
--------------------------------------------------------------------------------
slack (VIOLATED)                                                          -3.094


#Path 32
Startpoint: $iopadmap$cin.inpad[0] (.input clocked by virtual_io_clock)
Endpoint  : out:$iopadmap$sum[1].outpad[0] (.output clocked by virtual_io_clock)
Path Type : setup

Point                                                             Incr      Path
--------------------------------------------------------------------------------
clock virtual_io_clock (rise edge)                               0.000     0.000
clock source latency                                             0.000     0.000
input external delay                                             0.000     0.000
$iopadmap$cin.inpad[0] (.input)                                  0.000     0.000
$iopadmap$sum[1].in[3] (.names)                                  1.559     1.559
$iopadmap$sum[1].out[0] (.names)                                 0.218     1.777
out:$iopadmap$sum[1].outpad[0] (.output)                         1.193     2.970
data arrival time                                                          2.970

clock virtual_io_clock (rise edge)                               0.000     0.000
clock source latency                                             0.000     0.000
clock uncertainty                                                0.000     0.000
output external delay                                            0.000     0.000
data required time                                                         0.000
--------------------------------------------------------------------------------
data required time                                                         0.000
data arrival time                                                         -2.970
--------------------------------------------------------------------------------
slack (VIOLATED)                                                          -2.970


#Path 33
Startpoint: $iopadmap$cin.inpad[0] (.input clocked by virtual_io_clock)
Endpoint  : out:$iopadmap$sum[0].outpad[0] (.output clocked by virtual_io_clock)
Path Type : setup

Point                                                             Incr      Path
--------------------------------------------------------------------------------
clock virtual_io_clock (rise edge)                               0.000     0.000
clock source latency                                             0.000     0.000
input external delay                                             0.000     0.000
$iopadmap$cin.inpad[0] (.input)                                  0.000     0.000
$iopadmap$sum[0].in[1] (.names)                                  1.559     1.559
$iopadmap$sum[0].out[0] (.names)                                 0.218     1.777
out:$iopadmap$sum[0].outpad[0] (.output)                         1.071     2.848
data arrival time                                                          2.848

clock virtual_io_clock (rise edge)                               0.000     0.000
clock source latency                                             0.000     0.000
clock uncertainty                                                0.000     0.000
output external delay                                            0.000     0.000
data required time                                                         0.000
--------------------------------------------------------------------------------
data required time                                                         0.000
data arrival time                                                         -2.848
--------------------------------------------------------------------------------
slack (VIOLATED)                                                          -2.848


#End of timing report
