#Timing report of worst 12 path(s)
# Unit scale: 1e-09 seconds
# Output precision: 3

#Path 1
Startpoint: up_down.inpad[0] (.input at (4,1) clocked by clk)
Endpoint  : counter[1].D[0] (dffr at (6,3) clocked by clk)
Path Type : setup

Point                                                             Incr      Path
--------------------------------------------------------------------------------
clock clk (rise edge)                                            0.000     0.000
clock source latency                                             0.000     0.000
input external delay                                             6.000     6.000
up_down.inpad[0] (.input at (4,1))                               0.000     6.000
| (intra 'io' routing)                                           0.000     6.000
| (inter-block routing)                                          0.713     6.713
| (intra 'clb' routing)                                          0.259     6.972
$abc$327$li1_li1.in[2] (.names at (6,3))                         0.000     6.972
| (primitive '.names' combinational delay)                       0.141     7.113
$abc$327$li1_li1.out[0] (.names at (6,3))                        0.000     7.113
| (intra 'clb' routing)                                          0.000     7.113
| (inter-block routing)                                          0.513     7.627
| (intra 'clb' routing)                                          0.591     8.218
counter[1].D[0] (dffr at (6,3))                                  0.000     8.218
data arrival time                                                          8.218

clock clk (rise edge)                                           15.000    15.000
clock source latency                                             0.000    15.000
clk.inpad[0] (.input at (2,1))                                   0.000    15.000
| (intra 'io' routing)                                           0.000    15.000
| (inter-block routing)                                          0.000    15.000
| (intra 'clb' routing)                                          0.000    15.000
counter[1].C[0] (dffr at (6,3))                                  0.000    15.000
clock uncertainty                                                0.000    15.000
cell setup time                                                 -0.142    14.858
data required time                                                        14.858
--------------------------------------------------------------------------------
data required time                                                        14.858
data arrival time                                                         -8.218
--------------------------------------------------------------------------------
slack (MET)                                                                6.640


#Path 2
Startpoint: up_down.inpad[0] (.input at (4,1) clocked by clk)
Endpoint  : counter[2].D[0] (dffr at (6,3) clocked by clk)
Path Type : setup

Point                                                             Incr      Path
--------------------------------------------------------------------------------
clock clk (rise edge)                                            0.000     0.000
clock source latency                                             0.000     0.000
input external delay                                             6.000     6.000
up_down.inpad[0] (.input at (4,1))                               0.000     6.000
| (intra 'io' routing)                                           0.000     6.000
| (inter-block routing)                                          0.713     6.713
| (intra 'clb' routing)                                          0.259     6.972
$abc$327$li2_li2.in[3] (.names at (6,3))                         0.000     6.972
| (primitive '.names' combinational delay)                       0.090     7.063
$abc$327$li2_li2.out[0] (.names at (6,3))                        0.000     7.063
| (intra 'clb' routing)                                          0.000     7.063
| (inter-block routing)                                          0.513     7.576
| (intra 'clb' routing)                                          0.495     8.071
counter[2].D[0] (dffr at (6,3))                                 -0.000     8.071
data arrival time                                                          8.071

clock clk (rise edge)                                           15.000    15.000
clock source latency                                             0.000    15.000
clk.inpad[0] (.input at (2,1))                                   0.000    15.000
| (intra 'io' routing)                                           0.000    15.000
| (inter-block routing)                                          0.000    15.000
| (intra 'clb' routing)                                          0.000    15.000
counter[2].C[0] (dffr at (6,3))                                  0.000    15.000
clock uncertainty                                                0.000    15.000
cell setup time                                                 -0.142    14.858
data required time                                                        14.858
--------------------------------------------------------------------------------
data required time                                                        14.858
data arrival time                                                         -8.071
--------------------------------------------------------------------------------
slack (MET)                                                                6.787


#Path 3
Startpoint: up_down.inpad[0] (.input at (4,1) clocked by clk)
Endpoint  : counter[3].D[0] (dffr at (6,3) clocked by clk)
Path Type : setup

Point                                                             Incr      Path
--------------------------------------------------------------------------------
clock clk (rise edge)                                            0.000     0.000
clock source latency                                             0.000     0.000
input external delay                                             6.000     6.000
up_down.inpad[0] (.input at (4,1))                               0.000     6.000
| (intra 'io' routing)                                           0.000     6.000
| (inter-block routing)                                          0.713     6.713
| (intra 'clb' routing)                                          0.259     6.972
$abc$327$li3_li3.in[4] (.names at (6,3))                         0.000     6.972
| (primitive '.names' combinational delay)                       0.090     7.063
$abc$327$li3_li3.out[0] (.names at (6,3))                        0.000     7.063
| (intra 'clb' routing)                                          0.000     7.063
counter[3].D[0] (dffr at (6,3))                                  0.000     7.063
data arrival time                                                          7.063

clock clk (rise edge)                                           15.000    15.000
clock source latency                                             0.000    15.000
clk.inpad[0] (.input at (2,1))                                   0.000    15.000
| (intra 'io' routing)                                           0.000    15.000
| (inter-block routing)                                          0.000    15.000
| (intra 'clb' routing)                                          0.000    15.000
counter[3].C[0] (dffr at (6,3))                                  0.000    15.000
clock uncertainty                                                0.000    15.000
cell setup time                                                 -0.142    14.858
data required time                                                        14.858
--------------------------------------------------------------------------------
data required time                                                        14.858
data arrival time                                                         -7.063
--------------------------------------------------------------------------------
slack (MET)                                                                7.795


#Path 4
Startpoint: reset.inpad[0] (.input at (6,1) clocked by clk)
Endpoint  : counter[0].R[0] (dffr at (6,3) clocked by clk)
Path Type : setup

Point                                                             Incr      Path
--------------------------------------------------------------------------------
clock clk (rise edge)                                            0.000     0.000
clock source latency                                             0.000     0.000
input external delay                                             6.000     6.000
reset.inpad[0] (.input at (6,1))                                 0.000     6.000
| (intra 'io' routing)                                           0.000     6.000
| (inter-block routing)                                          0.613     6.613
| (intra 'clb' routing)                                          0.000     6.613
counter[0].R[0] (dffr at (6,3))                                  0.000     6.613
data arrival time                                                          6.613

clock clk (rise edge)                                           15.000    15.000
clock source latency                                             0.000    15.000
clk.inpad[0] (.input at (2,1))                                   0.000    15.000
| (intra 'io' routing)                                           0.000    15.000
| (inter-block routing)                                          0.000    15.000
| (intra 'clb' routing)                                          0.000    15.000
counter[0].C[0] (dffr at (6,3))                                  0.000    15.000
clock uncertainty                                                0.000    15.000
cell setup time                                                 -0.142    14.858
data required time                                                        14.858
--------------------------------------------------------------------------------
data required time                                                        14.858
data arrival time                                                         -6.613
--------------------------------------------------------------------------------
slack (MET)                                                                8.245


#Path 5
Startpoint: reset.inpad[0] (.input at (6,1) clocked by clk)
Endpoint  : counter[1].R[0] (dffr at (6,3) clocked by clk)
Path Type : setup

Point                                                             Incr      Path
--------------------------------------------------------------------------------
clock clk (rise edge)                                            0.000     0.000
clock source latency                                             0.000     0.000
input external delay                                             6.000     6.000
reset.inpad[0] (.input at (6,1))                                 0.000     6.000
| (intra 'io' routing)                                           0.000     6.000
| (inter-block routing)                                          0.613     6.613
| (intra 'clb' routing)                                          0.000     6.613
counter[1].R[0] (dffr at (6,3))                                  0.000     6.613
data arrival time                                                          6.613

clock clk (rise edge)                                           15.000    15.000
clock source latency                                             0.000    15.000
clk.inpad[0] (.input at (2,1))                                   0.000    15.000
| (intra 'io' routing)                                           0.000    15.000
| (inter-block routing)                                          0.000    15.000
| (intra 'clb' routing)                                          0.000    15.000
counter[1].C[0] (dffr at (6,3))                                  0.000    15.000
clock uncertainty                                                0.000    15.000
cell setup time                                                 -0.142    14.858
data required time                                                        14.858
--------------------------------------------------------------------------------
data required time                                                        14.858
data arrival time                                                         -6.613
--------------------------------------------------------------------------------
slack (MET)                                                                8.245


#Path 6
Startpoint: reset.inpad[0] (.input at (6,1) clocked by clk)
Endpoint  : counter[2].R[0] (dffr at (6,3) clocked by clk)
Path Type : setup

Point                                                             Incr      Path
--------------------------------------------------------------------------------
clock clk (rise edge)                                            0.000     0.000
clock source latency                                             0.000     0.000
input external delay                                             6.000     6.000
reset.inpad[0] (.input at (6,1))                                 0.000     6.000
| (intra 'io' routing)                                           0.000     6.000
| (inter-block routing)                                          0.613     6.613
| (intra 'clb' routing)                                          0.000     6.613
counter[2].R[0] (dffr at (6,3))                                  0.000     6.613
data arrival time                                                          6.613

clock clk (rise edge)                                           15.000    15.000
clock source latency                                             0.000    15.000
clk.inpad[0] (.input at (2,1))                                   0.000    15.000
| (intra 'io' routing)                                           0.000    15.000
| (inter-block routing)                                          0.000    15.000
| (intra 'clb' routing)                                          0.000    15.000
counter[2].C[0] (dffr at (6,3))                                  0.000    15.000
clock uncertainty                                                0.000    15.000
cell setup time                                                 -0.142    14.858
data required time                                                        14.858
--------------------------------------------------------------------------------
data required time                                                        14.858
data arrival time                                                         -6.613
--------------------------------------------------------------------------------
slack (MET)                                                                8.245


#Path 7
Startpoint: reset.inpad[0] (.input at (6,1) clocked by clk)
Endpoint  : counter[3].R[0] (dffr at (6,3) clocked by clk)
Path Type : setup

Point                                                             Incr      Path
--------------------------------------------------------------------------------
clock clk (rise edge)                                            0.000     0.000
clock source latency                                             0.000     0.000
input external delay                                             6.000     6.000
reset.inpad[0] (.input at (6,1))                                 0.000     6.000
| (intra 'io' routing)                                           0.000     6.000
| (inter-block routing)                                          0.613     6.613
| (intra 'clb' routing)                                          0.000     6.613
counter[3].R[0] (dffr at (6,3))                                  0.000     6.613
data arrival time                                                          6.613

clock clk (rise edge)                                           15.000    15.000
clock source latency                                             0.000    15.000
clk.inpad[0] (.input at (2,1))                                   0.000    15.000
| (intra 'io' routing)                                           0.000    15.000
| (inter-block routing)                                          0.000    15.000
| (intra 'clb' routing)                                          0.000    15.000
counter[3].C[0] (dffr at (6,3))                                  0.000    15.000
clock uncertainty                                                0.000    15.000
cell setup time                                                 -0.142    14.858
data required time                                                        14.858
--------------------------------------------------------------------------------
data required time                                                        14.858
data arrival time                                                         -6.613
--------------------------------------------------------------------------------
slack (MET)                                                                8.245


#Path 8
Startpoint: counter[0].Q[0] (dffr at (6,3) clocked by clk)
Endpoint  : out:counter[0].outpad[0] (.output at (7,1) clocked by clk)
Path Type : setup

Point                                                              Incr      Path
---------------------------------------------------------------------------------
clock clk (rise edge)                                             0.000     0.000
clock source latency                                              0.000     0.000
clk.inpad[0] (.input at (2,1))                                    0.000     0.000
| (intra 'io' routing)                                            0.000     0.000
| (inter-block routing)                                           0.000     0.000
| (intra 'clb' routing)                                           0.000     0.000
counter[0].C[0] (dffr at (6,3))                                   0.000     0.000
| (primitive 'dffr' Tcq_max)                                      0.100     0.100
counter[0].Q[0] (dffr at (6,3)) [clock-to-output]                 0.000     0.100
| (intra 'clb' routing)                                           0.000     0.100
| (inter-block routing)                                           0.613     0.713
| (intra 'io' routing)                                            0.133     0.846
out:counter[0].outpad[0] (.output at (7,1))                       0.000     0.846
data arrival time                                                           0.846

clock clk (rise edge)                                            15.000    15.000
clock source latency                                              0.000    15.000
clock uncertainty                                                 0.000    15.000
output external delay                                            -3.000    12.000
data required time                                                         12.000
---------------------------------------------------------------------------------
data required time                                                         12.000
data arrival time                                                          -0.846
---------------------------------------------------------------------------------
slack (MET)                                                                11.154


#Path 9
Startpoint: counter[1].Q[0] (dffr at (6,3) clocked by clk)
Endpoint  : out:counter[1].outpad[0] (.output at (6,1) clocked by clk)
Path Type : setup

Point                                                              Incr      Path
---------------------------------------------------------------------------------
clock clk (rise edge)                                             0.000     0.000
clock source latency                                              0.000     0.000
clk.inpad[0] (.input at (2,1))                                    0.000     0.000
| (intra 'io' routing)                                            0.000     0.000
| (inter-block routing)                                           0.000     0.000
| (intra 'clb' routing)                                           0.000     0.000
counter[1].C[0] (dffr at (6,3))                                   0.000     0.000
| (primitive 'dffr' Tcq_max)                                      0.100     0.100
counter[1].Q[0] (dffr at (6,3)) [clock-to-output]                 0.000     0.100
| (intra 'clb' routing)                                           0.000     0.100
| (inter-block routing)                                           0.613     0.713
| (intra 'io' routing)                                            0.133     0.846
out:counter[1].outpad[0] (.output at (6,1))                       0.000     0.846
data arrival time                                                           0.846

clock clk (rise edge)                                            15.000    15.000
clock source latency                                              0.000    15.000
clock uncertainty                                                 0.000    15.000
output external delay                                            -3.000    12.000
data required time                                                         12.000
---------------------------------------------------------------------------------
data required time                                                         12.000
data arrival time                                                          -0.846
---------------------------------------------------------------------------------
slack (MET)                                                                11.154


#Path 10
Startpoint: counter[2].Q[0] (dffr at (6,3) clocked by clk)
Endpoint  : out:counter[2].outpad[0] (.output at (6,1) clocked by clk)
Path Type : setup

Point                                                              Incr      Path
---------------------------------------------------------------------------------
clock clk (rise edge)                                             0.000     0.000
clock source latency                                              0.000     0.000
clk.inpad[0] (.input at (2,1))                                    0.000     0.000
| (intra 'io' routing)                                            0.000     0.000
| (inter-block routing)                                           0.000     0.000
| (intra 'clb' routing)                                           0.000     0.000
counter[2].C[0] (dffr at (6,3))                                   0.000     0.000
| (primitive 'dffr' Tcq_max)                                      0.100     0.100
counter[2].Q[0] (dffr at (6,3)) [clock-to-output]                 0.000     0.100
| (intra 'clb' routing)                                           0.000     0.100
| (inter-block routing)                                           0.613     0.713
| (intra 'io' routing)                                            0.133     0.846
out:counter[2].outpad[0] (.output at (6,1))                       0.000     0.846
data arrival time                                                           0.846

clock clk (rise edge)                                            15.000    15.000
clock source latency                                              0.000    15.000
clock uncertainty                                                 0.000    15.000
output external delay                                            -3.000    12.000
data required time                                                         12.000
---------------------------------------------------------------------------------
data required time                                                         12.000
data arrival time                                                          -0.846
---------------------------------------------------------------------------------
slack (MET)                                                                11.154


#Path 11
Startpoint: counter[3].Q[0] (dffr at (6,3) clocked by clk)
Endpoint  : out:counter[3].outpad[0] (.output at (5,1) clocked by clk)
Path Type : setup

Point                                                              Incr      Path
---------------------------------------------------------------------------------
clock clk (rise edge)                                             0.000     0.000
clock source latency                                              0.000     0.000
clk.inpad[0] (.input at (2,1))                                    0.000     0.000
| (intra 'io' routing)                                            0.000     0.000
| (inter-block routing)                                           0.000     0.000
| (intra 'clb' routing)                                           0.000     0.000
counter[3].C[0] (dffr at (6,3))                                   0.000     0.000
| (primitive 'dffr' Tcq_max)                                      0.100     0.100
counter[3].Q[0] (dffr at (6,3)) [clock-to-output]                 0.000     0.100
| (intra 'clb' routing)                                           0.000     0.100
| (inter-block routing)                                           0.613     0.713
| (intra 'io' routing)                                            0.133     0.846
out:counter[3].outpad[0] (.output at (5,1))                       0.000     0.846
data arrival time                                                           0.846

clock clk (rise edge)                                            15.000    15.000
clock source latency                                              0.000    15.000
clock uncertainty                                                 0.000    15.000
output external delay                                            -3.000    12.000
data required time                                                         12.000
---------------------------------------------------------------------------------
data required time                                                         12.000
data arrival time                                                          -0.846
---------------------------------------------------------------------------------
slack (MET)                                                                11.154


#Path 12
Startpoint: counter[0].Q[0] (dffr at (6,3) clocked by clk)
Endpoint  : counter[0].D[0] (dffr at (6,3) clocked by clk)
Path Type : setup

Point                                                             Incr      Path
--------------------------------------------------------------------------------
clock clk (rise edge)                                            0.000     0.000
clock source latency                                             0.000     0.000
clk.inpad[0] (.input at (2,1))                                   0.000     0.000
| (intra 'io' routing)                                           0.000     0.000
| (inter-block routing)                                          0.000     0.000
| (intra 'clb' routing)                                          0.000     0.000
counter[0].C[0] (dffr at (6,3))                                  0.000     0.000
| (primitive 'dffr' Tcq_max)                                     0.100     0.100
counter[0].Q[0] (dffr at (6,3)) [clock-to-output]                0.000     0.100
| (intra 'clb' routing)                                          0.000     0.100
| (inter-block routing)                                          0.513     0.613
| (intra 'clb' routing)                                          0.259     0.872
$abc$327$li0_li0.in[0] (.names at (6,3))                         0.000     0.872
| (primitive '.names' combinational delay)                       0.090     0.963
$abc$327$li0_li0.out[0] (.names at (6,3))                        0.000     0.963
| (intra 'clb' routing)                                          0.000     0.963
| (inter-block routing)                                          0.513     1.476
| (intra 'clb' routing)                                          0.548     2.025
counter[0].D[0] (dffr at (6,3))                                  0.000     2.025
data arrival time                                                          2.025

clock clk (rise edge)                                           15.000    15.000
clock source latency                                             0.000    15.000
clk.inpad[0] (.input at (2,1))                                   0.000    15.000
| (intra 'io' routing)                                           0.000    15.000
| (inter-block routing)                                          0.000    15.000
| (intra 'clb' routing)                                          0.000    15.000
counter[0].C[0] (dffr at (6,3))                                  0.000    15.000
clock uncertainty                                                0.000    15.000
cell setup time                                                 -0.142    14.858
data required time                                                        14.858
--------------------------------------------------------------------------------
data required time                                                        14.858
data arrival time                                                         -2.025
--------------------------------------------------------------------------------
slack (MET)                                                               12.834


#End of timing report
