#Packing pin usage report
Type: io
	Input Pin Usage:
		Max: 1.00 (0.06)
		Avg: 0.57 (0.03)
		Min: 0.00 (0.00)
		Histogram:
		[        0:      1.8) 7 (100.0%) |*************************************************
		[      1.8:      3.6) 0 (  0.0%) |
		[      3.6:      5.4) 0 (  0.0%) |
		[      5.4:      7.2) 0 (  0.0%) |
		[      7.2:        9) 0 (  0.0%) |
		[        9:       11) 0 (  0.0%) |
		[       11:       13) 0 (  0.0%) |
		[       13:       14) 0 (  0.0%) |
		[       14:       16) 0 (  0.0%) |
		[       16:       18) 0 (  0.0%) |
	Output Pin Usage:
		Max: 1.00 (0.50)
		Avg: 0.43 (0.21)
		Min: 0.00 (0.00)
		Histogram:
		[        0:      0.2) 4 ( 57.1%) |*************************************************
		[      0.2:      0.4) 0 (  0.0%) |
		[      0.4:      0.6) 0 (  0.0%) |
		[      0.6:      0.8) 0 (  0.0%) |
		[      0.8:        1) 3 ( 42.9%) |*************************************
		[        1:      1.2) 0 (  0.0%) |
		[      1.2:      1.4) 0 (  0.0%) |
		[      1.4:      1.6) 0 (  0.0%) |
		[      1.6:      1.8) 0 (  0.0%) |
		[      1.8:        2) 0 (  0.0%) |

Type: clb
	Input Pin Usage:
		Max: 10.00 (0.13)
		Avg: 10.00 (0.13)
		Min: 10.00 (0.13)
		Histogram:
		[        0:      7.5) 0 (  0.0%) |
		[      7.5:       15) 1 (100.0%) |**************************************************
		[       15:       22) 0 (  0.0%) |
		[       22:       30) 0 (  0.0%) |
		[       30:       38) 0 (  0.0%) |
		[       38:       45) 0 (  0.0%) |
		[       45:       52) 0 (  0.0%) |
		[       52:       60) 0 (  0.0%) |
		[       60:       68) 0 (  0.0%) |
		[       68:       75) 0 (  0.0%) |
	Output Pin Usage:
		Max: 7.00 (0.24)
		Avg: 7.00 (0.24)
		Min: 7.00 (0.24)
		Histogram:
		[        0:      2.9) 0 (  0.0%) |
		[      2.9:      5.8) 0 (  0.0%) |
		[      5.8:      8.7) 1 (100.0%) |**************************************************
		[      8.7:       12) 0 (  0.0%) |
		[       12:       14) 0 (  0.0%) |
		[       14:       17) 0 (  0.0%) |
		[       17:       20) 0 (  0.0%) |
		[       20:       23) 0 (  0.0%) |
		[       23:       26) 0 (  0.0%) |
		[       26:       29) 0 (  0.0%) |

