/*******************************************************************************
Copyright (c) 2022-2024 Rapid Silicon
This source code contains proprietary information belonging to Rapid Silicon
(the "licensor") released under license and non-disclosure agreement to the
recipient (the "licensee").

The information shared and protected by the license and non-disclosure agreement
includes but is not limited to the following:
* operational algorithms of the product
* logos, graphics, source code, and visual presentation of the product
* confidential operational information of the licensor

The recipient of this source code is NOT permitted to publicly disclose,
re-use, archive beyond the period of the license agreement, transfer to a
sub-licensee, or re-implement any portion of the content covered by the license
and non-disclosure agreement without the prior written consent of the licensor.
*********************************************************************************/

Version  : 2024.04
Build    : 1.0.43
Hash     : 3be1735
Date     : Apr 30 2024
Type     : Engineering
Log Time   : Tue Apr 30 07:28:21 2024 GMT

[ 12:28:21 ] Analysis has started
[ 12:28:21 ] Command: /nfs_eda_sw/softwares/Raptor/instl_dir/04_30_2024_09_15_01/bin/yosys -s /nfs_scratch/scratch/CompilerValidation/zaheer_ahmad/os_fpga2/Validation/RTL_testcases/RTL_Benchmarks_Gap_Analysis/btc_dsha256/results_dir/sync_fifo_fwft_infer/run_1/synth_1_1/analysis/sync_fifo_fwft_infer_analyzer.cmd
[ 12:28:21 ] Duration: 168 ms. Max utilization: 61 MB
[ 12:28:21 ] Synthesize has started
[ 12:28:21 ] Command: /nfs_eda_sw/softwares/Raptor/instl_dir/04_30_2024_09_15_01/bin/yosys -s sync_fifo_fwft_infer.ys -l sync_fifo_fwft_infer_synth.log
[ 12:28:37 ] Duration: 16063 ms. Max utilization: 82 MB
[ 12:28:37 ] Packing has started
[ 12:28:37 ] Command: /nfs_eda_sw/softwares/Raptor/instl_dir/04_30_2024_09_15_01/bin/vpr /nfs_eda_sw/softwares/Raptor/instl_dir/04_30_2024_09_15_01/share/raptor/etc/devices/gemini_compact_62x44/gemini_vpr.xml /nfs_scratch/scratch/CompilerValidation/zaheer_ahmad/os_fpga2/Validation/RTL_testcases/RTL_Benchmarks_Gap_Analysis/btc_dsha256/results_dir/sync_fifo_fwft_infer/run_1/synth_1_1/synthesis/fabric_sync_fifo_fwft_infer_post_synth.eblif --sdc_file /nfs_scratch/scratch/CompilerValidation/zaheer_ahmad/os_fpga2/Validation/RTL_testcases/RTL_Benchmarks_Gap_Analysis/btc_dsha256/results_dir/sync_fifo_fwft_infer/run_1/synth_1_1/impl_1_1_1/packing/fabric_sync_fifo_fwft_infer_openfpga.sdc --route_chan_width 160 --suppress_warnings check_rr_node_warnings.log,check_rr_node --clock_modeling ideal --absorb_buffer_luts off --skip_sync_clustering_and_routing_results off --constant_net_method route --post_place_timing_report sync_fifo_fwft_infer_post_place_timing.rpt --device castor62x44_heterogeneous --allow_unrelated_clustering on --allow_dangling_combinational_nodes on --place_delta_delay_matrix_calculation_method dijkstra --gen_post_synthesis_netlist on --post_synth_netlist_unconn_inputs gnd --inner_loop_recompute_divider 1 --max_router_iterations 1500 --timing_report_detail detailed --timing_report_npaths 100 --top sync_fifo_fwft_infer --net_file /nfs_scratch/scratch/CompilerValidation/zaheer_ahmad/os_fpga2/Validation/RTL_testcases/RTL_Benchmarks_Gap_Analysis/btc_dsha256/results_dir/sync_fifo_fwft_infer/run_1/synth_1_1/impl_1_1_1/packing/fabric_sync_fifo_fwft_infer_post_synth.net --place_file /nfs_scratch/scratch/CompilerValidation/zaheer_ahmad/os_fpga2/Validation/RTL_testcases/RTL_Benchmarks_Gap_Analysis/btc_dsha256/results_dir/sync_fifo_fwft_infer/run_1/synth_1_1/impl_1_1_1/placement/fabric_sync_fifo_fwft_infer_post_synth.place --route_file /nfs_scratch/scratch/CompilerValidation/zaheer_ahmad/os_fpga2/Validation/RTL_testcases/RTL_Benchmarks_Gap_Analysis/btc_dsha256/results_dir/sync_fifo_fwft_infer/run_1/synth_1_1/impl_1_1_1/routing/fabric_sync_fifo_fwft_infer_post_synth.route --pack
[ 12:28:53 ] Duration: 15574 ms. Max utilization: 942 MB
[ 12:28:53 ] Placement has started
[ 12:28:53 ] Command: /nfs_eda_sw/softwares/Raptor/instl_dir/04_30_2024_09_15_01/bin/pin_c --csv /nfs_eda_sw/softwares/Raptor/instl_dir/04_30_2024_09_15_01/share/raptor/etc/devices/gemini_compact_62x44/Virgo_Pin_Table.csv --blif /nfs_scratch/scratch/CompilerValidation/zaheer_ahmad/os_fpga2/Validation/RTL_testcases/RTL_Benchmarks_Gap_Analysis/btc_dsha256/results_dir/sync_fifo_fwft_infer/run_1/synth_1_1/synthesis/sync_fifo_fwft_infer_post_synth.eblif --output sync_fifo_fwft_infer_pin_loc.place --assign_unconstrained_pins in_define_order --edits /nfs_scratch/scratch/CompilerValidation/zaheer_ahmad/os_fpga2/Validation/RTL_testcases/RTL_Benchmarks_Gap_Analysis/btc_dsha256/results_dir/sync_fifo_fwft_infer/run_1/synth_1_1/synthesis/config.json
[ 12:28:53 ] Duration: 217 ms. Max utilization: 73 MB
[ 12:28:53 ] Command: /nfs_eda_sw/softwares/Raptor/instl_dir/04_30_2024_09_15_01/bin/vpr /nfs_eda_sw/softwares/Raptor/instl_dir/04_30_2024_09_15_01/share/raptor/etc/devices/gemini_compact_62x44/gemini_vpr.xml /nfs_scratch/scratch/CompilerValidation/zaheer_ahmad/os_fpga2/Validation/RTL_testcases/RTL_Benchmarks_Gap_Analysis/btc_dsha256/results_dir/sync_fifo_fwft_infer/run_1/synth_1_1/synthesis/fabric_sync_fifo_fwft_infer_post_synth.eblif --sdc_file /nfs_scratch/scratch/CompilerValidation/zaheer_ahmad/os_fpga2/Validation/RTL_testcases/RTL_Benchmarks_Gap_Analysis/btc_dsha256/results_dir/sync_fifo_fwft_infer/run_1/synth_1_1/impl_1_1_1/packing/fabric_sync_fifo_fwft_infer_openfpga.sdc --route_chan_width 160 --suppress_warnings check_rr_node_warnings.log,check_rr_node --clock_modeling ideal --absorb_buffer_luts off --skip_sync_clustering_and_routing_results off --constant_net_method route --post_place_timing_report sync_fifo_fwft_infer_post_place_timing.rpt --device castor62x44_heterogeneous --allow_unrelated_clustering on --allow_dangling_combinational_nodes on --place_delta_delay_matrix_calculation_method dijkstra --gen_post_synthesis_netlist on --post_synth_netlist_unconn_inputs gnd --inner_loop_recompute_divider 1 --max_router_iterations 1500 --timing_report_detail detailed --timing_report_npaths 100 --top sync_fifo_fwft_infer --net_file /nfs_scratch/scratch/CompilerValidation/zaheer_ahmad/os_fpga2/Validation/RTL_testcases/RTL_Benchmarks_Gap_Analysis/btc_dsha256/results_dir/sync_fifo_fwft_infer/run_1/synth_1_1/impl_1_1_1/packing/fabric_sync_fifo_fwft_infer_post_synth.net --place_file /nfs_scratch/scratch/CompilerValidation/zaheer_ahmad/os_fpga2/Validation/RTL_testcases/RTL_Benchmarks_Gap_Analysis/btc_dsha256/results_dir/sync_fifo_fwft_infer/run_1/synth_1_1/impl_1_1_1/placement/fabric_sync_fifo_fwft_infer_post_synth.place --route_file /nfs_scratch/scratch/CompilerValidation/zaheer_ahmad/os_fpga2/Validation/RTL_testcases/RTL_Benchmarks_Gap_Analysis/btc_dsha256/results_dir/sync_fifo_fwft_infer/run_1/synth_1_1/impl_1_1_1/routing/fabric_sync_fifo_fwft_infer_post_synth.route --place --fix_clusters sync_fifo_fwft_infer_pin_loc.place
[ 12:30:18 ] Duration: 84721 ms. Max utilization: 719 MB
