/*******************************************************************************
Copyright (c) 2022-2024 Rapid Silicon
This source code contains proprietary information belonging to Rapid Silicon
(the "licensor") released under license and non-disclosure agreement to the
recipient (the "licensee").

The information shared and protected by the license and non-disclosure agreement
includes but is not limited to the following:
* operational algorithms of the product
* logos, graphics, source code, and visual presentation of the product
* confidential operational information of the licensor

The recipient of this source code is NOT permitted to publicly disclose,
re-use, archive beyond the period of the license agreement, transfer to a
sub-licensee, or re-implement any portion of the content covered by the license
and non-disclosure agreement without the prior written consent of the licensor.
*********************************************************************************/

Version  : 2024.02
Build    : 0.9.35
Hash     : d4a5e5a
Date     : Feb  9 2024
Type     : Engineering
Log Time   : Fri Feb  9 06:41:47 2024 GMT

[ 11:41:47 ] Analysis has started
[ 11:41:47 ] Command: /nfs_eda_sw/softwares/Raptor/instl_dir/02_09_2024_09_15_01/bin/yosys -s /nfs_scratch/scratch/CompilerValidation/abdul_hameed/RTE_FAILURE_9-feb/tdp_512x10_nobram/results_dir/tdp_512x10/run_1/synth_1_1/analysis/tdp_512x10_analyzer.cmd
[ 11:41:47 ] Duration: 77 ms. Max utilization: 44 MB
[ 11:41:47 ] Synthesize has started
[ 11:41:47 ] Command: /nfs_eda_sw/softwares/Raptor/instl_dir/02_09_2024_09_15_01/bin/yosys -s tdp_512x10.ys -l tdp_512x10_synth.log
[ 11:41:47 ] Duration: 578 ms. Max utilization: 53 MB
[ 11:41:47 ] Synthesize has started
[ 11:41:47 ] Command: /nfs_eda_sw/softwares/Raptor/instl_dir/02_09_2024_09_15_01/bin/yosys -s tdp_512x10.ys -l tdp_512x10_synth.log
[ 11:41:49 ] Duration: 1366 ms. Max utilization: 104 MB
