/*******************************************************************************
Copyright (c) 2022-2024 Rapid Silicon
This source code contains proprietary information belonging to Rapid Silicon
(the "licensor") released under license and non-disclosure agreement to the
recipient (the "licensee").

The information shared and protected by the license and non-disclosure agreement
includes but is not limited to the following:
* operational algorithms of the product
* logos, graphics, source code, and visual presentation of the product
* confidential operational information of the licensor

The recipient of this source code is NOT permitted to publicly disclose,
re-use, archive beyond the period of the license agreement, transfer to a
sub-licensee, or re-implement any portion of the content covered by the license
and non-disclosure agreement without the prior written consent of the licensor.
*********************************************************************************/

Version  : 2024.04
Build    : 1.0.43
Hash     : 3be1735
Date     : Apr 30 2024
Type     : Engineering
Log Time   : Tue Apr 30 22:11:29 2024 GMT
#Packing pin usage report
Type: io
	Input Pin Usage:
		Max: 1.00 (0.06)
		Avg: 0.74 (0.04)
		Min: 0.00 (0.00)
		Histogram:
		[        0:      1.8) 167 (100.0%) |***********************************************
		[      1.8:      3.6)   0 (  0.0%) |
		[      3.6:      5.4)   0 (  0.0%) |
		[      5.4:      7.2)   0 (  0.0%) |
		[      7.2:        9)   0 (  0.0%) |
		[        9:       11)   0 (  0.0%) |
		[       11:       13)   0 (  0.0%) |
		[       13:       14)   0 (  0.0%) |
		[       14:       16)   0 (  0.0%) |
		[       16:       18)   0 (  0.0%) |
	Output Pin Usage:
		Max: 1.00 (0.50)
		Avg: 0.26 (0.13)
		Min: 0.00 (0.00)
		Histogram:
		[        0:      0.2) 123 ( 73.7%) |***********************************************
		[      0.2:      0.4)   0 (  0.0%) |
		[      0.4:      0.6)   0 (  0.0%) |
		[      0.6:      0.8)   0 (  0.0%) |
		[      0.8:        1)  44 ( 26.3%) |*****************
		[        1:      1.2)   0 (  0.0%) |
		[      1.2:      1.4)   0 (  0.0%) |
		[      1.4:      1.6)   0 (  0.0%) |
		[      1.6:      1.8)   0 (  0.0%) |
		[      1.8:        2)   0 (  0.0%) |

Type: clb
	Input Pin Usage:
		Max: 42.00 (0.58)
		Avg: 26.68 (0.37)
		Min: 0.00 (0.00)
		Histogram:
		[        0:      7.3)   2 (  0.5%) |*
		[      7.3:       15)  40 ( 10.7%) |*****************
		[       15:       22)  70 ( 18.7%) |******************************
		[       22:       29)  98 ( 26.2%) |*******************************************
		[       29:       36) 108 ( 28.9%) |***********************************************
		[       36:       44)  56 ( 15.0%) |************************
		[       44:       51)   0 (  0.0%) |
		[       51:       58)   0 (  0.0%) |
		[       58:       66)   0 (  0.0%) |
		[       66:       73)   0 (  0.0%) |
	Output Pin Usage:
		Max: 16.00 (0.59)
		Avg: 7.72 (0.29)
		Min: 1.00 (0.04)
		Histogram:
		[        0:      2.7)  25 (  6.7%) |********
		[      2.7:      5.4)  54 ( 14.4%) |******************
		[      5.4:      8.1) 143 ( 38.2%) |***********************************************
		[      8.1:       11) 102 ( 27.3%) |**********************************
		[       11:       14)  38 ( 10.2%) |************
		[       14:       16)  12 (  3.2%) |****
		[       16:       19)   0 (  0.0%) |
		[       19:       22)   0 (  0.0%) |
		[       22:       24)   0 (  0.0%) |
		[       24:       27)   0 (  0.0%) |

Type: bram
	Input Pin Usage:
		Max: 70.00 (0.22)
		Avg: 38.89 (0.12)
		Min: 27.00 (0.08)
		Histogram:
		[        0:       32) 6 ( 66.7%) |*************************************************
		[       32:       64) 2 ( 22.2%) |****************
		[       64:       96) 1 ( 11.1%) |********
		[       96:  1.3e+02) 0 (  0.0%) |
		[  1.3e+02:  1.6e+02) 0 (  0.0%) |
		[  1.6e+02:  1.9e+02) 0 (  0.0%) |
		[  1.9e+02:  2.2e+02) 0 (  0.0%) |
		[  2.2e+02:  2.6e+02) 0 (  0.0%) |
		[  2.6e+02:  2.9e+02) 0 (  0.0%) |
		[  2.9e+02:  3.2e+02) 0 (  0.0%) |
	Output Pin Usage:
		Max: 64.00 (0.33)
		Avg: 23.11 (0.12)
		Min: 9.00 (0.05)
		Histogram:
		[        0:       19) 7 ( 77.8%) |*************************************************
		[       19:       39) 1 ( 11.1%) |*******
		[       39:       58) 0 (  0.0%) |
		[       58:       78) 1 ( 11.1%) |*******
		[       78:       97) 0 (  0.0%) |
		[       97:  1.2e+02) 0 (  0.0%) |
		[  1.2e+02:  1.4e+02) 0 (  0.0%) |
		[  1.4e+02:  1.6e+02) 0 (  0.0%) |
		[  1.6e+02:  1.7e+02) 0 (  0.0%) |
		[  1.7e+02:  1.9e+02) 0 (  0.0%) |

