/*******************************************************************************
Copyright (c) 2022-2024 Rapid Silicon
This source code contains proprietary information belonging to Rapid Silicon
(the "licensor") released under license and non-disclosure agreement to the
recipient (the "licensee").

The information shared and protected by the license and non-disclosure agreement
includes but is not limited to the following:
* operational algorithms of the product
* logos, graphics, source code, and visual presentation of the product
* confidential operational information of the licensor

The recipient of this source code is NOT permitted to publicly disclose,
re-use, archive beyond the period of the license agreement, transfer to a
sub-licensee, or re-implement any portion of the content covered by the license
and non-disclosure agreement without the prior written consent of the licensor.
*********************************************************************************/

Version  : 2024.04
Build    : 1.0.38
Hash     : ed7a115
Date     : Apr 19 2024
Type     : Engineering
Log Time   : Fri Apr 19 11:29:56 2024 GMT
#Timing report of worst 6 path(s)
# Unit scale: 1e-09 seconds
# Output precision: 3

# Logical Levels: 0
# Timing Graph Levels: 6

#Path 1
Startpoint: $iopadmap$P[0].Q[0] (dffre clocked by $auto$clkbufmap.cc:298:execute$680)
Endpoint  : $iopadmap$P[0].D[0] (dffre clocked by $auto$clkbufmap.cc:298:execute$680)
Path Type : setup

Point                                                                       Incr      Path
------------------------------------------------------------------------------------------
clock $auto$clkbufmap.cc:298:execute$680 (rise edge)                       0.000     0.000
clock source latency                                                       0.000     0.000
$auto$clkbufmap.cc:298:execute$680.inpad[0] (.input)                       0.000     0.000
$iopadmap$P[0].C[0] (dffre)                                                0.890     0.890
$iopadmap$P[0].Q[0] (dffre) [clock-to-output]                              0.154     1.044
$abc$306$li0_li0.in[0] (.names)                                            0.890     1.935
$abc$306$li0_li0.out[0] (.names)                                           0.218     2.153
$iopadmap$P[0].D[0] (dffre)                                                0.890     3.044
data arrival time                                                                    3.044

clock $auto$clkbufmap.cc:298:execute$680 (rise edge)                       0.000     0.000
clock source latency                                                       0.000     0.000
$auto$clkbufmap.cc:298:execute$680.inpad[0] (.input)                       0.000     0.000
$iopadmap$P[0].C[0] (dffre)                                                0.890     0.890
clock uncertainty                                                          0.000     0.890
cell setup time                                                           -0.032     0.859
data required time                                                                   0.859
------------------------------------------------------------------------------------------
data required time                                                                   0.859
data arrival time                                                                   -3.044
------------------------------------------------------------------------------------------
slack (VIOLATED)                                                                    -2.185


#Path 2
Startpoint: $iopadmap$P[1].Q[0] (dffre clocked by $auto$clkbufmap.cc:298:execute$680)
Endpoint  : $iopadmap$P[1].D[0] (dffre clocked by $auto$clkbufmap.cc:298:execute$680)
Path Type : setup

Point                                                                       Incr      Path
------------------------------------------------------------------------------------------
clock $auto$clkbufmap.cc:298:execute$680 (rise edge)                       0.000     0.000
clock source latency                                                       0.000     0.000
$auto$clkbufmap.cc:298:execute$680.inpad[0] (.input)                       0.000     0.000
$iopadmap$P[1].C[0] (dffre)                                                0.890     0.890
$iopadmap$P[1].Q[0] (dffre) [clock-to-output]                              0.154     1.044
$abc$306$li1_li1.in[0] (.names)                                            0.890     1.935
$abc$306$li1_li1.out[0] (.names)                                           0.173     2.107
$iopadmap$P[1].D[0] (dffre)                                                0.890     2.998
data arrival time                                                                    2.998

clock $auto$clkbufmap.cc:298:execute$680 (rise edge)                       0.000     0.000
clock source latency                                                       0.000     0.000
$auto$clkbufmap.cc:298:execute$680.inpad[0] (.input)                       0.000     0.000
$iopadmap$P[1].C[0] (dffre)                                                0.890     0.890
clock uncertainty                                                          0.000     0.890
cell setup time                                                           -0.032     0.859
data required time                                                                   0.859
------------------------------------------------------------------------------------------
data required time                                                                   0.859
data arrival time                                                                   -2.998
------------------------------------------------------------------------------------------
slack (VIOLATED)                                                                    -2.139


#Path 3
Startpoint: $iopadmap$P[0].Q[0] (dffre clocked by $auto$clkbufmap.cc:298:execute$680)
Endpoint  : out:$iopadmap$P[0].outpad[0] (.output clocked by $auto$clkbufmap.cc:298:execute$680)
Path Type : setup

Point                                                                       Incr      Path
------------------------------------------------------------------------------------------
clock $auto$clkbufmap.cc:298:execute$680 (rise edge)                       0.000     0.000
clock source latency                                                       0.000     0.000
$auto$clkbufmap.cc:298:execute$680.inpad[0] (.input)                       0.000     0.000
$iopadmap$P[0].C[0] (dffre)                                                0.890     0.890
$iopadmap$P[0].Q[0] (dffre) [clock-to-output]                              0.154     1.044
out:$iopadmap$P[0].outpad[0] (.output)                                     0.890     1.935
data arrival time                                                                    1.935

clock $auto$clkbufmap.cc:298:execute$680 (rise edge)                       0.000     0.000
clock source latency                                                       0.000     0.000
clock uncertainty                                                          0.000     0.000
output external delay                                                      0.000     0.000
data required time                                                                   0.000
------------------------------------------------------------------------------------------
data required time                                                                   0.000
data arrival time                                                                   -1.935
------------------------------------------------------------------------------------------
slack (VIOLATED)                                                                    -1.935


#Path 4
Startpoint: $iopadmap$P[1].Q[0] (dffre clocked by $auto$clkbufmap.cc:298:execute$680)
Endpoint  : out:$iopadmap$P[1].outpad[0] (.output clocked by $auto$clkbufmap.cc:298:execute$680)
Path Type : setup

Point                                                                       Incr      Path
------------------------------------------------------------------------------------------
clock $auto$clkbufmap.cc:298:execute$680 (rise edge)                       0.000     0.000
clock source latency                                                       0.000     0.000
$auto$clkbufmap.cc:298:execute$680.inpad[0] (.input)                       0.000     0.000
$iopadmap$P[1].C[0] (dffre)                                                0.890     0.890
$iopadmap$P[1].Q[0] (dffre) [clock-to-output]                              0.154     1.044
out:$iopadmap$P[1].outpad[0] (.output)                                     0.890     1.935
data arrival time                                                                    1.935

clock $auto$clkbufmap.cc:298:execute$680 (rise edge)                       0.000     0.000
clock source latency                                                       0.000     0.000
clock uncertainty                                                          0.000     0.000
output external delay                                                      0.000     0.000
data required time                                                                   0.000
------------------------------------------------------------------------------------------
data required time                                                                   0.000
data arrival time                                                                   -1.935
------------------------------------------------------------------------------------------
slack (VIOLATED)                                                                    -1.935


#Path 5
Startpoint: $iopadmap$A[1].inpad[0] (.input clocked by $auto$clkbufmap.cc:298:execute$680)
Endpoint  : i1[1].D[0] (dffre clocked by $auto$clkbufmap.cc:298:execute$680)
Path Type : setup

Point                                                                       Incr      Path
------------------------------------------------------------------------------------------
clock $auto$clkbufmap.cc:298:execute$680 (rise edge)                       0.000     0.000
clock source latency                                                       0.000     0.000
input external delay                                                       0.000     0.000
$iopadmap$A[1].inpad[0] (.input)                                           0.000     0.000
$abc$306$li3_li3.in[0] (.names)                                            0.890     0.890
$abc$306$li3_li3.out[0] (.names)                                           0.218     1.109
i1[1].D[0] (dffre)                                                         0.890     1.999
data arrival time                                                                    1.999

clock $auto$clkbufmap.cc:298:execute$680 (rise edge)                       0.000     0.000
clock source latency                                                       0.000     0.000
$auto$clkbufmap.cc:298:execute$680.inpad[0] (.input)                       0.000     0.000
i1[1].C[0] (dffre)                                                         0.890     0.890
clock uncertainty                                                          0.000     0.890
cell setup time                                                           -0.032     0.859
data required time                                                                   0.859
------------------------------------------------------------------------------------------
data required time                                                                   0.859
data arrival time                                                                   -1.999
------------------------------------------------------------------------------------------
slack (VIOLATED)                                                                    -1.140


#Path 6
Startpoint: $iopadmap$A[0].inpad[0] (.input clocked by $auto$clkbufmap.cc:298:execute$680)
Endpoint  : i1[0].D[0] (dffre clocked by $auto$clkbufmap.cc:298:execute$680)
Path Type : setup

Point                                                                       Incr      Path
------------------------------------------------------------------------------------------
clock $auto$clkbufmap.cc:298:execute$680 (rise edge)                       0.000     0.000
clock source latency                                                       0.000     0.000
input external delay                                                       0.000     0.000
$iopadmap$A[0].inpad[0] (.input)                                           0.000     0.000
$abc$306$li2_li2.in[0] (.names)                                            0.890     0.890
$abc$306$li2_li2.out[0] (.names)                                           0.218     1.109
i1[0].D[0] (dffre)                                                         0.890     1.999
data arrival time                                                                    1.999

clock $auto$clkbufmap.cc:298:execute$680 (rise edge)                       0.000     0.000
clock source latency                                                       0.000     0.000
$auto$clkbufmap.cc:298:execute$680.inpad[0] (.input)                       0.000     0.000
i1[0].C[0] (dffre)                                                         0.890     0.890
clock uncertainty                                                          0.000     0.890
cell setup time                                                           -0.032     0.859
data required time                                                                   0.859
------------------------------------------------------------------------------------------
data required time                                                                   0.859
data arrival time                                                                   -1.999
------------------------------------------------------------------------------------------
slack (VIOLATED)                                                                    -1.140


#End of timing report
