/*******************************************************************************
Copyright (c) 2022-2024 Rapid Silicon
This source code contains proprietary information belonging to Rapid Silicon
(the "licensor") released under license and non-disclosure agreement to the
recipient (the "licensee").

The information shared and protected by the license and non-disclosure agreement
includes but is not limited to the following:
* operational algorithms of the product
* logos, graphics, source code, and visual presentation of the product
* confidential operational information of the licensor

The recipient of this source code is NOT permitted to publicly disclose,
re-use, archive beyond the period of the license agreement, transfer to a
sub-licensee, or re-implement any portion of the content covered by the license
and non-disclosure agreement without the prior written consent of the licensor.
*********************************************************************************/

Version  : 2024.02
Build    : 0.9.35
Hash     : d4a5e5a
Date     : Feb  9 2024
Type     : Engineering
Log Time   : Fri Feb  9 07:09:34 2024 GMT
VPR FPGA Placement and Routing.
Version: 
Revision: 
Compiled: 
Compiler: GNU 11.2.1 on Linux-3.10.0-1160.90.1.el7.x86_64 x86_64
Build Info: Release VTR_ASSERT_LEVEL=2

University of Toronto
verilogtorouting.org
vtr-users@googlegroups.com
This is free open source code under MIT license.

VPR was run with the following command-line:
/nfs_eda_sw/softwares/Raptor/instl_dir/02_09_2024_09_15_01/bin/vpr /nfs_eda_sw/softwares/Raptor/instl_dir/02_09_2024_09_15_01/share/raptor/etc/devices/gemini_compact_62x44/gemini_vpr.xml /nfs_scratch/scratch/CompilerValidation/abdul_hameed/RTE_FAILURE_9-feb/picosoc_no_bram/results_dir/picosoc_symbiflow/run_1/synth_1_1/synthesis/picosoc_symbiflow_post_synth.eblif --sdc_file /nfs_scratch/scratch/CompilerValidation/abdul_hameed/RTE_FAILURE_9-feb/picosoc_no_bram/results_dir/picosoc_symbiflow/run_1/synth_1_1/impl_1_1_1/packing/picosoc_symbiflow_openfpga.sdc --route_chan_width 160 --suppress_warnings check_rr_node_warnings.log,check_rr_node --clock_modeling ideal --absorb_buffer_luts off --skip_sync_clustering_and_routing_results off --constant_net_method route --post_place_timing_report picosoc_symbiflow_post_place_timing.rpt --device castor62x44_heterogeneous --allow_unrelated_clustering on --allow_dangling_combinational_nodes on --place_delta_delay_matrix_calculation_method dijkstra --gen_post_synthesis_netlist on --post_synth_netlist_unconn_inputs gnd --inner_loop_recompute_divider 1 --max_router_iterations 1500 --timing_report_detail detailed --timing_report_npaths 100 --top picosoc_symbiflow --net_file /nfs_scratch/scratch/CompilerValidation/abdul_hameed/RTE_FAILURE_9-feb/picosoc_no_bram/results_dir/picosoc_symbiflow/run_1/synth_1_1/impl_1_1_1/packing/picosoc_symbiflow_post_synth.net --place_file /nfs_scratch/scratch/CompilerValidation/abdul_hameed/RTE_FAILURE_9-feb/picosoc_no_bram/results_dir/picosoc_symbiflow/run_1/synth_1_1/impl_1_1_1/placement/picosoc_symbiflow_post_synth.place --route_file /nfs_scratch/scratch/CompilerValidation/abdul_hameed/RTE_FAILURE_9-feb/picosoc_no_bram/results_dir/picosoc_symbiflow/run_1/synth_1_1/impl_1_1_1/routing/picosoc_symbiflow_post_synth.route --pack

Using up to 1 parallel worker(s)

Architecture file: /nfs_eda_sw/softwares/Raptor/instl_dir/02_09_2024_09_15_01/share/raptor/etc/devices/gemini_compact_62x44/gemini_vpr.xml
Circuit name: picosoc_symbiflow_post_synth

# Loading Architecture Description
Warning 1: Model 'io' input port 'outpad' has no timing specification (no clock specified to create a sequential input port, not combinationally connected to any outputs, not a clock input)
Warning 2: Model 'io' output port 'inpad' has no timing specification (no clock specified to create a sequential output port, not combinationally connected to any inputs, not a clock output)
Warning 3: Model 'dsp_phy' input port 'sc_in' has no timing specification (no clock specified to create a sequential input port, not combinationally connected to any outputs, not a clock input)
Warning 4: Model 'dsp_phy' input port 'lreset' has no timing specification (no clock specified to create a sequential input port, not combinationally connected to any outputs, not a clock input)
Warning 5: Model 'dsp_phy' output port 'sc_out' has no timing specification (no clock specified to create a sequential output port, not combinationally connected to any inputs, not a clock output)
Warning 6: Model 'RS_DSP_MULT' input port 'feedback' has no timing specification (no clock specified to create a sequential input port, not combinationally connected to any outputs, not a clock input)
Warning 7: Model 'RS_DSP_MULT' input port 'unsigned_b' has no timing specification (no clock specified to create a sequential input port, not combinationally connected to any outputs, not a clock input)
Warning 8: Model 'RS_DSP_MULT' input port 'unsigned_a' has no timing specification (no clock specified to create a sequential input port, not combinationally connected to any outputs, not a clock input)
Warning 9: Model 'RS_DSP_MULT_REGIN' input port 'lreset' has no timing specification (no clock specified to create a sequential input port, not combinationally connected to any outputs, not a clock input)
Warning 10: Model 'RS_DSP_MULT_REGIN' input port 'unsigned_b' has no timing specification (no clock specified to create a sequential input port, not combinationally connected to any outputs, not a clock input)
Warning 11: Model 'RS_DSP_MULT_REGIN' input port 'unsigned_a' has no timing specification (no clock specified to create a sequential input port, not combinationally connected to any outputs, not a clock input)
Warning 12: Model 'RS_DSP_MULT_REGOUT' input port 'lreset' has no timing specification (no clock specified to create a sequential input port, not combinationally connected to any outputs, not a clock input)
Warning 13: Model 'RS_DSP_MULT_REGOUT' input port 'unsigned_b' has no timing specification (no clock specified to create a sequential input port, not combinationally connected to any outputs, not a clock input)
Warning 14: Model 'RS_DSP_MULT_REGOUT' input port 'unsigned_a' has no timing specification (no clock specified to create a sequential input port, not combinationally connected to any outputs, not a clock input)
Warning 15: Model 'RS_DSP_MULT_REGIN_REGOUT' input port 'lreset' has no timing specification (no clock specified to create a sequential input port, not combinationally connected to any outputs, not a clock input)
Warning 16: Model 'RS_DSP_MULT_REGIN_REGOUT' input port 'unsigned_b' has no timing specification (no clock specified to create a sequential input port, not combinationally connected to any outputs, not a clock input)
Warning 17: Model 'RS_DSP_MULT_REGIN_REGOUT' input port 'unsigned_a' has no timing specification (no clock specified to create a sequential input port, not combinationally connected to any outputs, not a clock input)
Warning 18: Model 'RS_DSP_MULTADD' input port 'round' has no timing specification (no clock specified to create a sequential input port, not combinationally connected to any outputs, not a clock input)
Warning 19: Model 'RS_DSP_MULTADD' input port 'shift_right' has no timing specification (no clock specified to create a sequential input port, not combinationally connected to any outputs, not a clock input)
Warning 20: Model 'RS_DSP_MULTADD' input port 'saturate_enable' has no timing specification (no clock specified to create a sequential input port, not combinationally connected to any outputs, not a clock input)
Warning 21: Model 'RS_DSP_MULTADD' input port 'lreset' has no timing specification (no clock specified to create a sequential input port, not combinationally connected to any outputs, not a clock input)
Warning 22: Model 'RS_DSP_MULTADD' input port 'unsigned_b' has no timing specification (no clock specified to create a sequential input port, not combinationally connected to any outputs, not a clock input)
Warning 23: Model 'RS_DSP_MULTADD' input port 'unsigned_a' has no timing specification (no clock specified to create a sequential input port, not combinationally connected to any outputs, not a clock input)
Warning 24: Model 'RS_DSP_MULTADD_REGIN' input port 'round' has no timing specification (no clock specified to create a sequential input port, not combinationally connected to any outputs, not a clock input)
Warning 25: Model 'RS_DSP_MULTADD_REGIN' input port 'shift_right' has no timing specification (no clock specified to create a sequential input port, not combinationally connected to any outputs, not a clock input)
Warning 26: Model 'RS_DSP_MULTADD_REGIN' input port 'saturate_enable' has no timing specification (no clock specified to create a sequential input port, not combinationally connected to any outputs, not a clock input)
Warning 27: Model 'RS_DSP_MULTADD_REGIN' input port 'lreset' has no timing specification (no clock specified to create a sequential input port, not combinationally connected to any outputs, not a clock input)
Warning 28: Model 'RS_DSP_MULTADD_REGIN' input port 'unsigned_b' has no timing specification (no clock specified to create a sequential input port, not combinationally connected to any outputs, not a clock input)
Warning 29: Model 'RS_DSP_MULTADD_REGIN' input port 'unsigned_a' has no timing specification (no clock specified to create a sequential input port, not combinationally connected to any outputs, not a clock input)
Warning 30: Model 'RS_DSP_MULTADD_REGOUT' input port 'round' has no timing specification (no clock specified to create a sequential input port, not combinationally connected to any outputs, not a clock input)
Warning 31: Model 'RS_DSP_MULTADD_REGOUT' input port 'shift_right' has no timing specification (no clock specified to create a sequential input port, not combinationally connected to any outputs, not a clock input)
Warning 32: Model 'RS_DSP_MULTADD_REGOUT' input port 'saturate_enable' has no timing specification (no clock specified to create a sequential input port, not combinationally connected to any outputs, not a clock input)
Warning 33: Model 'RS_DSP_MULTADD_REGOUT' input port 'lreset' has no timing specification (no clock specified to create a sequential input port, not combinationally connected to any outputs, not a clock input)
Warning 34: Model 'RS_DSP_MULTADD_REGOUT' input port 'unsigned_b' has no timing specification (no clock specified to create a sequential input port, not combinationally connected to any outputs, not a clock input)
Warning 35: Model 'RS_DSP_MULTADD_REGOUT' input port 'unsigned_a' has no timing specification (no clock specified to create a sequential input port, not combinationally connected to any outputs, not a clock input)
Warning 36: Model 'RS_DSP_MULTADD_REGIN_REGOUT' input port 'round' has no timing specification (no clock specified to create a sequential input port, not combinationally connected to any outputs, not a clock input)
Warning 37: Model 'RS_DSP_MULTADD_REGIN_REGOUT' input port 'shift_right' has no timing specification (no clock specified to create a sequential input port, not combinationally connected to any outputs, not a clock input)
Warning 38: Model 'RS_DSP_MULTADD_REGIN_REGOUT' input port 'saturate_enable' has no timing specification (no clock specified to create a sequential input port, not combinationally connected to any outputs, not a clock input)
Warning 39: Model 'RS_DSP_MULTADD_REGIN_REGOUT' input port 'lreset' has no timing specification (no clock specified to create a sequential input port, not combinationally connected to any outputs, not a clock input)
Warning 40: Model 'RS_DSP_MULTADD_REGIN_REGOUT' input port 'unsigned_b' has no timing specification (no clock specified to create a sequential input port, not combinationally connected to any outputs, not a clock input)
Warning 41: Model 'RS_DSP_MULTADD_REGIN_REGOUT' input port 'unsigned_a' has no timing specification (no clock specified to create a sequential input port, not combinationally connected to any outputs, not a clock input)
Warning 42: Model 'RS_DSP_MULTACC' input port 'round' has no timing specification (no clock specified to create a sequential input port, not combinationally connected to any outputs, not a clock input)
Warning 43: Model 'RS_DSP_MULTACC' input port 'shift_right' has no timing specification (no clock specified to create a sequential input port, not combinationally connected to any outputs, not a clock input)
Warning 44: Model 'RS_DSP_MULTACC' input port 'saturate_enable' has no timing specification (no clock specified to create a sequential input port, not combinationally connected to any outputs, not a clock input)
Warning 45: Model 'RS_DSP_MULTACC' input port 'lreset' has no timing specification (no clock specified to create a sequential input port, not combinationally connected to any outputs, not a clock input)
Warning 46: Model 'RS_DSP_MULTACC' input port 'unsigned_b' has no timing specification (no clock specified to create a sequential input port, not combinationally connected to any outputs, not a clock input)
Warning 47: Model 'RS_DSP_MULTACC' input port 'unsigned_a' has no timing specification (no clock specified to create a sequential input port, not combinationally connected to any outputs, not a clock input)
Warning 48: Model 'RS_DSP_MULTACC_REGIN' input port 'round' has no timing specification (no clock specified to create a sequential input port, not combinationally connected to any outputs, not a clock input)
Warning 49: Model 'RS_DSP_MULTACC_REGIN' input port 'shift_right' has no timing specification (no clock specified to create a sequential input port, not combinationally connected to any outputs, not a clock input)
Warning 50: Model 'RS_DSP_MULTACC_REGIN' input port 'saturate_enable' has no timing specification (no clock specified to create a sequential input port, not combinationally connected to any outputs, not a clock input)
Warning 51: Model 'RS_DSP_MULTACC_REGIN' input port 'lreset' has no timing specification (no clock specified to create a sequential input port, not combinationally connected to any outputs, not a clock input)
Warning 52: Model 'RS_DSP_MULTACC_REGIN' input port 'unsigned_b' has no timing specification (no clock specified to create a sequential input port, not combinationally connected to any outputs, not a clock input)
Warning 53: Model 'RS_DSP_MULTACC_REGIN' input port 'unsigned_a' has no timing specification (no clock specified to create a sequential input port, not combinationally connected to any outputs, not a clock input)
Warning 54: Model 'RS_DSP_MULTACC_REGOUT' input port 'round' has no timing specification (no clock specified to create a sequential input port, not combinationally connected to any outputs, not a clock input)
Warning 55: Model 'RS_DSP_MULTACC_REGOUT' input port 'shift_right' has no timing specification (no clock specified to create a sequential input port, not combinationally connected to any outputs, not a clock input)
Warning 56: Model 'RS_DSP_MULTACC_REGOUT' input port 'saturate_enable' has no timing specification (no clock specified to create a sequential input port, not combinationally connected to any outputs, not a clock input)
Warning 57: Model 'RS_DSP_MULTACC_REGOUT' input port 'lreset' has no timing specification (no clock specified to create a sequential input port, not combinationally connected to any outputs, not a clock input)
Warning 58: Model 'RS_DSP_MULTACC_REGOUT' input port 'unsigned_b' has no timing specification (no clock specified to create a sequential input port, not combinationally connected to any outputs, not a clock input)
Warning 59: Model 'RS_DSP_MULTACC_REGOUT' input port 'unsigned_a' has no timing specification (no clock specified to create a sequential input port, not combinationally connected to any outputs, not a clock input)
Warning 60: Model 'RS_DSP_MULTACC_REGIN_REGOUT' input port 'round' has no timing specification (no clock specified to create a sequential input port, not combinationally connected to any outputs, not a clock input)
Warning 61: Model 'RS_DSP_MULTACC_REGIN_REGOUT' input port 'shift_right' has no timing specification (no clock specified to create a sequential input port, not combinationally connected to any outputs, not a clock input)
Warning 62: Model 'RS_DSP_MULTACC_REGIN_REGOUT' input port 'saturate_enable' has no timing specification (no clock specified to create a sequential input port, not combinationally connected to any outputs, not a clock input)
Warning 63: Model 'RS_DSP_MULTACC_REGIN_REGOUT' input port 'lreset' has no timing specification (no clock specified to create a sequential input port, not combinationally connected to any outputs, not a clock input)
Warning 64: Model 'RS_DSP_MULTACC_REGIN_REGOUT' input port 'unsigned_b' has no timing specification (no clock specified to create a sequential input port, not combinationally connected to any outputs, not a clock input)
Warning 65: Model 'RS_DSP_MULTACC_REGIN_REGOUT' input port 'unsigned_a' has no timing specification (no clock specified to create a sequential input port, not combinationally connected to any outputs, not a clock input)
Warning 66: Model 'bram_phy' input port 'sc_in' has no timing specification (no clock specified to create a sequential input port, not combinationally connected to any outputs, not a clock input)
Warning 67: Model 'bram_phy' output port 'sc_out' has no timing specification (no clock specified to create a sequential output port, not combinationally connected to any inputs, not a clock output)
Warning 68: Model 'bram_phy' output port 'PL_DATA_o' has no timing specification (no clock specified to create a sequential output port, not combinationally connected to any inputs, not a clock output)
Warning 69: Model 'bram_phy' output port 'PL_ADDR_o' has no timing specification (no clock specified to create a sequential output port, not combinationally connected to any inputs, not a clock output)
Warning 70: Model 'bram_phy' output port 'PL_WEN_o' has no timing specification (no clock specified to create a sequential output port, not combinationally connected to any inputs, not a clock output)
Warning 71: Model 'bram_phy' output port 'PL_CLK_o' has no timing specification (no clock specified to create a sequential output port, not combinationally connected to any inputs, not a clock output)
Warning 72: Model 'bram_phy' output port 'PL_REN_o' has no timing specification (no clock specified to create a sequential output port, not combinationally connected to any inputs, not a clock output)
Warning 73: Model 'bram_phy' output port 'PL_ENA_o' has no timing specification (no clock specified to create a sequential output port, not combinationally connected to any inputs, not a clock output)
Warning 74: Model 'bram_phy' output port 'PL_INIT_o' has no timing specification (no clock specified to create a sequential output port, not combinationally connected to any inputs, not a clock output)
mode 'io[physical]' is defined by user to be disabled in packing
mode 'iopad[default]' is defined by user to be disabled in packing
mode 'fle[physical]' is defined by user to be disabled in packing
mode 'fabric[default]' is defined by user to be disabled in packing
mode 'ff_bypass[default]' is defined by user to be disabled in packing
mode 'dsp_lr[physical]' is defined by user to be disabled in packing
mode 'bram_lr[physical]' is defined by user to be disabled in packing
# Loading Architecture Description took 0.06 seconds (max_rss 76.6 MiB, delta_rss +0.0 MiB)

Timing analysis: ON
Circuit netlist file: /nfs_scratch/scratch/CompilerValidation/abdul_hameed/RTE_FAILURE_9-feb/picosoc_no_bram/results_dir/picosoc_symbiflow/run_1/synth_1_1/impl_1_1_1/packing/picosoc_symbiflow_post_synth.net
Circuit placement file: /nfs_scratch/scratch/CompilerValidation/abdul_hameed/RTE_FAILURE_9-feb/picosoc_no_bram/results_dir/picosoc_symbiflow/run_1/synth_1_1/impl_1_1_1/placement/picosoc_symbiflow_post_synth.place
Circuit routing file: /nfs_scratch/scratch/CompilerValidation/abdul_hameed/RTE_FAILURE_9-feb/picosoc_no_bram/results_dir/picosoc_symbiflow/run_1/synth_1_1/impl_1_1_1/routing/picosoc_symbiflow_post_synth.route
Circuit SDC file: /nfs_scratch/scratch/CompilerValidation/abdul_hameed/RTE_FAILURE_9-feb/picosoc_no_bram/results_dir/picosoc_symbiflow/run_1/synth_1_1/impl_1_1_1/packing/picosoc_symbiflow_openfpga.sdc
Vpr floorplanning constraints file: not specified

Packer: ENABLED
Placer: DISABLED
Router: DISABLED
Analysis: DISABLED

VPR was run with the following options:

NetlistOpts.abosrb_buffer_luts            : false
NetlistOpts.sweep_dangling_primary_ios    : true
NetlistOpts.sweep_dangling_nets           : true
NetlistOpts.sweep_dangling_blocks         : true
NetlistOpts.sweep_constant_primary_outputs: false
NetlistOpts.netlist_verbosity             : 1
NetlistOpts.const_gen_inference           : COMB_SEQ

PackerOpts.allow_unrelated_clustering: true
PackerOpts.alpha_clustering: 0.750000
PackerOpts.beta_clustering: 0.900000
PackerOpts.cluster_seed_type: BLEND2
PackerOpts.connection_driven: true
PackerOpts.global_clocks: true
PackerOpts.hill_climbing_flag: false
PackerOpts.inter_cluster_net_delay: 1.000000
PackerOpts.timing_driven: true
PackerOpts.target_external_pin_util: auto

# Building complex block graph
Warning 75: clb[0].sr_in[0] unconnected pin in architecture.
Warning 76: clb[0].sr_out[0] unconnected pin in architecture.
Warning 77: dsp[0].sr_in[0] unconnected pin in architecture.
Warning 78: dsp[0].sr_in[1] unconnected pin in architecture.
Warning 79: dsp[0].sr_in[2] unconnected pin in architecture.
Warning 80: dsp[0].sr_out[0] unconnected pin in architecture.
Warning 81: dsp[0].sr_out[1] unconnected pin in architecture.
Warning 82: dsp[0].sr_out[2] unconnected pin in architecture.
Warning 83: bram[0].sr_in[0] unconnected pin in architecture.
Warning 84: bram[0].sr_in[1] unconnected pin in architecture.
Warning 85: bram[0].sr_in[2] unconnected pin in architecture.
Warning 86: bram[0].sr_in[3] unconnected pin in architecture.
Warning 87: bram[0].sr_in[4] unconnected pin in architecture.
Warning 88: bram[0].sr_in[5] unconnected pin in architecture.
Warning 89: bram[0].plr_i[0] unconnected pin in architecture.
Warning 90: bram[0].plr_i[1] unconnected pin in architecture.
Warning 91: bram[0].plr_i[2] unconnected pin in architecture.
Warning 92: bram[0].plr_i[3] unconnected pin in architecture.
Warning 93: bram[0].plr_i[4] unconnected pin in architecture.
Warning 94: bram[0].plr_i[5] unconnected pin in architecture.
Warning 95: bram[0].plr_i[6] unconnected pin in architecture.
Warning 96: bram[0].plr_i[7] unconnected pin in architecture.
Warning 97: bram[0].plr_i[8] unconnected pin in architecture.
Warning 98: bram[0].plr_i[9] unconnected pin in architecture.
Warning 99: bram[0].plr_i[10] unconnected pin in architecture.
Warning 100: bram[0].plr_i[11] unconnected pin in architecture.
Warning 101: bram[0].plr_i[12] unconnected pin in architecture.
Warning 102: bram[0].plr_i[13] unconnected pin in architecture.
Warning 103: bram[0].plr_i[14] unconnected pin in architecture.
Warning 104: bram[0].plr_i[15] unconnected pin in architecture.
Warning 105: bram[0].plr_i[16] unconnected pin in architecture.
Warning 106: bram[0].plr_i[17] unconnected pin in architecture.
Warning 107: bram[0].plr_i[18] unconnected pin in architecture.
Warning 108: bram[0].plr_i[19] unconnected pin in architecture.
Warning 109: bram[0].plr_i[20] unconnected pin in architecture.
Warning 110: bram[0].plr_i[21] unconnected pin in architecture.
Warning 111: bram[0].plr_i[22] unconnected pin in architecture.
Warning 112: bram[0].plr_i[23] unconnected pin in architecture.
Warning 113: bram[0].plr_i[24] unconnected pin in architecture.
Warning 114: bram[0].plr_i[25] unconnected pin in architecture.
Warning 115: bram[0].plr_i[26] unconnected pin in architecture.
Warning 116: bram[0].plr_i[27] unconnected pin in architecture.
Warning 117: bram[0].plr_i[28] unconnected pin in architecture.
Warning 118: bram[0].plr_i[29] unconnected pin in architecture.
Warning 119: bram[0].plr_i[30] unconnected pin in architecture.
Warning 120: bram[0].plr_i[31] unconnected pin in architecture.
Warning 121: bram[0].plr_i[32] unconnected pin in architecture.
Warning 122: bram[0].plr_i[33] unconnected pin in architecture.
Warning 123: bram[0].plr_i[34] unconnected pin in architecture.
Warning 124: bram[0].plr_i[35] unconnected pin in architecture.
Warning 125: bram[0].sr_out[0] unconnected pin in architecture.
Warning 126: bram[0].sr_out[1] unconnected pin in architecture.
Warning 127: bram[0].sr_out[2] unconnected pin in architecture.
Warning 128: bram[0].sr_out[3] unconnected pin in architecture.
Warning 129: bram[0].sr_out[4] unconnected pin in architecture.
Warning 130: bram[0].sr_out[5] unconnected pin in architecture.
Warning 131: bram[0].plr_o[0] unconnected pin in architecture.
Warning 132: bram[0].plr_o[1] unconnected pin in architecture.
Warning 133: bram[0].plr_o[2] unconnected pin in architecture.
Warning 134: bram[0].plr_o[3] unconnected pin in architecture.
Warning 135: bram[0].plr_o[4] unconnected pin in architecture.
Warning 136: bram[0].plr_o[5] unconnected pin in architecture.
Warning 137: bram[0].plr_o[6] unconnected pin in architecture.
Warning 138: bram[0].plr_o[7] unconnected pin in architecture.
Warning 139: bram[0].plr_o[8] unconnected pin in architecture.
Warning 140: bram[0].plr_o[9] unconnected pin in architecture.
Warning 141: bram[0].plr_o[10] unconnected pin in architecture.
Warning 142: bram[0].plr_o[11] unconnected pin in architecture.
Warning 143: bram[0].plr_o[12] unconnected pin in architecture.
Warning 144: bram[0].plr_o[13] unconnected pin in architecture.
Warning 145: bram[0].plr_o[14] unconnected pin in architecture.
Warning 146: bram[0].plr_o[15] unconnected pin in architecture.
Warning 147: bram[0].plr_o[16] unconnected pin in architecture.
Warning 148: bram[0].plr_o[17] unconnected pin in architecture.
Warning 149: bram[0].plr_o[18] unconnected pin in architecture.
Warning 150: bram[0].plr_o[19] unconnected pin in architecture.
Warning 151: bram[0].plr_o[20] unconnected pin in architecture.
Warning 152: bram[0].plr_o[21] unconnected pin in architecture.
Warning 153: bram[0].plr_o[22] unconnected pin in architecture.
Warning 154: bram[0].plr_o[23] unconnected pin in architecture.
Warning 155: bram[0].plr_o[24] unconnected pin in architecture.
Warning 156: bram[0].plr_o[25] unconnected pin in architecture.
Warning 157: bram[0].plr_o[26] unconnected pin in architecture.
Warning 158: bram[0].plr_o[27] unconnected pin in architecture.
Warning 159: bram[0].plr_o[28] unconnected pin in architecture.
Warning 160: bram[0].plr_o[29] unconnected pin in architecture.
Warning 161: bram[0].plr_o[30] unconnected pin in architecture.
Warning 162: bram[0].plr_o[31] unconnected pin in architecture.
Warning 163: bram[0].plr_o[32] unconnected pin in architecture.
Warning 164: bram[0].plr_o[33] unconnected pin in architecture.
Warning 165: bram[0].plr_o[34] unconnected pin in architecture.
Warning 166: bram[0].plr_o[35] unconnected pin in architecture.
# Building complex block graph took 0.03 seconds (max_rss 76.6 MiB, delta_rss +0.0 MiB)
Circuit file: /nfs_scratch/scratch/CompilerValidation/abdul_hameed/RTE_FAILURE_9-feb/picosoc_no_bram/results_dir/picosoc_symbiflow/run_1/synth_1_1/synthesis/picosoc_symbiflow_post_synth.eblif
# Load circuit
Found constant-zero generator '$false'
Found constant-one generator '$true'
Found constant-zero generator '$undef'
# Load circuit took 0.90 seconds (max_rss 88.7 MiB, delta_rss +12.1 MiB)
# Clean circuit
Inferred    6 additional primitive pins as constant generators since they have no combinationally connected inputs
Inferred  166 additional primitive pins as constant generators due to constant inputs
Inferred    0 additional primitive pins as constant generators since they have no combinationally connected inputs
Inferred    0 additional primitive pins as constant generators due to constant inputs
Inferred    0 additional primitive pins as constant generators since they have no combinationally connected inputs
Inferred    0 additional primitive pins as constant generators due to constant inputs
Inferred    0 additional primitive pins as constant generators since they have no combinationally connected inputs
Inferred    0 additional primitive pins as constant generators due to constant inputs
Swept input(s)      : 0
Swept output(s)     : 0 (0 dangling, 0 constant)
Swept net(s)        : 496
Swept block(s)      : 309
Constant Pins Marked: 172
# Clean circuit took 0.02 seconds (max_rss 88.7 MiB, delta_rss +0.0 MiB)
# Compress circuit
# Compress circuit took 0.08 seconds (max_rss 88.7 MiB, delta_rss +0.0 MiB)
# Verify circuit
# Verify circuit took 0.01 seconds (max_rss 88.7 MiB, delta_rss +0.0 MiB)
Circuit Statistics:
  Blocks: 19099
    .input     :      18
    .output    :      17
    0-LUT      :       2
    6-LUT      :    7931
    adder_carry:     541
    dffre      :   10590
  Nets  : 19410
    Avg Fanout:     4.4
    Max Fanout: 10997.0
    Min Fanout:     1.0
  Netlist Clocks: 1
# Build Timing Graph
  Timing Graph Nodes: 104233
  Timing Graph Edges: 170269
  Timing Graph Levels: 134
# Build Timing Graph took 0.23 seconds (max_rss 88.7 MiB, delta_rss +0.0 MiB)
Netlist contains 1 clocks
  Netlist Clock 'clk' Fanout: 10590 pins (10.2%), 10590 blocks (55.4%)
# Load Timing Constraints

Applied 1 SDC commands from '/nfs_scratch/scratch/CompilerValidation/abdul_hameed/RTE_FAILURE_9-feb/picosoc_no_bram/results_dir/picosoc_symbiflow/run_1/synth_1_1/impl_1_1_1/packing/picosoc_symbiflow_openfpga.sdc'
Timing constraints created 1 clocks
  Constrained Clock 'clk' Source: 'clk.inpad[0]'

# Load Timing Constraints took 0.02 seconds (max_rss 88.7 MiB, delta_rss +0.0 MiB)
# Packing
Begin packing '/nfs_scratch/scratch/CompilerValidation/abdul_hameed/RTE_FAILURE_9-feb/picosoc_no_bram/results_dir/picosoc_symbiflow/run_1/synth_1_1/synthesis/picosoc_symbiflow_post_synth.eblif'.

After removing unused inputs...
	total blocks: 19099, total nets: 19410, total inputs: 18, total outputs: 17
Begin prepacking.

There is one chain in this architecture called "carrychain" with the following starting points:
	clb[0]/clb_lr[0]/fle[0]/adder[0]/adder_carry[0].cin[0]

0 attraction groups were created during prepacking.
Finish prepacking.
Using inter-cluster delay: 8.9048e-10
Packing with pin utilization targets: io_top:1,1 io_right:1,1 io_bottom:1,1 io_left:1,1 clb:0.8,1 dsp:1,1 bram:1,1
Packing with high fanout thresholds: io_top:128 io_right:128 io_bottom:128 io_left:128 clb:32 dsp:128 bram:128
Warning 167: 17 timing startpoints were not constrained during timing analysis
Warning 168: 33 timing endpoints were not constrained during timing analysis
Starting Clustering - Clustering Progress: 
-------------------   --------------------------   ---------
Molecules processed   Number of clusters created   FPGA size
-------------------   --------------------------   ---------
Failed route at end, repack cluster trying detailed routing at each stage.
Failed route at end, repack cluster trying detailed routing at each stage.
Failed route at end, repack cluster trying detailed routing at each stage.
Failed route at end, repack cluster trying detailed routing at each stage.
Failed route at end, repack cluster trying detailed routing at each stage.
Failed route at end, repack cluster trying detailed routing at each stage.
Failed route at end, repack cluster trying detailed routing at each stage.
Failed route at end, repack cluster trying detailed routing at each stage.
Failed route at end, repack cluster trying detailed routing at each stage.
Failed route at end, repack cluster trying detailed routing at each stage.
Failed route at end, repack cluster trying detailed routing at each stage.
Failed route at end, repack cluster trying detailed routing at each stage.
Failed route at end, repack cluster trying detailed routing at each stage.
Failed route at end, repack cluster trying detailed routing at each stage.
   694/17367     3%                           81    64 x 46    
Failed route at end, repack cluster trying detailed routing at each stage.
Failed route at end, repack cluster trying detailed routing at each stage.
Failed route at end, repack cluster trying detailed routing at each stage.
Failed route at end, repack cluster trying detailed routing at each stage.
Failed route at end, repack cluster trying detailed routing at each stage.
Failed route at end, repack cluster trying detailed routing at each stage.
Failed route at end, repack cluster trying detailed routing at each stage.
Failed route at end, repack cluster trying detailed routing at each stage.
Failed route at end, repack cluster trying detailed routing at each stage.
Failed route at end, repack cluster trying detailed routing at each stage.
Failed route at end, repack cluster trying detailed routing at each stage.
Failed route at end, repack cluster trying detailed routing at each stage.
Failed route at end, repack cluster trying detailed routing at each stage.
Failed route at end, repack cluster trying detailed routing at each stage.
Failed route at end, repack cluster trying detailed routing at each stage.
Failed route at end, repack cluster trying detailed routing at each stage.
Failed route at end, repack cluster trying detailed routing at each stage.
Failed route at end, repack cluster trying detailed routing at each stage.
Failed route at end, repack cluster trying detailed routing at each stage.
Failed route at end, repack cluster trying detailed routing at each stage.
Failed route at end, repack cluster trying detailed routing at each stage.
Failed route at end, repack cluster trying detailed routing at each stage.
Failed route at end, repack cluster trying detailed routing at each stage.
Failed route at end, repack cluster trying detailed routing at each stage.
Failed route at end, repack cluster trying detailed routing at each stage.
Failed route at end, repack cluster trying detailed routing at each stage.
Failed route at end, repack cluster trying detailed routing at each stage.
Failed route at end, repack cluster trying detailed routing at each stage.
Failed route at end, repack cluster trying detailed routing at each stage.
Failed route at end, repack cluster trying detailed routing at each stage.
Failed route at end, repack cluster trying detailed routing at each stage.
Failed route at end, repack cluster trying detailed routing at each stage.
Failed route at end, repack cluster trying detailed routing at each stage.
  1388/17367     7%                          117    64 x 46    
Failed route at end, repack cluster trying detailed routing at each stage.
Failed route at end, repack cluster trying detailed routing at each stage.
Failed route at end, repack cluster trying detailed routing at each stage.
Failed route at end, repack cluster trying detailed routing at each stage.
Failed route at end, repack cluster trying detailed routing at each stage.
Failed route at end, repack cluster trying detailed routing at each stage.
Failed route at end, repack cluster trying detailed routing at each stage.
Failed route at end, repack cluster trying detailed routing at each stage.
Failed route at end, repack cluster trying detailed routing at each stage.
Failed route at end, repack cluster trying detailed routing at each stage.
Failed route at end, repack cluster trying detailed routing at each stage.
Failed route at end, repack cluster trying detailed routing at each stage.
Failed route at end, repack cluster trying detailed routing at each stage.
Failed route at end, repack cluster trying detailed routing at each stage.
Failed route at end, repack cluster trying detailed routing at each stage.
Failed route at end, repack cluster trying detailed routing at each stage.
Failed route at end, repack cluster trying detailed routing at each stage.
Failed route at end, repack cluster trying detailed routing at each stage.
Failed route at end, repack cluster trying detailed routing at each stage.
Failed route at end, repack cluster trying detailed routing at each stage.
Failed route at end, repack cluster trying detailed routing at each stage.
Failed route at end, repack cluster trying detailed routing at each stage.
Failed route at end, repack cluster trying detailed routing at each stage.
Failed route at end, repack cluster trying detailed routing at each stage.
Failed route at end, repack cluster trying detailed routing at each stage.
Failed route at end, repack cluster trying detailed routing at each stage.
Failed route at end, repack cluster trying detailed routing at each stage.
Failed route at end, repack cluster trying detailed routing at each stage.
Failed route at end, repack cluster trying detailed routing at each stage.
Failed route at end, repack cluster trying detailed routing at each stage.
Failed route at end, repack cluster trying detailed routing at each stage.
Failed route at end, repack cluster trying detailed routing at each stage.
  2082/17367    11%                          152    64 x 46    
Failed route at end, repack cluster trying detailed routing at each stage.
Failed route at end, repack cluster trying detailed routing at each stage.
Failed route at end, repack cluster trying detailed routing at each stage.
Failed route at end, repack cluster trying detailed routing at each stage.
Failed route at end, repack cluster trying detailed routing at each stage.
Failed route at end, repack cluster trying detailed routing at each stage.
Failed route at end, repack cluster trying detailed routing at each stage.
Failed route at end, repack cluster trying detailed routing at each stage.
Failed route at end, repack cluster trying detailed routing at each stage.
Failed route at end, repack cluster trying detailed routing at each stage.
Failed route at end, repack cluster trying detailed routing at each stage.
Failed route at end, repack cluster trying detailed routing at each stage.
Failed route at end, repack cluster trying detailed routing at each stage.
Failed route at end, repack cluster trying detailed routing at each stage.
Failed route at end, repack cluster trying detailed routing at each stage.
Failed route at end, repack cluster trying detailed routing at each stage.
Failed route at end, repack cluster trying detailed routing at each stage.
Failed route at end, repack cluster trying detailed routing at each stage.
Failed route at end, repack cluster trying detailed routing at each stage.
Failed route at end, repack cluster trying detailed routing at each stage.
Failed route at end, repack cluster trying detailed routing at each stage.
Failed route at end, repack cluster trying detailed routing at each stage.
Failed route at end, repack cluster trying detailed routing at each stage.
Failed route at end, repack cluster trying detailed routing at each stage.
Failed route at end, repack cluster trying detailed routing at each stage.
Failed route at end, repack cluster trying detailed routing at each stage.
Failed route at end, repack cluster trying detailed routing at each stage.
Failed route at end, repack cluster trying detailed routing at each stage.
Failed route at end, repack cluster trying detailed routing at each stage.
Failed route at end, repack cluster trying detailed routing at each stage.
Failed route at end, repack cluster trying detailed routing at each stage.
Failed route at end, repack cluster trying detailed routing at each stage.
Failed route at end, repack cluster trying detailed routing at each stage.
  2776/17367    15%                          189    64 x 46    
Failed route at end, repack cluster trying detailed routing at each stage.
Failed route at end, repack cluster trying detailed routing at each stage.
Failed route at end, repack cluster trying detailed routing at each stage.
Failed route at end, repack cluster trying detailed routing at each stage.
Failed route at end, repack cluster trying detailed routing at each stage.
Failed route at end, repack cluster trying detailed routing at each stage.
Failed route at end, repack cluster trying detailed routing at each stage.
Failed route at end, repack cluster trying detailed routing at each stage.
Failed route at end, repack cluster trying detailed routing at each stage.
Failed route at end, repack cluster trying detailed routing at each stage.
Failed route at end, repack cluster trying detailed routing at each stage.
Failed route at end, repack cluster trying detailed routing at each stage.
Failed route at end, repack cluster trying detailed routing at each stage.
Failed route at end, repack cluster trying detailed routing at each stage.
Failed route at end, repack cluster trying detailed routing at each stage.
Failed route at end, repack cluster trying detailed routing at each stage.
Failed route at end, repack cluster trying detailed routing at each stage.
Failed route at end, repack cluster trying detailed routing at each stage.
Failed route at end, repack cluster trying detailed routing at each stage.
Failed route at end, repack cluster trying detailed routing at each stage.
Failed route at end, repack cluster trying detailed routing at each stage.
Failed route at end, repack cluster trying detailed routing at each stage.
Failed route at end, repack cluster trying detailed routing at each stage.
Failed route at end, repack cluster trying detailed routing at each stage.
Failed route at end, repack cluster trying detailed routing at each stage.
Failed route at end, repack cluster trying detailed routing at each stage.
Failed route at end, repack cluster trying detailed routing at each stage.
Failed route at end, repack cluster trying detailed routing at each stage.
Failed route at end, repack cluster trying detailed routing at each stage.
Failed route at end, repack cluster trying detailed routing at each stage.
  3470/17367    19%                          227    64 x 46    
Failed route at end, repack cluster trying detailed routing at each stage.
Failed route at end, repack cluster trying detailed routing at each stage.
Failed route at end, repack cluster trying detailed routing at each stage.
Failed route at end, repack cluster trying detailed routing at each stage.
Failed route at end, repack cluster trying detailed routing at each stage.
Failed route at end, repack cluster trying detailed routing at each stage.
Failed route at end, repack cluster trying detailed routing at each stage.
Failed route at end, repack cluster trying detailed routing at each stage.
Failed route at end, repack cluster trying detailed routing at each stage.
Failed route at end, repack cluster trying detailed routing at each stage.
Failed route at end, repack cluster trying detailed routing at each stage.
Failed route at end, repack cluster trying detailed routing at each stage.
Failed route at end, repack cluster trying detailed routing at each stage.
Failed route at end, repack cluster trying detailed routing at each stage.
Failed route at end, repack cluster trying detailed routing at each stage.
Failed route at end, repack cluster trying detailed routing at each stage.
Failed route at end, repack cluster trying detailed routing at each stage.
Failed route at end, repack cluster trying detailed routing at each stage.
Failed route at end, repack cluster trying detailed routing at each stage.
Failed route at end, repack cluster trying detailed routing at each stage.
Failed route at end, repack cluster trying detailed routing at each stage.
Failed route at end, repack cluster trying detailed routing at each stage.
Failed route at end, repack cluster trying detailed routing at each stage.
Failed route at end, repack cluster trying detailed routing at each stage.
Failed route at end, repack cluster trying detailed routing at each stage.
Failed route at end, repack cluster trying detailed routing at each stage.
Failed route at end, repack cluster trying detailed routing at each stage.
Failed route at end, repack cluster trying detailed routing at each stage.
Failed route at end, repack cluster trying detailed routing at each stage.
Failed route at end, repack cluster trying detailed routing at each stage.
  4164/17367    23%                          265    64 x 46    
Failed route at end, repack cluster trying detailed routing at each stage.
Failed route at end, repack cluster trying detailed routing at each stage.
Failed route at end, repack cluster trying detailed routing at each stage.
Failed route at end, repack cluster trying detailed routing at each stage.
Failed route at end, repack cluster trying detailed routing at each stage.
Failed route at end, repack cluster trying detailed routing at each stage.
Failed route at end, repack cluster trying detailed routing at each stage.
Failed route at end, repack cluster trying detailed routing at each stage.
Failed route at end, repack cluster trying detailed routing at each stage.
Failed route at end, repack cluster trying detailed routing at each stage.
Failed route at end, repack cluster trying detailed routing at each stage.
Failed route at end, repack cluster trying detailed routing at each stage.
Failed route at end, repack cluster trying detailed routing at each stage.
Failed route at end, repack cluster trying detailed routing at each stage.
Failed route at end, repack cluster trying detailed routing at each stage.
Failed route at end, repack cluster trying detailed routing at each stage.
Failed route at end, repack cluster trying detailed routing at each stage.
Failed route at end, repack cluster trying detailed routing at each stage.
Failed route at end, repack cluster trying detailed routing at each stage.
Failed route at end, repack cluster trying detailed routing at each stage.
Failed route at end, repack cluster trying detailed routing at each stage.
Failed route at end, repack cluster trying detailed routing at each stage.
Failed route at end, repack cluster trying detailed routing at each stage.
Failed route at end, repack cluster trying detailed routing at each stage.
Failed route at end, repack cluster trying detailed routing at each stage.
Failed route at end, repack cluster trying detailed routing at each stage.
  4858/17367    27%                          308    64 x 46    
Failed route at end, repack cluster trying detailed routing at each stage.
Failed route at end, repack cluster trying detailed routing at each stage.
Failed route at end, repack cluster trying detailed routing at each stage.
Failed route at end, repack cluster trying detailed routing at each stage.
Failed route at end, repack cluster trying detailed routing at each stage.
Failed route at end, repack cluster trying detailed routing at each stage.
Failed route at end, repack cluster trying detailed routing at each stage.
Failed route at end, repack cluster trying detailed routing at each stage.
Failed route at end, repack cluster trying detailed routing at each stage.
Failed route at end, repack cluster trying detailed routing at each stage.
Failed route at end, repack cluster trying detailed routing at each stage.
Failed route at end, repack cluster trying detailed routing at each stage.
Failed route at end, repack cluster trying detailed routing at each stage.
Failed route at end, repack cluster trying detailed routing at each stage.
Failed route at end, repack cluster trying detailed routing at each stage.
Failed route at end, repack cluster trying detailed routing at each stage.
Failed route at end, repack cluster trying detailed routing at each stage.
Failed route at end, repack cluster trying detailed routing at each stage.
Failed route at end, repack cluster trying detailed routing at each stage.
Failed route at end, repack cluster trying detailed routing at each stage.
Failed route at end, repack cluster trying detailed routing at each stage.
Failed route at end, repack cluster trying detailed routing at each stage.
Failed route at end, repack cluster trying detailed routing at each stage.
Failed route at end, repack cluster trying detailed routing at each stage.
Failed route at end, repack cluster trying detailed routing at each stage.
Failed route at end, repack cluster trying detailed routing at each stage.
Failed route at end, repack cluster trying detailed routing at each stage.
Failed route at end, repack cluster trying detailed routing at each stage.
Failed route at end, repack cluster trying detailed routing at each stage.
Failed route at end, repack cluster trying detailed routing at each stage.
Failed route at end, repack cluster trying detailed routing at each stage.
Failed route at end, repack cluster trying detailed routing at each stage.
  5552/17367    31%                          342    64 x 46    
Failed route at end, repack cluster trying detailed routing at each stage.
Failed route at end, repack cluster trying detailed routing at each stage.
Failed route at end, repack cluster trying detailed routing at each stage.
Failed route at end, repack cluster trying detailed routing at each stage.
Failed route at end, repack cluster trying detailed routing at each stage.
Failed route at end, repack cluster trying detailed routing at each stage.
Failed route at end, repack cluster trying detailed routing at each stage.
Failed route at end, repack cluster trying detailed routing at each stage.
Failed route at end, repack cluster trying detailed routing at each stage.
Failed route at end, repack cluster trying detailed routing at each stage.
Failed route at end, repack cluster trying detailed routing at each stage.
Failed route at end, repack cluster trying detailed routing at each stage.
Failed route at end, repack cluster trying detailed routing at each stage.
Failed route at end, repack cluster trying detailed routing at each stage.
Failed route at end, repack cluster trying detailed routing at each stage.
Failed route at end, repack cluster trying detailed routing at each stage.
Failed route at end, repack cluster trying detailed routing at each stage.
Failed route at end, repack cluster trying detailed routing at each stage.
Failed route at end, repack cluster trying detailed routing at each stage.
Failed route at end, repack cluster trying detailed routing at each stage.
Failed route at end, repack cluster trying detailed routing at each stage.
Failed route at end, repack cluster trying detailed routing at each stage.
Failed route at end, repack cluster trying detailed routing at each stage.
Failed route at end, repack cluster trying detailed routing at each stage.
Failed route at end, repack cluster trying detailed routing at each stage.
Failed route at end, repack cluster trying detailed routing at each stage.
Failed route at end, repack cluster trying detailed routing at each stage.
Failed route at end, repack cluster trying detailed routing at each stage.
Failed route at end, repack cluster trying detailed routing at each stage.
  6246/17367    35%                          378    64 x 46    
Failed route at end, repack cluster trying detailed routing at each stage.
Failed route at end, repack cluster trying detailed routing at each stage.
Failed route at end, repack cluster trying detailed routing at each stage.
Failed route at end, repack cluster trying detailed routing at each stage.
Failed route at end, repack cluster trying detailed routing at each stage.
Failed route at end, repack cluster trying detailed routing at each stage.
Failed route at end, repack cluster trying detailed routing at each stage.
Failed route at end, repack cluster trying detailed routing at each stage.
Failed route at end, repack cluster trying detailed routing at each stage.
Failed route at end, repack cluster trying detailed routing at each stage.
Failed route at end, repack cluster trying detailed routing at each stage.
Failed route at end, repack cluster trying detailed routing at each stage.
Failed route at end, repack cluster trying detailed routing at each stage.
Failed route at end, repack cluster trying detailed routing at each stage.
Failed route at end, repack cluster trying detailed routing at each stage.
Failed route at end, repack cluster trying detailed routing at each stage.
Failed route at end, repack cluster trying detailed routing at each stage.
Failed route at end, repack cluster trying detailed routing at each stage.
Failed route at end, repack cluster trying detailed routing at each stage.
  6940/17367    39%                          425    64 x 46    
Failed route at end, repack cluster trying detailed routing at each stage.
Failed route at end, repack cluster trying detailed routing at each stage.
Failed route at end, repack cluster trying detailed routing at each stage.
  7634/17367    43%                          485    64 x 46    
Failed route at end, repack cluster trying detailed routing at each stage.
Failed route at end, repack cluster trying detailed routing at each stage.
Failed route at end, repack cluster trying detailed routing at each stage.
Failed route at end, repack cluster trying detailed routing at each stage.
Failed route at end, repack cluster trying detailed routing at each stage.
Failed route at end, repack cluster trying detailed routing at each stage.
  8328/17367    47%                          539    64 x 46    
Failed route at end, repack cluster trying detailed routing at each stage.
Failed route at end, repack cluster trying detailed routing at each stage.
Failed route at end, repack cluster trying detailed routing at each stage.
Failed route at end, repack cluster trying detailed routing at each stage.
Failed route at end, repack cluster trying detailed routing at each stage.
  9022/17367    51%                          593    64 x 46    
Failed route at end, repack cluster trying detailed routing at each stage.
Failed route at end, repack cluster trying detailed routing at each stage.
Failed route at end, repack cluster trying detailed routing at each stage.
  9716/17367    55%                          645    64 x 46    
Failed route at end, repack cluster trying detailed routing at each stage.
Failed route at end, repack cluster trying detailed routing at each stage.
Failed route at end, repack cluster trying detailed routing at each stage.
Failed route at end, repack cluster trying detailed routing at each stage.
Failed route at end, repack cluster trying detailed routing at each stage.
Failed route at end, repack cluster trying detailed routing at each stage.
Failed route at end, repack cluster trying detailed routing at each stage.
 10410/17367    59%                          695    64 x 46    
Failed route at end, repack cluster trying detailed routing at each stage.
Failed route at end, repack cluster trying detailed routing at each stage.
Failed route at end, repack cluster trying detailed routing at each stage.
 11104/17367    63%                          751    64 x 46    
Failed route at end, repack cluster trying detailed routing at each stage.
Failed route at end, repack cluster trying detailed routing at each stage.
Failed route at end, repack cluster trying detailed routing at each stage.
 11798/17367    67%                          804    64 x 46    
Failed route at end, repack cluster trying detailed routing at each stage.
Failed route at end, repack cluster trying detailed routing at each stage.
Failed route at end, repack cluster trying detailed routing at each stage.
Failed route at end, repack cluster trying detailed routing at each stage.
Failed route at end, repack cluster trying detailed routing at each stage.
 12492/17367    71%                          856    64 x 46    
Failed route at end, repack cluster trying detailed routing at each stage.
Failed route at end, repack cluster trying detailed routing at each stage.
Failed route at end, repack cluster trying detailed routing at each stage.
Failed route at end, repack cluster trying detailed routing at each stage.
Failed route at end, repack cluster trying detailed routing at each stage.
Failed route at end, repack cluster trying detailed routing at each stage.
Failed route at end, repack cluster trying detailed routing at each stage.
 13186/17367    75%                          901    64 x 46    
Failed route at end, repack cluster trying detailed routing at each stage.
Failed route at end, repack cluster trying detailed routing at each stage.
Failed route at end, repack cluster trying detailed routing at each stage.
Failed route at end, repack cluster trying detailed routing at each stage.
Failed route at end, repack cluster trying detailed routing at each stage.
Failed route at end, repack cluster trying detailed routing at each stage.
Failed route at end, repack cluster trying detailed routing at each stage.
Failed route at end, repack cluster trying detailed routing at each stage.
Failed route at end, repack cluster trying detailed routing at each stage.
Failed route at end, repack cluster trying detailed routing at each stage.
Failed route at end, repack cluster trying detailed routing at each stage.
Failed route at end, repack cluster trying detailed routing at each stage.
Failed route at end, repack cluster trying detailed routing at each stage.
Failed route at end, repack cluster trying detailed routing at each stage.
Failed route at end, repack cluster trying detailed routing at each stage.
Failed route at end, repack cluster trying detailed routing at each stage.
Failed route at end, repack cluster trying detailed routing at each stage.
Failed route at end, repack cluster trying detailed routing at each stage.
Failed route at end, repack cluster trying detailed routing at each stage.
 13880/17367    79%                          946    64 x 46    
Failed route at end, repack cluster trying detailed routing at each stage.
Failed route at end, repack cluster trying detailed routing at each stage.
Failed route at end, repack cluster trying detailed routing at each stage.
Failed route at end, repack cluster trying detailed routing at each stage.
Failed route at end, repack cluster trying detailed routing at each stage.
Failed route at end, repack cluster trying detailed routing at each stage.
Failed route at end, repack cluster trying detailed routing at each stage.
Failed route at end, repack cluster trying detailed routing at each stage.
Failed route at end, repack cluster trying detailed routing at each stage.
Failed route at end, repack cluster trying detailed routing at each stage.
Failed route at end, repack cluster trying detailed routing at each stage.
Failed route at end, repack cluster trying detailed routing at each stage.
Failed route at end, repack cluster trying detailed routing at each stage.
Failed route at end, repack cluster trying detailed routing at each stage.
Failed route at end, repack cluster trying detailed routing at each stage.
Failed route at end, repack cluster trying detailed routing at each stage.
Failed route at end, repack cluster trying detailed routing at each stage.
Failed route at end, repack cluster trying detailed routing at each stage.
Failed route at end, repack cluster trying detailed routing at each stage.
Failed route at end, repack cluster trying detailed routing at each stage.
Failed route at end, repack cluster trying detailed routing at each stage.
Failed route at end, repack cluster trying detailed routing at each stage.
Failed route at end, repack cluster trying detailed routing at each stage.
Failed route at end, repack cluster trying detailed routing at each stage.
Failed route at end, repack cluster trying detailed routing at each stage.
 14574/17367    83%                          985    64 x 46    
Failed route at end, repack cluster trying detailed routing at each stage.
Failed route at end, repack cluster trying detailed routing at each stage.
Failed route at end, repack cluster trying detailed routing at each stage.
Failed route at end, repack cluster trying detailed routing at each stage.
Failed route at end, repack cluster trying detailed routing at each stage.
Failed route at end, repack cluster trying detailed routing at each stage.
Failed route at end, repack cluster trying detailed routing at each stage.
Failed route at end, repack cluster trying detailed routing at each stage.
Failed route at end, repack cluster trying detailed routing at each stage.
Failed route at end, repack cluster trying detailed routing at each stage.
Failed route at end, repack cluster trying detailed routing at each stage.
Failed route at end, repack cluster trying detailed routing at each stage.
Failed route at end, repack cluster trying detailed routing at each stage.
Failed route at end, repack cluster trying detailed routing at each stage.
Failed route at end, repack cluster trying detailed routing at each stage.
Failed route at end, repack cluster trying detailed routing at each stage.
Failed route at end, repack cluster trying detailed routing at each stage.
Failed route at end, repack cluster trying detailed routing at each stage.
Failed route at end, repack cluster trying detailed routing at each stage.
Failed route at end, repack cluster trying detailed routing at each stage.
Failed route at end, repack cluster trying detailed routing at each stage.
Failed route at end, repack cluster trying detailed routing at each stage.
Failed route at end, repack cluster trying detailed routing at each stage.
Failed route at end, repack cluster trying detailed routing at each stage.
Failed route at end, repack cluster trying detailed routing at each stage.
Failed route at end, repack cluster trying detailed routing at each stage.
Failed route at end, repack cluster trying detailed routing at each stage.
 15268/17367    87%                         1021    64 x 46    
Failed route at end, repack cluster trying detailed routing at each stage.
Failed route at end, repack cluster trying detailed routing at each stage.
Failed route at end, repack cluster trying detailed routing at each stage.
Failed route at end, repack cluster trying detailed routing at each stage.
Failed route at end, repack cluster trying detailed routing at each stage.
Failed route at end, repack cluster trying detailed routing at each stage.
Failed route at end, repack cluster trying detailed routing at each stage.
Failed route at end, repack cluster trying detailed routing at each stage.
Failed route at end, repack cluster trying detailed routing at each stage.
Failed route at end, repack cluster trying detailed routing at each stage.
Failed route at end, repack cluster trying detailed routing at each stage.
Failed route at end, repack cluster trying detailed routing at each stage.
Failed route at end, repack cluster trying detailed routing at each stage.
Failed route at end, repack cluster trying detailed routing at each stage.
Failed route at end, repack cluster trying detailed routing at each stage.
Failed route at end, repack cluster trying detailed routing at each stage.
 15962/17367    91%                         1066    64 x 46    
Failed route at end, repack cluster trying detailed routing at each stage.
Failed route at end, repack cluster trying detailed routing at each stage.
Failed route at end, repack cluster trying detailed routing at each stage.
Failed route at end, repack cluster trying detailed routing at each stage.
Failed route at end, repack cluster trying detailed routing at each stage.
Failed route at end, repack cluster trying detailed routing at each stage.
Failed route at end, repack cluster trying detailed routing at each stage.
Failed route at end, repack cluster trying detailed routing at each stage.
Failed route at end, repack cluster trying detailed routing at each stage.
Failed route at end, repack cluster trying detailed routing at each stage.
Failed route at end, repack cluster trying detailed routing at each stage.
Failed route at end, repack cluster trying detailed routing at each stage.
Failed route at end, repack cluster trying detailed routing at each stage.
Failed route at end, repack cluster trying detailed routing at each stage.
Failed route at end, repack cluster trying detailed routing at each stage.
Failed route at end, repack cluster trying detailed routing at each stage.
Failed route at end, repack cluster trying detailed routing at each stage.
Failed route at end, repack cluster trying detailed routing at each stage.
 16656/17367    95%                         1104    64 x 46    
Failed route at end, repack cluster trying detailed routing at each stage.
Failed route at end, repack cluster trying detailed routing at each stage.
Failed route at end, repack cluster trying detailed routing at each stage.
Failed route at end, repack cluster trying detailed routing at each stage.
Failed route at end, repack cluster trying detailed routing at each stage.
Failed route at end, repack cluster trying detailed routing at each stage.
Failed route at end, repack cluster trying detailed routing at each stage.
Failed route at end, repack cluster trying detailed routing at each stage.
Failed route at end, repack cluster trying detailed routing at each stage.
Failed route at end, repack cluster trying detailed routing at each stage.
 17350/17367    99%                         1149    64 x 46    
Failed route at end, repack cluster trying detailed routing at each stage.
Failed route at end, repack cluster trying detailed routing at each stage.
Failed route at end, repack cluster trying detailed routing at each stage.
Failed route at end, repack cluster trying detailed routing at each stage.
Failed route at end, repack cluster trying detailed routing at each stage.
Failed route at end, repack cluster trying detailed routing at each stage.
Failed route at end, repack cluster trying detailed routing at each stage.
Failed route at end, repack cluster trying detailed routing at each stage.
Failed route at end, repack cluster trying detailed routing at each stage.
Failed route at end, repack cluster trying detailed routing at each stage.
Failed route at end, repack cluster trying detailed routing at each stage.
Failed route at end, repack cluster trying detailed routing at each stage.
Failed route at end, repack cluster trying detailed routing at each stage.
 18044/17367   103%                         1189    64 x 46    
Failed route at end, repack cluster trying detailed routing at each stage.
Failed route at end, repack cluster trying detailed routing at each stage.
Failed route at end, repack cluster trying detailed routing at each stage.
Failed route at end, repack cluster trying detailed routing at each stage.
Failed route at end, repack cluster trying detailed routing at each stage.
Failed route at end, repack cluster trying detailed routing at each stage.
Failed route at end, repack cluster trying detailed routing at each stage.
Failed route at end, repack cluster trying detailed routing at each stage.
Failed route at end, repack cluster trying detailed routing at each stage.
Failed route at end, repack cluster trying detailed routing at each stage.
Failed route at end, repack cluster trying detailed routing at each stage.
Failed route at end, repack cluster trying detailed routing at each stage.
Failed route at end, repack cluster trying detailed routing at each stage.
Failed route at end, repack cluster trying detailed routing at each stage.
Failed route at end, repack cluster trying detailed routing at each stage.
 18738/17367   107%                         1227    64 x 46    
Failed route at end, repack cluster trying detailed routing at each stage.
Failed route at end, repack cluster trying detailed routing at each stage.
Failed route at end, repack cluster trying detailed routing at each stage.
Failed route at end, repack cluster trying detailed routing at each stage.
Failed route at end, repack cluster trying detailed routing at each stage.
Failed route at end, repack cluster trying detailed routing at each stage.
Failed route at end, repack cluster trying detailed routing at each stage.
Failed route at end, repack cluster trying detailed routing at each stage.
Failed route at end, repack cluster trying detailed routing at each stage.
Failed route at end, repack cluster trying detailed routing at each stage.
Failed route at end, repack cluster trying detailed routing at each stage.
Failed route at end, repack cluster trying detailed routing at each stage.
Failed route at end, repack cluster trying detailed routing at each stage.
 19432/17367   111%                         1278    64 x 46    
Failed route at end, repack cluster trying detailed routing at each stage.
Failed route at end, repack cluster trying detailed routing at each stage.
Failed route at end, repack cluster trying detailed routing at each stage.
Failed route at end, repack cluster trying detailed routing at each stage.
Failed route at end, repack cluster trying detailed routing at each stage.
Failed route at end, repack cluster trying detailed routing at each stage.
Failed route at end, repack cluster trying detailed routing at each stage.
Failed route at end, repack cluster trying detailed routing at each stage.
Failed route at end, repack cluster trying detailed routing at each stage.
Failed route at end, repack cluster trying detailed routing at each stage.
Failed route at end, repack cluster trying detailed routing at each stage.
Failed route at end, repack cluster trying detailed routing at each stage.
Failed route at end, repack cluster trying detailed routing at each stage.
Failed route at end, repack cluster trying detailed routing at each stage.
Failed route at end, repack cluster trying detailed routing at each stage.
Failed route at end, repack cluster trying detailed routing at each stage.
Failed route at end, repack cluster trying detailed routing at each stage.
Failed route at end, repack cluster trying detailed routing at each stage.
Failed route at end, repack cluster trying detailed routing at each stage.
Failed route at end, repack cluster trying detailed routing at each stage.
 20126/17367   115%                         1313    64 x 46    
Failed route at end, repack cluster trying detailed routing at each stage.
Failed route at end, repack cluster trying detailed routing at each stage.
Failed route at end, repack cluster trying detailed routing at each stage.
Failed route at end, repack cluster trying detailed routing at each stage.
Failed route at end, repack cluster trying detailed routing at each stage.
Failed route at end, repack cluster trying detailed routing at each stage.
Failed route at end, repack cluster trying detailed routing at each stage.
Failed route at end, repack cluster trying detailed routing at each stage.
Failed route at end, repack cluster trying detailed routing at each stage.
Failed route at end, repack cluster trying detailed routing at each stage.
Failed route at end, repack cluster trying detailed routing at each stage.
Failed route at end, repack cluster trying detailed routing at each stage.
Failed route at end, repack cluster trying detailed routing at each stage.
Failed route at end, repack cluster trying detailed routing at each stage.
 20820/17367   119%                         1373    64 x 46    
 21514/17367   123%                         1498    64 x 46    
 22208/17367   127%                         1615    64 x 46    
 22902/17367   131%                         1734    64 x 46    

Logic Element (fle) detailed count:
  Total number of Logic Elements used : 7373
  LEs used for logic and registers    : 0
  LEs used for logic only             : 7373
  LEs used for registers only         : 0

Incr Slack updates 1 in 0.00334409 sec
Full Max Req/Worst Slack updates 1 in 0.00069789 sec
Incr Max Req/Worst Slack updates 0 in 0 sec
Incr Criticality updates 0 in 0 sec
Full Criticality updates 1 in 0.00847147 sec
FPGA sized to 64 x 46 (castor62x44_heterogeneous)
Device Utilization: 0.61 (target 1.00)
	Block Utilization: 0.00 Type: io
	Block Utilization: 0.83 Type: clb

Start the iterative improvement process
the iterative improvement process is done
Clustering Statistics: 
----------   --------   ------------------------------------   --------------------------
Block Type   # Blocks   Avg. # of input clocks and pins used   Avg. # of output pins used
----------   --------   ------------------------------------   --------------------------
     EMPTY          0                                      0                            0   
        io         35                               0.485714                     0.514286   
       clb       1806                                20.7741                      6.37652   
       dsp          0                                      0                            0   
      bram          0                                      0                            0   
Absorbed logical nets 7876 out of 19410 nets, 11534 nets not absorbed.

Netlist conversion complete.

# Packing took 61.18 seconds (max_rss 229.1 MiB, delta_rss +140.5 MiB)
# Load packing
Begin loading packed FPGA netlist file.
Netlist generated from file '/nfs_scratch/scratch/CompilerValidation/abdul_hameed/RTE_FAILURE_9-feb/picosoc_no_bram/results_dir/picosoc_symbiflow/run_1/synth_1_1/impl_1_1_1/packing/picosoc_symbiflow_post_synth.net'.
Detected 2 constant generators (to see names run with higher pack verbosity)
Finished loading packed FPGA netlist file (took 2.55 seconds).
# Load packing took 2.69 seconds (max_rss 264.6 MiB, delta_rss +35.4 MiB)
Warning 169: Netlist contains 0 global net to non-global architecture pin connections

Pb types usage...
  io               : 35
   io_output       : 17
    outpad         : 17
   io_input        : 18
    inpad          : 18
  clb              : 1806
   clb_lr          : 1806
    fle            : 12164
     fast6         : 4511
      lut6         : 4511
       lut         : 4511
     ble6          : 321
      lut6         : 321
       lut         : 321
      ff           : 321
       DFFRE       : 321
     ble5          : 12111
      lut5         : 2780
       lut         : 2780
      ff           : 10269
       DFFRE       : 10269
     adder         : 541
      lut5         : 321
       lut         : 321
      adder_carry  : 541

# Create Device
## Build Device Grid
FPGA sized to 64 x 46: 2944 grid tiles (castor62x44_heterogeneous)

Resource usage...
	Netlist
		35	blocks of type: io
	Architecture
		4320	blocks of type: io_top
		3168	blocks of type: io_right
		4320	blocks of type: io_bottom
		3168	blocks of type: io_left
	Netlist
		1806	blocks of type: clb
	Architecture
		2184	blocks of type: clb
	Netlist
		0	blocks of type: dsp
	Architecture
		56	blocks of type: dsp
	Netlist
		0	blocks of type: bram
	Architecture
		56	blocks of type: bram

Device Utilization: 0.61 (target 1.00)
	Physical Tile io_top:
	Block Utilization: 0.01 Logical Block: io
	Physical Tile io_right:
	Block Utilization: 0.01 Logical Block: io
	Physical Tile io_bottom:
	Block Utilization: 0.01 Logical Block: io
	Physical Tile io_left:
	Block Utilization: 0.01 Logical Block: io
	Physical Tile clb:
	Block Utilization: 0.83 Logical Block: clb
	Physical Tile dsp:
	Block Utilization: 0.00 Logical Block: dsp
	Physical Tile bram:
	Block Utilization: 0.00 Logical Block: bram

## Build Device Grid took 0.00 seconds (max_rss 264.6 MiB, delta_rss +0.0 MiB)
Warning 170: Tileable routing resource graph does not support clock modeling yet! Related options are ignored...
## Build tileable routing resource graph
X-direction routing channel width is 160
Y-direction routing channel width is 160
Warning 171: Sized nonsensical R=0 transistor to minimum width
Warning 172: Sized nonsensical R=0 transistor to minimum width
Warning 173: Sized nonsensical R=0 transistor to minimum width
Warning 174: Sized nonsensical R=0 transistor to minimum width
## Build tileable routing resource graph took 13.27 seconds (max_rss 603.4 MiB, delta_rss +338.8 MiB)
  RR Graph Nodes: 1365608
  RR Graph Edges: 6033268
# Create Device took 13.81 seconds (max_rss 603.4 MiB, delta_rss +338.8 MiB)


Flow timing analysis took 0.067405 seconds (0.0541894 STA, 0.0132156 slack) (1 full updates: 1 setup, 0 hold, 0 combined).
VPR succeeded
The entire flow of VPR took 79.90 seconds (max_rss 603.4 MiB)
