/*******************************************************************************
Copyright (c) 2022-2024 Rapid Silicon
This source code contains proprietary information belonging to Rapid Silicon
(the "licensor") released under license and non-disclosure agreement to the
recipient (the "licensee").

The information shared and protected by the license and non-disclosure agreement
includes but is not limited to the following:
* operational algorithms of the product
* logos, graphics, source code, and visual presentation of the product
* confidential operational information of the licensor

The recipient of this source code is NOT permitted to publicly disclose,
re-use, archive beyond the period of the license agreement, transfer to a
sub-licensee, or re-implement any portion of the content covered by the license
and non-disclosure agreement without the prior written consent of the licensor.
*********************************************************************************/

Version  : 2024.06
Build    : 1.1.13
Hash     : 89b90d9
Date     : Jun 21 2024
Type     : Engineering
Log Time   : Sat Jun 22 07:07:40 2024 GMT

[ 12:07:40 ] Analysis has started
[ 12:07:40 ] Command: /nfs_eda_sw/softwares/Raptor/instl_dir/06_21_2024_09_15_01/bin/yosys -s /nfs_scratch/scratch/CompilerValidation/abdul_hameed/21june/up5bit_counter_dual_clock/up5bit_counter_dual_clock/run_1/synth_1_1/analysis/up5bit_counter_dual_clock_analyzer.cmd
[ 12:07:40 ] Duration: 78 ms. Max utilization: 44 MB
[ 12:07:40 ] Synthesize has started
[ 12:07:40 ] Command: /nfs_eda_sw/softwares/Raptor/instl_dir/06_21_2024_09_15_01/bin/yosys -s up5bit_counter_dual_clock.ys -l up5bit_counter_dual_clock_synth.log
[ 12:07:54 ] Duration: 14285 ms. Max utilization: 58 MB
[ 12:07:54 ] Packing has started
[ 12:07:54 ] Command: /nfs_eda_sw/softwares/Raptor/instl_dir/06_21_2024_09_15_01/bin/vpr /nfs_eda_sw/softwares/Raptor/instl_dir/06_21_2024_09_15_01/share/raptor/etc/devices/gemini_compact_22x4/gemini_vpr.xml /nfs_scratch/scratch/CompilerValidation/abdul_hameed/21june/up5bit_counter_dual_clock/up5bit_counter_dual_clock/run_1/synth_1_1/synthesis/fabric_up5bit_counter_dual_clock_post_synth.eblif --sdc_file /nfs_scratch/scratch/CompilerValidation/abdul_hameed/21june/up5bit_counter_dual_clock/up5bit_counter_dual_clock/run_1/synth_1_1/impl_1_1_1/packing/fabric_up5bit_counter_dual_clock_openfpga.sdc --route_chan_width 160 --suppress_warnings check_rr_node_warnings.log,check_rr_node --clock_modeling ideal --absorb_buffer_luts off --skip_sync_clustering_and_routing_results off --constant_net_method route --post_place_timing_report up5bit_counter_dual_clock_post_place_timing.rpt --device castor22x4_heterogeneous --allow_unrelated_clustering on --allow_dangling_combinational_nodes on --place_delta_delay_matrix_calculation_method dijkstra --gen_post_synthesis_netlist on --post_synth_netlist_unconn_inputs gnd --inner_loop_recompute_divider 1 --max_router_iterations 1500 --timing_report_detail detailed --timing_report_npaths 100 --top up5bit_counter_dual_clock --net_file /nfs_scratch/scratch/CompilerValidation/abdul_hameed/21june/up5bit_counter_dual_clock/up5bit_counter_dual_clock/run_1/synth_1_1/impl_1_1_1/packing/fabric_up5bit_counter_dual_clock_post_synth.net --place_file /nfs_scratch/scratch/CompilerValidation/abdul_hameed/21june/up5bit_counter_dual_clock/up5bit_counter_dual_clock/run_1/synth_1_1/impl_1_1_1/placement/fabric_up5bit_counter_dual_clock_post_synth.place --route_file /nfs_scratch/scratch/CompilerValidation/abdul_hameed/21june/up5bit_counter_dual_clock/up5bit_counter_dual_clock/run_1/synth_1_1/impl_1_1_1/routing/fabric_up5bit_counter_dual_clock_post_synth.route --pack
[ 12:07:55 ] Duration: 1003 ms. Max utilization: 784 MB
[ 12:07:55 ] Placement has started
[ 12:07:55 ] Command: /nfs_eda_sw/softwares/Raptor/instl_dir/06_21_2024_09_15_01/bin/planning --csv /nfs_eda_sw/softwares/Raptor/instl_dir/06_21_2024_09_15_01/share/raptor/etc/devices/gemini_compact_22x4/Virgo_Pin_Table.csv --blif /nfs_scratch/scratch/CompilerValidation/abdul_hameed/21june/up5bit_counter_dual_clock/up5bit_counter_dual_clock/run_1/synth_1_1/synthesis/fabric_up5bit_counter_dual_clock_post_synth.eblif --output up5bit_counter_dual_clock_pin_loc.place --assign_unconstrained_pins in_define_order --clk_map up5bit_counter_dual_clock.temp_file_clkmap --read_repack /nfs_eda_sw/softwares/Raptor/instl_dir/06_21_2024_09_15_01/share/raptor/etc/devices/gemini_compact_22x4/fpga_repack_constraints.xml --write_repack up5bit_counter_dual_clock_repack_constraints.xml --edits /nfs_scratch/scratch/CompilerValidation/abdul_hameed/21june/up5bit_counter_dual_clock/up5bit_counter_dual_clock/run_1/synth_1_1/synthesis/config.json
[ 12:07:55 ] Duration: 135 ms. Max utilization: 222 MB
[ 12:07:55 ] Command: /nfs_eda_sw/softwares/Raptor/instl_dir/06_21_2024_09_15_01/bin/vpr /nfs_eda_sw/softwares/Raptor/instl_dir/06_21_2024_09_15_01/share/raptor/etc/devices/gemini_compact_22x4/gemini_vpr.xml /nfs_scratch/scratch/CompilerValidation/abdul_hameed/21june/up5bit_counter_dual_clock/up5bit_counter_dual_clock/run_1/synth_1_1/synthesis/fabric_up5bit_counter_dual_clock_post_synth.eblif --sdc_file /nfs_scratch/scratch/CompilerValidation/abdul_hameed/21june/up5bit_counter_dual_clock/up5bit_counter_dual_clock/run_1/synth_1_1/impl_1_1_1/packing/fabric_up5bit_counter_dual_clock_openfpga.sdc --route_chan_width 160 --suppress_warnings check_rr_node_warnings.log,check_rr_node --clock_modeling ideal --absorb_buffer_luts off --skip_sync_clustering_and_routing_results off --constant_net_method route --post_place_timing_report up5bit_counter_dual_clock_post_place_timing.rpt --device castor22x4_heterogeneous --allow_unrelated_clustering on --allow_dangling_combinational_nodes on --place_delta_delay_matrix_calculation_method dijkstra --gen_post_synthesis_netlist on --post_synth_netlist_unconn_inputs gnd --inner_loop_recompute_divider 1 --max_router_iterations 1500 --timing_report_detail detailed --timing_report_npaths 100 --top up5bit_counter_dual_clock --net_file /nfs_scratch/scratch/CompilerValidation/abdul_hameed/21june/up5bit_counter_dual_clock/up5bit_counter_dual_clock/run_1/synth_1_1/impl_1_1_1/packing/fabric_up5bit_counter_dual_clock_post_synth.net --place_file /nfs_scratch/scratch/CompilerValidation/abdul_hameed/21june/up5bit_counter_dual_clock/up5bit_counter_dual_clock/run_1/synth_1_1/impl_1_1_1/placement/fabric_up5bit_counter_dual_clock_post_synth.place --route_file /nfs_scratch/scratch/CompilerValidation/abdul_hameed/21june/up5bit_counter_dual_clock/up5bit_counter_dual_clock/run_1/synth_1_1/impl_1_1_1/routing/fabric_up5bit_counter_dual_clock_post_synth.route --place --fix_clusters up5bit_counter_dual_clock_pin_loc.place
[ 12:07:57 ] Duration: 1944 ms. Max utilization: 262 MB
