/*******************************************************************************
Copyright (c) 2022 Rapid Silicon
This source code contains proprietary information belonging to Rapid Silicon
(the "licensor") released under license and non-disclosure agreement to the
recipient (the "licensee").

The information shared and protected by the license and non-disclosure agreement
includes but is not limited to the following:
* operational algorithms of the product
* logos, graphics, source code, and visual presentation of the product
* confidential operational information of the licensor

The recipient of this source code is NOT permitted to publicly disclose,
re-use, archive beyond the period of the license agreement, transfer to a
sub-licensee, or re-implement any portion of the content covered by the license
and non-disclosure agreement without the prior written consent of the licensor.

Portions of Raptor Design Suite are utilized under the following third-party copyright notices:

Parallax Static Timing Analyzer Copyright (c) 2021, Parallax Software, Inc. All rights reserved.
*********************************************************************************/

Version  : 2023.12
Build    : 0.9.9
Hash     : f0b240f
Date     : Dec 12 2023
Type     : Engineering
Log Time   : Tue Dec 12 10:13:07 2023 GMT
#Packing pin usage report
Type: io
	Input Pin Usage:
		Max: 1.00 (0.06)
		Avg: 0.48 (0.03)
		Min: 0.00 (0.00)
		Histogram:
		[        0:      1.8) 66 (100.0%) |************************************************
		[      1.8:      3.6)  0 (  0.0%) |
		[      3.6:      5.4)  0 (  0.0%) |
		[      5.4:      7.2)  0 (  0.0%) |
		[      7.2:        9)  0 (  0.0%) |
		[        9:       11)  0 (  0.0%) |
		[       11:       13)  0 (  0.0%) |
		[       13:       14)  0 (  0.0%) |
		[       14:       16)  0 (  0.0%) |
		[       16:       18)  0 (  0.0%) |
	Output Pin Usage:
		Max: 1.00 (0.50)
		Avg: 0.52 (0.26)
		Min: 0.00 (0.00)
		Histogram:
		[        0:      0.2) 32 ( 48.5%) |*********************************************
		[      0.2:      0.4)  0 (  0.0%) |
		[      0.4:      0.6)  0 (  0.0%) |
		[      0.6:      0.8)  0 (  0.0%) |
		[      0.8:        1) 34 ( 51.5%) |************************************************
		[        1:      1.2)  0 (  0.0%) |
		[      1.2:      1.4)  0 (  0.0%) |
		[      1.4:      1.6)  0 (  0.0%) |
		[      1.6:      1.8)  0 (  0.0%) |
		[      1.8:        2)  0 (  0.0%) |

Type: clb
	Input Pin Usage:
		Max: 31.00 (0.42)
		Avg: 15.58 (0.21)
		Min: 1.00 (0.01)
		Histogram:
		[        0:      7.3) 3 ( 11.5%) |****************
		[      7.3:       15) 9 ( 34.6%) |*************************************************
		[       15:       22) 7 ( 26.9%) |**************************************
		[       22:       29) 5 ( 19.2%) |***************************
		[       29:       36) 2 (  7.7%) |***********
		[       36:       44) 0 (  0.0%) |
		[       44:       51) 0 (  0.0%) |
		[       51:       58) 0 (  0.0%) |
		[       58:       66) 0 (  0.0%) |
		[       66:       73) 0 (  0.0%) |
	Output Pin Usage:
		Max: 16.00 (0.59)
		Avg: 10.50 (0.39)
		Min: 3.00 (0.11)
		Histogram:
		[        0:      2.7)  0 (  0.0%) |
		[      2.7:      5.4)  3 ( 11.5%) |************
		[      5.4:      8.1)  4 ( 15.4%) |****************
		[      8.1:       11)  4 ( 15.4%) |****************
		[       11:       14) 12 ( 46.2%) |************************************************
		[       14:       16)  3 ( 11.5%) |************
		[       16:       19)  0 (  0.0%) |
		[       19:       22)  0 (  0.0%) |
		[       22:       24)  0 (  0.0%) |
		[       24:       27)  0 (  0.0%) |

