/nfs_scratch/scratch/CompilerValidation/zaheer_ahmad/test3/Compiler_Validation/RTL_testcases/titan_benchmarks/Cores-SweRV-EL2/jira/el2_swerv/run_1/synth_1_1/analysis/slpp_all/lib/work/rtl/el2_def.sv
/nfs_scratch/scratch/CompilerValidation/zaheer_ahmad/test3/Compiler_Validation/RTL_testcases/titan_benchmarks/Cores-SweRV-EL2/jira/el2_swerv/run_1/synth_1_1/analysis/slpp_all/lib/work/rtl/beh_lib.sv
/nfs_scratch/scratch/CompilerValidation/zaheer_ahmad/test3/Compiler_Validation/RTL_testcases/titan_benchmarks/Cores-SweRV-EL2/jira/el2_swerv/run_1/synth_1_1/analysis/slpp_all/lib/work/rtl/el2_lib.sv
/nfs_scratch/scratch/CompilerValidation/zaheer_ahmad/test3/Compiler_Validation/RTL_testcases/titan_benchmarks/Cores-SweRV-EL2/jira/el2_swerv/run_1/synth_1_1/analysis/slpp_all/lib/work/rtl/el2_dbg.sv
/nfs_scratch/scratch/CompilerValidation/zaheer_ahmad/test3/Compiler_Validation/RTL_testcases/titan_benchmarks/Cores-SweRV-EL2/jira/el2_swerv/run_1/synth_1_1/analysis/slpp_all/lib/work/rtl/el2_dec.sv
/nfs_scratch/scratch/CompilerValidation/zaheer_ahmad/test3/Compiler_Validation/RTL_testcases/titan_benchmarks/Cores-SweRV-EL2/jira/el2_swerv/run_1/synth_1_1/analysis/slpp_all/lib/work/rtl/el2_dec_decode_ctl.sv
/nfs_scratch/scratch/CompilerValidation/zaheer_ahmad/test3/Compiler_Validation/RTL_testcases/titan_benchmarks/Cores-SweRV-EL2/jira/el2_swerv/run_1/synth_1_1/analysis/slpp_all/lib/work/rtl/el2_dec_gpr_ctl.sv
/nfs_scratch/scratch/CompilerValidation/zaheer_ahmad/test3/Compiler_Validation/RTL_testcases/titan_benchmarks/Cores-SweRV-EL2/jira/el2_swerv/run_1/synth_1_1/analysis/slpp_all/lib/work/rtl/el2_dec_ib_ctl.sv
/nfs_scratch/scratch/CompilerValidation/zaheer_ahmad/test3/Compiler_Validation/RTL_testcases/titan_benchmarks/Cores-SweRV-EL2/jira/el2_swerv/run_1/synth_1_1/analysis/slpp_all/lib/work/rtl/el2_dec_tlu_ctl.sv
/nfs_scratch/scratch/CompilerValidation/zaheer_ahmad/test3/Compiler_Validation/RTL_testcases/titan_benchmarks/Cores-SweRV-EL2/jira/el2_swerv/run_1/synth_1_1/analysis/slpp_all/lib/work/rtl/el2_dec_trigger.sv
/nfs_scratch/scratch/CompilerValidation/zaheer_ahmad/test3/Compiler_Validation/RTL_testcases/titan_benchmarks/Cores-SweRV-EL2/jira/el2_swerv/run_1/synth_1_1/analysis/slpp_all/lib/work/rtl/el2_dma_ctrl.sv
/nfs_scratch/scratch/CompilerValidation/zaheer_ahmad/test3/Compiler_Validation/RTL_testcases/titan_benchmarks/Cores-SweRV-EL2/jira/el2_swerv/run_1/synth_1_1/analysis/slpp_all/lib/work/rtl/el2_exu.sv
/nfs_scratch/scratch/CompilerValidation/zaheer_ahmad/test3/Compiler_Validation/RTL_testcases/titan_benchmarks/Cores-SweRV-EL2/jira/el2_swerv/run_1/synth_1_1/analysis/slpp_all/lib/work/rtl/el2_exu_alu_ctl.sv
/nfs_scratch/scratch/CompilerValidation/zaheer_ahmad/test3/Compiler_Validation/RTL_testcases/titan_benchmarks/Cores-SweRV-EL2/jira/el2_swerv/run_1/synth_1_1/analysis/slpp_all/lib/work/rtl/el2_exu_div_ctl.sv
/nfs_scratch/scratch/CompilerValidation/zaheer_ahmad/test3/Compiler_Validation/RTL_testcases/titan_benchmarks/Cores-SweRV-EL2/jira/el2_swerv/run_1/synth_1_1/analysis/slpp_all/lib/work/rtl/el2_exu_mul_ctl.sv
/nfs_scratch/scratch/CompilerValidation/zaheer_ahmad/test3/Compiler_Validation/RTL_testcases/titan_benchmarks/Cores-SweRV-EL2/jira/el2_swerv/run_1/synth_1_1/analysis/slpp_all/lib/work/rtl/el2_ifu.sv
/nfs_scratch/scratch/CompilerValidation/zaheer_ahmad/test3/Compiler_Validation/RTL_testcases/titan_benchmarks/Cores-SweRV-EL2/jira/el2_swerv/run_1/synth_1_1/analysis/slpp_all/lib/work/rtl/el2_ifu_aln_ctl.sv
/nfs_scratch/scratch/CompilerValidation/zaheer_ahmad/test3/Compiler_Validation/RTL_testcases/titan_benchmarks/Cores-SweRV-EL2/jira/el2_swerv/run_1/synth_1_1/analysis/slpp_all/lib/work/rtl/el2_ifu_bp_ctl.sv
/nfs_scratch/scratch/CompilerValidation/zaheer_ahmad/test3/Compiler_Validation/RTL_testcases/titan_benchmarks/Cores-SweRV-EL2/jira/el2_swerv/run_1/synth_1_1/analysis/slpp_all/lib/work/rtl/el2_ifu_compress_ctl.sv
/nfs_scratch/scratch/CompilerValidation/zaheer_ahmad/test3/Compiler_Validation/RTL_testcases/titan_benchmarks/Cores-SweRV-EL2/jira/el2_swerv/run_1/synth_1_1/analysis/slpp_all/lib/work/rtl/el2_ifu_ifc_ctl.sv
/nfs_scratch/scratch/CompilerValidation/zaheer_ahmad/test3/Compiler_Validation/RTL_testcases/titan_benchmarks/Cores-SweRV-EL2/jira/el2_swerv/run_1/synth_1_1/analysis/slpp_all/lib/work/rtl/el2_ifu_mem_ctl.sv
/nfs_scratch/scratch/CompilerValidation/zaheer_ahmad/test3/Compiler_Validation/RTL_testcases/titan_benchmarks/Cores-SweRV-EL2/jira/el2_swerv/run_1/synth_1_1/analysis/slpp_all/lib/work/rtl/el2_lsu.sv
/nfs_scratch/scratch/CompilerValidation/zaheer_ahmad/test3/Compiler_Validation/RTL_testcases/titan_benchmarks/Cores-SweRV-EL2/jira/el2_swerv/run_1/synth_1_1/analysis/slpp_all/lib/work/rtl/el2_lsu_addrcheck.sv
/nfs_scratch/scratch/CompilerValidation/zaheer_ahmad/test3/Compiler_Validation/RTL_testcases/titan_benchmarks/Cores-SweRV-EL2/jira/el2_swerv/run_1/synth_1_1/analysis/slpp_all/lib/work/rtl/el2_lsu_bus_buffer.sv
/nfs_scratch/scratch/CompilerValidation/zaheer_ahmad/test3/Compiler_Validation/RTL_testcases/titan_benchmarks/Cores-SweRV-EL2/jira/el2_swerv/run_1/synth_1_1/analysis/slpp_all/lib/work/rtl/el2_lsu_bus_intf.sv
/nfs_scratch/scratch/CompilerValidation/zaheer_ahmad/test3/Compiler_Validation/RTL_testcases/titan_benchmarks/Cores-SweRV-EL2/jira/el2_swerv/run_1/synth_1_1/analysis/slpp_all/lib/work/rtl/el2_lsu_clkdomain.sv
/nfs_scratch/scratch/CompilerValidation/zaheer_ahmad/test3/Compiler_Validation/RTL_testcases/titan_benchmarks/Cores-SweRV-EL2/jira/el2_swerv/run_1/synth_1_1/analysis/slpp_all/lib/work/rtl/el2_lsu_dccm_ctl.sv
/nfs_scratch/scratch/CompilerValidation/zaheer_ahmad/test3/Compiler_Validation/RTL_testcases/titan_benchmarks/Cores-SweRV-EL2/jira/el2_swerv/run_1/synth_1_1/analysis/slpp_all/lib/work/rtl/el2_lsu_ecc.sv
/nfs_scratch/scratch/CompilerValidation/zaheer_ahmad/test3/Compiler_Validation/RTL_testcases/titan_benchmarks/Cores-SweRV-EL2/jira/el2_swerv/run_1/synth_1_1/analysis/slpp_all/lib/work/rtl/el2_lsu_lsc_ctl.sv
/nfs_scratch/scratch/CompilerValidation/zaheer_ahmad/test3/Compiler_Validation/RTL_testcases/titan_benchmarks/Cores-SweRV-EL2/jira/el2_swerv/run_1/synth_1_1/analysis/slpp_all/lib/work/rtl/el2_lsu_stbuf.sv
/nfs_scratch/scratch/CompilerValidation/zaheer_ahmad/test3/Compiler_Validation/RTL_testcases/titan_benchmarks/Cores-SweRV-EL2/jira/el2_swerv/run_1/synth_1_1/analysis/slpp_all/lib/work/rtl/el2_lsu_trigger.sv
/nfs_scratch/scratch/CompilerValidation/zaheer_ahmad/test3/Compiler_Validation/RTL_testcases/titan_benchmarks/Cores-SweRV-EL2/jira/el2_swerv/run_1/synth_1_1/analysis/slpp_all/lib/work/rtl/el2_pic_ctrl.sv
/nfs_scratch/scratch/CompilerValidation/zaheer_ahmad/test3/Compiler_Validation/RTL_testcases/titan_benchmarks/Cores-SweRV-EL2/jira/el2_swerv/run_1/synth_1_1/analysis/slpp_all/lib/work/rtl/el2_swerv.sv
/nfs_scratch/scratch/CompilerValidation/zaheer_ahmad/test3/Compiler_Validation/RTL_testcases/titan_benchmarks/Cores-SweRV-EL2/jira/el2_swerv/run_1/synth_1_1/analysis/slpp_all/lib/work/rtl/ahb_to_axi4.sv
/nfs_scratch/scratch/CompilerValidation/zaheer_ahmad/test3/Compiler_Validation/RTL_testcases/titan_benchmarks/Cores-SweRV-EL2/jira/el2_swerv/run_1/synth_1_1/analysis/slpp_all/lib/work/rtl/axi4_to_ahb.sv
