/*******************************************************************************
Copyright (c) 2022-2024 Rapid Silicon
This source code contains proprietary information belonging to Rapid Silicon
(the "licensor") released under license and non-disclosure agreement to the
recipient (the "licensee").

The information shared and protected by the license and non-disclosure agreement
includes but is not limited to the following:
* operational algorithms of the product
* logos, graphics, source code, and visual presentation of the product
* confidential operational information of the licensor

The recipient of this source code is NOT permitted to publicly disclose,
re-use, archive beyond the period of the license agreement, transfer to a
sub-licensee, or re-implement any portion of the content covered by the license
and non-disclosure agreement without the prior written consent of the licensor.
*********************************************************************************/

Version  : 2024.09
Build    : 1.2.7
Hash     : ceb4202
Date     : Sep 25 2024
Type     : Engineering
Log Time   : Wed Sep 25 12:49:02 2024 GMT
#Unconstrained setup timing startpoint/endpoint

timing_node_id node_type node_name
-------------- --------- ---------
0 .input at (3,1) clock.inpad[0]
6 .input at (25,1) Pkey_0_.inpad[0]
7 .input at (20,1) Pkey_100_.inpad[0]
8 .input at (4,1) Pkey_101_.inpad[0]
9 .input at (24,1) Pkey_102_.inpad[0]
11 .input at (22,1) Pkey_104_.inpad[0]
12 .input at (5,1) Pkey_105_.inpad[0]
13 .input at (20,1) Pkey_106_.inpad[0]
14 .input at (24,44) Pkey_107_.inpad[0]
16 .input at (6,1) Pkey_109_.inpad[0]
17 .input at (25,1) Pkey_10_.inpad[0]
18 .input at (21,1) Pkey_110_.inpad[0]
20 .input at (20,1) Pkey_112_.inpad[0]
21 .input at (6,1) Pkey_113_.inpad[0]
22 .input at (19,1) Pkey_114_.inpad[0]
23 .input at (24,44) Pkey_115_.inpad[0]
24 .input at (15,1) Pkey_116_.inpad[0]
25 .input at (6,1) Pkey_117_.inpad[0]
26 .input at (20,1) Pkey_118_.inpad[0]
28 .input at (18,1) Pkey_11_.inpad[0]
29 .input at (19,1) Pkey_120_.inpad[0]
30 .input at (19,1) Pkey_121_.inpad[0]
31 .input at (13,1) Pkey_122_.inpad[0]
32 .input at (24,44) Pkey_123_.inpad[0]
33 .input at (12,1) Pkey_124_.inpad[0]
34 .input at (20,1) Pkey_125_.inpad[0]
35 .input at (20,1) Pkey_126_.inpad[0]
37 .input at (18,1) Pkey_128_.inpad[0]
38 .input at (15,1) Pkey_129_.inpad[0]
39 .input at (25,1) Pkey_12_.inpad[0]
40 .input at (4,1) Pkey_130_.inpad[0]
41 .input at (6,1) Pkey_131_.inpad[0]
42 .input at (4,1) Pkey_132_.inpad[0]
43 .input at (18,1) Pkey_133_.inpad[0]
44 .input at (19,1) Pkey_134_.inpad[0]
46 .input at (15,1) Pkey_136_.inpad[0]
47 .input at (22,1) Pkey_137_.inpad[0]
48 .input at (3,1) Pkey_138_.inpad[0]
49 .input at (3,1) Pkey_139_.inpad[0]
50 .input at (11,1) Pkey_13_.inpad[0]
51 .input at (1,4) Pkey_140_.inpad[0]
52 .input at (22,1) Pkey_141_.inpad[0]
53 .input at (15,1) Pkey_142_.inpad[0]
55 .input at (8,1) Pkey_144_.inpad[0]
56 .input at (21,1) Pkey_145_.inpad[0]
57 .input at (4,1) Pkey_146_.inpad[0]
58 .input at (3,1) Pkey_147_.inpad[0]
59 .input at (4,1) Pkey_148_.inpad[0]
60 .input at (21,1) Pkey_149_.inpad[0]
61 .input at (25,1) Pkey_14_.inpad[0]
62 .input at (11,1) Pkey_150_.inpad[0]
64 .input at (7,1) Pkey_152_.inpad[0]
65 .input at (21,1) Pkey_153_.inpad[0]
66 .input at (4,1) Pkey_154_.inpad[0]
67 .input at (4,1) Pkey_155_.inpad[0]
68 .input at (4,1) Pkey_156_.inpad[0]
69 .input at (22,1) Pkey_157_.inpad[0]
70 .input at (6,1) Pkey_158_.inpad[0]
73 .input at (5,1) Pkey_160_.inpad[0]
74 .input at (23,1) Pkey_161_.inpad[0]
75 .input at (4,1) Pkey_162_.inpad[0]
76 .input at (6,1) Pkey_163_.inpad[0]
77 .input at (4,1) Pkey_164_.inpad[0]
78 .input at (22,1) Pkey_165_.inpad[0]
79 .input at (5,1) Pkey_166_.inpad[0]
81 .input at (6,1) Pkey_168_.inpad[0]
82 .input at (26,1) Pkey_169_.inpad[0]
83 .input at (24,1) Pkey_16_.inpad[0]
84 .input at (6,1) Pkey_170_.inpad[0]
85 .input at (4,1) Pkey_171_.inpad[0]
86 .input at (6,1) Pkey_172_.inpad[0]
87 .input at (26,1) Pkey_173_.inpad[0]
88 .input at (5,1) Pkey_174_.inpad[0]
90 .input at (12,1) Pkey_176_.inpad[0]
91 .input at (26,1) Pkey_177_.inpad[0]
92 .input at (9,1) Pkey_178_.inpad[0]
93 .input at (3,1) Pkey_179_.inpad[0]
94 .input at (8,1) Pkey_17_.inpad[0]
95 .input at (7,1) Pkey_180_.inpad[0]
96 .input at (26,1) Pkey_181_.inpad[0]
97 .input at (12,1) Pkey_182_.inpad[0]
99 .input at (17,1) Pkey_184_.inpad[0]
100 .input at (24,1) Pkey_185_.inpad[0]
101 .input at (12,1) Pkey_186_.inpad[0]
102 .input at (4,1) Pkey_187_.inpad[0]
103 .input at (12,1) Pkey_188_.inpad[0]
104 .input at (24,1) Pkey_189_.inpad[0]
105 .input at (26,1) Pkey_18_.inpad[0]
106 .input at (17,1) Pkey_190_.inpad[0]
108 .input at (9,1) Pkey_192_.inpad[0]
109 .input at (5,1) Pkey_193_.inpad[0]
110 .input at (7,1) Pkey_194_.inpad[0]
111 .input at (14,1) Pkey_195_.inpad[0]
112 .input at (10,1) Pkey_196_.inpad[0]
113 .input at (5,1) Pkey_197_.inpad[0]
114 .input at (9,1) Pkey_198_.inpad[0]
116 .input at (18,44) Pkey_19_.inpad[0]
117 .input at (14,1) Pkey_1_.inpad[0]
118 .input at (9,1) Pkey_200_.inpad[0]
119 .input at (5,1) Pkey_201_.inpad[0]
120 .input at (7,1) Pkey_202_.inpad[0]
121 .input at (14,1) Pkey_203_.inpad[0]
122 .input at (7,1) Pkey_204_.inpad[0]
123 .input at (5,1) Pkey_205_.inpad[0]
124 .input at (9,1) Pkey_206_.inpad[0]
126 .input at (12,1) Pkey_208_.inpad[0]
127 .input at (6,1) Pkey_209_.inpad[0]
128 .input at (25,1) Pkey_20_.inpad[0]
129 .input at (7,1) Pkey_210_.inpad[0]
130 .input at (13,1) Pkey_211_.inpad[0]
131 .input at (7,1) Pkey_212_.inpad[0]
132 .input at (5,1) Pkey_213_.inpad[0]
133 .input at (10,1) Pkey_214_.inpad[0]
135 .input at (15,1) Pkey_216_.inpad[0]
136 .input at (8,1) Pkey_217_.inpad[0]
137 .input at (8,1) Pkey_218_.inpad[0]
138 .input at (13,1) Pkey_219_.inpad[0]
139 .input at (8,1) Pkey_21_.inpad[0]
140 .input at (8,1) Pkey_220_.inpad[0]
141 .input at (8,1) Pkey_221_.inpad[0]
142 .input at (15,1) Pkey_222_.inpad[0]
144 .input at (18,1) Pkey_224_.inpad[0]
145 .input at (8,1) Pkey_225_.inpad[0]
146 .input at (7,1) Pkey_226_.inpad[0]
147 .input at (13,1) Pkey_227_.inpad[0]
148 .input at (6,1) Pkey_228_.inpad[0]
149 .input at (8,1) Pkey_229_.inpad[0]
150 .input at (24,1) Pkey_22_.inpad[0]
151 .input at (18,1) Pkey_230_.inpad[0]
153 .input at (18,1) Pkey_232_.inpad[0]
154 .input at (9,1) Pkey_233_.inpad[0]
155 .input at (6,1) Pkey_234_.inpad[0]
156 .input at (13,1) Pkey_235_.inpad[0]
158 .input at (10,1) Pkey_237_.inpad[0]
159 .input at (16,1) Pkey_238_.inpad[0]
162 .input at (10,1) Pkey_240_.inpad[0]
163 .input at (10,1) Pkey_241_.inpad[0]
164 .input at (5,1) Pkey_242_.inpad[0]
165 .input at (13,1) Pkey_243_.inpad[0]
166 .input at (5,1) Pkey_244_.inpad[0]
167 .input at (10,1) Pkey_245_.inpad[0]
168 .input at (9,1) Pkey_246_.inpad[0]
170 .input at (6,1) Pkey_248_.inpad[0]
171 .input at (10,1) Pkey_249_.inpad[0]
172 .input at (18,1) Pkey_24_.inpad[0]
173 .input at (5,1) Pkey_250_.inpad[0]
174 .input at (13,1) Pkey_251_.inpad[0]
175 .input at (5,1) Pkey_252_.inpad[0]
176 .input at (10,1) Pkey_253_.inpad[0]
177 .input at (6,1) Pkey_254_.inpad[0]
179 .input at (8,1) Pkey_25_.inpad[0]
180 .input at (26,1) Pkey_26_.inpad[0]
181 .input at (18,1) Pkey_27_.inpad[0]
182 .input at (26,1) Pkey_28_.inpad[0]
183 .input at (8,1) Pkey_29_.inpad[0]
184 .input at (21,1) Pkey_2_.inpad[0]
185 .input at (15,1) Pkey_30_.inpad[0]
187 .input at (12,1) Pkey_32_.inpad[0]
188 .input at (8,1) Pkey_33_.inpad[0]
189 .input at (20,1) Pkey_34_.inpad[0]
190 .input at (18,1) Pkey_35_.inpad[0]
191 .input at (24,1) Pkey_36_.inpad[0]
192 .input at (8,1) Pkey_37_.inpad[0]
193 .input at (11,1) Pkey_38_.inpad[0]
195 .input at (18,1) Pkey_3_.inpad[0]
196 .input at (10,1) Pkey_40_.inpad[0]
197 .input at (10,1) Pkey_41_.inpad[0]
198 .input at (20,1) Pkey_42_.inpad[0]
199 .input at (18,1) Pkey_43_.inpad[0]
200 .input at (20,1) Pkey_44_.inpad[0]
201 .input at (10,1) Pkey_45_.inpad[0]
202 .input at (10,1) Pkey_46_.inpad[0]
204 .input at (13,1) Pkey_48_.inpad[0]
205 .input at (12,1) Pkey_49_.inpad[0]
206 .input at (25,1) Pkey_4_.inpad[0]
207 .input at (19,1) Pkey_50_.inpad[0]
208 .input at (18,44) Pkey_51_.inpad[0]
209 .input at (20,1) Pkey_52_.inpad[0]
210 .input at (12,1) Pkey_53_.inpad[0]
211 .input at (12,1) Pkey_54_.inpad[0]
213 .input at (13,1) Pkey_56_.inpad[0]
214 .input at (18,1) Pkey_57_.inpad[0]
215 .input at (17,1) Pkey_58_.inpad[0]
216 .input at (18,1) Pkey_59_.inpad[0]
217 .input at (14,1) Pkey_5_.inpad[0]
218 .input at (16,1) Pkey_60_.inpad[0]
219 .input at (14,1) Pkey_61_.inpad[0]
220 .input at (13,1) Pkey_62_.inpad[0]
222 .input at (30,1) Pkey_64_.inpad[0]
223 .input at (10,1) Pkey_65_.inpad[0]
224 .input at (25,1) Pkey_66_.inpad[0]
225 .input at (21,1) Pkey_67_.inpad[0]
226 .input at (25,1) Pkey_68_.inpad[0]
227 .input at (10,1) Pkey_69_.inpad[0]
228 .input at (25,1) Pkey_6_.inpad[0]
229 .input at (30,1) Pkey_70_.inpad[0]
231 .input at (31,1) Pkey_72_.inpad[0]
232 .input at (8,1) Pkey_73_.inpad[0]
233 .input at (25,1) Pkey_74_.inpad[0]
234 .input at (24,44) Pkey_75_.inpad[0]
235 .input at (25,1) Pkey_76_.inpad[0]
236 .input at (9,1) Pkey_77_.inpad[0]
237 .input at (30,1) Pkey_78_.inpad[0]
240 .input at (31,1) Pkey_80_.inpad[0]
241 .input at (7,1) Pkey_81_.inpad[0]
242 .input at (22,1) Pkey_82_.inpad[0]
243 .input at (24,44) Pkey_83_.inpad[0]
244 .input at (23,1) Pkey_84_.inpad[0]
245 .input at (7,1) Pkey_85_.inpad[0]
246 .input at (31,1) Pkey_86_.inpad[0]
248 .input at (25,1) Pkey_88_.inpad[0]
249 .input at (4,1) Pkey_89_.inpad[0]
250 .input at (25,1) Pkey_8_.inpad[0]
251 .input at (19,1) Pkey_90_.inpad[0]
252 .input at (24,44) Pkey_91_.inpad[0]
253 .input at (19,1) Pkey_92_.inpad[0]
254 .input at (6,1) Pkey_93_.inpad[0]
255 .input at (28,1) Pkey_94_.inpad[0]
257 .input at (24,1) Pkey_96_.inpad[0]
258 .input at (4,1) Pkey_97_.inpad[0]
259 .input at (20,1) Pkey_98_.inpad[0]
260 .input at (19,1) Pkey_99_.inpad[0]
261 .input at (12,1) Pkey_9_.inpad[0]
2137 dffre at (13,3) N_N2737.Q[0]
2138 dffre at (7,4) N_N2741.Q[0]
2139 dffre at (5,4) N_N2746.Q[0]
2140 dffre at (5,3) N_N2749.Q[0]
2141 dffre at (10,4) N_N2757.Q[0]
2142 dffre at (3,3) N_N2770.Q[0]
2143 dffre at (3,4) N_N2774.Q[0]
2144 dffre at (6,4) N_N2779.Q[0]
2145 dffre at (24,3) N_N2789.Q[0]
2146 dffre at (24,43) N_N2802.Q[0]
2147 dffre at (25,3) N_N2806.Q[0]
2148 dffre at (20,3) N_N2811.Q[0]
2149 dffre at (6,3) N_N2821.Q[0]
2150 dffre at (18,34) N_N2834.Q[0]
2151 dffre at (25,2) N_N2838.Q[0]
2152 dffre at (20,4) N_N2843.Q[0]
2153 dffre at (12,4) N_N2853.Q[0]
2154 dffre at (13,3) N_N2865.Q[0]
2155 dffre at (5,5) N_N2877.Q[0]
2156 dffre at (5,5) N_N2879.Q[0]
2157 dffre at (8,5) N_N2881.Q[0]
2158 dffre at (10,4) N_N2885.Q[0]
2159 dffre at (9,3) N_N2889.Q[0]
2160 dffre at (3,3) N_N2899.Q[0]
2161 dffre at (12,3) N_N2909.Q[0]
2162 dffre at (26,3) N_N2917.Q[0]
2163 dffre at (15,3) N_N2921.Q[0]
2164 dffre at (24,43) N_N2931.Q[0]
2165 dffre at (10,3) N_N2943.Q[0]
2166 dffre at (7,3) N_N2945.Q[0]
2167 dffre at (6,3) N_N2950.Q[0]
2168 dffre at (30,2) N_N2954.Q[0]
2169 dffre at (18,34) N_N2964.Q[0]
2170 dffre at (14,4) N_N2976.Q[0]
2171 dffre at (12,4) N_N2982.Q[0]
2172 dffre at (25,4) N_N2986.Q[0]
2173 dffre at (8,3) $obuf_PKSi_0_.Q[0]
2174 dffre at (20,3) $obuf_PKSi_100_.Q[0]
2175 dffre at (18,3) $obuf_PKSi_101_.Q[0]
2176 dffre at (10,2) $obuf_PKSi_102_.Q[0]
2177 dffre at (8,2) $obuf_PKSi_103_.Q[0]
2178 dffre at (25,2) $obuf_PKSi_104_.Q[0]
2179 dffre at (19,4) $obuf_PKSi_105_.Q[0]
2180 dffre at (24,4) $obuf_PKSi_106_.Q[0]
2181 dffre at (26,2) $obuf_PKSi_107_.Q[0]
2182 dffre at (14,4) $obuf_PKSi_108_.Q[0]
2183 dffre at (26,2) $obuf_PKSi_109_.Q[0]
2184 dffre at (26,2) $obuf_PKSi_10_.Q[0]
2185 dffre at (8,2) $obuf_PKSi_110_.Q[0]
2186 dffre at (18,3) $obuf_PKSi_111_.Q[0]
2187 dffre at (24,4) $obuf_PKSi_112_.Q[0]
2188 dffre at (18,34) $obuf_PKSi_113_.Q[0]
2189 dffre at (20,4) $obuf_PKSi_114_.Q[0]
2190 dffre at (8,3) $obuf_PKSi_115_.Q[0]
2191 dffre at (25,2) $obuf_PKSi_116_.Q[0]
2192 dffre at (25,4) $obuf_PKSi_117_.Q[0]
2193 dffre at (13,2) $obuf_PKSi_118_.Q[0]
2194 dffre at (14,2) $obuf_PKSi_119_.Q[0]
2195 dffre at (12,4) $obuf_PKSi_11_.Q[0]
2196 dffre at (7,3) $obuf_PKSi_120_.Q[0]
2197 dffre at (24,42) $obuf_PKSi_121_.Q[0]
2198 dffre at (24,2) $obuf_PKSi_122_.Q[0]
2199 dffre at (6,3) $obuf_PKSi_123_.Q[0]
2200 dffre at (20,4) $obuf_PKSi_124_.Q[0]
2201 dffre at (24,42) $obuf_PKSi_125_.Q[0]
2202 dffre at (20,2) $obuf_PKSi_126_.Q[0]
2203 dffre at (4,3) $obuf_PKSi_127_.Q[0]
2204 dffre at (25,3) $obuf_PKSi_128_.Q[0]
2205 dffre at (14,3) $obuf_PKSi_129_.Q[0]
2206 dffre at (25,2) $obuf_PKSi_12_.Q[0]
2207 dffre at (31,2) $obuf_PKSi_130_.Q[0]
2208 dffre at (19,4) $obuf_PKSi_131_.Q[0]
2209 dffre at (10,3) $obuf_PKSi_132_.Q[0]
2210 dffre at (19,3) $obuf_PKSi_133_.Q[0]
2211 dffre at (4,3) $obuf_PKSi_134_.Q[0]
2212 dffre at (17,3) $obuf_PKSi_135_.Q[0]
2213 dffre at (31,2) $obuf_PKSi_136_.Q[0]
2214 dffre at (24,43) $obuf_PKSi_137_.Q[0]
2215 dffre at (20,3) $obuf_PKSi_138_.Q[0]
2216 dffre at (24,2) $obuf_PKSi_139_.Q[0]
2217 dffre at (20,3) $obuf_PKSi_13_.Q[0]
2218 dffre at (25,3) $obuf_PKSi_140_.Q[0]
2219 dffre at (30,2) $obuf_PKSi_141_.Q[0]
2220 dffre at (20,2) $obuf_PKSi_142_.Q[0]
2221 dffre at (21,3) $obuf_PKSi_144_.Q[0]
2222 dffre at (4,2) $obuf_PKSi_145_.Q[0]
2223 dffre at (5,2) $obuf_PKSi_146_.Q[0]
2224 dffre at (24,3) $obuf_PKSi_147_.Q[0]
2225 dffre at (5,4) $obuf_PKSi_148_.Q[0]
2226 dffre at (4,2) $obuf_PKSi_149_.Q[0]
2227 dffre at (8,2) $obuf_PKSi_14_.Q[0]
2228 dffre at (7,2) $obuf_PKSi_150_.Q[0]
2229 dffre at (22,3) $obuf_PKSi_151_.Q[0]
2230 dffre at (3,4) $obuf_PKSi_152_.Q[0]
2231 dffre at (22,3) $obuf_PKSi_153_.Q[0]
2232 dffre at (7,2) $obuf_PKSi_154_.Q[0]
2233 dffre at (4,4) $obuf_PKSi_155_.Q[0]
2234 dffre at (12,3) $obuf_PKSi_156_.Q[0]
2235 dffre at (4,4) $obuf_PKSi_157_.Q[0]
2236 dffre at (26,3) $obuf_PKSi_158_.Q[0]
2237 dffre at (6,2) $obuf_PKSi_159_.Q[0]
2238 dffre at (14,2) $obuf_PKSi_15_.Q[0]
2239 dffre at (15,3) $obuf_PKSi_160_.Q[0]
2240 dffre at (3,3) $obuf_PKSi_161_.Q[0]
2241 dffre at (6,4) $obuf_PKSi_162_.Q[0]
2242 dffre at (21,3) $obuf_PKSi_163_.Q[0]
2243 dffre at (3,4) $obuf_PKSi_164_.Q[0]
2244 dffre at (24,3) $obuf_PKSi_165_.Q[0]
2245 dffre at (17,3) $obuf_PKSi_166_.Q[0]
2246 dffre at (5,2) $obuf_PKSi_167_.Q[0]
2247 dffre at (8,4) $obuf_PKSi_168_.Q[0]
2248 dffre at (12,2) $obuf_PKSi_169_.Q[0]
2249 dffre at (18,34) $obuf_PKSi_16_.Q[0]
2250 dffre at (19,3) $obuf_PKSi_170_.Q[0]
2251 dffre at (10,4) $obuf_PKSi_171_.Q[0]
2252 dffre at (6,4) $obuf_PKSi_172_.Q[0]
2253 dffre at (14,3) $obuf_PKSi_173_.Q[0]
2254 dffre at (14,2) $obuf_PKSi_174_.Q[0]
2255 dffre at (8,5) $obuf_PKSi_175_.Q[0]
2256 dffre at (7,4) $obuf_PKSi_176_.Q[0]
2257 dffre at (5,3) $obuf_PKSi_177_.Q[0]
2258 dffre at (12,2) $obuf_PKSi_178_.Q[0]
2259 dffre at (8,4) $obuf_PKSi_179_.Q[0]
2260 dffre at (25,4) $obuf_PKSi_17_.Q[0]
2261 dffre at (5,3) $obuf_PKSi_180_.Q[0]
2262 dffre at (9,4) $obuf_PKSi_182_.Q[0]
2263 dffre at (13,2) $obuf_PKSi_183_.Q[0]
2264 dffre at (9,4) $obuf_PKSi_184_.Q[0]
2265 dffre at (13,3) $obuf_PKSi_185_.Q[0]
2266 dffre at (5,4) $obuf_PKSi_186_.Q[0]
2267 dffre at (18,2) $obuf_PKSi_187_.Q[0]
2268 dffre at (7,4) $obuf_PKSi_188_.Q[0]
2269 dffre at (9,3) $obuf_PKSi_189_.Q[0]
2270 dffre at (14,4) $obuf_PKSi_18_.Q[0]
2271 dffre at (6,2) $obuf_PKSi_190_.Q[0]
2272 dffre at (25,4) $obuf_PKSi_19_.Q[0]
2273 dffre at (19,4) $obuf_PKSi_1_.Q[0]
2274 dffre at (18,3) $obuf_PKSi_20_.Q[0]
2275 dffre at (26,2) $obuf_PKSi_21_.Q[0]
2276 dffre at (8,3) $obuf_PKSi_22_.Q[0]
2277 dffre at (10,2) $obuf_PKSi_23_.Q[0]
2278 dffre at (7,3) $obuf_PKSi_24_.Q[0]
2279 dffre at (14,3) $obuf_PKSi_25_.Q[0]
2280 dffre at (4,3) $obuf_PKSi_26_.Q[0]
2281 dffre at (24,42) $obuf_PKSi_27_.Q[0]
2282 dffre at (20,2) $obuf_PKSi_28_.Q[0]
2283 dffre at (31,2) $obuf_PKSi_29_.Q[0]
2284 dffre at (8,2) $obuf_PKSi_2_.Q[0]
2285 dffre at (24,2) $obuf_PKSi_30_.Q[0]
2286 dffre at (17,3) $obuf_PKSi_31_.Q[0]
2287 dffre at (10,3) $obuf_PKSi_32_.Q[0]
2288 dffre at (31,2) $obuf_PKSi_33_.Q[0]
2289 dffre at (19,3) $obuf_PKSi_34_.Q[0]
2290 dffre at (6,3) $obuf_PKSi_35_.Q[0]
2291 dffre at (25,3) $obuf_PKSi_36_.Q[0]
2292 dffre at (20,4) $obuf_PKSi_37_.Q[0]
2293 dffre at (4,3) $obuf_PKSi_38_.Q[0]
2294 dffre at (24,2) $obuf_PKSi_39_.Q[0]
2295 dffre at (18,2) $obuf_PKSi_3_.Q[0]
2296 dffre at (24,43) $obuf_PKSi_40_.Q[0]
2297 dffre at (30,2) $obuf_PKSi_41_.Q[0]
2298 dffre at (10,3) $obuf_PKSi_42_.Q[0]
2299 dffre at (30,2) $obuf_PKSi_43_.Q[0]
2300 dffre at (24,42) $obuf_PKSi_44_.Q[0]
2301 dffre at (19,4) $obuf_PKSi_45_.Q[0]
2302 dffre at (7,3) $obuf_PKSi_46_.Q[0]
2303 dffre at (20,2) $obuf_PKSi_47_.Q[0]
2304 dffre at (21,3) $obuf_PKSi_48_.Q[0]
2305 dffre at (12,3) $obuf_PKSi_49_.Q[0]
2306 dffre at (13,2) $obuf_PKSi_4_.Q[0]
2307 dffre at (26,3) $obuf_PKSi_50_.Q[0]
2308 dffre at (4,2) $obuf_PKSi_51_.Q[0]
2309 dffre at (17,3) $obuf_PKSi_52_.Q[0]
2310 dffre at (7,2) $obuf_PKSi_53_.Q[0]
2311 dffre at (5,2) $obuf_PKSi_54_.Q[0]
2312 dffre at (6,2) $obuf_PKSi_55_.Q[0]
2313 dffre at (22,3) $obuf_PKSi_56_.Q[0]
2314 dffre at (15,3) $obuf_PKSi_57_.Q[0]
2315 dffre at (4,4) $obuf_PKSi_58_.Q[0]
2316 dffre at (26,3) $obuf_PKSi_59_.Q[0]
2317 dffre at (24,4) $obuf_PKSi_5_.Q[0]
2318 dffre at (3,4) $obuf_PKSi_60_.Q[0]
2319 dffre at (5,4) $obuf_PKSi_61_.Q[0]
2320 dffre at (22,3) $obuf_PKSi_62_.Q[0]
2321 dffre at (5,2) $obuf_PKSi_63_.Q[0]
2322 dffre at (3,3) $obuf_PKSi_64_.Q[0]
2323 dffre at (24,3) $obuf_PKSi_65_.Q[0]
2324 dffre at (12,3) $obuf_PKSi_66_.Q[0]
2325 dffre at (15,3) $obuf_PKSi_67_.Q[0]
2326 dffre at (4,2) $obuf_PKSi_68_.Q[0]
2327 dffre at (4,4) $obuf_PKSi_69_.Q[0]
2328 dffre at (10,2) $obuf_PKSi_6_.Q[0]
2329 dffre at (21,3) $obuf_PKSi_70_.Q[0]
2330 dffre at (7,2) $obuf_PKSi_71_.Q[0]
2331 dffre at (5,5) $obuf_PKSi_72_.Q[0]
2332 dffre at (5,3) $obuf_PKSi_73_.Q[0]
2333 dffre at (9,4) $obuf_PKSi_74_.Q[0]
2334 dffre at (12,2) $obuf_PKSi_75_.Q[0]
2335 dffre at (6,2) $obuf_PKSi_76_.Q[0]
2336 dffre at (12,2) $obuf_PKSi_77_.Q[0]
2337 dffre at (19,3) $obuf_PKSi_78_.Q[0]
2338 dffre at (13,2) $obuf_PKSi_79_.Q[0]
2339 dffre at (18,3) $obuf_PKSi_7_.Q[0]
2340 dffre at (5,5) $obuf_PKSi_80_.Q[0]
2341 dffre at (9,4) $obuf_PKSi_81_.Q[0]
2342 dffre at (8,4) $obuf_PKSi_82_.Q[0]
2343 dffre at (10,4) $obuf_PKSi_83_.Q[0]
2344 dffre at (7,4) $obuf_PKSi_84_.Q[0]
2345 dffre at (6,4) $obuf_PKSi_85_.Q[0]
2346 dffre at (8,5) $obuf_PKSi_86_.Q[0]
2347 dffre at (18,2) $obuf_PKSi_87_.Q[0]
2348 dffre at (13,3) $obuf_PKSi_88_.Q[0]
2349 dffre at (9,3) $obuf_PKSi_89_.Q[0]
2350 dffre at (14,4) $obuf_PKSi_8_.Q[0]
2351 dffre at (9,3) $obuf_PKSi_91_.Q[0]
2352 dffre at (14,3) $obuf_PKSi_92_.Q[0]
2353 dffre at (8,4) $obuf_PKSi_93_.Q[0]
2354 dffre at (8,5) $obuf_PKSi_94_.Q[0]
2355 dffre at (14,2) $obuf_PKSi_95_.Q[0]
2356 dffre at (8,3) $obuf_PKSi_96_.Q[0]
2357 dffre at (18,2) $obuf_PKSi_97_.Q[0]
2358 dffre at (10,2) $obuf_PKSi_98_.Q[0]
2359 dffre at (12,4) $obuf_PKSi_99_.Q[0]
2360 dffre at (24,4) $obuf_PKSi_9_.Q[0]
4826 dffre at (13,3) N_N2737.E[0]
4827 dffre at (13,3) N_N2737.R[0]
4828 dffre at (7,4) N_N2741.E[0]
4829 dffre at (7,4) N_N2741.R[0]
4830 dffre at (5,4) N_N2746.E[0]
4831 dffre at (5,4) N_N2746.R[0]
4832 dffre at (5,3) N_N2749.E[0]
4833 dffre at (5,3) N_N2749.R[0]
4834 dffre at (10,4) N_N2757.E[0]
4835 dffre at (10,4) N_N2757.R[0]
4836 dffre at (3,3) N_N2770.E[0]
4837 dffre at (3,3) N_N2770.R[0]
4838 dffre at (3,4) N_N2774.E[0]
4839 dffre at (3,4) N_N2774.R[0]
4840 dffre at (6,4) N_N2779.E[0]
4841 dffre at (6,4) N_N2779.R[0]
4842 dffre at (24,3) N_N2789.E[0]
4843 dffre at (24,3) N_N2789.R[0]
4844 dffre at (24,43) N_N2802.E[0]
4845 dffre at (24,43) N_N2802.R[0]
4846 dffre at (25,3) N_N2806.E[0]
4847 dffre at (25,3) N_N2806.R[0]
4848 dffre at (20,3) N_N2811.E[0]
4849 dffre at (20,3) N_N2811.R[0]
4850 dffre at (6,3) N_N2821.E[0]
4851 dffre at (6,3) N_N2821.R[0]
4852 dffre at (18,34) N_N2834.E[0]
4853 dffre at (18,34) N_N2834.R[0]
4854 dffre at (25,2) N_N2838.E[0]
4855 dffre at (25,2) N_N2838.R[0]
4856 dffre at (20,4) N_N2843.E[0]
4857 dffre at (20,4) N_N2843.R[0]
4858 dffre at (12,4) N_N2853.E[0]
4859 dffre at (12,4) N_N2853.R[0]
4860 dffre at (13,3) N_N2865.E[0]
4861 dffre at (13,3) N_N2865.R[0]
4862 dffre at (5,5) N_N2877.E[0]
4863 dffre at (5,5) N_N2877.R[0]
4864 dffre at (5,5) N_N2879.E[0]
4865 dffre at (5,5) N_N2879.R[0]
4866 dffre at (8,5) N_N2881.E[0]
4867 dffre at (8,5) N_N2881.R[0]
4868 dffre at (10,4) N_N2885.E[0]
4869 dffre at (10,4) N_N2885.R[0]
4870 dffre at (9,3) N_N2889.E[0]
4871 dffre at (9,3) N_N2889.R[0]
4872 dffre at (3,3) N_N2899.E[0]
4873 dffre at (3,3) N_N2899.R[0]
4874 dffre at (12,3) N_N2909.E[0]
4875 dffre at (12,3) N_N2909.R[0]
4876 dffre at (26,3) N_N2917.E[0]
4877 dffre at (26,3) N_N2917.R[0]
4878 dffre at (15,3) N_N2921.E[0]
4879 dffre at (15,3) N_N2921.R[0]
4880 dffre at (24,43) N_N2931.E[0]
4881 dffre at (24,43) N_N2931.R[0]
4882 dffre at (10,3) N_N2943.E[0]
4883 dffre at (10,3) N_N2943.R[0]
4884 dffre at (7,3) N_N2945.E[0]
4885 dffre at (7,3) N_N2945.R[0]
4886 dffre at (6,3) N_N2950.E[0]
4887 dffre at (6,3) N_N2950.R[0]
4888 dffre at (30,2) N_N2954.E[0]
4889 dffre at (30,2) N_N2954.R[0]
4890 dffre at (18,34) N_N2964.E[0]
4891 dffre at (18,34) N_N2964.R[0]
4892 dffre at (14,4) N_N2976.E[0]
4893 dffre at (14,4) N_N2976.R[0]
4894 dffre at (12,4) N_N2982.E[0]
4895 dffre at (12,4) N_N2982.R[0]
4896 dffre at (25,4) N_N2986.E[0]
4897 dffre at (25,4) N_N2986.R[0]
4898 dffre at (8,3) $obuf_PKSi_0_.E[0]
4899 dffre at (8,3) $obuf_PKSi_0_.R[0]
4900 dffre at (20,3) $obuf_PKSi_100_.E[0]
4901 dffre at (20,3) $obuf_PKSi_100_.R[0]
4902 dffre at (18,3) $obuf_PKSi_101_.E[0]
4903 dffre at (18,3) $obuf_PKSi_101_.R[0]
4904 dffre at (10,2) $obuf_PKSi_102_.E[0]
4905 dffre at (10,2) $obuf_PKSi_102_.R[0]
4906 dffre at (8,2) $obuf_PKSi_103_.E[0]
4907 dffre at (8,2) $obuf_PKSi_103_.R[0]
4908 dffre at (25,2) $obuf_PKSi_104_.E[0]
4909 dffre at (25,2) $obuf_PKSi_104_.R[0]
4910 dffre at (19,4) $obuf_PKSi_105_.E[0]
4911 dffre at (19,4) $obuf_PKSi_105_.R[0]
4912 dffre at (24,4) $obuf_PKSi_106_.E[0]
4913 dffre at (24,4) $obuf_PKSi_106_.R[0]
4914 dffre at (26,2) $obuf_PKSi_107_.E[0]
4915 dffre at (26,2) $obuf_PKSi_107_.R[0]
4916 dffre at (14,4) $obuf_PKSi_108_.E[0]
4917 dffre at (14,4) $obuf_PKSi_108_.R[0]
4918 dffre at (26,2) $obuf_PKSi_109_.E[0]
4919 dffre at (26,2) $obuf_PKSi_109_.R[0]
4920 dffre at (26,2) $obuf_PKSi_10_.E[0]
4921 dffre at (26,2) $obuf_PKSi_10_.R[0]
4922 dffre at (8,2) $obuf_PKSi_110_.E[0]
4923 dffre at (8,2) $obuf_PKSi_110_.R[0]
4924 dffre at (18,3) $obuf_PKSi_111_.E[0]
4925 dffre at (18,3) $obuf_PKSi_111_.R[0]
4926 dffre at (24,4) $obuf_PKSi_112_.E[0]
4927 dffre at (24,4) $obuf_PKSi_112_.R[0]
4928 dffre at (18,34) $obuf_PKSi_113_.E[0]
4929 dffre at (18,34) $obuf_PKSi_113_.R[0]
4930 dffre at (20,4) $obuf_PKSi_114_.E[0]
4931 dffre at (20,4) $obuf_PKSi_114_.R[0]
4932 dffre at (8,3) $obuf_PKSi_115_.E[0]
4933 dffre at (8,3) $obuf_PKSi_115_.R[0]
4934 dffre at (25,2) $obuf_PKSi_116_.E[0]
4935 dffre at (25,2) $obuf_PKSi_116_.R[0]
4936 dffre at (25,4) $obuf_PKSi_117_.E[0]
4937 dffre at (25,4) $obuf_PKSi_117_.R[0]
4938 dffre at (13,2) $obuf_PKSi_118_.E[0]
4939 dffre at (13,2) $obuf_PKSi_118_.R[0]
4940 dffre at (14,2) $obuf_PKSi_119_.E[0]
4941 dffre at (14,2) $obuf_PKSi_119_.R[0]
4942 dffre at (12,4) $obuf_PKSi_11_.E[0]
4943 dffre at (12,4) $obuf_PKSi_11_.R[0]
4944 dffre at (7,3) $obuf_PKSi_120_.E[0]
4945 dffre at (7,3) $obuf_PKSi_120_.R[0]
4946 dffre at (24,42) $obuf_PKSi_121_.E[0]
4947 dffre at (24,42) $obuf_PKSi_121_.R[0]
4948 dffre at (24,2) $obuf_PKSi_122_.E[0]
4949 dffre at (24,2) $obuf_PKSi_122_.R[0]
4950 dffre at (6,3) $obuf_PKSi_123_.E[0]
4951 dffre at (6,3) $obuf_PKSi_123_.R[0]
4952 dffre at (20,4) $obuf_PKSi_124_.E[0]
4953 dffre at (20,4) $obuf_PKSi_124_.R[0]
4954 dffre at (24,42) $obuf_PKSi_125_.E[0]
4955 dffre at (24,42) $obuf_PKSi_125_.R[0]
4956 dffre at (20,2) $obuf_PKSi_126_.E[0]
4957 dffre at (20,2) $obuf_PKSi_126_.R[0]
4958 dffre at (4,3) $obuf_PKSi_127_.E[0]
4959 dffre at (4,3) $obuf_PKSi_127_.R[0]
4960 dffre at (25,3) $obuf_PKSi_128_.E[0]
4961 dffre at (25,3) $obuf_PKSi_128_.R[0]
4962 dffre at (14,3) $obuf_PKSi_129_.E[0]
4963 dffre at (14,3) $obuf_PKSi_129_.R[0]
4964 dffre at (25,2) $obuf_PKSi_12_.E[0]
4965 dffre at (25,2) $obuf_PKSi_12_.R[0]
4966 dffre at (31,2) $obuf_PKSi_130_.E[0]
4967 dffre at (31,2) $obuf_PKSi_130_.R[0]
4968 dffre at (19,4) $obuf_PKSi_131_.E[0]
4969 dffre at (19,4) $obuf_PKSi_131_.R[0]
4970 dffre at (10,3) $obuf_PKSi_132_.E[0]
4971 dffre at (10,3) $obuf_PKSi_132_.R[0]
4972 dffre at (19,3) $obuf_PKSi_133_.E[0]
4973 dffre at (19,3) $obuf_PKSi_133_.R[0]
4974 dffre at (4,3) $obuf_PKSi_134_.E[0]
4975 dffre at (4,3) $obuf_PKSi_134_.R[0]
4976 dffre at (17,3) $obuf_PKSi_135_.E[0]
4977 dffre at (17,3) $obuf_PKSi_135_.R[0]
4978 dffre at (31,2) $obuf_PKSi_136_.E[0]
4979 dffre at (31,2) $obuf_PKSi_136_.R[0]
4980 dffre at (24,43) $obuf_PKSi_137_.E[0]
4981 dffre at (24,43) $obuf_PKSi_137_.R[0]
4982 dffre at (20,3) $obuf_PKSi_138_.E[0]
4983 dffre at (20,3) $obuf_PKSi_138_.R[0]
4984 dffre at (24,2) $obuf_PKSi_139_.E[0]
4985 dffre at (24,2) $obuf_PKSi_139_.R[0]
4986 dffre at (20,3) $obuf_PKSi_13_.E[0]
4987 dffre at (20,3) $obuf_PKSi_13_.R[0]
4988 dffre at (25,3) $obuf_PKSi_140_.E[0]
4989 dffre at (25,3) $obuf_PKSi_140_.R[0]
4990 dffre at (30,2) $obuf_PKSi_141_.E[0]
4991 dffre at (30,2) $obuf_PKSi_141_.R[0]
4992 dffre at (20,2) $obuf_PKSi_142_.E[0]
4993 dffre at (20,2) $obuf_PKSi_142_.R[0]
4994 dffre at (21,3) $obuf_PKSi_144_.E[0]
4995 dffre at (21,3) $obuf_PKSi_144_.R[0]
4996 dffre at (4,2) $obuf_PKSi_145_.E[0]
4997 dffre at (4,2) $obuf_PKSi_145_.R[0]
4998 dffre at (5,2) $obuf_PKSi_146_.E[0]
4999 dffre at (5,2) $obuf_PKSi_146_.R[0]
5000 dffre at (24,3) $obuf_PKSi_147_.E[0]
5001 dffre at (24,3) $obuf_PKSi_147_.R[0]
5002 dffre at (5,4) $obuf_PKSi_148_.E[0]
5003 dffre at (5,4) $obuf_PKSi_148_.R[0]
5004 dffre at (4,2) $obuf_PKSi_149_.E[0]
5005 dffre at (4,2) $obuf_PKSi_149_.R[0]
5006 dffre at (8,2) $obuf_PKSi_14_.E[0]
5007 dffre at (8,2) $obuf_PKSi_14_.R[0]
5008 dffre at (7,2) $obuf_PKSi_150_.E[0]
5009 dffre at (7,2) $obuf_PKSi_150_.R[0]
5010 dffre at (22,3) $obuf_PKSi_151_.E[0]
5011 dffre at (22,3) $obuf_PKSi_151_.R[0]
5012 dffre at (3,4) $obuf_PKSi_152_.E[0]
5013 dffre at (3,4) $obuf_PKSi_152_.R[0]
5014 dffre at (22,3) $obuf_PKSi_153_.E[0]
5015 dffre at (22,3) $obuf_PKSi_153_.R[0]
5016 dffre at (7,2) $obuf_PKSi_154_.E[0]
5017 dffre at (7,2) $obuf_PKSi_154_.R[0]
5018 dffre at (4,4) $obuf_PKSi_155_.E[0]
5019 dffre at (4,4) $obuf_PKSi_155_.R[0]
5020 dffre at (12,3) $obuf_PKSi_156_.E[0]
5021 dffre at (12,3) $obuf_PKSi_156_.R[0]
5022 dffre at (4,4) $obuf_PKSi_157_.E[0]
5023 dffre at (4,4) $obuf_PKSi_157_.R[0]
5024 dffre at (26,3) $obuf_PKSi_158_.E[0]
5025 dffre at (26,3) $obuf_PKSi_158_.R[0]
5026 dffre at (6,2) $obuf_PKSi_159_.E[0]
5027 dffre at (6,2) $obuf_PKSi_159_.R[0]
5028 dffre at (14,2) $obuf_PKSi_15_.E[0]
5029 dffre at (14,2) $obuf_PKSi_15_.R[0]
5030 dffre at (15,3) $obuf_PKSi_160_.E[0]
5031 dffre at (15,3) $obuf_PKSi_160_.R[0]
5032 dffre at (3,3) $obuf_PKSi_161_.E[0]
5033 dffre at (3,3) $obuf_PKSi_161_.R[0]
5034 dffre at (6,4) $obuf_PKSi_162_.E[0]
5035 dffre at (6,4) $obuf_PKSi_162_.R[0]
5036 dffre at (21,3) $obuf_PKSi_163_.E[0]
5037 dffre at (21,3) $obuf_PKSi_163_.R[0]
5038 dffre at (3,4) $obuf_PKSi_164_.E[0]
5039 dffre at (3,4) $obuf_PKSi_164_.R[0]
5040 dffre at (24,3) $obuf_PKSi_165_.E[0]
5041 dffre at (24,3) $obuf_PKSi_165_.R[0]
5042 dffre at (17,3) $obuf_PKSi_166_.E[0]
5043 dffre at (17,3) $obuf_PKSi_166_.R[0]
5044 dffre at (5,2) $obuf_PKSi_167_.E[0]
5045 dffre at (5,2) $obuf_PKSi_167_.R[0]
5046 dffre at (8,4) $obuf_PKSi_168_.E[0]
5047 dffre at (8,4) $obuf_PKSi_168_.R[0]
5048 dffre at (12,2) $obuf_PKSi_169_.E[0]
5049 dffre at (12,2) $obuf_PKSi_169_.R[0]
5050 dffre at (18,34) $obuf_PKSi_16_.E[0]
5051 dffre at (18,34) $obuf_PKSi_16_.R[0]
5052 dffre at (19,3) $obuf_PKSi_170_.E[0]
5053 dffre at (19,3) $obuf_PKSi_170_.R[0]
5054 dffre at (10,4) $obuf_PKSi_171_.E[0]
5055 dffre at (10,4) $obuf_PKSi_171_.R[0]
5056 dffre at (6,4) $obuf_PKSi_172_.E[0]
5057 dffre at (6,4) $obuf_PKSi_172_.R[0]
5058 dffre at (14,3) $obuf_PKSi_173_.E[0]
5059 dffre at (14,3) $obuf_PKSi_173_.R[0]
5060 dffre at (14,2) $obuf_PKSi_174_.E[0]
5061 dffre at (14,2) $obuf_PKSi_174_.R[0]
5062 dffre at (8,5) $obuf_PKSi_175_.E[0]
5063 dffre at (8,5) $obuf_PKSi_175_.R[0]
5064 dffre at (7,4) $obuf_PKSi_176_.E[0]
5065 dffre at (7,4) $obuf_PKSi_176_.R[0]
5066 dffre at (5,3) $obuf_PKSi_177_.E[0]
5067 dffre at (5,3) $obuf_PKSi_177_.R[0]
5068 dffre at (12,2) $obuf_PKSi_178_.E[0]
5069 dffre at (12,2) $obuf_PKSi_178_.R[0]
5070 dffre at (8,4) $obuf_PKSi_179_.E[0]
5071 dffre at (8,4) $obuf_PKSi_179_.R[0]
5072 dffre at (25,4) $obuf_PKSi_17_.E[0]
5073 dffre at (25,4) $obuf_PKSi_17_.R[0]
5074 dffre at (5,3) $obuf_PKSi_180_.E[0]
5075 dffre at (5,3) $obuf_PKSi_180_.R[0]
5076 dffre at (9,4) $obuf_PKSi_182_.E[0]
5077 dffre at (9,4) $obuf_PKSi_182_.R[0]
5078 dffre at (13,2) $obuf_PKSi_183_.E[0]
5079 dffre at (13,2) $obuf_PKSi_183_.R[0]
5080 dffre at (9,4) $obuf_PKSi_184_.E[0]
5081 dffre at (9,4) $obuf_PKSi_184_.R[0]
5082 dffre at (13,3) $obuf_PKSi_185_.E[0]
5083 dffre at (13,3) $obuf_PKSi_185_.R[0]
5084 dffre at (5,4) $obuf_PKSi_186_.E[0]
5085 dffre at (5,4) $obuf_PKSi_186_.R[0]
5086 dffre at (18,2) $obuf_PKSi_187_.E[0]
5087 dffre at (18,2) $obuf_PKSi_187_.R[0]
5088 dffre at (7,4) $obuf_PKSi_188_.E[0]
5089 dffre at (7,4) $obuf_PKSi_188_.R[0]
5090 dffre at (9,3) $obuf_PKSi_189_.E[0]
5091 dffre at (9,3) $obuf_PKSi_189_.R[0]
5092 dffre at (14,4) $obuf_PKSi_18_.E[0]
5093 dffre at (14,4) $obuf_PKSi_18_.R[0]
5094 dffre at (6,2) $obuf_PKSi_190_.E[0]
5095 dffre at (6,2) $obuf_PKSi_190_.R[0]
5096 dffre at (25,4) $obuf_PKSi_19_.E[0]
5097 dffre at (25,4) $obuf_PKSi_19_.R[0]
5098 dffre at (19,4) $obuf_PKSi_1_.E[0]
5099 dffre at (19,4) $obuf_PKSi_1_.R[0]
5100 dffre at (18,3) $obuf_PKSi_20_.E[0]
5101 dffre at (18,3) $obuf_PKSi_20_.R[0]
5102 dffre at (26,2) $obuf_PKSi_21_.E[0]
5103 dffre at (26,2) $obuf_PKSi_21_.R[0]
5104 dffre at (8,3) $obuf_PKSi_22_.E[0]
5105 dffre at (8,3) $obuf_PKSi_22_.R[0]
5106 dffre at (10,2) $obuf_PKSi_23_.E[0]
5107 dffre at (10,2) $obuf_PKSi_23_.R[0]
5108 dffre at (7,3) $obuf_PKSi_24_.E[0]
5109 dffre at (7,3) $obuf_PKSi_24_.R[0]
5110 dffre at (14,3) $obuf_PKSi_25_.E[0]
5111 dffre at (14,3) $obuf_PKSi_25_.R[0]
5112 dffre at (4,3) $obuf_PKSi_26_.E[0]
5113 dffre at (4,3) $obuf_PKSi_26_.R[0]
5114 dffre at (24,42) $obuf_PKSi_27_.E[0]
5115 dffre at (24,42) $obuf_PKSi_27_.R[0]
5116 dffre at (20,2) $obuf_PKSi_28_.E[0]
5117 dffre at (20,2) $obuf_PKSi_28_.R[0]
5118 dffre at (31,2) $obuf_PKSi_29_.E[0]
5119 dffre at (31,2) $obuf_PKSi_29_.R[0]
5120 dffre at (8,2) $obuf_PKSi_2_.E[0]
5121 dffre at (8,2) $obuf_PKSi_2_.R[0]
5122 dffre at (24,2) $obuf_PKSi_30_.E[0]
5123 dffre at (24,2) $obuf_PKSi_30_.R[0]
5124 dffre at (17,3) $obuf_PKSi_31_.E[0]
5125 dffre at (17,3) $obuf_PKSi_31_.R[0]
5126 dffre at (10,3) $obuf_PKSi_32_.E[0]
5127 dffre at (10,3) $obuf_PKSi_32_.R[0]
5128 dffre at (31,2) $obuf_PKSi_33_.E[0]
5129 dffre at (31,2) $obuf_PKSi_33_.R[0]
5130 dffre at (19,3) $obuf_PKSi_34_.E[0]
5131 dffre at (19,3) $obuf_PKSi_34_.R[0]
5132 dffre at (6,3) $obuf_PKSi_35_.E[0]
5133 dffre at (6,3) $obuf_PKSi_35_.R[0]
5134 dffre at (25,3) $obuf_PKSi_36_.E[0]
5135 dffre at (25,3) $obuf_PKSi_36_.R[0]
5136 dffre at (20,4) $obuf_PKSi_37_.E[0]
5137 dffre at (20,4) $obuf_PKSi_37_.R[0]
5138 dffre at (4,3) $obuf_PKSi_38_.E[0]
5139 dffre at (4,3) $obuf_PKSi_38_.R[0]
5140 dffre at (24,2) $obuf_PKSi_39_.E[0]
5141 dffre at (24,2) $obuf_PKSi_39_.R[0]
5142 dffre at (18,2) $obuf_PKSi_3_.E[0]
5143 dffre at (18,2) $obuf_PKSi_3_.R[0]
5144 dffre at (24,43) $obuf_PKSi_40_.E[0]
5145 dffre at (24,43) $obuf_PKSi_40_.R[0]
5146 dffre at (30,2) $obuf_PKSi_41_.E[0]
5147 dffre at (30,2) $obuf_PKSi_41_.R[0]
5148 dffre at (10,3) $obuf_PKSi_42_.E[0]
5149 dffre at (10,3) $obuf_PKSi_42_.R[0]
5150 dffre at (30,2) $obuf_PKSi_43_.E[0]
5151 dffre at (30,2) $obuf_PKSi_43_.R[0]
5152 dffre at (24,42) $obuf_PKSi_44_.E[0]
5153 dffre at (24,42) $obuf_PKSi_44_.R[0]
5154 dffre at (19,4) $obuf_PKSi_45_.E[0]
5155 dffre at (19,4) $obuf_PKSi_45_.R[0]
5156 dffre at (7,3) $obuf_PKSi_46_.E[0]
5157 dffre at (7,3) $obuf_PKSi_46_.R[0]
5158 dffre at (20,2) $obuf_PKSi_47_.E[0]
5159 dffre at (20,2) $obuf_PKSi_47_.R[0]
5160 dffre at (21,3) $obuf_PKSi_48_.E[0]
5161 dffre at (21,3) $obuf_PKSi_48_.R[0]
5162 dffre at (12,3) $obuf_PKSi_49_.E[0]
5163 dffre at (12,3) $obuf_PKSi_49_.R[0]
5164 dffre at (13,2) $obuf_PKSi_4_.E[0]
5165 dffre at (13,2) $obuf_PKSi_4_.R[0]
5166 dffre at (26,3) $obuf_PKSi_50_.E[0]
5167 dffre at (26,3) $obuf_PKSi_50_.R[0]
5168 dffre at (4,2) $obuf_PKSi_51_.E[0]
5169 dffre at (4,2) $obuf_PKSi_51_.R[0]
5170 dffre at (17,3) $obuf_PKSi_52_.E[0]
5171 dffre at (17,3) $obuf_PKSi_52_.R[0]
5172 dffre at (7,2) $obuf_PKSi_53_.E[0]
5173 dffre at (7,2) $obuf_PKSi_53_.R[0]
5174 dffre at (5,2) $obuf_PKSi_54_.E[0]
5175 dffre at (5,2) $obuf_PKSi_54_.R[0]
5176 dffre at (6,2) $obuf_PKSi_55_.E[0]
5177 dffre at (6,2) $obuf_PKSi_55_.R[0]
5178 dffre at (22,3) $obuf_PKSi_56_.E[0]
5179 dffre at (22,3) $obuf_PKSi_56_.R[0]
5180 dffre at (15,3) $obuf_PKSi_57_.E[0]
5181 dffre at (15,3) $obuf_PKSi_57_.R[0]
5182 dffre at (4,4) $obuf_PKSi_58_.E[0]
5183 dffre at (4,4) $obuf_PKSi_58_.R[0]
5184 dffre at (26,3) $obuf_PKSi_59_.E[0]
5185 dffre at (26,3) $obuf_PKSi_59_.R[0]
5186 dffre at (24,4) $obuf_PKSi_5_.E[0]
5187 dffre at (24,4) $obuf_PKSi_5_.R[0]
5188 dffre at (3,4) $obuf_PKSi_60_.E[0]
5189 dffre at (3,4) $obuf_PKSi_60_.R[0]
5190 dffre at (5,4) $obuf_PKSi_61_.E[0]
5191 dffre at (5,4) $obuf_PKSi_61_.R[0]
5192 dffre at (22,3) $obuf_PKSi_62_.E[0]
5193 dffre at (22,3) $obuf_PKSi_62_.R[0]
5194 dffre at (5,2) $obuf_PKSi_63_.E[0]
5195 dffre at (5,2) $obuf_PKSi_63_.R[0]
5196 dffre at (3,3) $obuf_PKSi_64_.E[0]
5197 dffre at (3,3) $obuf_PKSi_64_.R[0]
5198 dffre at (24,3) $obuf_PKSi_65_.E[0]
5199 dffre at (24,3) $obuf_PKSi_65_.R[0]
5200 dffre at (12,3) $obuf_PKSi_66_.E[0]
5201 dffre at (12,3) $obuf_PKSi_66_.R[0]
5202 dffre at (15,3) $obuf_PKSi_67_.E[0]
5203 dffre at (15,3) $obuf_PKSi_67_.R[0]
5204 dffre at (4,2) $obuf_PKSi_68_.E[0]
5205 dffre at (4,2) $obuf_PKSi_68_.R[0]
5206 dffre at (4,4) $obuf_PKSi_69_.E[0]
5207 dffre at (4,4) $obuf_PKSi_69_.R[0]
5208 dffre at (10,2) $obuf_PKSi_6_.E[0]
5209 dffre at (10,2) $obuf_PKSi_6_.R[0]
5210 dffre at (21,3) $obuf_PKSi_70_.E[0]
5211 dffre at (21,3) $obuf_PKSi_70_.R[0]
5212 dffre at (7,2) $obuf_PKSi_71_.E[0]
5213 dffre at (7,2) $obuf_PKSi_71_.R[0]
5214 dffre at (5,5) $obuf_PKSi_72_.E[0]
5215 dffre at (5,5) $obuf_PKSi_72_.R[0]
5216 dffre at (5,3) $obuf_PKSi_73_.E[0]
5217 dffre at (5,3) $obuf_PKSi_73_.R[0]
5218 dffre at (9,4) $obuf_PKSi_74_.E[0]
5219 dffre at (9,4) $obuf_PKSi_74_.R[0]
5220 dffre at (12,2) $obuf_PKSi_75_.E[0]
5221 dffre at (12,2) $obuf_PKSi_75_.R[0]
5222 dffre at (6,2) $obuf_PKSi_76_.E[0]
5223 dffre at (6,2) $obuf_PKSi_76_.R[0]
5224 dffre at (12,2) $obuf_PKSi_77_.E[0]
5225 dffre at (12,2) $obuf_PKSi_77_.R[0]
5226 dffre at (19,3) $obuf_PKSi_78_.E[0]
5227 dffre at (19,3) $obuf_PKSi_78_.R[0]
5228 dffre at (13,2) $obuf_PKSi_79_.E[0]
5229 dffre at (13,2) $obuf_PKSi_79_.R[0]
5230 dffre at (18,3) $obuf_PKSi_7_.E[0]
5231 dffre at (18,3) $obuf_PKSi_7_.R[0]
5232 dffre at (5,5) $obuf_PKSi_80_.E[0]
5233 dffre at (5,5) $obuf_PKSi_80_.R[0]
5234 dffre at (9,4) $obuf_PKSi_81_.E[0]
5235 dffre at (9,4) $obuf_PKSi_81_.R[0]
5236 dffre at (8,4) $obuf_PKSi_82_.E[0]
5237 dffre at (8,4) $obuf_PKSi_82_.R[0]
5238 dffre at (10,4) $obuf_PKSi_83_.E[0]
5239 dffre at (10,4) $obuf_PKSi_83_.R[0]
5240 dffre at (7,4) $obuf_PKSi_84_.E[0]
5241 dffre at (7,4) $obuf_PKSi_84_.R[0]
5242 dffre at (6,4) $obuf_PKSi_85_.E[0]
5243 dffre at (6,4) $obuf_PKSi_85_.R[0]
5244 dffre at (8,5) $obuf_PKSi_86_.E[0]
5245 dffre at (8,5) $obuf_PKSi_86_.R[0]
5246 dffre at (18,2) $obuf_PKSi_87_.E[0]
5247 dffre at (18,2) $obuf_PKSi_87_.R[0]
5248 dffre at (13,3) $obuf_PKSi_88_.E[0]
5249 dffre at (13,3) $obuf_PKSi_88_.R[0]
5250 dffre at (9,3) $obuf_PKSi_89_.E[0]
5251 dffre at (9,3) $obuf_PKSi_89_.R[0]
5252 dffre at (14,4) $obuf_PKSi_8_.E[0]
5253 dffre at (14,4) $obuf_PKSi_8_.R[0]
5254 dffre at (9,3) $obuf_PKSi_91_.E[0]
5255 dffre at (9,3) $obuf_PKSi_91_.R[0]
5256 dffre at (14,3) $obuf_PKSi_92_.E[0]
5257 dffre at (14,3) $obuf_PKSi_92_.R[0]
5258 dffre at (8,4) $obuf_PKSi_93_.E[0]
5259 dffre at (8,4) $obuf_PKSi_93_.R[0]
5260 dffre at (8,5) $obuf_PKSi_94_.E[0]
5261 dffre at (8,5) $obuf_PKSi_94_.R[0]
5262 dffre at (14,2) $obuf_PKSi_95_.E[0]
5263 dffre at (14,2) $obuf_PKSi_95_.R[0]
5264 dffre at (8,3) $obuf_PKSi_96_.E[0]
5265 dffre at (8,3) $obuf_PKSi_96_.R[0]
5266 dffre at (18,2) $obuf_PKSi_97_.E[0]
5267 dffre at (18,2) $obuf_PKSi_97_.R[0]
5268 dffre at (10,2) $obuf_PKSi_98_.E[0]
5269 dffre at (10,2) $obuf_PKSi_98_.R[0]
5270 dffre at (12,4) $obuf_PKSi_99_.E[0]
5271 dffre at (12,4) $obuf_PKSi_99_.R[0]
5272 dffre at (24,4) $obuf_PKSi_9_.E[0]
5273 dffre at (24,4) $obuf_PKSi_9_.R[0]
5768 .output at (8,1) out:PKSi_0_.outpad[0]
5769 .output at (20,1) out:PKSi_100_.outpad[0]
5770 .output at (18,1) out:PKSi_101_.outpad[0]
5771 .output at (10,1) out:PKSi_102_.outpad[0]
5772 .output at (8,1) out:PKSi_103_.outpad[0]
5773 .output at (25,1) out:PKSi_104_.outpad[0]
5774 .output at (19,1) out:PKSi_105_.outpad[0]
5775 .output at (24,1) out:PKSi_106_.outpad[0]
5776 .output at (26,1) out:PKSi_107_.outpad[0]
5777 .output at (14,1) out:PKSi_108_.outpad[0]
5778 .output at (26,1) out:PKSi_109_.outpad[0]
5779 .output at (26,1) out:PKSi_10_.outpad[0]
5780 .output at (8,1) out:PKSi_110_.outpad[0]
5781 .output at (18,1) out:PKSi_111_.outpad[0]
5782 .output at (24,1) out:PKSi_112_.outpad[0]
5783 .output at (18,44) out:PKSi_113_.outpad[0]
5784 .output at (20,1) out:PKSi_114_.outpad[0]
5785 .output at (8,1) out:PKSi_115_.outpad[0]
5786 .output at (25,1) out:PKSi_116_.outpad[0]
5787 .output at (25,1) out:PKSi_117_.outpad[0]
5788 .output at (13,1) out:PKSi_118_.outpad[0]
5789 .output at (14,1) out:PKSi_119_.outpad[0]
5790 .output at (12,1) out:PKSi_11_.outpad[0]
5791 .output at (7,1) out:PKSi_120_.outpad[0]
5792 .output at (24,44) out:PKSi_121_.outpad[0]
5793 .output at (24,1) out:PKSi_122_.outpad[0]
5794 .output at (6,1) out:PKSi_123_.outpad[0]
5795 .output at (20,1) out:PKSi_124_.outpad[0]
5796 .output at (24,44) out:PKSi_125_.outpad[0]
5797 .output at (20,1) out:PKSi_126_.outpad[0]
5798 .output at (4,1) out:PKSi_127_.outpad[0]
5799 .output at (25,1) out:PKSi_128_.outpad[0]
5800 .output at (14,1) out:PKSi_129_.outpad[0]
5801 .output at (25,1) out:PKSi_12_.outpad[0]
5802 .output at (31,1) out:PKSi_130_.outpad[0]
5803 .output at (19,1) out:PKSi_131_.outpad[0]
5804 .output at (10,1) out:PKSi_132_.outpad[0]
5805 .output at (19,1) out:PKSi_133_.outpad[0]
5806 .output at (4,1) out:PKSi_134_.outpad[0]
5807 .output at (17,1) out:PKSi_135_.outpad[0]
5808 .output at (31,1) out:PKSi_136_.outpad[0]
5809 .output at (24,44) out:PKSi_137_.outpad[0]
5810 .output at (20,1) out:PKSi_138_.outpad[0]
5811 .output at (19,1) out:PKSi_139_.outpad[0]
5812 .output at (24,1) out:PKSi_139__2.outpad[0]
5813 .output at (20,1) out:PKSi_13_.outpad[0]
5814 .output at (25,1) out:PKSi_140_.outpad[0]
5815 .output at (30,1) out:PKSi_141_.outpad[0]
5816 .output at (20,1) out:PKSi_142_.outpad[0]
5817 .output at (21,1) out:PKSi_144_.outpad[0]
5818 .output at (4,1) out:PKSi_145_.outpad[0]
5819 .output at (5,1) out:PKSi_146_.outpad[0]
5820 .output at (24,1) out:PKSi_147_.outpad[0]
5821 .output at (5,1) out:PKSi_148_.outpad[0]
5822 .output at (4,1) out:PKSi_149_.outpad[0]
5823 .output at (8,1) out:PKSi_14_.outpad[0]
5824 .output at (7,1) out:PKSi_150_.outpad[0]
5825 .output at (22,1) out:PKSi_151_.outpad[0]
5826 .output at (3,1) out:PKSi_152_.outpad[0]
5827 .output at (22,1) out:PKSi_153_.outpad[0]
5828 .output at (7,1) out:PKSi_154_.outpad[0]
5829 .output at (4,1) out:PKSi_155_.outpad[0]
5830 .output at (12,1) out:PKSi_156_.outpad[0]
5831 .output at (4,1) out:PKSi_157_.outpad[0]
5832 .output at (26,1) out:PKSi_158_.outpad[0]
5833 .output at (6,1) out:PKSi_159_.outpad[0]
5834 .output at (14,1) out:PKSi_15_.outpad[0]
5835 .output at (15,1) out:PKSi_160_.outpad[0]
5836 .output at (3,1) out:PKSi_161_.outpad[0]
5837 .output at (6,1) out:PKSi_162_.outpad[0]
5838 .output at (21,1) out:PKSi_163_.outpad[0]
5839 .output at (3,1) out:PKSi_164_.outpad[0]
5840 .output at (24,1) out:PKSi_165_.outpad[0]
5841 .output at (17,1) out:PKSi_166_.outpad[0]
5842 .output at (5,1) out:PKSi_167_.outpad[0]
5843 .output at (8,1) out:PKSi_168_.outpad[0]
5844 .output at (8,1) out:PKSi_168__2.outpad[0]
5845 .output at (12,1) out:PKSi_169_.outpad[0]
5846 .output at (18,44) out:PKSi_16_.outpad[0]
5847 .output at (19,1) out:PKSi_170_.outpad[0]
5848 .output at (10,1) out:PKSi_171_.outpad[0]
5849 .output at (6,1) out:PKSi_172_.outpad[0]
5850 .output at (14,1) out:PKSi_173_.outpad[0]
5851 .output at (14,1) out:PKSi_174_.outpad[0]
5852 .output at (8,1) out:PKSi_175_.outpad[0]
5853 .output at (7,1) out:PKSi_176_.outpad[0]
5854 .output at (5,1) out:PKSi_177_.outpad[0]
5855 .output at (12,1) out:PKSi_178_.outpad[0]
5856 .output at (8,1) out:PKSi_179_.outpad[0]
5857 .output at (25,1) out:PKSi_17_.outpad[0]
5858 .output at (5,1) out:PKSi_180_.outpad[0]
5859 .output at (9,1) out:PKSi_182_.outpad[0]
5860 .output at (13,1) out:PKSi_183_.outpad[0]
5861 .output at (9,1) out:PKSi_184_.outpad[0]
5862 .output at (13,1) out:PKSi_185_.outpad[0]
5863 .output at (5,1) out:PKSi_186_.outpad[0]
5864 .output at (18,1) out:PKSi_187_.outpad[0]
5865 .output at (18,1) out:PKSi_187__2.outpad[0]
5866 .output at (7,1) out:PKSi_188_.outpad[0]
5867 .output at (9,1) out:PKSi_189_.outpad[0]
5868 .output at (14,1) out:PKSi_18_.outpad[0]
5869 .output at (6,1) out:PKSi_190_.outpad[0]
5870 .output at (25,1) out:PKSi_19_.outpad[0]
5871 .output at (19,1) out:PKSi_1_.outpad[0]
5872 .output at (18,1) out:PKSi_20_.outpad[0]
5873 .output at (26,1) out:PKSi_21_.outpad[0]
5874 .output at (8,1) out:PKSi_22_.outpad[0]
5875 .output at (10,1) out:PKSi_23_.outpad[0]
5876 .output at (7,1) out:PKSi_24_.outpad[0]
5877 .output at (14,1) out:PKSi_25_.outpad[0]
5878 .output at (4,1) out:PKSi_26_.outpad[0]
5879 .output at (24,44) out:PKSi_27_.outpad[0]
5880 .output at (20,1) out:PKSi_28_.outpad[0]
5881 .output at (31,1) out:PKSi_29_.outpad[0]
5882 .output at (8,1) out:PKSi_2_.outpad[0]
5883 .output at (24,1) out:PKSi_30_.outpad[0]
5884 .output at (17,1) out:PKSi_31_.outpad[0]
5885 .output at (10,1) out:PKSi_32_.outpad[0]
5886 .output at (31,1) out:PKSi_33_.outpad[0]
5887 .output at (19,1) out:PKSi_34_.outpad[0]
5888 .output at (6,1) out:PKSi_35_.outpad[0]
5889 .output at (25,1) out:PKSi_36_.outpad[0]
5890 .output at (20,1) out:PKSi_37_.outpad[0]
5891 .output at (4,1) out:PKSi_38_.outpad[0]
5892 .output at (24,1) out:PKSi_39_.outpad[0]
5893 .output at (18,1) out:PKSi_3_.outpad[0]
5894 .output at (24,44) out:PKSi_40_.outpad[0]
5895 .output at (30,1) out:PKSi_41_.outpad[0]
5896 .output at (10,1) out:PKSi_42_.outpad[0]
5897 .output at (30,1) out:PKSi_43_.outpad[0]
5898 .output at (24,44) out:PKSi_44_.outpad[0]
5899 .output at (19,1) out:PKSi_45_.outpad[0]
5900 .output at (7,1) out:PKSi_46_.outpad[0]
5901 .output at (20,1) out:PKSi_47_.outpad[0]
5902 .output at (21,1) out:PKSi_48_.outpad[0]
5903 .output at (12,1) out:PKSi_49_.outpad[0]
5904 .output at (13,1) out:PKSi_4_.outpad[0]
5905 .output at (26,1) out:PKSi_50_.outpad[0]
5906 .output at (4,1) out:PKSi_51_.outpad[0]
5907 .output at (17,1) out:PKSi_52_.outpad[0]
5908 .output at (7,1) out:PKSi_53_.outpad[0]
5909 .output at (5,1) out:PKSi_54_.outpad[0]
5910 .output at (6,1) out:PKSi_55_.outpad[0]
5911 .output at (22,1) out:PKSi_56_.outpad[0]
5912 .output at (15,1) out:PKSi_57_.outpad[0]
5913 .output at (4,1) out:PKSi_58_.outpad[0]
5914 .output at (26,1) out:PKSi_59_.outpad[0]
5915 .output at (24,1) out:PKSi_5_.outpad[0]
5916 .output at (3,1) out:PKSi_60_.outpad[0]
5917 .output at (5,1) out:PKSi_61_.outpad[0]
5918 .output at (22,1) out:PKSi_62_.outpad[0]
5919 .output at (5,1) out:PKSi_63_.outpad[0]
5920 .output at (3,1) out:PKSi_64_.outpad[0]
5921 .output at (24,1) out:PKSi_65_.outpad[0]
5922 .output at (12,1) out:PKSi_66_.outpad[0]
5923 .output at (15,1) out:PKSi_67_.outpad[0]
5924 .output at (4,1) out:PKSi_68_.outpad[0]
5925 .output at (1,4) out:PKSi_69_.outpad[0]
5926 .output at (10,1) out:PKSi_6_.outpad[0]
5927 .output at (21,1) out:PKSi_70_.outpad[0]
5928 .output at (7,1) out:PKSi_71_.outpad[0]
5929 .output at (5,1) out:PKSi_72_.outpad[0]
5930 .output at (5,1) out:PKSi_73_.outpad[0]
5931 .output at (9,1) out:PKSi_74_.outpad[0]
5932 .output at (12,1) out:PKSi_75_.outpad[0]
5933 .output at (6,1) out:PKSi_76_.outpad[0]
5934 .output at (12,1) out:PKSi_77_.outpad[0]
5935 .output at (19,1) out:PKSi_78_.outpad[0]
5936 .output at (13,1) out:PKSi_79_.outpad[0]
5937 .output at (18,1) out:PKSi_7_.outpad[0]
5938 .output at (5,1) out:PKSi_80_.outpad[0]
5939 .output at (31,44) out:PKSi_81_.outpad[0]
5940 .output at (8,1) out:PKSi_82_.outpad[0]
5941 .output at (10,1) out:PKSi_83_.outpad[0]
5942 .output at (7,1) out:PKSi_84_.outpad[0]
5943 .output at (6,1) out:PKSi_85_.outpad[0]
5944 .output at (8,1) out:PKSi_86_.outpad[0]
5945 .output at (18,1) out:PKSi_87_.outpad[0]
5946 .output at (13,1) out:PKSi_88_.outpad[0]
5947 .output at (13,1) out:PKSi_88__2.outpad[0]
5948 .output at (9,1) out:PKSi_89_.outpad[0]
5949 .output at (14,1) out:PKSi_8_.outpad[0]
5950 .output at (9,1) out:PKSi_91_.outpad[0]
5951 .output at (14,1) out:PKSi_92_.outpad[0]
5952 .output at (8,1) out:PKSi_93_.outpad[0]
5953 .output at (8,1) out:PKSi_94_.outpad[0]
5954 .output at (14,1) out:PKSi_95_.outpad[0]
5955 .output at (8,1) out:PKSi_96_.outpad[0]
5956 .output at (18,1) out:PKSi_97_.outpad[0]
5957 .output at (10,1) out:PKSi_98_.outpad[0]
5958 .output at (12,1) out:PKSi_99_.outpad[0]
5959 .output at (24,1) out:PKSi_9_.outpad[0]
5964 dffre at (24,4) $obuf_PKSi_9_.D[0]
5965 dffre at (14,2) $obuf_PKSi_95_.D[0]
5966 dffre at (8,5) $obuf_PKSi_94_.D[0]
5967 dffre at (8,4) $obuf_PKSi_93_.D[0]
5968 dffre at (14,3) $obuf_PKSi_92_.D[0]
5969 dffre at (9,3) $obuf_PKSi_91_.D[0]
5970 dffre at (14,4) $obuf_PKSi_8_.D[0]
5971 dffre at (9,3) $obuf_PKSi_89_.D[0]
5972 dffre at (13,3) $obuf_PKSi_88_.D[0]
5973 dffre at (18,2) $obuf_PKSi_87_.D[0]
5974 dffre at (8,5) $obuf_PKSi_86_.D[0]
5975 dffre at (6,4) $obuf_PKSi_85_.D[0]
5976 dffre at (7,4) $obuf_PKSi_84_.D[0]
5977 dffre at (10,4) $obuf_PKSi_83_.D[0]
5978 dffre at (8,4) $obuf_PKSi_82_.D[0]
5979 dffre at (9,4) $obuf_PKSi_81_.D[0]
5980 dffre at (5,5) $obuf_PKSi_80_.D[0]
5981 dffre at (18,3) $obuf_PKSi_7_.D[0]
5982 dffre at (13,2) $obuf_PKSi_79_.D[0]
5983 dffre at (19,3) $obuf_PKSi_78_.D[0]
5984 dffre at (12,2) $obuf_PKSi_77_.D[0]
5985 dffre at (6,2) $obuf_PKSi_76_.D[0]
5986 dffre at (12,2) $obuf_PKSi_75_.D[0]
5987 dffre at (9,4) $obuf_PKSi_74_.D[0]
5988 dffre at (5,3) $obuf_PKSi_73_.D[0]
5989 dffre at (5,5) $obuf_PKSi_72_.D[0]
5990 dffre at (7,2) $obuf_PKSi_71_.D[0]
5991 dffre at (21,3) $obuf_PKSi_70_.D[0]
5992 dffre at (10,2) $obuf_PKSi_6_.D[0]
5993 dffre at (4,4) $obuf_PKSi_69_.D[0]
5994 dffre at (4,2) $obuf_PKSi_68_.D[0]
5995 dffre at (15,3) $obuf_PKSi_67_.D[0]
5996 dffre at (12,3) $obuf_PKSi_66_.D[0]
5997 dffre at (24,3) $obuf_PKSi_65_.D[0]
5998 dffre at (3,3) $obuf_PKSi_64_.D[0]
5999 dffre at (5,2) $obuf_PKSi_63_.D[0]
6000 dffre at (22,3) $obuf_PKSi_62_.D[0]
6001 dffre at (5,4) $obuf_PKSi_61_.D[0]
6002 dffre at (3,4) $obuf_PKSi_60_.D[0]
6003 dffre at (24,4) $obuf_PKSi_5_.D[0]
6004 dffre at (26,3) $obuf_PKSi_59_.D[0]
6005 dffre at (4,4) $obuf_PKSi_58_.D[0]
6006 dffre at (15,3) $obuf_PKSi_57_.D[0]
6007 dffre at (22,3) $obuf_PKSi_56_.D[0]
6008 dffre at (6,2) $obuf_PKSi_55_.D[0]
6009 dffre at (5,2) $obuf_PKSi_54_.D[0]
6010 dffre at (7,2) $obuf_PKSi_53_.D[0]
6011 dffre at (17,3) $obuf_PKSi_52_.D[0]
6012 dffre at (4,2) $obuf_PKSi_51_.D[0]
6013 dffre at (26,3) $obuf_PKSi_50_.D[0]
6014 dffre at (13,2) $obuf_PKSi_4_.D[0]
6015 dffre at (12,3) $obuf_PKSi_49_.D[0]
6016 dffre at (21,3) $obuf_PKSi_48_.D[0]
6017 dffre at (20,2) $obuf_PKSi_47_.D[0]
6018 dffre at (7,3) $obuf_PKSi_46_.D[0]
6019 dffre at (19,4) $obuf_PKSi_45_.D[0]
6020 dffre at (24,42) $obuf_PKSi_44_.D[0]
6021 dffre at (30,2) $obuf_PKSi_43_.D[0]
6022 dffre at (10,3) $obuf_PKSi_42_.D[0]
6023 dffre at (30,2) $obuf_PKSi_41_.D[0]
6024 dffre at (24,43) $obuf_PKSi_40_.D[0]
6025 dffre at (18,2) $obuf_PKSi_3_.D[0]
6026 dffre at (24,2) $obuf_PKSi_39_.D[0]
6027 dffre at (4,3) $obuf_PKSi_38_.D[0]
6028 dffre at (20,4) $obuf_PKSi_37_.D[0]
6029 dffre at (25,3) $obuf_PKSi_36_.D[0]
6030 dffre at (6,3) $obuf_PKSi_35_.D[0]
6031 dffre at (19,3) $obuf_PKSi_34_.D[0]
6032 dffre at (31,2) $obuf_PKSi_33_.D[0]
6033 dffre at (10,3) $obuf_PKSi_32_.D[0]
6034 dffre at (17,3) $obuf_PKSi_31_.D[0]
6035 dffre at (24,2) $obuf_PKSi_30_.D[0]
6036 dffre at (8,2) $obuf_PKSi_2_.D[0]
6037 dffre at (31,2) $obuf_PKSi_29_.D[0]
6038 dffre at (20,2) $obuf_PKSi_28_.D[0]
6039 dffre at (24,42) $obuf_PKSi_27_.D[0]
6040 dffre at (4,3) $obuf_PKSi_26_.D[0]
6041 dffre at (14,3) $obuf_PKSi_25_.D[0]
6042 dffre at (7,3) $obuf_PKSi_24_.D[0]
6043 dffre at (10,2) $obuf_PKSi_23_.D[0]
6044 dffre at (8,3) $obuf_PKSi_22_.D[0]
6045 dffre at (26,2) $obuf_PKSi_21_.D[0]
6046 dffre at (18,3) $obuf_PKSi_20_.D[0]
6047 dffre at (19,4) $obuf_PKSi_1_.D[0]
6048 dffre at (25,4) $obuf_PKSi_19_.D[0]
6049 dffre at (14,4) $obuf_PKSi_18_.D[0]
6050 dffre at (25,4) $obuf_PKSi_17_.D[0]
6051 dffre at (18,34) $obuf_PKSi_16_.D[0]
6052 dffre at (14,2) $obuf_PKSi_15_.D[0]
6053 dffre at (8,2) $obuf_PKSi_14_.D[0]
6054 dffre at (20,3) $obuf_PKSi_13_.D[0]
6055 dffre at (25,2) $obuf_PKSi_12_.D[0]
6056 dffre at (12,4) $obuf_PKSi_11_.D[0]
6057 dffre at (26,2) $obuf_PKSi_10_.D[0]
6058 dffre at (8,3) $obuf_PKSi_0_.D[0]
6059 dffre at (12,4) N_N2853.D[0]
6060 dffre at (20,4) N_N2843.D[0]
6061 dffre at (25,2) N_N2838.D[0]
6062 dffre at (18,34) N_N2834.D[0]
6063 dffre at (6,3) N_N2821.D[0]
6064 dffre at (20,3) N_N2811.D[0]
6065 dffre at (25,3) N_N2806.D[0]
6066 dffre at (24,43) N_N2802.D[0]
6067 dffre at (24,3) N_N2789.D[0]
6068 dffre at (6,4) N_N2779.D[0]
6069 dffre at (3,4) N_N2774.D[0]
6070 dffre at (3,3) N_N2770.D[0]
6071 dffre at (10,4) N_N2757.D[0]
6072 dffre at (5,3) N_N2749.D[0]
6073 dffre at (5,4) N_N2746.D[0]
6074 dffre at (7,4) N_N2741.D[0]
6075 dffre at (13,3) N_N2737.D[0]
6076 dffre at (12,4) $obuf_PKSi_99_.D[0]
6077 dffre at (10,2) $obuf_PKSi_98_.D[0]
6078 dffre at (18,2) $obuf_PKSi_97_.D[0]
6079 dffre at (8,3) $obuf_PKSi_96_.D[0]
6080 dffre at (6,2) $obuf_PKSi_190_.D[0]
6081 dffre at (9,3) $obuf_PKSi_189_.D[0]
6082 dffre at (7,4) $obuf_PKSi_188_.D[0]
6083 dffre at (18,2) $obuf_PKSi_187_.D[0]
6084 dffre at (5,4) $obuf_PKSi_186_.D[0]
6085 dffre at (13,3) $obuf_PKSi_185_.D[0]
6086 dffre at (9,4) $obuf_PKSi_184_.D[0]
6087 dffre at (13,2) $obuf_PKSi_183_.D[0]
6088 dffre at (9,4) $obuf_PKSi_182_.D[0]
6089 dffre at (5,3) $obuf_PKSi_180_.D[0]
6090 dffre at (8,4) $obuf_PKSi_179_.D[0]
6091 dffre at (12,2) $obuf_PKSi_178_.D[0]
6092 dffre at (5,3) $obuf_PKSi_177_.D[0]
6093 dffre at (7,4) $obuf_PKSi_176_.D[0]
6094 dffre at (8,5) $obuf_PKSi_175_.D[0]
6095 dffre at (14,2) $obuf_PKSi_174_.D[0]
6096 dffre at (14,3) $obuf_PKSi_173_.D[0]
6097 dffre at (6,4) $obuf_PKSi_172_.D[0]
6098 dffre at (10,4) $obuf_PKSi_171_.D[0]
6099 dffre at (19,3) $obuf_PKSi_170_.D[0]
6100 dffre at (12,2) $obuf_PKSi_169_.D[0]
6101 dffre at (8,4) $obuf_PKSi_168_.D[0]
6102 dffre at (5,2) $obuf_PKSi_167_.D[0]
6103 dffre at (17,3) $obuf_PKSi_166_.D[0]
6104 dffre at (24,3) $obuf_PKSi_165_.D[0]
6105 dffre at (3,4) $obuf_PKSi_164_.D[0]
6106 dffre at (21,3) $obuf_PKSi_163_.D[0]
6107 dffre at (6,4) $obuf_PKSi_162_.D[0]
6108 dffre at (3,3) $obuf_PKSi_161_.D[0]
6109 dffre at (15,3) $obuf_PKSi_160_.D[0]
6110 dffre at (6,2) $obuf_PKSi_159_.D[0]
6111 dffre at (26,3) $obuf_PKSi_158_.D[0]
6112 dffre at (4,4) $obuf_PKSi_157_.D[0]
6113 dffre at (12,3) $obuf_PKSi_156_.D[0]
6114 dffre at (4,4) $obuf_PKSi_155_.D[0]
6115 dffre at (7,2) $obuf_PKSi_154_.D[0]
6116 dffre at (22,3) $obuf_PKSi_153_.D[0]
6117 dffre at (3,4) $obuf_PKSi_152_.D[0]
6118 dffre at (22,3) $obuf_PKSi_151_.D[0]
6119 dffre at (7,2) $obuf_PKSi_150_.D[0]
6120 dffre at (4,2) $obuf_PKSi_149_.D[0]
6121 dffre at (5,4) $obuf_PKSi_148_.D[0]
6122 dffre at (24,3) $obuf_PKSi_147_.D[0]
6123 dffre at (5,2) $obuf_PKSi_146_.D[0]
6124 dffre at (4,2) $obuf_PKSi_145_.D[0]
6125 dffre at (21,3) $obuf_PKSi_144_.D[0]
6126 dffre at (20,2) $obuf_PKSi_142_.D[0]
6127 dffre at (30,2) $obuf_PKSi_141_.D[0]
6128 dffre at (25,3) $obuf_PKSi_140_.D[0]
6129 dffre at (24,2) $obuf_PKSi_139_.D[0]
6130 dffre at (20,3) $obuf_PKSi_138_.D[0]
6131 dffre at (24,43) $obuf_PKSi_137_.D[0]
6132 dffre at (31,2) $obuf_PKSi_136_.D[0]
6133 dffre at (17,3) $obuf_PKSi_135_.D[0]
6134 dffre at (4,3) $obuf_PKSi_134_.D[0]
6135 dffre at (19,3) $obuf_PKSi_133_.D[0]
6136 dffre at (10,3) $obuf_PKSi_132_.D[0]
6137 dffre at (19,4) $obuf_PKSi_131_.D[0]
6138 dffre at (31,2) $obuf_PKSi_130_.D[0]
6139 dffre at (14,3) $obuf_PKSi_129_.D[0]
6140 dffre at (25,3) $obuf_PKSi_128_.D[0]
6141 dffre at (4,3) $obuf_PKSi_127_.D[0]
6142 dffre at (20,2) $obuf_PKSi_126_.D[0]
6143 dffre at (24,42) $obuf_PKSi_125_.D[0]
6144 dffre at (20,4) $obuf_PKSi_124_.D[0]
6145 dffre at (6,3) $obuf_PKSi_123_.D[0]
6146 dffre at (24,2) $obuf_PKSi_122_.D[0]
6147 dffre at (24,42) $obuf_PKSi_121_.D[0]
6148 dffre at (7,3) $obuf_PKSi_120_.D[0]
6149 dffre at (14,2) $obuf_PKSi_119_.D[0]
6150 dffre at (13,2) $obuf_PKSi_118_.D[0]
6151 dffre at (25,4) $obuf_PKSi_117_.D[0]
6152 dffre at (25,2) $obuf_PKSi_116_.D[0]
6153 dffre at (8,3) $obuf_PKSi_115_.D[0]
6154 dffre at (20,4) $obuf_PKSi_114_.D[0]
6155 dffre at (18,34) $obuf_PKSi_113_.D[0]
6156 dffre at (24,4) $obuf_PKSi_112_.D[0]
6157 dffre at (18,3) $obuf_PKSi_111_.D[0]
6158 dffre at (8,2) $obuf_PKSi_110_.D[0]
6159 dffre at (26,2) $obuf_PKSi_109_.D[0]
6160 dffre at (14,4) $obuf_PKSi_108_.D[0]
6161 dffre at (26,2) $obuf_PKSi_107_.D[0]
6162 dffre at (24,4) $obuf_PKSi_106_.D[0]
6163 dffre at (19,4) $obuf_PKSi_105_.D[0]
6164 dffre at (25,2) $obuf_PKSi_104_.D[0]
6165 dffre at (8,2) $obuf_PKSi_103_.D[0]
6166 dffre at (10,2) $obuf_PKSi_102_.D[0]
6167 dffre at (18,3) $obuf_PKSi_101_.D[0]
6168 dffre at (20,3) $obuf_PKSi_100_.D[0]
6169 dffre at (25,4) N_N2986.D[0]
6170 dffre at (12,4) N_N2982.D[0]
6171 dffre at (14,4) N_N2976.D[0]
6172 dffre at (18,34) N_N2964.D[0]
6173 dffre at (30,2) N_N2954.D[0]
6174 dffre at (6,3) N_N2950.D[0]
6175 dffre at (7,3) N_N2945.D[0]
6176 dffre at (10,3) N_N2943.D[0]
6177 dffre at (24,43) N_N2931.D[0]
6178 dffre at (15,3) N_N2921.D[0]
6179 dffre at (26,3) N_N2917.D[0]
6180 dffre at (12,3) N_N2909.D[0]
6181 dffre at (3,3) N_N2899.D[0]
6182 dffre at (9,3) N_N2889.D[0]
6183 dffre at (10,4) N_N2885.D[0]
6184 dffre at (8,5) N_N2881.D[0]
6185 dffre at (5,5) N_N2879.D[0]
6186 dffre at (5,5) N_N2877.D[0]
6187 dffre at (13,3) N_N2865.D[0]

#End of unconstrained setup startpoint/endpoint report
