
 /----------------------------------------------------------------------------\
 |                                                                            |
 |  yosys -- Yosys Open SYnthesis Suite                                       |
 |                                                                            |
 |  Copyright (C) 2012 - 2020  Claire Xenia Wolf <claire@yosyshq.com>         |
 |                                                                            |
 |  Permission to use, copy, modify, and/or distribute this software for any  |
 |  purpose with or without fee is hereby granted, provided that the above    |
 |  copyright notice and this permission notice appear in all copies.         |
 |                                                                            |
 |  THE SOFTWARE IS PROVIDED "AS IS" AND THE AUTHOR DISCLAIMS ALL WARRANTIES  |
 |  WITH REGARD TO THIS SOFTWARE INCLUDING ALL IMPLIED WARRANTIES OF          |
 |  MERCHANTABILITY AND FITNESS. IN NO EVENT SHALL THE AUTHOR BE LIABLE FOR   |
 |  ANY SPECIAL, DIRECT, INDIRECT, OR CONSEQUENTIAL DAMAGES OR ANY DAMAGES    |
 |  WHATSOEVER RESULTING FROM LOSS OF USE, DATA OR PROFITS, WHETHER IN AN     |
 |  ACTION OF CONTRACT, NEGLIGENCE OR OTHER TORTIOUS ACTION, ARISING OUT OF   |
 |  OR IN CONNECTION WITH THE USE OR PERFORMANCE OF THIS SOFTWARE.            |
 |                                                                            |
 \----------------------------------------------------------------------------/

 Yosys 0.18+10 (git sha1 adecc2266, gcc 11.2.1 -fPIC -Os)


-- Executing script file `SBox.ys' --

1. Executing Verilog with UHDM frontend.
Warning: Removing unelaborated module: \TDP_RAM36K from the design.
Warning: Removing unelaborated module: \TDP_RAM18KX2 from the design.
Warning: Removing unelaborated module: \SOC_FPGA_INTF_JTAG from the design.
Warning: Removing unelaborated module: \SOC_FPGA_INTF_IRQ from the design.
Warning: Removing unelaborated module: \LATCHNR from the design.
Warning: Removing unelaborated module: \LATCHN from the design.
Warning: Removing unelaborated module: \O_SERDES_CLK from the design.
Warning: Removing unelaborated module: \RS_DSP_MULTADD_REGIN_REGOUT from the design.
Warning: Removing unelaborated module: \LATCH from the design.
Warning: Removing unelaborated module: \LATCHS from the design.
Warning: Removing unelaborated module: \DFFNRE from the design.
Warning: Removing unelaborated module: \BOOT_CLOCK from the design.
Warning: Removing unelaborated module: \LUT3 from the design.
Warning: Removing unelaborated module: \I_SERDES from the design.
Warning: Removing unelaborated module: \LUT6 from the design.
Warning: Removing unelaborated module: \LATCHNS from the design.
Warning: Removing unelaborated module: \LUT1 from the design.
Warning: Removing unelaborated module: \RS_DSP_MULTACC_REGOUT from the design.
Warning: Removing unelaborated module: \FIFO18KX2 from the design.
Warning: Removing unelaborated module: \DSP19X2 from the design.
Warning: Removing unelaborated module: \O_BUFT from the design.
Warning: Removing unelaborated module: \LUT2 from the design.
Warning: Removing unelaborated module: \FIFO36K from the design.
Warning: Removing unelaborated module: \LATCHR from the design.
Warning: Removing unelaborated module: \SOC_FPGA_TEMPERATURE from the design.
Warning: Removing unelaborated module: \RS_DSP_MULTACC from the design.
Warning: Removing unelaborated module: \RS_DSP_MULT_REGIN_REGOUT from the design.
Warning: Removing unelaborated module: \CARRY from the design.
Warning: Removing unelaborated module: \SOC_FPGA_INTF_AXI_M0 from the design.
Warning: Removing unelaborated module: \CARRY_CHAIN from the design.
Warning: Removing unelaborated module: \I_BUF_DS from the design.
Warning: Removing unelaborated module: \DSP38 from the design.
Warning: Removing unelaborated module: \I_DELAY from the design.
Warning: Removing unelaborated module: \O_BUF from the design.
Warning: Removing unelaborated module: \SOC_FPGA_INTF_DMA from the design.
Warning: Removing unelaborated module: \O_BUFT_DS from the design.
Warning: Removing unelaborated module: \O_SERDES from the design.
Warning: Removing unelaborated module: \CLK_BUF from the design.
Warning: Removing unelaborated module: \O_BUF_DS from the design.
Warning: Removing unelaborated module: \LUT5 from the design.
Warning: Removing unelaborated module: \DFFRE from the design.
Warning: Removing unelaborated module: \O_DDR from the design.
Warning: Removing unelaborated module: \RS_DSP_MULTACC_REGIN from the design.
Warning: Removing unelaborated module: \O_DELAY from the design.
Warning: Removing unelaborated module: \_$_mem_v2_asymmetric from the design.
Warning: Removing unelaborated module: \RS_DSP_MULTADD_REGOUT from the design.
Warning: Removing unelaborated module: \I_DDR from the design.
Warning: Removing unelaborated module: \RS_DSP from the design.
Warning: Removing unelaborated module: \I_BUF from the design.
Warning: Removing unelaborated module: \RS_DSP_MULTACC_REGIN_REGOUT from the design.
Warning: Removing unelaborated module: \RS_DSP_MULT from the design.
Warning: Removing unelaborated module: \BRAM2x18_SDP from the design.
Warning: Removing unelaborated module: \RS_DSP_MULTADD from the design.
Warning: Removing unelaborated module: \PLL from the design.
Warning: Removing unelaborated module: \SOC_FPGA_INTF_AHB_M from the design.
Warning: Removing unelaborated module: \BRAM2x18_TDP from the design.
Warning: Removing unelaborated module: \RS_DSP_MULTADD_REGIN from the design.
Warning: Removing unelaborated module: \LUT4 from the design.
Warning: Removing unelaborated module: \RS_DSP_MULT_REGIN from the design.
Warning: Removing unelaborated module: \RS_DSP_MULT_REGOUT from the design.
Warning: Removing unelaborated module: \RS_TDP36K from the design.
Warning: Removing unelaborated module: \SOC_FPGA_INTF_AHB_S from the design.
Warning: Removing unelaborated module: \SOC_FPGA_INTF_AXI_M1 from the design.
Generating RTLIL representation for module `\SBox'.

2. Executing HIERARCHY pass (managing design hierarchy).

2.1. Analyzing design hierarchy..
Top module:  \SBox

2.2. Analyzing design hierarchy..
Top module:  \SBox
Removed 0 unused modules.

3. Executing synth_rs pass: v0.4.218

3.1. Executing Verilog-2005 frontend: /nfs_eda_sw/softwares/Raptor/instl_dir/02_01_2024_09_15_01/bin/../share/yosys/rapidsilicon/common/cells_sim.v
Parsing Verilog input from `/nfs_eda_sw/softwares/Raptor/instl_dir/02_01_2024_09_15_01/bin/../share/yosys/rapidsilicon/common/cells_sim.v' to AST representation.
Generating RTLIL representation for module `\inv'.
Generating RTLIL representation for module `\buff'.
Generating RTLIL representation for module `\logic_0'.
Generating RTLIL representation for module `\logic_1'.
Generating RTLIL representation for module `\gclkbuff'.
Successfully finished Verilog frontend.

3.2. Executing Verilog-2005 frontend: /nfs_eda_sw/softwares/Raptor/instl_dir/02_01_2024_09_15_01/bin/../share/yosys/rapidsilicon/genesis3/FPGA_PRIMITIVES_MODELS/sim_models/verilog/CARRY.v
Parsing Verilog input from `/nfs_eda_sw/softwares/Raptor/instl_dir/02_01_2024_09_15_01/bin/../share/yosys/rapidsilicon/genesis3/FPGA_PRIMITIVES_MODELS/sim_models/verilog/CARRY.v' to AST representation.
Generating RTLIL representation for module `\CARRY'.
Successfully finished Verilog frontend.

3.3. Executing Verilog-2005 frontend: /nfs_eda_sw/softwares/Raptor/instl_dir/02_01_2024_09_15_01/bin/../share/yosys/rapidsilicon/genesis3/llatches_sim.v
Parsing Verilog input from `/nfs_eda_sw/softwares/Raptor/instl_dir/02_01_2024_09_15_01/bin/../share/yosys/rapidsilicon/genesis3/llatches_sim.v' to AST representation.
Generating RTLIL representation for module `\LATCH'.
Generating RTLIL representation for module `\LATCHN'.
Generating RTLIL representation for module `\LATCHR'.
Generating RTLIL representation for module `\LATCHS'.
Generating RTLIL representation for module `\LATCHNR'.
Generating RTLIL representation for module `\LATCHNS'.
Generating RTLIL representation for module `\LATCHSRE'.
Generating RTLIL representation for module `\LATCHNSRE'.
Successfully finished Verilog frontend.

3.4. Executing Verilog-2005 frontend: /nfs_eda_sw/softwares/Raptor/instl_dir/02_01_2024_09_15_01/bin/../share/yosys/rapidsilicon/genesis3/FPGA_PRIMITIVES_MODELS/sim_models/verilog/DFFRE.v
Parsing Verilog input from `/nfs_eda_sw/softwares/Raptor/instl_dir/02_01_2024_09_15_01/bin/../share/yosys/rapidsilicon/genesis3/FPGA_PRIMITIVES_MODELS/sim_models/verilog/DFFRE.v' to AST representation.
Generating RTLIL representation for module `\DFFRE'.
Successfully finished Verilog frontend.

3.5. Executing Verilog-2005 frontend: /nfs_eda_sw/softwares/Raptor/instl_dir/02_01_2024_09_15_01/bin/../share/yosys/rapidsilicon/genesis3/FPGA_PRIMITIVES_MODELS/sim_models/verilog/DFFNRE.v
Parsing Verilog input from `/nfs_eda_sw/softwares/Raptor/instl_dir/02_01_2024_09_15_01/bin/../share/yosys/rapidsilicon/genesis3/FPGA_PRIMITIVES_MODELS/sim_models/verilog/DFFNRE.v' to AST representation.
Generating RTLIL representation for module `\DFFNRE'.
Successfully finished Verilog frontend.

3.6. Executing Verilog-2005 frontend: /nfs_eda_sw/softwares/Raptor/instl_dir/02_01_2024_09_15_01/bin/../share/yosys/rapidsilicon/genesis3/FPGA_PRIMITIVES_MODELS/sim_models/verilog/LUT1.v
Parsing Verilog input from `/nfs_eda_sw/softwares/Raptor/instl_dir/02_01_2024_09_15_01/bin/../share/yosys/rapidsilicon/genesis3/FPGA_PRIMITIVES_MODELS/sim_models/verilog/LUT1.v' to AST representation.
Generating RTLIL representation for module `\LUT1'.
Successfully finished Verilog frontend.

3.7. Executing Verilog-2005 frontend: /nfs_eda_sw/softwares/Raptor/instl_dir/02_01_2024_09_15_01/bin/../share/yosys/rapidsilicon/genesis3/FPGA_PRIMITIVES_MODELS/sim_models/verilog/LUT2.v
Parsing Verilog input from `/nfs_eda_sw/softwares/Raptor/instl_dir/02_01_2024_09_15_01/bin/../share/yosys/rapidsilicon/genesis3/FPGA_PRIMITIVES_MODELS/sim_models/verilog/LUT2.v' to AST representation.
Generating RTLIL representation for module `\LUT2'.
Successfully finished Verilog frontend.

3.8. Executing Verilog-2005 frontend: /nfs_eda_sw/softwares/Raptor/instl_dir/02_01_2024_09_15_01/bin/../share/yosys/rapidsilicon/genesis3/FPGA_PRIMITIVES_MODELS/sim_models/verilog/LUT3.v
Parsing Verilog input from `/nfs_eda_sw/softwares/Raptor/instl_dir/02_01_2024_09_15_01/bin/../share/yosys/rapidsilicon/genesis3/FPGA_PRIMITIVES_MODELS/sim_models/verilog/LUT3.v' to AST representation.
Generating RTLIL representation for module `\LUT3'.
Successfully finished Verilog frontend.

3.9. Executing Verilog-2005 frontend: /nfs_eda_sw/softwares/Raptor/instl_dir/02_01_2024_09_15_01/bin/../share/yosys/rapidsilicon/genesis3/FPGA_PRIMITIVES_MODELS/sim_models/verilog/LUT4.v
Parsing Verilog input from `/nfs_eda_sw/softwares/Raptor/instl_dir/02_01_2024_09_15_01/bin/../share/yosys/rapidsilicon/genesis3/FPGA_PRIMITIVES_MODELS/sim_models/verilog/LUT4.v' to AST representation.
Generating RTLIL representation for module `\LUT4'.
Successfully finished Verilog frontend.

3.10. Executing Verilog-2005 frontend: /nfs_eda_sw/softwares/Raptor/instl_dir/02_01_2024_09_15_01/bin/../share/yosys/rapidsilicon/genesis3/FPGA_PRIMITIVES_MODELS/sim_models/verilog/LUT5.v
Parsing Verilog input from `/nfs_eda_sw/softwares/Raptor/instl_dir/02_01_2024_09_15_01/bin/../share/yosys/rapidsilicon/genesis3/FPGA_PRIMITIVES_MODELS/sim_models/verilog/LUT5.v' to AST representation.
Generating RTLIL representation for module `\LUT5'.
Successfully finished Verilog frontend.

3.11. Executing Verilog-2005 frontend: /nfs_eda_sw/softwares/Raptor/instl_dir/02_01_2024_09_15_01/bin/../share/yosys/rapidsilicon/genesis3/FPGA_PRIMITIVES_MODELS/sim_models/verilog/LUT6.v
Parsing Verilog input from `/nfs_eda_sw/softwares/Raptor/instl_dir/02_01_2024_09_15_01/bin/../share/yosys/rapidsilicon/genesis3/FPGA_PRIMITIVES_MODELS/sim_models/verilog/LUT6.v' to AST representation.
Generating RTLIL representation for module `\LUT6'.
Successfully finished Verilog frontend.

3.12. Executing Verilog-2005 frontend: /nfs_eda_sw/softwares/Raptor/instl_dir/02_01_2024_09_15_01/bin/../share/yosys/rapidsilicon/genesis3/FPGA_PRIMITIVES_MODELS/sim_models/verilog/CLK_BUF.v
Parsing Verilog input from `/nfs_eda_sw/softwares/Raptor/instl_dir/02_01_2024_09_15_01/bin/../share/yosys/rapidsilicon/genesis3/FPGA_PRIMITIVES_MODELS/sim_models/verilog/CLK_BUF.v' to AST representation.
Generating RTLIL representation for module `\CLK_BUF'.
Successfully finished Verilog frontend.

3.13. Executing Verilog-2005 frontend: /nfs_eda_sw/softwares/Raptor/instl_dir/02_01_2024_09_15_01/bin/../share/yosys/rapidsilicon/genesis3/FPGA_PRIMITIVES_MODELS/sim_models/verilog/O_BUF.v
Parsing Verilog input from `/nfs_eda_sw/softwares/Raptor/instl_dir/02_01_2024_09_15_01/bin/../share/yosys/rapidsilicon/genesis3/FPGA_PRIMITIVES_MODELS/sim_models/verilog/O_BUF.v' to AST representation.
Generating RTLIL representation for module `\O_BUF'.
Successfully finished Verilog frontend.

3.14. Executing Verilog-2005 frontend: /nfs_eda_sw/softwares/Raptor/instl_dir/02_01_2024_09_15_01/bin/../share/yosys/rapidsilicon/genesis3/FPGA_PRIMITIVES_MODELS/sim_models/verilog/DSP38.v
Parsing Verilog input from `/nfs_eda_sw/softwares/Raptor/instl_dir/02_01_2024_09_15_01/bin/../share/yosys/rapidsilicon/genesis3/FPGA_PRIMITIVES_MODELS/sim_models/verilog/DSP38.v' to AST representation.
Generating RTLIL representation for module `\DSP38'.
/nfs_eda_sw/softwares/Raptor/instl_dir/02_01_2024_09_15_01/bin/../share/yosys/rapidsilicon/genesis3/FPGA_PRIMITIVES_MODELS/sim_models/verilog/DSP38.v:0: Warning: System task `$display' outside initial block is unsupported.
Successfully finished Verilog frontend.

3.15. Executing Verilog-2005 frontend: /nfs_eda_sw/softwares/Raptor/instl_dir/02_01_2024_09_15_01/bin/../share/yosys/rapidsilicon/genesis3/bram_map_rs.v
Parsing Verilog input from `/nfs_eda_sw/softwares/Raptor/instl_dir/02_01_2024_09_15_01/bin/../share/yosys/rapidsilicon/genesis3/bram_map_rs.v' to AST representation.
Generating RTLIL representation for module `\TDP_RAM36K'.
Generating RTLIL representation for module `\TDP_RAM18KX2'.
Generating RTLIL representation for module `\RS_DSP3'.
Generating RTLIL representation for module `\DSP19X2'.
Successfully finished Verilog frontend.

3.16. Executing Verilog-2005 frontend: /nfs_eda_sw/softwares/Raptor/instl_dir/02_01_2024_09_15_01/bin/../share/yosys/rapidsilicon/genesis3/brams_sim.v
Parsing Verilog input from `/nfs_eda_sw/softwares/Raptor/instl_dir/02_01_2024_09_15_01/bin/../share/yosys/rapidsilicon/genesis3/brams_sim.v' to AST representation.
Generating RTLIL representation for module `\TDP_BRAM18'.
Generating RTLIL representation for module `\BRAM2x18_TDP'.
Generating RTLIL representation for module `\BRAM2x18_SDP'.
Generating RTLIL representation for module `\_$_mem_v2_asymmetric'.
Successfully finished Verilog frontend.

3.17. Executing HIERARCHY pass (managing design hierarchy).

3.17.1. Analyzing design hierarchy..
Top module:  \SBox

3.17.2. Analyzing design hierarchy..
Top module:  \SBox
Removed 0 unused modules.

3.18. Executing PROC pass (convert processes to netlists).

3.18.1. Executing PROC_CLEAN pass (remove empty switches from decision trees).
Cleaned up 0 empty switches.

3.18.2. Executing PROC_RMDEAD pass (remove dead branches from decision trees).
Removed 1 dead cases from process $proc$/nfs_scratch/scratch/CompilerValidation/abdul_hameed/2nd-feb/Validation/RTL_testcases/Memory_Designs/sbox/EDA-2461/rtl/SBox.v:24$1 in module SBox.
Marked 2 switch rules as full_case in process $proc$/nfs_scratch/scratch/CompilerValidation/abdul_hameed/2nd-feb/Validation/RTL_testcases/Memory_Designs/sbox/EDA-2461/rtl/SBox.v:24$1 in module SBox.
Removed a total of 1 dead cases.

3.18.3. Executing PROC_PRUNE pass (remove redundant assignments in processes).
Removed 0 redundant assignments.
Promoted 0 assignments to connections.

3.18.4. Executing PROC_INIT pass (extract init attributes).

3.18.5. Executing PROC_ARST pass (detect async resets in processes).
Found async reset \reset in `\SBox.$proc$/nfs_scratch/scratch/CompilerValidation/abdul_hameed/2nd-feb/Validation/RTL_testcases/Memory_Designs/sbox/EDA-2461/rtl/SBox.v:24$1'.

3.18.6. Executing PROC_ROM pass (convert switches to ROMs).
Converted 1 switch.
<suppressed ~1 debug messages>

3.18.7. Executing PROC_MUX pass (convert decision trees to multiplexers).
Creating decoders for process `\SBox.$proc$/nfs_scratch/scratch/CompilerValidation/abdul_hameed/2nd-feb/Validation/RTL_testcases/Memory_Designs/sbox/EDA-2461/rtl/SBox.v:24$1'.
     1/1: $0\dout[7:0]

3.18.8. Executing PROC_DLATCH pass (convert process syncs to latches).

3.18.9. Executing PROC_DFF pass (convert process syncs to FFs).
Creating register for signal `\SBox.\dout' using process `\SBox.$proc$/nfs_scratch/scratch/CompilerValidation/abdul_hameed/2nd-feb/Validation/RTL_testcases/Memory_Designs/sbox/EDA-2461/rtl/SBox.v:24$1'.
  created $adff cell `$procdff$10' with positive edge clock and negative level reset.

3.18.10. Executing PROC_MEMWR pass (convert process memory writes to cells).

3.18.11. Executing PROC_CLEAN pass (remove empty switches from decision trees).
Found and cleaned up 2 empty switches in `\SBox.$proc$/nfs_scratch/scratch/CompilerValidation/abdul_hameed/2nd-feb/Validation/RTL_testcases/Memory_Designs/sbox/EDA-2461/rtl/SBox.v:24$1'.
Removing empty process `SBox.$proc$/nfs_scratch/scratch/CompilerValidation/abdul_hameed/2nd-feb/Validation/RTL_testcases/Memory_Designs/sbox/EDA-2461/rtl/SBox.v:24$1'.
Cleaned up 2 empty switches.

3.18.12. Executing OPT_EXPR pass (perform const folding).
Optimizing module SBox.

3.19. Executing DEMUXMAP pass.

3.20. Executing FLATTEN pass (flatten design).

3.21. Executing DEMUXMAP pass.

3.22. Executing TRIBUF pass.

3.23. Executing TRIBUF pass.

3.24. Executing DEMINOUT pass (demote inout ports to input or output).

3.25. Executing OPT_EXPR pass (perform const folding).
Optimizing module SBox.

3.26. Executing OPT_CLEAN pass (remove unused cells and wires).
Finding unused cells or wires in module \SBox..
Removed 1 unused cells and 3 unused wires.
<suppressed ~2 debug messages>

3.27. Executing CHECK pass (checking for obvious problems).
Checking module SBox...
Found and reported 0 problems.

3.28. Printing statistics.

=== SBox ===

   Number of wires:                  7
   Number of wire bits:             35
   Number of public wires:           5
   Number of public wire bits:      19
   Number of memories:               1
   Number of memory bits:         2048
   Number of processes:              0
   Number of cells:                  4
     $adff                           1
     $meminit                        1
     $memrd_v2                       1
     $mux                            1

3.29. Executing OPT_EXPR pass (perform const folding).
Optimizing module SBox.

3.30. Executing OPT_MERGE pass (detect identical cells).
Finding identical cells in module `\SBox'.
Removed a total of 0 cells.

3.31. Executing OPT_MUXTREE pass (detect dead branches in mux trees).
Running muxtree optimizer on module \SBox..
  Creating internal representation of mux trees.
  Evaluating internal representation of mux trees.
  Analyzing evaluation results.
Removed 0 multiplexer ports.
<suppressed ~1 debug messages>

3.32. Executing OPT_REDUCE pass (consolidate $*mux and $reduce_* inputs).
  Optimizing cells in module \SBox.
Performed a total of 0 changes.

3.33. Executing OPT_MERGE pass (detect identical cells).
Finding identical cells in module `\SBox'.
Removed a total of 0 cells.

3.34. Executing OPT_SHARE pass.

3.35. Executing OPT_DFF pass (perform DFF optimizations).
[#visit=1, #solve=0, #remove=0, time=0.00 sec.]

3.36. Executing OPT_CLEAN pass (remove unused cells and wires).
Finding unused cells or wires in module \SBox..

3.37. Executing OPT_EXPR pass (perform const folding).
Optimizing module SBox.

RUN-OPT ITERATIONS DONE : 1

3.38. Executing FSM pass (extract and optimize FSM).

3.38.1. Executing FSM_DETECT pass (finding FSMs in design).

3.38.2. Executing FSM_EXTRACT pass (extracting FSM from design).

3.38.3. Executing FSM_OPT pass (simple optimizations of FSMs).

3.38.4. Executing OPT_CLEAN pass (remove unused cells and wires).
Finding unused cells or wires in module \SBox..

3.38.5. Executing FSM_OPT pass (simple optimizations of FSMs).

3.38.6. Executing FSM_RECODE pass (re-assigning FSM state encoding).

3.38.7. Executing FSM_INFO pass (dumping all available information on FSM cells).

3.38.8. Executing FSM_MAP pass (mapping FSMs to basic logic).

3.39. Executing WREDUCE pass (reducing word size of cells).
Removed top 24 address bits (of 32) from memory init port SBox.$auto$mem.cc:319:emit$6 ($auto$proc_rom.cc:150:do_switch$4).

3.40. Executing PEEPOPT pass (run peephole optimizers).

3.41. Executing OPT_CLEAN pass (remove unused cells and wires).
Finding unused cells or wires in module \SBox..

3.42. Executing OPT_EXPR pass (perform const folding).
Optimizing module SBox.

3.43. Executing OPT_MERGE pass (detect identical cells).
Finding identical cells in module `\SBox'.
Removed a total of 0 cells.

3.44. Executing OPT_MUXTREE pass (detect dead branches in mux trees).
Running muxtree optimizer on module \SBox..
  Creating internal representation of mux trees.
  Evaluating internal representation of mux trees.
  Analyzing evaluation results.
Removed 0 multiplexer ports.
<suppressed ~1 debug messages>

3.45. Executing OPT_REDUCE pass (consolidate $*mux and $reduce_* inputs).
  Optimizing cells in module \SBox.
Performed a total of 0 changes.

3.46. Executing OPT_MERGE pass (detect identical cells).
Finding identical cells in module `\SBox'.
Removed a total of 0 cells.

3.47. Executing OPT_SHARE pass.

3.48. Executing OPT_DFF pass (perform DFF optimizations).
Adding EN signal on $procdff$10 ($adff) from module SBox (D = $auto$proc_rom.cc:149:do_switch$3, Q = \dout).
[#visit=1, #solve=0, #remove=0, time=0.00 sec.]

3.49. Executing OPT_CLEAN pass (remove unused cells and wires).
Finding unused cells or wires in module \SBox..
Removed 1 unused cells and 1 unused wires.
<suppressed ~2 debug messages>

3.50. Executing OPT_EXPR pass (perform const folding).
Optimizing module SBox.

3.51. Executing OPT_MUXTREE pass (detect dead branches in mux trees).
Running muxtree optimizer on module \SBox..
  Creating internal representation of mux trees.
  No muxes found in this module.
Removed 0 multiplexer ports.

3.52. Executing OPT_REDUCE pass (consolidate $*mux and $reduce_* inputs).
  Optimizing cells in module \SBox.
Performed a total of 0 changes.

3.53. Executing OPT_MERGE pass (detect identical cells).
Finding identical cells in module `\SBox'.
Removed a total of 0 cells.

3.54. Executing OPT_SHARE pass.

3.55. Executing OPT_DFF pass (perform DFF optimizations).
[#visit=1, #solve=0, #remove=0, time=0.00 sec.]

3.56. Executing OPT_CLEAN pass (remove unused cells and wires).
Finding unused cells or wires in module \SBox..

3.57. Executing OPT_EXPR pass (perform const folding).
Optimizing module SBox.

RUN-OPT ITERATIONS DONE : 2

3.58. Executing OPT_EXPR pass (perform const folding).
Optimizing module SBox.

3.59. Executing OPT_MERGE pass (detect identical cells).
Finding identical cells in module `\SBox'.
Removed a total of 0 cells.

3.60. Executing OPT_MUXTREE pass (detect dead branches in mux trees).
Running muxtree optimizer on module \SBox..
  Creating internal representation of mux trees.
  No muxes found in this module.
Removed 0 multiplexer ports.

3.61. Executing OPT_REDUCE pass (consolidate $*mux and $reduce_* inputs).
  Optimizing cells in module \SBox.
Performed a total of 0 changes.

3.62. Executing OPT_MERGE pass (detect identical cells).
Finding identical cells in module `\SBox'.
Removed a total of 0 cells.

3.63. Executing OPT_SHARE pass.

3.64. Executing OPT_DFF pass (perform DFF optimizations).
[#visit=1, #solve=0, #remove=0, time=0.00 sec.]

3.65. Executing OPT_CLEAN pass (remove unused cells and wires).
Finding unused cells or wires in module \SBox..

3.66. Executing OPT_EXPR pass (perform const folding).
Optimizing module SBox.

RUN-OPT ITERATIONS DONE : 1

3.67. Executing OPT_EXPR pass (perform const folding).
Optimizing module SBox.

3.68. Executing OPT_MERGE pass (detect identical cells).
Finding identical cells in module `\SBox'.
Removed a total of 0 cells.

3.69. Executing OPT_MUXTREE pass (detect dead branches in mux trees).
Running muxtree optimizer on module \SBox..
  Creating internal representation of mux trees.
  No muxes found in this module.
Removed 0 multiplexer ports.

3.70. Executing OPT_REDUCE pass (consolidate $*mux and $reduce_* inputs).
  Optimizing cells in module \SBox.
Performed a total of 0 changes.

3.71. Executing OPT_MERGE pass (detect identical cells).
Finding identical cells in module `\SBox'.
Removed a total of 0 cells.

3.72. Executing OPT_SHARE pass.

3.73. Executing OPT_DFF pass (perform DFF optimizations).
[#visit=1, #solve=0, #remove=0, time=0.00 sec.]

3.74. Executing OPT_DFF pass (perform DFF optimizations).
[#visit=1, #solve=8, #remove=0, time=0.00 sec.]

3.75. Executing OPT_CLEAN pass (remove unused cells and wires).
Finding unused cells or wires in module \SBox..

3.76. Executing OPT_EXPR pass (perform const folding).
Optimizing module SBox.

RUN-OPT ITERATIONS DONE : 1

3.77. Executing WREDUCE pass (reducing word size of cells).

3.78. Executing PEEPOPT pass (run peephole optimizers).

3.79. Executing OPT_CLEAN pass (remove unused cells and wires).
Finding unused cells or wires in module \SBox..

3.80. Executing DEMUXMAP pass.

3.81. Printing statistics.

=== SBox ===

   Number of wires:                  6
   Number of wire bits:             27
   Number of public wires:           5
   Number of public wire bits:      19
   Number of memories:               1
   Number of memory bits:         2048
   Number of processes:              0
   Number of cells:                  3
     $adffe                          1
     $meminit                        1
     $memrd_v2                       1

3.82. Executing RS_DSP_MULTADD pass.

3.83. Executing WREDUCE pass (reducing word size of cells).

3.84. Executing RS_DSP_MACC pass.

3.85. Executing OPT_CLEAN pass (remove unused cells and wires).
Finding unused cells or wires in module \SBox..

3.86. Executing TECHMAP pass (map to technology primitives).

3.86.1. Executing Verilog-2005 frontend: /nfs_eda_sw/softwares/Raptor/instl_dir/02_01_2024_09_15_01/bin/../share/yosys/mul2dsp.v
Parsing Verilog input from `/nfs_eda_sw/softwares/Raptor/instl_dir/02_01_2024_09_15_01/bin/../share/yosys/mul2dsp.v' to AST representation.
Generating RTLIL representation for module `\_80_mul'.
Generating RTLIL representation for module `\_90_soft_mul'.
Successfully finished Verilog frontend.

3.86.2. Continuing TECHMAP pass.
No more expansions possible.
<suppressed ~4 debug messages>

3.87. Printing statistics.

=== SBox ===

   Number of wires:                  6
   Number of wire bits:             27
   Number of public wires:           5
   Number of public wire bits:      19
   Number of memories:               1
   Number of memory bits:         2048
   Number of processes:              0
   Number of cells:                  3
     $adffe                          1
     $meminit                        1
     $memrd_v2                       1

3.88. Executing TECHMAP pass (map to technology primitives).

3.88.1. Executing Verilog-2005 frontend: /nfs_eda_sw/softwares/Raptor/instl_dir/02_01_2024_09_15_01/bin/../share/yosys/rapidsilicon/genesis3/dsp_map.v
Parsing Verilog input from `/nfs_eda_sw/softwares/Raptor/instl_dir/02_01_2024_09_15_01/bin/../share/yosys/rapidsilicon/genesis3/dsp_map.v' to AST representation.
Generating RTLIL representation for module `\$__RS_MUL20X18'.
Generating RTLIL representation for module `\$__RS_MUL10X9'.
Successfully finished Verilog frontend.

3.88.2. Continuing TECHMAP pass.
No more expansions possible.
<suppressed ~4 debug messages>

3.89. Executing TECHMAP pass (map to technology primitives).

3.89.1. Executing Verilog-2005 frontend: /nfs_eda_sw/softwares/Raptor/instl_dir/02_01_2024_09_15_01/bin/../share/yosys/rapidsilicon/genesis3/dsp_final_map.v
Parsing Verilog input from `/nfs_eda_sw/softwares/Raptor/instl_dir/02_01_2024_09_15_01/bin/../share/yosys/rapidsilicon/genesis3/dsp_final_map.v' to AST representation.
Generating RTLIL representation for module `\dsp_t1_20x18x64_cfg_ports'.
Generating RTLIL representation for module `\dsp_t1_10x9x32_cfg_params'.
Successfully finished Verilog frontend.

3.89.2. Continuing TECHMAP pass.
No more expansions possible.
<suppressed ~4 debug messages>

3.90. Executing rs_pack_dsp_regs pass.

3.91. Executing RS_DSP_IO_REGS pass.

3.92. Printing statistics.

=== SBox ===

   Number of wires:                  6
   Number of wire bits:             27
   Number of public wires:           5
   Number of public wire bits:      19
   Number of memories:               1
   Number of memory bits:         2048
   Number of processes:              0
   Number of cells:                  3
     $adffe                          1
     $meminit                        1
     $memrd_v2                       1

3.93. Executing TECHMAP pass (map to technology primitives).

3.93.1. Executing Verilog-2005 frontend: /nfs_eda_sw/softwares/Raptor/instl_dir/02_01_2024_09_15_01/bin/../share/yosys/rapidsilicon/genesis3/dsp38_map.v
Parsing Verilog input from `/nfs_eda_sw/softwares/Raptor/instl_dir/02_01_2024_09_15_01/bin/../share/yosys/rapidsilicon/genesis3/dsp38_map.v' to AST representation.
Generating RTLIL representation for module `\RS_DSP_MULTACC'.
Generating RTLIL representation for module `\RS_DSP_MULT'.
Generating RTLIL representation for module `\RS_DSP_MULT_REGIN'.
Generating RTLIL representation for module `\RS_DSP_MULT_REGOUT'.
Generating RTLIL representation for module `\RS_DSP_MULT_REGIN_REGOUT'.
Generating RTLIL representation for module `\RS_DSP_MULTADD'.
Generating RTLIL representation for module `\RS_DSP_MULTADD_REGIN'.
Generating RTLIL representation for module `\RS_DSP_MULTADD_REGOUT'.
Generating RTLIL representation for module `\RS_DSP_MULTADD_REGIN_REGOUT'.
Generating RTLIL representation for module `\RS_DSP_MULTACC_REGIN'.
Generating RTLIL representation for module `\RS_DSP_MULTACC_REGOUT'.
Generating RTLIL representation for module `\RS_DSP_MULTACC_REGIN_REGOUT'.
Successfully finished Verilog frontend.

3.93.2. Continuing TECHMAP pass.
No more expansions possible.
<suppressed ~14 debug messages>

3.94. Printing statistics.

=== SBox ===

   Number of wires:                  6
   Number of wire bits:             27
   Number of public wires:           5
   Number of public wire bits:      19
   Number of memories:               1
   Number of memory bits:         2048
   Number of processes:              0
   Number of cells:                  3
     $adffe                          1
     $meminit                        1
     $memrd_v2                       1

3.95. Executing ALUMACC pass (create $alu and $macc cells).
Extracting $alu and $macc cells in module SBox:
  created 0 $alu and 0 $macc cells.

3.96. Executing OPT_EXPR pass (perform const folding).
Optimizing module SBox.

3.97. Executing OPT_MERGE pass (detect identical cells).
Finding identical cells in module `\SBox'.
Removed a total of 0 cells.

3.98. Executing OPT_MUXTREE pass (detect dead branches in mux trees).
Running muxtree optimizer on module \SBox..
  Creating internal representation of mux trees.
  No muxes found in this module.
Removed 0 multiplexer ports.

3.99. Executing OPT_REDUCE pass (consolidate $*mux and $reduce_* inputs).
  Optimizing cells in module \SBox.
Performed a total of 0 changes.

3.100. Executing OPT_MERGE pass (detect identical cells).
Finding identical cells in module `\SBox'.
Removed a total of 0 cells.

3.101. Executing OPT_SHARE pass.

3.102. Executing OPT_DFF pass (perform DFF optimizations).
[#visit=1, #solve=0, #remove=0, time=0.00 sec.]

3.103. Executing OPT_CLEAN pass (remove unused cells and wires).
Finding unused cells or wires in module \SBox..

3.104. Executing OPT_EXPR pass (perform const folding).
Optimizing module SBox.

RUN-OPT ITERATIONS DONE : 1

3.105. Printing statistics.

=== SBox ===

   Number of wires:                  6
   Number of wire bits:             27
   Number of public wires:           5
   Number of public wire bits:      19
   Number of memories:               1
   Number of memory bits:         2048
   Number of processes:              0
   Number of cells:                  3
     $adffe                          1
     $meminit                        1
     $memrd_v2                       1

3.106. Executing MEMORY pass.

3.106.1. Executing OPT_MEM pass (optimize memories).
Performed a total of 0 transformations.

3.106.2. Executing OPT_MEM_PRIORITY pass (removing unnecessary memory write priority relations).
Performed a total of 0 transformations.

3.106.3. Executing OPT_MEM_FEEDBACK pass (finding memory read-to-write feedback paths).

3.106.4. Executing MEMORY_BMUX2ROM pass (converting muxes to ROMs).

3.106.5. Executing MEMORY_DFF pass (merging $dff cells to $memrd).
Checking read port `$auto$proc_rom.cc:150:do_switch$4'[0] in module `\SBox': merging output FF to cell.

3.106.6. Executing OPT_CLEAN pass (remove unused cells and wires).
Finding unused cells or wires in module \SBox..
Removed 1 unused cells and 9 unused wires.
<suppressed ~2 debug messages>

3.106.7. Executing MEMORY_SHARE pass (consolidating $memrd/$memwr cells).

3.106.8. Executing OPT_MEM_WIDEN pass (optimize memories where all ports are wide).
Performed a total of 0 transformations.

3.106.9. Executing OPT_CLEAN pass (remove unused cells and wires).
Finding unused cells or wires in module \SBox..

3.106.10. Executing MEMORY_COLLECT pass (generating $mem cells).

3.107. Printing statistics.

=== SBox ===

   Number of wires:                  6
   Number of wire bits:             20
   Number of public wires:           5
   Number of public wire bits:      19
   Number of memories:               0
   Number of memory bits:            0
   Number of processes:              0
   Number of cells:                  2
     $logic_not                      1
     $mem_v2                         1

3.108. Executing MUXPACK pass ($mux cell cascades to $pmux).
Converted 0 (p)mux cells into 0 pmux cells.

3.109. Executing OPT_CLEAN pass (remove unused cells and wires).
Finding unused cells or wires in module \SBox..

3.110. Executing MEMORY_LIBMAP pass (mapping memories to cells).

3.111. Executing MEMORY_LIBMAP pass (mapping memories to cells).
mapping memory SBox.$auto$proc_rom.cc:150:do_switch$4 via $__RS_FACTOR_BRAM18_SDP
<suppressed ~104 debug messages>
