/*******************************************************************************
Copyright (c) 2022 Rapid Silicon
This source code contains proprietary information belonging to Rapid Silicon
(the "licensor") released under license and non-disclosure agreement to the
recipient (the "licensee").

The information shared and protected by the license and non-disclosure agreement
includes but is not limited to the following:
* operational algorithms of the product
* logos, graphics, source code, and visual presentation of the product
* confidential operational information of the licensor

The recipient of this source code is NOT permitted to publicly disclose,
re-use, archive beyond the period of the license agreement, transfer to a
sub-licensee, or re-implement any portion of the content covered by the license
and non-disclosure agreement without the prior written consent of the licensor.

Portions of Raptor Design Suite are utilized under the following third-party copyright notices:

Parallax Static Timing Analyzer Copyright (c) 2021, Parallax Software, Inc. All rights reserved.
*********************************************************************************/

Version  : 2023.10
Build    : 0.8.42
Hash     : f05589a
Date     : Oct 17 2023
Type     : Production
Log Time   : Fri Oct 20 02:05:07 2023 GMT

Creating Project
Executing create_design
INFO: Created design: Vitdec_raptor_project_default_1GE100-ES1. Project type: rtl
create_design ran successfully
Executing target_device
INFO: Target device: 1GE100-ES1
INFO: Device version: v1.6.184
target_device ran successfully
Executing add_design_file
INFO: Adding VERILOG_2001 /nfs_home/bphilofsky/Raptor/Test_Designs/Github/Vitdec/./Src/acs.v 
add_design_file ran successfully
Executing add_design_file
INFO: Adding VERILOG_2001 /nfs_home/bphilofsky/Raptor/Test_Designs/Github/Vitdec/./Src/dpram.v 
add_design_file ran successfully
Executing add_design_file
INFO: Adding VERILOG_2001 /nfs_home/bphilofsky/Raptor/Test_Designs/Github/Vitdec/./Src/tb_ram.v 
add_design_file ran successfully
Executing add_design_file
INFO: Adding VERILOG_2001 /nfs_home/bphilofsky/Raptor/Test_Designs/Github/Vitdec/./Src/viterbi_decoder_r2.v 
add_design_file ran successfully
Executing set_top_module
set_top_module ran successfully
Executing add_constraint_file
INFO: Adding constraint file /nfs_home/bphilofsky/Raptor/Test_Designs/Github/Vitdec/Vitdec_raptor_project_default_1GE100-ES1/constraints.sdc
add_constraint_file ran successfully
Setting Project Options
Starting Analysis
Executing analyze
INFO: ANL: ##################################################
INFO: ANL: Analysis for design: Vitdec_raptor_project_default_1GE100-ES1
INFO: ANL: ##################################################
INFO: ANL: Analyze command: /nfs_home/bphilofsky/Raptor/Raptor_2023.10/Raptor/2023.10/bin/yosys -s /nfs_home/bphilofsky/Raptor/Test_Designs/Github/Vitdec/Vitdec_raptor_project_default_1GE100-ES1/run_1/synth_1_1/analysis/Vitdec_raptor_project_default_1GE100-ES1_analyzer.cmd
Command: /nfs_home/bphilofsky/Raptor/Raptor_2023.10/Raptor/2023.10/bin/yosys -s /nfs_home/bphilofsky/Raptor/Test_Designs/Github/Vitdec/Vitdec_raptor_project_default_1GE100-ES1/run_1/synth_1_1/analysis/Vitdec_raptor_project_default_1GE100-ES1_analyzer.cmd

 /----------------------------------------------------------------------------\
 |                                                                            |
 |  yosys -- Yosys Open SYnthesis Suite                                       |
 |                                                                            |
 |  Copyright (C) 2012 - 2020  Claire Xenia Wolf <claire@yosyshq.com>         |
 |                                                                            |
 |  Permission to use, copy, modify, and/or distribute this software for any  |
 |  purpose with or without fee is hereby granted, provided that the above    |
 |  copyright notice and this permission notice appear in all copies.         |
 |                                                                            |
 |  THE SOFTWARE IS PROVIDED "AS IS" AND THE AUTHOR DISCLAIMS ALL WARRANTIES  |
 |  WITH REGARD TO THIS SOFTWARE INCLUDING ALL IMPLIED WARRANTIES OF          |
 |  MERCHANTABILITY AND FITNESS. IN NO EVENT SHALL THE AUTHOR BE LIABLE FOR   |
 |  ANY SPECIAL, DIRECT, INDIRECT, OR CONSEQUENTIAL DAMAGES OR ANY DAMAGES    |
 |  WHATSOEVER RESULTING FROM LOSS OF USE, DATA OR PROFITS, WHETHER IN AN     |
 |  ACTION OF CONTRACT, NEGLIGENCE OR OTHER TORTIOUS ACTION, ARISING OUT OF   |
 |  OR IN CONNECTION WITH THE USE OR PERFORMANCE OF THIS SOFTWARE.            |
 |                                                                            |
 \----------------------------------------------------------------------------/

 Yosys 0.18+10 (git sha1 b3f40b448, gcc 11.2.1 -fPIC -Os)


-- Executing script file `/nfs_home/bphilofsky/Raptor/Test_Designs/Github/Vitdec/Vitdec_raptor_project_default_1GE100-ES1/run_1/synth_1_1/analysis/Vitdec_raptor_project_default_1GE100-ES1_analyzer.cmd' --

1. Executing Verilog-2005 frontend: /nfs_home/bphilofsky/Raptor/Raptor_2023.10/Raptor/2023.10/share/raptor/sim_models/rapidsilicon/genesis3/cell_sim_blackbox.v
Parsing SystemVerilog input from `/nfs_home/bphilofsky/Raptor/Raptor_2023.10/Raptor/2023.10/share/raptor/sim_models/rapidsilicon/genesis3/cell_sim_blackbox.v' to AST representation.
Generating RTLIL representation for module `\CLK_BUF'.
Generating RTLIL representation for module `\IO_BUF'.
Generating RTLIL representation for module `\IO_BUF_DS'.
Generating RTLIL representation for module `\I_BUF'.
Generating RTLIL representation for module `\I_BUF_DS'.
Generating RTLIL representation for module `\I_DDR'.
Generating RTLIL representation for module `\O_BUF'.
Generating RTLIL representation for module `\O_BUFT_DS'.
Generating RTLIL representation for module `\O_BUFT'.
Generating RTLIL representation for module `\O_DDR'.
Generating RTLIL representation for module `\O_SERDES'.
Generating RTLIL representation for module `\I_SERDES'.
Generating RTLIL representation for module `\DFFRE'.
Generating RTLIL representation for module `\DFFNRE'.
Generating RTLIL representation for module `\latch'.
Generating RTLIL representation for module `\latchn'.
Generating RTLIL representation for module `\latchr'.
Generating RTLIL representation for module `\latchnr'.
Generating RTLIL representation for module `\RS_DSP'.
Generating RTLIL representation for module `\RS_DSP_MULT'.
Generating RTLIL representation for module `\RS_DSP_MULT_REGIN'.
Generating RTLIL representation for module `\RS_DSP_MULT_REGOUT'.
Generating RTLIL representation for module `\RS_DSP_MULT_REGIN_REGOUT'.
Generating RTLIL representation for module `\RS_DSP_MULTADD'.
Generating RTLIL representation for module `\RS_DSP_MULTADD_REGIN'.
Generating RTLIL representation for module `\RS_DSP_MULTADD_REGOUT'.
Generating RTLIL representation for module `\RS_DSP_MULTADD_REGIN_REGOUT'.
Generating RTLIL representation for module `\RS_DSP_MULTACC'.
Generating RTLIL representation for module `\RS_DSP_MULTACC_REGIN'.
Generating RTLIL representation for module `\RS_DSP_MULTACC_REGOUT'.
Generating RTLIL representation for module `\RS_DSP_MULTACC_REGIN_REGOUT'.
Generating RTLIL representation for module `\RS_TDP36K'.
Generating RTLIL representation for module `\BRAM2x18_TDP'.
Generating RTLIL representation for module `\BRAM2x18_SDP'.
Generating RTLIL representation for module `\_$_mem_v2_asymmetric'.
Generating RTLIL representation for module `\$lut'.
Generating RTLIL representation for module `\SOC_FPGA_INTF_AHB_S'.
Generating RTLIL representation for module `\SOC_FPGA_INTF_AXI_M0'.
Generating RTLIL representation for module `\SOC_FPGA_INTF_AXI_M1'.
Generating RTLIL representation for module `\SOC_FPGA_INTF_AXI_M0_M1'.
Generating RTLIL representation for module `\SOC_FPGA_INTF_DMA'.
Generating RTLIL representation for module `\SOC_FPGA_INTF_GPIO'.
Generating RTLIL representation for module `\SOC_FPGA_INTF_IRQ'.
Generating RTLIL representation for module `\SOC_FPGA_INTF_JTAG'.
Generating RTLIL representation for module `\soc_fpga_intf'.
Generating RTLIL representation for module `\FIFO18K'.
Generating RTLIL representation for module `\FIFO36K'.
Generating RTLIL representation for module `\LUT1'.
Generating RTLIL representation for module `\LUT2'.
Generating RTLIL representation for module `\LUT3'.
Generating RTLIL representation for module `\LUT4'.
Generating RTLIL representation for module `\LUT5'.
Generating RTLIL representation for module `\LUT6'.
Generating RTLIL representation for module `\CARRY_CHAIN'.
Generating RTLIL representation for module `\DSP38'.
Generating RTLIL representation for module `\LATCH'.
Generating RTLIL representation for module `\LATCHN'.
Generating RTLIL representation for module `\LATCHR'.
Generating RTLIL representation for module `\LATCHS'.
Generating RTLIL representation for module `\LATCHNR'.
Generating RTLIL representation for module `\LATCHNS'.
Successfully finished Verilog frontend.

2. Executing Verilog-2005 frontend: /nfs_home/bphilofsky/Raptor/Test_Designs/Github/Vitdec/./Src/acs.v
Parsing Verilog input from `/nfs_home/bphilofsky/Raptor/Test_Designs/Github/Vitdec/./Src/acs.v' to AST representation.
Generating RTLIL representation for module `\acs'.
/nfs_home/bphilofsky/Raptor/Test_Designs/Github/Vitdec/./Src/acs.v:0: ERROR: Can't resolve task name `\$fdisplay'.
INFO: ANL: ##################################################
INFO: ANL: Analysis for design: Vitdec_raptor_project_default_1GE100-ES1
INFO: ANL: ##################################################
INFO: ANL: Analyze command: /nfs_home/bphilofsky/Raptor/Raptor_2023.10/Raptor/2023.10/bin/yosys -s /nfs_home/bphilofsky/Raptor/Test_Designs/Github/Vitdec/Vitdec_raptor_project_default_1GE100-ES1/run_1/synth_1_1/analysis/Vitdec_raptor_project_default_1GE100-ES1_analyzer.cmd
Command: /nfs_home/bphilofsky/Raptor/Raptor_2023.10/Raptor/2023.10/bin/yosys -s /nfs_home/bphilofsky/Raptor/Test_Designs/Github/Vitdec/Vitdec_raptor_project_default_1GE100-ES1/run_1/synth_1_1/analysis/Vitdec_raptor_project_default_1GE100-ES1_analyzer.cmd

 /----------------------------------------------------------------------------\
 |                                                                            |
 |  yosys -- Yosys Open SYnthesis Suite                                       |
 |                                                                            |
 |  Copyright (C) 2012 - 2020  Claire Xenia Wolf <claire@yosyshq.com>         |
 |                                                                            |
 |  Permission to use, copy, modify, and/or distribute this software for any  |
 |  purpose with or without fee is hereby granted, provided that the above    |
 |  copyright notice and this permission notice appear in all copies.         |
 |                                                                            |
 |  THE SOFTWARE IS PROVIDED "AS IS" AND THE AUTHOR DISCLAIMS ALL WARRANTIES  |
 |  WITH REGARD TO THIS SOFTWARE INCLUDING ALL IMPLIED WARRANTIES OF          |
 |  MERCHANTABILITY AND FITNESS. IN NO EVENT SHALL THE AUTHOR BE LIABLE FOR   |
 |  ANY SPECIAL, DIRECT, INDIRECT, OR CONSEQUENTIAL DAMAGES OR ANY DAMAGES    |
 |  WHATSOEVER RESULTING FROM LOSS OF USE, DATA OR PROFITS, WHETHER IN AN     |
 |  ACTION OF CONTRACT, NEGLIGENCE OR OTHER TORTIOUS ACTION, ARISING OUT OF   |
 |  OR IN CONNECTION WITH THE USE OR PERFORMANCE OF THIS SOFTWARE.            |
 |                                                                            |
 \----------------------------------------------------------------------------/

 Yosys 0.18+10 (git sha1 b3f40b448, gcc 11.2.1 -fPIC -Os)


-- Executing script file `/nfs_home/bphilofsky/Raptor/Test_Designs/Github/Vitdec/Vitdec_raptor_project_default_1GE100-ES1/run_1/synth_1_1/analysis/Vitdec_raptor_project_default_1GE100-ES1_analyzer.cmd' --

1. Executing Verilog-2005 frontend: /nfs_home/bphilofsky/Raptor/Raptor_2023.10/Raptor/2023.10/share/raptor/sim_models/rapidsilicon/genesis3/cell_sim_blackbox.v
Parsing SystemVerilog input from `/nfs_home/bphilofsky/Raptor/Raptor_2023.10/Raptor/2023.10/share/raptor/sim_models/rapidsilicon/genesis3/cell_sim_blackbox.v' to AST representation.
Generating RTLIL representation for module `\CLK_BUF'.
Generating RTLIL representation for module `\IO_BUF'.
Generating RTLIL representation for module `\IO_BUF_DS'.
Generating RTLIL representation for module `\I_BUF'.
Generating RTLIL representation for module `\I_BUF_DS'.
Generating RTLIL representation for module `\I_DDR'.
Generating RTLIL representation for module `\O_BUF'.
Generating RTLIL representation for module `\O_BUFT_DS'.
Generating RTLIL representation for module `\O_BUFT'.
Generating RTLIL representation for module `\O_DDR'.
Generating RTLIL representation for module `\O_SERDES'.
Generating RTLIL representation for module `\I_SERDES'.
Generating RTLIL representation for module `\DFFRE'.
Generating RTLIL representation for module `\DFFNRE'.
Generating RTLIL representation for module `\latch'.
Generating RTLIL representation for module `\latchn'.
Generating RTLIL representation for module `\latchr'.
Generating RTLIL representation for module `\latchnr'.
Generating RTLIL representation for module `\RS_DSP'.
Generating RTLIL representation for module `\RS_DSP_MULT'.
Generating RTLIL representation for module `\RS_DSP_MULT_REGIN'.
Generating RTLIL representation for module `\RS_DSP_MULT_REGOUT'.
Generating RTLIL representation for module `\RS_DSP_MULT_REGIN_REGOUT'.
Generating RTLIL representation for module `\RS_DSP_MULTADD'.
Generating RTLIL representation for module `\RS_DSP_MULTADD_REGIN'.
Generating RTLIL representation for module `\RS_DSP_MULTADD_REGOUT'.
Generating RTLIL representation for module `\RS_DSP_MULTADD_REGIN_REGOUT'.
Generating RTLIL representation for module `\RS_DSP_MULTACC'.
Generating RTLIL representation for module `\RS_DSP_MULTACC_REGIN'.
Generating RTLIL representation for module `\RS_DSP_MULTACC_REGOUT'.
Generating RTLIL representation for module `\RS_DSP_MULTACC_REGIN_REGOUT'.
Generating RTLIL representation for module `\RS_TDP36K'.
Generating RTLIL representation for module `\BRAM2x18_TDP'.
Generating RTLIL representation for module `\BRAM2x18_SDP'.
Generating RTLIL representation for module `\_$_mem_v2_asymmetric'.
Generating RTLIL representation for module `\$lut'.
Generating RTLIL representation for module `\SOC_FPGA_INTF_AHB_S'.
Generating RTLIL representation for module `\SOC_FPGA_INTF_AXI_M0'.
Generating RTLIL representation for module `\SOC_FPGA_INTF_AXI_M1'.
Generating RTLIL representation for module `\SOC_FPGA_INTF_AXI_M0_M1'.
Generating RTLIL representation for module `\SOC_FPGA_INTF_DMA'.
Generating RTLIL representation for module `\SOC_FPGA_INTF_GPIO'.
Generating RTLIL representation for module `\SOC_FPGA_INTF_IRQ'.
Generating RTLIL representation for module `\SOC_FPGA_INTF_JTAG'.
Generating RTLIL representation for module `\soc_fpga_intf'.
Generating RTLIL representation for module `\FIFO18K'.
Generating RTLIL representation for module `\FIFO36K'.
Generating RTLIL representation for module `\LUT1'.
Generating RTLIL representation for module `\LUT2'.
Generating RTLIL representation for module `\LUT3'.
Generating RTLIL representation for module `\LUT4'.
Generating RTLIL representation for module `\LUT5'.
Generating RTLIL representation for module `\LUT6'.
Generating RTLIL representation for module `\CARRY_CHAIN'.
Generating RTLIL representation for module `\DSP38'.
Generating RTLIL representation for module `\LATCH'.
Generating RTLIL representation for module `\LATCHN'.
Generating RTLIL representation for module `\LATCHR'.
Generating RTLIL representation for module `\LATCHS'.
Generating RTLIL representation for module `\LATCHNR'.
Generating RTLIL representation for module `\LATCHNS'.
Successfully finished Verilog frontend.

2. Executing Verilog with UHDM frontend.
[INF:CM0023] Creating log file /nfs_home/bphilofsky/Raptor/Test_Designs/Github/Vitdec/Vitdec_raptor_project_default_1GE100-ES1/run_1/synth_1_1/analysis/slpp_all/surelog.log.

[INF:CP0300] Compilation...

[INF:CP0303] /nfs_home/bphilofsky/Raptor/Test_Designs/Github/Vitdec/Src/acs.v:21:1: Compile module "work@acs".

[INF:CP0303] /nfs_home/bphilofsky/Raptor/Test_Designs/Github/Vitdec/Src/dpram.v:21:1: Compile module "work@dpram".

[INF:CP0303] /nfs_home/bphilofsky/Raptor/Test_Designs/Github/Vitdec/Src/tb_ram.v:21:1: Compile module "work@tb_ram".

[INF:CP0303] /nfs_home/bphilofsky/Raptor/Test_Designs/Github/Vitdec/Src/viterbi_decoder_r2.v:21:1: Compile module "work@viterbi_decoder_r2".

[INF:CP0302] Compile class "work@mailbox".

[INF:CP0302] Compile class "work@process".

[INF:CP0302] Compile class "work@semaphore".

[NTE:CP0309] /nfs_home/bphilofsky/Raptor/Test_Designs/Github/Vitdec/Src/tb_ram.v:21:60: Implicit port type (wire) for "out_tb",
there are 1 more instances of this message.

[NTE:CP0309] /nfs_home/bphilofsky/Raptor/Test_Designs/Github/Vitdec/Src/viterbi_decoder_r2.v:21:62: Implicit port type (wire) for "out_dc".

[INF:EL0526] Design Elaboration...

[INF:CP0335] /nfs_home/bphilofsky/Raptor/Test_Designs/Github/Vitdec/Src/acs.v:121:48: Compile generate block "work@viterbi_decoder_r2.uut_acs.g10[0]".

[INF:CP0335] /nfs_home/bphilofsky/Raptor/Test_Designs/Github/Vitdec/Src/acs.v:122:39: Compile generate block "work@viterbi_decoder_r2.uut_acs.g10[0].g11[0]".

[INF:CP0335] /nfs_home/bphilofsky/Raptor/Test_Designs/Github/Vitdec/Src/acs.v:122:39: Compile generate block "work@viterbi_decoder_r2.uut_acs.g10[0].g11[1]".

[INF:CP0335] /nfs_home/bphilofsky/Raptor/Test_Designs/Github/Vitdec/Src/acs.v:121:48: Compile generate block "work@viterbi_decoder_r2.uut_acs.g10[1]".

[INF:CP0335] /nfs_home/bphilofsky/Raptor/Test_Designs/Github/Vitdec/Src/acs.v:122:39: Compile generate block "work@viterbi_decoder_r2.uut_acs.g10[1].g11[0]".

[INF:CP0335] /nfs_home/bphilofsky/Raptor/Test_Designs/Github/Vitdec/Src/acs.v:122:39: Compile generate block "work@viterbi_decoder_r2.uut_acs.g10[1].g11[1]".

[INF:CP0335] /nfs_home/bphilofsky/Raptor/Test_Designs/Github/Vitdec/Src/acs.v:121:48: Compile generate block "work@viterbi_decoder_r2.uut_acs.g10[2]".

[INF:CP0335] /nfs_home/bphilofsky/Raptor/Test_Designs/Github/Vitdec/Src/acs.v:122:39: Compile generate block "work@viterbi_decoder_r2.uut_acs.g10[2].g11[0]".

[INF:CP0335] /nfs_home/bphilofsky/Raptor/Test_Designs/Github/Vitdec/Src/acs.v:122:39: Compile generate block "work@viterbi_decoder_r2.uut_acs.g10[2].g11[1]".

[INF:CP0335] /nfs_home/bphilofsky/Raptor/Test_Designs/Github/Vitdec/Src/acs.v:121:48: Compile generate block "work@viterbi_decoder_r2.uut_acs.g10[3]".

[INF:CP0335] /nfs_home/bphilofsky/Raptor/Test_Designs/Github/Vitdec/Src/acs.v:122:39: Compile generate block "work@viterbi_decoder_r2.uut_acs.g10[3].g11[0]".

[INF:CP0335] /nfs_home/bphilofsky/Raptor/Test_Designs/Github/Vitdec/Src/acs.v:122:39: Compile generate block "work@viterbi_decoder_r2.uut_acs.g10[3].g11[1]".

[INF:CP0335] /nfs_home/bphilofsky/Raptor/Test_Designs/Github/Vitdec/Src/acs.v:121:48: Compile generate block "work@viterbi_decoder_r2.uut_acs.g10[4]".

[INF:CP0335] /nfs_home/bphilofsky/Raptor/Test_Designs/Github/Vitdec/Src/acs.v:122:39: Compile generate block "work@viterbi_decoder_r2.uut_acs.g10[4].g11[0]".

[INF:CP0335] /nfs_home/bphilofsky/Raptor/Test_Designs/Github/Vitdec/Src/acs.v:122:39: Compile generate block "work@viterbi_decoder_r2.uut_acs.g10[4].g11[1]".

[INF:CP0335] /nfs_home/bphilofsky/Raptor/Test_Designs/Github/Vitdec/Src/acs.v:121:48: Compile generate block "work@viterbi_decoder_r2.uut_acs.g10[5]".

[INF:CP0335] /nfs_home/bphilofsky/Raptor/Test_Designs/Github/Vitdec/Src/acs.v:122:39: Compile generate block "work@viterbi_decoder_r2.uut_acs.g10[5].g11[0]".

[INF:CP0335] /nfs_home/bphilofsky/Raptor/Test_Designs/Github/Vitdec/Src/acs.v:122:39: Compile generate block "work@viterbi_decoder_r2.uut_acs.g10[5].g11[1]".

[INF:CP0335] /nfs_home/bphilofsky/Raptor/Test_Designs/Github/Vitdec/Src/acs.v:121:48: Compile generate block "work@viterbi_decoder_r2.uut_acs.g10[6]".

[INF:CP0335] /nfs_home/bphilofsky/Raptor/Test_Designs/Github/Vitdec/Src/acs.v:122:39: Compile generate block "work@viterbi_decoder_r2.uut_acs.g10[6].g11[0]".

[INF:CP0335] /nfs_home/bphilofsky/Raptor/Test_Designs/Github/Vitdec/Src/acs.v:122:39: Compile generate block "work@viterbi_decoder_r2.uut_acs.g10[6].g11[1]".

[INF:CP0335] /nfs_home/bphilofsky/Raptor/Test_Designs/Github/Vitdec/Src/acs.v:121:48: Compile generate block "work@viterbi_decoder_r2.uut_acs.g10[7]".

[INF:CP0335] /nfs_home/bphilofsky/Raptor/Test_Designs/Github/Vitdec/Src/acs.v:122:39: Compile generate block "work@viterbi_decoder_r2.uut_acs.g10[7].g11[0]".

[INF:CP0335] /nfs_home/bphilofsky/Raptor/Test_Designs/Github/Vitdec/Src/acs.v:122:39: Compile generate block "work@viterbi_decoder_r2.uut_acs.g10[7].g11[1]".

[INF:CP0335] /nfs_home/bphilofsky/Raptor/Test_Designs/Github/Vitdec/Src/acs.v:121:48: Compile generate block "work@viterbi_decoder_r2.uut_acs.g10[8]".

[INF:CP0335] /nfs_home/bphilofsky/Raptor/Test_Designs/Github/Vitdec/Src/acs.v:122:39: Compile generate block "work@viterbi_decoder_r2.uut_acs.g10[8].g11[0]".

[INF:CP0335] /nfs_home/bphilofsky/Raptor/Test_Designs/Github/Vitdec/Src/acs.v:122:39: Compile generate block "work@viterbi_decoder_r2.uut_acs.g10[8].g11[1]".

[INF:CP0335] /nfs_home/bphilofsky/Raptor/Test_Designs/Github/Vitdec/Src/acs.v:121:48: Compile generate block "work@viterbi_decoder_r2.uut_acs.g10[9]".

[INF:CP0335] /nfs_home/bphilofsky/Raptor/Test_Designs/Github/Vitdec/Src/acs.v:122:39: Compile generate block "work@viterbi_decoder_r2.uut_acs.g10[9].g11[0]".

[INF:CP0335] /nfs_home/bphilofsky/Raptor/Test_Designs/Github/Vitdec/Src/acs.v:122:39: Compile generate block "work@viterbi_decoder_r2.uut_acs.g10[9].g11[1]".

[INF:CP0335] /nfs_home/bphilofsky/Raptor/Test_Designs/Github/Vitdec/Src/acs.v:121:48: Compile generate block "work@viterbi_decoder_r2.uut_acs.g10[10]".

[INF:CP0335] /nfs_home/bphilofsky/Raptor/Test_Designs/Github/Vitdec/Src/acs.v:122:39: Compile generate block "work@viterbi_decoder_r2.uut_acs.g10[10].g11[0]".

[INF:CP0335] /nfs_home/bphilofsky/Raptor/Test_Designs/Github/Vitdec/Src/acs.v:122:39: Compile generate block "work@viterbi_decoder_r2.uut_acs.g10[10].g11[1]".

[INF:CP0335] /nfs_home/bphilofsky/Raptor/Test_Designs/Github/Vitdec/Src/acs.v:121:48: Compile generate block "work@viterbi_decoder_r2.uut_acs.g10[11]".

[INF:CP0335] /nfs_home/bphilofsky/Raptor/Test_Designs/Github/Vitdec/Src/acs.v:122:39: Compile generate block "work@viterbi_decoder_r2.uut_acs.g10[11].g11[0]".

[INF:CP0335] /nfs_home/bphilofsky/Raptor/Test_Designs/Github/Vitdec/Src/acs.v:122:39: Compile generate block "work@viterbi_decoder_r2.uut_acs.g10[11].g11[1]".

[INF:CP0335] /nfs_home/bphilofsky/Raptor/Test_Designs/Github/Vitdec/Src/acs.v:121:48: Compile generate block "work@viterbi_decoder_r2.uut_acs.g10[12]".

[INF:CP0335] /nfs_home/bphilofsky/Raptor/Test_Designs/Github/Vitdec/Src/acs.v:122:39: Compile generate block "work@viterbi_decoder_r2.uut_acs.g10[12].g11[0]".

[INF:CP0335] /nfs_home/bphilofsky/Raptor/Test_Designs/Github/Vitdec/Src/acs.v:122:39: Compile generate block "work@viterbi_decoder_r2.uut_acs.g10[12].g11[1]".

[INF:CP0335] /nfs_home/bphilofsky/Raptor/Test_Designs/Github/Vitdec/Src/acs.v:121:48: Compile generate block "work@viterbi_decoder_r2.uut_acs.g10[13]".

[INF:CP0335] /nfs_home/bphilofsky/Raptor/Test_Designs/Github/Vitdec/Src/acs.v:122:39: Compile generate block "work@viterbi_decoder_r2.uut_acs.g10[13].g11[0]".

[INF:CP0335] /nfs_home/bphilofsky/Raptor/Test_Designs/Github/Vitdec/Src/acs.v:122:39: Compile generate block "work@viterbi_decoder_r2.uut_acs.g10[13].g11[1]".

[INF:CP0335] /nfs_home/bphilofsky/Raptor/Test_Designs/Github/Vitdec/Src/acs.v:121:48: Compile generate block "work@viterbi_decoder_r2.uut_acs.g10[14]".

[INF:CP0335] /nfs_home/bphilofsky/Raptor/Test_Designs/Github/Vitdec/Src/acs.v:122:39: Compile generate block "work@viterbi_decoder_r2.uut_acs.g10[14].g11[0]".

[INF:CP0335] /nfs_home/bphilofsky/Raptor/Test_Designs/Github/Vitdec/Src/acs.v:122:39: Compile generate block "work@viterbi_decoder_r2.uut_acs.g10[14].g11[1]".

[INF:CP0335] /nfs_home/bphilofsky/Raptor/Test_Designs/Github/Vitdec/Src/acs.v:121:48: Compile generate block "work@viterbi_decoder_r2.uut_acs.g10[15]".

[INF:CP0335] /nfs_home/bphilofsky/Raptor/Test_Designs/Github/Vitdec/Src/acs.v:122:39: Compile generate block "work@viterbi_decoder_r2.uut_acs.g10[15].g11[0]".

[INF:CP0335] /nfs_home/bphilofsky/Raptor/Test_Designs/Github/Vitdec/Src/acs.v:122:39: Compile generate block "work@viterbi_decoder_r2.uut_acs.g10[15].g11[1]".

[INF:CP0335] /nfs_home/bphilofsky/Raptor/Test_Designs/Github/Vitdec/Src/acs.v:121:48: Compile generate block "work@viterbi_decoder_r2.uut_acs.g10[16]".

[INF:CP0335] /nfs_home/bphilofsky/Raptor/Test_Designs/Github/Vitdec/Src/acs.v:122:39: Compile generate block "work@viterbi_decoder_r2.uut_acs.g10[16].g11[0]".

[INF:CP0335] /nfs_home/bphilofsky/Raptor/Test_Designs/Github/Vitdec/Src/acs.v:122:39: Compile generate block "work@viterbi_decoder_r2.uut_acs.g10[16].g11[1]".

[INF:CP0335] /nfs_home/bphilofsky/Raptor/Test_Designs/Github/Vitdec/Src/acs.v:121:48: Compile generate block "work@viterbi_decoder_r2.uut_acs.g10[17]".

[INF:CP0335] /nfs_home/bphilofsky/Raptor/Test_Designs/Github/Vitdec/Src/acs.v:122:39: Compile generate block "work@viterbi_decoder_r2.uut_acs.g10[17].g11[0]".

[INF:CP0335] /nfs_home/bphilofsky/Raptor/Test_Designs/Github/Vitdec/Src/acs.v:122:39: Compile generate block "work@viterbi_decoder_r2.uut_acs.g10[17].g11[1]".

[INF:CP0335] /nfs_home/bphilofsky/Raptor/Test_Designs/Github/Vitdec/Src/acs.v:121:48: Compile generate block "work@viterbi_decoder_r2.uut_acs.g10[18]".

[INF:CP0335] /nfs_home/bphilofsky/Raptor/Test_Designs/Github/Vitdec/Src/acs.v:122:39: Compile generate block "work@viterbi_decoder_r2.uut_acs.g10[18].g11[0]".

[INF:CP0335] /nfs_home/bphilofsky/Raptor/Test_Designs/Github/Vitdec/Src/acs.v:122:39: Compile generate block "work@viterbi_decoder_r2.uut_acs.g10[18].g11[1]".

[INF:CP0335] /nfs_home/bphilofsky/Raptor/Test_Designs/Github/Vitdec/Src/acs.v:121:48: Compile generate block "work@viterbi_decoder_r2.uut_acs.g10[19]".

[INF:CP0335] /nfs_home/bphilofsky/Raptor/Test_Designs/Github/Vitdec/Src/acs.v:122:39: Compile generate block "work@viterbi_decoder_r2.uut_acs.g10[19].g11[0]".

[INF:CP0335] /nfs_home/bphilofsky/Raptor/Test_Designs/Github/Vitdec/Src/acs.v:122:39: Compile generate block "work@viterbi_decoder_r2.uut_acs.g10[19].g11[1]".

[INF:CP0335] /nfs_home/bphilofsky/Raptor/Test_Designs/Github/Vitdec/Src/acs.v:121:48: Compile generate block "work@viterbi_decoder_r2.uut_acs.g10[20]".

[INF:CP0335] /nfs_home/bphilofsky/Raptor/Test_Designs/Github/Vitdec/Src/acs.v:122:39: Compile generate block "work@viterbi_decoder_r2.uut_acs.g10[20].g11[0]".

[INF:CP0335] /nfs_home/bphilofsky/Raptor/Test_Designs/Github/Vitdec/Src/acs.v:122:39: Compile generate block "work@viterbi_decoder_r2.uut_acs.g10[20].g11[1]".

[INF:CP0335] /nfs_home/bphilofsky/Raptor/Test_Designs/Github/Vitdec/Src/acs.v:121:48: Compile generate block "work@viterbi_decoder_r2.uut_acs.g10[21]".

[INF:CP0335] /nfs_home/bphilofsky/Raptor/Test_Designs/Github/Vitdec/Src/acs.v:122:39: Compile generate block "work@viterbi_decoder_r2.uut_acs.g10[21].g11[0]".

[INF:CP0335] /nfs_home/bphilofsky/Raptor/Test_Designs/Github/Vitdec/Src/acs.v:122:39: Compile generate block "work@viterbi_decoder_r2.uut_acs.g10[21].g11[1]".

[INF:CP0335] /nfs_home/bphilofsky/Raptor/Test_Designs/Github/Vitdec/Src/acs.v:121:48: Compile generate block "work@viterbi_decoder_r2.uut_acs.g10[22]".

[INF:CP0335] /nfs_home/bphilofsky/Raptor/Test_Designs/Github/Vitdec/Src/acs.v:122:39: Compile generate block "work@viterbi_decoder_r2.uut_acs.g10[22].g11[0]".

[INF:CP0335] /nfs_home/bphilofsky/Raptor/Test_Designs/Github/Vitdec/Src/acs.v:122:39: Compile generate block "work@viterbi_decoder_r2.uut_acs.g10[22].g11[1]".

[INF:CP0335] /nfs_home/bphilofsky/Raptor/Test_Designs/Github/Vitdec/Src/acs.v:121:48: Compile generate block "work@viterbi_decoder_r2.uut_acs.g10[23]".

[INF:CP0335] /nfs_home/bphilofsky/Raptor/Test_Designs/Github/Vitdec/Src/acs.v:122:39: Compile generate block "work@viterbi_decoder_r2.uut_acs.g10[23].g11[0]".

[INF:CP0335] /nfs_home/bphilofsky/Raptor/Test_Designs/Github/Vitdec/Src/acs.v:122:39: Compile generate block "work@viterbi_decoder_r2.uut_acs.g10[23].g11[1]".

[INF:CP0335] /nfs_home/bphilofsky/Raptor/Test_Designs/Github/Vitdec/Src/acs.v:121:48: Compile generate block "work@viterbi_decoder_r2.uut_acs.g10[24]".

[INF:CP0335] /nfs_home/bphilofsky/Raptor/Test_Designs/Github/Vitdec/Src/acs.v:122:39: Compile generate block "work@viterbi_decoder_r2.uut_acs.g10[24].g11[0]".

[INF:CP0335] /nfs_home/bphilofsky/Raptor/Test_Designs/Github/Vitdec/Src/acs.v:122:39: Compile generate block "work@viterbi_decoder_r2.uut_acs.g10[24].g11[1]".

[INF:CP0335] /nfs_home/bphilofsky/Raptor/Test_Designs/Github/Vitdec/Src/acs.v:121:48: Compile generate block "work@viterbi_decoder_r2.uut_acs.g10[25]".

[INF:CP0335] /nfs_home/bphilofsky/Raptor/Test_Designs/Github/Vitdec/Src/acs.v:122:39: Compile generate block "work@viterbi_decoder_r2.uut_acs.g10[25].g11[0]".

[INF:CP0335] /nfs_home/bphilofsky/Raptor/Test_Designs/Github/Vitdec/Src/acs.v:122:39: Compile generate block "work@viterbi_decoder_r2.uut_acs.g10[25].g11[1]".

[INF:CP0335] /nfs_home/bphilofsky/Raptor/Test_Designs/Github/Vitdec/Src/acs.v:121:48: Compile generate block "work@viterbi_decoder_r2.uut_acs.g10[26]".

[INF:CP0335] /nfs_home/bphilofsky/Raptor/Test_Designs/Github/Vitdec/Src/acs.v:122:39: Compile generate block "work@viterbi_decoder_r2.uut_acs.g10[26].g11[0]".

[INF:CP0335] /nfs_home/bphilofsky/Raptor/Test_Designs/Github/Vitdec/Src/acs.v:122:39: Compile generate block "work@viterbi_decoder_r2.uut_acs.g10[26].g11[1]".

[INF:CP0335] /nfs_home/bphilofsky/Raptor/Test_Designs/Github/Vitdec/Src/acs.v:121:48: Compile generate block "work@viterbi_decoder_r2.uut_acs.g10[27]".

[INF:CP0335] /nfs_home/bphilofsky/Raptor/Test_Designs/Github/Vitdec/Src/acs.v:122:39: Compile generate block "work@viterbi_decoder_r2.uut_acs.g10[27].g11[0]".

[INF:CP0335] /nfs_home/bphilofsky/Raptor/Test_Designs/Github/Vitdec/Src/acs.v:122:39: Compile generate block "work@viterbi_decoder_r2.uut_acs.g10[27].g11[1]".

[INF:CP0335] /nfs_home/bphilofsky/Raptor/Test_Designs/Github/Vitdec/Src/acs.v:121:48: Compile generate block "work@viterbi_decoder_r2.uut_acs.g10[28]".

[INF:CP0335] /nfs_home/bphilofsky/Raptor/Test_Designs/Github/Vitdec/Src/acs.v:122:39: Compile generate block "work@viterbi_decoder_r2.uut_acs.g10[28].g11[0]".

[INF:CP0335] /nfs_home/bphilofsky/Raptor/Test_Designs/Github/Vitdec/Src/acs.v:122:39: Compile generate block "work@viterbi_decoder_r2.uut_acs.g10[28].g11[1]".

[INF:CP0335] /nfs_home/bphilofsky/Raptor/Test_Designs/Github/Vitdec/Src/acs.v:121:48: Compile generate block "work@viterbi_decoder_r2.uut_acs.g10[29]".

[INF:CP0335] /nfs_home/bphilofsky/Raptor/Test_Designs/Github/Vitdec/Src/acs.v:122:39: Compile generate block "work@viterbi_decoder_r2.uut_acs.g10[29].g11[0]".

[INF:CP0335] /nfs_home/bphilofsky/Raptor/Test_Designs/Github/Vitdec/Src/acs.v:122:39: Compile generate block "work@viterbi_decoder_r2.uut_acs.g10[29].g11[1]".

[INF:CP0335] /nfs_home/bphilofsky/Raptor/Test_Designs/Github/Vitdec/Src/acs.v:121:48: Compile generate block "work@viterbi_decoder_r2.uut_acs.g10[30]".

[INF:CP0335] /nfs_home/bphilofsky/Raptor/Test_Designs/Github/Vitdec/Src/acs.v:122:39: Compile generate block "work@viterbi_decoder_r2.uut_acs.g10[30].g11[0]".

[INF:CP0335] /nfs_home/bphilofsky/Raptor/Test_Designs/Github/Vitdec/Src/acs.v:122:39: Compile generate block "work@viterbi_decoder_r2.uut_acs.g10[30].g11[1]".

[INF:CP0335] /nfs_home/bphilofsky/Raptor/Test_Designs/Github/Vitdec/Src/acs.v:121:48: Compile generate block "work@viterbi_decoder_r2.uut_acs.g10[31]".

[INF:CP0335] /nfs_home/bphilofsky/Raptor/Test_Designs/Github/Vitdec/Src/acs.v:122:39: Compile generate block "work@viterbi_decoder_r2.uut_acs.g10[31].g11[0]".

[INF:CP0335] /nfs_home/bphilofsky/Raptor/Test_Designs/Github/Vitdec/Src/acs.v:122:39: Compile generate block "work@viterbi_decoder_r2.uut_acs.g10[31].g11[1]".

[INF:CP0335] /nfs_home/bphilofsky/Raptor/Test_Designs/Github/Vitdec/Src/acs.v:121:48: Compile generate block "work@viterbi_decoder_r2.uut_acs.g10[32]".

[INF:CP0335] /nfs_home/bphilofsky/Raptor/Test_Designs/Github/Vitdec/Src/acs.v:122:39: Compile generate block "work@viterbi_decoder_r2.uut_acs.g10[32].g11[0]".

[INF:CP0335] /nfs_home/bphilofsky/Raptor/Test_Designs/Github/Vitdec/Src/acs.v:122:39: Compile generate block "work@viterbi_decoder_r2.uut_acs.g10[32].g11[1]".

[INF:CP0335] /nfs_home/bphilofsky/Raptor/Test_Designs/Github/Vitdec/Src/acs.v:121:48: Compile generate block "work@viterbi_decoder_r2.uut_acs.g10[33]".

[INF:CP0335] /nfs_home/bphilofsky/Raptor/Test_Designs/Github/Vitdec/Src/acs.v:122:39: Compile generate block "work@viterbi_decoder_r2.uut_acs.g10[33].g11[0]".

[INF:CP0335] /nfs_home/bphilofsky/Raptor/Test_Designs/Github/Vitdec/Src/acs.v:122:39: Compile generate block "work@viterbi_decoder_r2.uut_acs.g10[33].g11[1]".

[INF:CP0335] /nfs_home/bphilofsky/Raptor/Test_Designs/Github/Vitdec/Src/acs.v:121:48: Compile generate block "work@viterbi_decoder_r2.uut_acs.g10[34]".

[INF:CP0335] /nfs_home/bphilofsky/Raptor/Test_Designs/Github/Vitdec/Src/acs.v:122:39: Compile generate block "work@viterbi_decoder_r2.uut_acs.g10[34].g11[0]".

[INF:CP0335] /nfs_home/bphilofsky/Raptor/Test_Designs/Github/Vitdec/Src/acs.v:122:39: Compile generate block "work@viterbi_decoder_r2.uut_acs.g10[34].g11[1]".

[INF:CP0335] /nfs_home/bphilofsky/Raptor/Test_Designs/Github/Vitdec/Src/acs.v:121:48: Compile generate block "work@viterbi_decoder_r2.uut_acs.g10[35]".

[INF:CP0335] /nfs_home/bphilofsky/Raptor/Test_Designs/Github/Vitdec/Src/acs.v:122:39: Compile generate block "work@viterbi_decoder_r2.uut_acs.g10[35].g11[0]".

[INF:CP0335] /nfs_home/bphilofsky/Raptor/Test_Designs/Github/Vitdec/Src/acs.v:122:39: Compile generate block "work@viterbi_decoder_r2.uut_acs.g10[35].g11[1]".

[INF:CP0335] /nfs_home/bphilofsky/Raptor/Test_Designs/Github/Vitdec/Src/acs.v:121:48: Compile generate block "work@viterbi_decoder_r2.uut_acs.g10[36]".

[INF:CP0335] /nfs_home/bphilofsky/Raptor/Test_Designs/Github/Vitdec/Src/acs.v:122:39: Compile generate block "work@viterbi_decoder_r2.uut_acs.g10[36].g11[0]".

[INF:CP0335] /nfs_home/bphilofsky/Raptor/Test_Designs/Github/Vitdec/Src/acs.v:122:39: Compile generate block "work@viterbi_decoder_r2.uut_acs.g10[36].g11[1]".

[INF:CP0335] /nfs_home/bphilofsky/Raptor/Test_Designs/Github/Vitdec/Src/acs.v:121:48: Compile generate block "work@viterbi_decoder_r2.uut_acs.g10[37]".

[INF:CP0335] /nfs_home/bphilofsky/Raptor/Test_Designs/Github/Vitdec/Src/acs.v:122:39: Compile generate block "work@viterbi_decoder_r2.uut_acs.g10[37].g11[0]".

[INF:CP0335] /nfs_home/bphilofsky/Raptor/Test_Designs/Github/Vitdec/Src/acs.v:122:39: Compile generate block "work@viterbi_decoder_r2.uut_acs.g10[37].g11[1]".

[INF:CP0335] /nfs_home/bphilofsky/Raptor/Test_Designs/Github/Vitdec/Src/acs.v:121:48: Compile generate block "work@viterbi_decoder_r2.uut_acs.g10[38]".

[INF:CP0335] /nfs_home/bphilofsky/Raptor/Test_Designs/Github/Vitdec/Src/acs.v:122:39: Compile generate block "work@viterbi_decoder_r2.uut_acs.g10[38].g11[0]".

[INF:CP0335] /nfs_home/bphilofsky/Raptor/Test_Designs/Github/Vitdec/Src/acs.v:122:39: Compile generate block "work@viterbi_decoder_r2.uut_acs.g10[38].g11[1]".

[INF:CP0335] /nfs_home/bphilofsky/Raptor/Test_Designs/Github/Vitdec/Src/acs.v:121:48: Compile generate block "work@viterbi_decoder_r2.uut_acs.g10[39]".

[INF:CP0335] /nfs_home/bphilofsky/Raptor/Test_Designs/Github/Vitdec/Src/acs.v:122:39: Compile generate block "work@viterbi_decoder_r2.uut_acs.g10[39].g11[0]".

[INF:CP0335] /nfs_home/bphilofsky/Raptor/Test_Designs/Github/Vitdec/Src/acs.v:122:39: Compile generate block "work@viterbi_decoder_r2.uut_acs.g10[39].g11[1]".

[INF:CP0335] /nfs_home/bphilofsky/Raptor/Test_Designs/Github/Vitdec/Src/acs.v:121:48: Compile generate block "work@viterbi_decoder_r2.uut_acs.g10[40]".

[INF:CP0335] /nfs_home/bphilofsky/Raptor/Test_Designs/Github/Vitdec/Src/acs.v:122:39: Compile generate block "work@viterbi_decoder_r2.uut_acs.g10[40].g11[0]".

[INF:CP0335] /nfs_home/bphilofsky/Raptor/Test_Designs/Github/Vitdec/Src/acs.v:122:39: Compile generate block "work@viterbi_decoder_r2.uut_acs.g10[40].g11[1]".

[INF:CP0335] /nfs_home/bphilofsky/Raptor/Test_Designs/Github/Vitdec/Src/acs.v:121:48: Compile generate block "work@viterbi_decoder_r2.uut_acs.g10[41]".

[INF:CP0335] /nfs_home/bphilofsky/Raptor/Test_Designs/Github/Vitdec/Src/acs.v:122:39: Compile generate block "work@viterbi_decoder_r2.uut_acs.g10[41].g11[0]".

[INF:CP0335] /nfs_home/bphilofsky/Raptor/Test_Designs/Github/Vitdec/Src/acs.v:122:39: Compile generate block "work@viterbi_decoder_r2.uut_acs.g10[41].g11[1]".

[INF:CP0335] /nfs_home/bphilofsky/Raptor/Test_Designs/Github/Vitdec/Src/acs.v:121:48: Compile generate block "work@viterbi_decoder_r2.uut_acs.g10[42]".

[INF:CP0335] /nfs_home/bphilofsky/Raptor/Test_Designs/Github/Vitdec/Src/acs.v:122:39: Compile generate block "work@viterbi_decoder_r2.uut_acs.g10[42].g11[0]".

[INF:CP0335] /nfs_home/bphilofsky/Raptor/Test_Designs/Github/Vitdec/Src/acs.v:122:39: Compile generate block "work@viterbi_decoder_r2.uut_acs.g10[42].g11[1]".

[INF:CP0335] /nfs_home/bphilofsky/Raptor/Test_Designs/Github/Vitdec/Src/acs.v:121:48: Compile generate block "work@viterbi_decoder_r2.uut_acs.g10[43]".

[INF:CP0335] /nfs_home/bphilofsky/Raptor/Test_Designs/Github/Vitdec/Src/acs.v:122:39: Compile generate block "work@viterbi_decoder_r2.uut_acs.g10[43].g11[0]".

[INF:CP0335] /nfs_home/bphilofsky/Raptor/Test_Designs/Github/Vitdec/Src/acs.v:122:39: Compile generate block "work@viterbi_decoder_r2.uut_acs.g10[43].g11[1]".

[INF:CP0335] /nfs_home/bphilofsky/Raptor/Test_Designs/Github/Vitdec/Src/acs.v:121:48: Compile generate block "work@viterbi_decoder_r2.uut_acs.g10[44]".

[INF:CP0335] /nfs_home/bphilofsky/Raptor/Test_Designs/Github/Vitdec/Src/acs.v:122:39: Compile generate block "work@viterbi_decoder_r2.uut_acs.g10[44].g11[0]".

[INF:CP0335] /nfs_home/bphilofsky/Raptor/Test_Designs/Github/Vitdec/Src/acs.v:122:39: Compile generate block "work@viterbi_decoder_r2.uut_acs.g10[44].g11[1]".

[INF:CP0335] /nfs_home/bphilofsky/Raptor/Test_Designs/Github/Vitdec/Src/acs.v:121:48: Compile generate block "work@viterbi_decoder_r2.uut_acs.g10[45]".

[INF:CP0335] /nfs_home/bphilofsky/Raptor/Test_Designs/Github/Vitdec/Src/acs.v:122:39: Compile generate block "work@viterbi_decoder_r2.uut_acs.g10[45].g11[0]".

[INF:CP0335] /nfs_home/bphilofsky/Raptor/Test_Designs/Github/Vitdec/Src/acs.v:122:39: Compile generate block "work@viterbi_decoder_r2.uut_acs.g10[45].g11[1]".

[INF:CP0335] /nfs_home/bphilofsky/Raptor/Test_Designs/Github/Vitdec/Src/acs.v:121:48: Compile generate block "work@viterbi_decoder_r2.uut_acs.g10[46]".

[INF:CP0335] /nfs_home/bphilofsky/Raptor/Test_Designs/Github/Vitdec/Src/acs.v:122:39: Compile generate block "work@viterbi_decoder_r2.uut_acs.g10[46].g11[0]".

[INF:CP0335] /nfs_home/bphilofsky/Raptor/Test_Designs/Github/Vitdec/Src/acs.v:122:39: Compile generate block "work@viterbi_decoder_r2.uut_acs.g10[46].g11[1]".

[INF:CP0335] /nfs_home/bphilofsky/Raptor/Test_Designs/Github/Vitdec/Src/acs.v:121:48: Compile generate block "work@viterbi_decoder_r2.uut_acs.g10[47]".

[INF:CP0335] /nfs_home/bphilofsky/Raptor/Test_Designs/Github/Vitdec/Src/acs.v:122:39: Compile generate block "work@viterbi_decoder_r2.uut_acs.g10[47].g11[0]".

[INF:CP0335] /nfs_home/bphilofsky/Raptor/Test_Designs/Github/Vitdec/Src/acs.v:122:39: Compile generate block "work@viterbi_decoder_r2.uut_acs.g10[47].g11[1]".

[INF:CP0335] /nfs_home/bphilofsky/Raptor/Test_Designs/Github/Vitdec/Src/acs.v:121:48: Compile generate block "work@viterbi_decoder_r2.uut_acs.g10[48]".

[INF:CP0335] /nfs_home/bphilofsky/Raptor/Test_Designs/Github/Vitdec/Src/acs.v:122:39: Compile generate block "work@viterbi_decoder_r2.uut_acs.g10[48].g11[0]".

[INF:CP0335] /nfs_home/bphilofsky/Raptor/Test_Designs/Github/Vitdec/Src/acs.v:122:39: Compile generate block "work@viterbi_decoder_r2.uut_acs.g10[48].g11[1]".

[INF:CP0335] /nfs_home/bphilofsky/Raptor/Test_Designs/Github/Vitdec/Src/acs.v:121:48: Compile generate block "work@viterbi_decoder_r2.uut_acs.g10[49]".

[INF:CP0335] /nfs_home/bphilofsky/Raptor/Test_Designs/Github/Vitdec/Src/acs.v:122:39: Compile generate block "work@viterbi_decoder_r2.uut_acs.g10[49].g11[0]".

[INF:CP0335] /nfs_home/bphilofsky/Raptor/Test_Designs/Github/Vitdec/Src/acs.v:122:39: Compile generate block "work@viterbi_decoder_r2.uut_acs.g10[49].g11[1]".

[INF:CP0335] /nfs_home/bphilofsky/Raptor/Test_Designs/Github/Vitdec/Src/acs.v:121:48: Compile generate block "work@viterbi_decoder_r2.uut_acs.g10[50]".

[INF:CP0335] /nfs_home/bphilofsky/Raptor/Test_Designs/Github/Vitdec/Src/acs.v:122:39: Compile generate block "work@viterbi_decoder_r2.uut_acs.g10[50].g11[0]".

[INF:CP0335] /nfs_home/bphilofsky/Raptor/Test_Designs/Github/Vitdec/Src/acs.v:122:39: Compile generate block "work@viterbi_decoder_r2.uut_acs.g10[50].g11[1]".

[INF:CP0335] /nfs_home/bphilofsky/Raptor/Test_Designs/Github/Vitdec/Src/acs.v:121:48: Compile generate block "work@viterbi_decoder_r2.uut_acs.g10[51]".

[INF:CP0335] /nfs_home/bphilofsky/Raptor/Test_Designs/Github/Vitdec/Src/acs.v:122:39: Compile generate block "work@viterbi_decoder_r2.uut_acs.g10[51].g11[0]".

[INF:CP0335] /nfs_home/bphilofsky/Raptor/Test_Designs/Github/Vitdec/Src/acs.v:122:39: Compile generate block "work@viterbi_decoder_r2.uut_acs.g10[51].g11[1]".

[INF:CP0335] /nfs_home/bphilofsky/Raptor/Test_Designs/Github/Vitdec/Src/acs.v:121:48: Compile generate block "work@viterbi_decoder_r2.uut_acs.g10[52]".

[INF:CP0335] /nfs_home/bphilofsky/Raptor/Test_Designs/Github/Vitdec/Src/acs.v:122:39: Compile generate block "work@viterbi_decoder_r2.uut_acs.g10[52].g11[0]".

[INF:CP0335] /nfs_home/bphilofsky/Raptor/Test_Designs/Github/Vitdec/Src/acs.v:122:39: Compile generate block "work@viterbi_decoder_r2.uut_acs.g10[52].g11[1]".

[INF:CP0335] /nfs_home/bphilofsky/Raptor/Test_Designs/Github/Vitdec/Src/acs.v:121:48: Compile generate block "work@viterbi_decoder_r2.uut_acs.g10[53]".

[INF:CP0335] /nfs_home/bphilofsky/Raptor/Test_Designs/Github/Vitdec/Src/acs.v:122:39: Compile generate block "work@viterbi_decoder_r2.uut_acs.g10[53].g11[0]".

[INF:CP0335] /nfs_home/bphilofsky/Raptor/Test_Designs/Github/Vitdec/Src/acs.v:122:39: Compile generate block "work@viterbi_decoder_r2.uut_acs.g10[53].g11[1]".

[INF:CP0335] /nfs_home/bphilofsky/Raptor/Test_Designs/Github/Vitdec/Src/acs.v:121:48: Compile generate block "work@viterbi_decoder_r2.uut_acs.g10[54]".

[INF:CP0335] /nfs_home/bphilofsky/Raptor/Test_Designs/Github/Vitdec/Src/acs.v:122:39: Compile generate block "work@viterbi_decoder_r2.uut_acs.g10[54].g11[0]".

[INF:CP0335] /nfs_home/bphilofsky/Raptor/Test_Designs/Github/Vitdec/Src/acs.v:122:39: Compile generate block "work@viterbi_decoder_r2.uut_acs.g10[54].g11[1]".

[INF:CP0335] /nfs_home/bphilofsky/Raptor/Test_Designs/Github/Vitdec/Src/acs.v:121:48: Compile generate block "work@viterbi_decoder_r2.uut_acs.g10[55]".

[INF:CP0335] /nfs_home/bphilofsky/Raptor/Test_Designs/Github/Vitdec/Src/acs.v:122:39: Compile generate block "work@viterbi_decoder_r2.uut_acs.g10[55].g11[0]".

[INF:CP0335] /nfs_home/bphilofsky/Raptor/Test_Designs/Github/Vitdec/Src/acs.v:122:39: Compile generate block "work@viterbi_decoder_r2.uut_acs.g10[55].g11[1]".

[INF:CP0335] /nfs_home/bphilofsky/Raptor/Test_Designs/Github/Vitdec/Src/acs.v:121:48: Compile generate block "work@viterbi_decoder_r2.uut_acs.g10[56]".

[INF:CP0335] /nfs_home/bphilofsky/Raptor/Test_Designs/Github/Vitdec/Src/acs.v:122:39: Compile generate block "work@viterbi_decoder_r2.uut_acs.g10[56].g11[0]".

[INF:CP0335] /nfs_home/bphilofsky/Raptor/Test_Designs/Github/Vitdec/Src/acs.v:122:39: Compile generate block "work@viterbi_decoder_r2.uut_acs.g10[56].g11[1]".

[INF:CP0335] /nfs_home/bphilofsky/Raptor/Test_Designs/Github/Vitdec/Src/acs.v:121:48: Compile generate block "work@viterbi_decoder_r2.uut_acs.g10[57]".

[INF:CP0335] /nfs_home/bphilofsky/Raptor/Test_Designs/Github/Vitdec/Src/acs.v:122:39: Compile generate block "work@viterbi_decoder_r2.uut_acs.g10[57].g11[0]".

[INF:CP0335] /nfs_home/bphilofsky/Raptor/Test_Designs/Github/Vitdec/Src/acs.v:122:39: Compile generate block "work@viterbi_decoder_r2.uut_acs.g10[57].g11[1]".

[INF:CP0335] /nfs_home/bphilofsky/Raptor/Test_Designs/Github/Vitdec/Src/acs.v:121:48: Compile generate block "work@viterbi_decoder_r2.uut_acs.g10[58]".

[INF:CP0335] /nfs_home/bphilofsky/Raptor/Test_Designs/Github/Vitdec/Src/acs.v:122:39: Compile generate block "work@viterbi_decoder_r2.uut_acs.g10[58].g11[0]".

[INF:CP0335] /nfs_home/bphilofsky/Raptor/Test_Designs/Github/Vitdec/Src/acs.v:122:39: Compile generate block "work@viterbi_decoder_r2.uut_acs.g10[58].g11[1]".

[INF:CP0335] /nfs_home/bphilofsky/Raptor/Test_Designs/Github/Vitdec/Src/acs.v:121:48: Compile generate block "work@viterbi_decoder_r2.uut_acs.g10[59]".

[INF:CP0335] /nfs_home/bphilofsky/Raptor/Test_Designs/Github/Vitdec/Src/acs.v:122:39: Compile generate block "work@viterbi_decoder_r2.uut_acs.g10[59].g11[0]".

[INF:CP0335] /nfs_home/bphilofsky/Raptor/Test_Designs/Github/Vitdec/Src/acs.v:122:39: Compile generate block "work@viterbi_decoder_r2.uut_acs.g10[59].g11[1]".

[INF:CP0335] /nfs_home/bphilofsky/Raptor/Test_Designs/Github/Vitdec/Src/acs.v:121:48: Compile generate block "work@viterbi_decoder_r2.uut_acs.g10[60]".

[INF:CP0335] /nfs_home/bphilofsky/Raptor/Test_Designs/Github/Vitdec/Src/acs.v:122:39: Compile generate block "work@viterbi_decoder_r2.uut_acs.g10[60].g11[0]".

[INF:CP0335] /nfs_home/bphilofsky/Raptor/Test_Designs/Github/Vitdec/Src/acs.v:122:39: Compile generate block "work@viterbi_decoder_r2.uut_acs.g10[60].g11[1]".

[INF:CP0335] /nfs_home/bphilofsky/Raptor/Test_Designs/Github/Vitdec/Src/acs.v:121:48: Compile generate block "work@viterbi_decoder_r2.uut_acs.g10[61]".

[INF:CP0335] /nfs_home/bphilofsky/Raptor/Test_Designs/Github/Vitdec/Src/acs.v:122:39: Compile generate block "work@viterbi_decoder_r2.uut_acs.g10[61].g11[0]".

[INF:CP0335] /nfs_home/bphilofsky/Raptor/Test_Designs/Github/Vitdec/Src/acs.v:122:39: Compile generate block "work@viterbi_decoder_r2.uut_acs.g10[61].g11[1]".

[INF:CP0335] /nfs_home/bphilofsky/Raptor/Test_Designs/Github/Vitdec/Src/acs.v:121:48: Compile generate block "work@viterbi_decoder_r2.uut_acs.g10[62]".

[INF:CP0335] /nfs_home/bphilofsky/Raptor/Test_Designs/Github/Vitdec/Src/acs.v:122:39: Compile generate block "work@viterbi_decoder_r2.uut_acs.g10[62].g11[0]".

[INF:CP0335] /nfs_home/bphilofsky/Raptor/Test_Designs/Github/Vitdec/Src/acs.v:122:39: Compile generate block "work@viterbi_decoder_r2.uut_acs.g10[62].g11[1]".

[INF:CP0335] /nfs_home/bphilofsky/Raptor/Test_Designs/Github/Vitdec/Src/acs.v:121:48: Compile generate block "work@viterbi_decoder_r2.uut_acs.g10[63]".

[INF:CP0335] /nfs_home/bphilofsky/Raptor/Test_Designs/Github/Vitdec/Src/acs.v:122:39: Compile generate block "work@viterbi_decoder_r2.uut_acs.g10[63].g11[0]".

[INF:CP0335] /nfs_home/bphilofsky/Raptor/Test_Designs/Github/Vitdec/Src/acs.v:122:39: Compile generate block "work@viterbi_decoder_r2.uut_acs.g10[63].g11[1]".

[INF:CP0335] /nfs_home/bphilofsky/Raptor/Test_Designs/Github/Vitdec/Src/acs.v:128:48: Compile generate block "work@viterbi_decoder_r2.uut_acs.g12[0]".

[INF:CP0335] /nfs_home/bphilofsky/Raptor/Test_Designs/Github/Vitdec/Src/acs.v:128:48: Compile generate block "work@viterbi_decoder_r2.uut_acs.g12[1]".

[INF:CP0335] /nfs_home/bphilofsky/Raptor/Test_Designs/Github/Vitdec/Src/acs.v:128:48: Compile generate block "work@viterbi_decoder_r2.uut_acs.g12[2]".

[INF:CP0335] /nfs_home/bphilofsky/Raptor/Test_Designs/Github/Vitdec/Src/acs.v:128:48: Compile generate block "work@viterbi_decoder_r2.uut_acs.g12[3]".

[INF:CP0335] /nfs_home/bphilofsky/Raptor/Test_Designs/Github/Vitdec/Src/acs.v:128:48: Compile generate block "work@viterbi_decoder_r2.uut_acs.g12[4]".

[INF:CP0335] /nfs_home/bphilofsky/Raptor/Test_Designs/Github/Vitdec/Src/acs.v:128:48: Compile generate block "work@viterbi_decoder_r2.uut_acs.g12[5]".

[INF:CP0335] /nfs_home/bphilofsky/Raptor/Test_Designs/Github/Vitdec/Src/acs.v:128:48: Compile generate block "work@viterbi_decoder_r2.uut_acs.g12[6]".

[INF:CP0335] /nfs_home/bphilofsky/Raptor/Test_Designs/Github/Vitdec/Src/acs.v:128:48: Compile generate block "work@viterbi_decoder_r2.uut_acs.g12[7]".

[INF:CP0335] /nfs_home/bphilofsky/Raptor/Test_Designs/Github/Vitdec/Src/acs.v:128:48: Compile generate block "work@viterbi_decoder_r2.uut_acs.g12[8]".

[INF:CP0335] /nfs_home/bphilofsky/Raptor/Test_Designs/Github/Vitdec/Src/acs.v:128:48: Compile generate block "work@viterbi_decoder_r2.uut_acs.g12[9]".

[INF:CP0335] /nfs_home/bphilofsky/Raptor/Test_Designs/Github/Vitdec/Src/acs.v:128:48: Compile generate block "work@viterbi_decoder_r2.uut_acs.g12[10]".

[INF:CP0335] /nfs_home/bphilofsky/Raptor/Test_Designs/Github/Vitdec/Src/acs.v:128:48: Compile generate block "work@viterbi_decoder_r2.uut_acs.g12[11]".

[INF:CP0335] /nfs_home/bphilofsky/Raptor/Test_Designs/Github/Vitdec/Src/acs.v:128:48: Compile generate block "work@viterbi_decoder_r2.uut_acs.g12[12]".

[INF:CP0335] /nfs_home/bphilofsky/Raptor/Test_Designs/Github/Vitdec/Src/acs.v:128:48: Compile generate block "work@viterbi_decoder_r2.uut_acs.g12[13]".

[INF:CP0335] /nfs_home/bphilofsky/Raptor/Test_Designs/Github/Vitdec/Src/acs.v:128:48: Compile generate block "work@viterbi_decoder_r2.uut_acs.g12[14]".

[INF:CP0335] /nfs_home/bphilofsky/Raptor/Test_Designs/Github/Vitdec/Src/acs.v:128:48: Compile generate block "work@viterbi_decoder_r2.uut_acs.g12[15]".

[INF:CP0335] /nfs_home/bphilofsky/Raptor/Test_Designs/Github/Vitdec/Src/acs.v:128:48: Compile generate block "work@viterbi_decoder_r2.uut_acs.g12[16]".

[INF:CP0335] /nfs_home/bphilofsky/Raptor/Test_Designs/Github/Vitdec/Src/acs.v:128:48: Compile generate block "work@viterbi_decoder_r2.uut_acs.g12[17]".

[INF:CP0335] /nfs_home/bphilofsky/Raptor/Test_Designs/Github/Vitdec/Src/acs.v:128:48: Compile generate block "work@viterbi_decoder_r2.uut_acs.g12[18]".

[INF:CP0335] /nfs_home/bphilofsky/Raptor/Test_Designs/Github/Vitdec/Src/acs.v:128:48: Compile generate block "work@viterbi_decoder_r2.uut_acs.g12[19]".

[INF:CP0335] /nfs_home/bphilofsky/Raptor/Test_Designs/Github/Vitdec/Src/acs.v:128:48: Compile generate block "work@viterbi_decoder_r2.uut_acs.g12[20]".

[INF:CP0335] /nfs_home/bphilofsky/Raptor/Test_Designs/Github/Vitdec/Src/acs.v:128:48: Compile generate block "work@viterbi_decoder_r2.uut_acs.g12[21]".

[INF:CP0335] /nfs_home/bphilofsky/Raptor/Test_Designs/Github/Vitdec/Src/acs.v:128:48: Compile generate block "work@viterbi_decoder_r2.uut_acs.g12[22]".

[INF:CP0335] /nfs_home/bphilofsky/Raptor/Test_Designs/Github/Vitdec/Src/acs.v:128:48: Compile generate block "work@viterbi_decoder_r2.uut_acs.g12[23]".

[INF:CP0335] /nfs_home/bphilofsky/Raptor/Test_Designs/Github/Vitdec/Src/acs.v:128:48: Compile generate block "work@viterbi_decoder_r2.uut_acs.g12[24]".

[INF:CP0335] /nfs_home/bphilofsky/Raptor/Test_Designs/Github/Vitdec/Src/acs.v:128:48: Compile generate block "work@viterbi_decoder_r2.uut_acs.g12[25]".

[INF:CP0335] /nfs_home/bphilofsky/Raptor/Test_Designs/Github/Vitdec/Src/acs.v:128:48: Compile generate block "work@viterbi_decoder_r2.uut_acs.g12[26]".

[INF:CP0335] /nfs_home/bphilofsky/Raptor/Test_Designs/Github/Vitdec/Src/acs.v:128:48: Compile generate block "work@viterbi_decoder_r2.uut_acs.g12[27]".

[INF:CP0335] /nfs_home/bphilofsky/Raptor/Test_Designs/Github/Vitdec/Src/acs.v:128:48: Compile generate block "work@viterbi_decoder_r2.uut_acs.g12[28]".

[INF:CP0335] /nfs_home/bphilofsky/Raptor/Test_Designs/Github/Vitdec/Src/acs.v:128:48: Compile generate block "work@viterbi_decoder_r2.uut_acs.g12[29]".

[INF:CP0335] /nfs_home/bphilofsky/Raptor/Test_Designs/Github/Vitdec/Src/acs.v:128:48: Compile generate block "work@viterbi_decoder_r2.uut_acs.g12[30]".

[INF:CP0335] /nfs_home/bphilofsky/Raptor/Test_Designs/Github/Vitdec/Src/acs.v:128:48: Compile generate block "work@viterbi_decoder_r2.uut_acs.g12[31]".

[INF:CP0335] /nfs_home/bphilofsky/Raptor/Test_Designs/Github/Vitdec/Src/acs.v:128:48: Compile generate block "work@viterbi_decoder_r2.uut_acs.g12[32]".

[INF:CP0335] /nfs_home/bphilofsky/Raptor/Test_Designs/Github/Vitdec/Src/acs.v:128:48: Compile generate block "work@viterbi_decoder_r2.uut_acs.g12[33]".

[INF:CP0335] /nfs_home/bphilofsky/Raptor/Test_Designs/Github/Vitdec/Src/acs.v:128:48: Compile generate block "work@viterbi_decoder_r2.uut_acs.g12[34]".

[INF:CP0335] /nfs_home/bphilofsky/Raptor/Test_Designs/Github/Vitdec/Src/acs.v:128:48: Compile generate block "work@viterbi_decoder_r2.uut_acs.g12[35]".

[INF:CP0335] /nfs_home/bphilofsky/Raptor/Test_Designs/Github/Vitdec/Src/acs.v:128:48: Compile generate block "work@viterbi_decoder_r2.uut_acs.g12[36]".

[INF:CP0335] /nfs_home/bphilofsky/Raptor/Test_Designs/Github/Vitdec/Src/acs.v:128:48: Compile generate block "work@viterbi_decoder_r2.uut_acs.g12[37]".

[INF:CP0335] /nfs_home/bphilofsky/Raptor/Test_Designs/Github/Vitdec/Src/acs.v:128:48: Compile generate block "work@viterbi_decoder_r2.uut_acs.g12[38]".

[INF:CP0335] /nfs_home/bphilofsky/Raptor/Test_Designs/Github/Vitdec/Src/acs.v:128:48: Compile generate block "work@viterbi_decoder_r2.uut_acs.g12[39]".

[INF:CP0335] /nfs_home/bphilofsky/Raptor/Test_Designs/Github/Vitdec/Src/acs.v:128:48: Compile generate block "work@viterbi_decoder_r2.uut_acs.g12[40]".

[INF:CP0335] /nfs_home/bphilofsky/Raptor/Test_Designs/Github/Vitdec/Src/acs.v:128:48: Compile generate block "work@viterbi_decoder_r2.uut_acs.g12[41]".

[INF:CP0335] /nfs_home/bphilofsky/Raptor/Test_Designs/Github/Vitdec/Src/acs.v:128:48: Compile generate block "work@viterbi_decoder_r2.uut_acs.g12[42]".

[INF:CP0335] /nfs_home/bphilofsky/Raptor/Test_Designs/Github/Vitdec/Src/acs.v:128:48: Compile generate block "work@viterbi_decoder_r2.uut_acs.g12[43]".

[INF:CP0335] /nfs_home/bphilofsky/Raptor/Test_Designs/Github/Vitdec/Src/acs.v:128:48: Compile generate block "work@viterbi_decoder_r2.uut_acs.g12[44]".

[INF:CP0335] /nfs_home/bphilofsky/Raptor/Test_Designs/Github/Vitdec/Src/acs.v:128:48: Compile generate block "work@viterbi_decoder_r2.uut_acs.g12[45]".

[INF:CP0335] /nfs_home/bphilofsky/Raptor/Test_Designs/Github/Vitdec/Src/acs.v:128:48: Compile generate block "work@viterbi_decoder_r2.uut_acs.g12[46]".

[INF:CP0335] /nfs_home/bphilofsky/Raptor/Test_Designs/Github/Vitdec/Src/acs.v:128:48: Compile generate block "work@viterbi_decoder_r2.uut_acs.g12[47]".

[INF:CP0335] /nfs_home/bphilofsky/Raptor/Test_Designs/Github/Vitdec/Src/acs.v:128:48: Compile generate block "work@viterbi_decoder_r2.uut_acs.g12[48]".

[INF:CP0335] /nfs_home/bphilofsky/Raptor/Test_Designs/Github/Vitdec/Src/acs.v:128:48: Compile generate block "work@viterbi_decoder_r2.uut_acs.g12[49]".

[INF:CP0335] /nfs_home/bphilofsky/Raptor/Test_Designs/Github/Vitdec/Src/acs.v:128:48: Compile generate block "work@viterbi_decoder_r2.uut_acs.g12[50]".

[INF:CP0335] /nfs_home/bphilofsky/Raptor/Test_Designs/Github/Vitdec/Src/acs.v:128:48: Compile generate block "work@viterbi_decoder_r2.uut_acs.g12[51]".

[INF:CP0335] /nfs_home/bphilofsky/Raptor/Test_Designs/Github/Vitdec/Src/acs.v:128:48: Compile generate block "work@viterbi_decoder_r2.uut_acs.g12[52]".

[INF:CP0335] /nfs_home/bphilofsky/Raptor/Test_Designs/Github/Vitdec/Src/acs.v:128:48: Compile generate block "work@viterbi_decoder_r2.uut_acs.g12[53]".

[INF:CP0335] /nfs_home/bphilofsky/Raptor/Test_Designs/Github/Vitdec/Src/acs.v:128:48: Compile generate block "work@viterbi_decoder_r2.uut_acs.g12[54]".

[INF:CP0335] /nfs_home/bphilofsky/Raptor/Test_Designs/Github/Vitdec/Src/acs.v:128:48: Compile generate block "work@viterbi_decoder_r2.uut_acs.g12[55]".

[INF:CP0335] /nfs_home/bphilofsky/Raptor/Test_Designs/Github/Vitdec/Src/acs.v:128:48: Compile generate block "work@viterbi_decoder_r2.uut_acs.g12[56]".

[INF:CP0335] /nfs_home/bphilofsky/Raptor/Test_Designs/Github/Vitdec/Src/acs.v:128:48: Compile generate block "work@viterbi_decoder_r2.uut_acs.g12[57]".

[INF:CP0335] /nfs_home/bphilofsky/Raptor/Test_Designs/Github/Vitdec/Src/acs.v:128:48: Compile generate block "work@viterbi_decoder_r2.uut_acs.g12[58]".

[INF:CP0335] /nfs_home/bphilofsky/Raptor/Test_Designs/Github/Vitdec/Src/acs.v:128:48: Compile generate block "work@viterbi_decoder_r2.uut_acs.g12[59]".

[INF:CP0335] /nfs_home/bphilofsky/Raptor/Test_Designs/Github/Vitdec/Src/acs.v:128:48: Compile generate block "work@viterbi_decoder_r2.uut_acs.g12[60]".

[INF:CP0335] /nfs_home/bphilofsky/Raptor/Test_Designs/Github/Vitdec/Src/acs.v:128:48: Compile generate block "work@viterbi_decoder_r2.uut_acs.g12[61]".

[INF:CP0335] /nfs_home/bphilofsky/Raptor/Test_Designs/Github/Vitdec/Src/acs.v:128:48: Compile generate block "work@viterbi_decoder_r2.uut_acs.g12[62]".

[INF:CP0335] /nfs_home/bphilofsky/Raptor/Test_Designs/Github/Vitdec/Src/acs.v:128:48: Compile generate block "work@viterbi_decoder_r2.uut_acs.g12[63]".

[INF:CP0335] /nfs_home/bphilofsky/Raptor/Test_Designs/Github/Vitdec/Src/acs.v:134:1: Compile generate block "work@viterbi_decoder_r2.uut_acs.g15[0]".

[INF:CP0335] /nfs_home/bphilofsky/Raptor/Test_Designs/Github/Vitdec/Src/acs.v:134:1: Compile generate block "work@viterbi_decoder_r2.uut_acs.g15[1]".

[INF:CP0335] /nfs_home/bphilofsky/Raptor/Test_Designs/Github/Vitdec/Src/acs.v:134:1: Compile generate block "work@viterbi_decoder_r2.uut_acs.g15[2]".

[INF:CP0335] /nfs_home/bphilofsky/Raptor/Test_Designs/Github/Vitdec/Src/acs.v:134:1: Compile generate block "work@viterbi_decoder_r2.uut_acs.g15[3]".

[INF:CP0335] /nfs_home/bphilofsky/Raptor/Test_Designs/Github/Vitdec/Src/acs.v:134:1: Compile generate block "work@viterbi_decoder_r2.uut_acs.g15[4]".

[INF:CP0335] /nfs_home/bphilofsky/Raptor/Test_Designs/Github/Vitdec/Src/acs.v:134:1: Compile generate block "work@viterbi_decoder_r2.uut_acs.g15[5]".

[INF:CP0335] /nfs_home/bphilofsky/Raptor/Test_Designs/Github/Vitdec/Src/acs.v:134:1: Compile generate block "work@viterbi_decoder_r2.uut_acs.g15[6]".

[INF:CP0335] /nfs_home/bphilofsky/Raptor/Test_Designs/Github/Vitdec/Src/acs.v:134:1: Compile generate block "work@viterbi_decoder_r2.uut_acs.g15[7]".

[INF:CP0335] /nfs_home/bphilofsky/Raptor/Test_Designs/Github/Vitdec/Src/acs.v:134:1: Compile generate block "work@viterbi_decoder_r2.uut_acs.g15[8]".

[INF:CP0335] /nfs_home/bphilofsky/Raptor/Test_Designs/Github/Vitdec/Src/acs.v:134:1: Compile generate block "work@viterbi_decoder_r2.uut_acs.g15[9]".

[INF:CP0335] /nfs_home/bphilofsky/Raptor/Test_Designs/Github/Vitdec/Src/acs.v:134:1: Compile generate block "work@viterbi_decoder_r2.uut_acs.g15[10]".

[INF:CP0335] /nfs_home/bphilofsky/Raptor/Test_Designs/Github/Vitdec/Src/acs.v:134:1: Compile generate block "work@viterbi_decoder_r2.uut_acs.g15[11]".

[INF:CP0335] /nfs_home/bphilofsky/Raptor/Test_Designs/Github/Vitdec/Src/acs.v:134:1: Compile generate block "work@viterbi_decoder_r2.uut_acs.g15[12]".

[INF:CP0335] /nfs_home/bphilofsky/Raptor/Test_Designs/Github/Vitdec/Src/acs.v:134:1: Compile generate block "work@viterbi_decoder_r2.uut_acs.g15[13]".

[INF:CP0335] /nfs_home/bphilofsky/Raptor/Test_Designs/Github/Vitdec/Src/acs.v:134:1: Compile generate block "work@viterbi_decoder_r2.uut_acs.g15[14]".

[INF:CP0335] /nfs_home/bphilofsky/Raptor/Test_Designs/Github/Vitdec/Src/acs.v:134:1: Compile generate block "work@viterbi_decoder_r2.uut_acs.g15[15]".

[INF:CP0335] /nfs_home/bphilofsky/Raptor/Test_Designs/Github/Vitdec/Src/acs.v:134:1: Compile generate block "work@viterbi_decoder_r2.uut_acs.g15[16]".

[INF:CP0335] /nfs_home/bphilofsky/Raptor/Test_Designs/Github/Vitdec/Src/acs.v:134:1: Compile generate block "work@viterbi_decoder_r2.uut_acs.g15[17]".

[INF:CP0335] /nfs_home/bphilofsky/Raptor/Test_Designs/Github/Vitdec/Src/acs.v:134:1: Compile generate block "work@viterbi_decoder_r2.uut_acs.g15[18]".

[INF:CP0335] /nfs_home/bphilofsky/Raptor/Test_Designs/Github/Vitdec/Src/acs.v:134:1: Compile generate block "work@viterbi_decoder_r2.uut_acs.g15[19]".

[INF:CP0335] /nfs_home/bphilofsky/Raptor/Test_Designs/Github/Vitdec/Src/acs.v:134:1: Compile generate block "work@viterbi_decoder_r2.uut_acs.g15[20]".

[INF:CP0335] /nfs_home/bphilofsky/Raptor/Test_Designs/Github/Vitdec/Src/acs.v:134:1: Compile generate block "work@viterbi_decoder_r2.uut_acs.g15[21]".

[INF:CP0335] /nfs_home/bphilofsky/Raptor/Test_Designs/Github/Vitdec/Src/acs.v:134:1: Compile generate block "work@viterbi_decoder_r2.uut_acs.g15[22]".

[INF:CP0335] /nfs_home/bphilofsky/Raptor/Test_Designs/Github/Vitdec/Src/acs.v:134:1: Compile generate block "work@viterbi_decoder_r2.uut_acs.g15[23]".

[INF:CP0335] /nfs_home/bphilofsky/Raptor/Test_Designs/Github/Vitdec/Src/acs.v:134:1: Compile generate block "work@viterbi_decoder_r2.uut_acs.g15[24]".

[INF:CP0335] /nfs_home/bphilofsky/Raptor/Test_Designs/Github/Vitdec/Src/acs.v:134:1: Compile generate block "work@viterbi_decoder_r2.uut_acs.g15[25]".

[INF:CP0335] /nfs_home/bphilofsky/Raptor/Test_Designs/Github/Vitdec/Src/acs.v:134:1: Compile generate block "work@viterbi_decoder_r2.uut_acs.g15[26]".

[INF:CP0335] /nfs_home/bphilofsky/Raptor/Test_Designs/Github/Vitdec/Src/acs.v:134:1: Compile generate block "work@viterbi_decoder_r2.uut_acs.g15[27]".

[INF:CP0335] /nfs_home/bphilofsky/Raptor/Test_Designs/Github/Vitdec/Src/acs.v:134:1: Compile generate block "work@viterbi_decoder_r2.uut_acs.g15[28]".

[INF:CP0335] /nfs_home/bphilofsky/Raptor/Test_Designs/Github/Vitdec/Src/acs.v:134:1: Compile generate block "work@viterbi_decoder_r2.uut_acs.g15[29]".

[INF:CP0335] /nfs_home/bphilofsky/Raptor/Test_Designs/Github/Vitdec/Src/acs.v:134:1: Compile generate block "work@viterbi_decoder_r2.uut_acs.g15[30]".

[INF:CP0335] /nfs_home/bphilofsky/Raptor/Test_Designs/Github/Vitdec/Src/acs.v:134:1: Compile generate block "work@viterbi_decoder_r2.uut_acs.g15[31]".

[INF:CP0335] /nfs_home/bphilofsky/Raptor/Test_Designs/Github/Vitdec/Src/acs.v:134:1: Compile generate block "work@viterbi_decoder_r2.uut_acs.g15[32]".

[INF:CP0335] /nfs_home/bphilofsky/Raptor/Test_Designs/Github/Vitdec/Src/acs.v:134:1: Compile generate block "work@viterbi_decoder_r2.uut_acs.g15[33]".

[INF:CP0335] /nfs_home/bphilofsky/Raptor/Test_Designs/Github/Vitdec/Src/acs.v:134:1: Compile generate block "work@viterbi_decoder_r2.uut_acs.g15[34]".

[INF:CP0335] /nfs_home/bphilofsky/Raptor/Test_Designs/Github/Vitdec/Src/acs.v:134:1: Compile generate block "work@viterbi_decoder_r2.uut_acs.g15[35]".

[INF:CP0335] /nfs_home/bphilofsky/Raptor/Test_Designs/Github/Vitdec/Src/acs.v:134:1: Compile generate block "work@viterbi_decoder_r2.uut_acs.g15[36]".

[INF:CP0335] /nfs_home/bphilofsky/Raptor/Test_Designs/Github/Vitdec/Src/acs.v:134:1: Compile generate block "work@viterbi_decoder_r2.uut_acs.g15[37]".

[INF:CP0335] /nfs_home/bphilofsky/Raptor/Test_Designs/Github/Vitdec/Src/acs.v:134:1: Compile generate block "work@viterbi_decoder_r2.uut_acs.g15[38]".

[INF:CP0335] /nfs_home/bphilofsky/Raptor/Test_Designs/Github/Vitdec/Src/acs.v:134:1: Compile generate block "work@viterbi_decoder_r2.uut_acs.g15[39]".

[INF:CP0335] /nfs_home/bphilofsky/Raptor/Test_Designs/Github/Vitdec/Src/acs.v:134:1: Compile generate block "work@viterbi_decoder_r2.uut_acs.g15[40]".

[INF:CP0335] /nfs_home/bphilofsky/Raptor/Test_Designs/Github/Vitdec/Src/acs.v:134:1: Compile generate block "work@viterbi_decoder_r2.uut_acs.g15[41]".

[INF:CP0335] /nfs_home/bphilofsky/Raptor/Test_Designs/Github/Vitdec/Src/acs.v:134:1: Compile generate block "work@viterbi_decoder_r2.uut_acs.g15[42]".

[INF:CP0335] /nfs_home/bphilofsky/Raptor/Test_Designs/Github/Vitdec/Src/acs.v:134:1: Compile generate block "work@viterbi_decoder_r2.uut_acs.g15[43]".

[INF:CP0335] /nfs_home/bphilofsky/Raptor/Test_Designs/Github/Vitdec/Src/acs.v:134:1: Compile generate block "work@viterbi_decoder_r2.uut_acs.g15[44]".

[INF:CP0335] /nfs_home/bphilofsky/Raptor/Test_Designs/Github/Vitdec/Src/acs.v:134:1: Compile generate block "work@viterbi_decoder_r2.uut_acs.g15[45]".

[INF:CP0335] /nfs_home/bphilofsky/Raptor/Test_Designs/Github/Vitdec/Src/acs.v:134:1: Compile generate block "work@viterbi_decoder_r2.uut_acs.g15[46]".

[INF:CP0335] /nfs_home/bphilofsky/Raptor/Test_Designs/Github/Vitdec/Src/acs.v:134:1: Compile generate block "work@viterbi_decoder_r2.uut_acs.g15[47]".

[INF:CP0335] /nfs_home/bphilofsky/Raptor/Test_Designs/Github/Vitdec/Src/acs.v:134:1: Compile generate block "work@viterbi_decoder_r2.uut_acs.g15[48]".

[INF:CP0335] /nfs_home/bphilofsky/Raptor/Test_Designs/Github/Vitdec/Src/acs.v:134:1: Compile generate block "work@viterbi_decoder_r2.uut_acs.g15[49]".

[INF:CP0335] /nfs_home/bphilofsky/Raptor/Test_Designs/Github/Vitdec/Src/acs.v:134:1: Compile generate block "work@viterbi_decoder_r2.uut_acs.g15[50]".

[INF:CP0335] /nfs_home/bphilofsky/Raptor/Test_Designs/Github/Vitdec/Src/acs.v:134:1: Compile generate block "work@viterbi_decoder_r2.uut_acs.g15[51]".

[INF:CP0335] /nfs_home/bphilofsky/Raptor/Test_Designs/Github/Vitdec/Src/acs.v:134:1: Compile generate block "work@viterbi_decoder_r2.uut_acs.g15[52]".

[INF:CP0335] /nfs_home/bphilofsky/Raptor/Test_Designs/Github/Vitdec/Src/acs.v:134:1: Compile generate block "work@viterbi_decoder_r2.uut_acs.g15[53]".

[INF:CP0335] /nfs_home/bphilofsky/Raptor/Test_Designs/Github/Vitdec/Src/acs.v:134:1: Compile generate block "work@viterbi_decoder_r2.uut_acs.g15[54]".

[INF:CP0335] /nfs_home/bphilofsky/Raptor/Test_Designs/Github/Vitdec/Src/acs.v:134:1: Compile generate block "work@viterbi_decoder_r2.uut_acs.g15[55]".

[INF:CP0335] /nfs_home/bphilofsky/Raptor/Test_Designs/Github/Vitdec/Src/acs.v:134:1: Compile generate block "work@viterbi_decoder_r2.uut_acs.g15[56]".

[INF:CP0335] /nfs_home/bphilofsky/Raptor/Test_Designs/Github/Vitdec/Src/acs.v:134:1: Compile generate block "work@viterbi_decoder_r2.uut_acs.g15[57]".

[INF:CP0335] /nfs_home/bphilofsky/Raptor/Test_Designs/Github/Vitdec/Src/acs.v:134:1: Compile generate block "work@viterbi_decoder_r2.uut_acs.g15[58]".

[INF:CP0335] /nfs_home/bphilofsky/Raptor/Test_Designs/Github/Vitdec/Src/acs.v:134:1: Compile generate block "work@viterbi_decoder_r2.uut_acs.g15[59]".

[INF:CP0335] /nfs_home/bphilofsky/Raptor/Test_Designs/Github/Vitdec/Src/acs.v:134:1: Compile generate block "work@viterbi_decoder_r2.uut_acs.g15[60]".

[INF:CP0335] /nfs_home/bphilofsky/Raptor/Test_Designs/Github/Vitdec/Src/acs.v:134:1: Compile generate block "work@viterbi_decoder_r2.uut_acs.g15[61]".

[INF:CP0335] /nfs_home/bphilofsky/Raptor/Test_Designs/Github/Vitdec/Src/acs.v:134:1: Compile generate block "work@viterbi_decoder_r2.uut_acs.g15[62]".

[INF:CP0335] /nfs_home/bphilofsky/Raptor/Test_Designs/Github/Vitdec/Src/acs.v:134:1: Compile generate block "work@viterbi_decoder_r2.uut_acs.g15[63]".

[INF:CP0335] /nfs_home/bphilofsky/Raptor/Test_Designs/Github/Vitdec/Src/acs.v:149:1: Compile generate block "work@viterbi_decoder_r2.uut_acs.g16[0]".

[INF:CP0335] /nfs_home/bphilofsky/Raptor/Test_Designs/Github/Vitdec/Src/acs.v:149:1: Compile generate block "work@viterbi_decoder_r2.uut_acs.g16[1]".

[INF:CP0335] /nfs_home/bphilofsky/Raptor/Test_Designs/Github/Vitdec/Src/acs.v:149:1: Compile generate block "work@viterbi_decoder_r2.uut_acs.g16[2]".

[INF:CP0335] /nfs_home/bphilofsky/Raptor/Test_Designs/Github/Vitdec/Src/acs.v:149:1: Compile generate block "work@viterbi_decoder_r2.uut_acs.g16[3]".

[INF:CP0335] /nfs_home/bphilofsky/Raptor/Test_Designs/Github/Vitdec/Src/acs.v:149:1: Compile generate block "work@viterbi_decoder_r2.uut_acs.g16[4]".

[INF:CP0335] /nfs_home/bphilofsky/Raptor/Test_Designs/Github/Vitdec/Src/acs.v:149:1: Compile generate block "work@viterbi_decoder_r2.uut_acs.g16[5]".

[INF:CP0335] /nfs_home/bphilofsky/Raptor/Test_Designs/Github/Vitdec/Src/acs.v:149:1: Compile generate block "work@viterbi_decoder_r2.uut_acs.g16[6]".

[INF:CP0335] /nfs_home/bphilofsky/Raptor/Test_Designs/Github/Vitdec/Src/acs.v:149:1: Compile generate block "work@viterbi_decoder_r2.uut_acs.g16[7]".

[INF:CP0335] /nfs_home/bphilofsky/Raptor/Test_Designs/Github/Vitdec/Src/acs.v:149:1: Compile generate block "work@viterbi_decoder_r2.uut_acs.g16[8]".

[INF:CP0335] /nfs_home/bphilofsky/Raptor/Test_Designs/Github/Vitdec/Src/acs.v:149:1: Compile generate block "work@viterbi_decoder_r2.uut_acs.g16[9]".

[INF:CP0335] /nfs_home/bphilofsky/Raptor/Test_Designs/Github/Vitdec/Src/acs.v:149:1: Compile generate block "work@viterbi_decoder_r2.uut_acs.g16[10]".

[INF:CP0335] /nfs_home/bphilofsky/Raptor/Test_Designs/Github/Vitdec/Src/acs.v:149:1: Compile generate block "work@viterbi_decoder_r2.uut_acs.g16[11]".

[INF:CP0335] /nfs_home/bphilofsky/Raptor/Test_Designs/Github/Vitdec/Src/acs.v:149:1: Compile generate block "work@viterbi_decoder_r2.uut_acs.g16[12]".

[INF:CP0335] /nfs_home/bphilofsky/Raptor/Test_Designs/Github/Vitdec/Src/acs.v:149:1: Compile generate block "work@viterbi_decoder_r2.uut_acs.g16[13]".

[INF:CP0335] /nfs_home/bphilofsky/Raptor/Test_Designs/Github/Vitdec/Src/acs.v:149:1: Compile generate block "work@viterbi_decoder_r2.uut_acs.g16[14]".

[INF:CP0335] /nfs_home/bphilofsky/Raptor/Test_Designs/Github/Vitdec/Src/acs.v:149:1: Compile generate block "work@viterbi_decoder_r2.uut_acs.g16[15]".

[INF:CP0335] /nfs_home/bphilofsky/Raptor/Test_Designs/Github/Vitdec/Src/acs.v:149:1: Compile generate block "work@viterbi_decoder_r2.uut_acs.g16[16]".

[INF:CP0335] /nfs_home/bphilofsky/Raptor/Test_Designs/Github/Vitdec/Src/acs.v:149:1: Compile generate block "work@viterbi_decoder_r2.uut_acs.g16[17]".

[INF:CP0335] /nfs_home/bphilofsky/Raptor/Test_Designs/Github/Vitdec/Src/acs.v:149:1: Compile generate block "work@viterbi_decoder_r2.uut_acs.g16[18]".

[INF:CP0335] /nfs_home/bphilofsky/Raptor/Test_Designs/Github/Vitdec/Src/acs.v:149:1: Compile generate block "work@viterbi_decoder_r2.uut_acs.g16[19]".

[INF:CP0335] /nfs_home/bphilofsky/Raptor/Test_Designs/Github/Vitdec/Src/acs.v:149:1: Compile generate block "work@viterbi_decoder_r2.uut_acs.g16[20]".

[INF:CP0335] /nfs_home/bphilofsky/Raptor/Test_Designs/Github/Vitdec/Src/acs.v:149:1: Compile generate block "work@viterbi_decoder_r2.uut_acs.g16[21]".

[INF:CP0335] /nfs_home/bphilofsky/Raptor/Test_Designs/Github/Vitdec/Src/acs.v:149:1: Compile generate block "work@viterbi_decoder_r2.uut_acs.g16[22]".

[INF:CP0335] /nfs_home/bphilofsky/Raptor/Test_Designs/Github/Vitdec/Src/acs.v:149:1: Compile generate block "work@viterbi_decoder_r2.uut_acs.g16[23]".

[INF:CP0335] /nfs_home/bphilofsky/Raptor/Test_Designs/Github/Vitdec/Src/acs.v:149:1: Compile generate block "work@viterbi_decoder_r2.uut_acs.g16[24]".

[INF:CP0335] /nfs_home/bphilofsky/Raptor/Test_Designs/Github/Vitdec/Src/acs.v:149:1: Compile generate block "work@viterbi_decoder_r2.uut_acs.g16[25]".

[INF:CP0335] /nfs_home/bphilofsky/Raptor/Test_Designs/Github/Vitdec/Src/acs.v:149:1: Compile generate block "work@viterbi_decoder_r2.uut_acs.g16[26]".

[INF:CP0335] /nfs_home/bphilofsky/Raptor/Test_Designs/Github/Vitdec/Src/acs.v:149:1: Compile generate block "work@viterbi_decoder_r2.uut_acs.g16[27]".

[INF:CP0335] /nfs_home/bphilofsky/Raptor/Test_Designs/Github/Vitdec/Src/acs.v:149:1: Compile generate block "work@viterbi_decoder_r2.uut_acs.g16[28]".

[INF:CP0335] /nfs_home/bphilofsky/Raptor/Test_Designs/Github/Vitdec/Src/acs.v:149:1: Compile generate block "work@viterbi_decoder_r2.uut_acs.g16[29]".

[INF:CP0335] /nfs_home/bphilofsky/Raptor/Test_Designs/Github/Vitdec/Src/acs.v:149:1: Compile generate block "work@viterbi_decoder_r2.uut_acs.g16[30]".

[INF:CP0335] /nfs_home/bphilofsky/Raptor/Test_Designs/Github/Vitdec/Src/acs.v:149:1: Compile generate block "work@viterbi_decoder_r2.uut_acs.g16[31]".

[INF:CP0335] /nfs_home/bphilofsky/Raptor/Test_Designs/Github/Vitdec/Src/acs.v:149:1: Compile generate block "work@viterbi_decoder_r2.uut_acs.g16[32]".

[INF:CP0335] /nfs_home/bphilofsky/Raptor/Test_Designs/Github/Vitdec/Src/acs.v:149:1: Compile generate block "work@viterbi_decoder_r2.uut_acs.g16[33]".

[INF:CP0335] /nfs_home/bphilofsky/Raptor/Test_Designs/Github/Vitdec/Src/acs.v:149:1: Compile generate block "work@viterbi_decoder_r2.uut_acs.g16[34]".

[INF:CP0335] /nfs_home/bphilofsky/Raptor/Test_Designs/Github/Vitdec/Src/acs.v:149:1: Compile generate block "work@viterbi_decoder_r2.uut_acs.g16[35]".

[INF:CP0335] /nfs_home/bphilofsky/Raptor/Test_Designs/Github/Vitdec/Src/acs.v:149:1: Compile generate block "work@viterbi_decoder_r2.uut_acs.g16[36]".

[INF:CP0335] /nfs_home/bphilofsky/Raptor/Test_Designs/Github/Vitdec/Src/acs.v:149:1: Compile generate block "work@viterbi_decoder_r2.uut_acs.g16[37]".

[INF:CP0335] /nfs_home/bphilofsky/Raptor/Test_Designs/Github/Vitdec/Src/acs.v:149:1: Compile generate block "work@viterbi_decoder_r2.uut_acs.g16[38]".

[INF:CP0335] /nfs_home/bphilofsky/Raptor/Test_Designs/Github/Vitdec/Src/acs.v:149:1: Compile generate block "work@viterbi_decoder_r2.uut_acs.g16[39]".

[INF:CP0335] /nfs_home/bphilofsky/Raptor/Test_Designs/Github/Vitdec/Src/acs.v:149:1: Compile generate block "work@viterbi_decoder_r2.uut_acs.g16[40]".

[INF:CP0335] /nfs_home/bphilofsky/Raptor/Test_Designs/Github/Vitdec/Src/acs.v:149:1: Compile generate block "work@viterbi_decoder_r2.uut_acs.g16[41]".

[INF:CP0335] /nfs_home/bphilofsky/Raptor/Test_Designs/Github/Vitdec/Src/acs.v:149:1: Compile generate block "work@viterbi_decoder_r2.uut_acs.g16[42]".

[INF:CP0335] /nfs_home/bphilofsky/Raptor/Test_Designs/Github/Vitdec/Src/acs.v:149:1: Compile generate block "work@viterbi_decoder_r2.uut_acs.g16[43]".

[INF:CP0335] /nfs_home/bphilofsky/Raptor/Test_Designs/Github/Vitdec/Src/acs.v:149:1: Compile generate block "work@viterbi_decoder_r2.uut_acs.g16[44]".

[INF:CP0335] /nfs_home/bphilofsky/Raptor/Test_Designs/Github/Vitdec/Src/acs.v:149:1: Compile generate block "work@viterbi_decoder_r2.uut_acs.g16[45]".

[INF:CP0335] /nfs_home/bphilofsky/Raptor/Test_Designs/Github/Vitdec/Src/acs.v:149:1: Compile generate block "work@viterbi_decoder_r2.uut_acs.g16[46]".

[INF:CP0335] /nfs_home/bphilofsky/Raptor/Test_Designs/Github/Vitdec/Src/acs.v:149:1: Compile generate block "work@viterbi_decoder_r2.uut_acs.g16[47]".

[INF:CP0335] /nfs_home/bphilofsky/Raptor/Test_Designs/Github/Vitdec/Src/acs.v:149:1: Compile generate block "work@viterbi_decoder_r2.uut_acs.g16[48]".

[INF:CP0335] /nfs_home/bphilofsky/Raptor/Test_Designs/Github/Vitdec/Src/acs.v:149:1: Compile generate block "work@viterbi_decoder_r2.uut_acs.g16[49]".

[INF:CP0335] /nfs_home/bphilofsky/Raptor/Test_Designs/Github/Vitdec/Src/acs.v:149:1: Compile generate block "work@viterbi_decoder_r2.uut_acs.g16[50]".

[INF:CP0335] /nfs_home/bphilofsky/Raptor/Test_Designs/Github/Vitdec/Src/acs.v:149:1: Compile generate block "work@viterbi_decoder_r2.uut_acs.g16[51]".

[INF:CP0335] /nfs_home/bphilofsky/Raptor/Test_Designs/Github/Vitdec/Src/acs.v:149:1: Compile generate block "work@viterbi_decoder_r2.uut_acs.g16[52]".

[INF:CP0335] /nfs_home/bphilofsky/Raptor/Test_Designs/Github/Vitdec/Src/acs.v:149:1: Compile generate block "work@viterbi_decoder_r2.uut_acs.g16[53]".

[INF:CP0335] /nfs_home/bphilofsky/Raptor/Test_Designs/Github/Vitdec/Src/acs.v:149:1: Compile generate block "work@viterbi_decoder_r2.uut_acs.g16[54]".

[INF:CP0335] /nfs_home/bphilofsky/Raptor/Test_Designs/Github/Vitdec/Src/acs.v:149:1: Compile generate block "work@viterbi_decoder_r2.uut_acs.g16[55]".

[INF:CP0335] /nfs_home/bphilofsky/Raptor/Test_Designs/Github/Vitdec/Src/acs.v:149:1: Compile generate block "work@viterbi_decoder_r2.uut_acs.g16[56]".

[INF:CP0335] /nfs_home/bphilofsky/Raptor/Test_Designs/Github/Vitdec/Src/acs.v:149:1: Compile generate block "work@viterbi_decoder_r2.uut_acs.g16[57]".

[INF:CP0335] /nfs_home/bphilofsky/Raptor/Test_Designs/Github/Vitdec/Src/acs.v:149:1: Compile generate block "work@viterbi_decoder_r2.uut_acs.g16[58]".

[INF:CP0335] /nfs_home/bphilofsky/Raptor/Test_Designs/Github/Vitdec/Src/acs.v:149:1: Compile generate block "work@viterbi_decoder_r2.uut_acs.g16[59]".

[INF:CP0335] /nfs_home/bphilofsky/Raptor/Test_Designs/Github/Vitdec/Src/acs.v:149:1: Compile generate block "work@viterbi_decoder_r2.uut_acs.g16[60]".

[INF:CP0335] /nfs_home/bphilofsky/Raptor/Test_Designs/Github/Vitdec/Src/acs.v:149:1: Compile generate block "work@viterbi_decoder_r2.uut_acs.g16[61]".

[INF:CP0335] /nfs_home/bphilofsky/Raptor/Test_Designs/Github/Vitdec/Src/acs.v:149:1: Compile generate block "work@viterbi_decoder_r2.uut_acs.g16[62]".

[INF:CP0335] /nfs_home/bphilofsky/Raptor/Test_Designs/Github/Vitdec/Src/acs.v:149:1: Compile generate block "work@viterbi_decoder_r2.uut_acs.g16[63]".

[INF:CP0335] /nfs_home/bphilofsky/Raptor/Test_Designs/Github/Vitdec/Src/acs.v:171:1: Compile generate block "work@viterbi_decoder_r2.uut_acs.assgn_out[0]".

[INF:CP0335] /nfs_home/bphilofsky/Raptor/Test_Designs/Github/Vitdec/Src/acs.v:171:1: Compile generate block "work@viterbi_decoder_r2.uut_acs.assgn_out[1]".

[INF:CP0335] /nfs_home/bphilofsky/Raptor/Test_Designs/Github/Vitdec/Src/acs.v:171:1: Compile generate block "work@viterbi_decoder_r2.uut_acs.assgn_out[2]".

[INF:CP0335] /nfs_home/bphilofsky/Raptor/Test_Designs/Github/Vitdec/Src/acs.v:171:1: Compile generate block "work@viterbi_decoder_r2.uut_acs.assgn_out[3]".

[INF:CP0335] /nfs_home/bphilofsky/Raptor/Test_Designs/Github/Vitdec/Src/acs.v:171:1: Compile generate block "work@viterbi_decoder_r2.uut_acs.assgn_out[4]".

[INF:CP0335] /nfs_home/bphilofsky/Raptor/Test_Designs/Github/Vitdec/Src/acs.v:171:1: Compile generate block "work@viterbi_decoder_r2.uut_acs.assgn_out[5]".

[INF:CP0335] /nfs_home/bphilofsky/Raptor/Test_Designs/Github/Vitdec/Src/acs.v:171:1: Compile generate block "work@viterbi_decoder_r2.uut_acs.assgn_out[6]".

[INF:CP0335] /nfs_home/bphilofsky/Raptor/Test_Designs/Github/Vitdec/Src/acs.v:171:1: Compile generate block "work@viterbi_decoder_r2.uut_acs.assgn_out[7]".

[INF:CP0335] /nfs_home/bphilofsky/Raptor/Test_Designs/Github/Vitdec/Src/acs.v:171:1: Compile generate block "work@viterbi_decoder_r2.uut_acs.assgn_out[8]".

[INF:CP0335] /nfs_home/bphilofsky/Raptor/Test_Designs/Github/Vitdec/Src/acs.v:171:1: Compile generate block "work@viterbi_decoder_r2.uut_acs.assgn_out[9]".

[INF:CP0335] /nfs_home/bphilofsky/Raptor/Test_Designs/Github/Vitdec/Src/acs.v:171:1: Compile generate block "work@viterbi_decoder_r2.uut_acs.assgn_out[10]".

[INF:CP0335] /nfs_home/bphilofsky/Raptor/Test_Designs/Github/Vitdec/Src/acs.v:171:1: Compile generate block "work@viterbi_decoder_r2.uut_acs.assgn_out[11]".

[INF:CP0335] /nfs_home/bphilofsky/Raptor/Test_Designs/Github/Vitdec/Src/acs.v:171:1: Compile generate block "work@viterbi_decoder_r2.uut_acs.assgn_out[12]".

[INF:CP0335] /nfs_home/bphilofsky/Raptor/Test_Designs/Github/Vitdec/Src/acs.v:171:1: Compile generate block "work@viterbi_decoder_r2.uut_acs.assgn_out[13]".

[INF:CP0335] /nfs_home/bphilofsky/Raptor/Test_Designs/Github/Vitdec/Src/acs.v:171:1: Compile generate block "work@viterbi_decoder_r2.uut_acs.assgn_out[14]".

[INF:CP0335] /nfs_home/bphilofsky/Raptor/Test_Designs/Github/Vitdec/Src/acs.v:171:1: Compile generate block "work@viterbi_decoder_r2.uut_acs.assgn_out[15]".

[INF:CP0335] /nfs_home/bphilofsky/Raptor/Test_Designs/Github/Vitdec/Src/acs.v:171:1: Compile generate block "work@viterbi_decoder_r2.uut_acs.assgn_out[16]".

[INF:CP0335] /nfs_home/bphilofsky/Raptor/Test_Designs/Github/Vitdec/Src/acs.v:171:1: Compile generate block "work@viterbi_decoder_r2.uut_acs.assgn_out[17]".

[INF:CP0335] /nfs_home/bphilofsky/Raptor/Test_Designs/Github/Vitdec/Src/acs.v:171:1: Compile generate block "work@viterbi_decoder_r2.uut_acs.assgn_out[18]".

[INF:CP0335] /nfs_home/bphilofsky/Raptor/Test_Designs/Github/Vitdec/Src/acs.v:171:1: Compile generate block "work@viterbi_decoder_r2.uut_acs.assgn_out[19]".

[INF:CP0335] /nfs_home/bphilofsky/Raptor/Test_Designs/Github/Vitdec/Src/acs.v:171:1: Compile generate block "work@viterbi_decoder_r2.uut_acs.assgn_out[20]".

[INF:CP0335] /nfs_home/bphilofsky/Raptor/Test_Designs/Github/Vitdec/Src/acs.v:171:1: Compile generate block "work@viterbi_decoder_r2.uut_acs.assgn_out[21]".

[INF:CP0335] /nfs_home/bphilofsky/Raptor/Test_Designs/Github/Vitdec/Src/acs.v:171:1: Compile generate block "work@viterbi_decoder_r2.uut_acs.assgn_out[22]".

[INF:CP0335] /nfs_home/bphilofsky/Raptor/Test_Designs/Github/Vitdec/Src/acs.v:171:1: Compile generate block "work@viterbi_decoder_r2.uut_acs.assgn_out[23]".

[INF:CP0335] /nfs_home/bphilofsky/Raptor/Test_Designs/Github/Vitdec/Src/acs.v:171:1: Compile generate block "work@viterbi_decoder_r2.uut_acs.assgn_out[24]".

[INF:CP0335] /nfs_home/bphilofsky/Raptor/Test_Designs/Github/Vitdec/Src/acs.v:171:1: Compile generate block "work@viterbi_decoder_r2.uut_acs.assgn_out[25]".

[INF:CP0335] /nfs_home/bphilofsky/Raptor/Test_Designs/Github/Vitdec/Src/acs.v:171:1: Compile generate block "work@viterbi_decoder_r2.uut_acs.assgn_out[26]".

[INF:CP0335] /nfs_home/bphilofsky/Raptor/Test_Designs/Github/Vitdec/Src/acs.v:171:1: Compile generate block "work@viterbi_decoder_r2.uut_acs.assgn_out[27]".

[INF:CP0335] /nfs_home/bphilofsky/Raptor/Test_Designs/Github/Vitdec/Src/acs.v:171:1: Compile generate block "work@viterbi_decoder_r2.uut_acs.assgn_out[28]".

[INF:CP0335] /nfs_home/bphilofsky/Raptor/Test_Designs/Github/Vitdec/Src/acs.v:171:1: Compile generate block "work@viterbi_decoder_r2.uut_acs.assgn_out[29]".

[INF:CP0335] /nfs_home/bphilofsky/Raptor/Test_Designs/Github/Vitdec/Src/acs.v:171:1: Compile generate block "work@viterbi_decoder_r2.uut_acs.assgn_out[30]".

[INF:CP0335] /nfs_home/bphilofsky/Raptor/Test_Designs/Github/Vitdec/Src/acs.v:171:1: Compile generate block "work@viterbi_decoder_r2.uut_acs.assgn_out[31]".

[INF:CP0335] /nfs_home/bphilofsky/Raptor/Test_Designs/Github/Vitdec/Src/acs.v:171:1: Compile generate block "work@viterbi_decoder_r2.uut_acs.assgn_out[32]".

[INF:CP0335] /nfs_home/bphilofsky/Raptor/Test_Designs/Github/Vitdec/Src/acs.v:171:1: Compile generate block "work@viterbi_decoder_r2.uut_acs.assgn_out[33]".

[INF:CP0335] /nfs_home/bphilofsky/Raptor/Test_Designs/Github/Vitdec/Src/acs.v:171:1: Compile generate block "work@viterbi_decoder_r2.uut_acs.assgn_out[34]".

[INF:CP0335] /nfs_home/bphilofsky/Raptor/Test_Designs/Github/Vitdec/Src/acs.v:171:1: Compile generate block "work@viterbi_decoder_r2.uut_acs.assgn_out[35]".

[INF:CP0335] /nfs_home/bphilofsky/Raptor/Test_Designs/Github/Vitdec/Src/acs.v:171:1: Compile generate block "work@viterbi_decoder_r2.uut_acs.assgn_out[36]".

[INF:CP0335] /nfs_home/bphilofsky/Raptor/Test_Designs/Github/Vitdec/Src/acs.v:171:1: Compile generate block "work@viterbi_decoder_r2.uut_acs.assgn_out[37]".

[INF:CP0335] /nfs_home/bphilofsky/Raptor/Test_Designs/Github/Vitdec/Src/acs.v:171:1: Compile generate block "work@viterbi_decoder_r2.uut_acs.assgn_out[38]".

[INF:CP0335] /nfs_home/bphilofsky/Raptor/Test_Designs/Github/Vitdec/Src/acs.v:171:1: Compile generate block "work@viterbi_decoder_r2.uut_acs.assgn_out[39]".

[INF:CP0335] /nfs_home/bphilofsky/Raptor/Test_Designs/Github/Vitdec/Src/acs.v:171:1: Compile generate block "work@viterbi_decoder_r2.uut_acs.assgn_out[40]".

[INF:CP0335] /nfs_home/bphilofsky/Raptor/Test_Designs/Github/Vitdec/Src/acs.v:171:1: Compile generate block "work@viterbi_decoder_r2.uut_acs.assgn_out[41]".

[INF:CP0335] /nfs_home/bphilofsky/Raptor/Test_Designs/Github/Vitdec/Src/acs.v:171:1: Compile generate block "work@viterbi_decoder_r2.uut_acs.assgn_out[42]".

[INF:CP0335] /nfs_home/bphilofsky/Raptor/Test_Designs/Github/Vitdec/Src/acs.v:171:1: Compile generate block "work@viterbi_decoder_r2.uut_acs.assgn_out[43]".

[INF:CP0335] /nfs_home/bphilofsky/Raptor/Test_Designs/Github/Vitdec/Src/acs.v:171:1: Compile generate block "work@viterbi_decoder_r2.uut_acs.assgn_out[44]".

[INF:CP0335] /nfs_home/bphilofsky/Raptor/Test_Designs/Github/Vitdec/Src/acs.v:171:1: Compile generate block "work@viterbi_decoder_r2.uut_acs.assgn_out[45]".

[INF:CP0335] /nfs_home/bphilofsky/Raptor/Test_Designs/Github/Vitdec/Src/acs.v:171:1: Compile generate block "work@viterbi_decoder_r2.uut_acs.assgn_out[46]".

[INF:CP0335] /nfs_home/bphilofsky/Raptor/Test_Designs/Github/Vitdec/Src/acs.v:171:1: Compile generate block "work@viterbi_decoder_r2.uut_acs.assgn_out[47]".

[INF:CP0335] /nfs_home/bphilofsky/Raptor/Test_Designs/Github/Vitdec/Src/acs.v:171:1: Compile generate block "work@viterbi_decoder_r2.uut_acs.assgn_out[48]".

[INF:CP0335] /nfs_home/bphilofsky/Raptor/Test_Designs/Github/Vitdec/Src/acs.v:171:1: Compile generate block "work@viterbi_decoder_r2.uut_acs.assgn_out[49]".

[INF:CP0335] /nfs_home/bphilofsky/Raptor/Test_Designs/Github/Vitdec/Src/acs.v:171:1: Compile generate block "work@viterbi_decoder_r2.uut_acs.assgn_out[50]".

[INF:CP0335] /nfs_home/bphilofsky/Raptor/Test_Designs/Github/Vitdec/Src/acs.v:171:1: Compile generate block "work@viterbi_decoder_r2.uut_acs.assgn_out[51]".

[INF:CP0335] /nfs_home/bphilofsky/Raptor/Test_Designs/Github/Vitdec/Src/acs.v:171:1: Compile generate block "work@viterbi_decoder_r2.uut_acs.assgn_out[52]".

[INF:CP0335] /nfs_home/bphilofsky/Raptor/Test_Designs/Github/Vitdec/Src/acs.v:171:1: Compile generate block "work@viterbi_decoder_r2.uut_acs.assgn_out[53]".

[INF:CP0335] /nfs_home/bphilofsky/Raptor/Test_Designs/Github/Vitdec/Src/acs.v:171:1: Compile generate block "work@viterbi_decoder_r2.uut_acs.assgn_out[54]".

[INF:CP0335] /nfs_home/bphilofsky/Raptor/Test_Designs/Github/Vitdec/Src/acs.v:171:1: Compile generate block "work@viterbi_decoder_r2.uut_acs.assgn_out[55]".

[INF:CP0335] /nfs_home/bphilofsky/Raptor/Test_Designs/Github/Vitdec/Src/acs.v:171:1: Compile generate block "work@viterbi_decoder_r2.uut_acs.assgn_out[56]".

[INF:CP0335] /nfs_home/bphilofsky/Raptor/Test_Designs/Github/Vitdec/Src/acs.v:171:1: Compile generate block "work@viterbi_decoder_r2.uut_acs.assgn_out[57]".

[INF:CP0335] /nfs_home/bphilofsky/Raptor/Test_Designs/Github/Vitdec/Src/acs.v:171:1: Compile generate block "work@viterbi_decoder_r2.uut_acs.assgn_out[58]".

[INF:CP0335] /nfs_home/bphilofsky/Raptor/Test_Designs/Github/Vitdec/Src/acs.v:171:1: Compile generate block "work@viterbi_decoder_r2.uut_acs.assgn_out[59]".

[INF:CP0335] /nfs_home/bphilofsky/Raptor/Test_Designs/Github/Vitdec/Src/acs.v:171:1: Compile generate block "work@viterbi_decoder_r2.uut_acs.assgn_out[60]".

[INF:CP0335] /nfs_home/bphilofsky/Raptor/Test_Designs/Github/Vitdec/Src/acs.v:171:1: Compile generate block "work@viterbi_decoder_r2.uut_acs.assgn_out[61]".

[INF:CP0335] /nfs_home/bphilofsky/Raptor/Test_Designs/Github/Vitdec/Src/acs.v:171:1: Compile generate block "work@viterbi_decoder_r2.uut_acs.assgn_out[62]".

[INF:CP0335] /nfs_home/bphilofsky/Raptor/Test_Designs/Github/Vitdec/Src/acs.v:171:1: Compile generate block "work@viterbi_decoder_r2.uut_acs.assgn_out[63]".

[INF:CP0335] /nfs_home/bphilofsky/Raptor/Test_Designs/Github/Vitdec/Src/tb_ram.v:132:3: Compile generate block "work@viterbi_decoder_r2.uut_tb.genblk5".

[INF:CP0335] /nfs_home/bphilofsky/Raptor/Test_Designs/Github/Vitdec/Src/tb_ram.v:167:1: Compile generate block "work@viterbi_decoder_r2.uut_tb.sel[0]".

[INF:CP0335] /nfs_home/bphilofsky/Raptor/Test_Designs/Github/Vitdec/Src/tb_ram.v:175:1: Compile generate block "work@viterbi_decoder_r2.uut_tb.ram[0]".

[INF:CP0335] /nfs_home/bphilofsky/Raptor/Test_Designs/Github/Vitdec/Src/tb_ram.v:177:2: Compile generate block "work@viterbi_decoder_r2.uut_tb.ram[0].r[0]".

[INF:CP0335] /nfs_home/bphilofsky/Raptor/Test_Designs/Github/Vitdec/Src/tb_ram.v:175:1: Compile generate block "work@viterbi_decoder_r2.uut_tb.ram[1]".

[INF:CP0335] /nfs_home/bphilofsky/Raptor/Test_Designs/Github/Vitdec/Src/tb_ram.v:177:2: Compile generate block "work@viterbi_decoder_r2.uut_tb.ram[1].r[0]".

[INF:CP0335] /nfs_home/bphilofsky/Raptor/Test_Designs/Github/Vitdec/Src/tb_ram.v:175:1: Compile generate block "work@viterbi_decoder_r2.uut_tb.ram[2]".

[INF:CP0335] /nfs_home/bphilofsky/Raptor/Test_Designs/Github/Vitdec/Src/tb_ram.v:177:2: Compile generate block "work@viterbi_decoder_r2.uut_tb.ram[2].r[0]".

[INF:CP0335] /nfs_home/bphilofsky/Raptor/Test_Designs/Github/Vitdec/Src/tb_ram.v:175:1: Compile generate block "work@viterbi_decoder_r2.uut_tb.ram[3]".

[INF:CP0335] /nfs_home/bphilofsky/Raptor/Test_Designs/Github/Vitdec/Src/tb_ram.v:177:2: Compile generate block "work@viterbi_decoder_r2.uut_tb.ram[3].r[0]".

[INF:CP0335] /nfs_home/bphilofsky/Raptor/Test_Designs/Github/Vitdec/Src/tb_ram.v:209:1: Compile generate block "work@viterbi_decoder_r2.uut_tb.assgn_out[0]".

[NTE:EL0503] /nfs_home/bphilofsky/Raptor/Test_Designs/Github/Vitdec/Src/viterbi_decoder_r2.v:21:1: Top level module "work@viterbi_decoder_r2".

[NTE:EL0508] Nb Top level modules: 1.

[NTE:EL0509] Max instance depth: 5.

[NTE:EL0510] Nb instances: 7.

[NTE:EL0511] Nb leaf instances: 0.

[INF:UH0706] Creating UHDM Model...

[INF:UH0707] Elaborating UHDM...

[WRN:UH0720] /nfs_home/bphilofsky/Raptor/Test_Designs/Github/Vitdec/Src/acs.v:115:5: Non-synthesizable construct "$fdisplay".

[WRN:UH0720] /nfs_home/bphilofsky/Raptor/Test_Designs/Github/Vitdec/Src/acs.v:166:3: Non-synthesizable construct "$fwrite".

[WRN:UH0720] /nfs_home/bphilofsky/Raptor/Test_Designs/Github/Vitdec/Src/acs.v:167:2: Non-synthesizable construct "$fwrite".

[  FATAL] : 0
[ SYNTAX] : 0
[  ERROR] : 0
[WARNING] : 3
[   NOTE] : 7
Warning: /nfs_home/bphilofsky/Raptor/Test_Designs/Github/Vitdec/Src/acs.v:115: Skipping non-synthesizable object of type 'sys_func_call'
ERROR: ANL: Design Vitdec_raptor_project_default_1GE100-ES1 analysis failed
ERROR: ANL: Design Vitdec_raptor_project_default_1GE100-ES1 analysis failed

Error occurred executing analyze : Design Vitdec_raptor_project_default_1GE100-ES1 analysis failedDesign Vitdec_raptor_project_default_1GE100-ES1 analysis failed
Parsing raptor.log
Parsing analysis.rpt
Could not locate synthesis.rpt
Could not locate packing.rpt
Could not locate placement.rpt
Could not locate routing.rpt
Could not locate timing_analysis.rpt
Parsing raptor_perf.log

=====================
Raptor Summary Report
=====================

Raptor encountered error in raptor.log and completed on 23-10-19 19:05
  ERROR: ANL: Design Vitdec_raptor_project_default_1GE100-ES1 analysis failed
  Design    : Vitdec
  Project   : Vitdec_raptor_project_default_1GE100-ES1
  Top-level : viterbi_decoder_r2
  Device    : 1GE100-ES1
  Run Type: _raptor_project_default_1GE100-ES1
  Runtime not available

===============
Resources
===============
I/O  :	  0 out of 360 			  0%
  Inputs    :	  0 			  0%
  Outputs   :	  0 			  0%

CLB  :
  LUTs
  CARRY     :	    0

  Registers :	    0 out of 69696	  0%
    FF        :	       0 		  0%
    LATCH     :	       0 		  0%

BRAM :	  0 out of 154			  0%

DSP  :	  0 out of 154			  0%

Comparison to prior Raptor run
---------------------------------
Resource : Old --> New ---- Change %
---------------------------------
	Unchanged:
		bram : 0 --> 0 ---- 0%
		dsp : 0 --> 0 ---- 0%
		carry1 : 0 --> 0 ---- 0%
	Fewer:
		clb : 183 --> 0 ---- 183%
		lut : 2030 --> 0 ---- 2030%
		ff : 11 --> 0 ---- 11%

===============
Clocks
===============
Clocks : 0

===============
Timing
===============
WNS Setup : N/A ns
TNS Setup : N/A ns
WNS Hold  : N/A ns
TNS Hold  : N/A ns

Comparison to prior Raptor run
---------------------------------
Clock : Old --> New ---- Change %
---------------------------------

===============
Nets
===============
Nets           : N/A
Average Fanout : N/A
Maximum Fanout : N/A

===============
Hierarchy
===============
Design used 4 Verilog files

N/A

===============
Version and memory stats
===============
Raptor version 2023.10 N/A N/A
Raptor peak memory was 0.1 GB
Project used 1 MB of disk space

===============
Individual step stats
===============
analysis does not have runtime information
  Consumed 105 MB memory
  Using Default Options
  Completed with 1 Warnings and 0 Errors
synthesis did not run

packing did not run

placement did not run

routing did not run

timing_analysis did not run


===============
Machine Stats
===============
Machine              : ussw01.rapidsiliconus.local
OS                   : CentOS Linux release 7.9.2009 (Core)
Processor            : AMD EPYC 7452 32-Core Processor
Number of Processors : 16
Physical Memory      : 263 GB

Creating a zip file for the Jira
