/*******************************************************************************
Copyright (c) 2022-2024 Rapid Silicon
This source code contains proprietary information belonging to Rapid Silicon
(the "licensor") released under license and non-disclosure agreement to the
recipient (the "licensee").

The information shared and protected by the license and non-disclosure agreement
includes but is not limited to the following:
* operational algorithms of the product
* logos, graphics, source code, and visual presentation of the product
* confidential operational information of the licensor

The recipient of this source code is NOT permitted to publicly disclose,
re-use, archive beyond the period of the license agreement, transfer to a
sub-licensee, or re-implement any portion of the content covered by the license
and non-disclosure agreement without the prior written consent of the licensor.
*********************************************************************************/

Version  : 2024.10
Build    : 1.2.21
Hash     : e56ff9d
Date     : Oct 20 2024
Type     : Engineering
Log Time   : Thu Oct 24 10:27:55 2024 GMT

INFO: Created design: alu_control_unit. Project type: rtl
ERROR: Invalid device config file: /nfs_eda_sw/softwares/Raptor/instl_dir/10_20_2024_09_15_02/share/raptor/etc/devices/gemini_compact_62x44/gemini_vpr.xmle

ERROR: Invalid target device: 1VG28
Invalid device config file: /nfs_eda_sw/softwares/Raptor/instl_dir/10_20_2024_09_15_02/share/raptor/etc/devices/gemini_compact_62x44/gemini_vpr.xmle
Invalid target device: 1VG28
    while executing
"target_device 1VG28"
    (file "raptor.tcl" line 2)
