/*******************************************************************************
Copyright (c) 2022-2024 Rapid Silicon
This source code contains proprietary information belonging to Rapid Silicon
(the "licensor") released under license and non-disclosure agreement to the
recipient (the "licensee").

The information shared and protected by the license and non-disclosure agreement
includes but is not limited to the following:
* operational algorithms of the product
* logos, graphics, source code, and visual presentation of the product
* confidential operational information of the licensor

The recipient of this source code is NOT permitted to publicly disclose,
re-use, archive beyond the period of the license agreement, transfer to a
sub-licensee, or re-implement any portion of the content covered by the license
and non-disclosure agreement without the prior written consent of the licensor.
*********************************************************************************/

Version  : 2024.05
Build    : 1.0.47
Hash     : 7fdfe90
Date     : May  4 2024
Type     : Engineering
Log Time   : Mon May  6 11:34:19 2024 GMT

[ 16:34:19 ] Analysis has started
[ 16:34:19 ] Command: /nfs_eda_sw/softwares/Raptor/instl_dir/05_04_2024_09_15_01/bin/yosys -s /nfs_scratch/scratch/CGA/repo/2024-05-05-22-22-48_T10878R122/Validation/RTL_testcases/RTL_Benchmarks_Gap_Analysis/wbif_68k/results_dir/wbif_68k/run_1/synth_1_1/analysis/wbif_68k_analyzer.cmd
[ 16:34:19 ] Duration: 70 ms. Max utilization: 27 MB
[ 16:34:19 ] Synthesize has started
[ 16:34:19 ] Command: /nfs_eda_sw/softwares/Raptor/instl_dir/05_04_2024_09_15_01/bin/yosys -s wbif_68k.ys -l wbif_68k_synth.log
[ 16:34:36 ] Duration: 16551 ms. Max utilization: 44 MB
[ 16:34:36 ] Packing has started
[ 16:34:36 ] Analysis has started
[ 16:34:36 ] Command: /nfs_eda_sw/softwares/Raptor/instl_dir/05_04_2024_09_15_01/bin/vpr /nfs_eda_sw/softwares/Raptor/instl_dir/05_04_2024_09_15_01/share/raptor/etc/devices/gemini_compact_62x44/gemini_vpr.xml /nfs_scratch/scratch/CGA/repo/2024-05-05-22-22-48_T10878R122/Validation/RTL_testcases/RTL_Benchmarks_Gap_Analysis/wbif_68k/results_dir/wbif_68k/run_1/synth_1_1/synthesis/fabric_wbif_68k_post_synth.eblif --sdc_file /nfs_scratch/scratch/CGA/repo/2024-05-05-22-22-48_T10878R122/Validation/RTL_testcases/RTL_Benchmarks_Gap_Analysis/wbif_68k/results_dir/wbif_68k/run_1/synth_1_1/impl_1_1_1/packing/fabric_wbif_68k_openfpga.sdc --route_chan_width 160 --suppress_warnings check_rr_node_warnings.log,check_rr_node --clock_modeling ideal --absorb_buffer_luts off --skip_sync_clustering_and_routing_results off --constant_net_method route --post_place_timing_report wbif_68k_post_place_timing.rpt --device castor62x44_heterogeneous --allow_unrelated_clustering on --allow_dangling_combinational_nodes on --place_delta_delay_matrix_calculation_method dijkstra --gen_post_synthesis_netlist on --post_synth_netlist_unconn_inputs gnd --inner_loop_recompute_divider 1 --max_router_iterations 1500 --timing_report_detail detailed --timing_report_npaths 100 --top dragonball_wbmaster_top --net_file /nfs_scratch/scratch/CGA/repo/2024-05-05-22-22-48_T10878R122/Validation/RTL_testcases/RTL_Benchmarks_Gap_Analysis/wbif_68k/results_dir/wbif_68k/run_1/synth_1_1/impl_1_1_1/packing/fabric_wbif_68k_post_synth.net --place_file /nfs_scratch/scratch/CGA/repo/2024-05-05-22-22-48_T10878R122/Validation/RTL_testcases/RTL_Benchmarks_Gap_Analysis/wbif_68k/results_dir/wbif_68k/run_1/synth_1_1/impl_1_1_1/placement/fabric_wbif_68k_post_synth.place --route_file /nfs_scratch/scratch/CGA/repo/2024-05-05-22-22-48_T10878R122/Validation/RTL_testcases/RTL_Benchmarks_Gap_Analysis/wbif_68k/results_dir/wbif_68k/run_1/synth_1_1/impl_1_1_1/routing/fabric_wbif_68k_post_synth.route --pack
[ 16:34:36 ] Duration: 150 ms. Max utilization: 65 MB
