/*******************************************************************************
Copyright (c) 2022-2024 Rapid Silicon
This source code contains proprietary information belonging to Rapid Silicon
(the "licensor") released under license and non-disclosure agreement to the
recipient (the "licensee").

The information shared and protected by the license and non-disclosure agreement
includes but is not limited to the following:
* operational algorithms of the product
* logos, graphics, source code, and visual presentation of the product
* confidential operational information of the licensor

The recipient of this source code is NOT permitted to publicly disclose,
re-use, archive beyond the period of the license agreement, transfer to a
sub-licensee, or re-implement any portion of the content covered by the license
and non-disclosure agreement without the prior written consent of the licensor.
*********************************************************************************/

Version  : 2024.04
Build    : 1.0.36
Hash     : 7f61936
Date     : Apr 17 2024
Type     : Engineering
Log Time   : Thu Apr 18 07:39:09 2024 GMT
#Timing report of worst 13 path(s)
# Unit scale: 1e-09 seconds
# Output precision: 3

# Logical Levels: 0
# Timing Graph Levels: 6

#Path 1
Startpoint: $iopadmap$i2[2].inpad[0] (.input at (1,7) clocked by $auto$clkbufmap.cc:298:execute$733)
Endpoint  : out:data_in[3].outpad[0] (.output at (3,1) clocked by $auto$clkbufmap.cc:298:execute$733)
Path Type : setup

Point                                                              Incr      Path
---------------------------------------------------------------------------------
clock $auto$clkbufmap.cc:298:execute$733 (rise edge)              0.000     0.000
clock source latency                                              0.000     0.000
input external delay                                              0.000     0.000
$iopadmap$i2[2].inpad[0] (.input at (1,7))                        0.000     0.000
| (intra 'io' routing)                                            0.894     0.894
| (inter-block routing)                                           0.342     1.236
| (intra 'clb' routing)                                           0.085     1.321
data_in[2].in[0] (.names at (3,5))                                0.000     1.321
| (primitive '.names' combinational delay)                        0.054     1.375
data_in[2].out[0] (.names at (3,5))                               0.000     1.375
| (intra 'clb' routing)                                           0.085     1.460
data_in[3].in[2] (.names at (3,5))                                0.000     1.460
| (primitive '.names' combinational delay)                        0.197     1.657
data_in[3].out[0] (.names at (3,5))                               0.000     1.657
| (intra 'clb' routing)                                           0.000     1.657
| (inter-block routing)                                           0.342     1.998
| (intra 'io' routing)                                            0.733     2.731
out:data_in[3].outpad[0] (.output at (3,1))                       0.000     2.731
data arrival time                                                           2.731

clock $auto$clkbufmap.cc:298:execute$733 (rise edge)              0.000     0.000
clock source latency                                              0.000     0.000
clock uncertainty                                                 0.000     0.000
output external delay                                             0.000     0.000
data required time                                                          0.000
---------------------------------------------------------------------------------
data required time                                                          0.000
data arrival time                                                          -2.731
---------------------------------------------------------------------------------
slack (VIOLATED)                                                           -2.731


#Path 2
Startpoint: $iopadmap$i2[2].inpad[0] (.input at (1,7) clocked by $auto$clkbufmap.cc:298:execute$733)
Endpoint  : out:data_in[2].outpad[0] (.output at (3,1) clocked by $auto$clkbufmap.cc:298:execute$733)
Path Type : setup

Point                                                              Incr      Path
---------------------------------------------------------------------------------
clock $auto$clkbufmap.cc:298:execute$733 (rise edge)              0.000     0.000
clock source latency                                              0.000     0.000
input external delay                                              0.000     0.000
$iopadmap$i2[2].inpad[0] (.input at (1,7))                        0.000     0.000
| (intra 'io' routing)                                            0.894     0.894
| (inter-block routing)                                           0.342     1.236
| (intra 'clb' routing)                                           0.085     1.321
data_in[2].in[0] (.names at (3,5))                                0.000     1.321
| (primitive '.names' combinational delay)                        0.054     1.375
data_in[2].out[0] (.names at (3,5))                               0.000     1.375
| (intra 'clb' routing)                                           0.000     1.375
| (inter-block routing)                                           0.342     1.716
| (intra 'io' routing)                                            0.733     2.449
out:data_in[2].outpad[0] (.output at (3,1))                       0.000     2.449
data arrival time                                                           2.449

clock $auto$clkbufmap.cc:298:execute$733 (rise edge)              0.000     0.000
clock source latency                                              0.000     0.000
clock uncertainty                                                 0.000     0.000
output external delay                                             0.000     0.000
data required time                                                          0.000
---------------------------------------------------------------------------------
data required time                                                          0.000
data arrival time                                                          -2.449
---------------------------------------------------------------------------------
slack (VIOLATED)                                                           -2.449


#Path 3
Startpoint: $iopadmap$i2[0].inpad[0] (.input at (1,6) clocked by $auto$clkbufmap.cc:298:execute$733)
Endpoint  : out:data_in[0].outpad[0] (.output at (1,5) clocked by $auto$clkbufmap.cc:298:execute$733)
Path Type : setup

Point                                                              Incr      Path
---------------------------------------------------------------------------------
clock $auto$clkbufmap.cc:298:execute$733 (rise edge)              0.000     0.000
clock source latency                                              0.000     0.000
input external delay                                              0.000     0.000
$iopadmap$i2[0].inpad[0] (.input at (1,6))                        0.000     0.000
| (intra 'io' routing)                                            0.894     0.894
| (inter-block routing)                                           0.220     1.114
| (intra 'clb' routing)                                           0.085     1.199
data_in[0].in[0] (.names at (3,5))                                0.000     1.199
| (primitive '.names' combinational delay)                        0.218     1.417
data_in[0].out[0] (.names at (3,5))                               0.000     1.417
| (intra 'clb' routing)                                           0.000     1.417
| (inter-block routing)                                           0.220     1.637
| (intra 'io' routing)                                            0.733     2.370
out:data_in[0].outpad[0] (.output at (1,5))                       0.000     2.370
data arrival time                                                           2.370

clock $auto$clkbufmap.cc:298:execute$733 (rise edge)              0.000     0.000
clock source latency                                              0.000     0.000
clock uncertainty                                                 0.000     0.000
output external delay                                             0.000     0.000
data required time                                                          0.000
---------------------------------------------------------------------------------
data required time                                                          0.000
data arrival time                                                          -2.370
---------------------------------------------------------------------------------
slack (VIOLATED)                                                           -2.370


#Path 4
Startpoint: $iopadmap$i2[0].inpad[0] (.input at (1,6) clocked by $auto$clkbufmap.cc:298:execute$733)
Endpoint  : out:data_in[1].outpad[0] (.output at (1,5) clocked by $auto$clkbufmap.cc:298:execute$733)
Path Type : setup

Point                                                              Incr      Path
---------------------------------------------------------------------------------
clock $auto$clkbufmap.cc:298:execute$733 (rise edge)              0.000     0.000
clock source latency                                              0.000     0.000
input external delay                                              0.000     0.000
$iopadmap$i2[0].inpad[0] (.input at (1,6))                        0.000     0.000
| (intra 'io' routing)                                            0.894     0.894
| (inter-block routing)                                           0.220     1.114
| (intra 'clb' routing)                                           0.085     1.199
data_in[1].in[2] (.names at (3,5))                                0.000     1.199
| (primitive '.names' combinational delay)                        0.218     1.417
data_in[1].out[0] (.names at (3,5))                               0.000     1.417
| (intra 'clb' routing)                                           0.000     1.417
| (inter-block routing)                                           0.220     1.637
| (intra 'io' routing)                                            0.733     2.370
out:data_in[1].outpad[0] (.output at (1,5))                       0.000     2.370
data arrival time                                                           2.370

clock $auto$clkbufmap.cc:298:execute$733 (rise edge)              0.000     0.000
clock source latency                                              0.000     0.000
clock uncertainty                                                 0.000     0.000
output external delay                                             0.000     0.000
data required time                                                          0.000
---------------------------------------------------------------------------------
data required time                                                          0.000
data arrival time                                                          -2.370
---------------------------------------------------------------------------------
slack (VIOLATED)                                                           -2.370


#Path 5
Startpoint: $iopadmap$data_out.Q[0] (dffre at (3,5) clocked by $auto$clkbufmap.cc:298:execute$733)
Endpoint  : out:$iopadmap$data_out.outpad[0] (.output at (10,2) clocked by $auto$clkbufmap.cc:298:execute$733)
Path Type : setup

Point                                                                                Incr      Path
---------------------------------------------------------------------------------------------------
clock $auto$clkbufmap.cc:298:execute$733 (rise edge)                                0.000     0.000
clock source latency                                                                0.000     0.000
$auto$clkbufmap.cc:298:execute$733.inpad[0] (.input at (1,2))                       0.000     0.000
| (intra 'io' routing)                                                              0.894     0.894
| (inter-block routing)                                                             0.000     0.894
| (intra 'clb' routing)                                                             0.000     0.894
$iopadmap$data_out.C[0] (dffre at (3,5))                                            0.000     0.894
| (primitive 'dffre' Tcq_max)                                                       0.154     1.048
$iopadmap$data_out.Q[0] (dffre at (3,5)) [clock-to-output]                          0.000     1.048
| (intra 'clb' routing)                                                             0.000     1.048
| (inter-block routing)                                                             0.518     1.567
| (intra 'io' routing)                                                              0.733     2.299
out:$iopadmap$data_out.outpad[0] (.output at (10,2))                                0.000     2.299
data arrival time                                                                             2.299

clock $auto$clkbufmap.cc:298:execute$733 (rise edge)                                0.000     0.000
clock source latency                                                                0.000     0.000
clock uncertainty                                                                   0.000     0.000
output external delay                                                               0.000     0.000
data required time                                                                            0.000
---------------------------------------------------------------------------------------------------
data required time                                                                            0.000
data arrival time                                                                            -2.299
---------------------------------------------------------------------------------------------------
slack (VIOLATED)                                                                             -2.299


#Path 6
Startpoint: $auto$rs_design_edit.cc:314:add_wire_btw_prims$768.inpad[0] (.input at (3,1) clocked by $auto$clkbufmap.cc:298:execute$733)
Endpoint  : out:$auto$rs_design_edit.cc:314:add_wire_btw_prims$771.outpad[0] (.output at (3,1) clocked by $auto$clkbufmap.cc:298:execute$733)
Path Type : setup

Point                                                                                                      Incr      Path
-------------------------------------------------------------------------------------------------------------------------
clock $auto$clkbufmap.cc:298:execute$733 (rise edge)                                                      0.000     0.000
clock source latency                                                                                      0.000     0.000
input external delay                                                                                      0.000     0.000
$auto$rs_design_edit.cc:314:add_wire_btw_prims$768.inpad[0] (.input at (3,1))                             0.000     0.000
| (intra 'io' routing)                                                                                    0.894     0.894
| (inter-block routing)                                                                                   0.162     1.056
| (intra 'clb' routing)                                                                                   0.085     1.141
$auto$rs_design_edit.cc:314:add_wire_btw_prims$771.in[0] (.names at (3,2))                                0.000     1.141
| (primitive '.names' combinational delay)                                                                0.218     1.359
$auto$rs_design_edit.cc:314:add_wire_btw_prims$771.out[0] (.names at (3,2))                               0.000     1.359
| (intra 'clb' routing)                                                                                   0.000     1.359
| (inter-block routing)                                                                                   0.162     1.521
| (intra 'io' routing)                                                                                    0.733     2.254
out:$auto$rs_design_edit.cc:314:add_wire_btw_prims$771.outpad[0] (.output at (3,1))                       0.000     2.254
data arrival time                                                                                                   2.254

clock $auto$clkbufmap.cc:298:execute$733 (rise edge)                                                      0.000     0.000
clock source latency                                                                                      0.000     0.000
clock uncertainty                                                                                         0.000     0.000
output external delay                                                                                     0.000     0.000
data required time                                                                                                  0.000
-------------------------------------------------------------------------------------------------------------------------
data required time                                                                                                  0.000
data arrival time                                                                                                  -2.254
-------------------------------------------------------------------------------------------------------------------------
slack (VIOLATED)                                                                                                   -2.254


#Path 7
Startpoint: $auto$rs_design_edit.cc:314:add_wire_btw_prims$768.inpad[0] (.input at (3,1) clocked by $auto$clkbufmap.cc:298:execute$733)
Endpoint  : out:$auto$rs_design_edit.cc:375:check_undriven_IO$774.outpad[0] (.output at (3,1) clocked by $auto$clkbufmap.cc:298:execute$733)
Path Type : setup

Point                                                                                                     Incr      Path
------------------------------------------------------------------------------------------------------------------------
clock $auto$clkbufmap.cc:298:execute$733 (rise edge)                                                     0.000     0.000
clock source latency                                                                                     0.000     0.000
input external delay                                                                                     0.000     0.000
$auto$rs_design_edit.cc:314:add_wire_btw_prims$768.inpad[0] (.input at (3,1))                            0.000     0.000
| (intra 'io' routing)                                                                                   0.894     0.894
| (inter-block routing)                                                                                  0.162     1.056
| (intra 'clb' routing)                                                                                  0.085     1.141
$auto$rs_design_edit.cc:375:check_undriven_IO$774.in[0] (.names at (3,2))                                0.000     1.141
| (primitive '.names' combinational delay)                                                               0.218     1.359
$auto$rs_design_edit.cc:375:check_undriven_IO$774.out[0] (.names at (3,2))                               0.000     1.359
| (intra 'clb' routing)                                                                                  0.000     1.359
| (inter-block routing)                                                                                  0.162     1.521
| (intra 'io' routing)                                                                                   0.733     2.254
out:$auto$rs_design_edit.cc:375:check_undriven_IO$774.outpad[0] (.output at (3,1))                       0.000     2.254
data arrival time                                                                                                  2.254

clock $auto$clkbufmap.cc:298:execute$733 (rise edge)                                                     0.000     0.000
clock source latency                                                                                     0.000     0.000
clock uncertainty                                                                                        0.000     0.000
output external delay                                                                                    0.000     0.000
data required time                                                                                                 0.000
------------------------------------------------------------------------------------------------------------------------
data required time                                                                                                 0.000
data arrival time                                                                                                 -2.254
------------------------------------------------------------------------------------------------------------------------
slack (VIOLATED)                                                                                                  -2.254


#Path 8
Startpoint: $auto$rs_design_edit.cc:314:add_wire_btw_prims$770.inpad[0] (.input at (3,1) clocked by $auto$clkbufmap.cc:298:execute$733)
Endpoint  : out:$auto$rs_design_edit.cc:375:check_undriven_IO$776.outpad[0] (.output at (1,2) clocked by $auto$clkbufmap.cc:298:execute$733)
Path Type : setup

Point                                                                                                     Incr      Path
------------------------------------------------------------------------------------------------------------------------
clock $auto$clkbufmap.cc:298:execute$733 (rise edge)                                                     0.000     0.000
clock source latency                                                                                     0.000     0.000
input external delay                                                                                     0.000     0.000
$auto$rs_design_edit.cc:314:add_wire_btw_prims$770.inpad[0] (.input at (3,1))                            0.000     0.000
| (intra 'io' routing)                                                                                   0.894     0.894
| (inter-block routing)                                                                                  0.162     1.056
| (intra 'clb' routing)                                                                                  0.085     1.141
$auto$rs_design_edit.cc:375:check_undriven_IO$776.in[0] (.names at (3,2))                                0.000     1.141
| (primitive '.names' combinational delay)                                                               0.148     1.289
$auto$rs_design_edit.cc:375:check_undriven_IO$776.out[0] (.names at (3,2))                               0.000     1.289
| (intra 'clb' routing)                                                                                  0.000     1.289
| (inter-block routing)                                                                                  0.220     1.509
| (intra 'io' routing)                                                                                   0.733     2.241
out:$auto$rs_design_edit.cc:375:check_undriven_IO$776.outpad[0] (.output at (1,2))                       0.000     2.241
data arrival time                                                                                                  2.241

clock $auto$clkbufmap.cc:298:execute$733 (rise edge)                                                     0.000     0.000
clock source latency                                                                                     0.000     0.000
clock uncertainty                                                                                        0.000     0.000
output external delay                                                                                    0.000     0.000
data required time                                                                                                 0.000
------------------------------------------------------------------------------------------------------------------------
data required time                                                                                                 0.000
data arrival time                                                                                                 -2.241
------------------------------------------------------------------------------------------------------------------------
slack (VIOLATED)                                                                                                  -2.241


#Path 9
Startpoint: $auto$rs_design_edit.cc:314:add_wire_btw_prims$769.inpad[0] (.input at (3,1) clocked by $auto$clkbufmap.cc:298:execute$733)
Endpoint  : out:$auto$rs_design_edit.cc:375:check_undriven_IO$775.outpad[0] (.output at (3,1) clocked by $auto$clkbufmap.cc:298:execute$733)
Path Type : setup

Point                                                                                                     Incr      Path
------------------------------------------------------------------------------------------------------------------------
clock $auto$clkbufmap.cc:298:execute$733 (rise edge)                                                     0.000     0.000
clock source latency                                                                                     0.000     0.000
input external delay                                                                                     0.000     0.000
$auto$rs_design_edit.cc:314:add_wire_btw_prims$769.inpad[0] (.input at (3,1))                            0.000     0.000
| (intra 'io' routing)                                                                                   0.894     0.894
| (inter-block routing)                                                                                  0.162     1.056
| (intra 'clb' routing)                                                                                  0.085     1.141
$auto$rs_design_edit.cc:375:check_undriven_IO$775.in[0] (.names at (3,2))                                0.000     1.141
| (primitive '.names' combinational delay)                                                               0.197     1.338
$auto$rs_design_edit.cc:375:check_undriven_IO$775.out[0] (.names at (3,2))                               0.000     1.338
| (intra 'clb' routing)                                                                                  0.000     1.338
| (inter-block routing)                                                                                  0.162     1.500
| (intra 'io' routing)                                                                                   0.733     2.232
out:$auto$rs_design_edit.cc:375:check_undriven_IO$775.outpad[0] (.output at (3,1))                       0.000     2.232
data arrival time                                                                                                  2.232

clock $auto$clkbufmap.cc:298:execute$733 (rise edge)                                                     0.000     0.000
clock source latency                                                                                     0.000     0.000
clock uncertainty                                                                                        0.000     0.000
output external delay                                                                                    0.000     0.000
data required time                                                                                                 0.000
------------------------------------------------------------------------------------------------------------------------
data required time                                                                                                 0.000
data arrival time                                                                                                 -2.232
------------------------------------------------------------------------------------------------------------------------
slack (VIOLATED)                                                                                                  -2.232


#Path 10
Startpoint: $auto$rs_design_edit.cc:314:add_wire_btw_prims$770.inpad[0] (.input at (3,1) clocked by $auto$clkbufmap.cc:298:execute$733)
Endpoint  : out:$auto$rs_design_edit.cc:314:add_wire_btw_prims$773.outpad[0] (.output at (3,1) clocked by $auto$clkbufmap.cc:298:execute$733)
Path Type : setup

Point                                                                                                      Incr      Path
-------------------------------------------------------------------------------------------------------------------------
clock $auto$clkbufmap.cc:298:execute$733 (rise edge)                                                      0.000     0.000
clock source latency                                                                                      0.000     0.000
input external delay                                                                                      0.000     0.000
$auto$rs_design_edit.cc:314:add_wire_btw_prims$770.inpad[0] (.input at (3,1))                             0.000     0.000
| (intra 'io' routing)                                                                                    0.894     0.894
| (inter-block routing)                                                                                   0.162     1.056
| (intra 'clb' routing)                                                                                   0.085     1.141
$auto$rs_design_edit.cc:314:add_wire_btw_prims$773.in[0] (.names at (3,2))                                0.000     1.141
| (primitive '.names' combinational delay)                                                                0.197     1.338
$auto$rs_design_edit.cc:314:add_wire_btw_prims$773.out[0] (.names at (3,2))                               0.000     1.338
| (intra 'clb' routing)                                                                                   0.000     1.338
| (inter-block routing)                                                                                   0.162     1.500
| (intra 'io' routing)                                                                                    0.733     2.232
out:$auto$rs_design_edit.cc:314:add_wire_btw_prims$773.outpad[0] (.output at (3,1))                       0.000     2.232
data arrival time                                                                                                   2.232

clock $auto$clkbufmap.cc:298:execute$733 (rise edge)                                                      0.000     0.000
clock source latency                                                                                      0.000     0.000
clock uncertainty                                                                                         0.000     0.000
output external delay                                                                                     0.000     0.000
data required time                                                                                                  0.000
-------------------------------------------------------------------------------------------------------------------------
data required time                                                                                                  0.000
data arrival time                                                                                                  -2.232
-------------------------------------------------------------------------------------------------------------------------
slack (VIOLATED)                                                                                                   -2.232


#Path 11
Startpoint: $auto$rs_design_edit.cc:314:add_wire_btw_prims$769.inpad[0] (.input at (3,1) clocked by $auto$clkbufmap.cc:298:execute$733)
Endpoint  : out:$auto$rs_design_edit.cc:314:add_wire_btw_prims$772.outpad[0] (.output at (3,1) clocked by $auto$clkbufmap.cc:298:execute$733)
Path Type : setup

Point                                                                                                      Incr      Path
-------------------------------------------------------------------------------------------------------------------------
clock $auto$clkbufmap.cc:298:execute$733 (rise edge)                                                      0.000     0.000
clock source latency                                                                                      0.000     0.000
input external delay                                                                                      0.000     0.000
$auto$rs_design_edit.cc:314:add_wire_btw_prims$769.inpad[0] (.input at (3,1))                             0.000     0.000
| (intra 'io' routing)                                                                                    0.894     0.894
| (inter-block routing)                                                                                   0.162     1.056
| (intra 'clb' routing)                                                                                   0.085     1.141
$auto$rs_design_edit.cc:314:add_wire_btw_prims$772.in[0] (.names at (3,2))                                0.000     1.141
| (primitive '.names' combinational delay)                                                                0.135     1.277
$auto$rs_design_edit.cc:314:add_wire_btw_prims$772.out[0] (.names at (3,2))                               0.000     1.277
| (intra 'clb' routing)                                                                                   0.000     1.277
| (inter-block routing)                                                                                   0.162     1.438
| (intra 'io' routing)                                                                                    0.733     2.171
out:$auto$rs_design_edit.cc:314:add_wire_btw_prims$772.outpad[0] (.output at (3,1))                       0.000     2.171
data arrival time                                                                                                   2.171

clock $auto$clkbufmap.cc:298:execute$733 (rise edge)                                                      0.000     0.000
clock source latency                                                                                      0.000     0.000
clock uncertainty                                                                                         0.000     0.000
output external delay                                                                                     0.000     0.000
data required time                                                                                                  0.000
-------------------------------------------------------------------------------------------------------------------------
data required time                                                                                                  0.000
data arrival time                                                                                                  -2.171
-------------------------------------------------------------------------------------------------------------------------
slack (VIOLATED)                                                                                                   -2.171


#Path 12
Startpoint: output_enable.Q[0] (dffre at (3,5) clocked by $auto$clkbufmap.cc:298:execute$733)
Endpoint  : out:output_enable.outpad[0] (.output at (1,5) clocked by $auto$clkbufmap.cc:298:execute$733)
Path Type : setup

Point                                                                                Incr      Path
---------------------------------------------------------------------------------------------------
clock $auto$clkbufmap.cc:298:execute$733 (rise edge)                                0.000     0.000
clock source latency                                                                0.000     0.000
$auto$clkbufmap.cc:298:execute$733.inpad[0] (.input at (1,2))                       0.000     0.000
| (intra 'io' routing)                                                              0.894     0.894
| (inter-block routing)                                                             0.000     0.894
| (intra 'clb' routing)                                                             0.000     0.894
output_enable.C[0] (dffre at (3,5))                                                 0.000     0.894
| (primitive 'dffre' Tcq_max)                                                       0.154     1.048
output_enable.Q[0] (dffre at (3,5)) [clock-to-output]                               0.000     1.048
| (intra 'clb' routing)                                                             0.000     1.048
| (inter-block routing)                                                             0.220     1.268
| (intra 'io' routing)                                                              0.733     2.001
out:output_enable.outpad[0] (.output at (1,5))                                      0.000     2.001
data arrival time                                                                             2.001

clock $auto$clkbufmap.cc:298:execute$733 (rise edge)                                0.000     0.000
clock source latency                                                                0.000     0.000
clock uncertainty                                                                   0.000     0.000
output external delay                                                               0.000     0.000
data required time                                                                            0.000
---------------------------------------------------------------------------------------------------
data required time                                                                            0.000
data arrival time                                                                            -2.001
---------------------------------------------------------------------------------------------------
slack (VIOLATED)                                                                             -2.001


#Path 13
Startpoint: data_out_flop.inpad[0] (.input at (1,5) clocked by $auto$clkbufmap.cc:298:execute$733)
Endpoint  : $iopadmap$data_out.D[0] (dffre at (3,5) clocked by $auto$clkbufmap.cc:298:execute$733)
Path Type : setup

Point                                                                                Incr      Path
---------------------------------------------------------------------------------------------------
clock $auto$clkbufmap.cc:298:execute$733 (rise edge)                                0.000     0.000
clock source latency                                                                0.000     0.000
input external delay                                                                0.000     0.000
data_out_flop.inpad[0] (.input at (1,5))                                            0.000     0.000
| (intra 'io' routing)                                                              0.894     0.894
| (inter-block routing)                                                             0.220     1.114
| (intra 'clb' routing)                                                             0.184     1.298
$iopadmap$data_out.D[0] (dffre at (3,5))                                            0.000     1.298
data arrival time                                                                             1.298

clock $auto$clkbufmap.cc:298:execute$733 (rise edge)                                0.000     0.000
clock source latency                                                                0.000     0.000
$auto$clkbufmap.cc:298:execute$733.inpad[0] (.input at (1,2))                       0.000     0.000
| (intra 'io' routing)                                                              0.894     0.894
| (inter-block routing)                                                             0.000     0.894
| (intra 'clb' routing)                                                             0.000     0.894
$iopadmap$data_out.C[0] (dffre at (3,5))                                            0.000     0.894
clock uncertainty                                                                   0.000     0.894
cell setup time                                                                    -0.032     0.863
data required time                                                                            0.863
---------------------------------------------------------------------------------------------------
data required time                                                                            0.863
data arrival time                                                                            -1.298
---------------------------------------------------------------------------------------------------
slack (VIOLATED)                                                                             -0.435


#End of timing report
