/*******************************************************************************
Copyright (c) 2022-2024 Rapid Silicon
This source code contains proprietary information belonging to Rapid Silicon
(the "licensor") released under license and non-disclosure agreement to the
recipient (the "licensee").

The information shared and protected by the license and non-disclosure agreement
includes but is not limited to the following:
* operational algorithms of the product
* logos, graphics, source code, and visual presentation of the product
* confidential operational information of the licensor

The recipient of this source code is NOT permitted to publicly disclose,
re-use, archive beyond the period of the license agreement, transfer to a
sub-licensee, or re-implement any portion of the content covered by the license
and non-disclosure agreement without the prior written consent of the licensor.
*********************************************************************************/

Version  : 2024.03
Build    : 1.0.17
Hash     : 7566e6a
Date     : Mar 20 2024
Type     : Engineering
Log Time   : Wed Mar 20 11:17:21 2024 GMT

 /----------------------------------------------------------------------------\
 |                                                                            |
 |  yosys -- Yosys Open SYnthesis Suite                                       |
 |                                                                            |
 |  Copyright (C) 2012 - 2020  Claire Xenia Wolf <claire@yosyshq.com>         |
 |                                                                            |
 |  Permission to use, copy, modify, and/or distribute this software for any  |
 |  purpose with or without fee is hereby granted, provided that the above    |
 |  copyright notice and this permission notice appear in all copies.         |
 |                                                                            |
 |  THE SOFTWARE IS PROVIDED "AS IS" AND THE AUTHOR DISCLAIMS ALL WARRANTIES  |
 |  WITH REGARD TO THIS SOFTWARE INCLUDING ALL IMPLIED WARRANTIES OF          |
 |  MERCHANTABILITY AND FITNESS. IN NO EVENT SHALL THE AUTHOR BE LIABLE FOR   |
 |  ANY SPECIAL, DIRECT, INDIRECT, OR CONSEQUENTIAL DAMAGES OR ANY DAMAGES    |
 |  WHATSOEVER RESULTING FROM LOSS OF USE, DATA OR PROFITS, WHETHER IN AN     |
 |  ACTION OF CONTRACT, NEGLIGENCE OR OTHER TORTIOUS ACTION, ARISING OUT OF   |
 |  OR IN CONNECTION WITH THE USE OR PERFORMANCE OF THIS SOFTWARE.            |
 |                                                                            |
 \----------------------------------------------------------------------------/

 Yosys 0.18+10 (git sha1 22058a10a, gcc 11.2.1 -fPIC -Os)


-- Executing script file `pw_extract.ys' --

1. Executing Verilog-2005 frontend: /nfs_scratch/scratch/CompilerValidation/zaheer_ahmad/os-fpga/ArchBench/Testcases/mdct/mdct_golden/mdct/run_1/synth_1_1/synthesis/mdct_post_synth.v
Parsing Verilog input from `/nfs_scratch/scratch/CompilerValidation/zaheer_ahmad/os-fpga/ArchBench/Testcases/mdct/mdct_golden/mdct/run_1/synth_1_1/synthesis/mdct_post_synth.v' to AST representation.
/nfs_scratch/scratch/CompilerValidation/zaheer_ahmad/os-fpga/ArchBench/Testcases/mdct/mdct_golden/mdct/run_1/synth_1_1/synthesis/mdct_post_synth.v:31587: ERROR: syntax error, unexpected '{'
