/*******************************************************************************
Copyright (c) 2022-2024 Rapid Silicon
This source code contains proprietary information belonging to Rapid Silicon
(the "licensor") released under license and non-disclosure agreement to the
recipient (the "licensee").

The information shared and protected by the license and non-disclosure agreement
includes but is not limited to the following:
* operational algorithms of the product
* logos, graphics, source code, and visual presentation of the product
* confidential operational information of the licensor

The recipient of this source code is NOT permitted to publicly disclose,
re-use, archive beyond the period of the license agreement, transfer to a
sub-licensee, or re-implement any portion of the content covered by the license
and non-disclosure agreement without the prior written consent of the licensor.
*********************************************************************************/

Version  : 2024.07
Build    : 1.1.26
Hash     : 63fc670
Date     : Jul 11 2024
Type     : Engineering
Log Time   : Thu Jul 11 10:02:14 2024 GMT
/*******************************************************************************
Copyright (c) 2022-2024 Rapid Silicon
This source code contains proprietary information belonging to Rapid Silicon
(the "licensor") released under license and non-disclosure agreement to the
recipient (the "licensee").

The information shared and protected by the license and non-disclosure agreement
includes but is not limited to the following:
* operational algorithms of the product
* logos, graphics, source code, and visual presentation of the product
* confidential operational information of the licensor

The recipient of this source code is NOT permitted to publicly disclose,
re-use, archive beyond the period of the license agreement, transfer to a
sub-licensee, or re-implement any portion of the content covered by the license
and non-disclosure agreement without the prior written consent of the licensor.
*********************************************************************************/

Version  : 2024.07
Build    : 1.1.26
Hash     : 63fc670
Date     : Jul 11 2024
Type     : Engineering
Log Time   : Thu Jul 11 10:02:14 2024 GMT
/*******************************************************************************
Copyright (c) 2022-2024 Rapid Silicon
This source code contains proprietary information belonging to Rapid Silicon
(the "licensor") released under license and non-disclosure agreement to the
recipient (the "licensee").

The information shared and protected by the license and non-disclosure agreement
includes but is not limited to the following:
* operational algorithms of the product
* logos, graphics, source code, and visual presentation of the product
* confidential operational information of the licensor

The recipient of this source code is NOT permitted to publicly disclose,
re-use, archive beyond the period of the license agreement, transfer to a
sub-licensee, or re-implement any portion of the content covered by the license
and non-disclosure agreement without the prior written consent of the licensor.
*********************************************************************************/

Version  : 2024.07
Build    : 1.1.26
Hash     : 63fc670
Date     : Jul 11 2024
Type     : Engineering
Log Time   : Thu Jul 11 10:02:14 2024 GMT

 /----------------------------------------------------------------------------\
 |                                                                            |
 |  yosys -- Yosys Open SYnthesis Suite                                       |
 |                                                                            |
 |  Copyright (C) 2012 - 2020  Claire Xenia Wolf <claire@yosyshq.com>         |
 |                                                                            |
 |  Permission to use, copy, modify, and/or distribute this software for any  |
 |  purpose with or without fee is hereby granted, provided that the above    |
 |  copyright notice and this permission notice appear in all copies.         |
 |                                                                            |
 |  THE SOFTWARE IS PROVIDED "AS IS" AND THE AUTHOR DISCLAIMS ALL WARRANTIES  |
 |  WITH REGARD TO THIS SOFTWARE INCLUDING ALL IMPLIED WARRANTIES OF          |
 |  MERCHANTABILITY AND FITNESS. IN NO EVENT SHALL THE AUTHOR BE LIABLE FOR   |
 |  ANY SPECIAL, DIRECT, INDIRECT, OR CONSEQUENTIAL DAMAGES OR ANY DAMAGES    |
 |  WHATSOEVER RESULTING FROM LOSS OF USE, DATA OR PROFITS, WHETHER IN AN     |
 |  ACTION OF CONTRACT, NEGLIGENCE OR OTHER TORTIOUS ACTION, ARISING OUT OF   |
 |  OR IN CONNECTION WITH THE USE OR PERFORMANCE OF THIS SOFTWARE.            |
 |                                                                            |
 \----------------------------------------------------------------------------/

 Yosys 0.38 (git sha1 d2189b06a, gcc 11.2.1 -fPIC -Os)


-- Executing script file `/nfs_scratch/scratch/CompilerValidation/abdul_hameed/8thJuly/Validation/RTL_testcases/DSP_Designs/add_output_of_four_multipliers/EDA-3052/add_output_of_four_multipliers/run_1/synth_1_1/analysis/add_output_of_four_multipliers_analyzer.cmd' --

1. Executing Verilog-2005 frontend: /nfs_eda_sw/softwares/Raptor/instl_dir/07_11_2024_09_15_02/share/raptor/sim_models/rapidsilicon/genesis3/FPGA_PRIMITIVES_MODELS/blackbox_models/cell_sim_blackbox.v
Parsing SystemVerilog input from `/nfs_eda_sw/softwares/Raptor/instl_dir/07_11_2024_09_15_02/share/raptor/sim_models/rapidsilicon/genesis3/FPGA_PRIMITIVES_MODELS/blackbox_models/cell_sim_blackbox.v' to AST representation.
Generating RTLIL representation for module `\BOOT_CLOCK'.
Generating RTLIL representation for module `\CARRY'.
Generating RTLIL representation for module `\CLK_BUF'.
Generating RTLIL representation for module `\DFFNRE'.
Generating RTLIL representation for module `\DFFRE'.
Generating RTLIL representation for module `\DSP19X2'.
Generating RTLIL representation for module `\DSP38'.
Generating RTLIL representation for module `\FCLK_BUF'.
Generating RTLIL representation for module `\FIFO18KX2'.
Generating RTLIL representation for module `\FIFO36K'.
Generating RTLIL representation for module `\I_BUF_DS'.
Generating RTLIL representation for module `\I_BUF'.
Generating RTLIL representation for module `\I_DDR'.
Generating RTLIL representation for module `\I_DELAY'.
Generating RTLIL representation for module `\I_SERDES'.
Generating RTLIL representation for module `\LUT1'.
Generating RTLIL representation for module `\LUT2'.
Generating RTLIL representation for module `\LUT3'.
Generating RTLIL representation for module `\LUT4'.
Generating RTLIL representation for module `\LUT5'.
Generating RTLIL representation for module `\LUT6'.
Generating RTLIL representation for module `\O_BUF_DS'.
Generating RTLIL representation for module `\O_BUFT_DS'.
Generating RTLIL representation for module `\O_BUFT'.
Generating RTLIL representation for module `\O_BUF'.
Generating RTLIL representation for module `\O_DDR'.
Generating RTLIL representation for module `\O_DELAY'.
Generating RTLIL representation for module `\O_SERDES_CLK'.
Generating RTLIL representation for module `\O_SERDES'.
Generating RTLIL representation for module `\PLL'.
Generating RTLIL representation for module `\SOC_FPGA_INTF_AHB_M'.
Generating RTLIL representation for module `\SOC_FPGA_INTF_AHB_S'.
Generating RTLIL representation for module `\SOC_FPGA_INTF_AXI_M0'.
Generating RTLIL representation for module `\SOC_FPGA_INTF_AXI_M1'.
Generating RTLIL representation for module `\SOC_FPGA_INTF_DMA'.
Generating RTLIL representation for module `\SOC_FPGA_INTF_IRQ'.
Generating RTLIL representation for module `\SOC_FPGA_INTF_JTAG'.
Generating RTLIL representation for module `\SOC_FPGA_TEMPERATURE'.
Generating RTLIL representation for module `\TDP_RAM18KX2'.
Generating RTLIL representation for module `\TDP_RAM36K'.
Generating RTLIL representation for module `\LATCH'.
Generating RTLIL representation for module `\LATCHN'.
Generating RTLIL representation for module `\LATCHR'.
Generating RTLIL representation for module `\LATCHS'.
Generating RTLIL representation for module `\LATCHNR'.
Generating RTLIL representation for module `\LATCHNS'.
Generating RTLIL representation for module `\BRAM2x18_TDP'.
Generating RTLIL representation for module `\BRAM2x18_SDP'.
Generating RTLIL representation for module `\_$_mem_v2_asymmetric'.
Successfully finished Verilog frontend.

2. Executing Verilog with UHDM frontend.
[INF:CM0023] Creating log file "/nfs_scratch/scratch/CompilerValidation/abdul_hameed/8thJuly/Validation/RTL_testcases/DSP_Designs/add_output_of_four_multipliers/EDA-3052/add_output_of_four_multipliers/run_1/synth_1_1/analysis/slpp_all/surelog.log".
[INF:CP0300] Compilation...
[INF:CP0303] /nfs_scratch/scratch/CompilerValidation/abdul_hameed/8thJuly/Validation/RTL_testcases/DSP_Designs/add_output_of_four_multipliers/EDA-3052/rtl/add_output_of_four_multipliers.v:7:1: Compile module "work@add_output_of_four_multipliers".
[INF:CP0303] /nfs_scratch/scratch/CompilerValidation/abdul_hameed/8thJuly/Validation/RTL_testcases/DSP_Designs/add_output_of_four_multipliers/EDA-3052/rtl/mult_unsigned.v:1:1: Compile module "work@mult_unsigned".
[INF:CP0302] Compile class "work@mailbox".
[INF:CP0302] Compile class "work@process".
[INF:CP0302] Compile class "work@semaphore".
[INF:EL0526] Design Elaboration...
[NTE:EL0503] /nfs_scratch/scratch/CompilerValidation/abdul_hameed/8thJuly/Validation/RTL_testcases/DSP_Designs/add_output_of_four_multipliers/EDA-3052/rtl/add_output_of_four_multipliers.v:7:1: Top level module "work@add_output_of_four_multipliers".
[NTE:EL0508] Nb Top level modules: 1.
[NTE:EL0509] Max instance depth: 2.
[NTE:EL0510] Nb instances: 5.
[NTE:EL0511] Nb leaf instances: 4.
[INF:UH0706] Creating UHDM Model...
[INF:UH0707] Elaborating UHDM...
[  FATAL] : 0
[ SYNTAX] : 0
[  ERROR] : 0
[WARNING] : 0
[   NOTE] : 5
Warning: Removing unelaborated module: \mult_unsigned from the design.
Generating RTLIL representation for module `$paramod$38da512f941cb1f496e3eea22d344e9dac5d8c37\mult_unsigned'.
Generating RTLIL representation for module `\add_output_of_four_multipliers'.

-- Running command `hierarchy -top add_output_of_four_multipliers' --

3. Executing HIERARCHY pass (managing design hierarchy).

3.1. Analyzing design hierarchy..
Top module:  \add_output_of_four_multipliers
Used module:     $paramod$38da512f941cb1f496e3eea22d344e9dac5d8c37\mult_unsigned

3.2. Analyzing design hierarchy..
Top module:  \add_output_of_four_multipliers
Used module:     $paramod$38da512f941cb1f496e3eea22d344e9dac5d8c37\mult_unsigned
Removed 0 unused modules.

Dumping file hier_info.json ...
 Process module "$paramod$38da512f941cb1f496e3eea22d344e9dac5d8c37\\mult_unsigned"
Dumping file port_info.json ...

Warnings: 1 unique messages, 1 total
End of script. Logfile hash: 2fec75442b, CPU: user 0.42s system 0.04s, MEM: 36.91 MB peak
Yosys 0.38 (git sha1 d2189b06a, gcc 11.2.1 -fPIC -Os)
Time spent: 88% 2x read_systemverilog (0 sec), 5% 1x plugin (0 sec), ...
