/*******************************************************************************
Copyright (c) 2022-2024 Rapid Silicon
This source code contains proprietary information belonging to Rapid Silicon
(the "licensor") released under license and non-disclosure agreement to the
recipient (the "licensee").

The information shared and protected by the license and non-disclosure agreement
includes but is not limited to the following:
* operational algorithms of the product
* logos, graphics, source code, and visual presentation of the product
* confidential operational information of the licensor

The recipient of this source code is NOT permitted to publicly disclose,
re-use, archive beyond the period of the license agreement, transfer to a
sub-licensee, or re-implement any portion of the content covered by the license
and non-disclosure agreement without the prior written consent of the licensor.
*********************************************************************************/

Version  : 2024.08
Build    : 1.1.41
Hash     : 72d66b5
Date     : Aug  7 2024
Type     : Engineering
Log Time   : Thu Aug  8 08:56:44 2024 GMT

[ 13:56:44 ] Analysis has started
[ 13:56:44 ] Command: /nfs_eda_sw/softwares/Raptor/instl_dir/08_07_2024_09_15_02/bin/yosys -s /nfs_scratch/scratch/CompilerValidation/abdul_hameed/wbif_68k/results_dir/dragonball_wbmaster_top/run_1/synth_1_1/analysis/dragonball_wbmaster_top_analyzer.cmd
[ 13:56:44 ] Duration: 78 ms. Max utilization: 43 MB
[ 13:56:44 ] Synthesize has started
[ 13:56:44 ] Command: /nfs_eda_sw/softwares/Raptor/instl_dir/08_07_2024_09_15_02/bin/yosys -s dragonball_wbmaster_top.ys -l dragonball_wbmaster_top_synth.log
[ 13:56:59 ] Duration: 15250 ms. Max utilization: 62 MB
