/*******************************************************************************
Copyright (c) 2022-2024 Rapid Silicon
This source code contains proprietary information belonging to Rapid Silicon
(the "licensor") released under license and non-disclosure agreement to the
recipient (the "licensee").

The information shared and protected by the license and non-disclosure agreement
includes but is not limited to the following:
* operational algorithms of the product
* logos, graphics, source code, and visual presentation of the product
* confidential operational information of the licensor

The recipient of this source code is NOT permitted to publicly disclose,
re-use, archive beyond the period of the license agreement, transfer to a
sub-licensee, or re-implement any portion of the content covered by the license
and non-disclosure agreement without the prior written consent of the licensor.
*********************************************************************************/

Version  : 2024.01
Build    : 0.9.28
Hash     : 0207cc3
Date     : Jan 25 2024
Type     : Engineering
Log Time   : Wed Feb  7 11:11:45 2024 GMT

[ 16:11:45 ] Analysis has started
[ 16:11:45 ] Command: /nfs_eda_sw/softwares/Raptor/instl_dir/01_25_2024_09_15_01/bin/yosys -s /nfs_project/castor/DV/anas/rigel/new_clones/rigel_dec1/DV/subsystem_level/fabric_verif_env/src/fabric_designs/benchmarks/bram/dpram_32x1024/dpram_32x1024/run_1/synth_1_1/analysis/dpram_32x1024_analyzer.cmd
[ 16:11:46 ] Duration: 646 ms. Max utilization: 68 MB
[ 16:11:46 ] Synthesize has started
[ 16:11:46 ] Command: /nfs_eda_sw/softwares/Raptor/instl_dir/01_25_2024_09_15_01/bin/yosys -s dpram_32x1024.ys -l dpram_32x1024_synth.log
[ 16:11:59 ] Duration: 12863 ms. Max utilization: 76 MB
[ 16:11:59 ] Packing has started
[ 16:11:59 ] Command: /nfs_eda_sw/softwares/Raptor/instl_dir/01_25_2024_09_15_01/bin/vpr /nfs_eda_sw/softwares/Raptor/instl_dir/01_25_2024_09_15_01/share/raptor/etc/devices/gemini_compact_10x8/gemini_vpr.xml /nfs_project/castor/DV/anas/rigel/new_clones/rigel_dec1/DV/subsystem_level/fabric_verif_env/src/fabric_designs/benchmarks/bram/dpram_32x1024/dpram_32x1024/run_1/synth_1_1/synthesis/dpram_32x1024_post_synth.eblif --sdc_file /nfs_project/castor/DV/anas/rigel/new_clones/rigel_dec1/DV/subsystem_level/fabric_verif_env/src/fabric_designs/benchmarks/bram/dpram_32x1024/dpram_32x1024/run_1/synth_1_1/impl_1_1_1/packing/dpram_32x1024_openfpga.sdc --route_chan_width 160 --suppress_warnings check_rr_node_warnings.log,check_rr_node --clock_modeling ideal --absorb_buffer_luts off --skip_sync_clustering_and_routing_results off --constant_net_method route --post_place_timing_report dpram_32x1024_post_place_timing.rpt --device castor10x8_heterogeneous --allow_unrelated_clustering on --allow_dangling_combinational_nodes on --place_delta_delay_matrix_calculation_method dijkstra --gen_post_synthesis_netlist on --post_synth_netlist_unconn_inputs gnd --inner_loop_recompute_divider 1 --max_router_iterations 1500 --timing_report_detail detailed --timing_report_npaths 100 --top dpram_32x1024 --net_file /nfs_project/castor/DV/anas/rigel/new_clones/rigel_dec1/DV/subsystem_level/fabric_verif_env/src/fabric_designs/benchmarks/bram/dpram_32x1024/dpram_32x1024/run_1/synth_1_1/impl_1_1_1/packing/dpram_32x1024_post_synth.net --place_file /nfs_project/castor/DV/anas/rigel/new_clones/rigel_dec1/DV/subsystem_level/fabric_verif_env/src/fabric_designs/benchmarks/bram/dpram_32x1024/dpram_32x1024/run_1/synth_1_1/impl_1_1_1/placement/dpram_32x1024_post_synth.place --route_file /nfs_project/castor/DV/anas/rigel/new_clones/rigel_dec1/DV/subsystem_level/fabric_verif_env/src/fabric_designs/benchmarks/bram/dpram_32x1024/dpram_32x1024/run_1/synth_1_1/impl_1_1_1/routing/dpram_32x1024_post_synth.route --pack
[ 16:12:00 ] Duration: 1090 ms. Max utilization: 547 MB
[ 16:12:00 ] Placement has started
[ 16:12:00 ] Command: /nfs_eda_sw/softwares/Raptor/instl_dir/01_25_2024_09_15_01/bin/pin_c --csv /nfs_eda_sw/softwares/Raptor/instl_dir/01_25_2024_09_15_01/share/raptor/etc/devices/gemini_compact_10x8/Virgo_Pin_Table.csv --blif /nfs_project/castor/DV/anas/rigel/new_clones/rigel_dec1/DV/subsystem_level/fabric_verif_env/src/fabric_designs/benchmarks/bram/dpram_32x1024/dpram_32x1024/run_1/synth_1_1/synthesis/dpram_32x1024_post_synth.blif --output dpram_32x1024_pin_loc.place --assign_unconstrained_pins in_define_order --clk_map dpram_32x1024.temp_file_clkmap --read_repack /nfs_eda_sw/softwares/Raptor/instl_dir/01_25_2024_09_15_01/share/raptor/etc/devices/gemini_compact_10x8/fpga_repack_constraints.xml --write_repack dpram_32x1024_repack_constraints.xml
[ 16:12:00 ] Duration: 86 ms. Max utilization: 98 MB
[ 16:12:00 ] Command: /nfs_eda_sw/softwares/Raptor/instl_dir/01_25_2024_09_15_01/bin/vpr /nfs_eda_sw/softwares/Raptor/instl_dir/01_25_2024_09_15_01/share/raptor/etc/devices/gemini_compact_10x8/gemini_vpr.xml /nfs_project/castor/DV/anas/rigel/new_clones/rigel_dec1/DV/subsystem_level/fabric_verif_env/src/fabric_designs/benchmarks/bram/dpram_32x1024/dpram_32x1024/run_1/synth_1_1/synthesis/dpram_32x1024_post_synth.eblif --sdc_file /nfs_project/castor/DV/anas/rigel/new_clones/rigel_dec1/DV/subsystem_level/fabric_verif_env/src/fabric_designs/benchmarks/bram/dpram_32x1024/dpram_32x1024/run_1/synth_1_1/impl_1_1_1/packing/dpram_32x1024_openfpga.sdc --route_chan_width 160 --suppress_warnings check_rr_node_warnings.log,check_rr_node --clock_modeling ideal --absorb_buffer_luts off --skip_sync_clustering_and_routing_results off --constant_net_method route --post_place_timing_report dpram_32x1024_post_place_timing.rpt --device castor10x8_heterogeneous --allow_unrelated_clustering on --allow_dangling_combinational_nodes on --place_delta_delay_matrix_calculation_method dijkstra --gen_post_synthesis_netlist on --post_synth_netlist_unconn_inputs gnd --inner_loop_recompute_divider 1 --max_router_iterations 1500 --timing_report_detail detailed --timing_report_npaths 100 --top dpram_32x1024 --net_file /nfs_project/castor/DV/anas/rigel/new_clones/rigel_dec1/DV/subsystem_level/fabric_verif_env/src/fabric_designs/benchmarks/bram/dpram_32x1024/dpram_32x1024/run_1/synth_1_1/impl_1_1_1/packing/dpram_32x1024_post_synth.net --place_file /nfs_project/castor/DV/anas/rigel/new_clones/rigel_dec1/DV/subsystem_level/fabric_verif_env/src/fabric_designs/benchmarks/bram/dpram_32x1024/dpram_32x1024/run_1/synth_1_1/impl_1_1_1/placement/dpram_32x1024_post_synth.place --route_file /nfs_project/castor/DV/anas/rigel/new_clones/rigel_dec1/DV/subsystem_level/fabric_verif_env/src/fabric_designs/benchmarks/bram/dpram_32x1024/dpram_32x1024/run_1/synth_1_1/impl_1_1_1/routing/dpram_32x1024_post_synth.route --place --fix_clusters dpram_32x1024_pin_loc.place
[ 16:12:02 ] Duration: 2116 ms. Max utilization: 843 MB
[ 16:12:02 ] Route has started
[ 16:12:02 ] Command: /nfs_eda_sw/softwares/Raptor/instl_dir/01_25_2024_09_15_01/bin/vpr /nfs_eda_sw/softwares/Raptor/instl_dir/01_25_2024_09_15_01/share/raptor/etc/devices/gemini_compact_10x8/gemini_vpr.xml /nfs_project/castor/DV/anas/rigel/new_clones/rigel_dec1/DV/subsystem_level/fabric_verif_env/src/fabric_designs/benchmarks/bram/dpram_32x1024/dpram_32x1024/run_1/synth_1_1/synthesis/dpram_32x1024_post_synth.eblif --sdc_file /nfs_project/castor/DV/anas/rigel/new_clones/rigel_dec1/DV/subsystem_level/fabric_verif_env/src/fabric_designs/benchmarks/bram/dpram_32x1024/dpram_32x1024/run_1/synth_1_1/impl_1_1_1/packing/dpram_32x1024_openfpga.sdc --route_chan_width 160 --suppress_warnings check_rr_node_warnings.log,check_rr_node --clock_modeling ideal --absorb_buffer_luts off --skip_sync_clustering_and_routing_results off --constant_net_method route --post_place_timing_report dpram_32x1024_post_place_timing.rpt --device castor10x8_heterogeneous --allow_unrelated_clustering on --allow_dangling_combinational_nodes on --place_delta_delay_matrix_calculation_method dijkstra --gen_post_synthesis_netlist on --post_synth_netlist_unconn_inputs gnd --inner_loop_recompute_divider 1 --max_router_iterations 1500 --timing_report_detail detailed --timing_report_npaths 100 --top dpram_32x1024 --net_file /nfs_project/castor/DV/anas/rigel/new_clones/rigel_dec1/DV/subsystem_level/fabric_verif_env/src/fabric_designs/benchmarks/bram/dpram_32x1024/dpram_32x1024/run_1/synth_1_1/impl_1_1_1/packing/dpram_32x1024_post_synth.net --place_file /nfs_project/castor/DV/anas/rigel/new_clones/rigel_dec1/DV/subsystem_level/fabric_verif_env/src/fabric_designs/benchmarks/bram/dpram_32x1024/dpram_32x1024/run_1/synth_1_1/impl_1_1_1/placement/dpram_32x1024_post_synth.place --route_file /nfs_project/castor/DV/anas/rigel/new_clones/rigel_dec1/DV/subsystem_level/fabric_verif_env/src/fabric_designs/benchmarks/bram/dpram_32x1024/dpram_32x1024/run_1/synth_1_1/impl_1_1_1/routing/dpram_32x1024_post_synth.route --route
[ 16:12:04 ] Duration: 1874 ms. Max utilization: 845 MB
[ 16:12:04 ] Command: /nfs_eda_sw/softwares/Raptor/instl_dir/01_25_2024_09_15_01/bin/finalize  /nfs_project/castor/DV/anas/rigel/new_clones/rigel_dec1/DV/subsystem_level/fabric_verif_env/src/fabric_designs/benchmarks/bram/dpram_32x1024/dpram_32x1024/run_1/synth_1_1/impl_1_1_1/routing/dpram_32x1024_post_synthesis.v /nfs_project/castor/DV/anas/rigel/new_clones/rigel_dec1/DV/subsystem_level/fabric_verif_env/src/fabric_designs/benchmarks/bram/dpram_32x1024/dpram_32x1024/run_1/synth_1_1/impl_1_1_1/routing/dpram_32x1024_post_synthesis.v_
[ 16:12:04 ] Duration: 33 ms. Max utilization: 14 MB
[ 16:12:04 ] TimingAnalysis has started
[ 16:12:04 ] Command: /nfs_eda_sw/softwares/Raptor/instl_dir/01_25_2024_09_15_01/bin/vpr /nfs_eda_sw/softwares/Raptor/instl_dir/01_25_2024_09_15_01/share/raptor/etc/devices/gemini_compact_10x8/gemini_vpr.xml /nfs_project/castor/DV/anas/rigel/new_clones/rigel_dec1/DV/subsystem_level/fabric_verif_env/src/fabric_designs/benchmarks/bram/dpram_32x1024/dpram_32x1024/run_1/synth_1_1/synthesis/dpram_32x1024_post_synth.eblif --sdc_file /nfs_project/castor/DV/anas/rigel/new_clones/rigel_dec1/DV/subsystem_level/fabric_verif_env/src/fabric_designs/benchmarks/bram/dpram_32x1024/dpram_32x1024/run_1/synth_1_1/impl_1_1_1/packing/dpram_32x1024_openfpga.sdc --route_chan_width 160 --suppress_warnings check_rr_node_warnings.log,check_rr_node --clock_modeling ideal --absorb_buffer_luts off --skip_sync_clustering_and_routing_results off --constant_net_method route --post_place_timing_report dpram_32x1024_post_place_timing.rpt --device castor10x8_heterogeneous --allow_unrelated_clustering on --allow_dangling_combinational_nodes on --place_delta_delay_matrix_calculation_method dijkstra --post_synth_netlist_unconn_inputs gnd --inner_loop_recompute_divider 1 --max_router_iterations 1500 --timing_report_detail detailed --timing_report_npaths 100 --top dpram_32x1024 --net_file /nfs_project/castor/DV/anas/rigel/new_clones/rigel_dec1/DV/subsystem_level/fabric_verif_env/src/fabric_designs/benchmarks/bram/dpram_32x1024/dpram_32x1024/run_1/synth_1_1/impl_1_1_1/packing/dpram_32x1024_post_synth.net --place_file /nfs_project/castor/DV/anas/rigel/new_clones/rigel_dec1/DV/subsystem_level/fabric_verif_env/src/fabric_designs/benchmarks/bram/dpram_32x1024/dpram_32x1024/run_1/synth_1_1/impl_1_1_1/placement/dpram_32x1024_post_synth.place --route_file /nfs_project/castor/DV/anas/rigel/new_clones/rigel_dec1/DV/subsystem_level/fabric_verif_env/src/fabric_designs/benchmarks/bram/dpram_32x1024/dpram_32x1024/run_1/synth_1_1/impl_1_1_1/routing/dpram_32x1024_post_synth.route --analysis
[ 16:12:06 ] Duration: 1132 ms. Max utilization: 1061 MB
[ 16:12:06 ] PowerAnalysis has started
[ 16:12:06 ] Command: /nfs_eda_sw/softwares/Raptor/instl_dir/01_25_2024_09_15_01/bin/raptor.exe --cmd "set netlist_file /nfs_project/castor/DV/anas/rigel/new_clones/rigel_dec1/DV/subsystem_level/fabric_verif_env/src/fabric_designs/benchmarks/bram/dpram_32x1024/dpram_32x1024/run_1/synth_1_1/synthesis/dpram_32x1024_post_synth.v;set sdc /nfs_project/castor/DV/anas/rigel/new_clones/rigel_dec1/DV/subsystem_level/fabric_verif_env/src/fabric_designs/benchmarks/bram/dpram_32x1024/dpram_32x1024.sdc;" --batch --script /nfs_eda_sw/softwares/Raptor/instl_dir/01_25_2024_09_15_01/bin/get_power_data.tcl 
[ 16:12:06 ] Duration: 171 ms. Max utilization: 239 MB
[ 16:12:06 ] GenerateBitstream has started
[ 16:12:06 ] Command: /nfs_eda_sw/softwares/Raptor/instl_dir/01_25_2024_09_15_01/bin/openfpga -batch -f dpram_32x1024.openfpga
[ 16:12:12 ] Duration: 6139 ms. Max utilization: 867 MB
