/*******************************************************************************
Copyright (c) 2022-2024 Rapid Silicon
This source code contains proprietary information belonging to Rapid Silicon
(the "licensor") released under license and non-disclosure agreement to the
recipient (the "licensee").

The information shared and protected by the license and non-disclosure agreement
includes but is not limited to the following:
* operational algorithms of the product
* logos, graphics, source code, and visual presentation of the product
* confidential operational information of the licensor

The recipient of this source code is NOT permitted to publicly disclose,
re-use, archive beyond the period of the license agreement, transfer to a
sub-licensee, or re-implement any portion of the content covered by the license
and non-disclosure agreement without the prior written consent of the licensor.
*********************************************************************************/

Version  : 2024.07
Build    : 1.1.30
Hash     : 8801a76
Date     : Jul 16 2024
Type     : Engineering
Log Time   : Tue Jul 16 06:10:34 2024 GMT
#Timing report of worst 16 path(s)
# Unit scale: 1e-09 seconds
# Output precision: 3

# Logical Levels: 0
# Timing Graph Levels: 6

#Path 1
Startpoint: $f2g_trx_dly_tap_dly_tap_val[0].inpad[0] (.input clocked by virtual_io_clock)
Endpoint  : out:dly_tap_val_inv_buf[0].outpad[0] (.output clocked by virtual_io_clock)
Path Type : setup

Point                                                                    Incr      Path
---------------------------------------------------------------------------------------
clock virtual_io_clock (rise edge)                                      0.000     0.000
clock source latency                                                    0.000     0.000
input external delay                                                    0.000     0.000
$f2g_trx_dly_tap_dly_tap_val[0].inpad[0] (.input)                       0.000     0.000
dly_tap_val[0].in[0] (.names)                                           0.890     0.890
dly_tap_val[0].out[0] (.names)                                          0.218     1.109
dly_tap_val_inv_buf[0].in[0] (.names)                                       0.890     1.999
dly_tap_val_inv_buf[0].out[0] (.names)                                      0.218     2.217
out:dly_tap_val_inv_buf[0].outpad[0] (.output)                              0.890     3.108
data arrival time                                                                 3.108

clock virtual_io_clock (rise edge)                                      0.000     0.000
clock source latency                                                    0.000     0.000
clock uncertainty                                                       0.000     0.000
output external delay                                                   0.000     0.000
data required time                                                                0.000
---------------------------------------------------------------------------------------
data required time                                                                0.000
data arrival time                                                                -3.108
---------------------------------------------------------------------------------------
slack (VIOLATED)                                                                 -3.108


#Path 2
Startpoint: $f2g_trx_dly_tap_dly_tap_val[1].inpad[0] (.input clocked by virtual_io_clock)
Endpoint  : out:dly_tap_val_inv_buf[1].outpad[0] (.output clocked by virtual_io_clock)
Path Type : setup

Point                                                                    Incr      Path
---------------------------------------------------------------------------------------
clock virtual_io_clock (rise edge)                                      0.000     0.000
clock source latency                                                    0.000     0.000
input external delay                                                    0.000     0.000
$f2g_trx_dly_tap_dly_tap_val[1].inpad[0] (.input)                       0.000     0.000
dly_tap_val[1].in[0] (.names)                                           0.890     0.890
dly_tap_val[1].out[0] (.names)                                          0.218     1.109
dly_tap_val_inv_buf[1].in[0] (.names)                                       0.890     1.999
dly_tap_val_inv_buf[1].out[0] (.names)                                      0.218     2.217
out:dly_tap_val_inv_buf[1].outpad[0] (.output)                              0.890     3.108
data arrival time                                                                 3.108

clock virtual_io_clock (rise edge)                                      0.000     0.000
clock source latency                                                    0.000     0.000
clock uncertainty                                                       0.000     0.000
output external delay                                                   0.000     0.000
data required time                                                                0.000
---------------------------------------------------------------------------------------
data required time                                                                0.000
data arrival time                                                                -3.108
---------------------------------------------------------------------------------------
slack (VIOLATED)                                                                 -3.108


#Path 3
Startpoint: $f2g_trx_dly_tap_dly_tap_val[2].inpad[0] (.input clocked by virtual_io_clock)
Endpoint  : out:dly_tap_val_inv_buf[2].outpad[0] (.output clocked by virtual_io_clock)
Path Type : setup

Point                                                                    Incr      Path
---------------------------------------------------------------------------------------
clock virtual_io_clock (rise edge)                                      0.000     0.000
clock source latency                                                    0.000     0.000
input external delay                                                    0.000     0.000
$f2g_trx_dly_tap_dly_tap_val[2].inpad[0] (.input)                       0.000     0.000
dly_tap_val[2].in[0] (.names)                                           0.890     0.890
dly_tap_val[2].out[0] (.names)                                          0.218     1.109
dly_tap_val_inv_buf[2].in[0] (.names)                                       0.890     1.999
dly_tap_val_inv_buf[2].out[0] (.names)                                      0.218     2.217
out:dly_tap_val_inv_buf[2].outpad[0] (.output)                              0.890     3.108
data arrival time                                                                 3.108

clock virtual_io_clock (rise edge)                                      0.000     0.000
clock source latency                                                    0.000     0.000
clock uncertainty                                                       0.000     0.000
output external delay                                                   0.000     0.000
data required time                                                                0.000
---------------------------------------------------------------------------------------
data required time                                                                0.000
data arrival time                                                                -3.108
---------------------------------------------------------------------------------------
slack (VIOLATED)                                                                 -3.108


#Path 4
Startpoint: $f2g_trx_dly_tap_dly_tap_val[3].inpad[0] (.input clocked by virtual_io_clock)
Endpoint  : out:dly_tap_val_inv_buf[3].outpad[0] (.output clocked by virtual_io_clock)
Path Type : setup

Point                                                                    Incr      Path
---------------------------------------------------------------------------------------
clock virtual_io_clock (rise edge)                                      0.000     0.000
clock source latency                                                    0.000     0.000
input external delay                                                    0.000     0.000
$f2g_trx_dly_tap_dly_tap_val[3].inpad[0] (.input)                       0.000     0.000
dly_tap_val[3].in[0] (.names)                                           0.890     0.890
dly_tap_val[3].out[0] (.names)                                          0.218     1.109
dly_tap_val_inv_buf[3].in[0] (.names)                                       0.890     1.999
dly_tap_val_inv_buf[3].out[0] (.names)                                      0.218     2.217
out:dly_tap_val_inv_buf[3].outpad[0] (.output)                              0.890     3.108
data arrival time                                                                 3.108

clock virtual_io_clock (rise edge)                                      0.000     0.000
clock source latency                                                    0.000     0.000
clock uncertainty                                                       0.000     0.000
output external delay                                                   0.000     0.000
data required time                                                                0.000
---------------------------------------------------------------------------------------
data required time                                                                0.000
data arrival time                                                                -3.108
---------------------------------------------------------------------------------------
slack (VIOLATED)                                                                 -3.108


#Path 5
Startpoint: $f2g_trx_dly_tap_dly_tap_val[4].inpad[0] (.input clocked by virtual_io_clock)
Endpoint  : out:dly_tap_val_inv_buf[4].outpad[0] (.output clocked by virtual_io_clock)
Path Type : setup

Point                                                                    Incr      Path
---------------------------------------------------------------------------------------
clock virtual_io_clock (rise edge)                                      0.000     0.000
clock source latency                                                    0.000     0.000
input external delay                                                    0.000     0.000
$f2g_trx_dly_tap_dly_tap_val[4].inpad[0] (.input)                       0.000     0.000
dly_tap_val[4].in[0] (.names)                                           0.890     0.890
dly_tap_val[4].out[0] (.names)                                          0.218     1.109
dly_tap_val_inv_buf[4].in[0] (.names)                                       0.890     1.999
dly_tap_val_inv_buf[4].out[0] (.names)                                      0.218     2.217
out:dly_tap_val_inv_buf[4].outpad[0] (.output)                              0.890     3.108
data arrival time                                                                 3.108

clock virtual_io_clock (rise edge)                                      0.000     0.000
clock source latency                                                    0.000     0.000
clock uncertainty                                                       0.000     0.000
output external delay                                                   0.000     0.000
data required time                                                                0.000
---------------------------------------------------------------------------------------
data required time                                                                0.000
data arrival time                                                                -3.108
---------------------------------------------------------------------------------------
slack (VIOLATED)                                                                 -3.108


#Path 6
Startpoint: $f2g_trx_dly_tap_dly_tap_val[5].inpad[0] (.input clocked by virtual_io_clock)
Endpoint  : out:dly_tap_val_inv_buf[5].outpad[0] (.output clocked by virtual_io_clock)
Path Type : setup

Point                                                                    Incr      Path
---------------------------------------------------------------------------------------
clock virtual_io_clock (rise edge)                                      0.000     0.000
clock source latency                                                    0.000     0.000
input external delay                                                    0.000     0.000
$f2g_trx_dly_tap_dly_tap_val[5].inpad[0] (.input)                       0.000     0.000
dly_tap_val[5].in[0] (.names)                                           0.890     0.890
dly_tap_val[5].out[0] (.names)                                          0.218     1.109
dly_tap_val_inv_buf[5].in[0] (.names)                                       0.890     1.999
dly_tap_val_inv_buf[5].out[0] (.names)                                      0.218     2.217
out:dly_tap_val_inv_buf[5].outpad[0] (.output)                              0.890     3.108
data arrival time                                                                 3.108

clock virtual_io_clock (rise edge)                                      0.000     0.000
clock source latency                                                    0.000     0.000
clock uncertainty                                                       0.000     0.000
output external delay                                                   0.000     0.000
data required time                                                                0.000
---------------------------------------------------------------------------------------
data required time                                                                0.000
data arrival time                                                                -3.108
---------------------------------------------------------------------------------------
slack (VIOLATED)                                                                 -3.108


#Path 7
Startpoint: dly_adj_buf.inpad[0] (.input clocked by virtual_io_clock)
Endpoint  : out:$f2g_trx_dly_adj_buf_dly_adj_buf_inv.outpad[0] (.output clocked by virtual_io_clock)
Path Type : setup

Point                                                                       Incr      Path
------------------------------------------------------------------------------------------
clock virtual_io_clock (rise edge)                                         0.000     0.000
clock source latency                                                       0.000     0.000
input external delay                                                       0.000     0.000
dly_adj_buf.inpad[0] (.input)                                                  0.000     0.000
dly_adj_buf_inv.in[0] (.names)                                                 0.890     0.890
dly_adj_buf_inv.out[0] (.names)                                                0.218     1.109
$f2g_trx_dly_adj_buf_dly_adj_buf_inv.in[0] (.names)                                0.890     1.999
$f2g_trx_dly_adj_buf_dly_adj_buf_inv.out[0] (.names)                               0.218     2.217
out:$f2g_trx_dly_adj_buf_dly_adj_buf_inv.outpad[0] (.output)                       0.890     3.108
data arrival time                                                                    3.108

clock virtual_io_clock (rise edge)                                         0.000     0.000
clock source latency                                                       0.000     0.000
clock uncertainty                                                          0.000     0.000
output external delay                                                      0.000     0.000
data required time                                                                   0.000
------------------------------------------------------------------------------------------
data required time                                                                   0.000
data arrival time                                                                   -3.108
------------------------------------------------------------------------------------------
slack (VIOLATED)                                                                    -3.108


#Path 8
Startpoint: dly_incdec_buf.inpad[0] (.input clocked by virtual_io_clock)
Endpoint  : out:$f2g_trx_dly_inc_dly_incdec_buf_inv.outpad[0] (.output clocked by virtual_io_clock)
Path Type : setup

Point                                                                          Incr      Path
---------------------------------------------------------------------------------------------
clock virtual_io_clock (rise edge)                                            0.000     0.000
clock source latency                                                          0.000     0.000
input external delay                                                          0.000     0.000
dly_incdec_buf.inpad[0] (.input)                                                  0.000     0.000
dly_incdec_buf_inv.in[0] (.names)                                                 0.890     0.890
dly_incdec_buf_inv.out[0] (.names)                                                0.218     1.109
$f2g_trx_dly_inc_dly_incdec_buf_inv.in[0] (.names)                                0.890     1.999
$f2g_trx_dly_inc_dly_incdec_buf_inv.out[0] (.names)                               0.218     2.217
out:$f2g_trx_dly_inc_dly_incdec_buf_inv.outpad[0] (.output)                       0.890     3.108
data arrival time                                                                       3.108

clock virtual_io_clock (rise edge)                                            0.000     0.000
clock source latency                                                          0.000     0.000
clock uncertainty                                                             0.000     0.000
output external delay                                                         0.000     0.000
data required time                                                                      0.000
---------------------------------------------------------------------------------------------
data required time                                                                      0.000
data arrival time                                                                      -3.108
---------------------------------------------------------------------------------------------
slack (VIOLATED)                                                                       -3.108


#Path 9
Startpoint: dly_ld_buf.inpad[0] (.input clocked by virtual_io_clock)
Endpoint  : out:$f2g_trx_dly_ld_buf_dly_ld_buf_inv.outpad[0] (.output clocked by virtual_io_clock)
Path Type : setup

Point                                                                     Incr      Path
----------------------------------------------------------------------------------------
clock virtual_io_clock (rise edge)                                       0.000     0.000
clock source latency                                                     0.000     0.000
input external delay                                                     0.000     0.000
dly_ld_buf.inpad[0] (.input)                                                 0.000     0.000
dly_ld_buf_inv.in[0] (.names)                                                0.890     0.890
dly_ld_buf_inv.out[0] (.names)                                               0.218     1.109
$f2g_trx_dly_ld_buf_dly_ld_buf_inv.in[0] (.names)                                0.890     1.999
$f2g_trx_dly_ld_buf_dly_ld_buf_inv.out[0] (.names)                               0.218     2.217
out:$f2g_trx_dly_ld_buf_dly_ld_buf_inv.outpad[0] (.output)                       0.890     3.108
data arrival time                                                                  3.108

clock virtual_io_clock (rise edge)                                       0.000     0.000
clock source latency                                                     0.000     0.000
clock uncertainty                                                        0.000     0.000
output external delay                                                    0.000     0.000
data required time                                                                 0.000
----------------------------------------------------------------------------------------
data required time                                                                 0.000
data arrival time                                                                 -3.108
----------------------------------------------------------------------------------------
slack (VIOLATED)                                                                  -3.108


#Path 10
Startpoint: $f2g_trx_dly_tap_dly_tap_val[0].inpad[0] (.input clocked by virtual_io_clock)
Endpoint  : out:$auto$rs_design_edit.cc:498:handle_dangling_outs$511.outpad[0] (.output clocked by virtual_io_clock)
Path Type : setup

Point                                                                                               Incr      Path
------------------------------------------------------------------------------------------------------------------
clock virtual_io_clock (rise edge)                                                                 0.000     0.000
clock source latency                                                                               0.000     0.000
input external delay                                                                               0.000     0.000
$f2g_trx_dly_tap_dly_tap_val[0].inpad[0] (.input)                                                  0.000     0.000
$auto$rs_design_edit.cc:498:handle_dangling_outs$511.in[0] (.names)                                0.890     0.890
$auto$rs_design_edit.cc:498:handle_dangling_outs$511.out[0] (.names)                               0.218     1.109
out:$auto$rs_design_edit.cc:498:handle_dangling_outs$511.outpad[0] (.output)                       0.890     1.999
data arrival time                                                                                            1.999

clock virtual_io_clock (rise edge)                                                                 0.000     0.000
clock source latency                                                                               0.000     0.000
clock uncertainty                                                                                  0.000     0.000
output external delay                                                                              0.000     0.000
data required time                                                                                           0.000
------------------------------------------------------------------------------------------------------------------
data required time                                                                                           0.000
data arrival time                                                                                           -1.999
------------------------------------------------------------------------------------------------------------------
slack (VIOLATED)                                                                                            -1.999


#Path 11
Startpoint: $f2g_trx_dly_tap_dly_tap_val[1].inpad[0] (.input clocked by virtual_io_clock)
Endpoint  : out:$auto$rs_design_edit.cc:498:handle_dangling_outs$510.outpad[0] (.output clocked by virtual_io_clock)
Path Type : setup

Point                                                                                               Incr      Path
------------------------------------------------------------------------------------------------------------------
clock virtual_io_clock (rise edge)                                                                 0.000     0.000
clock source latency                                                                               0.000     0.000
input external delay                                                                               0.000     0.000
$f2g_trx_dly_tap_dly_tap_val[1].inpad[0] (.input)                                                  0.000     0.000
$auto$rs_design_edit.cc:498:handle_dangling_outs$510.in[0] (.names)                                0.890     0.890
$auto$rs_design_edit.cc:498:handle_dangling_outs$510.out[0] (.names)                               0.218     1.109
out:$auto$rs_design_edit.cc:498:handle_dangling_outs$510.outpad[0] (.output)                       0.890     1.999
data arrival time                                                                                            1.999

clock virtual_io_clock (rise edge)                                                                 0.000     0.000
clock source latency                                                                               0.000     0.000
clock uncertainty                                                                                  0.000     0.000
output external delay                                                                              0.000     0.000
data required time                                                                                           0.000
------------------------------------------------------------------------------------------------------------------
data required time                                                                                           0.000
data arrival time                                                                                           -1.999
------------------------------------------------------------------------------------------------------------------
slack (VIOLATED)                                                                                            -1.999


#Path 12
Startpoint: $f2g_trx_dly_tap_dly_tap_val[2].inpad[0] (.input clocked by virtual_io_clock)
Endpoint  : out:$auto$rs_design_edit.cc:498:handle_dangling_outs$509.outpad[0] (.output clocked by virtual_io_clock)
Path Type : setup

Point                                                                                               Incr      Path
------------------------------------------------------------------------------------------------------------------
clock virtual_io_clock (rise edge)                                                                 0.000     0.000
clock source latency                                                                               0.000     0.000
input external delay                                                                               0.000     0.000
$f2g_trx_dly_tap_dly_tap_val[2].inpad[0] (.input)                                                  0.000     0.000
$auto$rs_design_edit.cc:498:handle_dangling_outs$509.in[0] (.names)                                0.890     0.890
$auto$rs_design_edit.cc:498:handle_dangling_outs$509.out[0] (.names)                               0.218     1.109
out:$auto$rs_design_edit.cc:498:handle_dangling_outs$509.outpad[0] (.output)                       0.890     1.999
data arrival time                                                                                            1.999

clock virtual_io_clock (rise edge)                                                                 0.000     0.000
clock source latency                                                                               0.000     0.000
clock uncertainty                                                                                  0.000     0.000
output external delay                                                                              0.000     0.000
data required time                                                                                           0.000
------------------------------------------------------------------------------------------------------------------
data required time                                                                                           0.000
data arrival time                                                                                           -1.999
------------------------------------------------------------------------------------------------------------------
slack (VIOLATED)                                                                                            -1.999


#Path 13
Startpoint: $f2g_trx_dly_tap_dly_tap_val[3].inpad[0] (.input clocked by virtual_io_clock)
Endpoint  : out:$auto$rs_design_edit.cc:498:handle_dangling_outs$508.outpad[0] (.output clocked by virtual_io_clock)
Path Type : setup

Point                                                                                               Incr      Path
------------------------------------------------------------------------------------------------------------------
clock virtual_io_clock (rise edge)                                                                 0.000     0.000
clock source latency                                                                               0.000     0.000
input external delay                                                                               0.000     0.000
$f2g_trx_dly_tap_dly_tap_val[3].inpad[0] (.input)                                                  0.000     0.000
$auto$rs_design_edit.cc:498:handle_dangling_outs$508.in[0] (.names)                                0.890     0.890
$auto$rs_design_edit.cc:498:handle_dangling_outs$508.out[0] (.names)                               0.218     1.109
out:$auto$rs_design_edit.cc:498:handle_dangling_outs$508.outpad[0] (.output)                       0.890     1.999
data arrival time                                                                                            1.999

clock virtual_io_clock (rise edge)                                                                 0.000     0.000
clock source latency                                                                               0.000     0.000
clock uncertainty                                                                                  0.000     0.000
output external delay                                                                              0.000     0.000
data required time                                                                                           0.000
------------------------------------------------------------------------------------------------------------------
data required time                                                                                           0.000
data arrival time                                                                                           -1.999
------------------------------------------------------------------------------------------------------------------
slack (VIOLATED)                                                                                            -1.999


#Path 14
Startpoint: $f2g_trx_dly_tap_dly_tap_val[4].inpad[0] (.input clocked by virtual_io_clock)
Endpoint  : out:$auto$rs_design_edit.cc:498:handle_dangling_outs$507.outpad[0] (.output clocked by virtual_io_clock)
Path Type : setup

Point                                                                                               Incr      Path
------------------------------------------------------------------------------------------------------------------
clock virtual_io_clock (rise edge)                                                                 0.000     0.000
clock source latency                                                                               0.000     0.000
input external delay                                                                               0.000     0.000
$f2g_trx_dly_tap_dly_tap_val[4].inpad[0] (.input)                                                  0.000     0.000
$auto$rs_design_edit.cc:498:handle_dangling_outs$507.in[0] (.names)                                0.890     0.890
$auto$rs_design_edit.cc:498:handle_dangling_outs$507.out[0] (.names)                               0.218     1.109
out:$auto$rs_design_edit.cc:498:handle_dangling_outs$507.outpad[0] (.output)                       0.890     1.999
data arrival time                                                                                            1.999

clock virtual_io_clock (rise edge)                                                                 0.000     0.000
clock source latency                                                                               0.000     0.000
clock uncertainty                                                                                  0.000     0.000
output external delay                                                                              0.000     0.000
data required time                                                                                           0.000
------------------------------------------------------------------------------------------------------------------
data required time                                                                                           0.000
data arrival time                                                                                           -1.999
------------------------------------------------------------------------------------------------------------------
slack (VIOLATED)                                                                                            -1.999


#Path 15
Startpoint: $f2g_trx_dly_tap_dly_tap_val[5].inpad[0] (.input clocked by virtual_io_clock)
Endpoint  : out:$auto$rs_design_edit.cc:498:handle_dangling_outs$506.outpad[0] (.output clocked by virtual_io_clock)
Path Type : setup

Point                                                                                               Incr      Path
------------------------------------------------------------------------------------------------------------------
clock virtual_io_clock (rise edge)                                                                 0.000     0.000
clock source latency                                                                               0.000     0.000
input external delay                                                                               0.000     0.000
$f2g_trx_dly_tap_dly_tap_val[5].inpad[0] (.input)                                                  0.000     0.000
$auto$rs_design_edit.cc:498:handle_dangling_outs$506.in[0] (.names)                                0.890     0.890
$auto$rs_design_edit.cc:498:handle_dangling_outs$506.out[0] (.names)                               0.218     1.109
out:$auto$rs_design_edit.cc:498:handle_dangling_outs$506.outpad[0] (.output)                       0.890     1.999
data arrival time                                                                                            1.999

clock virtual_io_clock (rise edge)                                                                 0.000     0.000
clock source latency                                                                               0.000     0.000
clock uncertainty                                                                                  0.000     0.000
output external delay                                                                              0.000     0.000
data required time                                                                                           0.000
------------------------------------------------------------------------------------------------------------------
data required time                                                                                           0.000
data arrival time                                                                                           -1.999
------------------------------------------------------------------------------------------------------------------
slack (VIOLATED)                                                                                            -1.999


#Path 16
Startpoint: data_i.inpad[0] (.input clocked by virtual_io_clock)
Endpoint  : out:data_i_inv_delayed.outpad[0] (.output clocked by virtual_io_clock)
Path Type : setup

Point                                                             Incr      Path
--------------------------------------------------------------------------------
clock virtual_io_clock (rise edge)                               0.000     0.000
clock source latency                                             0.000     0.000
input external delay                                             0.000     0.000
data_i.inpad[0] (.input)                                         0.000     0.000
data_i_inv_delayed.in[0] (.names)                                0.890     0.890
data_i_inv_delayed.out[0] (.names)                               0.218     1.109
out:data_i_inv_delayed.outpad[0] (.output)                       0.890     1.999
data arrival time                                                          1.999

clock virtual_io_clock (rise edge)                               0.000     0.000
clock source latency                                             0.000     0.000
clock uncertainty                                                0.000     0.000
output external delay                                            0.000     0.000
data required time                                                         0.000
--------------------------------------------------------------------------------
data required time                                                         0.000
data arrival time                                                         -1.999
--------------------------------------------------------------------------------
slack (VIOLATED)                                                          -1.999


#End of timing report
