/*******************************************************************************
Copyright (c) 2022-2024 Rapid Silicon
This source code contains proprietary information belonging to Rapid Silicon
(the "licensor") released under license and non-disclosure agreement to the
recipient (the "licensee").

The information shared and protected by the license and non-disclosure agreement
includes but is not limited to the following:
* operational algorithms of the product
* logos, graphics, source code, and visual presentation of the product
* confidential operational information of the licensor

The recipient of this source code is NOT permitted to publicly disclose,
re-use, archive beyond the period of the license agreement, transfer to a
sub-licensee, or re-implement any portion of the content covered by the license
and non-disclosure agreement without the prior written consent of the licensor.
*********************************************************************************/

Version  : 2024.09
Build    : 1.2.7
Hash     : ceb4202
Date     : Sep 25 2024
Type     : Engineering
Log Time   : Wed Sep 25 12:53:11 2024 GMT
#Timing report of worst 39 path(s)
# Unit scale: 1e-09 seconds
# Output precision: 3

# Logical Levels: 5
# Timing Graph Levels: 8

#Path 1
Startpoint: $ibuf_Pstart_0_.inpad[0] (.input clocked by rscga_virt_clk)
Endpoint  : out:$f2g_tx_out_$obuf_Pnew_count_2_.outpad[0] (.output clocked by rscga_virt_clk)
Path Type : setup

Point                                                                          Incr      Path
---------------------------------------------------------------------------------------------
clock rscga_virt_clk (rise edge)                                              0.000     0.000
clock source latency                                                          0.000     0.000
input external delay                                                          0.000     0.000
$ibuf_Pstart_0_.inpad[0] (.input)                                             0.000     0.000
$obuf_Pnew_count_2_.in[4] (.names)                                            1.379     1.379
$obuf_Pnew_count_2_.out[0] (.names)                                           0.218     1.597
$f2g_tx_out_$obuf_Pnew_count_2_.in[0] (.names)                                0.247     1.844
$f2g_tx_out_$obuf_Pnew_count_2_.out[0] (.names)                               0.148     1.992
out:$f2g_tx_out_$obuf_Pnew_count_2_.outpad[0] (.output)                       1.312     3.304
data arrival time                                                                       3.304

clock rscga_virt_clk (rise edge)                                              2.500     2.500
clock source latency                                                          0.000     2.500
clock uncertainty                                                            -0.298     2.202
output external delay                                                         0.000     2.202
data required time                                                                      2.202
---------------------------------------------------------------------------------------------
data required time                                                                      2.202
data arrival time                                                                      -3.304
---------------------------------------------------------------------------------------------
slack (VIOLATED)                                                                       -1.102


#Path 2
Startpoint: $ibuf_Pstart_0_.inpad[0] (.input clocked by rscga_virt_clk)
Endpoint  : out:$f2g_tx_out_$obuf_Pdata_ready_0_.outpad[0] (.output clocked by rscga_virt_clk)
Path Type : setup

Point                                                                           Incr      Path
----------------------------------------------------------------------------------------------
clock rscga_virt_clk (rise edge)                                               0.000     0.000
clock source latency                                                           0.000     0.000
input external delay                                                           0.000     0.000
$ibuf_Pstart_0_.inpad[0] (.input)                                              0.000     0.000
$obuf_Pnew_count_3_.in[2] (.names)                                             1.379     1.379
$obuf_Pnew_count_3_.out[0] (.names)                                            0.173     1.551
$obuf_Pdata_ready_0_.in[3] (.names)                                            0.247     1.798
$obuf_Pdata_ready_0_.out[0] (.names)                                           0.136     1.934
$f2g_tx_out_$obuf_Pdata_ready_0_.in[0] (.names)                                0.085     2.019
$f2g_tx_out_$obuf_Pdata_ready_0_.out[0] (.names)                               0.218     2.237
out:$f2g_tx_out_$obuf_Pdata_ready_0_.outpad[0] (.output)                       1.013     3.250
data arrival time                                                                        3.250

clock rscga_virt_clk (rise edge)                                               2.500     2.500
clock source latency                                                           0.000     2.500
clock uncertainty                                                             -0.298     2.202
output external delay                                                          0.000     2.202
data required time                                                                       2.202
----------------------------------------------------------------------------------------------
data required time                                                                       2.202
data arrival time                                                                       -3.250
----------------------------------------------------------------------------------------------
slack (VIOLATED)                                                                        -1.048


#Path 3
Startpoint: $ibuf_Pstart_0_.inpad[0] (.input clocked by rscga_virt_clk)
Endpoint  : out:$f2g_tx_out_$obuf_Pnew_count_0_.outpad[0] (.output clocked by rscga_virt_clk)
Path Type : setup

Point                                                                          Incr      Path
---------------------------------------------------------------------------------------------
clock rscga_virt_clk (rise edge)                                              0.000     0.000
clock source latency                                                          0.000     0.000
input external delay                                                          0.000     0.000
$ibuf_Pstart_0_.inpad[0] (.input)                                             0.000     0.000
$obuf_Pnew_count_0_.in[0] (.names)                                            1.379     1.379
$obuf_Pnew_count_0_.out[0] (.names)                                           0.218     1.597
$f2g_tx_out_$obuf_Pnew_count_0_.in[0] (.names)                                0.085     1.682
$f2g_tx_out_$obuf_Pnew_count_0_.out[0] (.names)                               0.136     1.818
out:$f2g_tx_out_$obuf_Pnew_count_0_.outpad[0] (.output)                       1.373     3.191
data arrival time                                                                       3.191

clock rscga_virt_clk (rise edge)                                              2.500     2.500
clock source latency                                                          0.000     2.500
clock uncertainty                                                            -0.298     2.202
output external delay                                                         0.000     2.202
data required time                                                                      2.202
---------------------------------------------------------------------------------------------
data required time                                                                      2.202
data arrival time                                                                      -3.191
---------------------------------------------------------------------------------------------
slack (VIOLATED)                                                                       -0.989


#Path 4
Startpoint: $ibuf_Pstart_0_.inpad[0] (.input clocked by rscga_virt_clk)
Endpoint  : out:$f2g_tx_out_$obuf_Pnew_count_1_.outpad[0] (.output clocked by rscga_virt_clk)
Path Type : setup

Point                                                                          Incr      Path
---------------------------------------------------------------------------------------------
clock rscga_virt_clk (rise edge)                                              0.000     0.000
clock source latency                                                          0.000     0.000
input external delay                                                          0.000     0.000
$ibuf_Pstart_0_.inpad[0] (.input)                                             0.000     0.000
$obuf_Pnew_count_1_.in[3] (.names)                                            1.379     1.379
$obuf_Pnew_count_1_.out[0] (.names)                                           0.218     1.597
$f2g_tx_out_$obuf_Pnew_count_1_.in[0] (.names)                                0.308     1.905
$f2g_tx_out_$obuf_Pnew_count_1_.out[0] (.names)                               0.099     2.004
out:$f2g_tx_out_$obuf_Pnew_count_1_.outpad[0] (.output)                       1.132     3.136
data arrival time                                                                       3.136

clock rscga_virt_clk (rise edge)                                              2.500     2.500
clock source latency                                                          0.000     2.500
clock uncertainty                                                            -0.298     2.202
output external delay                                                         0.000     2.202
data required time                                                                      2.202
---------------------------------------------------------------------------------------------
data required time                                                                      2.202
data arrival time                                                                      -3.136
---------------------------------------------------------------------------------------------
slack (VIOLATED)                                                                       -0.934


#Path 5
Startpoint: $ibuf_Pstart_0_.inpad[0] (.input clocked by rscga_virt_clk)
Endpoint  : out:$f2g_tx_out_$obuf_Pnew_count_3_.outpad[0] (.output clocked by rscga_virt_clk)
Path Type : setup

Point                                                                          Incr      Path
---------------------------------------------------------------------------------------------
clock rscga_virt_clk (rise edge)                                              0.000     0.000
clock source latency                                                          0.000     0.000
input external delay                                                          0.000     0.000
$ibuf_Pstart_0_.inpad[0] (.input)                                             0.000     0.000
$obuf_Pnew_count_3_.in[2] (.names)                                            1.379     1.379
$obuf_Pnew_count_3_.out[0] (.names)                                           0.173     1.551
$f2g_tx_out_$obuf_Pnew_count_3_.in[0] (.names)                                0.085     1.637
$f2g_tx_out_$obuf_Pnew_count_3_.out[0] (.names)                               0.218     1.855
out:$f2g_tx_out_$obuf_Pnew_count_3_.outpad[0] (.output)                       1.074     2.929
data arrival time                                                                       2.929

clock rscga_virt_clk (rise edge)                                              2.500     2.500
clock source latency                                                          0.000     2.500
clock uncertainty                                                            -0.298     2.202
output external delay                                                         0.000     2.202
data required time                                                                      2.202
---------------------------------------------------------------------------------------------
data required time                                                                      2.202
data arrival time                                                                      -2.929
---------------------------------------------------------------------------------------------
slack (VIOLATED)                                                                       -0.727


#Path 6
Startpoint: $ibuf_Pkey_23_.inpad[0] (.input clocked by rscga_virt_clk)
Endpoint  : out:$auto_92984.outpad[0] (.output clocked by rscga_virt_clk)
Path Type : setup

Point                                                             Incr      Path
--------------------------------------------------------------------------------
clock rscga_virt_clk (rise edge)                                 0.000     0.000
clock source latency                                             0.000     0.000
input external delay                                             0.000     0.000
$ibuf_Pkey_23_.inpad[0] (.input)                                 0.000     0.000
$auto_92984.in[0] (.names)                                       1.501     1.501
$auto_92984.out[0] (.names)                                      0.135     1.636
out:$auto_92984.outpad[0] (.output)                              1.251     2.888
data arrival time                                                          2.888

clock rscga_virt_clk (rise edge)                                 2.500     2.500
clock source latency                                             0.000     2.500
clock uncertainty                                               -0.298     2.202
output external delay                                            0.000     2.202
data required time                                                         2.202
--------------------------------------------------------------------------------
data required time                                                         2.202
data arrival time                                                         -2.888
--------------------------------------------------------------------------------
slack (VIOLATED)                                                          -0.686


#Path 7
Startpoint: $ibuf_Pkey_71_.inpad[0] (.input clocked by rscga_virt_clk)
Endpoint  : out:$auto_92992.outpad[0] (.output clocked by rscga_virt_clk)
Path Type : setup

Point                                                             Incr      Path
--------------------------------------------------------------------------------
clock rscga_virt_clk (rise edge)                                 0.000     0.000
clock source latency                                             0.000     0.000
input external delay                                             0.000     0.000
$ibuf_Pkey_71_.inpad[0] (.input)                                 0.000     0.000
$auto_92992.in[0] (.names)                                       1.382     1.382
$auto_92992.out[0] (.names)                                      0.099     1.481
out:$auto_92992.outpad[0] (.output)                              1.373     2.854
data arrival time                                                          2.854

clock rscga_virt_clk (rise edge)                                 2.500     2.500
clock source latency                                             0.000     2.500
clock uncertainty                                               -0.298     2.202
output external delay                                            0.000     2.202
data required time                                                         2.202
--------------------------------------------------------------------------------
data required time                                                         2.202
data arrival time                                                         -2.854
--------------------------------------------------------------------------------
slack (VIOLATED)                                                          -0.652


#Path 8
Startpoint: $ibuf_Pkey_15_.inpad[0] (.input clocked by rscga_virt_clk)
Endpoint  : out:$auto_92972.outpad[0] (.output clocked by rscga_virt_clk)
Path Type : setup

Point                                                             Incr      Path
--------------------------------------------------------------------------------
clock rscga_virt_clk (rise edge)                                 0.000     0.000
clock source latency                                             0.000     0.000
input external delay                                             0.000     0.000
$ibuf_Pkey_15_.inpad[0] (.input)                                 0.000     0.000
$auto_92972.in[0] (.names)                                       1.382     1.382
$auto_92972.out[0] (.names)                                      0.135     1.517
out:$auto_92972.outpad[0] (.output)                              1.315     2.833
data arrival time                                                          2.833

clock rscga_virt_clk (rise edge)                                 2.500     2.500
clock source latency                                             0.000     2.500
clock uncertainty                                               -0.298     2.202
output external delay                                            0.000     2.202
data required time                                                         2.202
--------------------------------------------------------------------------------
data required time                                                         2.202
data arrival time                                                         -2.833
--------------------------------------------------------------------------------
slack (VIOLATED)                                                          -0.631


#Path 9
Startpoint: $ibuf_Pkey_143_.inpad[0] (.input clocked by rscga_virt_clk)
Endpoint  : out:$auto_92969.outpad[0] (.output clocked by rscga_virt_clk)
Path Type : setup

Point                                                             Incr      Path
--------------------------------------------------------------------------------
clock rscga_virt_clk (rise edge)                                 0.000     0.000
clock source latency                                             0.000     0.000
input external delay                                             0.000     0.000
$ibuf_Pkey_143_.inpad[0] (.input)                                0.000     0.000
$auto_92969.in[0] (.names)                                       1.443     1.443
$auto_92969.out[0] (.names)                                      0.135     1.578
out:$auto_92969.outpad[0] (.output)                              1.254     2.833
data arrival time                                                          2.833

clock rscga_virt_clk (rise edge)                                 2.500     2.500
clock source latency                                             0.000     2.500
clock uncertainty                                               -0.298     2.202
output external delay                                            0.000     2.202
data required time                                                         2.202
--------------------------------------------------------------------------------
data required time                                                         2.202
data arrival time                                                         -2.833
--------------------------------------------------------------------------------
slack (VIOLATED)                                                          -0.631


#Path 10
Startpoint: $ibuf_Pkey_119_.inpad[0] (.input clocked by rscga_virt_clk)
Endpoint  : out:$auto_92966.outpad[0] (.output clocked by rscga_virt_clk)
Path Type : setup

Point                                                             Incr      Path
--------------------------------------------------------------------------------
clock rscga_virt_clk (rise edge)                                 0.000     0.000
clock source latency                                             0.000     0.000
input external delay                                             0.000     0.000
$ibuf_Pkey_119_.inpad[0] (.input)                                0.000     0.000
$auto_92966.in[0] (.names)                                       1.443     1.443
$auto_92966.out[0] (.names)                                      0.135     1.578
out:$auto_92966.outpad[0] (.output)                              1.196     2.775
data arrival time                                                          2.775

clock rscga_virt_clk (rise edge)                                 2.500     2.500
clock source latency                                             0.000     2.500
clock uncertainty                                               -0.298     2.202
output external delay                                            0.000     2.202
data required time                                                         2.202
--------------------------------------------------------------------------------
data required time                                                         2.202
data arrival time                                                         -2.775
--------------------------------------------------------------------------------
slack (VIOLATED)                                                          -0.573


#Path 11
Startpoint: $ibuf_Pkey_103_.inpad[0] (.input clocked by rscga_virt_clk)
Endpoint  : out:$auto_92963.outpad[0] (.output clocked by rscga_virt_clk)
Path Type : setup

Point                                                             Incr      Path
--------------------------------------------------------------------------------
clock rscga_virt_clk (rise edge)                                 0.000     0.000
clock source latency                                             0.000     0.000
input external delay                                             0.000     0.000
$ibuf_Pkey_103_.inpad[0] (.input)                                0.000     0.000
$auto_92963.in[0] (.names)                                       1.379     1.379
$auto_92963.out[0] (.names)                                      0.135     1.514
out:$auto_92963.outpad[0] (.output)                              1.251     2.766
data arrival time                                                          2.766

clock rscga_virt_clk (rise edge)                                 2.500     2.500
clock source latency                                             0.000     2.500
clock uncertainty                                               -0.298     2.202
output external delay                                            0.000     2.202
data required time                                                         2.202
--------------------------------------------------------------------------------
data required time                                                         2.202
data arrival time                                                         -2.766
--------------------------------------------------------------------------------
slack (VIOLATED)                                                          -0.564


#Path 12
Startpoint: $ibuf_Pkey_159_.inpad[0] (.input clocked by rscga_virt_clk)
Endpoint  : out:$auto_92971.outpad[0] (.output clocked by rscga_virt_clk)
Path Type : setup

Point                                                             Incr      Path
--------------------------------------------------------------------------------
clock rscga_virt_clk (rise edge)                                 0.000     0.000
clock source latency                                             0.000     0.000
input external delay                                             0.000     0.000
$ibuf_Pkey_159_.inpad[0] (.input)                                0.000     0.000
$auto_92971.in[0] (.names)                                       1.321     1.321
$auto_92971.out[0] (.names)                                      0.136     1.457
out:$auto_92971.outpad[0] (.output)                              1.309     2.766
data arrival time                                                          2.766

clock rscga_virt_clk (rise edge)                                 2.500     2.500
clock source latency                                             0.000     2.500
clock uncertainty                                               -0.298     2.202
output external delay                                            0.000     2.202
data required time                                                         2.202
--------------------------------------------------------------------------------
data required time                                                         2.202
data arrival time                                                         -2.766
--------------------------------------------------------------------------------
slack (VIOLATED)                                                          -0.564


#Path 13
Startpoint: $ibuf_Pkey_63_.inpad[0] (.input clocked by rscga_virt_clk)
Endpoint  : out:$auto_92991.outpad[0] (.output clocked by rscga_virt_clk)
Path Type : setup

Point                                                             Incr      Path
--------------------------------------------------------------------------------
clock rscga_virt_clk (rise edge)                                 0.000     0.000
clock source latency                                             0.000     0.000
input external delay                                             0.000     0.000
$ibuf_Pkey_63_.inpad[0] (.input)                                 0.000     0.000
$auto_92991.in[0] (.names)                                       1.321     1.321
$auto_92991.out[0] (.names)                                      0.099     1.420
out:$auto_92991.outpad[0] (.output)                              1.309     2.729
data arrival time                                                          2.729

clock rscga_virt_clk (rise edge)                                 2.500     2.500
clock source latency                                             0.000     2.500
clock uncertainty                                               -0.298     2.202
output external delay                                            0.000     2.202
data required time                                                         2.202
--------------------------------------------------------------------------------
data required time                                                         2.202
data arrival time                                                         -2.729
--------------------------------------------------------------------------------
slack (VIOLATED)                                                          -0.527


#Path 14
Startpoint: $ibuf_Pkey_87_.inpad[0] (.input clocked by rscga_virt_clk)
Endpoint  : out:$auto_92995.outpad[0] (.output clocked by rscga_virt_clk)
Path Type : setup

Point                                                             Incr      Path
--------------------------------------------------------------------------------
clock rscga_virt_clk (rise edge)                                 0.000     0.000
clock source latency                                             0.000     0.000
input external delay                                             0.000     0.000
$ibuf_Pkey_87_.inpad[0] (.input)                                 0.000     0.000
$auto_92995.in[0] (.names)                                       1.260     1.260
$auto_92995.out[0] (.names)                                      0.148     1.408
out:$auto_92995.outpad[0] (.output)                              1.312     2.720
data arrival time                                                          2.720

clock rscga_virt_clk (rise edge)                                 2.500     2.500
clock source latency                                             0.000     2.500
clock uncertainty                                               -0.298     2.202
output external delay                                            0.000     2.202
data required time                                                         2.202
--------------------------------------------------------------------------------
data required time                                                         2.202
data arrival time                                                         -2.720
--------------------------------------------------------------------------------
slack (VIOLATED)                                                          -0.518


#Path 15
Startpoint: $ibuf_Pkey_183_.inpad[0] (.input clocked by rscga_virt_clk)
Endpoint  : out:$auto_92975.outpad[0] (.output clocked by rscga_virt_clk)
Path Type : setup

Point                                                             Incr      Path
--------------------------------------------------------------------------------
clock rscga_virt_clk (rise edge)                                 0.000     0.000
clock source latency                                             0.000     0.000
input external delay                                             0.000     0.000
$ibuf_Pkey_183_.inpad[0] (.input)                                0.000     0.000
$auto_92975.in[0] (.names)                                       1.321     1.321
$auto_92975.out[0] (.names)                                      0.136     1.457
out:$auto_92975.outpad[0] (.output)                              1.257     2.714
data arrival time                                                          2.714

clock rscga_virt_clk (rise edge)                                 2.500     2.500
clock source latency                                             0.000     2.500
clock uncertainty                                               -0.298     2.202
output external delay                                            0.000     2.202
data required time                                                         2.202
--------------------------------------------------------------------------------
data required time                                                         2.202
data arrival time                                                         -2.714
--------------------------------------------------------------------------------
slack (VIOLATED)                                                          -0.512


#Path 16
Startpoint: $ibuf_Pkey_191_.inpad[0] (.input clocked by rscga_virt_clk)
Endpoint  : out:$auto_92976.outpad[0] (.output clocked by rscga_virt_clk)
Path Type : setup

Point                                                             Incr      Path
--------------------------------------------------------------------------------
clock rscga_virt_clk (rise edge)                                 0.000     0.000
clock source latency                                             0.000     0.000
input external delay                                             0.000     0.000
$ibuf_Pkey_191_.inpad[0] (.input)                                0.000     0.000
$auto_92976.in[0] (.names)                                       1.321     1.321
$auto_92976.out[0] (.names)                                      0.136     1.457
out:$auto_92976.outpad[0] (.output)                              1.257     2.714
data arrival time                                                          2.714

clock rscga_virt_clk (rise edge)                                 2.500     2.500
clock source latency                                             0.000     2.500
clock uncertainty                                               -0.298     2.202
output external delay                                            0.000     2.202
data required time                                                         2.202
--------------------------------------------------------------------------------
data required time                                                         2.202
data arrival time                                                         -2.714
--------------------------------------------------------------------------------
slack (VIOLATED)                                                          -0.512


#Path 17
Startpoint: $ibuf_Pkey_236_.inpad[0] (.input clocked by rscga_virt_clk)
Endpoint  : out:$auto_92982.outpad[0] (.output clocked by rscga_virt_clk)
Path Type : setup

Point                                                             Incr      Path
--------------------------------------------------------------------------------
clock rscga_virt_clk (rise edge)                                 0.000     0.000
clock source latency                                             0.000     0.000
input external delay                                             0.000     0.000
$ibuf_Pkey_236_.inpad[0] (.input)                                0.000     0.000
$auto_92982.in[0] (.names)                                       1.321     1.321
$auto_92982.out[0] (.names)                                      0.136     1.457
out:$auto_92982.outpad[0] (.output)                              1.254     2.711
data arrival time                                                          2.711

clock rscga_virt_clk (rise edge)                                 2.500     2.500
clock source latency                                             0.000     2.500
clock uncertainty                                               -0.298     2.202
output external delay                                            0.000     2.202
data required time                                                         2.202
--------------------------------------------------------------------------------
data required time                                                         2.202
data arrival time                                                         -2.711
--------------------------------------------------------------------------------
slack (VIOLATED)                                                          -0.509


#Path 18
Startpoint: $ibuf_Pkey_231_.inpad[0] (.input clocked by rscga_virt_clk)
Endpoint  : out:$auto_92981.outpad[0] (.output clocked by rscga_virt_clk)
Path Type : setup

Point                                                             Incr      Path
--------------------------------------------------------------------------------
clock rscga_virt_clk (rise edge)                                 0.000     0.000
clock source latency                                             0.000     0.000
input external delay                                             0.000     0.000
$ibuf_Pkey_231_.inpad[0] (.input)                                0.000     0.000
$auto_92981.in[0] (.names)                                       1.379     1.379
$auto_92981.out[0] (.names)                                      0.135     1.514
out:$auto_92981.outpad[0] (.output)                              1.193     2.708
data arrival time                                                          2.708

clock rscga_virt_clk (rise edge)                                 2.500     2.500
clock source latency                                             0.000     2.500
clock uncertainty                                               -0.298     2.202
output external delay                                            0.000     2.202
data required time                                                         2.202
--------------------------------------------------------------------------------
data required time                                                         2.202
data arrival time                                                         -2.708
--------------------------------------------------------------------------------
slack (VIOLATED)                                                          -0.506


#Path 19
Startpoint: $ibuf_Pkey_95_.inpad[0] (.input clocked by rscga_virt_clk)
Endpoint  : out:$auto_92996.outpad[0] (.output clocked by rscga_virt_clk)
Path Type : setup

Point                                                             Incr      Path
--------------------------------------------------------------------------------
clock rscga_virt_clk (rise edge)                                 0.000     0.000
clock source latency                                             0.000     0.000
input external delay                                             0.000     0.000
$ibuf_Pkey_95_.inpad[0] (.input)                                 0.000     0.000
$auto_92996.in[0] (.names)                                       1.379     1.379
$auto_92996.out[0] (.names)                                      0.135     1.514
out:$auto_92996.outpad[0] (.output)                              1.193     2.708
data arrival time                                                          2.708

clock rscga_virt_clk (rise edge)                                 2.500     2.500
clock source latency                                             0.000     2.500
clock uncertainty                                               -0.298     2.202
output external delay                                            0.000     2.202
data required time                                                         2.202
--------------------------------------------------------------------------------
data required time                                                         2.202
data arrival time                                                         -2.708
--------------------------------------------------------------------------------
slack (VIOLATED)                                                          -0.506


#Path 20
Startpoint: $ibuf_Pkey_47_.inpad[0] (.input clocked by rscga_virt_clk)
Endpoint  : out:$auto_92989.outpad[0] (.output clocked by rscga_virt_clk)
Path Type : setup

Point                                                             Incr      Path
--------------------------------------------------------------------------------
clock rscga_virt_clk (rise edge)                                 0.000     0.000
clock source latency                                             0.000     0.000
input external delay                                             0.000     0.000
$ibuf_Pkey_47_.inpad[0] (.input)                                 0.000     0.000
$auto_92989.in[0] (.names)                                       1.260     1.260
$auto_92989.out[0] (.names)                                      0.135     1.396
out:$auto_92989.outpad[0] (.output)                              1.312     2.708
data arrival time                                                          2.708

clock rscga_virt_clk (rise edge)                                 2.500     2.500
clock source latency                                             0.000     2.500
clock uncertainty                                               -0.298     2.202
output external delay                                            0.000     2.202
data required time                                                         2.202
--------------------------------------------------------------------------------
data required time                                                         2.202
data arrival time                                                         -2.708
--------------------------------------------------------------------------------
slack (VIOLATED)                                                          -0.506


#Path 21
Startpoint: $ibuf_Pkey_175_.inpad[0] (.input clocked by rscga_virt_clk)
Endpoint  : out:$auto_92974.outpad[0] (.output clocked by rscga_virt_clk)
Path Type : setup

Point                                                             Incr      Path
--------------------------------------------------------------------------------
clock rscga_virt_clk (rise edge)                                 0.000     0.000
clock source latency                                             0.000     0.000
input external delay                                             0.000     0.000
$ibuf_Pkey_175_.inpad[0] (.input)                                0.000     0.000
$auto_92974.in[0] (.names)                                       1.263     1.263
$auto_92974.out[0] (.names)                                      0.135     1.399
out:$auto_92974.outpad[0] (.output)                              1.309     2.708
data arrival time                                                          2.708

clock rscga_virt_clk (rise edge)                                 2.500     2.500
clock source latency                                             0.000     2.500
clock uncertainty                                               -0.298     2.202
output external delay                                            0.000     2.202
data required time                                                         2.202
--------------------------------------------------------------------------------
data required time                                                         2.202
data arrival time                                                         -2.708
--------------------------------------------------------------------------------
slack (VIOLATED)                                                          -0.506


#Path 22
Startpoint: $ibuf_Pkey_215_.inpad[0] (.input clocked by rscga_virt_clk)
Endpoint  : out:$auto_92979.outpad[0] (.output clocked by rscga_virt_clk)
Path Type : setup

Point                                                             Incr      Path
--------------------------------------------------------------------------------
clock rscga_virt_clk (rise edge)                                 0.000     0.000
clock source latency                                             0.000     0.000
input external delay                                             0.000     0.000
$ibuf_Pkey_215_.inpad[0] (.input)                                0.000     0.000
$auto_92979.in[0] (.names)                                       1.321     1.321
$auto_92979.out[0] (.names)                                      0.136     1.457
out:$auto_92979.outpad[0] (.output)                              1.193     2.650
data arrival time                                                          2.650

clock rscga_virt_clk (rise edge)                                 2.500     2.500
clock source latency                                             0.000     2.500
clock uncertainty                                               -0.298     2.202
output external delay                                            0.000     2.202
data required time                                                         2.202
--------------------------------------------------------------------------------
data required time                                                         2.202
data arrival time                                                         -2.650
--------------------------------------------------------------------------------
slack (VIOLATED)                                                          -0.448


#Path 23
Startpoint: $ibuf_Pkey_111_.inpad[0] (.input clocked by rscga_virt_clk)
Endpoint  : out:$auto_92965.outpad[0] (.output clocked by rscga_virt_clk)
Path Type : setup

Point                                                             Incr      Path
--------------------------------------------------------------------------------
clock rscga_virt_clk (rise edge)                                 0.000     0.000
clock source latency                                             0.000     0.000
input external delay                                             0.000     0.000
$ibuf_Pkey_111_.inpad[0] (.input)                                0.000     0.000
$auto_92965.in[0] (.names)                                       1.321     1.321
$auto_92965.out[0] (.names)                                      0.136     1.457
out:$auto_92965.outpad[0] (.output)                              1.193     2.650
data arrival time                                                          2.650

clock rscga_virt_clk (rise edge)                                 2.500     2.500
clock source latency                                             0.000     2.500
clock uncertainty                                               -0.298     2.202
output external delay                                            0.000     2.202
data required time                                                         2.202
--------------------------------------------------------------------------------
data required time                                                         2.202
data arrival time                                                         -2.650
--------------------------------------------------------------------------------
slack (VIOLATED)                                                          -0.448


#Path 24
Startpoint: $ibuf_Pkey_79_.inpad[0] (.input clocked by rscga_virt_clk)
Endpoint  : out:$auto_92993.outpad[0] (.output clocked by rscga_virt_clk)
Path Type : setup

Point                                                             Incr      Path
--------------------------------------------------------------------------------
clock rscga_virt_clk (rise edge)                                 0.000     0.000
clock source latency                                             0.000     0.000
input external delay                                             0.000     0.000
$ibuf_Pkey_79_.inpad[0] (.input)                                 0.000     0.000
$auto_92993.in[0] (.names)                                       1.321     1.321
$auto_92993.out[0] (.names)                                      0.136     1.457
out:$auto_92993.outpad[0] (.output)                              1.193     2.650
data arrival time                                                          2.650

clock rscga_virt_clk (rise edge)                                 2.500     2.500
clock source latency                                             0.000     2.500
clock uncertainty                                               -0.298     2.202
output external delay                                            0.000     2.202
data required time                                                         2.202
--------------------------------------------------------------------------------
data required time                                                         2.202
data arrival time                                                         -2.650
--------------------------------------------------------------------------------
slack (VIOLATED)                                                          -0.448


#Path 25
Startpoint: $ibuf_Pkey_39_.inpad[0] (.input clocked by rscga_virt_clk)
Endpoint  : out:$auto_92988.outpad[0] (.output clocked by rscga_virt_clk)
Path Type : setup

Point                                                             Incr      Path
--------------------------------------------------------------------------------
clock rscga_virt_clk (rise edge)                                 0.000     0.000
clock source latency                                             0.000     0.000
input external delay                                             0.000     0.000
$ibuf_Pkey_39_.inpad[0] (.input)                                 0.000     0.000
$auto_92988.in[0] (.names)                                       1.321     1.321
$auto_92988.out[0] (.names)                                      0.136     1.457
out:$auto_92988.outpad[0] (.output)                              1.193     2.650
data arrival time                                                          2.650

clock rscga_virt_clk (rise edge)                                 2.500     2.500
clock source latency                                             0.000     2.500
clock uncertainty                                               -0.298     2.202
output external delay                                            0.000     2.202
data required time                                                         2.202
--------------------------------------------------------------------------------
data required time                                                         2.202
data arrival time                                                         -2.650
--------------------------------------------------------------------------------
slack (VIOLATED)                                                          -0.448


#Path 26
Startpoint: $ibuf_Pkey_55_.inpad[0] (.input clocked by rscga_virt_clk)
Endpoint  : out:$auto_92990.outpad[0] (.output clocked by rscga_virt_clk)
Path Type : setup

Point                                                             Incr      Path
--------------------------------------------------------------------------------
clock rscga_virt_clk (rise edge)                                 0.000     0.000
clock source latency                                             0.000     0.000
input external delay                                             0.000     0.000
$ibuf_Pkey_55_.inpad[0] (.input)                                 0.000     0.000
$auto_92990.in[0] (.names)                                       1.321     1.321
$auto_92990.out[0] (.names)                                      0.136     1.457
out:$auto_92990.outpad[0] (.output)                              1.193     2.650
data arrival time                                                          2.650

clock rscga_virt_clk (rise edge)                                 2.500     2.500
clock source latency                                             0.000     2.500
clock uncertainty                                               -0.298     2.202
output external delay                                            0.000     2.202
data required time                                                         2.202
--------------------------------------------------------------------------------
data required time                                                         2.202
data arrival time                                                         -2.650
--------------------------------------------------------------------------------
slack (VIOLATED)                                                          -0.448


#Path 27
Startpoint: $ibuf_Pkey_167_.inpad[0] (.input clocked by rscga_virt_clk)
Endpoint  : out:$auto_92973.outpad[0] (.output clocked by rscga_virt_clk)
Path Type : setup

Point                                                             Incr      Path
--------------------------------------------------------------------------------
clock rscga_virt_clk (rise edge)                                 0.000     0.000
clock source latency                                             0.000     0.000
input external delay                                             0.000     0.000
$ibuf_Pkey_167_.inpad[0] (.input)                                0.000     0.000
$auto_92973.in[0] (.names)                                       1.321     1.321
$auto_92973.out[0] (.names)                                      0.136     1.457
out:$auto_92973.outpad[0] (.output)                              1.190     2.647
data arrival time                                                          2.647

clock rscga_virt_clk (rise edge)                                 2.500     2.500
clock source latency                                             0.000     2.500
clock uncertainty                                               -0.298     2.202
output external delay                                            0.000     2.202
data required time                                                         2.202
--------------------------------------------------------------------------------
data required time                                                         2.202
data arrival time                                                         -2.647
--------------------------------------------------------------------------------
slack (VIOLATED)                                                          -0.445


#Path 28
Startpoint: $ibuf_Pkey_108_.inpad[0] (.input clocked by rscga_virt_clk)
Endpoint  : out:$auto_92964.outpad[0] (.output clocked by rscga_virt_clk)
Path Type : setup

Point                                                             Incr      Path
--------------------------------------------------------------------------------
clock rscga_virt_clk (rise edge)                                 0.000     0.000
clock source latency                                             0.000     0.000
input external delay                                             0.000     0.000
$ibuf_Pkey_108_.inpad[0] (.input)                                0.000     0.000
$auto_92964.in[0] (.names)                                       1.321     1.321
$auto_92964.out[0] (.names)                                      0.136     1.457
out:$auto_92964.outpad[0] (.output)                              1.132     2.589
data arrival time                                                          2.589

clock rscga_virt_clk (rise edge)                                 2.500     2.500
clock source latency                                             0.000     2.500
clock uncertainty                                               -0.298     2.202
output external delay                                            0.000     2.202
data required time                                                         2.202
--------------------------------------------------------------------------------
data required time                                                         2.202
data arrival time                                                         -2.589
--------------------------------------------------------------------------------
slack (VIOLATED)                                                          -0.387


#Path 29
Startpoint: $ibuf_Pkey_223_.inpad[0] (.input clocked by rscga_virt_clk)
Endpoint  : out:$auto_92980.outpad[0] (.output clocked by rscga_virt_clk)
Path Type : setup

Point                                                             Incr      Path
--------------------------------------------------------------------------------
clock rscga_virt_clk (rise edge)                                 0.000     0.000
clock source latency                                             0.000     0.000
input external delay                                             0.000     0.000
$ibuf_Pkey_223_.inpad[0] (.input)                                0.000     0.000
$auto_92980.in[0] (.names)                                       1.321     1.321
$auto_92980.out[0] (.names)                                      0.136     1.457
out:$auto_92980.outpad[0] (.output)                              1.132     2.589
data arrival time                                                          2.589

clock rscga_virt_clk (rise edge)                                 2.500     2.500
clock source latency                                             0.000     2.500
clock uncertainty                                               -0.298     2.202
output external delay                                            0.000     2.202
data required time                                                         2.202
--------------------------------------------------------------------------------
data required time                                                         2.202
data arrival time                                                         -2.589
--------------------------------------------------------------------------------
slack (VIOLATED)                                                          -0.387


#Path 30
Startpoint: $ibuf_Pkey_31_.inpad[0] (.input clocked by rscga_virt_clk)
Endpoint  : out:$auto_92987.outpad[0] (.output clocked by rscga_virt_clk)
Path Type : setup

Point                                                             Incr      Path
--------------------------------------------------------------------------------
clock rscga_virt_clk (rise edge)                                 0.000     0.000
clock source latency                                             0.000     0.000
input external delay                                             0.000     0.000
$ibuf_Pkey_31_.inpad[0] (.input)                                 0.000     0.000
$auto_92987.in[0] (.names)                                       1.321     1.321
$auto_92987.out[0] (.names)                                      0.136     1.457
out:$auto_92987.outpad[0] (.output)                              1.132     2.589
data arrival time                                                          2.589

clock rscga_virt_clk (rise edge)                                 2.500     2.500
clock source latency                                             0.000     2.500
clock uncertainty                                               -0.298     2.202
output external delay                                            0.000     2.202
data required time                                                         2.202
--------------------------------------------------------------------------------
data required time                                                         2.202
data arrival time                                                         -2.589
--------------------------------------------------------------------------------
slack (VIOLATED)                                                          -0.387


#Path 31
Startpoint: $ibuf_Pkey_207_.inpad[0] (.input clocked by rscga_virt_clk)
Endpoint  : out:$auto_92978.outpad[0] (.output clocked by rscga_virt_clk)
Path Type : setup

Point                                                             Incr      Path
--------------------------------------------------------------------------------
clock rscga_virt_clk (rise edge)                                 0.000     0.000
clock source latency                                             0.000     0.000
input external delay                                             0.000     0.000
$ibuf_Pkey_207_.inpad[0] (.input)                                0.000     0.000
$auto_92978.in[0] (.names)                                       1.321     1.321
$auto_92978.out[0] (.names)                                      0.136     1.457
out:$auto_92978.outpad[0] (.output)                              1.132     2.589
data arrival time                                                          2.589

clock rscga_virt_clk (rise edge)                                 2.500     2.500
clock source latency                                             0.000     2.500
clock uncertainty                                               -0.298     2.202
output external delay                                            0.000     2.202
data required time                                                         2.202
--------------------------------------------------------------------------------
data required time                                                         2.202
data arrival time                                                         -2.589
--------------------------------------------------------------------------------
slack (VIOLATED)                                                          -0.387


#Path 32
Startpoint: $ibuf_Pkey_239_.inpad[0] (.input clocked by rscga_virt_clk)
Endpoint  : out:$auto_92983.outpad[0] (.output clocked by rscga_virt_clk)
Path Type : setup

Point                                                             Incr      Path
--------------------------------------------------------------------------------
clock rscga_virt_clk (rise edge)                                 0.000     0.000
clock source latency                                             0.000     0.000
input external delay                                             0.000     0.000
$ibuf_Pkey_239_.inpad[0] (.input)                                0.000     0.000
$auto_92983.in[0] (.names)                                       1.321     1.321
$auto_92983.out[0] (.names)                                      0.136     1.457
out:$auto_92983.outpad[0] (.output)                              1.132     2.589
data arrival time                                                          2.589

clock rscga_virt_clk (rise edge)                                 2.500     2.500
clock source latency                                             0.000     2.500
clock uncertainty                                               -0.298     2.202
output external delay                                            0.000     2.202
data required time                                                         2.202
--------------------------------------------------------------------------------
data required time                                                         2.202
data arrival time                                                         -2.589
--------------------------------------------------------------------------------
slack (VIOLATED)                                                          -0.387


#Path 33
Startpoint: $ibuf_Pkey_255_.inpad[0] (.input clocked by rscga_virt_clk)
Endpoint  : out:$auto_92986.outpad[0] (.output clocked by rscga_virt_clk)
Path Type : setup

Point                                                             Incr      Path
--------------------------------------------------------------------------------
clock rscga_virt_clk (rise edge)                                 0.000     0.000
clock source latency                                             0.000     0.000
input external delay                                             0.000     0.000
$ibuf_Pkey_255_.inpad[0] (.input)                                0.000     0.000
$auto_92986.in[0] (.names)                                       1.321     1.321
$auto_92986.out[0] (.names)                                      0.136     1.457
out:$auto_92986.outpad[0] (.output)                              1.074     2.531
data arrival time                                                          2.531

clock rscga_virt_clk (rise edge)                                 2.500     2.500
clock source latency                                             0.000     2.500
clock uncertainty                                               -0.298     2.202
output external delay                                            0.000     2.202
data required time                                                         2.202
--------------------------------------------------------------------------------
data required time                                                         2.202
data arrival time                                                         -2.531
--------------------------------------------------------------------------------
slack (VIOLATED)                                                          -0.329


#Path 34
Startpoint: $ibuf_Pkey_199_.inpad[0] (.input clocked by rscga_virt_clk)
Endpoint  : out:$auto_92977.outpad[0] (.output clocked by rscga_virt_clk)
Path Type : setup

Point                                                             Incr      Path
--------------------------------------------------------------------------------
clock rscga_virt_clk (rise edge)                                 0.000     0.000
clock source latency                                             0.000     0.000
input external delay                                             0.000     0.000
$ibuf_Pkey_199_.inpad[0] (.input)                                0.000     0.000
$auto_92977.in[0] (.names)                                       1.260     1.260
$auto_92977.out[0] (.names)                                      0.135     1.396
out:$auto_92977.outpad[0] (.output)                              1.132     2.528
data arrival time                                                          2.528

clock rscga_virt_clk (rise edge)                                 2.500     2.500
clock source latency                                             0.000     2.500
clock uncertainty                                               -0.298     2.202
output external delay                                            0.000     2.202
data required time                                                         2.202
--------------------------------------------------------------------------------
data required time                                                         2.202
data arrival time                                                         -2.528
--------------------------------------------------------------------------------
slack (VIOLATED)                                                          -0.326


#Path 35
Startpoint: $ibuf_Pkey_151_.inpad[0] (.input clocked by rscga_virt_clk)
Endpoint  : out:$auto_92970.outpad[0] (.output clocked by rscga_virt_clk)
Path Type : setup

Point                                                             Incr      Path
--------------------------------------------------------------------------------
clock rscga_virt_clk (rise edge)                                 0.000     0.000
clock source latency                                             0.000     0.000
input external delay                                             0.000     0.000
$ibuf_Pkey_151_.inpad[0] (.input)                                0.000     0.000
$auto_92970.in[0] (.names)                                       1.260     1.260
$auto_92970.out[0] (.names)                                      0.135     1.396
out:$auto_92970.outpad[0] (.output)                              1.132     2.528
data arrival time                                                          2.528

clock rscga_virt_clk (rise edge)                                 2.500     2.500
clock source latency                                             0.000     2.500
clock uncertainty                                               -0.298     2.202
output external delay                                            0.000     2.202
data required time                                                         2.202
--------------------------------------------------------------------------------
data required time                                                         2.202
data arrival time                                                         -2.528
--------------------------------------------------------------------------------
slack (VIOLATED)                                                          -0.326


#Path 36
Startpoint: $ibuf_Pkey_135_.inpad[0] (.input clocked by rscga_virt_clk)
Endpoint  : out:$auto_92968.outpad[0] (.output clocked by rscga_virt_clk)
Path Type : setup

Point                                                             Incr      Path
--------------------------------------------------------------------------------
clock rscga_virt_clk (rise edge)                                 0.000     0.000
clock source latency                                             0.000     0.000
input external delay                                             0.000     0.000
$ibuf_Pkey_135_.inpad[0] (.input)                                0.000     0.000
$auto_92968.in[0] (.names)                                       1.321     1.321
$auto_92968.out[0] (.names)                                      0.136     1.457
out:$auto_92968.outpad[0] (.output)                              1.071     2.528
data arrival time                                                          2.528

clock rscga_virt_clk (rise edge)                                 2.500     2.500
clock source latency                                             0.000     2.500
clock uncertainty                                               -0.298     2.202
output external delay                                            0.000     2.202
data required time                                                         2.202
--------------------------------------------------------------------------------
data required time                                                         2.202
data arrival time                                                         -2.528
--------------------------------------------------------------------------------
slack (VIOLATED)                                                          -0.326


#Path 37
Startpoint: $ibuf_Pkey_247_.inpad[0] (.input clocked by rscga_virt_clk)
Endpoint  : out:$auto_92985.outpad[0] (.output clocked by rscga_virt_clk)
Path Type : setup

Point                                                             Incr      Path
--------------------------------------------------------------------------------
clock rscga_virt_clk (rise edge)                                 0.000     0.000
clock source latency                                             0.000     0.000
input external delay                                             0.000     0.000
$ibuf_Pkey_247_.inpad[0] (.input)                                0.000     0.000
$auto_92985.in[0] (.names)                                       1.199     1.199
$auto_92985.out[0] (.names)                                      0.136     1.335
out:$auto_92985.outpad[0] (.output)                              1.190     2.525
data arrival time                                                          2.525

clock rscga_virt_clk (rise edge)                                 2.500     2.500
clock source latency                                             0.000     2.500
clock uncertainty                                               -0.298     2.202
output external delay                                            0.000     2.202
data required time                                                         2.202
--------------------------------------------------------------------------------
data required time                                                         2.202
data arrival time                                                         -2.525
--------------------------------------------------------------------------------
slack (VIOLATED)                                                          -0.323


#Path 38
Startpoint: $ibuf_Pkey_7_.inpad[0] (.input clocked by rscga_virt_clk)
Endpoint  : out:$auto_92994.outpad[0] (.output clocked by rscga_virt_clk)
Path Type : setup

Point                                                             Incr      Path
--------------------------------------------------------------------------------
clock rscga_virt_clk (rise edge)                                 0.000     0.000
clock source latency                                             0.000     0.000
input external delay                                             0.000     0.000
$ibuf_Pkey_7_.inpad[0] (.input)                                  0.000     0.000
$auto_92994.in[0] (.names)                                       1.263     1.263
$auto_92994.out[0] (.names)                                      0.218     1.481
out:$auto_92994.outpad[0] (.output)                              0.952     2.434
data arrival time                                                          2.434

clock rscga_virt_clk (rise edge)                                 2.500     2.500
clock source latency                                             0.000     2.500
clock uncertainty                                               -0.298     2.202
output external delay                                            0.000     2.202
data required time                                                         2.202
--------------------------------------------------------------------------------
data required time                                                         2.202
data arrival time                                                         -2.434
--------------------------------------------------------------------------------
slack (VIOLATED)                                                          -0.232


#Path 39
Startpoint: $ibuf_Pkey_127_.inpad[0] (.input clocked by rscga_virt_clk)
Endpoint  : out:$auto_92967.outpad[0] (.output clocked by rscga_virt_clk)
Path Type : setup

Point                                                             Incr      Path
--------------------------------------------------------------------------------
clock rscga_virt_clk (rise edge)                                 0.000     0.000
clock source latency                                             0.000     0.000
input external delay                                             0.000     0.000
$ibuf_Pkey_127_.inpad[0] (.input)                                0.000     0.000
$auto_92967.in[0] (.names)                                       1.321     1.321
$auto_92967.out[0] (.names)                                      0.136     1.457
out:$auto_92967.outpad[0] (.output)                              0.955     2.412
data arrival time                                                          2.412

clock rscga_virt_clk (rise edge)                                 2.500     2.500
clock source latency                                             0.000     2.500
clock uncertainty                                               -0.298     2.202
output external delay                                            0.000     2.202
data required time                                                         2.202
--------------------------------------------------------------------------------
data required time                                                         2.202
data arrival time                                                         -2.412
--------------------------------------------------------------------------------
slack (VIOLATED)                                                          -0.210


#End of timing report
