********************************************
*  SURELOG SystemVerilog  Compiler/Linter  *
********************************************

Copyright (c) 2017-2023 Alain Dargelas,
http://www.apache.org/licenses/LICENSE-2.0

VERSION: 1.84
BUILT  : Oct  1 2024
DATE   : 2024-10-02.01:41:06
COMMAND: -synth -top hmac -y ../../../../.././rtl/ -I../../../../.././rtl/ -I../../../../.. -I/nfs_scratch/scratch/CGA/repo/2024-10-01-23-30-48_T12181R18/Validation/RTL_testcases/RTL_Benchmarks_Gap_Analysis/hmac/results_dir/.././rtl +libext+.v+.sv -sv /nfs_scratch/scratch/CGA/repo/2024-10-01-23-30-48_T12181R18/Validation/RTL_testcases/RTL_Benchmarks_Gap_Analysis/hmac/results_dir/.././rtl/prim_secded_pkg.sv /nfs_scratch/scratch/CGA/repo/2024-10-01-23-30-48_T12181R18/Validation/RTL_testcases/RTL_Benchmarks_Gap_Analysis/hmac/results_dir/.././rtl/prim_subreg_pkg.sv /nfs_scratch/scratch/CGA/repo/2024-10-01-23-30-48_T12181R18/Validation/RTL_testcases/RTL_Benchmarks_Gap_Analysis/hmac/results_dir/.././rtl/prim_util_pkg.sv /nfs_scratch/scratch/CGA/repo/2024-10-01-23-30-48_T12181R18/Validation/RTL_testcases/RTL_Benchmarks_Gap_Analysis/hmac/results_dir/.././rtl/pwrmgr_reg_pkg.sv /nfs_scratch/scratch/CGA/repo/2024-10-01-23-30-48_T12181R18/Validation/RTL_testcases/RTL_Benchmarks_Gap_Analysis/hmac/results_dir/.././rtl/pwrmgr_pkg.sv /nfs_scratch/scratch/CGA/repo/2024-10-01-23-30-48_T12181R18/Validation/RTL_testcases/RTL_Benchmarks_Gap_Analysis/hmac/results_dir/.././rtl/prim_ram_1p_pkg.sv /nfs_scratch/scratch/CGA/repo/2024-10-01-23-30-48_T12181R18/Validation/RTL_testcases/RTL_Benchmarks_Gap_Analysis/hmac/results_dir/.././rtl/prim_mubi_pkg.sv /nfs_scratch/scratch/CGA/repo/2024-10-01-23-30-48_T12181R18/Validation/RTL_testcases/RTL_Benchmarks_Gap_Analysis/hmac/results_dir/.././rtl/prim_pkg.sv /nfs_scratch/scratch/CGA/repo/2024-10-01-23-30-48_T12181R18/Validation/RTL_testcases/RTL_Benchmarks_Gap_Analysis/hmac/results_dir/.././rtl/prim_cipher_pkg.sv /nfs_scratch/scratch/CGA/repo/2024-10-01-23-30-48_T12181R18/Validation/RTL_testcases/RTL_Benchmarks_Gap_Analysis/hmac/results_dir/.././rtl/prim_alert_pkg.sv /nfs_scratch/scratch/CGA/repo/2024-10-01-23-30-48_T12181R18/Validation/RTL_testcases/RTL_Benchmarks_Gap_Analysis/hmac/results_dir/.././rtl/prim_count_pkg.sv /nfs_scratch/scratch/CGA/repo/2024-10-01-23-30-48_T12181R18/Validation/RTL_testcases/RTL_Benchmarks_Gap_Analysis/hmac/results_dir/.././rtl/jtag_pkg.sv /nfs_scratch/scratch/CGA/repo/2024-10-01-23-30-48_T12181R18/Validation/RTL_testcases/RTL_Benchmarks_Gap_Analysis/hmac/results_dir/.././rtl/entropy_src_pkg.sv /nfs_scratch/scratch/CGA/repo/2024-10-01-23-30-48_T12181R18/Validation/RTL_testcases/RTL_Benchmarks_Gap_Analysis/hmac/results_dir/.././rtl/edn_pkg.sv /nfs_scratch/scratch/CGA/repo/2024-10-01-23-30-48_T12181R18/Validation/RTL_testcases/RTL_Benchmarks_Gap_Analysis/hmac/results_dir/.././rtl/top_pkg.sv /nfs_scratch/scratch/CGA/repo/2024-10-01-23-30-48_T12181R18/Validation/RTL_testcases/RTL_Benchmarks_Gap_Analysis/hmac/results_dir/.././rtl/flash_ctrl_reg_pkg.sv /nfs_scratch/scratch/CGA/repo/2024-10-01-23-30-48_T12181R18/Validation/RTL_testcases/RTL_Benchmarks_Gap_Analysis/hmac/results_dir/.././rtl/flash_ctrl_pkg.sv /nfs_scratch/scratch/CGA/repo/2024-10-01-23-30-48_T12181R18/Validation/RTL_testcases/RTL_Benchmarks_Gap_Analysis/hmac/results_dir/.././rtl/flash_phy_pkg.sv /nfs_scratch/scratch/CGA/repo/2024-10-01-23-30-48_T12181R18/Validation/RTL_testcases/RTL_Benchmarks_Gap_Analysis/hmac/results_dir/.././rtl/hmac_reg_pkg.sv /nfs_scratch/scratch/CGA/repo/2024-10-01-23-30-48_T12181R18/Validation/RTL_testcases/RTL_Benchmarks_Gap_Analysis/hmac/results_dir/.././rtl/hmac_pkg.sv /nfs_scratch/scratch/CGA/repo/2024-10-01-23-30-48_T12181R18/Validation/RTL_testcases/RTL_Benchmarks_Gap_Analysis/hmac/results_dir/.././rtl/lc_ctrl_pkg.sv /nfs_scratch/scratch/CGA/repo/2024-10-01-23-30-48_T12181R18/Validation/RTL_testcases/RTL_Benchmarks_Gap_Analysis/hmac/results_dir/.././rtl/otp_ctrl_reg_pkg.sv /nfs_scratch/scratch/CGA/repo/2024-10-01-23-30-48_T12181R18/Validation/RTL_testcases/RTL_Benchmarks_Gap_Analysis/hmac/results_dir/.././rtl/otp_ctrl_pkg.sv /nfs_scratch/scratch/CGA/repo/2024-10-01-23-30-48_T12181R18/Validation/RTL_testcases/RTL_Benchmarks_Gap_Analysis/hmac/results_dir/.././rtl/tlul_pkg.sv /nfs_scratch/scratch/CGA/repo/2024-10-01-23-30-48_T12181R18/Validation/RTL_testcases/RTL_Benchmarks_Gap_Analysis/hmac/results_dir/.././rtl/ast_pkg.sv /nfs_scratch/scratch/CGA/repo/2024-10-01-23-30-48_T12181R18/Validation/RTL_testcases/RTL_Benchmarks_Gap_Analysis/hmac/results_dir/.././rtl/hmac.sv /nfs_scratch/scratch/CGA/repo/2024-10-01-23-30-48_T12181R18/Validation/RTL_testcases/RTL_Benchmarks_Gap_Analysis/hmac/results_dir/.././rtl/hmac_core.sv /nfs_scratch/scratch/CGA/repo/2024-10-01-23-30-48_T12181R18/Validation/RTL_testcases/RTL_Benchmarks_Gap_Analysis/hmac/results_dir/.././rtl/hmac_reg_top.sv /nfs_scratch/scratch/CGA/repo/2024-10-01-23-30-48_T12181R18/Validation/RTL_testcases/RTL_Benchmarks_Gap_Analysis/hmac/results_dir/.././rtl/prim_alert_sender.sv /nfs_scratch/scratch/CGA/repo/2024-10-01-23-30-48_T12181R18/Validation/RTL_testcases/RTL_Benchmarks_Gap_Analysis/hmac/results_dir/.././rtl/prim_buf.sv /nfs_scratch/scratch/CGA/repo/2024-10-01-23-30-48_T12181R18/Validation/RTL_testcases/RTL_Benchmarks_Gap_Analysis/hmac/results_dir/.././rtl/prim_diff_decode.sv /nfs_scratch/scratch/CGA/repo/2024-10-01-23-30-48_T12181R18/Validation/RTL_testcases/RTL_Benchmarks_Gap_Analysis/hmac/results_dir/.././rtl/prim_fifo_sync.sv /nfs_scratch/scratch/CGA/repo/2024-10-01-23-30-48_T12181R18/Validation/RTL_testcases/RTL_Benchmarks_Gap_Analysis/hmac/results_dir/.././rtl/prim_flop_2sync.sv /nfs_scratch/scratch/CGA/repo/2024-10-01-23-30-48_T12181R18/Validation/RTL_testcases/RTL_Benchmarks_Gap_Analysis/hmac/results_dir/.././rtl/prim_generic_buf.sv /nfs_scratch/scratch/CGA/repo/2024-10-01-23-30-48_T12181R18/Validation/RTL_testcases/RTL_Benchmarks_Gap_Analysis/hmac/results_dir/.././rtl/prim_generic_flop.sv /nfs_scratch/scratch/CGA/repo/2024-10-01-23-30-48_T12181R18/Validation/RTL_testcases/RTL_Benchmarks_Gap_Analysis/hmac/results_dir/.././rtl/prim_generic_flop_2sync.sv /nfs_scratch/scratch/CGA/repo/2024-10-01-23-30-48_T12181R18/Validation/RTL_testcases/RTL_Benchmarks_Gap_Analysis/hmac/results_dir/.././rtl/prim_intr_hw.sv /nfs_scratch/scratch/CGA/repo/2024-10-01-23-30-48_T12181R18/Validation/RTL_testcases/RTL_Benchmarks_Gap_Analysis/hmac/results_dir/.././rtl/prim_packer.sv /nfs_scratch/scratch/CGA/repo/2024-10-01-23-30-48_T12181R18/Validation/RTL_testcases/RTL_Benchmarks_Gap_Analysis/hmac/results_dir/.././rtl/prim_secded_inv_39_32_dec.sv /nfs_scratch/scratch/CGA/repo/2024-10-01-23-30-48_T12181R18/Validation/RTL_testcases/RTL_Benchmarks_Gap_Analysis/hmac/results_dir/.././rtl/prim_secded_inv_39_32_enc.sv /nfs_scratch/scratch/CGA/repo/2024-10-01-23-30-48_T12181R18/Validation/RTL_testcases/RTL_Benchmarks_Gap_Analysis/hmac/results_dir/.././rtl/prim_secded_inv_64_57_dec.sv /nfs_scratch/scratch/CGA/repo/2024-10-01-23-30-48_T12181R18/Validation/RTL_testcases/RTL_Benchmarks_Gap_Analysis/hmac/results_dir/.././rtl/prim_secded_inv_64_57_enc.sv /nfs_scratch/scratch/CGA/repo/2024-10-01-23-30-48_T12181R18/Validation/RTL_testcases/RTL_Benchmarks_Gap_Analysis/hmac/results_dir/.././rtl/prim_subreg.sv /nfs_scratch/scratch/CGA/repo/2024-10-01-23-30-48_T12181R18/Validation/RTL_testcases/RTL_Benchmarks_Gap_Analysis/hmac/results_dir/.././rtl/prim_subreg_ext.sv /nfs_scratch/scratch/CGA/repo/2024-10-01-23-30-48_T12181R18/Validation/RTL_testcases/RTL_Benchmarks_Gap_Analysis/hmac/results_dir/.././rtl/sha2.sv /nfs_scratch/scratch/CGA/repo/2024-10-01-23-30-48_T12181R18/Validation/RTL_testcases/RTL_Benchmarks_Gap_Analysis/hmac/results_dir/.././rtl/sha2_pad.sv /nfs_scratch/scratch/CGA/repo/2024-10-01-23-30-48_T12181R18/Validation/RTL_testcases/RTL_Benchmarks_Gap_Analysis/hmac/results_dir/.././rtl/tlul_adapter_reg.sv /nfs_scratch/scratch/CGA/repo/2024-10-01-23-30-48_T12181R18/Validation/RTL_testcases/RTL_Benchmarks_Gap_Analysis/hmac/results_dir/.././rtl/tlul_adapter_sram.sv /nfs_scratch/scratch/CGA/repo/2024-10-01-23-30-48_T12181R18/Validation/RTL_testcases/RTL_Benchmarks_Gap_Analysis/hmac/results_dir/.././rtl/tlul_cmd_intg_chk.sv /nfs_scratch/scratch/CGA/repo/2024-10-01-23-30-48_T12181R18/Validation/RTL_testcases/RTL_Benchmarks_Gap_Analysis/hmac/results_dir/.././rtl/tlul_data_integ_dec.sv /nfs_scratch/scratch/CGA/repo/2024-10-01-23-30-48_T12181R18/Validation/RTL_testcases/RTL_Benchmarks_Gap_Analysis/hmac/results_dir/.././rtl/tlul_data_integ_enc.sv /nfs_scratch/scratch/CGA/repo/2024-10-01-23-30-48_T12181R18/Validation/RTL_testcases/RTL_Benchmarks_Gap_Analysis/hmac/results_dir/.././rtl/tlul_err.sv /nfs_scratch/scratch/CGA/repo/2024-10-01-23-30-48_T12181R18/Validation/RTL_testcases/RTL_Benchmarks_Gap_Analysis/hmac/results_dir/.././rtl/tlul_err_resp.sv /nfs_scratch/scratch/CGA/repo/2024-10-01-23-30-48_T12181R18/Validation/RTL_testcases/RTL_Benchmarks_Gap_Analysis/hmac/results_dir/.././rtl/tlul_fifo_sync.sv /nfs_scratch/scratch/CGA/repo/2024-10-01-23-30-48_T12181R18/Validation/RTL_testcases/RTL_Benchmarks_Gap_Analysis/hmac/results_dir/.././rtl/tlul_rsp_intg_gen.sv /nfs_scratch/scratch/CGA/repo/2024-10-01-23-30-48_T12181R18/Validation/RTL_testcases/RTL_Benchmarks_Gap_Analysis/hmac/results_dir/.././rtl/tlul_socket_1n.sv /nfs_eda_sw/softwares/Raptor/instl_dir/10_01_2024_09_15_02/share/raptor/sim_models/rapidsilicon/genesis3/FPGA_PRIMITIVES_MODELS/blackbox_models/cell_sim_blackbox.v -DYOSYS=1 -DSYNTHESIS=1

[INF:CM0023] Creating log file "/nfs_scratch/scratch/CGA/repo/2024-10-01-23-30-48_T12181R18/Validation/RTL_testcases/RTL_Benchmarks_Gap_Analysis/hmac/results_dir/hmac/run_1/synth_1_1/synthesis/slpp_all/surelog.log".
[INF:CP0300] Compilation...
[INF:CP0301] /nfs_scratch/scratch/CGA/repo/2024-10-01-23-30-48_T12181R18/Validation/RTL_testcases/RTL_Benchmarks_Gap_Analysis/hmac/rtl/prim_secded_pkg.sv:8:1: Compile package "prim_secded_pkg".
[INF:CP0301] /nfs_scratch/scratch/CGA/repo/2024-10-01-23-30-48_T12181R18/Validation/RTL_testcases/RTL_Benchmarks_Gap_Analysis/hmac/rtl/prim_subreg_pkg.sv:5:1: Compile package "prim_subreg_pkg".
[INF:CP0301] /nfs_scratch/scratch/CGA/repo/2024-10-01-23-30-48_T12181R18/Validation/RTL_testcases/RTL_Benchmarks_Gap_Analysis/hmac/rtl/prim_util_pkg.sv:9:1: Compile package "prim_util_pkg".
[INF:CP0301] /nfs_scratch/scratch/CGA/repo/2024-10-01-23-30-48_T12181R18/Validation/RTL_testcases/RTL_Benchmarks_Gap_Analysis/hmac/rtl/pwrmgr_reg_pkg.sv:7:1: Compile package "pwrmgr_reg_pkg".
[INF:CP0301] /nfs_scratch/scratch/CGA/repo/2024-10-01-23-30-48_T12181R18/Validation/RTL_testcases/RTL_Benchmarks_Gap_Analysis/hmac/rtl/pwrmgr_pkg.sv:8:1: Compile package "pwrmgr_pkg".
[INF:CP0301] /nfs_scratch/scratch/CGA/repo/2024-10-01-23-30-48_T12181R18/Validation/RTL_testcases/RTL_Benchmarks_Gap_Analysis/hmac/rtl/prim_ram_1p_pkg.sv:6:1: Compile package "prim_ram_1p_pkg".
[INF:CP0301] /nfs_scratch/scratch/CGA/repo/2024-10-01-23-30-48_T12181R18/Validation/RTL_testcases/RTL_Benchmarks_Gap_Analysis/hmac/rtl/prim_mubi_pkg.sv:13:1: Compile package "prim_mubi_pkg".
[INF:CP0301] /nfs_scratch/scratch/CGA/repo/2024-10-01-23-30-48_T12181R18/Validation/RTL_testcases/RTL_Benchmarks_Gap_Analysis/hmac/rtl/prim_pkg.sv:11:1: Compile package "prim_pkg".
[INF:CP0301] /nfs_scratch/scratch/CGA/repo/2024-10-01-23-30-48_T12181R18/Validation/RTL_testcases/RTL_Benchmarks_Gap_Analysis/hmac/rtl/prim_cipher_pkg.sv:17:1: Compile package "prim_cipher_pkg".
[INF:CP0301] /nfs_scratch/scratch/CGA/repo/2024-10-01-23-30-48_T12181R18/Validation/RTL_testcases/RTL_Benchmarks_Gap_Analysis/hmac/rtl/prim_alert_pkg.sv:5:1: Compile package "prim_alert_pkg".
[INF:CP0301] /nfs_scratch/scratch/CGA/repo/2024-10-01-23-30-48_T12181R18/Validation/RTL_testcases/RTL_Benchmarks_Gap_Analysis/hmac/rtl/prim_count_pkg.sv:8:1: Compile package "prim_count_pkg".
[INF:CP0301] /nfs_scratch/scratch/CGA/repo/2024-10-01-23-30-48_T12181R18/Validation/RTL_testcases/RTL_Benchmarks_Gap_Analysis/hmac/rtl/jtag_pkg.sv:6:1: Compile package "jtag_pkg".
[INF:CP0301] /nfs_scratch/scratch/CGA/repo/2024-10-01-23-30-48_T12181R18/Validation/RTL_testcases/RTL_Benchmarks_Gap_Analysis/hmac/rtl/entropy_src_pkg.sv:7:1: Compile package "entropy_src_pkg".
[INF:CP0301] /nfs_scratch/scratch/CGA/repo/2024-10-01-23-30-48_T12181R18/Validation/RTL_testcases/RTL_Benchmarks_Gap_Analysis/hmac/rtl/edn_pkg.sv:7:1: Compile package "edn_pkg".
[INF:CP0301] /nfs_scratch/scratch/CGA/repo/2024-10-01-23-30-48_T12181R18/Validation/RTL_testcases/RTL_Benchmarks_Gap_Analysis/hmac/rtl/top_pkg.sv:6:1: Compile package "top_pkg".
[INF:CP0301] /nfs_scratch/scratch/CGA/repo/2024-10-01-23-30-48_T12181R18/Validation/RTL_testcases/RTL_Benchmarks_Gap_Analysis/hmac/rtl/flash_ctrl_reg_pkg.sv:7:1: Compile package "flash_ctrl_reg_pkg".
[INF:CP0301] /nfs_scratch/scratch/CGA/repo/2024-10-01-23-30-48_T12181R18/Validation/RTL_testcases/RTL_Benchmarks_Gap_Analysis/hmac/rtl/flash_ctrl_pkg.sv:8:1: Compile package "flash_ctrl_pkg".
[INF:CP0301] /nfs_scratch/scratch/CGA/repo/2024-10-01-23-30-48_T12181R18/Validation/RTL_testcases/RTL_Benchmarks_Gap_Analysis/hmac/rtl/flash_phy_pkg.sv:8:1: Compile package "flash_phy_pkg".
[INF:CP0301] /nfs_scratch/scratch/CGA/repo/2024-10-01-23-30-48_T12181R18/Validation/RTL_testcases/RTL_Benchmarks_Gap_Analysis/hmac/rtl/hmac_reg_pkg.sv:7:1: Compile package "hmac_reg_pkg".
[INF:CP0301] /nfs_scratch/scratch/CGA/repo/2024-10-01-23-30-48_T12181R18/Validation/RTL_testcases/RTL_Benchmarks_Gap_Analysis/hmac/rtl/hmac_pkg.sv:6:1: Compile package "hmac_pkg".
[INF:CP0301] /nfs_scratch/scratch/CGA/repo/2024-10-01-23-30-48_T12181R18/Validation/RTL_testcases/RTL_Benchmarks_Gap_Analysis/hmac/rtl/lc_ctrl_pkg.sv:6:1: Compile package "lc_ctrl_pkg".
[INF:CP0301] /nfs_scratch/scratch/CGA/repo/2024-10-01-23-30-48_T12181R18/Validation/RTL_testcases/RTL_Benchmarks_Gap_Analysis/hmac/rtl/otp_ctrl_reg_pkg.sv:7:1: Compile package "otp_ctrl_reg_pkg".
[INF:CP0301] /nfs_scratch/scratch/CGA/repo/2024-10-01-23-30-48_T12181R18/Validation/RTL_testcases/RTL_Benchmarks_Gap_Analysis/hmac/rtl/otp_ctrl_pkg.sv:6:1: Compile package "otp_ctrl_pkg".
[INF:CP0301] /nfs_scratch/scratch/CGA/repo/2024-10-01-23-30-48_T12181R18/Validation/RTL_testcases/RTL_Benchmarks_Gap_Analysis/hmac/rtl/tlul_pkg.sv:6:1: Compile package "tlul_pkg".
[INF:CP0301] /nfs_scratch/scratch/CGA/repo/2024-10-01-23-30-48_T12181R18/Validation/RTL_testcases/RTL_Benchmarks_Gap_Analysis/hmac/rtl/ast_pkg.sv:12:1: Compile package "ast_pkg".
[INF:CP0303] /nfs_eda_sw/softwares/Raptor/instl_dir/10_01_2024_09_15_02/share/raptor/sim_models/rapidsilicon/genesis3/FPGA_PRIMITIVES_MODELS/blackbox_models/cell_sim_blackbox.v:8:1: Compile module "work@BOOT_CLOCK".
[INF:CP0303] /nfs_eda_sw/softwares/Raptor/instl_dir/10_01_2024_09_15_02/share/raptor/sim_models/rapidsilicon/genesis3/FPGA_PRIMITIVES_MODELS/blackbox_models/cell_sim_blackbox.v:23:1: Compile module "work@CARRY".
[INF:CP0303] /nfs_eda_sw/softwares/Raptor/instl_dir/10_01_2024_09_15_02/share/raptor/sim_models/rapidsilicon/genesis3/FPGA_PRIMITIVES_MODELS/blackbox_models/cell_sim_blackbox.v:40:1: Compile module "work@CLK_BUF".
[INF:CP0303] /nfs_eda_sw/softwares/Raptor/instl_dir/10_01_2024_09_15_02/share/raptor/sim_models/rapidsilicon/genesis3/FPGA_PRIMITIVES_MODELS/blackbox_models/cell_sim_blackbox.v:55:1: Compile module "work@DFFNRE".
[INF:CP0303] /nfs_eda_sw/softwares/Raptor/instl_dir/10_01_2024_09_15_02/share/raptor/sim_models/rapidsilicon/genesis3/FPGA_PRIMITIVES_MODELS/blackbox_models/cell_sim_blackbox.v:73:1: Compile module "work@DFFRE".
[INF:CP0303] /nfs_eda_sw/softwares/Raptor/instl_dir/10_01_2024_09_15_02/share/raptor/sim_models/rapidsilicon/genesis3/FPGA_PRIMITIVES_MODELS/blackbox_models/cell_sim_blackbox.v:91:1: Compile module "work@DSP19X2".
[INF:CP0303] /nfs_eda_sw/softwares/Raptor/instl_dir/10_01_2024_09_15_02/share/raptor/sim_models/rapidsilicon/genesis3/FPGA_PRIMITIVES_MODELS/blackbox_models/cell_sim_blackbox.v:135:1: Compile module "work@DSP38".
[INF:CP0303] /nfs_eda_sw/softwares/Raptor/instl_dir/10_01_2024_09_15_02/share/raptor/sim_models/rapidsilicon/genesis3/FPGA_PRIMITIVES_MODELS/blackbox_models/cell_sim_blackbox.v:171:1: Compile module "work@FCLK_BUF".
[INF:CP0303] /nfs_eda_sw/softwares/Raptor/instl_dir/10_01_2024_09_15_02/share/raptor/sim_models/rapidsilicon/genesis3/FPGA_PRIMITIVES_MODELS/blackbox_models/cell_sim_blackbox.v:185:1: Compile module "work@FIFO18KX2".
[INF:CP0303] /nfs_eda_sw/softwares/Raptor/instl_dir/10_01_2024_09_15_02/share/raptor/sim_models/rapidsilicon/genesis3/FPGA_PRIMITIVES_MODELS/blackbox_models/cell_sim_blackbox.v:242:1: Compile module "work@FIFO36K".
[INF:CP0303] /nfs_eda_sw/softwares/Raptor/instl_dir/10_01_2024_09_15_02/share/raptor/sim_models/rapidsilicon/genesis3/FPGA_PRIMITIVES_MODELS/blackbox_models/cell_sim_blackbox.v:299:1: Compile module "work@I_BUF".
[INF:CP0303] /nfs_eda_sw/softwares/Raptor/instl_dir/10_01_2024_09_15_02/share/raptor/sim_models/rapidsilicon/genesis3/FPGA_PRIMITIVES_MODELS/blackbox_models/cell_sim_blackbox.v:277:1: Compile module "work@I_BUF_DS".
[INF:CP0303] /nfs_eda_sw/softwares/Raptor/instl_dir/10_01_2024_09_15_02/share/raptor/sim_models/rapidsilicon/genesis3/FPGA_PRIMITIVES_MODELS/blackbox_models/cell_sim_blackbox.v:318:1: Compile module "work@I_DDR".
[INF:CP0303] /nfs_eda_sw/softwares/Raptor/instl_dir/10_01_2024_09_15_02/share/raptor/sim_models/rapidsilicon/genesis3/FPGA_PRIMITIVES_MODELS/blackbox_models/cell_sim_blackbox.v:336:1: Compile module "work@I_DELAY".
[INF:CP0303] /nfs_eda_sw/softwares/Raptor/instl_dir/10_01_2024_09_15_02/share/raptor/sim_models/rapidsilicon/genesis3/FPGA_PRIMITIVES_MODELS/blackbox_models/cell_sim_blackbox.v:358:1: Compile module "work@I_FAB".
[INF:CP0303] /nfs_eda_sw/softwares/Raptor/instl_dir/10_01_2024_09_15_02/share/raptor/sim_models/rapidsilicon/genesis3/FPGA_PRIMITIVES_MODELS/blackbox_models/cell_sim_blackbox.v:372:1: Compile module "work@I_SERDES".
[INF:CP0303] /nfs_eda_sw/softwares/Raptor/instl_dir/10_01_2024_09_15_02/share/raptor/sim_models/rapidsilicon/genesis3/FPGA_PRIMITIVES_MODELS/blackbox_models/cell_sim_blackbox.v:480:1: Compile module "work@LATCH".
[INF:CP0303] /nfs_eda_sw/softwares/Raptor/instl_dir/10_01_2024_09_15_02/share/raptor/sim_models/rapidsilicon/genesis3/FPGA_PRIMITIVES_MODELS/blackbox_models/cell_sim_blackbox.v:433:1: Compile module "work@LATCHN".
[INF:CP0303] /nfs_eda_sw/softwares/Raptor/instl_dir/10_01_2024_09_15_02/share/raptor/sim_models/rapidsilicon/genesis3/FPGA_PRIMITIVES_MODELS/blackbox_models/cell_sim_blackbox.v:401:1: Compile module "work@LATCHNR".
[INF:CP0303] /nfs_eda_sw/softwares/Raptor/instl_dir/10_01_2024_09_15_02/share/raptor/sim_models/rapidsilicon/genesis3/FPGA_PRIMITIVES_MODELS/blackbox_models/cell_sim_blackbox.v:417:1: Compile module "work@LATCHNS".
[INF:CP0303] /nfs_eda_sw/softwares/Raptor/instl_dir/10_01_2024_09_15_02/share/raptor/sim_models/rapidsilicon/genesis3/FPGA_PRIMITIVES_MODELS/blackbox_models/cell_sim_blackbox.v:448:1: Compile module "work@LATCHR".
[INF:CP0303] /nfs_eda_sw/softwares/Raptor/instl_dir/10_01_2024_09_15_02/share/raptor/sim_models/rapidsilicon/genesis3/FPGA_PRIMITIVES_MODELS/blackbox_models/cell_sim_blackbox.v:464:1: Compile module "work@LATCHS".
[INF:CP0303] /nfs_eda_sw/softwares/Raptor/instl_dir/10_01_2024_09_15_02/share/raptor/sim_models/rapidsilicon/genesis3/FPGA_PRIMITIVES_MODELS/blackbox_models/cell_sim_blackbox.v:495:1: Compile module "work@LUT1".
[INF:CP0303] /nfs_eda_sw/softwares/Raptor/instl_dir/10_01_2024_09_15_02/share/raptor/sim_models/rapidsilicon/genesis3/FPGA_PRIMITIVES_MODELS/blackbox_models/cell_sim_blackbox.v:511:1: Compile module "work@LUT2".
[INF:CP0303] /nfs_eda_sw/softwares/Raptor/instl_dir/10_01_2024_09_15_02/share/raptor/sim_models/rapidsilicon/genesis3/FPGA_PRIMITIVES_MODELS/blackbox_models/cell_sim_blackbox.v:527:1: Compile module "work@LUT3".
[INF:CP0303] /nfs_eda_sw/softwares/Raptor/instl_dir/10_01_2024_09_15_02/share/raptor/sim_models/rapidsilicon/genesis3/FPGA_PRIMITIVES_MODELS/blackbox_models/cell_sim_blackbox.v:543:1: Compile module "work@LUT4".
[INF:CP0303] /nfs_eda_sw/softwares/Raptor/instl_dir/10_01_2024_09_15_02/share/raptor/sim_models/rapidsilicon/genesis3/FPGA_PRIMITIVES_MODELS/blackbox_models/cell_sim_blackbox.v:559:1: Compile module "work@LUT5".
[INF:CP0303] /nfs_eda_sw/softwares/Raptor/instl_dir/10_01_2024_09_15_02/share/raptor/sim_models/rapidsilicon/genesis3/FPGA_PRIMITIVES_MODELS/blackbox_models/cell_sim_blackbox.v:575:1: Compile module "work@LUT6".
[INF:CP0303] /nfs_eda_sw/softwares/Raptor/instl_dir/10_01_2024_09_15_02/share/raptor/sim_models/rapidsilicon/genesis3/FPGA_PRIMITIVES_MODELS/blackbox_models/cell_sim_blackbox.v:591:1: Compile module "work@MIPI_RX".
[INF:CP0303] /nfs_eda_sw/softwares/Raptor/instl_dir/10_01_2024_09_15_02/share/raptor/sim_models/rapidsilicon/genesis3/FPGA_PRIMITIVES_MODELS/blackbox_models/cell_sim_blackbox.v:627:1: Compile module "work@MIPI_TX".
[INF:CP0303] /nfs_eda_sw/softwares/Raptor/instl_dir/10_01_2024_09_15_02/share/raptor/sim_models/rapidsilicon/genesis3/FPGA_PRIMITIVES_MODELS/blackbox_models/cell_sim_blackbox.v:729:1: Compile module "work@O_BUF".
[INF:CP0303] /nfs_eda_sw/softwares/Raptor/instl_dir/10_01_2024_09_15_02/share/raptor/sim_models/rapidsilicon/genesis3/FPGA_PRIMITIVES_MODELS/blackbox_models/cell_sim_blackbox.v:708:1: Compile module "work@O_BUFT".
[INF:CP0303] /nfs_eda_sw/softwares/Raptor/instl_dir/10_01_2024_09_15_02/share/raptor/sim_models/rapidsilicon/genesis3/FPGA_PRIMITIVES_MODELS/blackbox_models/cell_sim_blackbox.v:686:1: Compile module "work@O_BUFT_DS".
[INF:CP0303] /nfs_eda_sw/softwares/Raptor/instl_dir/10_01_2024_09_15_02/share/raptor/sim_models/rapidsilicon/genesis3/FPGA_PRIMITIVES_MODELS/blackbox_models/cell_sim_blackbox.v:664:1: Compile module "work@O_BUF_DS".
[INF:CP0303] /nfs_eda_sw/softwares/Raptor/instl_dir/10_01_2024_09_15_02/share/raptor/sim_models/rapidsilicon/genesis3/FPGA_PRIMITIVES_MODELS/blackbox_models/cell_sim_blackbox.v:750:1: Compile module "work@O_DDR".
[INF:CP0303] /nfs_eda_sw/softwares/Raptor/instl_dir/10_01_2024_09_15_02/share/raptor/sim_models/rapidsilicon/genesis3/FPGA_PRIMITIVES_MODELS/blackbox_models/cell_sim_blackbox.v:768:1: Compile module "work@O_DELAY".
[INF:CP0303] /nfs_eda_sw/softwares/Raptor/instl_dir/10_01_2024_09_15_02/share/raptor/sim_models/rapidsilicon/genesis3/FPGA_PRIMITIVES_MODELS/blackbox_models/cell_sim_blackbox.v:790:1: Compile module "work@O_FAB".
[INF:CP0303] /nfs_eda_sw/softwares/Raptor/instl_dir/10_01_2024_09_15_02/share/raptor/sim_models/rapidsilicon/genesis3/FPGA_PRIMITIVES_MODELS/blackbox_models/cell_sim_blackbox.v:823:1: Compile module "work@O_SERDES".
[INF:CP0303] /nfs_eda_sw/softwares/Raptor/instl_dir/10_01_2024_09_15_02/share/raptor/sim_models/rapidsilicon/genesis3/FPGA_PRIMITIVES_MODELS/blackbox_models/cell_sim_blackbox.v:804:1: Compile module "work@O_SERDES_CLK".
[INF:CP0303] /nfs_eda_sw/softwares/Raptor/instl_dir/10_01_2024_09_15_02/share/raptor/sim_models/rapidsilicon/genesis3/FPGA_PRIMITIVES_MODELS/blackbox_models/cell_sim_blackbox.v:850:1: Compile module "work@PLL".
[INF:CP0303] /nfs_eda_sw/softwares/Raptor/instl_dir/10_01_2024_09_15_02/share/raptor/sim_models/rapidsilicon/genesis3/FPGA_PRIMITIVES_MODELS/blackbox_models/cell_sim_blackbox.v:878:1: Compile module "work@SOC_FPGA_INTF_AHB_M".
[INF:CP0303] /nfs_eda_sw/softwares/Raptor/instl_dir/10_01_2024_09_15_02/share/raptor/sim_models/rapidsilicon/genesis3/FPGA_PRIMITIVES_MODELS/blackbox_models/cell_sim_blackbox.v:902:1: Compile module "work@SOC_FPGA_INTF_AHB_S".
[INF:CP0303] /nfs_eda_sw/softwares/Raptor/instl_dir/10_01_2024_09_15_02/share/raptor/sim_models/rapidsilicon/genesis3/FPGA_PRIMITIVES_MODELS/blackbox_models/cell_sim_blackbox.v:929:1: Compile module "work@SOC_FPGA_INTF_AXI_M0".
[INF:CP0303] /nfs_eda_sw/softwares/Raptor/instl_dir/10_01_2024_09_15_02/share/raptor/sim_models/rapidsilicon/genesis3/FPGA_PRIMITIVES_MODELS/blackbox_models/cell_sim_blackbox.v:978:1: Compile module "work@SOC_FPGA_INTF_AXI_M1".
[INF:CP0303] /nfs_eda_sw/softwares/Raptor/instl_dir/10_01_2024_09_15_02/share/raptor/sim_models/rapidsilicon/genesis3/FPGA_PRIMITIVES_MODELS/blackbox_models/cell_sim_blackbox.v:1027:1: Compile module "work@SOC_FPGA_INTF_DMA".
[INF:CP0303] /nfs_eda_sw/softwares/Raptor/instl_dir/10_01_2024_09_15_02/share/raptor/sim_models/rapidsilicon/genesis3/FPGA_PRIMITIVES_MODELS/blackbox_models/cell_sim_blackbox.v:1043:1: Compile module "work@SOC_FPGA_INTF_IRQ".
[INF:CP0303] /nfs_eda_sw/softwares/Raptor/instl_dir/10_01_2024_09_15_02/share/raptor/sim_models/rapidsilicon/genesis3/FPGA_PRIMITIVES_MODELS/blackbox_models/cell_sim_blackbox.v:1059:1: Compile module "work@SOC_FPGA_INTF_JTAG".
[INF:CP0303] /nfs_eda_sw/softwares/Raptor/instl_dir/10_01_2024_09_15_02/share/raptor/sim_models/rapidsilicon/genesis3/FPGA_PRIMITIVES_MODELS/blackbox_models/cell_sim_blackbox.v:1077:1: Compile module "work@SOC_FPGA_TEMPERATURE".
[INF:CP0303] /nfs_eda_sw/softwares/Raptor/instl_dir/10_01_2024_09_15_02/share/raptor/sim_models/rapidsilicon/genesis3/FPGA_PRIMITIVES_MODELS/blackbox_models/cell_sim_blackbox.v:1095:1: Compile module "work@TDP_RAM18KX2".
[INF:CP0303] /nfs_eda_sw/softwares/Raptor/instl_dir/10_01_2024_09_15_02/share/raptor/sim_models/rapidsilicon/genesis3/FPGA_PRIMITIVES_MODELS/blackbox_models/cell_sim_blackbox.v:1160:1: Compile module "work@TDP_RAM36K".
[INF:CP0303] /nfs_scratch/scratch/CGA/repo/2024-10-01-23-30-48_T12181R18/Validation/RTL_testcases/RTL_Benchmarks_Gap_Analysis/hmac/rtl/hmac.sv:9:1: Compile module "work@hmac".
[INF:CP0303] /nfs_scratch/scratch/CGA/repo/2024-10-01-23-30-48_T12181R18/Validation/RTL_testcases/RTL_Benchmarks_Gap_Analysis/hmac/rtl/hmac_core.sv:7:1: Compile module "work@hmac_core".
[INF:CP0303] /nfs_scratch/scratch/CGA/repo/2024-10-01-23-30-48_T12181R18/Validation/RTL_testcases/RTL_Benchmarks_Gap_Analysis/hmac/rtl/hmac_reg_top.sv:8:1: Compile module "work@hmac_reg_top".
[INF:CP0303] /nfs_scratch/scratch/CGA/repo/2024-10-01-23-30-48_T12181R18/Validation/RTL_testcases/RTL_Benchmarks_Gap_Analysis/hmac/rtl/prim_alert_sender.sv:32:1: Compile module "work@prim_alert_sender".
[INF:CP0303] /nfs_scratch/scratch/CGA/repo/2024-10-01-23-30-48_T12181R18/Validation/RTL_testcases/RTL_Benchmarks_Gap_Analysis/hmac/rtl/prim_buf.sv:16:1: Compile module "work@prim_buf".
[INF:CP0303] /nfs_scratch/scratch/CGA/repo/2024-10-01-23-30-48_T12181R18/Validation/RTL_testcases/RTL_Benchmarks_Gap_Analysis/hmac/rtl/prim_diff_decode.sv:19:1: Compile module "work@prim_diff_decode".
[INF:CP0303] /nfs_scratch/scratch/CGA/repo/2024-10-01-23-30-48_T12181R18/Validation/RTL_testcases/RTL_Benchmarks_Gap_Analysis/hmac/rtl/prim_fifo_sync.sv:6:1: Compile module "work@prim_fifo_sync".
[INF:CP0303] /nfs_scratch/scratch/CGA/repo/2024-10-01-23-30-48_T12181R18/Validation/RTL_testcases/RTL_Benchmarks_Gap_Analysis/hmac/rtl/prim_flop_2sync.sv:13:1: Compile module "work@prim_flop_2sync".
[INF:CP0303] /nfs_scratch/scratch/CGA/repo/2024-10-01-23-30-48_T12181R18/Validation/RTL_testcases/RTL_Benchmarks_Gap_Analysis/hmac/rtl/prim_generic_buf.sv:6:1: Compile module "work@prim_generic_buf".
[INF:CP0303] /nfs_scratch/scratch/CGA/repo/2024-10-01-23-30-48_T12181R18/Validation/RTL_testcases/RTL_Benchmarks_Gap_Analysis/hmac/rtl/prim_generic_flop.sv:7:1: Compile module "work@prim_generic_flop".
[INF:CP0303] /nfs_scratch/scratch/CGA/repo/2024-10-01-23-30-48_T12181R18/Validation/RTL_testcases/RTL_Benchmarks_Gap_Analysis/hmac/rtl/prim_generic_flop_2sync.sv:9:1: Compile module "work@prim_generic_flop_2sync".
[INF:CP0303] /nfs_scratch/scratch/CGA/repo/2024-10-01-23-30-48_T12181R18/Validation/RTL_testcases/RTL_Benchmarks_Gap_Analysis/hmac/rtl/prim_intr_hw.sv:10:1: Compile module "work@prim_intr_hw".
[INF:CP0303] /nfs_scratch/scratch/CGA/repo/2024-10-01-23-30-48_T12181R18/Validation/RTL_testcases/RTL_Benchmarks_Gap_Analysis/hmac/rtl/prim_packer.sv:8:1: Compile module "work@prim_packer".
[INF:CP0303] /nfs_scratch/scratch/CGA/repo/2024-10-01-23-30-48_T12181R18/Validation/RTL_testcases/RTL_Benchmarks_Gap_Analysis/hmac/rtl/prim_secded_inv_39_32_dec.sv:7:1: Compile module "work@prim_secded_inv_39_32_dec".
[INF:CP0303] /nfs_scratch/scratch/CGA/repo/2024-10-01-23-30-48_T12181R18/Validation/RTL_testcases/RTL_Benchmarks_Gap_Analysis/hmac/rtl/prim_secded_inv_39_32_enc.sv:7:1: Compile module "work@prim_secded_inv_39_32_enc".
[INF:CP0303] /nfs_scratch/scratch/CGA/repo/2024-10-01-23-30-48_T12181R18/Validation/RTL_testcases/RTL_Benchmarks_Gap_Analysis/hmac/rtl/prim_secded_inv_64_57_dec.sv:7:1: Compile module "work@prim_secded_inv_64_57_dec".
[INF:CP0303] /nfs_scratch/scratch/CGA/repo/2024-10-01-23-30-48_T12181R18/Validation/RTL_testcases/RTL_Benchmarks_Gap_Analysis/hmac/rtl/prim_secded_inv_64_57_enc.sv:7:1: Compile module "work@prim_secded_inv_64_57_enc".
[INF:CP0303] /nfs_scratch/scratch/CGA/repo/2024-10-01-23-30-48_T12181R18/Validation/RTL_testcases/RTL_Benchmarks_Gap_Analysis/hmac/rtl/prim_subreg.sv:7:1: Compile module "work@prim_subreg".
[INF:CP0303] /nfs_scratch/scratch/CGA/repo/2024-10-01-23-30-48_T12181R18/Validation/RTL_testcases/RTL_Benchmarks_Gap_Analysis/hmac/rtl/prim_subreg_ext.sv:7:1: Compile module "work@prim_subreg_ext".
[INF:CP0303] /nfs_scratch/scratch/CGA/repo/2024-10-01-23-30-48_T12181R18/Validation/RTL_testcases/RTL_Benchmarks_Gap_Analysis/hmac/rtl/sha2.sv:8:1: Compile module "work@sha2".
[INF:CP0303] /nfs_scratch/scratch/CGA/repo/2024-10-01-23-30-48_T12181R18/Validation/RTL_testcases/RTL_Benchmarks_Gap_Analysis/hmac/rtl/sha2_pad.sv:9:1: Compile module "work@sha2_pad".
[INF:CP0303] /nfs_scratch/scratch/CGA/repo/2024-10-01-23-30-48_T12181R18/Validation/RTL_testcases/RTL_Benchmarks_Gap_Analysis/hmac/rtl/tlul_adapter_reg.sv:10:1: Compile module "work@tlul_adapter_reg".
[INF:CP0303] /nfs_scratch/scratch/CGA/repo/2024-10-01-23-30-48_T12181R18/Validation/RTL_testcases/RTL_Benchmarks_Gap_Analysis/hmac/rtl/tlul_adapter_sram.sv:13:1: Compile module "work@tlul_adapter_sram".
[INF:CP0303] /nfs_scratch/scratch/CGA/repo/2024-10-01-23-30-48_T12181R18/Validation/RTL_testcases/RTL_Benchmarks_Gap_Analysis/hmac/rtl/tlul_cmd_intg_chk.sv:3:1: Compile module "work@tlul_cmd_intg_chk".
[INF:CP0303] /nfs_scratch/scratch/CGA/repo/2024-10-01-23-30-48_T12181R18/Validation/RTL_testcases/RTL_Benchmarks_Gap_Analysis/hmac/rtl/tlul_data_integ_dec.sv:10:1: Compile module "work@tlul_data_integ_dec".
[INF:CP0303] /nfs_scratch/scratch/CGA/repo/2024-10-01-23-30-48_T12181R18/Validation/RTL_testcases/RTL_Benchmarks_Gap_Analysis/hmac/rtl/tlul_data_integ_enc.sv:10:1: Compile module "work@tlul_data_integ_enc".
[INF:CP0303] /nfs_scratch/scratch/CGA/repo/2024-10-01-23-30-48_T12181R18/Validation/RTL_testcases/RTL_Benchmarks_Gap_Analysis/hmac/rtl/tlul_err.sv:7:1: Compile module "work@tlul_err".
[INF:CP0303] /nfs_scratch/scratch/CGA/repo/2024-10-01-23-30-48_T12181R18/Validation/RTL_testcases/RTL_Benchmarks_Gap_Analysis/hmac/rtl/tlul_err_resp.sv:6:1: Compile module "work@tlul_err_resp".
[INF:CP0303] /nfs_scratch/scratch/CGA/repo/2024-10-01-23-30-48_T12181R18/Validation/RTL_testcases/RTL_Benchmarks_Gap_Analysis/hmac/rtl/tlul_fifo_sync.sv:9:1: Compile module "work@tlul_fifo_sync".
[INF:CP0303] /nfs_scratch/scratch/CGA/repo/2024-10-01-23-30-48_T12181R18/Validation/RTL_testcases/RTL_Benchmarks_Gap_Analysis/hmac/rtl/tlul_rsp_intg_gen.sv:9:1: Compile module "work@tlul_rsp_intg_gen".
[INF:CP0303] /nfs_scratch/scratch/CGA/repo/2024-10-01-23-30-48_T12181R18/Validation/RTL_testcases/RTL_Benchmarks_Gap_Analysis/hmac/rtl/tlul_socket_1n.sv:35:1: Compile module "work@tlul_socket_1n".
[INF:CP0302] Compile class "work@mailbox".
[INF:CP0302] Compile class "work@process".
[INF:CP0302] Compile class "work@semaphore".
[NTE:CP0309] /nfs_scratch/scratch/CGA/repo/2024-10-01-23-30-48_T12181R18/Validation/RTL_testcases/RTL_Benchmarks_Gap_Analysis/hmac/rtl/hmac_core.sv:41:17: Implicit port type (wire) for "sha_message_length".
[NTE:CP0309] /nfs_scratch/scratch/CGA/repo/2024-10-01-23-30-48_T12181R18/Validation/RTL_testcases/RTL_Benchmarks_Gap_Analysis/hmac/rtl/prim_fifo_sync.sv:21:27: Implicit port type (wire) for "wready",
there are 3 more instances of this message.
[NTE:CP0309] /nfs_scratch/scratch/CGA/repo/2024-10-01-23-30-48_T12181R18/Validation/RTL_testcases/RTL_Benchmarks_Gap_Analysis/hmac/rtl/prim_intr_hw.sv:24:23: Implicit port type (wire) for "hw2reg_intr_state_de_o",
there are 1 more instances of this message.
[NTE:CP0309] /nfs_scratch/scratch/CGA/repo/2024-10-01-23-30-48_T12181R18/Validation/RTL_testcases/RTL_Benchmarks_Gap_Analysis/hmac/rtl/prim_packer.sv:19:27: Implicit port type (wire) for "ready_o".
[NTE:CP0309] /nfs_scratch/scratch/CGA/repo/2024-10-01-23-30-48_T12181R18/Validation/RTL_testcases/RTL_Benchmarks_Gap_Analysis/hmac/rtl/tlul_fifo_sync.sv:24:29: Implicit port type (wire) for "spare_req_o",
there are 1 more instances of this message.
[INF:EL0526] Design Elaboration...
[INF:CP0335] /nfs_scratch/scratch/CGA/repo/2024-10-01-23-30-48_T12181R18/Validation/RTL_testcases/RTL_Benchmarks_Gap_Analysis/hmac/rtl/hmac.sv:136:34: Compile generate block "work@hmac.gen_key_digest[0]".
[INF:CP0335] /nfs_scratch/scratch/CGA/repo/2024-10-01-23-30-48_T12181R18/Validation/RTL_testcases/RTL_Benchmarks_Gap_Analysis/hmac/rtl/hmac.sv:136:34: Compile generate block "work@hmac.gen_key_digest[1]".
[INF:CP0335] /nfs_scratch/scratch/CGA/repo/2024-10-01-23-30-48_T12181R18/Validation/RTL_testcases/RTL_Benchmarks_Gap_Analysis/hmac/rtl/hmac.sv:136:34: Compile generate block "work@hmac.gen_key_digest[2]".
[INF:CP0335] /nfs_scratch/scratch/CGA/repo/2024-10-01-23-30-48_T12181R18/Validation/RTL_testcases/RTL_Benchmarks_Gap_Analysis/hmac/rtl/hmac.sv:136:34: Compile generate block "work@hmac.gen_key_digest[3]".
[INF:CP0335] /nfs_scratch/scratch/CGA/repo/2024-10-01-23-30-48_T12181R18/Validation/RTL_testcases/RTL_Benchmarks_Gap_Analysis/hmac/rtl/hmac.sv:136:34: Compile generate block "work@hmac.gen_key_digest[4]".
[INF:CP0335] /nfs_scratch/scratch/CGA/repo/2024-10-01-23-30-48_T12181R18/Validation/RTL_testcases/RTL_Benchmarks_Gap_Analysis/hmac/rtl/hmac.sv:136:34: Compile generate block "work@hmac.gen_key_digest[5]".
[INF:CP0335] /nfs_scratch/scratch/CGA/repo/2024-10-01-23-30-48_T12181R18/Validation/RTL_testcases/RTL_Benchmarks_Gap_Analysis/hmac/rtl/hmac.sv:136:34: Compile generate block "work@hmac.gen_key_digest[6]".
[INF:CP0335] /nfs_scratch/scratch/CGA/repo/2024-10-01-23-30-48_T12181R18/Validation/RTL_testcases/RTL_Benchmarks_Gap_Analysis/hmac/rtl/hmac.sv:136:34: Compile generate block "work@hmac.gen_key_digest[7]".
[INF:CP0335] /nfs_scratch/scratch/CGA/repo/2024-10-01-23-30-48_T12181R18/Validation/RTL_testcases/RTL_Benchmarks_Gap_Analysis/hmac/rtl/prim_intr_hw.sv:39:24: Compile generate block "work@hmac.intr_hw_hmac_done.gen_flop_intr_output".
[INF:CP0335] /nfs_scratch/scratch/CGA/repo/2024-10-01-23-30-48_T12181R18/Validation/RTL_testcases/RTL_Benchmarks_Gap_Analysis/hmac/rtl/prim_intr_hw.sv:39:24: Compile generate block "work@hmac.intr_hw_fifo_empty.gen_flop_intr_output".
[INF:CP0335] /nfs_scratch/scratch/CGA/repo/2024-10-01-23-30-48_T12181R18/Validation/RTL_testcases/RTL_Benchmarks_Gap_Analysis/hmac/rtl/prim_intr_hw.sv:39:24: Compile generate block "work@hmac.intr_hw_hmac_err.gen_flop_intr_output".
[INF:CP0335] /nfs_scratch/scratch/CGA/repo/2024-10-01-23-30-48_T12181R18/Validation/RTL_testcases/RTL_Benchmarks_Gap_Analysis/hmac/rtl/prim_fifo_sync.sv:48:12: Compile generate block "work@hmac.u_msg_fifo.gen_normal_fifo".
[INF:CP0335] /nfs_scratch/scratch/CGA/repo/2024-10-01-23-30-48_T12181R18/Validation/RTL_testcases/RTL_Benchmarks_Gap_Analysis/hmac/rtl/prim_fifo_sync.sv:122:14: Compile generate block "work@hmac.u_msg_fifo.gen_normal_fifo.gen_depth_gt1".
[INF:CP0335] /nfs_scratch/scratch/CGA/repo/2024-10-01-23-30-48_T12181R18/Validation/RTL_testcases/RTL_Benchmarks_Gap_Analysis/hmac/rtl/prim_fifo_sync.sv:132:23: Compile generate block "work@hmac.u_msg_fifo.gen_normal_fifo.gen_pass".
[INF:CP0335] /nfs_scratch/scratch/CGA/repo/2024-10-01-23-30-48_T12181R18/Validation/RTL_testcases/RTL_Benchmarks_Gap_Analysis/hmac/rtl/prim_fifo_sync.sv:140:36: Compile generate block "work@hmac.u_msg_fifo.gen_normal_fifo.gen_output_zero".
[INF:CP0335] /nfs_scratch/scratch/CGA/repo/2024-10-01-23-30-48_T12181R18/Validation/RTL_testcases/RTL_Benchmarks_Gap_Analysis/hmac/rtl/tlul_adapter_sram.sv:172:12: Compile generate block "work@hmac.u_tlul_adapter.gen_no_wordwidthadapt".
[INF:CP0335] /nfs_scratch/scratch/CGA/repo/2024-10-01-23-30-48_T12181R18/Validation/RTL_testcases/RTL_Benchmarks_Gap_Analysis/hmac/rtl/tlul_adapter_sram.sv:206:12: Compile generate block "work@hmac.u_tlul_adapter.gen_writes_allowed".
[INF:CP0335] /nfs_scratch/scratch/CGA/repo/2024-10-01-23-30-48_T12181R18/Validation/RTL_testcases/RTL_Benchmarks_Gap_Analysis/hmac/rtl/tlul_adapter_sram.sv:210:23: Compile generate block "work@hmac.u_tlul_adapter.gen_no_reads".
[INF:CP0335] /nfs_scratch/scratch/CGA/repo/2024-10-01-23-30-48_T12181R18/Validation/RTL_testcases/RTL_Benchmarks_Gap_Analysis/hmac/rtl/prim_fifo_sync.sv:48:12: Compile generate block "work@hmac.u_tlul_adapter.u_reqfifo.gen_normal_fifo".
[INF:CP0335] /nfs_scratch/scratch/CGA/repo/2024-10-01-23-30-48_T12181R18/Validation/RTL_testcases/RTL_Benchmarks_Gap_Analysis/hmac/rtl/prim_fifo_sync.sv:114:21: Compile generate block "work@hmac.u_tlul_adapter.u_reqfifo.gen_normal_fifo.gen_depth_eq1".
[INF:CP0335] /nfs_scratch/scratch/CGA/repo/2024-10-01-23-30-48_T12181R18/Validation/RTL_testcases/RTL_Benchmarks_Gap_Analysis/hmac/rtl/prim_fifo_sync.sv:135:14: Compile generate block "work@hmac.u_tlul_adapter.u_reqfifo.gen_normal_fifo.gen_nopass".
[INF:CP0335] /nfs_scratch/scratch/CGA/repo/2024-10-01-23-30-48_T12181R18/Validation/RTL_testcases/RTL_Benchmarks_Gap_Analysis/hmac/rtl/prim_fifo_sync.sv:140:36: Compile generate block "work@hmac.u_tlul_adapter.u_reqfifo.gen_normal_fifo.gen_output_zero".
[INF:CP0335] /nfs_scratch/scratch/CGA/repo/2024-10-01-23-30-48_T12181R18/Validation/RTL_testcases/RTL_Benchmarks_Gap_Analysis/hmac/rtl/prim_fifo_sync.sv:48:12: Compile generate block "work@hmac.u_tlul_adapter.u_sramreqfifo.gen_normal_fifo".
[INF:CP0335] /nfs_scratch/scratch/CGA/repo/2024-10-01-23-30-48_T12181R18/Validation/RTL_testcases/RTL_Benchmarks_Gap_Analysis/hmac/rtl/prim_fifo_sync.sv:114:21: Compile generate block "work@hmac.u_tlul_adapter.u_sramreqfifo.gen_normal_fifo.gen_depth_eq1".
[INF:CP0335] /nfs_scratch/scratch/CGA/repo/2024-10-01-23-30-48_T12181R18/Validation/RTL_testcases/RTL_Benchmarks_Gap_Analysis/hmac/rtl/prim_fifo_sync.sv:135:14: Compile generate block "work@hmac.u_tlul_adapter.u_sramreqfifo.gen_normal_fifo.gen_nopass".
[INF:CP0335] /nfs_scratch/scratch/CGA/repo/2024-10-01-23-30-48_T12181R18/Validation/RTL_testcases/RTL_Benchmarks_Gap_Analysis/hmac/rtl/prim_fifo_sync.sv:140:36: Compile generate block "work@hmac.u_tlul_adapter.u_sramreqfifo.gen_normal_fifo.gen_output_zero".
[INF:CP0335] /nfs_scratch/scratch/CGA/repo/2024-10-01-23-30-48_T12181R18/Validation/RTL_testcases/RTL_Benchmarks_Gap_Analysis/hmac/rtl/prim_fifo_sync.sv:48:12: Compile generate block "work@hmac.u_tlul_adapter.u_rspfifo.gen_normal_fifo".
[INF:CP0335] /nfs_scratch/scratch/CGA/repo/2024-10-01-23-30-48_T12181R18/Validation/RTL_testcases/RTL_Benchmarks_Gap_Analysis/hmac/rtl/prim_fifo_sync.sv:114:21: Compile generate block "work@hmac.u_tlul_adapter.u_rspfifo.gen_normal_fifo.gen_depth_eq1".
[INF:CP0335] /nfs_scratch/scratch/CGA/repo/2024-10-01-23-30-48_T12181R18/Validation/RTL_testcases/RTL_Benchmarks_Gap_Analysis/hmac/rtl/prim_fifo_sync.sv:132:23: Compile generate block "work@hmac.u_tlul_adapter.u_rspfifo.gen_normal_fifo.gen_pass".
[INF:CP0335] /nfs_scratch/scratch/CGA/repo/2024-10-01-23-30-48_T12181R18/Validation/RTL_testcases/RTL_Benchmarks_Gap_Analysis/hmac/rtl/prim_fifo_sync.sv:140:36: Compile generate block "work@hmac.u_tlul_adapter.u_rspfifo.gen_normal_fifo.gen_output_zero".
[INF:CP0335] /nfs_scratch/scratch/CGA/repo/2024-10-01-23-30-48_T12181R18/Validation/RTL_testcases/RTL_Benchmarks_Gap_Analysis/hmac/rtl/tlul_rsp_intg_gen.sv:19:25: Compile generate block "work@hmac.u_reg.u_rsp_intg_gen.gen_rsp_intg".
[INF:CP0335] /nfs_scratch/scratch/CGA/repo/2024-10-01-23-30-48_T12181R18/Validation/RTL_testcases/RTL_Benchmarks_Gap_Analysis/hmac/rtl/tlul_rsp_intg_gen.sv:34:26: Compile generate block "work@hmac.u_reg.u_rsp_intg_gen.gen_data_intg".
[INF:CP0335] /nfs_scratch/scratch/CGA/repo/2024-10-01-23-30-48_T12181R18/Validation/RTL_testcases/RTL_Benchmarks_Gap_Analysis/hmac/rtl/prim_fifo_sync.sv:32:19: Compile generate block "work@hmac.u_reg.u_socket.fifo_h.reqfifo.gen_passthru_fifo".
[INF:CP0335] /nfs_scratch/scratch/CGA/repo/2024-10-01-23-30-48_T12181R18/Validation/RTL_testcases/RTL_Benchmarks_Gap_Analysis/hmac/rtl/prim_fifo_sync.sv:32:19: Compile generate block "work@hmac.u_reg.u_socket.fifo_h.rspfifo.gen_passthru_fifo".
[INF:CP0335] /nfs_scratch/scratch/CGA/repo/2024-10-01-23-30-48_T12181R18/Validation/RTL_testcases/RTL_Benchmarks_Gap_Analysis/hmac/rtl/tlul_socket_1n.sv:124:36: Compile generate block "work@hmac.u_reg.u_socket.gen_u_o[0]".
[INF:CP0335] /nfs_scratch/scratch/CGA/repo/2024-10-01-23-30-48_T12181R18/Validation/RTL_testcases/RTL_Benchmarks_Gap_Analysis/hmac/rtl/tlul_socket_1n.sv:124:36: Compile generate block "work@hmac.u_reg.u_socket.gen_u_o[1]".
[INF:CP0335] /nfs_scratch/scratch/CGA/repo/2024-10-01-23-30-48_T12181R18/Validation/RTL_testcases/RTL_Benchmarks_Gap_Analysis/hmac/rtl/tlul_socket_1n.sv:172:38: Compile generate block "work@hmac.u_reg.u_socket.gen_u_o_d_ready[0]".
[INF:CP0335] /nfs_scratch/scratch/CGA/repo/2024-10-01-23-30-48_T12181R18/Validation/RTL_testcases/RTL_Benchmarks_Gap_Analysis/hmac/rtl/tlul_socket_1n.sv:172:38: Compile generate block "work@hmac.u_reg.u_socket.gen_u_o_d_ready[1]".
[INF:CP0335] /nfs_scratch/scratch/CGA/repo/2024-10-01-23-30-48_T12181R18/Validation/RTL_testcases/RTL_Benchmarks_Gap_Analysis/hmac/rtl/tlul_socket_1n.sv:172:38: Compile generate block "work@hmac.u_reg.u_socket.gen_u_o_d_ready[2]".
[INF:CP0335] /nfs_scratch/scratch/CGA/repo/2024-10-01-23-30-48_T12181R18/Validation/RTL_testcases/RTL_Benchmarks_Gap_Analysis/hmac/rtl/tlul_socket_1n.sv:177:36: Compile generate block "work@hmac.u_reg.u_socket.gen_dfifo[0]".
[INF:CP0335] /nfs_scratch/scratch/CGA/repo/2024-10-01-23-30-48_T12181R18/Validation/RTL_testcases/RTL_Benchmarks_Gap_Analysis/hmac/rtl/prim_fifo_sync.sv:32:19: Compile generate block "work@hmac.u_reg.u_socket.gen_dfifo[0].fifo_d.reqfifo.gen_passthru_fifo".
[INF:CP0335] /nfs_scratch/scratch/CGA/repo/2024-10-01-23-30-48_T12181R18/Validation/RTL_testcases/RTL_Benchmarks_Gap_Analysis/hmac/rtl/prim_fifo_sync.sv:32:19: Compile generate block "work@hmac.u_reg.u_socket.gen_dfifo[0].fifo_d.rspfifo.gen_passthru_fifo".
[INF:CP0335] /nfs_scratch/scratch/CGA/repo/2024-10-01-23-30-48_T12181R18/Validation/RTL_testcases/RTL_Benchmarks_Gap_Analysis/hmac/rtl/tlul_socket_1n.sv:177:36: Compile generate block "work@hmac.u_reg.u_socket.gen_dfifo[1]".
[INF:CP0335] /nfs_scratch/scratch/CGA/repo/2024-10-01-23-30-48_T12181R18/Validation/RTL_testcases/RTL_Benchmarks_Gap_Analysis/hmac/rtl/prim_fifo_sync.sv:32:19: Compile generate block "work@hmac.u_reg.u_socket.gen_dfifo[1].fifo_d.reqfifo.gen_passthru_fifo".
[INF:CP0335] /nfs_scratch/scratch/CGA/repo/2024-10-01-23-30-48_T12181R18/Validation/RTL_testcases/RTL_Benchmarks_Gap_Analysis/hmac/rtl/prim_fifo_sync.sv:32:19: Compile generate block "work@hmac.u_reg.u_socket.gen_dfifo[1].fifo_d.rspfifo.gen_passthru_fifo".
[INF:CP0335] /nfs_scratch/scratch/CGA/repo/2024-10-01-23-30-48_T12181R18/Validation/RTL_testcases/RTL_Benchmarks_Gap_Analysis/hmac/rtl/prim_subreg.sv:60:12: Compile generate block "work@hmac.u_reg.u_intr_state_hmac_done.gen_hw".
[INF:CP0335] /nfs_scratch/scratch/CGA/repo/2024-10-01-23-30-48_T12181R18/Validation/RTL_testcases/RTL_Benchmarks_Gap_Analysis/hmac/rtl/prim_subreg.sv:60:12: Compile generate block "work@hmac.u_reg.u_intr_state_fifo_empty.gen_hw".
[INF:CP0335] /nfs_scratch/scratch/CGA/repo/2024-10-01-23-30-48_T12181R18/Validation/RTL_testcases/RTL_Benchmarks_Gap_Analysis/hmac/rtl/prim_subreg.sv:60:12: Compile generate block "work@hmac.u_reg.u_intr_state_hmac_err.gen_hw".
[INF:CP0335] /nfs_scratch/scratch/CGA/repo/2024-10-01-23-30-48_T12181R18/Validation/RTL_testcases/RTL_Benchmarks_Gap_Analysis/hmac/rtl/prim_subreg.sv:60:12: Compile generate block "work@hmac.u_reg.u_intr_enable_hmac_done.gen_hw".
[INF:CP0335] /nfs_scratch/scratch/CGA/repo/2024-10-01-23-30-48_T12181R18/Validation/RTL_testcases/RTL_Benchmarks_Gap_Analysis/hmac/rtl/prim_subreg.sv:60:12: Compile generate block "work@hmac.u_reg.u_intr_enable_fifo_empty.gen_hw".
[INF:CP0335] /nfs_scratch/scratch/CGA/repo/2024-10-01-23-30-48_T12181R18/Validation/RTL_testcases/RTL_Benchmarks_Gap_Analysis/hmac/rtl/prim_subreg.sv:60:12: Compile generate block "work@hmac.u_reg.u_intr_enable_hmac_err.gen_hw".
[INF:CP0335] /nfs_scratch/scratch/CGA/repo/2024-10-01-23-30-48_T12181R18/Validation/RTL_testcases/RTL_Benchmarks_Gap_Analysis/hmac/rtl/prim_subreg.sv:60:12: Compile generate block "work@hmac.u_reg.u_err_code.gen_hw".
[INF:CP0335] /nfs_scratch/scratch/CGA/repo/2024-10-01-23-30-48_T12181R18/Validation/RTL_testcases/RTL_Benchmarks_Gap_Analysis/hmac/rtl/prim_subreg.sv:60:12: Compile generate block "work@hmac.u_reg.u_msg_length_lower.gen_hw".
[INF:CP0335] /nfs_scratch/scratch/CGA/repo/2024-10-01-23-30-48_T12181R18/Validation/RTL_testcases/RTL_Benchmarks_Gap_Analysis/hmac/rtl/prim_subreg.sv:60:12: Compile generate block "work@hmac.u_reg.u_msg_length_upper.gen_hw".
[INF:CP0335] /nfs_scratch/scratch/CGA/repo/2024-10-01-23-30-48_T12181R18/Validation/RTL_testcases/RTL_Benchmarks_Gap_Analysis/hmac/rtl/hmac.sv:460:42: Compile generate block "work@hmac.gen_alert_tx[0]".
[INF:CP0335] /nfs_scratch/scratch/CGA/repo/2024-10-01-23-30-48_T12181R18/Validation/RTL_testcases/RTL_Benchmarks_Gap_Analysis/hmac/rtl/prim_diff_decode.sv:44:16: Compile generate block "work@hmac.gen_alert_tx[0].u_prim_alert_sender.i_decode_ping.gen_async".
[INF:CP0335] /nfs_scratch/scratch/CGA/repo/2024-10-01-23-30-48_T12181R18/Validation/RTL_testcases/RTL_Benchmarks_Gap_Analysis/hmac/rtl/prim_flop_2sync.sv:28:10: Compile generate block "work@hmac.gen_alert_tx[0].u_prim_alert_sender.i_decode_ping.gen_async.i_sync_p.gen_generic".
[INF:CP0335] /nfs_scratch/scratch/CGA/repo/2024-10-01-23-30-48_T12181R18/Validation/RTL_testcases/RTL_Benchmarks_Gap_Analysis/hmac/rtl/prim_flop_2sync.sv:28:10: Compile generate block "work@hmac.gen_alert_tx[0].u_prim_alert_sender.i_decode_ping.gen_async.i_sync_n.gen_generic".
[INF:CP0335] /nfs_scratch/scratch/CGA/repo/2024-10-01-23-30-48_T12181R18/Validation/RTL_testcases/RTL_Benchmarks_Gap_Analysis/hmac/rtl/prim_diff_decode.sv:44:16: Compile generate block "work@hmac.gen_alert_tx[0].u_prim_alert_sender.i_decode_ack.gen_async".
[INF:CP0335] /nfs_scratch/scratch/CGA/repo/2024-10-01-23-30-48_T12181R18/Validation/RTL_testcases/RTL_Benchmarks_Gap_Analysis/hmac/rtl/prim_flop_2sync.sv:28:10: Compile generate block "work@hmac.gen_alert_tx[0].u_prim_alert_sender.i_decode_ack.gen_async.i_sync_p.gen_generic".
[INF:CP0335] /nfs_scratch/scratch/CGA/repo/2024-10-01-23-30-48_T12181R18/Validation/RTL_testcases/RTL_Benchmarks_Gap_Analysis/hmac/rtl/prim_flop_2sync.sv:28:10: Compile generate block "work@hmac.gen_alert_tx[0].u_prim_alert_sender.i_decode_ack.gen_async.i_sync_n.gen_generic".
[INF:CP0335] /nfs_scratch/scratch/CGA/repo/2024-10-01-23-30-48_T12181R18/Validation/RTL_testcases/RTL_Benchmarks_Gap_Analysis/hmac/rtl/prim_buf.sv:30:10: Compile generate block "work@hmac.gen_alert_tx[0].u_prim_alert_sender.u_prim_buf_p.gen_generic".
[INF:CP0335] /nfs_scratch/scratch/CGA/repo/2024-10-01-23-30-48_T12181R18/Validation/RTL_testcases/RTL_Benchmarks_Gap_Analysis/hmac/rtl/prim_buf.sv:30:10: Compile generate block "work@hmac.gen_alert_tx[0].u_prim_alert_sender.u_prim_buf_n.gen_generic".
[NTE:EL0503] /nfs_scratch/scratch/CGA/repo/2024-10-01-23-30-48_T12181R18/Validation/RTL_testcases/RTL_Benchmarks_Gap_Analysis/hmac/rtl/hmac.sv:9:1: Top level module "work@hmac".
[NTE:EL0508] Nb Top level modules: 1.
[NTE:EL0509] Max instance depth: 9.
[NTE:EL0510] Nb instances: 98.
[NTE:EL0511] Nb leaf instances: 32.
[INF:UH0706] Creating UHDM Model...
[INF:UH0707] Elaborating UHDM...
[  FATAL] : 0
[ SYNTAX] : 0
[  ERROR] : 0
[WARNING] : 0
[   NOTE] : 10
