
4.568.5.2.2. Executing Verilog backend.
Dumping module `\fabric_stereovision2'.

4.568.5.2.2.1. Executing BLIF backend.

Warnings: 3 unique messages, 3 total
End of script. Logfile hash: bf4c9b8aa8, CPU: user 1759.24s system 16.01s, MEM: 2475.43 MB peak
Yosys 0.38 (git sha1 2b36bfab5, gcc 11.2.1 -fPIC -Os)
Time spent: 94% 10x abc (30598 sec), 1% 143x opt_expr (451 sec), ...
INFO: SYN: Design stereovision2 is synthesized
INFO: Setting up the LEC Simulation 
INFO: Adding SV_2012 /nfs_scratch/scratch/CompilerValidation/abdul_hameed/12SEPT/Validation/RTL_testcases/Benchmarking_QoR_testcases/stereovision2/results_dir/./sim/co_sim_tb/co_sim_stereovision2.v
INFO: Adding SV_2012 /nfs_scratch/scratch/CompilerValidation/abdul_hameed/12SEPT/Validation/RTL_testcases/Benchmarking_QoR_testcases/stereovision2/results_dir/.././rtl/stereovision2.v
INFO: Modifying stereovision2/run_1/synth_1_1/synthesis/stereovision2_post_synth.v 
INFO: Modification completed. 
INFO: Modifying stereovision2/run_1/synth_1_1/synthesis/post_pnr_wrapper_stereovision2_post_synth.v 
INFO: Modification completed. 
INFO: SGT: ##################################################
INFO: SGT: Gate simulation for design: stereovision2
INFO: SGT: ##################################################
Command: /nfs_eda_sw/softwares/Raptor/instl_dir/09_18_2024_09_15_01/bin/HDL_simulator/iverilog/bin/iverilog -DIVERILOG=1 -v -DGATE_SIM=1 -s co_sim_stereovision2 -I../../../../.././rtl -I/nfs_scratch/scratch/CompilerValidation/abdul_hameed/12SEPT/Validation/RTL_testcases/Benchmarking_QoR_testcases/stereovision2/results_dir/.././rtl -I/nfs_scratch/scratch/CompilerValidation/abdul_hameed/12SEPT/Validation/RTL_testcases/Benchmarking_QoR_testcases/stereovision2/results_dir/./sim/co_sim_tb -y ../../../../.././rtl -Y .v -Y .sv -g2012 /nfs_scratch/scratch/CompilerValidation/abdul_hameed/12SEPT/Validation/RTL_testcases/Benchmarking_QoR_testcases/stereovision2/results_dir/./sim/co_sim_tb/co_sim_stereovision2.v /nfs_scratch/scratch/CompilerValidation/abdul_hameed/12SEPT/Validation/RTL_testcases/Benchmarking_QoR_testcases/stereovision2/results_dir/.././rtl/stereovision2.v /nfs_scratch/scratch/CompilerValidation/abdul_hameed/12SEPT/Validation/RTL_testcases/Benchmarking_QoR_testcases/stereovision2/results_dir/stereovision2/run_1/synth_1_1/synthesis/stereovision2_post_synth.v -l /nfs_eda_sw/softwares/Raptor/instl_dir/09_18_2024_09_15_01/share/raptor/sim_models/rapidsilicon/genesis3/simlib.v -l /nfs_eda_sw/softwares/Raptor/instl_dir/09_18_2024_09_15_01/share/raptor/sim_models/rapidsilicon/genesis3/brams_sim.v -l /nfs_eda_sw/softwares/Raptor/instl_dir/09_18_2024_09_15_01/share/raptor/sim_models/rapidsilicon/genesis3/llatches_sim.v -l /nfs_eda_sw/softwares/Raptor/instl_dir/09_18_2024_09_15_01/share/raptor/sim_models/rapidsilicon/genesis3/FPGA_PRIMITIVES_MODELS/sim_models/verilog/DFFRE.v -l /nfs_eda_sw/softwares/Raptor/instl_dir/09_18_2024_09_15_01/share/raptor/sim_models/rapidsilicon/genesis3/FPGA_PRIMITIVES_MODELS/sim_models/verilog/O_BUF.v -l /nfs_eda_sw/softwares/Raptor/instl_dir/09_18_2024_09_15_01/share/raptor/sim_models/rapidsilicon/genesis3/FPGA_PRIMITIVES_MODELS/sim_models/verilog/O_SERDES.v -l /nfs_eda_sw/softwares/Raptor/instl_dir/09_18_2024_09_15_01/share/raptor/sim_models/rapidsilicon/genesis3/FPGA_PRIMITIVES_MODELS/sim_models/verilog/SOC_FPGA_INTF_AXI_M1.v -l /nfs_eda_sw/softwares/Raptor/instl_dir/09_18_2024_09_15_01/share/raptor/sim_models/rapidsilicon/genesis3/FPGA_PRIMITIVES_MODELS/sim_models/verilog/DSP19X2.v -l /nfs_eda_sw/softwares/Raptor/instl_dir/09_18_2024_09_15_01/share/raptor/sim_models/rapidsilicon/genesis3/FPGA_PRIMITIVES_MODELS/sim_models/verilog/O_FAB.v -l /nfs_eda_sw/softwares/Raptor/instl_dir/09_18_2024_09_15_01/share/raptor/sim_models/rapidsilicon/genesis3/FPGA_PRIMITIVES_MODELS/sim_models/verilog/DFFNRE.v -l /nfs_eda_sw/softwares/Raptor/instl_dir/09_18_2024_09_15_01/share/raptor/sim_models/rapidsilicon/genesis3/FPGA_PRIMITIVES_MODELS/sim_models/verilog/SOC_FPGA_INTF_AXI_M0.v -l /nfs_eda_sw/softwares/Raptor/instl_dir/09_18_2024_09_15_01/share/raptor/sim_models/rapidsilicon/genesis3/FPGA_PRIMITIVES_MODELS/sim_models/verilog/O_DDR.v -l /nfs_eda_sw/softwares/Raptor/instl_dir/09_18_2024_09_15_01/share/raptor/sim_models/rapidsilicon/genesis3/FPGA_PRIMITIVES_MODELS/sim_models/verilog/O_SERDES_CLK.v -l /nfs_eda_sw/softwares/Raptor/instl_dir/09_18_2024_09_15_01/share/raptor/sim_models/rapidsilicon/genesis3/FPGA_PRIMITIVES_MODELS/sim_models/verilog/LUT1.v -l /nfs_eda_sw/softwares/Raptor/instl_dir/09_18_2024_09_15_01/share/raptor/sim_models/rapidsilicon/genesis3/FPGA_PRIMITIVES_MODELS/sim_models/verilog/SOC_FPGA_INTF_AHB_S.v -l /nfs_eda_sw/softwares/Raptor/instl_dir/09_18_2024_09_15_01/share/raptor/sim_models/rapidsilicon/genesis3/FPGA_PRIMITIVES_MODELS/sim_models/verilog/O_DELAY.v -l /nfs_eda_sw/softwares/Raptor/instl_dir/09_18_2024_09_15_01/share/raptor/sim_models/rapidsilicon/genesis3/FPGA_PRIMITIVES_MODELS/sim_models/verilog/LUT3.v -l /nfs_eda_sw/softwares/Raptor/instl_dir/09_18_2024_09_15_01/share/raptor/sim_models/rapidsilicon/genesis3/FPGA_PRIMITIVES_MODELS/sim_models/verilog/SOC_FPGA_INTF_JTAG.v -l /nfs_eda_sw/softwares/Raptor/instl_dir/09_18_2024_09_15_01/share/raptor/sim_models/rapidsilicon/genesis3/FPGA_PRIMITIVES_MODELS/sim_models/verilog/CARRY.v -l /nfs_eda_sw/softwares/Raptor/instl_dir/09_18_2024_09_15_01/share/raptor/sim_models/rapidsilicon/genesis3/FPGA_PRIMITIVES_MODELS/sim_models/verilog/I_SERDES.v -l /nfs_eda_sw/softwares/Raptor/instl_dir/09_18_2024_09_15_01/share/raptor/sim_models/rapidsilicon/genesis3/FPGA_PRIMITIVES_MODELS/sim_models/verilog/FIFO18KX2.v -l /nfs_eda_sw/softwares/Raptor/instl_dir/09_18_2024_09_15_01/share/raptor/sim_models/rapidsilicon/genesis3/FPGA_PRIMITIVES_MODELS/sim_models/verilog/SOC_FPGA_INTF_IRQ.v -l /nfs_eda_sw/softwares/Raptor/instl_dir/09_18_2024_09_15_01/share/raptor/sim_models/rapidsilicon/genesis3/FPGA_PRIMITIVES_MODELS/sim_models/verilog/LUT2.v -l /nfs_eda_sw/softwares/Raptor/instl_dir/09_18_2024_09_15_01/share/raptor/sim_models/rapidsilicon/genesis3/FPGA_PRIMITIVES_MODELS/sim_models/verilog/SOC_FPGA_INTF_AHB_M.v -l /nfs_eda_sw/softwares/Raptor/instl_dir/09_18_2024_09_15_01/share/raptor/sim_models/rapidsilicon/genesis3/FPGA_PRIMITIVES_MODELS/sim_models/verilog/LUT6.v -l /nfs_eda_sw/softwares/Raptor/instl_dir/09_18_2024_09_15_01/share/raptor/sim_models/rapidsilicon/genesis3/FPGA_PRIMITIVES_MODELS/sim_models/verilog/I_DELAY.v -l /nfs_eda_sw/softwares/Raptor/instl_dir/09_18_2024_09_15_01/share/raptor/sim_models/rapidsilicon/genesis3/FPGA_PRIMITIVES_MODELS/sim_models/verilog/O_BUFT.v -l /nfs_eda_sw/softwares/Raptor/instl_dir/09_18_2024_09_15_01/share/raptor/sim_models/rapidsilicon/genesis3/FPGA_PRIMITIVES_MODELS/sim_models/verilog/TDP_RAM36K.v -l /nfs_eda_sw/softwares/Raptor/instl_dir/09_18_2024_09_15_01/share/raptor/sim_models/rapidsilicon/genesis3/FPGA_PRIMITIVES_MODELS/sim_models/verilog/SOC_FPGA_INTF_DMA.v -l /nfs_eda_sw/softwares/Raptor/instl_dir/09_18_2024_09_15_01/share/raptor/sim_models/rapidsilicon/genesis3/FPGA_PRIMITIVES_MODELS/sim_models/verilog/O_BUFT_DS.v -l /nfs_eda_sw/softwares/Raptor/instl_dir/09_18_2024_09_15_01/share/raptor/sim_models/rapidsilicon/genesis3/FPGA_PRIMITIVES_MODELS/sim_models/verilog/O_BUF_DS.v -l /nfs_eda_sw/softwares/Raptor/instl_dir/09_18_2024_09_15_01/share/raptor/sim_models/rapidsilicon/genesis3/FPGA_PRIMITIVES_MODELS/sim_models/verilog/I_BUF_DS.v -l /nfs_eda_sw/softwares/Raptor/instl_dir/09_18_2024_09_15_01/share/raptor/sim_models/rapidsilicon/genesis3/FPGA_PRIMITIVES_MODELS/sim_models/verilog/I_BUF.v -l /nfs_eda_sw/softwares/Raptor/instl_dir/09_18_2024_09_15_01/share/raptor/sim_models/rapidsilicon/genesis3/FPGA_PRIMITIVES_MODELS/sim_models/verilog/DSP38.v -l /nfs_eda_sw/softwares/Raptor/instl_dir/09_18_2024_09_15_01/share/raptor/sim_models/rapidsilicon/genesis3/FPGA_PRIMITIVES_MODELS/sim_models/verilog/BOOT_CLOCK.v -l /nfs_eda_sw/softwares/Raptor/instl_dir/09_18_2024_09_15_01/share/raptor/sim_models/rapidsilicon/genesis3/FPGA_PRIMITIVES_MODELS/sim_models/verilog/LUT5.v -l /nfs_eda_sw/softwares/Raptor/instl_dir/09_18_2024_09_15_01/share/raptor/sim_models/rapidsilicon/genesis3/FPGA_PRIMITIVES_MODELS/sim_models/verilog/PLL.v -l /nfs_eda_sw/softwares/Raptor/instl_dir/09_18_2024_09_15_01/share/raptor/sim_models/rapidsilicon/genesis3/FPGA_PRIMITIVES_MODELS/sim_models/verilog/SOC_FPGA_TEMPERATURE.v -l /nfs_eda_sw/softwares/Raptor/instl_dir/09_18_2024_09_15_01/share/raptor/sim_models/rapidsilicon/genesis3/FPGA_PRIMITIVES_MODELS/sim_models/verilog/TDP_RAM18KX2.v -l /nfs_eda_sw/softwares/Raptor/instl_dir/09_18_2024_09_15_01/share/raptor/sim_models/rapidsilicon/genesis3/FPGA_PRIMITIVES_MODELS/sim_models/verilog/I_DDR.v -l /nfs_eda_sw/softwares/Raptor/instl_dir/09_18_2024_09_15_01/share/raptor/sim_models/rapidsilicon/genesis3/FPGA_PRIMITIVES_MODELS/sim_models/verilog/I_FAB.v -l /nfs_eda_sw/softwares/Raptor/instl_dir/09_18_2024_09_15_01/share/raptor/sim_models/rapidsilicon/genesis3/FPGA_PRIMITIVES_MODELS/sim_models/verilog/CLK_BUF.v -l /nfs_eda_sw/softwares/Raptor/instl_dir/09_18_2024_09_15_01/share/raptor/sim_models/rapidsilicon/genesis3/FPGA_PRIMITIVES_MODELS/sim_models/verilog/FIFO36K.v -l /nfs_eda_sw/softwares/Raptor/instl_dir/09_18_2024_09_15_01/share/raptor/sim_models/rapidsilicon/genesis3/FPGA_PRIMITIVES_MODELS/sim_models/verilog/FCLK_BUF.v -l /nfs_eda_sw/softwares/Raptor/instl_dir/09_18_2024_09_15_01/share/raptor/sim_models/rapidsilicon/genesis3/FPGA_PRIMITIVES_MODELS/sim_models/verilog/LUT4.v
Icarus Verilog Preprocessor version 13.0 (devel) (s20221226-498-g52d049b51)

Copyright (c) 1999-2024 Stephen Williams (steve@icarus.com)

  This program is free software; you can redistribute it and/or modify
  it under the terms of the GNU General Public License as published by
  the Free Software Foundation; either version 2 of the License, or
  (at your option) any later version.

  This program is distributed in the hope that it will be useful,
  but WITHOUT ANY WARRANTY; without even the implied warranty of
  MERCHANTABILITY or FITNESS FOR A PARTICULAR PURPOSE.  See the
  GNU General Public License for more details.

  You should have received a copy of the GNU General Public License along
  with this program; if not, write to the Free Software Foundation, Inc.,
  51 Franklin Street, Fifth Floor, Boston, MA 02110-1301, USA.
Indexing library: ../../../../.././rtl
Using language generation: IEEE1800-2012,no-specify,no-interconnect,xtypes,icarus-misc
PARSING INPUT
/nfs_eda_sw/softwares/Raptor/instl_dir/09_18_2024_09_15_01/share/raptor/sim_models/rapidsilicon/genesis3/FPGA_PRIMITIVES_MODELS/sim_models/verilog/DFFRE.v:64: warning: Timing checks are not supported.
/nfs_eda_sw/softwares/Raptor/instl_dir/09_18_2024_09_15_01/share/raptor/sim_models/rapidsilicon/genesis3/FPGA_PRIMITIVES_MODELS/sim_models/verilog/DFFRE.v:65: warning: Timing checks are not supported.
/nfs_eda_sw/softwares/Raptor/instl_dir/09_18_2024_09_15_01/share/raptor/sim_models/rapidsilicon/genesis3/FPGA_PRIMITIVES_MODELS/sim_models/verilog/DFFRE.v:66: warning: Timing checks are not supported.
/nfs_eda_sw/softwares/Raptor/instl_dir/09_18_2024_09_15_01/share/raptor/sim_models/rapidsilicon/genesis3/FPGA_PRIMITIVES_MODELS/sim_models/verilog/DFFRE.v:67: warning: Timing checks are not supported.
/nfs_eda_sw/softwares/Raptor/instl_dir/09_18_2024_09_15_01/share/raptor/sim_models/rapidsilicon/genesis3/FPGA_PRIMITIVES_MODELS/sim_models/verilog/DFFRE.v:68: warning: Timing checks are not supported.
/nfs_eda_sw/softwares/Raptor/instl_dir/09_18_2024_09_15_01/share/raptor/sim_models/rapidsilicon/genesis3/FPGA_PRIMITIVES_MODELS/sim_models/verilog/DFFRE.v:69: warning: Timing checks are not supported.
/nfs_eda_sw/softwares/Raptor/instl_dir/09_18_2024_09_15_01/share/raptor/sim_models/rapidsilicon/genesis3/FPGA_PRIMITIVES_MODELS/sim_models/verilog/DFFRE.v:70: warning: Timing checks are not supported.
/nfs_eda_sw/softwares/Raptor/instl_dir/09_18_2024_09_15_01/share/raptor/sim_models/rapidsilicon/genesis3/FPGA_PRIMITIVES_MODELS/sim_models/verilog/DFFRE.v:71: warning: Timing checks are not supported.
/nfs_eda_sw/softwares/Raptor/instl_dir/09_18_2024_09_15_01/share/raptor/sim_models/rapidsilicon/genesis3/FPGA_PRIMITIVES_MODELS/sim_models/verilog/DFFRE.v:73: warning: Timing checks are not supported. 
/nfs_eda_sw/softwares/Raptor/instl_dir/09_18_2024_09_15_01/share/raptor/sim_models/rapidsilicon/genesis3/FPGA_PRIMITIVES_MODELS/sim_models/verilog/DFFRE.v:74: warning: Timing checks are not supported. 
/nfs_eda_sw/softwares/Raptor/instl_dir/09_18_2024_09_15_01/share/raptor/sim_models/rapidsilicon/genesis3/FPGA_PRIMITIVES_MODELS/sim_models/verilog/DFFRE.v:75: warning: Timing checks are not supported.
/nfs_eda_sw/softwares/Raptor/instl_dir/09_18_2024_09_15_01/share/raptor/sim_models/rapidsilicon/genesis3/FPGA_PRIMITIVES_MODELS/sim_models/verilog/DFFRE.v:76: warning: Timing checks are not supported.
/nfs_eda_sw/softwares/Raptor/instl_dir/09_18_2024_09_15_01/share/raptor/sim_models/rapidsilicon/genesis3/FPGA_PRIMITIVES_MODELS/sim_models/verilog/DFFRE.v:77: warning: Timing checks are not supported.
/nfs_eda_sw/softwares/Raptor/instl_dir/09_18_2024_09_15_01/share/raptor/sim_models/rapidsilicon/genesis3/FPGA_PRIMITIVES_MODELS/sim_models/verilog/DFFNRE.v:64: warning: Timing checks are not supported.
/nfs_eda_sw/softwares/Raptor/instl_dir/09_18_2024_09_15_01/share/raptor/sim_models/rapidsilicon/genesis3/FPGA_PRIMITIVES_MODELS/sim_models/verilog/DFFNRE.v:65: warning: Timing checks are not supported.
/nfs_eda_sw/softwares/Raptor/instl_dir/09_18_2024_09_15_01/share/raptor/sim_models/rapidsilicon/genesis3/FPGA_PRIMITIVES_MODELS/sim_models/verilog/DFFNRE.v:66: warning: Timing checks are not supported.
/nfs_eda_sw/softwares/Raptor/instl_dir/09_18_2024_09_15_01/share/raptor/sim_models/rapidsilicon/genesis3/FPGA_PRIMITIVES_MODELS/sim_models/verilog/DFFNRE.v:67: warning: Timing checks are not supported.
/nfs_eda_sw/softwares/Raptor/instl_dir/09_18_2024_09_15_01/share/raptor/sim_models/rapidsilicon/genesis3/FPGA_PRIMITIVES_MODELS/sim_models/verilog/DFFNRE.v:68: warning: Timing checks are not supported.
/nfs_eda_sw/softwares/Raptor/instl_dir/09_18_2024_09_15_01/share/raptor/sim_models/rapidsilicon/genesis3/FPGA_PRIMITIVES_MODELS/sim_models/verilog/DFFNRE.v:69: warning: Timing checks are not supported.
/nfs_eda_sw/softwares/Raptor/instl_dir/09_18_2024_09_15_01/share/raptor/sim_models/rapidsilicon/genesis3/FPGA_PRIMITIVES_MODELS/sim_models/verilog/DFFNRE.v:70: warning: Timing checks are not supported.
/nfs_eda_sw/softwares/Raptor/instl_dir/09_18_2024_09_15_01/share/raptor/sim_models/rapidsilicon/genesis3/FPGA_PRIMITIVES_MODELS/sim_models/verilog/DFFNRE.v:71: warning: Timing checks are not supported.
/nfs_eda_sw/softwares/Raptor/instl_dir/09_18_2024_09_15_01/share/raptor/sim_models/rapidsilicon/genesis3/FPGA_PRIMITIVES_MODELS/sim_models/verilog/DFFNRE.v:73: warning: Timing checks are not supported. 
/nfs_eda_sw/softwares/Raptor/instl_dir/09_18_2024_09_15_01/share/raptor/sim_models/rapidsilicon/genesis3/FPGA_PRIMITIVES_MODELS/sim_models/verilog/DFFNRE.v:74: warning: Timing checks are not supported. 
/nfs_eda_sw/softwares/Raptor/instl_dir/09_18_2024_09_15_01/share/raptor/sim_models/rapidsilicon/genesis3/FPGA_PRIMITIVES_MODELS/sim_models/verilog/DFFNRE.v:75: warning: Timing checks are not supported.
/nfs_eda_sw/softwares/Raptor/instl_dir/09_18_2024_09_15_01/share/raptor/sim_models/rapidsilicon/genesis3/FPGA_PRIMITIVES_MODELS/sim_models/verilog/DFFNRE.v:76: warning: Timing checks are not supported.
 ... done, ELABORATING DESIGN
1.41 seconds.
/nfs_scratch/scratch/CompilerValidation/abdul_hameed/12SEPT/Validation/RTL_testcases/Benchmarking_QoR_testcases/stereovision2/results_dir/./sim/co_sim_tb/co_sim_stereovision2.v:66: error: Could not find variable ``golden.auto_498[i]'' in ``co_sim_stereovision2.$ivl_for_loop1''
1 error(s) during elaboration.
Icarus Verilog version 13.0 (devel) (s20221226-498-g52d049b51)

Copyright (c) 2000-2024 Stephen Williams (steve@icarus.com)

  This program is free software; you can redistribute it and/or modify
  it under the terms of the GNU General Public License as published by
  the Free Software Foundation; either version 2 of the License, or
  (at your option) any later version.

  This program is distributed in the hope that it will be useful,
  but WITHOUT ANY WARRANTY; without even the implied warranty of
  MERCHANTABILITY or FITNESS FOR A PARTICULAR PURPOSE.  See the
  GNU General Public License for more details.

  You should have received a copy of the GNU General Public License along
  with this program; if not, write to the Free Software Foundation, Inc.,
  51 Franklin Street, Fifth Floor, Boston, MA 02110-1301, USA.

translate: /nfs_eda_sw/softwares/Raptor/instl_dir/09_18_2024_09_15_01/bin/HDL_simulator/iverilog/lib/ivl/ivlpp -v -L -F"/tmp/ivrlg2256d2d4d" -f"/tmp/ivrlg256d2d4d" -p"/tmp/ivrli256d2d4d" |/nfs_eda_sw/softwares/Raptor/instl_dir/09_18_2024_09_15_01/bin/HDL_simulator/iverilog/lib/ivl/ivl -v -C"/tmp/ivrlh256d2d4d" -C"/nfs_eda_sw/softwares/Raptor/instl_dir/09_18_2024_09_15_01/bin/HDL_simulator/iverilog/lib/ivl/vvp.conf" -- -
ERROR: SGT: Design stereovision2 simulation compilation failed!

ERROR: SGT: Design stereovision2 simulation failed!

Design stereovision2 simulation compilation failed!
Design stereovision2 simulation failed!

    while executing
"simulate gate icarus"
    (file "../raptor_tcl.tcl" line 12)
