/*******************************************************************************
Copyright (c) 2022 Rapid Silicon
This source code contains proprietary information belonging to Rapid Silicon
(the "licensor") released under license and non-disclosure agreement to the
recipient (the "licensee").

The information shared and protected by the license and non-disclosure agreement
includes but is not limited to the following:
* operational algorithms of the product
* logos, graphics, source code, and visual presentation of the product
* confidential operational information of the licensor

The recipient of this source code is NOT permitted to publicly disclose,
re-use, archive beyond the period of the license agreement, transfer to a
sub-licensee, or re-implement any portion of the content covered by the license
and non-disclosure agreement without the prior written consent of the licensor.

Portions of Raptor Design Suite are utilized under the following third-party copyright notices:

Parallax Static Timing Analyzer Copyright (c) 2021, Parallax Software, Inc. All rights reserved.
*********************************************************************************/

Version  : 2023.10
Build    : 0.8.43
Hash     : e77bd98
Date     : Oct 19 2023
Type     : Engineering
Log Time   : Thu Oct 19 09:50:15 2023 GMT

[ 14:50:16 ] Analysis has started
[ 14:50:16 ] Command: /nfs_eda_sw/softwares/Raptor/instl_dir/10_19_2023_09_15_02/bin/yosys -s /nfs_scratch/scratch/CompilerValidation/zaheer_ahmad/ArchBench/Testcases/motion_estimator/jira/me_top_02_24/run_1/synth_1_1/analysis/me_top_02_24_analyzer.cmd
[ 14:50:16 ] Duration: 249 ms. Max utilization: 58 MB
