INFO: BIT: Skip $iopadmap$sudoku_check.cycles_17 [O_BUF] because the location is not set
INFO: BIT: Skip $iopadmap$sudoku_check.cycles_18 [O_BUF] because the location is not set
INFO: BIT: Skip $iopadmap$sudoku_check.cycles_19 [O_BUF] because the location is not set
INFO: BIT: Skip $iopadmap$sudoku_check.cycles_2 [O_BUF] because the location is not set
INFO: BIT: Skip $iopadmap$sudoku_check.cycles_20 [O_BUF] because the location is not set
INFO: BIT: Skip $iopadmap$sudoku_check.cycles_21 [O_BUF] because the location is not set
INFO: BIT: Skip $iopadmap$sudoku_check.cycles_22 [O_BUF] because the location is not set
INFO: BIT: Skip $iopadmap$sudoku_check.cycles_23 [O_BUF] because the location is not set
INFO: BIT: Skip $iopadmap$sudoku_check.cycles_24 [O_BUF] because the location is not set
INFO: BIT: Skip $iopadmap$sudoku_check.cycles_25 [O_BUF] because the location is not set
INFO: BIT: Skip $iopadmap$sudoku_check.cycles_26 [O_BUF] because the location is not set
INFO: BIT: Skip $iopadmap$sudoku_check.cycles_27 [O_BUF] because the location is not set
INFO: BIT: Skip $iopadmap$sudoku_check.cycles_28 [O_BUF] because the location is not set
INFO: BIT: Skip $iopadmap$sudoku_check.cycles_29 [O_BUF] because the location is not set
INFO: BIT: Skip $iopadmap$sudoku_check.cycles_3 [O_BUF] because the location is not set
INFO: BIT: Skip $iopadmap$sudoku_check.cycles_30 [O_BUF] because the location is not set
INFO: BIT: Skip $iopadmap$sudoku_check.cycles_31 [O_BUF] because the location is not set
INFO: BIT: Skip $iopadmap$sudoku_check.cycles_4 [O_BUF] because the location is not set
INFO: BIT: Skip $iopadmap$sudoku_check.cycles_5 [O_BUF] because the location is not set
INFO: BIT: Skip $iopadmap$sudoku_check.cycles_6 [O_BUF] because the location is not set
INFO: BIT: Skip $iopadmap$sudoku_check.cycles_7 [O_BUF] because the location is not set
INFO: BIT: Skip $iopadmap$sudoku_check.cycles_8 [O_BUF] because the location is not set
INFO: BIT: Skip $iopadmap$sudoku_check.cycles_9 [O_BUF] because the location is not set
INFO: BIT: Skip $iopadmap$sudoku_check.num_correct [O_BUF] because the location is not set
INFO: BIT: Skip $iopadmap$sudoku_check.num_correct_1 [O_BUF] because the location is not set
INFO: BIT: Skip $iopadmap$sudoku_check.num_correct_2 [O_BUF] because the location is not set
INFO: BIT: Skip $iopadmap$sudoku_check.num_correct_3 [O_BUF] because the location is not set
INFO: BIT: Skip $iopadmap$sudoku_check.num_correct_4 [O_BUF] because the location is not set
INFO: BIT: Skip $iopadmap$sudoku_check.num_correct_5 [O_BUF] because the location is not set
INFO: BIT: Skip $iopadmap$sudoku_check.num_correct_6 [O_BUF] because the location is not set
INFO: BIT: Skip $iopadmap$sudoku_check.num_correct_7 [O_BUF] because the location is not set
INFO: BIT: Skip $iopadmap$sudoku_check.num_correct_8 [O_BUF] because the location is not set
INFO: BIT: Skip $iopadmap$sudoku_check.num_correct_9 [O_BUF] because the location is not set
INFO: BIT: Skip $iopadmap$sudoku_check.num_wrong [O_BUF] because the location is not set
INFO: BIT: Skip $iopadmap$sudoku_check.num_wrong_1 [O_BUF] because the location is not set
INFO: BIT: Skip $iopadmap$sudoku_check.num_wrong_2 [O_BUF] because the location is not set
INFO: BIT: Skip $iopadmap$sudoku_check.num_wrong_3 [O_BUF] because the location is not set
INFO: BIT: Skip $iopadmap$sudoku_check.num_wrong_4 [O_BUF] because the location is not set
INFO: BIT: Skip $iopadmap$sudoku_check.num_wrong_5 [O_BUF] because the location is not set
INFO: BIT: Skip $iopadmap$sudoku_check.num_wrong_6 [O_BUF] because the location is not set
INFO: BIT: Skip $iopadmap$sudoku_check.num_wrong_7 [O_BUF] because the location is not set
INFO: BIT: Skip $iopadmap$sudoku_check.num_wrong_8 [O_BUF] because the location is not set
INFO: BIT: Skip $iopadmap$sudoku_check.num_wrong_9 [O_BUF] because the location is not set
INFO: BIT: Skip $iopadmap$sudoku_check.rst [I_BUF] because the location is not set
INFO: BIT: Skip $iopadmap$sudoku_check.clk [I_BUF] because the location is not set
INFO: BIT: Skip $auto$clkbufmap.cc:284:execute$247294 [CLK_BUF] because the location is not set
INFO: BIT: Skip $iopadmap$sudoku_check.cycles [O_BUF] because the location is not set
INFO: BIT: Skip $iopadmap$sudoku_check.cycles_1 [O_BUF] because the location is not set
INFO: BIT: Skip $iopadmap$sudoku_check.cycles_10 [O_BUF] because the location is not set
INFO: BIT: Skip $iopadmap$sudoku_check.cycles_11 [O_BUF] because the location is not set
INFO: BIT: Skip $iopadmap$sudoku_check.cycles_12 [O_BUF] because the location is not set
INFO: BIT: Skip $iopadmap$sudoku_check.cycles_13 [O_BUF] because the location is not set
INFO: BIT: Skip $iopadmap$sudoku_check.cycles_14 [O_BUF] because the location is not set
INFO: BIT: Skip $iopadmap$sudoku_check.cycles_15 [O_BUF] because the location is not set
INFO: BIT: Skip $iopadmap$sudoku_check.cycles_16 [O_BUF] because the location is not set
INFO: BIT: Skip $iopadmap$sudoku_check.cycles_17 [O_BUF] because the location is not set
INFO: BIT: Skip $iopadmap$sudoku_check.cycles_18 [O_BUF] because the location is not set
INFO: BIT: Skip $iopadmap$sudoku_check.cycles_19 [O_BUF] because the location is not set
INFO: BIT: Skip $iopadmap$sudoku_check.cycles_2 [O_BUF] because the location is not set
INFO: BIT: Skip $iopadmap$sudoku_check.cycles_20 [O_BUF] because the location is not set
INFO: BIT: Skip $iopadmap$sudoku_check.cycles_21 [O_BUF] because the location is not set
INFO: BIT: Skip $iopadmap$sudoku_check.cycles_22 [O_BUF] because the location is not set
INFO: BIT: Skip $iopadmap$sudoku_check.cycles_23 [O_BUF] because the location is not set
INFO: BIT: Skip $iopadmap$sudoku_check.cycles_24 [O_BUF] because the location is not set
INFO: BIT: Skip $iopadmap$sudoku_check.cycles_25 [O_BUF] because the location is not set
INFO: BIT: Skip $iopadmap$sudoku_check.cycles_26 [O_BUF] because the location is not set
INFO: BIT: Skip $iopadmap$sudoku_check.cycles_27 [O_BUF] because the location is not set
INFO: BIT: Skip $iopadmap$sudoku_check.cycles_28 [O_BUF] because the location is not set
INFO: BIT: Skip $iopadmap$sudoku_check.cycles_29 [O_BUF] because the location is not set
INFO: BIT: Skip $iopadmap$sudoku_check.cycles_3 [O_BUF] because the location is not set
INFO: BIT: Skip $iopadmap$sudoku_check.cycles_30 [O_BUF] because the location is not set
INFO: BIT: Skip $iopadmap$sudoku_check.cycles_31 [O_BUF] because the location is not set
INFO: BIT: Skip $iopadmap$sudoku_check.cycles_4 [O_BUF] because the location is not set
INFO: BIT: Skip $iopadmap$sudoku_check.cycles_5 [O_BUF] because the location is not set
INFO: BIT: Skip $iopadmap$sudoku_check.cycles_6 [O_BUF] because the location is not set
INFO: BIT: Skip $iopadmap$sudoku_check.cycles_7 [O_BUF] because the location is not set
INFO: BIT: Skip $iopadmap$sudoku_check.cycles_8 [O_BUF] because the location is not set
INFO: BIT: Skip $iopadmap$sudoku_check.cycles_9 [O_BUF] because the location is not set
INFO: BIT: Skip $iopadmap$sudoku_check.num_correct [O_BUF] because the location is not set
INFO: BIT: Skip $iopadmap$sudoku_check.num_correct_1 [O_BUF] because the location is not set
INFO: BIT: Skip $iopadmap$sudoku_check.num_correct_2 [O_BUF] because the location is not set
INFO: BIT: Skip $iopadmap$sudoku_check.num_correct_3 [O_BUF] because the location is not set
INFO: BIT: Skip $iopadmap$sudoku_check.num_correct_4 [O_BUF] because the location is not set
INFO: BIT: Skip $iopadmap$sudoku_check.num_correct_5 [O_BUF] because the location is not set
INFO: BIT: Skip $iopadmap$sudoku_check.num_correct_6 [O_BUF] because the location is not set
INFO: BIT: Skip $iopadmap$sudoku_check.num_correct_7 [O_BUF] because the location is not set
INFO: BIT: Skip $iopadmap$sudoku_check.num_correct_8 [O_BUF] because the location is not set
INFO: BIT: Skip $iopadmap$sudoku_check.num_correct_9 [O_BUF] because the location is not set
INFO: BIT: Skip $iopadmap$sudoku_check.num_wrong [O_BUF] because the location is not set
INFO: BIT: Skip $iopadmap$sudoku_check.num_wrong_1 [O_BUF] because the location is not set
INFO: BIT: Skip $iopadmap$sudoku_check.num_wrong_2 [O_BUF] because the location is not set
INFO: BIT: Skip $iopadmap$sudoku_check.num_wrong_3 [O_BUF] because the location is not set
INFO: BIT: Skip $iopadmap$sudoku_check.num_wrong_4 [O_BUF] because the location is not set
INFO: BIT: Skip $iopadmap$sudoku_check.num_wrong_5 [O_BUF] because the location is not set
INFO: BIT: Skip $iopadmap$sudoku_check.num_wrong_6 [O_BUF] because the location is not set
INFO: BIT: Skip $iopadmap$sudoku_check.num_wrong_7 [O_BUF] because the location is not set
INFO: BIT: Skip $iopadmap$sudoku_check.num_wrong_8 [O_BUF] because the location is not set
INFO: BIT: Skip $iopadmap$sudoku_check.num_wrong_9 [O_BUF] because the location is not set
INFO: BIT: Skip $iopadmap$sudoku_check.rst [I_BUF] because the location is not set
INFO: BIT: Design sudoku_check bitstream is generated
