VPR FPGA Placement and Routing.
Version: 
Revision: 
Compiled: 
Compiler: GNU 11.2.0 on Linux-3.10.0-1160.62.1.el7.x86_64 x86_64
Build Info: Release IPO VTR_ASSERT_LEVEL=2

University of Toronto
verilogtorouting.org
vtr-users@googlegroups.com
This is free open source code under MIT license.

VPR was run with the following command-line:
/nfs_eda_sw/softwares/Raptor/instl_dir/12_02_2022_10_49_03/bin/vpr /nfs_eda_sw/softwares/Raptor/instl_dir/12_02_2022_10_49_03/share/raptor/etc/devices/gemini_latest/gemini_vpr.xml rams_sp_reg_addr_1024x18_post_synth.v --sdc_file rams_sp_reg_addr_1024x18_openfpga.sdc --route_chan_width 192 --suppress_warnings check_rr_node_warnings.log,check_rr_node --clock_modeling ideal --timing_report_npaths 100 --absorb_buffer_luts off --skip_sync_clustering_and_routing_results on --constant_net_method route --timing_report_detail detailed --post_place_timing_report rams_sp_reg_addr_1024x18_post_place_timing.rpt --device castor10x8_heterogeneous --gen_post_synthesis_netlist on --allow_dangling_combinational_nodes on --pack


Architecture file: /nfs_eda_sw/softwares/Raptor/instl_dir/12_02_2022_10_49_03/share/raptor/etc/devices/gemini_latest/gemini_vpr.xml
Circuit name: rams_sp_reg_addr_1024x18_post_synth

# Loading Architecture Description
Warning 1: Model 'io' input port 'outpad' has no timing specification (no clock specified to create a sequential input port, not combinationally connected to any outputs, not a clock input)
Warning 2: Model 'io' output port 'inpad' has no timing specification (no clock specified to create a sequential output port, not combinationally connected to any inputs, not a clock output)
Warning 3: Model 'mmff' input port 'SI' has no timing specification (no clock specified to create a sequential input port, not combinationally connected to any outputs, not a clock input)
Warning 4: Model 'mmff' output port 'SO' has no timing specification (no clock specified to create a sequential output port, not combinationally connected to any inputs, not a clock output)
Warning 5: Model 'z_pad_tieoff' output port 'logic0' has no timing specification (no clock specified to create a sequential output port, not combinationally connected to any inputs, not a clock output)
Warning 6: Model 'logic0' output port 'logic0' has no timing specification (no clock specified to create a sequential output port, not combinationally connected to any inputs, not a clock output)
Warning 7: Model 'logic1' output port 'logic1' has no timing specification (no clock specified to create a sequential output port, not combinationally connected to any inputs, not a clock output)
Warning 8: Model 'dsp_phy' input port 'sc_in' has no timing specification (no clock specified to create a sequential input port, not combinationally connected to any outputs, not a clock input)
Warning 9: Model 'dsp_phy' output port 'sc_out' has no timing specification (no clock specified to create a sequential output port, not combinationally connected to any inputs, not a clock output)
Warning 10: Model 'bram_phy' input port 'sc_in' has no timing specification (no clock specified to create a sequential input port, not combinationally connected to any outputs, not a clock input)
Warning 11: Model 'bram_phy' input port 'PL_DATA_i' has no timing specification (no clock specified to create a sequential input port, not combinationally connected to any outputs, not a clock input)
Warning 12: Model 'bram_phy' input port 'PL_ADDR_i' has no timing specification (no clock specified to create a sequential input port, not combinationally connected to any outputs, not a clock input)
Warning 13: Model 'bram_phy' input port 'PL_WEN_i' has no timing specification (no clock specified to create a sequential input port, not combinationally connected to any outputs, not a clock input)
Warning 14: Model 'bram_phy' input port 'PL_REN_i' has no timing specification (no clock specified to create a sequential input port, not combinationally connected to any outputs, not a clock input)
Warning 15: Model 'bram_phy' input port 'PL_ENA_i' has no timing specification (no clock specified to create a sequential input port, not combinationally connected to any outputs, not a clock input)
Warning 16: Model 'bram_phy' input port 'PL_INIT_i' has no timing specification (no clock specified to create a sequential input port, not combinationally connected to any outputs, not a clock input)
Warning 17: Model 'bram_phy' input port 'RAM_ID_i' has no timing specification (no clock specified to create a sequential input port, not combinationally connected to any outputs, not a clock input)
Warning 18: Model 'bram_phy' output port 'sc_out' has no timing specification (no clock specified to create a sequential output port, not combinationally connected to any inputs, not a clock output)
Warning 19: Model 'bram_phy' output port 'PL_DATA_o' has no timing specification (no clock specified to create a sequential output port, not combinationally connected to any inputs, not a clock output)
Warning 20: Model 'bram_phy' output port 'PL_ADDR_o' has no timing specification (no clock specified to create a sequential output port, not combinationally connected to any inputs, not a clock output)
Warning 21: Model 'bram_phy' output port 'PL_WEN_o' has no timing specification (no clock specified to create a sequential output port, not combinationally connected to any inputs, not a clock output)
Warning 22: Model 'bram_phy' output port 'PL_CLK_o' has no timing specification (no clock specified to create a sequential output port, not combinationally connected to any inputs, not a clock output)
Warning 23: Model 'bram_phy' output port 'PL_REN_o' has no timing specification (no clock specified to create a sequential output port, not combinationally connected to any inputs, not a clock output)
Warning 24: Model 'bram_phy' output port 'PL_ENA_o' has no timing specification (no clock specified to create a sequential output port, not combinationally connected to any inputs, not a clock output)
Warning 25: Model 'bram_phy' output port 'PL_INIT_o' has no timing specification (no clock specified to create a sequential output port, not combinationally connected to any inputs, not a clock output)
mode 'io[physical]' is defined by user to be disabled in packing
mode 'iopad[default]' is defined by user to be disabled in packing
mode 'io_corner[physical]' is defined by user to be disabled in packing
mode 'iopad[default]' is defined by user to be disabled in packing
mode 'mux_wrap[physical]' is defined by user to be disabled in packing
mode 'fa_2bit_block[physical]' is defined by user to be disabled in packing
mode 'fa_2bit_phy[default]' is defined by user to be disabled in packing
mode 'dsp_rtl[physical]' is defined by user to be disabled in packing
mode 'bram_rtl[physical]' is defined by user to be disabled in packing
# Loading Architecture Description took 0.09 seconds (max_rss 13.4 MiB, delta_rss +4.2 MiB)

Timing analysis: ON
Circuit netlist file: rams_sp_reg_addr_1024x18_post_synth.net
Circuit placement file: rams_sp_reg_addr_1024x18_post_synth.place
Circuit routing file: rams_sp_reg_addr_1024x18_post_synth.route
Circuit SDC file: rams_sp_reg_addr_1024x18_openfpga.sdc
Vpr floorplanning constraints file: not specified

Packer: ENABLED
Placer: DISABLED
Router: DISABLED
Analysis: DISABLED

VPR was run with the following options:

NetlistOpts.abosrb_buffer_luts            : false
NetlistOpts.sweep_dangling_primary_ios    : true
NetlistOpts.sweep_dangling_nets           : true
NetlistOpts.sweep_dangling_blocks         : true
NetlistOpts.sweep_constant_primary_outputs: false
NetlistOpts.netlist_verbosity             : 1
NetlistOpts.const_gen_inference           : COMB_SEQ

PackerOpts.allow_unrelated_clustering: auto
PackerOpts.alpha_clustering: 0.750000
PackerOpts.beta_clustering: 0.900000
PackerOpts.cluster_seed_type: BLEND2
PackerOpts.connection_driven: true
PackerOpts.global_clocks: true
PackerOpts.hill_climbing_flag: false
PackerOpts.inter_cluster_net_delay: 1.000000
PackerOpts.timing_driven: true
PackerOpts.target_external_pin_util: auto

# Building complex block graph
Warning 26: flop_quad[0].ENABLE[0] unconnected pin in architecture.
Warning 27: flop_quad[1].ENABLE[0] unconnected pin in architecture.
Warning 28: flop_quad[0].ENABLE[0] unconnected pin in architecture.
Warning 29: flop_quad[1].ENABLE[0] unconnected pin in architecture.
Warning 30: flop_quad[0].ENABLE[0] unconnected pin in architecture.
Warning 31: flop_quad[1].ENABLE[0] unconnected pin in architecture.
Warning 32: flop_quad[0].ENABLE[0] unconnected pin in architecture.
Warning 33: flop_quad[1].ENABLE[0] unconnected pin in architecture.
Warning 34: dsp[0].I10[0] unconnected pin in architecture.
Warning 35: dsp[0].I10[1] unconnected pin in architecture.
Warning 36: dsp[0].I10[2] unconnected pin in architecture.
Warning 37: dsp[0].I10[3] unconnected pin in architecture.
Warning 38: dsp[0].I10[4] unconnected pin in architecture.
Warning 39: dsp[0].I10[5] unconnected pin in architecture.
Warning 40: dsp[0].I10[6] unconnected pin in architecture.
Warning 41: dsp[0].I10[7] unconnected pin in architecture.
Warning 42: dsp[0].I10[8] unconnected pin in architecture.
Warning 43: dsp[0].I10[9] unconnected pin in architecture.
Warning 44: dsp[0].I10[10] unconnected pin in architecture.
Warning 45: dsp[0].I10[11] unconnected pin in architecture.
Warning 46: dsp[0].I11[0] unconnected pin in architecture.
Warning 47: dsp[0].I11[1] unconnected pin in architecture.
Warning 48: dsp[0].I11[2] unconnected pin in architecture.
Warning 49: dsp[0].I11[3] unconnected pin in architecture.
Warning 50: dsp[0].I11[4] unconnected pin in architecture.
Warning 51: dsp[0].I11[5] unconnected pin in architecture.
Warning 52: dsp[0].I11[6] unconnected pin in architecture.
Warning 53: dsp[0].I11[7] unconnected pin in architecture.
Warning 54: dsp[0].I11[8] unconnected pin in architecture.
Warning 55: dsp[0].I11[9] unconnected pin in architecture.
Warning 56: dsp[0].I11[10] unconnected pin in architecture.
Warning 57: dsp[0].I11[11] unconnected pin in architecture.
Warning 58: dsp[0].IS1[0] unconnected pin in architecture.
Warning 59: dsp[0].IS1[1] unconnected pin in architecture.
Warning 60: dsp[0].IS1[2] unconnected pin in architecture.
Warning 61: dsp[0].IS1[3] unconnected pin in architecture.
Warning 62: dsp[0].IS1[4] unconnected pin in architecture.
Warning 63: dsp[0].IS1[5] unconnected pin in architecture.
Warning 64: dsp[0].I12[0] unconnected pin in architecture.
Warning 65: dsp[0].I12[1] unconnected pin in architecture.
Warning 66: dsp[0].I12[2] unconnected pin in architecture.
Warning 67: dsp[0].I12[3] unconnected pin in architecture.
Warning 68: dsp[0].I12[4] unconnected pin in architecture.
Warning 69: dsp[0].I12[5] unconnected pin in architecture.
Warning 70: dsp[0].I12[6] unconnected pin in architecture.
Warning 71: dsp[0].I12[7] unconnected pin in architecture.
Warning 72: dsp[0].I12[8] unconnected pin in architecture.
Warning 73: dsp[0].I12[9] unconnected pin in architecture.
Warning 74: dsp[0].I12[10] unconnected pin in architecture.
Warning 75: dsp[0].I12[11] unconnected pin in architecture.
Warning 76: dsp[0].IS2[0] unconnected pin in architecture.
Warning 77: dsp[0].IS2[1] unconnected pin in architecture.
Warning 78: dsp[0].IS2[2] unconnected pin in architecture.
Warning 79: dsp[0].IS2[3] unconnected pin in architecture.
Warning 80: dsp[0].IS2[4] unconnected pin in architecture.
Warning 81: dsp[0].IS2[5] unconnected pin in architecture.
Warning 82: opt[0].I[0] unconnected pin in architecture.
Warning 83: opt[0].I[1] unconnected pin in architecture.
Warning 84: opt[0].I[2] unconnected pin in architecture.
Warning 85: opt[0].I[3] unconnected pin in architecture.
Warning 86: opt[0].I[4] unconnected pin in architecture.
Warning 87: opt[0].I[5] unconnected pin in architecture.
Warning 88: opt[0].I[6] unconnected pin in architecture.
Warning 89: opt[0].I[7] unconnected pin in architecture.
Warning 90: opt[0].I[8] unconnected pin in architecture.
Warning 91: opt[0].I[9] unconnected pin in architecture.
Warning 92: opt[0].I[10] unconnected pin in architecture.
Warning 93: opt[0].I[11] unconnected pin in architecture.
Warning 94: opt[0].I[12] unconnected pin in architecture.
Warning 95: opt[0].I[13] unconnected pin in architecture.
Warning 96: opt[0].I[14] unconnected pin in architecture.
Warning 97: opt[0].I[15] unconnected pin in architecture.
Warning 98: opt[0].I[16] unconnected pin in architecture.
Warning 99: opt[0].I[17] unconnected pin in architecture.
Warning 100: opt[0].I[18] unconnected pin in architecture.
Warning 101: opt[0].I[19] unconnected pin in architecture.
Warning 102: opt[0].I[20] unconnected pin in architecture.
Warning 103: bram[0].PL_DATA_IN[0] unconnected pin in architecture.
Warning 104: bram[0].PL_DATA_IN[1] unconnected pin in architecture.
Warning 105: bram[0].PL_DATA_IN[2] unconnected pin in architecture.
Warning 106: bram[0].PL_DATA_IN[3] unconnected pin in architecture.
Warning 107: bram[0].PL_DATA_IN[4] unconnected pin in architecture.
Warning 108: bram[0].PL_DATA_IN[5] unconnected pin in architecture.
Warning 109: bram[0].PL_DATA_IN[6] unconnected pin in architecture.
Warning 110: bram[0].PL_DATA_IN[7] unconnected pin in architecture.
Warning 111: bram[0].PL_DATA_IN[8] unconnected pin in architecture.
Warning 112: bram[0].PL_DATA_IN[9] unconnected pin in architecture.
Warning 113: bram[0].PL_DATA_IN[10] unconnected pin in architecture.
Warning 114: bram[0].PL_DATA_IN[11] unconnected pin in architecture.
Warning 115: bram[0].PL_DATA_IN[12] unconnected pin in architecture.
Warning 116: bram[0].PL_DATA_IN[13] unconnected pin in architecture.
Warning 117: bram[0].PL_DATA_IN[14] unconnected pin in architecture.
Warning 118: bram[0].PL_DATA_IN[15] unconnected pin in architecture.
Warning 119: bram[0].PL_DATA_IN[16] unconnected pin in architecture.
Warning 120: bram[0].PL_DATA_IN[17] unconnected pin in architecture.
Warning 121: bram[0].PL_DATA_IN[18] unconnected pin in architecture.
Warning 122: bram[0].PL_DATA_IN[19] unconnected pin in architecture.
Warning 123: bram[0].PL_DATA_IN[20] unconnected pin in architecture.
Warning 124: bram[0].PL_DATA_IN[21] unconnected pin in architecture.
Warning 125: bram[0].PL_DATA_IN[22] unconnected pin in architecture.
Warning 126: bram[0].PL_DATA_IN[23] unconnected pin in architecture.
Warning 127: bram[0].PL_DATA_IN[24] unconnected pin in architecture.
Warning 128: bram[0].PL_DATA_IN[25] unconnected pin in architecture.
Warning 129: bram[0].PL_DATA_IN[26] unconnected pin in architecture.
Warning 130: bram[0].PL_DATA_IN[27] unconnected pin in architecture.
Warning 131: bram[0].PL_DATA_IN[28] unconnected pin in architecture.
Warning 132: bram[0].PL_DATA_IN[29] unconnected pin in architecture.
Warning 133: bram[0].PL_DATA_IN[30] unconnected pin in architecture.
Warning 134: bram[0].PL_DATA_IN[31] unconnected pin in architecture.
Warning 135: bram[0].PL_DATA_IN[32] unconnected pin in architecture.
Warning 136: bram[0].PL_DATA_IN[33] unconnected pin in architecture.
Warning 137: bram[0].PL_DATA_IN[34] unconnected pin in architecture.
Warning 138: bram[0].PL_DATA_IN[35] unconnected pin in architecture.
Warning 139: bram[0].PL_DATA_OUT[0] unconnected pin in architecture.
Warning 140: bram[0].PL_DATA_OUT[1] unconnected pin in architecture.
Warning 141: bram[0].PL_DATA_OUT[2] unconnected pin in architecture.
Warning 142: bram[0].PL_DATA_OUT[3] unconnected pin in architecture.
Warning 143: bram[0].PL_DATA_OUT[4] unconnected pin in architecture.
Warning 144: bram[0].PL_DATA_OUT[5] unconnected pin in architecture.
Warning 145: bram[0].PL_DATA_OUT[6] unconnected pin in architecture.
Warning 146: bram[0].PL_DATA_OUT[7] unconnected pin in architecture.
Warning 147: bram[0].PL_DATA_OUT[8] unconnected pin in architecture.
Warning 148: bram[0].PL_DATA_OUT[9] unconnected pin in architecture.
Warning 149: bram[0].PL_DATA_OUT[10] unconnected pin in architecture.
Warning 150: bram[0].PL_DATA_OUT[11] unconnected pin in architecture.
Warning 151: bram[0].PL_DATA_OUT[12] unconnected pin in architecture.
Warning 152: bram[0].PL_DATA_OUT[13] unconnected pin in architecture.
Warning 153: bram[0].PL_DATA_OUT[14] unconnected pin in architecture.
Warning 154: bram[0].PL_DATA_OUT[15] unconnected pin in architecture.
Warning 155: bram[0].PL_DATA_OUT[16] unconnected pin in architecture.
Warning 156: bram[0].PL_DATA_OUT[17] unconnected pin in architecture.
Warning 157: bram[0].PL_DATA_OUT[18] unconnected pin in architecture.
Warning 158: bram[0].PL_DATA_OUT[19] unconnected pin in architecture.
Warning 159: bram[0].PL_DATA_OUT[20] unconnected pin in architecture.
Warning 160: bram[0].PL_DATA_OUT[21] unconnected pin in architecture.
Warning 161: bram[0].PL_DATA_OUT[22] unconnected pin in architecture.
Warning 162: bram[0].PL_DATA_OUT[23] unconnected pin in architecture.
Warning 163: bram[0].PL_DATA_OUT[24] unconnected pin in architecture.
Warning 164: bram[0].PL_DATA_OUT[25] unconnected pin in architecture.
Warning 165: bram[0].PL_DATA_OUT[26] unconnected pin in architecture.
Warning 166: bram[0].PL_DATA_OUT[27] unconnected pin in architecture.
Warning 167: bram[0].PL_DATA_OUT[28] unconnected pin in architecture.
Warning 168: bram[0].PL_DATA_OUT[29] unconnected pin in architecture.
Warning 169: bram[0].PL_DATA_OUT[30] unconnected pin in architecture.
Warning 170: bram[0].PL_DATA_OUT[31] unconnected pin in architecture.
Warning 171: bram[0].PL_DATA_OUT[32] unconnected pin in architecture.
Warning 172: bram[0].PL_DATA_OUT[33] unconnected pin in architecture.
Warning 173: bram[0].PL_DATA_OUT[34] unconnected pin in architecture.
Warning 174: bram[0].PL_DATA_OUT[35] unconnected pin in architecture.
Warning 175: flush_opt[0].I[0] unconnected pin in architecture.
Warning 176: flush_opt[0].I[1] unconnected pin in architecture.
Warning 177: flop_group[0].ENABLE[0] unconnected pin in architecture.
Warning 178: flop_group[0].ENABLE[0] unconnected pin in architecture.
Warning 179: flop_group[0].ENABLE[0] unconnected pin in architecture.
Warning 180: flop_group[0].ENABLE[0] unconnected pin in architecture.
Warning 181: flop_group[0].ENABLE[0] unconnected pin in architecture.
Warning 182: flop_group[0].ENABLE[0] unconnected pin in architecture.
Warning 183: flop_group[0].ENABLE[0] unconnected pin in architecture.
Warning 184: flop_group[0].ENABLE[0] unconnected pin in architecture.
# Building complex block graph took 0.08 seconds (max_rss 24.7 MiB, delta_rss +11.3 MiB)
Circuit file: rams_sp_reg_addr_1024x18_post_synth.v
# Load circuit
Found constant-zero generator '$false'
Found constant-one generator '$true'
Found constant-zero generator '$undef'
# Load circuit took 0.02 seconds (max_rss 30.9 MiB, delta_rss +6.2 MiB)
# Clean circuit
Inferred    0 additional primitive pins as constant generators since they have no combinationally connected inputs
Inferred    0 additional primitive pins as constant generators due to constant inputs
Inferred    0 additional primitive pins as constant generators since they have no combinationally connected inputs
Inferred    0 additional primitive pins as constant generators due to constant inputs
Swept input(s)      : 0
Swept output(s)     : 0 (0 dangling, 0 constant)
Swept net(s)        : 54
Swept block(s)      : 0
Constant Pins Marked: 0
# Clean circuit took 0.00 seconds (max_rss 30.9 MiB, delta_rss +0.0 MiB)
# Compress circuit
# Compress circuit took 0.00 seconds (max_rss 30.9 MiB, delta_rss +0.0 MiB)
# Verify circuit
# Verify circuit took 0.00 seconds (max_rss 30.9 MiB, delta_rss +0.0 MiB)
Circuit Statistics:
  Blocks: 72
    .input   :      30
    .output  :      18
    0-LUT    :       3
    6-LUT    :      10
    RS_TDP36K:       1
    dffe     :      10
  Nets  : 71
    Avg Fanout:     3.2
    Max Fanout:    52.0
    Min Fanout:     1.0
  Netlist Clocks: 1
# Build Timing Graph
  Timing Graph Nodes: 301
  Timing Graph Edges: 456
  Timing Graph Levels: 6
# Build Timing Graph took 0.00 seconds (max_rss 30.9 MiB, delta_rss +0.0 MiB)
Netlist contains 1 clocks
  Netlist Clock 'clk' Fanout: 12 pins (4.0%), 11 blocks (15.3%)
# Load Timing Constraints

SDC file 'rams_sp_reg_addr_1024x18_openfpga.sdc' contained no SDC commands
Setting default timing constraints:
   * constrain all primay inputs and primary outputs on netlist clock 'clk'
   * optimize netlist clock to run as fast as possible
Timing constraints created 1 clocks
  Constrained Clock 'clk' Source: 'clk.inpad[0]'

# Load Timing Constraints took 0.00 seconds (max_rss 30.9 MiB, delta_rss +0.0 MiB)
# Packing
Begin packing 'rams_sp_reg_addr_1024x18_post_synth.v'.
Warning 185: All 2 clocks will be treated as global.

After removing unused inputs...
	total blocks: 72, total nets: 71, total inputs: 30, total outputs: 18
Begin prepacking.
0 attraction groups were created during prepacking.
Finish prepacking.
Using inter-cluster delay: 2.45389e-09
Packing with pin utilization targets: io_top:1,1 io_right:1,1 io_bottom:1,1 io_left:1,1 io_right_top:1,1 io_right_bottom:1,1 clb:0.8,1 dsp:1,1 bram:1,1
Packing with high fanout thresholds: io_top:128 io_right:128 io_bottom:128 io_left:128 io_right_top:128 io_right_bottom:128 clb:32 dsp:128 bram:128
Warning 186: 72 timing endpoints were not constrained during timing analysis
Starting Clustering - Clustering Progress: 
-------------------   --------------------------   ---------
Molecules processed   Number of clusters created   FPGA size
-------------------   --------------------------   ---------
     2/72        2%                            1    12 x 10    
     4/72        5%                            2    12 x 10    
     6/72        8%                            2    12 x 10    
     8/72       11%                            2    12 x 10    
    10/72       13%                            2    12 x 10    
    12/72       16%                            2    12 x 10    
    14/72       19%                            2    12 x 10    
    16/72       22%                            2    12 x 10    
    18/72       25%                            2    12 x 10    
    20/72       27%                            2    12 x 10    
    22/72       30%                            2    12 x 10    
    24/72       33%                            2    12 x 10    
Net 'addr[9]' is impossible to route within proposed clb cluster
Failed route at end, repack cluster trying detailed routing at each stage.
Net '$abc$216$auto$rtlil.cc:2466:Mux$22[9]' is impossible to route within proposed clb cluster
Routing was impossible!
Net '$abc$216$auto$rtlil.cc:2466:Mux$22[9]' is impossible to route within proposed clb cluster
Net '$abc$216$auto$rtlil.cc:2466:Mux$22[9]' is impossible to route within proposed clb cluster
Routing was impossible!
Net '$abc$216$auto$rtlil.cc:2466:Mux$22[9]' is impossible to route within proposed clb cluster
Net '$abc$216$auto$rtlil.cc:2466:Mux$22[9]' is impossible to route within proposed clb cluster
Routing was impossible!
Net '$abc$216$auto$rtlil.cc:2466:Mux$22[9]' is impossible to route within proposed clb cluster
Net '$abc$216$auto$rtlil.cc:2466:Mux$22[9]' is impossible to route within proposed clb cluster
Routing was impossible!
Net '$abc$216$auto$rtlil.cc:2466:Mux$22[9]' is impossible to route within proposed clb cluster
Net '$abc$216$auto$rtlil.cc:2466:Mux$22[9]' is impossible to route within proposed clb cluster
Routing was impossible!
Net '$abc$216$auto$rtlil.cc:2466:Mux$22[9]' is impossible to route within proposed clb cluster
Net '$abc$216$auto$rtlil.cc:2466:Mux$22[9]' is impossible to route within proposed clb cluster
Routing was impossible!
Net '$abc$216$auto$rtlil.cc:2466:Mux$22[9]' is impossible to route within proposed clb cluster
Net '$abc$216$auto$rtlil.cc:2466:Mux$22[9]' is impossible to route within proposed clb cluster
Routing was impossible!
Net '$abc$216$auto$rtlil.cc:2466:Mux$22[9]' is impossible to route within proposed clb cluster
Net '$abc$216$auto$rtlil.cc:2466:Mux$22[9]' is impossible to route within proposed clb cluster
Routing was impossible!
Net '$abc$216$auto$rtlil.cc:2466:Mux$22[9]' is impossible to route within proposed clb cluster
Net '$abc$216$auto$rtlil.cc:2466:Mux$22[9]' is impossible to route within proposed clb cluster
Routing was impossible!
Net '$abc$216$auto$rtlil.cc:2466:Mux$22[9]' is impossible to route within proposed clb cluster
Net '$abc$216$auto$rtlil.cc:2466:Mux$22[9]' is impossible to route within proposed clb cluster
Routing was impossible!
Net '$abc$216$auto$rtlil.cc:2466:Mux$22[9]' is impossible to route within proposed clb cluster
Net '$abc$216$auto$rtlil.cc:2466:Mux$22[9]' is impossible to route within proposed clb cluster
Routing was impossible!
Net '$abc$216$auto$rtlil.cc:2466:Mux$22[9]' is impossible to route within proposed clb cluster
Net '$abc$216$auto$rtlil.cc:2466:Mux$22[9]' is impossible to route within proposed clb cluster
Routing was impossible!
Net '$abc$216$auto$rtlil.cc:2466:Mux$22[9]' is impossible to route within proposed clb cluster
Net '$abc$216$auto$rtlil.cc:2466:Mux$22[9]' is impossible to route within proposed clb cluster
Routing was impossible!
Net '$abc$216$auto$rtlil.cc:2466:Mux$22[9]' is impossible to route within proposed clb cluster
Net '$abc$216$auto$rtlil.cc:2466:Mux$22[9]' is impossible to route within proposed clb cluster
Routing was impossible!
Net '$abc$216$auto$rtlil.cc:2466:Mux$22[9]' is impossible to route within proposed clb cluster
Net '$abc$216$auto$rtlil.cc:2466:Mux$22[9]' is impossible to route within proposed clb cluster
Routing was impossible!
Net '$abc$216$auto$rtlil.cc:2466:Mux$22[9]' is impossible to route within proposed clb cluster
Net '$abc$216$auto$rtlil.cc:2466:Mux$22[9]' is impossible to route within proposed clb cluster
Routing was impossible!
Net '$abc$216$auto$rtlil.cc:2466:Mux$22[9]' is impossible to route within proposed clb cluster
Net '$abc$216$auto$rtlil.cc:2466:Mux$22[9]' is impossible to route within proposed clb cluster
Routing was impossible!
Net '$abc$216$auto$rtlil.cc:2466:Mux$22[9]' is impossible to route within proposed clb cluster
Net '$abc$216$auto$rtlil.cc:2466:Mux$22[9]' is impossible to route within proposed clb cluster
Routing was impossible!
Net '$abc$216$auto$rtlil.cc:2466:Mux$22[9]' is impossible to route within proposed clb cluster
Net '$abc$216$auto$rtlil.cc:2466:Mux$22[9]' is impossible to route within proposed clb cluster
Routing was impossible!
Net '$abc$216$auto$rtlil.cc:2466:Mux$22[9]' is impossible to route within proposed clb cluster
Net '$abc$216$auto$rtlil.cc:2466:Mux$22[9]' is impossible to route within proposed clb cluster
Routing was impossible!
Net '$abc$216$auto$rtlil.cc:2466:Mux$22[9]' is impossible to route within proposed clb cluster
Net '$abc$216$auto$rtlil.cc:2466:Mux$22[9]' is impossible to route within proposed clb cluster
Routing was impossible!
Net '$abc$216$auto$rtlil.cc:2466:Mux$22[9]' is impossible to route within proposed clb cluster
Net '$abc$216$auto$rtlil.cc:2466:Mux$22[9]' is impossible to route within proposed clb cluster
Routing was impossible!
Net '$abc$216$auto$rtlil.cc:2466:Mux$22[9]' is impossible to route within proposed clb cluster
Net '$abc$216$auto$rtlil.cc:2466:Mux$22[9]' is impossible to route within proposed clb cluster
Routing was impossible!
Net '$abc$216$auto$rtlil.cc:2466:Mux$22[9]' is impossible to route within proposed clb cluster
Net '$abc$216$auto$rtlil.cc:2466:Mux$22[9]' is impossible to route within proposed clb cluster
Routing was impossible!
Net '$abc$216$auto$rtlil.cc:2466:Mux$22[9]' is impossible to route within proposed clb cluster
Net '$abc$216$auto$rtlil.cc:2466:Mux$22[9]' is impossible to route within proposed clb cluster
Routing was impossible!
Net '$abc$216$auto$rtlil.cc:2466:Mux$22[9]' is impossible to route within proposed clb cluster
Net '$abc$216$auto$rtlil.cc:2466:Mux$22[9]' is impossible to route within proposed clb cluster
Routing was impossible!
Net '$abc$216$auto$rtlil.cc:2466:Mux$22[9]' is impossible to route within proposed clb cluster
Net '$abc$216$auto$rtlil.cc:2466:Mux$22[9]' is impossible to route within proposed clb cluster
Routing was impossible!
Net '$abc$216$auto$rtlil.cc:2466:Mux$22[9]' is impossible to route within proposed clb cluster
Net '$abc$216$auto$rtlil.cc:2466:Mux$22[9]' is impossible to route within proposed clb cluster
Routing was impossible!
Net '$abc$216$auto$rtlil.cc:2466:Mux$22[9]' is impossible to route within proposed clb cluster
Net '$abc$216$auto$rtlil.cc:2466:Mux$22[9]' is impossible to route within proposed clb cluster
Routing was impossible!
Net '$abc$216$auto$rtlil.cc:2466:Mux$22[9]' is impossible to route within proposed clb cluster
Net '$abc$216$auto$rtlil.cc:2466:Mux$22[9]' is impossible to route within proposed clb cluster
Routing was impossible!
Net '$abc$216$auto$rtlil.cc:2466:Mux$22[9]' is impossible to route within proposed clb cluster
Net '$abc$216$auto$rtlil.cc:2466:Mux$22[9]' is impossible to route within proposed clb cluster
Routing was impossible!
Net '$abc$216$auto$rtlil.cc:2466:Mux$22[9]' is impossible to route within proposed clb cluster
Net '$abc$216$auto$rtlil.cc:2466:Mux$22[9]' is impossible to route within proposed clb cluster
Routing was impossible!
Net '$abc$216$auto$rtlil.cc:2466:Mux$22[9]' is impossible to route within proposed clb cluster
Net 'addr[9]' is impossible to route within proposed clb cluster
Routing was impossible!
Net 'addr[9]' is impossible to route within proposed clb cluster
Net 'addr[9]' is impossible to route within proposed clb cluster
    26/72       36%                            2    12 x 10    
Net 'addr[9]' is impossible to route within proposed clb cluster
Routing was impossible!
Net 'addr[8]' is impossible to route within proposed clb cluster
Net 'addr[9]' is impossible to route within proposed clb cluster
Net 'addr[9]' is impossible to route within proposed clb cluster
Routing was impossible!
Net 'addr[9]' is impossible to route within proposed clb cluster
Net 'addr[9]' is impossible to route within proposed clb cluster
Routing was impossible!
Net 'addr[9]' is impossible to route within proposed clb cluster
Net 'addr[9]' is impossible to route within proposed clb cluster
Routing was impossible!
Net 'addr[8]' is impossible to route within proposed clb cluster
Net 'addr[9]' is impossible to route within proposed clb cluster
Routing was impossible!
Net 'addr[8]' is impossible to route within proposed clb cluster
Net 'addr[9]' is impossible to route within proposed clb cluster
Routing was impossible!
Net '$abc$216$auto$rtlil.cc:2466:Mux$22[8]' is impossible to route within proposed clb cluster
Net 'addr[9]' is impossible to route within proposed clb cluster
Routing was impossible!
Net '$abc$216$auto$rtlil.cc:2466:Mux$22[8]' is impossible to route within proposed clb cluster
Net 'addr[9]' is impossible to route within proposed clb cluster
Routing was impossible!
Net '$abc$216$auto$rtlil.cc:2466:Mux$22[8]' is impossible to route within proposed clb cluster
Net 'addr[9]' is impossible to route within proposed clb cluster
Routing was impossible!
Net '$abc$216$auto$rtlil.cc:2466:Mux$22[8]' is impossible to route within proposed clb cluster
Net 'addr[9]' is impossible to route within proposed clb cluster
Routing was impossible!
Net 'addr[9]' is impossible to route within proposed clb cluster
Net 'addr[9]' is impossible to route within proposed clb cluster
Routing was impossible!
Net 'addr[9]' is impossible to route within proposed clb cluster
Net 'addr[9]' is impossible to route within proposed clb cluster
Routing was impossible!
Net 'addr[8]' is impossible to route within proposed clb cluster
Net 'addr[9]' is impossible to route within proposed clb cluster
Routing was impossible!
Net 'addr[8]' is impossible to route within proposed clb cluster
Net 'addr[9]' is impossible to route within proposed clb cluster
Routing was impossible!
Net '$abc$216$auto$rtlil.cc:2466:Mux$22[8]' is impossible to route within proposed clb cluster
Net 'addr[9]' is impossible to route within proposed clb cluster
Routing was impossible!
Net '$abc$216$auto$rtlil.cc:2466:Mux$22[8]' is impossible to route within proposed clb cluster
Net 'addr[9]' is impossible to route within proposed clb cluster
Routing was impossible!
Net '$abc$216$auto$rtlil.cc:2466:Mux$22[8]' is impossible to route within proposed clb cluster
Net 'addr[9]' is impossible to route within proposed clb cluster
Routing was impossible!
Net '$abc$216$auto$rtlil.cc:2466:Mux$22[8]' is impossible to route within proposed clb cluster
Net 'addr[9]' is impossible to route within proposed clb cluster
Routing was impossible!
Net '$abc$216$auto$rtlil.cc:2466:Mux$22[8]' is impossible to route within proposed clb cluster
Net 'addr[9]' is impossible to route within proposed clb cluster
Routing was impossible!
Net '$abc$216$auto$rtlil.cc:2466:Mux$22[8]' is impossible to route within proposed clb cluster
Net 'addr[9]' is impossible to route within proposed clb cluster
Routing was impossible!
Net '$abc$216$auto$rtlil.cc:2466:Mux$22[8]' is impossible to route within proposed clb cluster
Net 'addr[9]' is impossible to route within proposed clb cluster
Routing was impossible!
Net '$abc$216$auto$rtlil.cc:2466:Mux$22[8]' is impossible to route within proposed clb cluster
Net 'addr[9]' is impossible to route within proposed clb cluster
Routing was impossible!
Net '$abc$216$auto$rtlil.cc:2466:Mux$22[8]' is impossible to route within proposed clb cluster
Net 'addr[9]' is impossible to route within proposed clb cluster
Routing was impossible!
Net '$abc$216$auto$rtlil.cc:2466:Mux$22[8]' is impossible to route within proposed clb cluster
Net 'addr[9]' is impossible to route within proposed clb cluster
Routing was impossible!
Net '$abc$216$auto$rtlil.cc:2466:Mux$22[8]' is impossible to route within proposed clb cluster
Net 'addr[9]' is impossible to route within proposed clb cluster
Routing was impossible!
Net '$abc$216$auto$rtlil.cc:2466:Mux$22[8]' is impossible to route within proposed clb cluster
Net 'addr[9]' is impossible to route within proposed clb cluster
Routing was impossible!
Net '$abc$216$auto$rtlil.cc:2466:Mux$22[8]' is impossible to route within proposed clb cluster
Net 'addr[9]' is impossible to route within proposed clb cluster
Routing was impossible!
Net '$abc$216$auto$rtlil.cc:2466:Mux$22[8]' is impossible to route within proposed clb cluster
Net 'addr[9]' is impossible to route within proposed clb cluster
Routing was impossible!
Net '$abc$216$auto$rtlil.cc:2466:Mux$22[8]' is impossible to route within proposed clb cluster
Net 'addr[9]' is impossible to route within proposed clb cluster
Routing was impossible!
Net '$abc$216$auto$rtlil.cc:2466:Mux$22[8]' is impossible to route within proposed clb cluster
Net 'addr[9]' is impossible to route within proposed clb cluster
    28/72       38%                            2    12 x 10    
Net 'addr[9]' is impossible to route within proposed clb cluster
Routing was impossible!
Net 'addr[7]' is impossible to route within proposed clb cluster
Net 'addr[9]' is impossible to route within proposed clb cluster
Net 'addr[9]' is impossible to route within proposed clb cluster
Routing was impossible!
Net 'addr[9]' is impossible to route within proposed clb cluster
Net 'addr[9]' is impossible to route within proposed clb cluster
Routing was impossible!
Net 'addr[9]' is impossible to route within proposed clb cluster
Net 'addr[9]' is impossible to route within proposed clb cluster
Routing was impossible!
Net 'addr[8]' is impossible to route within proposed clb cluster
Net 'addr[9]' is impossible to route within proposed clb cluster
Routing was impossible!
Net 'addr[8]' is impossible to route within proposed clb cluster
Net 'addr[9]' is impossible to route within proposed clb cluster
Routing was impossible!
Net 'addr[7]' is impossible to route within proposed clb cluster
Net 'addr[9]' is impossible to route within proposed clb cluster
Routing was impossible!
Net 'addr[7]' is impossible to route within proposed clb cluster
Net 'addr[9]' is impossible to route within proposed clb cluster
Routing was impossible!
Net '$abc$216$auto$rtlil.cc:2466:Mux$22[7]' is impossible to route within proposed clb cluster
Net 'addr[9]' is impossible to route within proposed clb cluster
Routing was impossible!
Net '$abc$216$auto$rtlil.cc:2466:Mux$22[7]' is impossible to route within proposed clb cluster
Net 'addr[9]' is impossible to route within proposed clb cluster
Routing was impossible!
Net 'addr[9]' is impossible to route within proposed clb cluster
Net 'addr[9]' is impossible to route within proposed clb cluster
Routing was impossible!
Net 'addr[9]' is impossible to route within proposed clb cluster
Net 'addr[9]' is impossible to route within proposed clb cluster
Routing was impossible!
Net 'addr[8]' is impossible to route within proposed clb cluster
Net 'addr[9]' is impossible to route within proposed clb cluster
Routing was impossible!
Net 'addr[8]' is impossible to route within proposed clb cluster
Net 'addr[9]' is impossible to route within proposed clb cluster
Routing was impossible!
Net 'addr[7]' is impossible to route within proposed clb cluster
Net 'addr[9]' is impossible to route within proposed clb cluster
Routing was impossible!
Net 'addr[7]' is impossible to route within proposed clb cluster
Net 'addr[9]' is impossible to route within proposed clb cluster
Routing was impossible!
Net '$abc$216$auto$rtlil.cc:2466:Mux$22[7]' is impossible to route within proposed clb cluster
Net 'addr[9]' is impossible to route within proposed clb cluster
Routing was impossible!
Net '$abc$216$auto$rtlil.cc:2466:Mux$22[7]' is impossible to route within proposed clb cluster
Net 'addr[9]' is impossible to route within proposed clb cluster
Routing was impossible!
Net '$abc$216$auto$rtlil.cc:2466:Mux$22[7]' is impossible to route within proposed clb cluster
Net 'addr[9]' is impossible to route within proposed clb cluster
Routing was impossible!
Net '$abc$216$auto$rtlil.cc:2466:Mux$22[7]' is impossible to route within proposed clb cluster
Net 'addr[9]' is impossible to route within proposed clb cluster
Routing was impossible!
Net '$abc$216$auto$rtlil.cc:2466:Mux$22[7]' is impossible to route within proposed clb cluster
Net 'addr[9]' is impossible to route within proposed clb cluster
Routing was impossible!
Net '$abc$216$auto$rtlil.cc:2466:Mux$22[7]' is impossible to route within proposed clb cluster
Net 'addr[9]' is impossible to route within proposed clb cluster
Routing was impossible!
Net '$abc$216$auto$rtlil.cc:2466:Mux$22[7]' is impossible to route within proposed clb cluster
Net 'addr[9]' is impossible to route within proposed clb cluster
Routing was impossible!
Net '$abc$216$auto$rtlil.cc:2466:Mux$22[7]' is impossible to route within proposed clb cluster
Net 'addr[9]' is impossible to route within proposed clb cluster
Routing was impossible!
Net '$abc$216$auto$rtlil.cc:2466:Mux$22[7]' is impossible to route within proposed clb cluster
Net 'addr[9]' is impossible to route within proposed clb cluster
Routing was impossible!
Net '$abc$216$auto$rtlil.cc:2466:Mux$22[7]' is impossible to route within proposed clb cluster
Net 'addr[9]' is impossible to route within proposed clb cluster
Routing was impossible!
Net '$abc$216$auto$rtlil.cc:2466:Mux$22[7]' is impossible to route within proposed clb cluster
Net 'addr[9]' is impossible to route within proposed clb cluster
Routing was impossible!
Net '$abc$216$auto$rtlil.cc:2466:Mux$22[7]' is impossible to route within proposed clb cluster
Net 'addr[9]' is impossible to route within proposed clb cluster
Routing was impossible!
Net '$abc$216$auto$rtlil.cc:2466:Mux$22[7]' is impossible to route within proposed clb cluster
Net 'addr[9]' is impossible to route within proposed clb cluster
Routing was impossible!
Net '$abc$216$auto$rtlil.cc:2466:Mux$22[7]' is impossible to route within proposed clb cluster
Net 'addr[9]' is impossible to route within proposed clb cluster
Routing was impossible!
Net 'addr[9]' is impossible to route within proposed clb cluster
Net 'addr[8]' is impossible to route within proposed clb cluster
    30/72       41%                            2    12 x 10    
Net 'addr[8]' is impossible to route within proposed clb cluster
Routing was impossible!
Net 'addr[6]' is impossible to route within proposed clb cluster
Net 'addr[8]' is impossible to route within proposed clb cluster
Net 'addr[8]' is impossible to route within proposed clb cluster
Routing was impossible!
Net 'addr[8]' is impossible to route within proposed clb cluster
Net 'addr[8]' is impossible to route within proposed clb cluster
Routing was impossible!
Net 'addr[8]' is impossible to route within proposed clb cluster
Net 'addr[8]' is impossible to route within proposed clb cluster
Routing was impossible!
Net 'addr[7]' is impossible to route within proposed clb cluster
Net 'addr[8]' is impossible to route within proposed clb cluster
Routing was impossible!
Net 'addr[7]' is impossible to route within proposed clb cluster
Net 'addr[8]' is impossible to route within proposed clb cluster
Routing was impossible!
Net 'addr[6]' is impossible to route within proposed clb cluster
Net 'addr[8]' is impossible to route within proposed clb cluster
Routing was impossible!
Net 'addr[6]' is impossible to route within proposed clb cluster
Net 'addr[8]' is impossible to route within proposed clb cluster
Routing was impossible!
Net 'addr[8]' is impossible to route within proposed clb cluster
Net 'addr[8]' is impossible to route within proposed clb cluster
Routing was impossible!
Net 'addr[8]' is impossible to route within proposed clb cluster
Net 'addr[8]' is impossible to route within proposed clb cluster
Routing was impossible!
Net 'addr[7]' is impossible to route within proposed clb cluster
Net 'addr[8]' is impossible to route within proposed clb cluster
Routing was impossible!
Net 'addr[7]' is impossible to route within proposed clb cluster
Net 'addr[8]' is impossible to route within proposed clb cluster
Routing was impossible!
Net 'addr[6]' is impossible to route within proposed clb cluster
Net 'addr[8]' is impossible to route within proposed clb cluster
Routing was impossible!
Net 'addr[6]' is impossible to route within proposed clb cluster
Net 'addr[8]' is impossible to route within proposed clb cluster
Routing was impossible!
Net '$abc$216$auto$rtlil.cc:2466:Mux$22[6]' is impossible to route within proposed clb cluster
Net 'addr[8]' is impossible to route within proposed clb cluster
Routing was impossible!
Net '$abc$216$auto$rtlil.cc:2466:Mux$22[6]' is impossible to route within proposed clb cluster
Net 'addr[8]' is impossible to route within proposed clb cluster
Routing was impossible!
Net '$abc$216$auto$rtlil.cc:2466:Mux$22[6]' is impossible to route within proposed clb cluster
Net 'addr[8]' is impossible to route within proposed clb cluster
Routing was impossible!
Net '$abc$216$auto$rtlil.cc:2466:Mux$22[6]' is impossible to route within proposed clb cluster
Net 'addr[8]' is impossible to route within proposed clb cluster
Routing was impossible!
Net '$abc$216$auto$rtlil.cc:2466:Mux$22[6]' is impossible to route within proposed clb cluster
Net 'addr[8]' is impossible to route within proposed clb cluster
Routing was impossible!
Net '$abc$216$auto$rtlil.cc:2466:Mux$22[6]' is impossible to route within proposed clb cluster
Net 'addr[8]' is impossible to route within proposed clb cluster
Routing was impossible!
Net '$abc$216$auto$rtlil.cc:2466:Mux$22[6]' is impossible to route within proposed clb cluster
Net 'addr[8]' is impossible to route within proposed clb cluster
Routing was impossible!
Net '$abc$216$auto$rtlil.cc:2466:Mux$22[6]' is impossible to route within proposed clb cluster
Net 'addr[8]' is impossible to route within proposed clb cluster
Routing was impossible!
Net '$abc$216$auto$rtlil.cc:2466:Mux$22[6]' is impossible to route within proposed clb cluster
Net 'addr[8]' is impossible to route within proposed clb cluster
Routing was impossible!
Net '$abc$216$auto$rtlil.cc:2466:Mux$22[6]' is impossible to route within proposed clb cluster
Net 'addr[8]' is impossible to route within proposed clb cluster
Routing was impossible!
Net '$abc$216$auto$rtlil.cc:2466:Mux$22[6]' is impossible to route within proposed clb cluster
Net 'addr[8]' is impossible to route within proposed clb cluster
Routing was impossible!
Net '$abc$216$auto$rtlil.cc:2466:Mux$22[6]' is impossible to route within proposed clb cluster
Net 'addr[9]' is impossible to route within proposed clb cluster
Routing was impossible!
Net 'addr[9]' is impossible to route within proposed clb cluster
Net 'addr[8]' is impossible to route within proposed clb cluster
Routing was impossible!
Net 'addr[8]' is impossible to route within proposed clb cluster
Net 'addr[7]' is impossible to route within proposed clb cluster
    32/72       44%                            2    12 x 10    
Net 'addr[7]' is impossible to route within proposed clb cluster
Routing was impossible!
Net 'addr[5]' is impossible to route within proposed clb cluster
Net 'addr[7]' is impossible to route within proposed clb cluster
Net 'addr[7]' is impossible to route within proposed clb cluster
Routing was impossible!
Net 'addr[7]' is impossible to route within proposed clb cluster
Net 'addr[7]' is impossible to route within proposed clb cluster
Routing was impossible!
Net 'addr[7]' is impossible to route within proposed clb cluster
Net 'addr[7]' is impossible to route within proposed clb cluster
Routing was impossible!
Net 'addr[6]' is impossible to route within proposed clb cluster
Net 'addr[7]' is impossible to route within proposed clb cluster
Routing was impossible!
Net 'addr[6]' is impossible to route within proposed clb cluster
Net 'addr[7]' is impossible to route within proposed clb cluster
Routing was impossible!
Net 'addr[7]' is impossible to route within proposed clb cluster
Net 'addr[7]' is impossible to route within proposed clb cluster
Routing was impossible!
Net 'addr[7]' is impossible to route within proposed clb cluster
Net 'addr[7]' is impossible to route within proposed clb cluster
Routing was impossible!
Net 'addr[6]' is impossible to route within proposed clb cluster
Net 'addr[7]' is impossible to route within proposed clb cluster
Routing was impossible!
Net 'addr[6]' is impossible to route within proposed clb cluster
Net 'addr[7]' is impossible to route within proposed clb cluster
Routing was impossible!
Net 'addr[5]' is impossible to route within proposed clb cluster
Net 'addr[7]' is impossible to route within proposed clb cluster
Routing was impossible!
Net 'addr[5]' is impossible to route within proposed clb cluster
Net 'addr[7]' is impossible to route within proposed clb cluster
Routing was impossible!
Net 'addr[5]' is impossible to route within proposed clb cluster
Net 'addr[7]' is impossible to route within proposed clb cluster
Routing was impossible!
Net 'addr[5]' is impossible to route within proposed clb cluster
Net 'addr[7]' is impossible to route within proposed clb cluster
Routing was impossible!
Net '$abc$216$auto$rtlil.cc:2466:Mux$22[5]' is impossible to route within proposed clb cluster
Net 'addr[7]' is impossible to route within proposed clb cluster
Routing was impossible!
Net '$abc$216$auto$rtlil.cc:2466:Mux$22[5]' is impossible to route within proposed clb cluster
Net 'addr[7]' is impossible to route within proposed clb cluster
Routing was impossible!
Net '$abc$216$auto$rtlil.cc:2466:Mux$22[5]' is impossible to route within proposed clb cluster
Net 'addr[7]' is impossible to route within proposed clb cluster
Routing was impossible!
Net '$abc$216$auto$rtlil.cc:2466:Mux$22[5]' is impossible to route within proposed clb cluster
Net 'addr[7]' is impossible to route within proposed clb cluster
Routing was impossible!
Net '$abc$216$auto$rtlil.cc:2466:Mux$22[5]' is impossible to route within proposed clb cluster
Net 'addr[7]' is impossible to route within proposed clb cluster
Routing was impossible!
Net '$abc$216$auto$rtlil.cc:2466:Mux$22[5]' is impossible to route within proposed clb cluster
Net 'addr[7]' is impossible to route within proposed clb cluster
Routing was impossible!
Net '$abc$216$auto$rtlil.cc:2466:Mux$22[5]' is impossible to route within proposed clb cluster
Net 'addr[7]' is impossible to route within proposed clb cluster
Routing was impossible!
Net '$abc$216$auto$rtlil.cc:2466:Mux$22[5]' is impossible to route within proposed clb cluster
Net 'addr[9]' is impossible to route within proposed clb cluster
Routing was impossible!
Net 'addr[9]' is impossible to route within proposed clb cluster
Net 'addr[8]' is impossible to route within proposed clb cluster
Routing was impossible!
Net 'addr[8]' is impossible to route within proposed clb cluster
Net 'addr[7]' is impossible to route within proposed clb cluster
Routing was impossible!
Net 'addr[7]' is impossible to route within proposed clb cluster
Net 'addr[6]' is impossible to route within proposed clb cluster
    34/72       47%                            2    12 x 10    
Net 'addr[6]' is impossible to route within proposed clb cluster
Routing was impossible!
Net 'addr[4]' is impossible to route within proposed clb cluster
Net 'addr[6]' is impossible to route within proposed clb cluster
Net 'addr[6]' is impossible to route within proposed clb cluster
Routing was impossible!
Net 'addr[6]' is impossible to route within proposed clb cluster
Net 'addr[6]' is impossible to route within proposed clb cluster
Routing was impossible!
Net 'addr[6]' is impossible to route within proposed clb cluster
Net 'addr[6]' is impossible to route within proposed clb cluster
Routing was impossible!
Net 'addr[6]' is impossible to route within proposed clb cluster
Net 'addr[6]' is impossible to route within proposed clb cluster
Routing was impossible!
Net 'addr[6]' is impossible to route within proposed clb cluster
Net 'addr[6]' is impossible to route within proposed clb cluster
Routing was impossible!
Net 'addr[5]' is impossible to route within proposed clb cluster
Net 'addr[6]' is impossible to route within proposed clb cluster
Routing was impossible!
Net 'addr[5]' is impossible to route within proposed clb cluster
Net 'addr[6]' is impossible to route within proposed clb cluster
Routing was impossible!
Net 'addr[5]' is impossible to route within proposed clb cluster
Net 'addr[6]' is impossible to route within proposed clb cluster
Routing was impossible!
Net 'addr[5]' is impossible to route within proposed clb cluster
Net 'addr[6]' is impossible to route within proposed clb cluster
Routing was impossible!
Net 'addr[4]' is impossible to route within proposed clb cluster
Net 'addr[6]' is impossible to route within proposed clb cluster
Routing was impossible!
Net 'addr[4]' is impossible to route within proposed clb cluster
Net 'addr[6]' is impossible to route within proposed clb cluster
Routing was impossible!
Net 'addr[4]' is impossible to route within proposed clb cluster
Net 'addr[6]' is impossible to route within proposed clb cluster
Routing was impossible!
Net 'addr[4]' is impossible to route within proposed clb cluster
Net 'addr[6]' is impossible to route within proposed clb cluster
Routing was impossible!
Net '$abc$216$auto$rtlil.cc:2466:Mux$22[4]' is impossible to route within proposed clb cluster
Net 'addr[6]' is impossible to route within proposed clb cluster
Routing was impossible!
Net '$abc$216$auto$rtlil.cc:2466:Mux$22[4]' is impossible to route within proposed clb cluster
Net 'addr[6]' is impossible to route within proposed clb cluster
Routing was impossible!
Net '$abc$216$auto$rtlil.cc:2466:Mux$22[4]' is impossible to route within proposed clb cluster
Net 'addr[6]' is impossible to route within proposed clb cluster
Routing was impossible!
Net '$abc$216$auto$rtlil.cc:2466:Mux$22[4]' is impossible to route within proposed clb cluster
Net 'addr[9]' is impossible to route within proposed clb cluster
Routing was impossible!
Net 'addr[9]' is impossible to route within proposed clb cluster
Net 'addr[8]' is impossible to route within proposed clb cluster
Routing was impossible!
Net 'addr[8]' is impossible to route within proposed clb cluster
Net 'addr[7]' is impossible to route within proposed clb cluster
Routing was impossible!
Net 'addr[7]' is impossible to route within proposed clb cluster
Net 'addr[6]' is impossible to route within proposed clb cluster
Routing was impossible!
Net 'addr[6]' is impossible to route within proposed clb cluster
Net 'addr[5]' is impossible to route within proposed clb cluster
    36/72       50%                            2    12 x 10    
Net 'addr[5]' is impossible to route within proposed clb cluster
Routing was impossible!
Net 'addr[3]' is impossible to route within proposed clb cluster
Net 'addr[5]' is impossible to route within proposed clb cluster
Net 'addr[5]' is impossible to route within proposed clb cluster
Routing was impossible!
Net 'addr[5]' is impossible to route within proposed clb cluster
Net 'addr[5]' is impossible to route within proposed clb cluster
Routing was impossible!
Net 'addr[5]' is impossible to route within proposed clb cluster
Net 'addr[5]' is impossible to route within proposed clb cluster
Routing was impossible!
Net 'addr[5]' is impossible to route within proposed clb cluster
Net 'addr[5]' is impossible to route within proposed clb cluster
Routing was impossible!
Net 'addr[5]' is impossible to route within proposed clb cluster
Net 'addr[5]' is impossible to route within proposed clb cluster
Routing was impossible!
Net 'addr[4]' is impossible to route within proposed clb cluster
Net 'addr[5]' is impossible to route within proposed clb cluster
Routing was impossible!
Net 'addr[4]' is impossible to route within proposed clb cluster
Net 'addr[5]' is impossible to route within proposed clb cluster
Routing was impossible!
Net 'addr[4]' is impossible to route within proposed clb cluster
Net 'addr[5]' is impossible to route within proposed clb cluster
Routing was impossible!
Net 'addr[4]' is impossible to route within proposed clb cluster
Net 'addr[5]' is impossible to route within proposed clb cluster
Routing was impossible!
Net 'addr[3]' is impossible to route within proposed clb cluster
Net 'addr[5]' is impossible to route within proposed clb cluster
Routing was impossible!
Net 'addr[3]' is impossible to route within proposed clb cluster
Net 'addr[5]' is impossible to route within proposed clb cluster
Routing was impossible!
Net 'addr[3]' is impossible to route within proposed clb cluster
Net 'addr[5]' is impossible to route within proposed clb cluster
Routing was impossible!
Net 'addr[3]' is impossible to route within proposed clb cluster
Net 'addr[9]' is impossible to route within proposed clb cluster
Routing was impossible!
Net 'addr[9]' is impossible to route within proposed clb cluster
Net 'addr[8]' is impossible to route within proposed clb cluster
Routing was impossible!
Net 'addr[8]' is impossible to route within proposed clb cluster
Net 'addr[7]' is impossible to route within proposed clb cluster
Routing was impossible!
Net 'addr[7]' is impossible to route within proposed clb cluster
Net 'addr[6]' is impossible to route within proposed clb cluster
Routing was impossible!
Net 'addr[6]' is impossible to route within proposed clb cluster
Net 'addr[5]' is impossible to route within proposed clb cluster
Routing was impossible!
Net 'addr[5]' is impossible to route within proposed clb cluster
Net 'addr[4]' is impossible to route within proposed clb cluster
    38/72       52%                            2    12 x 10    
Net 'addr[4]' is impossible to route within proposed clb cluster
Routing was impossible!
Net 'addr[2]' is impossible to route within proposed clb cluster
Net 'addr[4]' is impossible to route within proposed clb cluster
Routing was impossible!
Net 'addr[2]' is impossible to route within proposed clb cluster
Net 'addr[4]' is impossible to route within proposed clb cluster
Routing was impossible!
Net 'addr[2]' is impossible to route within proposed clb cluster
Net 'addr[4]' is impossible to route within proposed clb cluster
Routing was impossible!
Net 'addr[2]' is impossible to route within proposed clb cluster
Net 'addr[4]' is impossible to route within proposed clb cluster
Routing was impossible!
Net 'addr[2]' is impossible to route within proposed clb cluster
Net 'addr[4]' is impossible to route within proposed clb cluster
Routing was impossible!
Net 'addr[2]' is impossible to route within proposed clb cluster
Net 'addr[4]' is impossible to route within proposed clb cluster
Routing was impossible!
Net 'addr[2]' is impossible to route within proposed clb cluster
Net 'addr[4]' is impossible to route within proposed clb cluster
Net 'addr[4]' is impossible to route within proposed clb cluster
Routing was impossible!
Net 'addr[4]' is impossible to route within proposed clb cluster
Net 'addr[4]' is impossible to route within proposed clb cluster
Routing was impossible!
Net 'addr[4]' is impossible to route within proposed clb cluster
Net 'addr[4]' is impossible to route within proposed clb cluster
Routing was impossible!
Net 'addr[4]' is impossible to route within proposed clb cluster
Net 'addr[4]' is impossible to route within proposed clb cluster
Routing was impossible!
Net 'addr[4]' is impossible to route within proposed clb cluster
Net 'addr[4]' is impossible to route within proposed clb cluster
Routing was impossible!
Net 'addr[3]' is impossible to route within proposed clb cluster
Net 'addr[4]' is impossible to route within proposed clb cluster
Routing was impossible!
Net 'addr[3]' is impossible to route within proposed clb cluster
Net 'addr[4]' is impossible to route within proposed clb cluster
Routing was impossible!
Net 'addr[3]' is impossible to route within proposed clb cluster
Net 'addr[4]' is impossible to route within proposed clb cluster
Routing was impossible!
Net 'addr[3]' is impossible to route within proposed clb cluster
Net 'addr[9]' is impossible to route within proposed clb cluster
Routing was impossible!
Net 'addr[9]' is impossible to route within proposed clb cluster
Net 'addr[8]' is impossible to route within proposed clb cluster
Routing was impossible!
Net 'addr[8]' is impossible to route within proposed clb cluster
Net 'addr[7]' is impossible to route within proposed clb cluster
Routing was impossible!
Net 'addr[7]' is impossible to route within proposed clb cluster
Net 'addr[6]' is impossible to route within proposed clb cluster
Routing was impossible!
Net 'addr[6]' is impossible to route within proposed clb cluster
Net 'addr[5]' is impossible to route within proposed clb cluster
Routing was impossible!
Net 'addr[5]' is impossible to route within proposed clb cluster
Net 'addr[4]' is impossible to route within proposed clb cluster
Routing was impossible!
Net 'addr[4]' is impossible to route within proposed clb cluster
Net 'addr[3]' is impossible to route within proposed clb cluster
Routing was impossible!
Net 'addr[2]' is impossible to route within proposed clb cluster
Net 'addr[4]' is impossible to route within proposed clb cluster
Routing was impossible!
Net 'addr[3]' is impossible to route within proposed clb cluster
Net 'addr[4]' is impossible to route within proposed clb cluster
    40/72       55%                            2    12 x 10    
Net 'addr[4]' is impossible to route within proposed clb cluster
Routing was impossible!
Net 'addr[1]' is impossible to route within proposed clb cluster
Net 'addr[4]' is impossible to route within proposed clb cluster
Routing was impossible!
Net 'addr[1]' is impossible to route within proposed clb cluster
Net 'addr[4]' is impossible to route within proposed clb cluster
Routing was impossible!
Net 'addr[1]' is impossible to route within proposed clb cluster
Net 'addr[4]' is impossible to route within proposed clb cluster
Routing was impossible!
Net 'addr[1]' is impossible to route within proposed clb cluster
Net 'addr[4]' is impossible to route within proposed clb cluster
Routing was impossible!
Net 'addr[1]' is impossible to route within proposed clb cluster
Net 'addr[4]' is impossible to route within proposed clb cluster
Routing was impossible!
Net 'addr[1]' is impossible to route within proposed clb cluster
Net 'addr[4]' is impossible to route within proposed clb cluster
Routing was impossible!
Net 'addr[1]' is impossible to route within proposed clb cluster
Net 'addr[4]' is impossible to route within proposed clb cluster
Routing was impossible!
Net 'addr[1]' is impossible to route within proposed clb cluster
Net 'addr[4]' is impossible to route within proposed clb cluster
Routing was impossible!
Net 'addr[0]' is impossible to route within proposed clb cluster
Net 'addr[4]' is impossible to route within proposed clb cluster
Routing was impossible!
Net 'addr[0]' is impossible to route within proposed clb cluster
Net 'addr[4]' is impossible to route within proposed clb cluster
Routing was impossible!
Net 'addr[0]' is impossible to route within proposed clb cluster
Net 'addr[4]' is impossible to route within proposed clb cluster
Routing was impossible!
Net 'addr[0]' is impossible to route within proposed clb cluster
Net 'addr[4]' is impossible to route within proposed clb cluster
Routing was impossible!
Net 'addr[0]' is impossible to route within proposed clb cluster
Net 'addr[4]' is impossible to route within proposed clb cluster
Routing was impossible!
Net 'addr[0]' is impossible to route within proposed clb cluster
Net 'addr[4]' is impossible to route within proposed clb cluster
Routing was impossible!
Net 'addr[0]' is impossible to route within proposed clb cluster
Net 'addr[4]' is impossible to route within proposed clb cluster
Routing was impossible!
Net 'addr[0]' is impossible to route within proposed clb cluster
Net 'addr[4]' is impossible to route within proposed clb cluster
Routing was impossible!
Net 'addr[4]' is impossible to route within proposed clb cluster
Net 'addr[4]' is impossible to route within proposed clb cluster
Routing was impossible!
Net 'addr[4]' is impossible to route within proposed clb cluster
Net 'addr[4]' is impossible to route within proposed clb cluster
Routing was impossible!
Net 'addr[4]' is impossible to route within proposed clb cluster
Net 'addr[4]' is impossible to route within proposed clb cluster
Routing was impossible!
Net 'addr[4]' is impossible to route within proposed clb cluster
Net 'addr[9]' is impossible to route within proposed clb cluster
Routing was impossible!
Net 'addr[9]' is impossible to route within proposed clb cluster
Net 'addr[8]' is impossible to route within proposed clb cluster
Routing was impossible!
Net 'addr[8]' is impossible to route within proposed clb cluster
Net 'addr[7]' is impossible to route within proposed clb cluster
Routing was impossible!
Net 'addr[7]' is impossible to route within proposed clb cluster
Net 'addr[6]' is impossible to route within proposed clb cluster
Routing was impossible!
Net 'addr[6]' is impossible to route within proposed clb cluster
Net 'addr[5]' is impossible to route within proposed clb cluster
Routing was impossible!
Net 'addr[5]' is impossible to route within proposed clb cluster
Net 'addr[4]' is impossible to route within proposed clb cluster
Routing was impossible!
Net 'addr[3]' is impossible to route within proposed clb cluster
Net 'addr[4]' is impossible to route within proposed clb cluster
Routing was impossible!
Net 'addr[4]' is impossible to route within proposed clb cluster
Net 'addr[2]' is impossible to route within proposed clb cluster
Routing was impossible!
Net 'addr[2]' is impossible to route within proposed clb cluster
Net 'addr[4]' is impossible to route within proposed clb cluster
Routing was impossible!
Net 'addr[4]' is impossible to route within proposed clb cluster
Net 'addr[4]' is impossible to route within proposed clb cluster
Routing was impossible!
Net 'addr[4]' is impossible to route within proposed clb cluster
Net 'addr[4]' is impossible to route within proposed clb cluster
Routing was impossible!
Net 'addr[4]' is impossible to route within proposed clb cluster
Net 'addr[4]' is impossible to route within proposed clb cluster
Routing was impossible!
Net 'addr[4]' is impossible to route within proposed clb cluster
Net 'addr[4]' is impossible to route within proposed clb cluster
Routing was impossible!
Net 'addr[4]' is impossible to route within proposed clb cluster
Net 'addr[9]' is impossible to route within proposed clb cluster
Routing was impossible!
Net 'addr[9]' is impossible to route within proposed clb cluster
Net 'addr[8]' is impossible to route within proposed clb cluster
Routing was impossible!
Net 'addr[8]' is impossible to route within proposed clb cluster
Net 'addr[7]' is impossible to route within proposed clb cluster
Routing was impossible!
Net 'addr[7]' is impossible to route within proposed clb cluster
Net 'addr[6]' is impossible to route within proposed clb cluster
Routing was impossible!
Net 'addr[6]' is impossible to route within proposed clb cluster
Net 'addr[5]' is impossible to route within proposed clb cluster
Routing was impossible!
Net 'addr[5]' is impossible to route within proposed clb cluster
Net 'addr[4]' is impossible to route within proposed clb cluster
Routing was impossible!
Net 'addr[3]' is impossible to route within proposed clb cluster
Net 'addr[4]' is impossible to route within proposed clb cluster
Routing was impossible!
Net 'addr[4]' is impossible to route within proposed clb cluster
Net 'addr[2]' is impossible to route within proposed clb cluster
Routing was impossible!
Net 'addr[2]' is impossible to route within proposed clb cluster
Net 'addr[4]' is impossible to route within proposed clb cluster
Routing was impossible!
Net 'addr[4]' is impossible to route within proposed clb cluster
Net 'addr[4]' is impossible to route within proposed clb cluster
Routing was impossible!
Net 'addr[1]' is impossible to route within proposed clb cluster
Net 'addr[4]' is impossible to route within proposed clb cluster
Routing was impossible!
Net 'addr[1]' is impossible to route within proposed clb cluster
Net 'addr[4]' is impossible to route within proposed clb cluster
Routing was impossible!
Net 'addr[1]' is impossible to route within proposed clb cluster
Net 'addr[4]' is impossible to route within proposed clb cluster
Routing was impossible!
Net 'addr[1]' is impossible to route within proposed clb cluster
Net 'addr[4]' is impossible to route within proposed clb cluster
Routing was impossible!
Net 'addr[1]' is impossible to route within proposed clb cluster
Net 'addr[4]' is impossible to route within proposed clb cluster
Routing was impossible!
Net 'addr[1]' is impossible to route within proposed clb cluster
Net 'addr[4]' is impossible to route within proposed clb cluster
Routing was impossible!
Net 'addr[1]' is impossible to route within proposed clb cluster
Net 'addr[4]' is impossible to route within proposed clb cluster
Routing was impossible!
Net 'addr[1]' is impossible to route within proposed clb cluster
Net 'addr[4]' is impossible to route within proposed clb cluster
Routing was impossible!
Net 'addr[0]' is impossible to route within proposed clb cluster
Net 'addr[4]' is impossible to route within proposed clb cluster
Routing was impossible!
Net 'addr[0]' is impossible to route within proposed clb cluster
Net 'addr[4]' is impossible to route within proposed clb cluster
Routing was impossible!
Net 'addr[0]' is impossible to route within proposed clb cluster
Net 'addr[4]' is impossible to route within proposed clb cluster
Routing was impossible!
Net 'addr[0]' is impossible to route within proposed clb cluster
Net 'addr[4]' is impossible to route within proposed clb cluster
Routing was impossible!
Net 'addr[0]' is impossible to route within proposed clb cluster
Net 'addr[4]' is impossible to route within proposed clb cluster
Routing was impossible!
Net 'addr[0]' is impossible to route within proposed clb cluster
Net 'addr[4]' is impossible to route within proposed clb cluster
Routing was impossible!
Net 'addr[0]' is impossible to route within proposed clb cluster
Net 'addr[4]' is impossible to route within proposed clb cluster
Routing was impossible!
Net 'addr[0]' is impossible to route within proposed clb cluster
    42/72       58%                            3    12 x 10    
    44/72       61%                            3    12 x 10    
    46/72       63%                            3    12 x 10    
Net 'addr[1]' is impossible to route within proposed clb cluster
Failed route at end, repack cluster trying detailed routing at each stage.
Net '$abc$216$auto$rtlil.cc:2466:Mux$22[1]' is impossible to route within proposed clb cluster
Routing was impossible!
Net '$abc$216$auto$rtlil.cc:2466:Mux$22[1]' is impossible to route within proposed clb cluster
Net '$abc$216$auto$rtlil.cc:2466:Mux$22[1]' is impossible to route within proposed clb cluster
Routing was impossible!
Net '$abc$216$auto$rtlil.cc:2466:Mux$22[1]' is impossible to route within proposed clb cluster
Net '$abc$216$auto$rtlil.cc:2466:Mux$22[1]' is impossible to route within proposed clb cluster
Routing was impossible!
Net '$abc$216$auto$rtlil.cc:2466:Mux$22[1]' is impossible to route within proposed clb cluster
Net '$abc$216$auto$rtlil.cc:2466:Mux$22[1]' is impossible to route within proposed clb cluster
Routing was impossible!
Net '$abc$216$auto$rtlil.cc:2466:Mux$22[1]' is impossible to route within proposed clb cluster
Net '$abc$216$auto$rtlil.cc:2466:Mux$22[1]' is impossible to route within proposed clb cluster
Routing was impossible!
Net '$abc$216$auto$rtlil.cc:2466:Mux$22[1]' is impossible to route within proposed clb cluster
Net '$abc$216$auto$rtlil.cc:2466:Mux$22[1]' is impossible to route within proposed clb cluster
Routing was impossible!
Net '$abc$216$auto$rtlil.cc:2466:Mux$22[1]' is impossible to route within proposed clb cluster
Net '$abc$216$auto$rtlil.cc:2466:Mux$22[1]' is impossible to route within proposed clb cluster
Routing was impossible!
Net '$abc$216$auto$rtlil.cc:2466:Mux$22[1]' is impossible to route within proposed clb cluster
Net '$abc$216$auto$rtlil.cc:2466:Mux$22[1]' is impossible to route within proposed clb cluster
Routing was impossible!
Net '$abc$216$auto$rtlil.cc:2466:Mux$22[1]' is impossible to route within proposed clb cluster
Net '$abc$216$auto$rtlil.cc:2466:Mux$22[1]' is impossible to route within proposed clb cluster
Routing was impossible!
Net '$abc$216$auto$rtlil.cc:2466:Mux$22[1]' is impossible to route within proposed clb cluster
Net '$abc$216$auto$rtlil.cc:2466:Mux$22[1]' is impossible to route within proposed clb cluster
Routing was impossible!
Net '$abc$216$auto$rtlil.cc:2466:Mux$22[1]' is impossible to route within proposed clb cluster
Net '$abc$216$auto$rtlil.cc:2466:Mux$22[1]' is impossible to route within proposed clb cluster
Routing was impossible!
Net '$abc$216$auto$rtlil.cc:2466:Mux$22[1]' is impossible to route within proposed clb cluster
Net '$abc$216$auto$rtlil.cc:2466:Mux$22[1]' is impossible to route within proposed clb cluster
Routing was impossible!
Net '$abc$216$auto$rtlil.cc:2466:Mux$22[1]' is impossible to route within proposed clb cluster
Net '$abc$216$auto$rtlil.cc:2466:Mux$22[1]' is impossible to route within proposed clb cluster
Routing was impossible!
Net '$abc$216$auto$rtlil.cc:2466:Mux$22[1]' is impossible to route within proposed clb cluster
Net '$abc$216$auto$rtlil.cc:2466:Mux$22[1]' is impossible to route within proposed clb cluster
Routing was impossible!
Net '$abc$216$auto$rtlil.cc:2466:Mux$22[1]' is impossible to route within proposed clb cluster
Net '$abc$216$auto$rtlil.cc:2466:Mux$22[1]' is impossible to route within proposed clb cluster
Routing was impossible!
Net '$abc$216$auto$rtlil.cc:2466:Mux$22[1]' is impossible to route within proposed clb cluster
Net '$abc$216$auto$rtlil.cc:2466:Mux$22[1]' is impossible to route within proposed clb cluster
Routing was impossible!
Net '$abc$216$auto$rtlil.cc:2466:Mux$22[1]' is impossible to route within proposed clb cluster
Net '$abc$216$auto$rtlil.cc:2466:Mux$22[1]' is impossible to route within proposed clb cluster
Routing was impossible!
Net '$abc$216$auto$rtlil.cc:2466:Mux$22[1]' is impossible to route within proposed clb cluster
Net '$abc$216$auto$rtlil.cc:2466:Mux$22[1]' is impossible to route within proposed clb cluster
Routing was impossible!
Net '$abc$216$auto$rtlil.cc:2466:Mux$22[1]' is impossible to route within proposed clb cluster
Net '$abc$216$auto$rtlil.cc:2466:Mux$22[1]' is impossible to route within proposed clb cluster
Routing was impossible!
Net '$abc$216$auto$rtlil.cc:2466:Mux$22[1]' is impossible to route within proposed clb cluster
Net '$abc$216$auto$rtlil.cc:2466:Mux$22[1]' is impossible to route within proposed clb cluster
Routing was impossible!
Net '$abc$216$auto$rtlil.cc:2466:Mux$22[1]' is impossible to route within proposed clb cluster
Net '$abc$216$auto$rtlil.cc:2466:Mux$22[1]' is impossible to route within proposed clb cluster
Routing was impossible!
Net '$abc$216$auto$rtlil.cc:2466:Mux$22[1]' is impossible to route within proposed clb cluster
Net '$abc$216$auto$rtlil.cc:2466:Mux$22[1]' is impossible to route within proposed clb cluster
Routing was impossible!
Net '$abc$216$auto$rtlil.cc:2466:Mux$22[1]' is impossible to route within proposed clb cluster
Net '$abc$216$auto$rtlil.cc:2466:Mux$22[1]' is impossible to route within proposed clb cluster
Routing was impossible!
Net '$abc$216$auto$rtlil.cc:2466:Mux$22[1]' is impossible to route within proposed clb cluster
Net '$abc$216$auto$rtlil.cc:2466:Mux$22[1]' is impossible to route within proposed clb cluster
Routing was impossible!
Net '$abc$216$auto$rtlil.cc:2466:Mux$22[1]' is impossible to route within proposed clb cluster
Net '$abc$216$auto$rtlil.cc:2466:Mux$22[1]' is impossible to route within proposed clb cluster
Routing was impossible!
Net '$abc$216$auto$rtlil.cc:2466:Mux$22[1]' is impossible to route within proposed clb cluster
Net '$abc$216$auto$rtlil.cc:2466:Mux$22[1]' is impossible to route within proposed clb cluster
Routing was impossible!
Net '$abc$216$auto$rtlil.cc:2466:Mux$22[1]' is impossible to route within proposed clb cluster
Net '$abc$216$auto$rtlil.cc:2466:Mux$22[1]' is impossible to route within proposed clb cluster
Routing was impossible!
Net '$abc$216$auto$rtlil.cc:2466:Mux$22[1]' is impossible to route within proposed clb cluster
Net '$abc$216$auto$rtlil.cc:2466:Mux$22[1]' is impossible to route within proposed clb cluster
Routing was impossible!
Net '$abc$216$auto$rtlil.cc:2466:Mux$22[1]' is impossible to route within proposed clb cluster
Net '$abc$216$auto$rtlil.cc:2466:Mux$22[1]' is impossible to route within proposed clb cluster
Routing was impossible!
Net '$abc$216$auto$rtlil.cc:2466:Mux$22[1]' is impossible to route within proposed clb cluster
Net '$abc$216$auto$rtlil.cc:2466:Mux$22[1]' is impossible to route within proposed clb cluster
Routing was impossible!
Net '$abc$216$auto$rtlil.cc:2466:Mux$22[1]' is impossible to route within proposed clb cluster
Net '$abc$216$auto$rtlil.cc:2466:Mux$22[1]' is impossible to route within proposed clb cluster
Routing was impossible!
Net '$abc$216$auto$rtlil.cc:2466:Mux$22[1]' is impossible to route within proposed clb cluster
Net '$abc$216$auto$rtlil.cc:2466:Mux$22[1]' is impossible to route within proposed clb cluster
Routing was impossible!
Net '$abc$216$auto$rtlil.cc:2466:Mux$22[1]' is impossible to route within proposed clb cluster
    48/72       66%                            2    12 x 10    
Net 'addr[1]' is impossible to route within proposed clb cluster
Net 'addr[1]' is impossible to route within proposed clb cluster
    50/72       69%                            3    12 x 10    
Net 'addr[1]' is impossible to route within proposed clb cluster
Routing was impossible!
Net 'addr[1]' is impossible to route within proposed clb cluster
Net 'addr[1]' is impossible to route within proposed clb cluster
Routing was impossible!
Net 'addr[1]' is impossible to route within proposed clb cluster
Net 'addr[1]' is impossible to route within proposed clb cluster
Routing was impossible!
Net 'addr[1]' is impossible to route within proposed clb cluster
Net 'addr[1]' is impossible to route within proposed clb cluster
Routing was impossible!
Net 'addr[1]' is impossible to route within proposed clb cluster
Net 'addr[1]' is impossible to route within proposed clb cluster
Routing was impossible!
Net 'addr[0]' is impossible to route within proposed clb cluster
Net 'addr[1]' is impossible to route within proposed clb cluster
Routing was impossible!
Net 'addr[0]' is impossible to route within proposed clb cluster
Net 'addr[1]' is impossible to route within proposed clb cluster
Routing was impossible!
Net 'addr[0]' is impossible to route within proposed clb cluster
Net 'addr[1]' is impossible to route within proposed clb cluster
Routing was impossible!
Net 'addr[0]' is impossible to route within proposed clb cluster
Net 'addr[1]' is impossible to route within proposed clb cluster
Routing was impossible!
Net '$abc$216$auto$rtlil.cc:2466:Mux$22[0]' is impossible to route within proposed clb cluster
Net 'addr[1]' is impossible to route within proposed clb cluster
Routing was impossible!
Net '$abc$216$auto$rtlil.cc:2466:Mux$22[0]' is impossible to route within proposed clb cluster
Net 'addr[1]' is impossible to route within proposed clb cluster
Routing was impossible!
Net '$abc$216$auto$rtlil.cc:2466:Mux$22[0]' is impossible to route within proposed clb cluster
Net 'addr[1]' is impossible to route within proposed clb cluster
Routing was impossible!
Net '$abc$216$auto$rtlil.cc:2466:Mux$22[0]' is impossible to route within proposed clb cluster
Net 'addr[1]' is impossible to route within proposed clb cluster
Routing was impossible!
Net '$abc$216$auto$rtlil.cc:2466:Mux$22[0]' is impossible to route within proposed clb cluster
Net 'addr[1]' is impossible to route within proposed clb cluster
Routing was impossible!
Net '$abc$216$auto$rtlil.cc:2466:Mux$22[0]' is impossible to route within proposed clb cluster
Net 'addr[1]' is impossible to route within proposed clb cluster
Routing was impossible!
Net '$abc$216$auto$rtlil.cc:2466:Mux$22[0]' is impossible to route within proposed clb cluster
Net 'addr[1]' is impossible to route within proposed clb cluster
Routing was impossible!
Net '$abc$216$auto$rtlil.cc:2466:Mux$22[0]' is impossible to route within proposed clb cluster
Net 'addr[1]' is impossible to route within proposed clb cluster
Routing was impossible!
Net '$abc$216$auto$rtlil.cc:2466:Mux$22[0]' is impossible to route within proposed clb cluster
Net 'addr[1]' is impossible to route within proposed clb cluster
Routing was impossible!
Net '$abc$216$auto$rtlil.cc:2466:Mux$22[0]' is impossible to route within proposed clb cluster
Net 'addr[1]' is impossible to route within proposed clb cluster
Routing was impossible!
Net '$abc$216$auto$rtlil.cc:2466:Mux$22[0]' is impossible to route within proposed clb cluster
Net 'addr[1]' is impossible to route within proposed clb cluster
Routing was impossible!
Net '$abc$216$auto$rtlil.cc:2466:Mux$22[0]' is impossible to route within proposed clb cluster
Net 'addr[1]' is impossible to route within proposed clb cluster
Routing was impossible!
Net '$abc$216$auto$rtlil.cc:2466:Mux$22[0]' is impossible to route within proposed clb cluster
Net 'addr[1]' is impossible to route within proposed clb cluster
Routing was impossible!
Net '$abc$216$auto$rtlil.cc:2466:Mux$22[0]' is impossible to route within proposed clb cluster
Net 'addr[1]' is impossible to route within proposed clb cluster
Routing was impossible!
Net '$abc$216$auto$rtlil.cc:2466:Mux$22[0]' is impossible to route within proposed clb cluster
Net 'addr[1]' is impossible to route within proposed clb cluster
Routing was impossible!
Net '$abc$216$auto$rtlil.cc:2466:Mux$22[0]' is impossible to route within proposed clb cluster
Net 'addr[1]' is impossible to route within proposed clb cluster
Routing was impossible!
Net '$abc$216$auto$rtlil.cc:2466:Mux$22[0]' is impossible to route within proposed clb cluster
Net 'addr[1]' is impossible to route within proposed clb cluster
Routing was impossible!
Net '$abc$216$auto$rtlil.cc:2466:Mux$22[0]' is impossible to route within proposed clb cluster
Net 'addr[1]' is impossible to route within proposed clb cluster
Routing was impossible!
Net '$abc$216$auto$rtlil.cc:2466:Mux$22[0]' is impossible to route within proposed clb cluster
Net 'addr[1]' is impossible to route within proposed clb cluster
Routing was impossible!
Net '$abc$216$auto$rtlil.cc:2466:Mux$22[0]' is impossible to route within proposed clb cluster
Net 'addr[1]' is impossible to route within proposed clb cluster
Net 'addr[1]' is impossible to route within proposed clb cluster
Routing was impossible!
Net 'addr[1]' is impossible to route within proposed clb cluster
Net 'addr[1]' is impossible to route within proposed clb cluster
Routing was impossible!
Net 'addr[1]' is impossible to route within proposed clb cluster
Net 'addr[1]' is impossible to route within proposed clb cluster
Routing was impossible!
Net 'addr[1]' is impossible to route within proposed clb cluster
Net 'addr[1]' is impossible to route within proposed clb cluster
Routing was impossible!
Net 'addr[1]' is impossible to route within proposed clb cluster
Net 'addr[1]' is impossible to route within proposed clb cluster
Routing was impossible!
Net 'addr[0]' is impossible to route within proposed clb cluster
Net 'addr[1]' is impossible to route within proposed clb cluster
Routing was impossible!
Net 'addr[0]' is impossible to route within proposed clb cluster
Net 'addr[1]' is impossible to route within proposed clb cluster
Routing was impossible!
Net 'addr[0]' is impossible to route within proposed clb cluster
Net 'addr[1]' is impossible to route within proposed clb cluster
Routing was impossible!
Net 'addr[0]' is impossible to route within proposed clb cluster
Net 'addr[1]' is impossible to route within proposed clb cluster
Routing was impossible!
Net '$undef' is impossible to route within proposed clb cluster
Net 'addr[1]' is impossible to route within proposed clb cluster
Routing was impossible!
Net '$undef' is impossible to route within proposed clb cluster
Net 'addr[1]' is impossible to route within proposed clb cluster
Routing was impossible!
Net '$undef' is impossible to route within proposed clb cluster
Net 'addr[1]' is impossible to route within proposed clb cluster
Routing was impossible!
Net '$undef' is impossible to route within proposed clb cluster
Net 'addr[1]' is impossible to route within proposed clb cluster
Routing was impossible!
Net '$undef' is impossible to route within proposed clb cluster
Net 'addr[1]' is impossible to route within proposed clb cluster
Routing was impossible!
Net '$undef' is impossible to route within proposed clb cluster
Net 'addr[1]' is impossible to route within proposed clb cluster
Routing was impossible!
Net '$undef' is impossible to route within proposed clb cluster
Net 'addr[1]' is impossible to route within proposed clb cluster
Routing was impossible!
Net '$undef' is impossible to route within proposed clb cluster
Net 'addr[1]' is impossible to route within proposed clb cluster
Routing was impossible!
Net '$undef' is impossible to route within proposed clb cluster
Net 'addr[1]' is impossible to route within proposed clb cluster
Routing was impossible!
Net '$undef' is impossible to route within proposed clb cluster
Net 'addr[1]' is impossible to route within proposed clb cluster
Routing was impossible!
Net '$undef' is impossible to route within proposed clb cluster
Net 'addr[1]' is impossible to route within proposed clb cluster
Routing was impossible!
Net '$undef' is impossible to route within proposed clb cluster
Net 'addr[1]' is impossible to route within proposed clb cluster
Routing was impossible!
Net '$undef' is impossible to route within proposed clb cluster
Net 'addr[1]' is impossible to route within proposed clb cluster
Routing was impossible!
Net '$undef' is impossible to route within proposed clb cluster
Net 'addr[1]' is impossible to route within proposed clb cluster
Routing was impossible!
Net '$undef' is impossible to route within proposed clb cluster
Net 'addr[1]' is impossible to route within proposed clb cluster
Routing was impossible!
Net '$undef' is impossible to route within proposed clb cluster
Net 'addr[1]' is impossible to route within proposed clb cluster
Routing was impossible!
Net '$undef' is impossible to route within proposed clb cluster
Net 'addr[1]' is impossible to route within proposed clb cluster
Routing was impossible!
Net '$undef' is impossible to route within proposed clb cluster
Net 'addr[1]' is impossible to route within proposed clb cluster
Routing was impossible!
Net '$undef' is impossible to route within proposed clb cluster
Net 'addr[1]' is impossible to route within proposed clb cluster
Routing was impossible!
Net '$undef' is impossible to route within proposed clb cluster
Net 'addr[0]' is impossible to route within proposed clb cluster
    52/72       72%                            3    12 x 10    
Net 'addr[0]' is impossible to route within proposed clb cluster
Routing was impossible!
Net 'addr[0]' is impossible to route within proposed clb cluster
Net 'addr[0]' is impossible to route within proposed clb cluster
Routing was impossible!
Net 'addr[0]' is impossible to route within proposed clb cluster
Net 'addr[0]' is impossible to route within proposed clb cluster
Routing was impossible!
Net 'addr[0]' is impossible to route within proposed clb cluster
Net 'addr[0]' is impossible to route within proposed clb cluster
Routing was impossible!
Net 'addr[0]' is impossible to route within proposed clb cluster
Net 'addr[0]' is impossible to route within proposed clb cluster
Routing was impossible!
Net '$true' is impossible to route within proposed clb cluster
Net 'addr[0]' is impossible to route within proposed clb cluster
Routing was impossible!
Net '$true' is impossible to route within proposed clb cluster
Net 'addr[0]' is impossible to route within proposed clb cluster
Routing was impossible!
Net '$true' is impossible to route within proposed clb cluster
Net 'addr[0]' is impossible to route within proposed clb cluster
Routing was impossible!
Net '$true' is impossible to route within proposed clb cluster
Net 'addr[0]' is impossible to route within proposed clb cluster
Routing was impossible!
Net '$true' is impossible to route within proposed clb cluster
Net 'addr[0]' is impossible to route within proposed clb cluster
Routing was impossible!
Net '$true' is impossible to route within proposed clb cluster
Net 'addr[0]' is impossible to route within proposed clb cluster
Routing was impossible!
Net '$true' is impossible to route within proposed clb cluster
Net 'addr[0]' is impossible to route within proposed clb cluster
Routing was impossible!
Net '$true' is impossible to route within proposed clb cluster
Net 'addr[0]' is impossible to route within proposed clb cluster
Routing was impossible!
Net '$true' is impossible to route within proposed clb cluster
Net 'addr[0]' is impossible to route within proposed clb cluster
Routing was impossible!
Net '$true' is impossible to route within proposed clb cluster
Net 'addr[0]' is impossible to route within proposed clb cluster
Routing was impossible!
Net '$true' is impossible to route within proposed clb cluster
Net 'addr[0]' is impossible to route within proposed clb cluster
Routing was impossible!
Net '$true' is impossible to route within proposed clb cluster
Net 'addr[0]' is impossible to route within proposed clb cluster
Routing was impossible!
Net '$true' is impossible to route within proposed clb cluster
Net 'addr[0]' is impossible to route within proposed clb cluster
Routing was impossible!
Net '$true' is impossible to route within proposed clb cluster
Net 'addr[0]' is impossible to route within proposed clb cluster
Routing was impossible!
Net '$true' is impossible to route within proposed clb cluster
Net 'addr[0]' is impossible to route within proposed clb cluster
Routing was impossible!
Net '$true' is impossible to route within proposed clb cluster
Net 'addr[0]' is impossible to route within proposed clb cluster
Routing was impossible!
Net '$true' is impossible to route within proposed clb cluster
Net 'addr[0]' is impossible to route within proposed clb cluster
Routing was impossible!
Net '$true' is impossible to route within proposed clb cluster
Net 'addr[0]' is impossible to route within proposed clb cluster
Routing was impossible!
Net '$true' is impossible to route within proposed clb cluster
Net 'addr[0]' is impossible to route within proposed clb cluster
Routing was impossible!
Net '$true' is impossible to route within proposed clb cluster
Net 'addr[1]' is impossible to route within proposed clb cluster
Routing was impossible!
Net 'addr[1]' is impossible to route within proposed clb cluster
Net '$false' is impossible to route within proposed clb cluster
Routing was impossible!
Net '$false' is impossible to route within proposed clb cluster
Net '$false' is impossible to route within proposed clb cluster
Routing was impossible!
Net '$false' is impossible to route within proposed clb cluster
Net '$false' is impossible to route within proposed clb cluster
Routing was impossible!
Net '$false' is impossible to route within proposed clb cluster
Net '$false' is impossible to route within proposed clb cluster
Routing was impossible!
Net '$false' is impossible to route within proposed clb cluster
Net '$false' is impossible to route within proposed clb cluster
Routing was impossible!
Net '$false' is impossible to route within proposed clb cluster
Net '$false' is impossible to route within proposed clb cluster
Routing was impossible!
Net '$false' is impossible to route within proposed clb cluster
Net '$false' is impossible to route within proposed clb cluster
Routing was impossible!
Net '$false' is impossible to route within proposed clb cluster
Net '$false' is impossible to route within proposed clb cluster
Routing was impossible!
Net '$false' is impossible to route within proposed clb cluster
Net '$false' is impossible to route within proposed clb cluster
Routing was impossible!
Net '$false' is impossible to route within proposed clb cluster
Net '$false' is impossible to route within proposed clb cluster
Routing was impossible!
Net '$false' is impossible to route within proposed clb cluster
Net '$false' is impossible to route within proposed clb cluster
Routing was impossible!
Net '$false' is impossible to route within proposed clb cluster
Net '$false' is impossible to route within proposed clb cluster
Routing was impossible!
Net '$false' is impossible to route within proposed clb cluster
Net '$false' is impossible to route within proposed clb cluster
Routing was impossible!
Net '$false' is impossible to route within proposed clb cluster
Net '$false' is impossible to route within proposed clb cluster
Routing was impossible!
Net '$false' is impossible to route within proposed clb cluster
Net '$false' is impossible to route within proposed clb cluster
Routing was impossible!
Net '$false' is impossible to route within proposed clb cluster
Net '$false' is impossible to route within proposed clb cluster
Routing was impossible!
Net '$false' is impossible to route within proposed clb cluster
Net '$false' is impossible to route within proposed clb cluster
Routing was impossible!
Net '$false' is impossible to route within proposed clb cluster
Net '$false' is impossible to route within proposed clb cluster
Routing was impossible!
Net '$false' is impossible to route within proposed clb cluster
Net '$false' is impossible to route within proposed clb cluster
Routing was impossible!
Net '$false' is impossible to route within proposed clb cluster
Net '$false' is impossible to route within proposed clb cluster
Routing was impossible!
Net '$false' is impossible to route within proposed clb cluster
Net 'addr[1]' is impossible to route within proposed clb cluster
Routing was impossible!
Net 'addr[1]' is impossible to route within proposed clb cluster
Net 'addr[0]' is impossible to route within proposed clb cluster
Routing was impossible!
Net 'addr[0]' is impossible to route within proposed clb cluster
    54/72       75%                            3    12 x 10    
    56/72       77%                            4    12 x 10    
    58/72       80%                            6    12 x 10    
    60/72       83%                            8    12 x 10    
    62/72       86%                           10    12 x 10    
    64/72       88%                           12    12 x 10    
    66/72       91%                           14    12 x 10    
    68/72       94%                           16    12 x 10    
    70/72       97%                           18    12 x 10    
    72/72      100%                           20    12 x 10    
    74/72      102%                           22    12 x 10    
    76/72      105%                           24    12 x 10    
    78/72      108%                           26    12 x 10    
    80/72      111%                           28    12 x 10    
    82/72      113%                           30    12 x 10    
    84/72      116%                           32    12 x 10    
    86/72      119%                           34    12 x 10    
    88/72      122%                           36    12 x 10    
    90/72      125%                           38    12 x 10    
    92/72      127%                           40    12 x 10    
    94/72      130%                           42    12 x 10    
    96/72      133%                           44    12 x 10    
    98/72      136%                           46    12 x 10    
   100/72      138%                           48    12 x 10    
   102/72      141%                           50    12 x 10    
Incr Slack updates 1 in 1.1343e-05 sec
Full Max Req/Worst Slack updates 1 in 7.184e-06 sec
Incr Max Req/Worst Slack updates 0 in 0 sec
Incr Criticality updates 0 in 0 sec
Full Criticality updates 1 in 1.0361e-05 sec
FPGA sized to 12 x 10 (castor10x8_heterogeneous)
Device Utilization: 0.05 (target 1.00)
	Block Utilization: 0.02 Type: io
	Block Utilization: 0.06 Type: clb
	Block Utilization: 0.50 Type: bram

# Packing took 1.01 seconds (max_rss 30.9 MiB, delta_rss +0.0 MiB)
Error 1: 
Type: Packing
File: /nfs_eda_sw/softwares/Raptor/orgnl/Raptor/Backend/OpenFPGA/vtr-verilog-to-routing/vpr/src/pack/output_clustering.cpp
Line: 254
Message: Differing modes for block.  Got lut5_mode previously and lut6_mode for edge 6 (interconnect direct_out6).
The entire flow of VPR took 1.20 seconds (max_rss 30.9 MiB)
