/*******************************************************************************
Copyright (c) 2022-2024 Rapid Silicon
This source code contains proprietary information belonging to Rapid Silicon
(the "licensor") released under license and non-disclosure agreement to the
recipient (the "licensee").

The information shared and protected by the license and non-disclosure agreement
includes but is not limited to the following:
* operational algorithms of the product
* logos, graphics, source code, and visual presentation of the product
* confidential operational information of the licensor

The recipient of this source code is NOT permitted to publicly disclose,
re-use, archive beyond the period of the license agreement, transfer to a
sub-licensee, or re-implement any portion of the content covered by the license
and non-disclosure agreement without the prior written consent of the licensor.
*********************************************************************************/

Version  : 2024.05
Build    : 1.0.54
Hash     : 48b2de3
Date     : May 14 2024
Type     : Engineering
Log Time   : Tue May 14 12:27:54 2024 GMT
#Timing report of worst 38 path(s)
# Unit scale: 1e-09 seconds
# Output precision: 3

# Logical Levels: 0
# Timing Graph Levels: 4

#Path 1
Startpoint: $iopadmap$a[0].inpad[0] (.input at (51,44) clocked by vclk)
Endpoint  : out:$iopadmap$z[37].outpad[0] (.output at (1,43) clocked by vclk)
Path Type : setup

Point                                                                    Incr      Path
---------------------------------------------------------------------------------------
clock vclk (rise edge)                                                  0.000     0.000
clock source latency                                                    0.000     0.000
input external delay                                                    1.000     1.000
$iopadmap$a[0].inpad[0] (.input at (51,44))                             0.000     1.000
| (intra 'io' routing)                                                  0.894     1.894
| (inter-block routing)                                                 2.003     3.897
| (intra 'dsp' routing)                                                 0.000     3.897
$iopadmap$z[37].a[0] (RS_DSP_MULT at (11,32))                           0.000     3.897
| (primitive 'RS_DSP_MULT' combinational delay)                         1.099     4.996
$iopadmap$z[37].z[37] (RS_DSP_MULT at (11,32))                          0.000     4.996
| (intra 'dsp' routing)                                                 0.000     4.996
| (inter-block routing)                                                 0.814     5.811
| (intra 'io' routing)                                                  0.733     6.543
out:$iopadmap$z[37].outpad[0] (.output at (1,43))                       0.000     6.543
data arrival time                                                                 6.543

clock vclk (rise edge)                                                  5.000     5.000
clock source latency                                                    0.000     5.000
clock uncertainty                                                       0.000     5.000
output external delay                                                  -1.000     4.000
data required time                                                                4.000
---------------------------------------------------------------------------------------
data required time                                                                4.000
data arrival time                                                                -6.543
---------------------------------------------------------------------------------------
slack (VIOLATED)                                                                 -2.543


#Path 2
Startpoint: $iopadmap$a[0].inpad[0] (.input at (51,44) clocked by vclk)
Endpoint  : out:$iopadmap$z[36].outpad[0] (.output at (1,43) clocked by vclk)
Path Type : setup

Point                                                                    Incr      Path
---------------------------------------------------------------------------------------
clock vclk (rise edge)                                                  0.000     0.000
clock source latency                                                    0.000     0.000
input external delay                                                    1.000     1.000
$iopadmap$a[0].inpad[0] (.input at (51,44))                             0.000     1.000
| (intra 'io' routing)                                                  0.894     1.894
| (inter-block routing)                                                 2.003     3.897
| (intra 'dsp' routing)                                                 0.000     3.897
$iopadmap$z[37].a[0] (RS_DSP_MULT at (11,32))                           0.000     3.897
| (primitive 'RS_DSP_MULT' combinational delay)                         1.099     4.996
$iopadmap$z[37].z[36] (RS_DSP_MULT at (11,32))                          0.000     4.996
| (intra 'dsp' routing)                                                 0.000     4.996
| (inter-block routing)                                                 0.814     5.811
| (intra 'io' routing)                                                  0.733     6.543
out:$iopadmap$z[36].outpad[0] (.output at (1,43))                       0.000     6.543
data arrival time                                                                 6.543

clock vclk (rise edge)                                                  5.000     5.000
clock source latency                                                    0.000     5.000
clock uncertainty                                                       0.000     5.000
output external delay                                                  -1.000     4.000
data required time                                                                4.000
---------------------------------------------------------------------------------------
data required time                                                                4.000
data arrival time                                                                -6.543
---------------------------------------------------------------------------------------
slack (VIOLATED)                                                                 -2.543


#Path 3
Startpoint: $iopadmap$a[0].inpad[0] (.input at (51,44) clocked by vclk)
Endpoint  : out:$iopadmap$z[35].outpad[0] (.output at (1,42) clocked by vclk)
Path Type : setup

Point                                                                    Incr      Path
---------------------------------------------------------------------------------------
clock vclk (rise edge)                                                  0.000     0.000
clock source latency                                                    0.000     0.000
input external delay                                                    1.000     1.000
$iopadmap$a[0].inpad[0] (.input at (51,44))                             0.000     1.000
| (intra 'io' routing)                                                  0.894     1.894
| (inter-block routing)                                                 2.003     3.897
| (intra 'dsp' routing)                                                 0.000     3.897
$iopadmap$z[37].a[0] (RS_DSP_MULT at (11,32))                           0.000     3.897
| (primitive 'RS_DSP_MULT' combinational delay)                         1.099     4.996
$iopadmap$z[37].z[35] (RS_DSP_MULT at (11,32))                          0.000     4.996
| (intra 'dsp' routing)                                                 0.000     4.996
| (inter-block routing)                                                 0.814     5.811
| (intra 'io' routing)                                                  0.733     6.543
out:$iopadmap$z[35].outpad[0] (.output at (1,42))                       0.000     6.543
data arrival time                                                                 6.543

clock vclk (rise edge)                                                  5.000     5.000
clock source latency                                                    0.000     5.000
clock uncertainty                                                       0.000     5.000
output external delay                                                  -1.000     4.000
data required time                                                                4.000
---------------------------------------------------------------------------------------
data required time                                                                4.000
data arrival time                                                                -6.543
---------------------------------------------------------------------------------------
slack (VIOLATED)                                                                 -2.543


#Path 4
Startpoint: $iopadmap$a[0].inpad[0] (.input at (51,44) clocked by vclk)
Endpoint  : out:$iopadmap$z[34].outpad[0] (.output at (1,42) clocked by vclk)
Path Type : setup

Point                                                                    Incr      Path
---------------------------------------------------------------------------------------
clock vclk (rise edge)                                                  0.000     0.000
clock source latency                                                    0.000     0.000
input external delay                                                    1.000     1.000
$iopadmap$a[0].inpad[0] (.input at (51,44))                             0.000     1.000
| (intra 'io' routing)                                                  0.894     1.894
| (inter-block routing)                                                 2.003     3.897
| (intra 'dsp' routing)                                                 0.000     3.897
$iopadmap$z[37].a[0] (RS_DSP_MULT at (11,32))                           0.000     3.897
| (primitive 'RS_DSP_MULT' combinational delay)                         1.099     4.996
$iopadmap$z[37].z[34] (RS_DSP_MULT at (11,32))                          0.000     4.996
| (intra 'dsp' routing)                                                 0.000     4.996
| (inter-block routing)                                                 0.814     5.811
| (intra 'io' routing)                                                  0.733     6.543
out:$iopadmap$z[34].outpad[0] (.output at (1,42))                       0.000     6.543
data arrival time                                                                 6.543

clock vclk (rise edge)                                                  5.000     5.000
clock source latency                                                    0.000     5.000
clock uncertainty                                                       0.000     5.000
output external delay                                                  -1.000     4.000
data required time                                                                4.000
---------------------------------------------------------------------------------------
data required time                                                                4.000
data arrival time                                                                -6.543
---------------------------------------------------------------------------------------
slack (VIOLATED)                                                                 -2.543


#Path 5
Startpoint: $iopadmap$a[0].inpad[0] (.input at (51,44) clocked by vclk)
Endpoint  : out:$iopadmap$z[33].outpad[0] (.output at (1,41) clocked by vclk)
Path Type : setup

Point                                                                    Incr      Path
---------------------------------------------------------------------------------------
clock vclk (rise edge)                                                  0.000     0.000
clock source latency                                                    0.000     0.000
input external delay                                                    1.000     1.000
$iopadmap$a[0].inpad[0] (.input at (51,44))                             0.000     1.000
| (intra 'io' routing)                                                  0.894     1.894
| (inter-block routing)                                                 2.003     3.897
| (intra 'dsp' routing)                                                 0.000     3.897
$iopadmap$z[37].a[0] (RS_DSP_MULT at (11,32))                           0.000     3.897
| (primitive 'RS_DSP_MULT' combinational delay)                         1.099     4.996
$iopadmap$z[37].z[33] (RS_DSP_MULT at (11,32))                          0.000     4.996
| (intra 'dsp' routing)                                                 0.000     4.996
| (inter-block routing)                                                 0.756     5.753
| (intra 'io' routing)                                                  0.733     6.485
out:$iopadmap$z[33].outpad[0] (.output at (1,41))                       0.000     6.485
data arrival time                                                                 6.485

clock vclk (rise edge)                                                  5.000     5.000
clock source latency                                                    0.000     5.000
clock uncertainty                                                       0.000     5.000
output external delay                                                  -1.000     4.000
data required time                                                                4.000
---------------------------------------------------------------------------------------
data required time                                                                4.000
data arrival time                                                                -6.485
---------------------------------------------------------------------------------------
slack (VIOLATED)                                                                 -2.485


#Path 6
Startpoint: $iopadmap$a[0].inpad[0] (.input at (51,44) clocked by vclk)
Endpoint  : out:$iopadmap$z[32].outpad[0] (.output at (1,41) clocked by vclk)
Path Type : setup

Point                                                                    Incr      Path
---------------------------------------------------------------------------------------
clock vclk (rise edge)                                                  0.000     0.000
clock source latency                                                    0.000     0.000
input external delay                                                    1.000     1.000
$iopadmap$a[0].inpad[0] (.input at (51,44))                             0.000     1.000
| (intra 'io' routing)                                                  0.894     1.894
| (inter-block routing)                                                 2.003     3.897
| (intra 'dsp' routing)                                                 0.000     3.897
$iopadmap$z[37].a[0] (RS_DSP_MULT at (11,32))                           0.000     3.897
| (primitive 'RS_DSP_MULT' combinational delay)                         1.099     4.996
$iopadmap$z[37].z[32] (RS_DSP_MULT at (11,32))                          0.000     4.996
| (intra 'dsp' routing)                                                 0.000     4.996
| (inter-block routing)                                                 0.756     5.753
| (intra 'io' routing)                                                  0.733     6.485
out:$iopadmap$z[32].outpad[0] (.output at (1,41))                       0.000     6.485
data arrival time                                                                 6.485

clock vclk (rise edge)                                                  5.000     5.000
clock source latency                                                    0.000     5.000
clock uncertainty                                                       0.000     5.000
output external delay                                                  -1.000     4.000
data required time                                                                4.000
---------------------------------------------------------------------------------------
data required time                                                                4.000
data arrival time                                                                -6.485
---------------------------------------------------------------------------------------
slack (VIOLATED)                                                                 -2.485


#Path 7
Startpoint: $iopadmap$a[0].inpad[0] (.input at (51,44) clocked by vclk)
Endpoint  : out:$iopadmap$z[1].outpad[0] (.output at (1,25) clocked by vclk)
Path Type : setup

Point                                                                   Incr      Path
--------------------------------------------------------------------------------------
clock vclk (rise edge)                                                 0.000     0.000
clock source latency                                                   0.000     0.000
input external delay                                                   1.000     1.000
$iopadmap$a[0].inpad[0] (.input at (51,44))                            0.000     1.000
| (intra 'io' routing)                                                 0.894     1.894
| (inter-block routing)                                                2.003     3.897
| (intra 'dsp' routing)                                                0.000     3.897
$iopadmap$z[37].a[0] (RS_DSP_MULT at (11,32))                          0.000     3.897
| (primitive 'RS_DSP_MULT' combinational delay)                        1.099     4.996
$iopadmap$z[37].z[1] (RS_DSP_MULT at (11,32))                          0.000     4.996
| (intra 'dsp' routing)                                                0.000     4.996
| (inter-block routing)                                                0.695     5.692
| (intra 'io' routing)                                                 0.733     6.424
out:$iopadmap$z[1].outpad[0] (.output at (1,25))                       0.000     6.424
data arrival time                                                                6.424

clock vclk (rise edge)                                                 5.000     5.000
clock source latency                                                   0.000     5.000
clock uncertainty                                                      0.000     5.000
output external delay                                                 -1.000     4.000
data required time                                                               4.000
--------------------------------------------------------------------------------------
data required time                                                               4.000
data arrival time                                                               -6.424
--------------------------------------------------------------------------------------
slack (VIOLATED)                                                                -2.424


#Path 8
Startpoint: $iopadmap$a[0].inpad[0] (.input at (51,44) clocked by vclk)
Endpoint  : out:$iopadmap$z[31].outpad[0] (.output at (1,40) clocked by vclk)
Path Type : setup

Point                                                                    Incr      Path
---------------------------------------------------------------------------------------
clock vclk (rise edge)                                                  0.000     0.000
clock source latency                                                    0.000     0.000
input external delay                                                    1.000     1.000
$iopadmap$a[0].inpad[0] (.input at (51,44))                             0.000     1.000
| (intra 'io' routing)                                                  0.894     1.894
| (inter-block routing)                                                 2.003     3.897
| (intra 'dsp' routing)                                                 0.000     3.897
$iopadmap$z[37].a[0] (RS_DSP_MULT at (11,32))                           0.000     3.897
| (primitive 'RS_DSP_MULT' combinational delay)                         1.099     4.996
$iopadmap$z[37].z[31] (RS_DSP_MULT at (11,32))                          0.000     4.996
| (intra 'dsp' routing)                                                 0.000     4.996
| (inter-block routing)                                                 0.695     5.692
| (intra 'io' routing)                                                  0.733     6.424
out:$iopadmap$z[31].outpad[0] (.output at (1,40))                       0.000     6.424
data arrival time                                                                 6.424

clock vclk (rise edge)                                                  5.000     5.000
clock source latency                                                    0.000     5.000
clock uncertainty                                                       0.000     5.000
output external delay                                                  -1.000     4.000
data required time                                                                4.000
---------------------------------------------------------------------------------------
data required time                                                                4.000
data arrival time                                                                -6.424
---------------------------------------------------------------------------------------
slack (VIOLATED)                                                                 -2.424


#Path 9
Startpoint: $iopadmap$a[0].inpad[0] (.input at (51,44) clocked by vclk)
Endpoint  : out:$iopadmap$z[30].outpad[0] (.output at (1,40) clocked by vclk)
Path Type : setup

Point                                                                    Incr      Path
---------------------------------------------------------------------------------------
clock vclk (rise edge)                                                  0.000     0.000
clock source latency                                                    0.000     0.000
input external delay                                                    1.000     1.000
$iopadmap$a[0].inpad[0] (.input at (51,44))                             0.000     1.000
| (intra 'io' routing)                                                  0.894     1.894
| (inter-block routing)                                                 2.003     3.897
| (intra 'dsp' routing)                                                 0.000     3.897
$iopadmap$z[37].a[0] (RS_DSP_MULT at (11,32))                           0.000     3.897
| (primitive 'RS_DSP_MULT' combinational delay)                         1.099     4.996
$iopadmap$z[37].z[30] (RS_DSP_MULT at (11,32))                          0.000     4.996
| (intra 'dsp' routing)                                                 0.000     4.996
| (inter-block routing)                                                 0.695     5.692
| (intra 'io' routing)                                                  0.733     6.424
out:$iopadmap$z[30].outpad[0] (.output at (1,40))                       0.000     6.424
data arrival time                                                                 6.424

clock vclk (rise edge)                                                  5.000     5.000
clock source latency                                                    0.000     5.000
clock uncertainty                                                       0.000     5.000
output external delay                                                  -1.000     4.000
data required time                                                                4.000
---------------------------------------------------------------------------------------
data required time                                                                4.000
data arrival time                                                                -6.424
---------------------------------------------------------------------------------------
slack (VIOLATED)                                                                 -2.424


#Path 10
Startpoint: $iopadmap$a[0].inpad[0] (.input at (51,44) clocked by vclk)
Endpoint  : out:$iopadmap$z[29].outpad[0] (.output at (1,39) clocked by vclk)
Path Type : setup

Point                                                                    Incr      Path
---------------------------------------------------------------------------------------
clock vclk (rise edge)                                                  0.000     0.000
clock source latency                                                    0.000     0.000
input external delay                                                    1.000     1.000
$iopadmap$a[0].inpad[0] (.input at (51,44))                             0.000     1.000
| (intra 'io' routing)                                                  0.894     1.894
| (inter-block routing)                                                 2.003     3.897
| (intra 'dsp' routing)                                                 0.000     3.897
$iopadmap$z[37].a[0] (RS_DSP_MULT at (11,32))                           0.000     3.897
| (primitive 'RS_DSP_MULT' combinational delay)                         1.099     4.996
$iopadmap$z[37].z[29] (RS_DSP_MULT at (11,32))                          0.000     4.996
| (intra 'dsp' routing)                                                 0.000     4.996
| (inter-block routing)                                                 0.695     5.692
| (intra 'io' routing)                                                  0.733     6.424
out:$iopadmap$z[29].outpad[0] (.output at (1,39))                       0.000     6.424
data arrival time                                                                 6.424

clock vclk (rise edge)                                                  5.000     5.000
clock source latency                                                    0.000     5.000
clock uncertainty                                                       0.000     5.000
output external delay                                                  -1.000     4.000
data required time                                                                4.000
---------------------------------------------------------------------------------------
data required time                                                                4.000
data arrival time                                                                -6.424
---------------------------------------------------------------------------------------
slack (VIOLATED)                                                                 -2.424


#Path 11
Startpoint: $iopadmap$a[0].inpad[0] (.input at (51,44) clocked by vclk)
Endpoint  : out:$iopadmap$z[28].outpad[0] (.output at (1,39) clocked by vclk)
Path Type : setup

Point                                                                    Incr      Path
---------------------------------------------------------------------------------------
clock vclk (rise edge)                                                  0.000     0.000
clock source latency                                                    0.000     0.000
input external delay                                                    1.000     1.000
$iopadmap$a[0].inpad[0] (.input at (51,44))                             0.000     1.000
| (intra 'io' routing)                                                  0.894     1.894
| (inter-block routing)                                                 2.003     3.897
| (intra 'dsp' routing)                                                 0.000     3.897
$iopadmap$z[37].a[0] (RS_DSP_MULT at (11,32))                           0.000     3.897
| (primitive 'RS_DSP_MULT' combinational delay)                         1.099     4.996
$iopadmap$z[37].z[28] (RS_DSP_MULT at (11,32))                          0.000     4.996
| (intra 'dsp' routing)                                                 0.000     4.996
| (inter-block routing)                                                 0.695     5.692
| (intra 'io' routing)                                                  0.733     6.424
out:$iopadmap$z[28].outpad[0] (.output at (1,39))                       0.000     6.424
data arrival time                                                                 6.424

clock vclk (rise edge)                                                  5.000     5.000
clock source latency                                                    0.000     5.000
clock uncertainty                                                       0.000     5.000
output external delay                                                  -1.000     4.000
data required time                                                                4.000
---------------------------------------------------------------------------------------
data required time                                                                4.000
data arrival time                                                                -6.424
---------------------------------------------------------------------------------------
slack (VIOLATED)                                                                 -2.424


#Path 12
Startpoint: $iopadmap$a[0].inpad[0] (.input at (51,44) clocked by vclk)
Endpoint  : out:$iopadmap$z[27].outpad[0] (.output at (1,38) clocked by vclk)
Path Type : setup

Point                                                                    Incr      Path
---------------------------------------------------------------------------------------
clock vclk (rise edge)                                                  0.000     0.000
clock source latency                                                    0.000     0.000
input external delay                                                    1.000     1.000
$iopadmap$a[0].inpad[0] (.input at (51,44))                             0.000     1.000
| (intra 'io' routing)                                                  0.894     1.894
| (inter-block routing)                                                 2.003     3.897
| (intra 'dsp' routing)                                                 0.000     3.897
$iopadmap$z[37].a[0] (RS_DSP_MULT at (11,32))                           0.000     3.897
| (primitive 'RS_DSP_MULT' combinational delay)                         1.099     4.996
$iopadmap$z[37].z[27] (RS_DSP_MULT at (11,32))                          0.000     4.996
| (intra 'dsp' routing)                                                 0.000     4.996
| (inter-block routing)                                                 0.695     5.692
| (intra 'io' routing)                                                  0.733     6.424
out:$iopadmap$z[27].outpad[0] (.output at (1,38))                       0.000     6.424
data arrival time                                                                 6.424

clock vclk (rise edge)                                                  5.000     5.000
clock source latency                                                    0.000     5.000
clock uncertainty                                                       0.000     5.000
output external delay                                                  -1.000     4.000
data required time                                                                4.000
---------------------------------------------------------------------------------------
data required time                                                                4.000
data arrival time                                                                -6.424
---------------------------------------------------------------------------------------
slack (VIOLATED)                                                                 -2.424


#Path 13
Startpoint: $iopadmap$a[0].inpad[0] (.input at (51,44) clocked by vclk)
Endpoint  : out:$iopadmap$z[26].outpad[0] (.output at (1,38) clocked by vclk)
Path Type : setup

Point                                                                    Incr      Path
---------------------------------------------------------------------------------------
clock vclk (rise edge)                                                  0.000     0.000
clock source latency                                                    0.000     0.000
input external delay                                                    1.000     1.000
$iopadmap$a[0].inpad[0] (.input at (51,44))                             0.000     1.000
| (intra 'io' routing)                                                  0.894     1.894
| (inter-block routing)                                                 2.003     3.897
| (intra 'dsp' routing)                                                 0.000     3.897
$iopadmap$z[37].a[0] (RS_DSP_MULT at (11,32))                           0.000     3.897
| (primitive 'RS_DSP_MULT' combinational delay)                         1.099     4.996
$iopadmap$z[37].z[26] (RS_DSP_MULT at (11,32))                          0.000     4.996
| (intra 'dsp' routing)                                                 0.000     4.996
| (inter-block routing)                                                 0.695     5.692
| (intra 'io' routing)                                                  0.733     6.424
out:$iopadmap$z[26].outpad[0] (.output at (1,38))                       0.000     6.424
data arrival time                                                                 6.424

clock vclk (rise edge)                                                  5.000     5.000
clock source latency                                                    0.000     5.000
clock uncertainty                                                       0.000     5.000
output external delay                                                  -1.000     4.000
data required time                                                                4.000
---------------------------------------------------------------------------------------
data required time                                                                4.000
data arrival time                                                                -6.424
---------------------------------------------------------------------------------------
slack (VIOLATED)                                                                 -2.424


#Path 14
Startpoint: $iopadmap$a[0].inpad[0] (.input at (51,44) clocked by vclk)
Endpoint  : out:$iopadmap$z[25].outpad[0] (.output at (1,37) clocked by vclk)
Path Type : setup

Point                                                                    Incr      Path
---------------------------------------------------------------------------------------
clock vclk (rise edge)                                                  0.000     0.000
clock source latency                                                    0.000     0.000
input external delay                                                    1.000     1.000
$iopadmap$a[0].inpad[0] (.input at (51,44))                             0.000     1.000
| (intra 'io' routing)                                                  0.894     1.894
| (inter-block routing)                                                 2.003     3.897
| (intra 'dsp' routing)                                                 0.000     3.897
$iopadmap$z[37].a[0] (RS_DSP_MULT at (11,32))                           0.000     3.897
| (primitive 'RS_DSP_MULT' combinational delay)                         1.099     4.996
$iopadmap$z[37].z[25] (RS_DSP_MULT at (11,32))                          0.000     4.996
| (intra 'dsp' routing)                                                 0.000     4.996
| (inter-block routing)                                                 0.695     5.692
| (intra 'io' routing)                                                  0.733     6.424
out:$iopadmap$z[25].outpad[0] (.output at (1,37))                       0.000     6.424
data arrival time                                                                 6.424

clock vclk (rise edge)                                                  5.000     5.000
clock source latency                                                    0.000     5.000
clock uncertainty                                                       0.000     5.000
output external delay                                                  -1.000     4.000
data required time                                                                4.000
---------------------------------------------------------------------------------------
data required time                                                                4.000
data arrival time                                                                -6.424
---------------------------------------------------------------------------------------
slack (VIOLATED)                                                                 -2.424


#Path 15
Startpoint: $iopadmap$a[0].inpad[0] (.input at (51,44) clocked by vclk)
Endpoint  : out:$iopadmap$z[24].outpad[0] (.output at (1,37) clocked by vclk)
Path Type : setup

Point                                                                    Incr      Path
---------------------------------------------------------------------------------------
clock vclk (rise edge)                                                  0.000     0.000
clock source latency                                                    0.000     0.000
input external delay                                                    1.000     1.000
$iopadmap$a[0].inpad[0] (.input at (51,44))                             0.000     1.000
| (intra 'io' routing)                                                  0.894     1.894
| (inter-block routing)                                                 2.003     3.897
| (intra 'dsp' routing)                                                 0.000     3.897
$iopadmap$z[37].a[0] (RS_DSP_MULT at (11,32))                           0.000     3.897
| (primitive 'RS_DSP_MULT' combinational delay)                         1.099     4.996
$iopadmap$z[37].z[24] (RS_DSP_MULT at (11,32))                          0.000     4.996
| (intra 'dsp' routing)                                                 0.000     4.996
| (inter-block routing)                                                 0.695     5.692
| (intra 'io' routing)                                                  0.733     6.424
out:$iopadmap$z[24].outpad[0] (.output at (1,37))                       0.000     6.424
data arrival time                                                                 6.424

clock vclk (rise edge)                                                  5.000     5.000
clock source latency                                                    0.000     5.000
clock uncertainty                                                       0.000     5.000
output external delay                                                  -1.000     4.000
data required time                                                                4.000
---------------------------------------------------------------------------------------
data required time                                                                4.000
data arrival time                                                                -6.424
---------------------------------------------------------------------------------------
slack (VIOLATED)                                                                 -2.424


#Path 16
Startpoint: $iopadmap$a[0].inpad[0] (.input at (51,44) clocked by vclk)
Endpoint  : out:$iopadmap$z[0].outpad[0] (.output at (1,24) clocked by vclk)
Path Type : setup

Point                                                                   Incr      Path
--------------------------------------------------------------------------------------
clock vclk (rise edge)                                                 0.000     0.000
clock source latency                                                   0.000     0.000
input external delay                                                   1.000     1.000
$iopadmap$a[0].inpad[0] (.input at (51,44))                            0.000     1.000
| (intra 'io' routing)                                                 0.894     1.894
| (inter-block routing)                                                2.003     3.897
| (intra 'dsp' routing)                                                0.000     3.897
$iopadmap$z[37].a[0] (RS_DSP_MULT at (11,32))                          0.000     3.897
| (primitive 'RS_DSP_MULT' combinational delay)                        1.099     4.996
$iopadmap$z[37].z[0] (RS_DSP_MULT at (11,32))                          0.000     4.996
| (intra 'dsp' routing)                                                0.000     4.996
| (inter-block routing)                                                0.695     5.692
| (intra 'io' routing)                                                 0.733     6.424
out:$iopadmap$z[0].outpad[0] (.output at (1,24))                       0.000     6.424
data arrival time                                                                6.424

clock vclk (rise edge)                                                 5.000     5.000
clock source latency                                                   0.000     5.000
clock uncertainty                                                      0.000     5.000
output external delay                                                 -1.000     4.000
data required time                                                               4.000
--------------------------------------------------------------------------------------
data required time                                                               4.000
data arrival time                                                               -6.424
--------------------------------------------------------------------------------------
slack (VIOLATED)                                                                -2.424


#Path 17
Startpoint: $iopadmap$a[0].inpad[0] (.input at (51,44) clocked by vclk)
Endpoint  : out:$iopadmap$z[2].outpad[0] (.output at (1,25) clocked by vclk)
Path Type : setup

Point                                                                   Incr      Path
--------------------------------------------------------------------------------------
clock vclk (rise edge)                                                 0.000     0.000
clock source latency                                                   0.000     0.000
input external delay                                                   1.000     1.000
$iopadmap$a[0].inpad[0] (.input at (51,44))                            0.000     1.000
| (intra 'io' routing)                                                 0.894     1.894
| (inter-block routing)                                                2.003     3.897
| (intra 'dsp' routing)                                                0.000     3.897
$iopadmap$z[37].a[0] (RS_DSP_MULT at (11,32))                          0.000     3.897
| (primitive 'RS_DSP_MULT' combinational delay)                        1.099     4.996
$iopadmap$z[37].z[2] (RS_DSP_MULT at (11,32))                          0.000     4.996
| (intra 'dsp' routing)                                                0.000     4.996
| (inter-block routing)                                                0.695     5.692
| (intra 'io' routing)                                                 0.733     6.424
out:$iopadmap$z[2].outpad[0] (.output at (1,25))                       0.000     6.424
data arrival time                                                                6.424

clock vclk (rise edge)                                                 5.000     5.000
clock source latency                                                   0.000     5.000
clock uncertainty                                                      0.000     5.000
output external delay                                                 -1.000     4.000
data required time                                                               4.000
--------------------------------------------------------------------------------------
data required time                                                               4.000
data arrival time                                                               -6.424
--------------------------------------------------------------------------------------
slack (VIOLATED)                                                                -2.424


#Path 18
Startpoint: $iopadmap$a[0].inpad[0] (.input at (51,44) clocked by vclk)
Endpoint  : out:$iopadmap$z[3].outpad[0] (.output at (1,26) clocked by vclk)
Path Type : setup

Point                                                                   Incr      Path
--------------------------------------------------------------------------------------
clock vclk (rise edge)                                                 0.000     0.000
clock source latency                                                   0.000     0.000
input external delay                                                   1.000     1.000
$iopadmap$a[0].inpad[0] (.input at (51,44))                            0.000     1.000
| (intra 'io' routing)                                                 0.894     1.894
| (inter-block routing)                                                2.003     3.897
| (intra 'dsp' routing)                                                0.000     3.897
$iopadmap$z[37].a[0] (RS_DSP_MULT at (11,32))                          0.000     3.897
| (primitive 'RS_DSP_MULT' combinational delay)                        1.099     4.996
$iopadmap$z[37].z[3] (RS_DSP_MULT at (11,32))                          0.000     4.996
| (intra 'dsp' routing)                                                0.000     4.996
| (inter-block routing)                                                0.695     5.692
| (intra 'io' routing)                                                 0.733     6.424
out:$iopadmap$z[3].outpad[0] (.output at (1,26))                       0.000     6.424
data arrival time                                                                6.424

clock vclk (rise edge)                                                 5.000     5.000
clock source latency                                                   0.000     5.000
clock uncertainty                                                      0.000     5.000
output external delay                                                 -1.000     4.000
data required time                                                               4.000
--------------------------------------------------------------------------------------
data required time                                                               4.000
data arrival time                                                               -6.424
--------------------------------------------------------------------------------------
slack (VIOLATED)                                                                -2.424


#Path 19
Startpoint: $iopadmap$a[0].inpad[0] (.input at (51,44) clocked by vclk)
Endpoint  : out:$iopadmap$z[4].outpad[0] (.output at (1,26) clocked by vclk)
Path Type : setup

Point                                                                   Incr      Path
--------------------------------------------------------------------------------------
clock vclk (rise edge)                                                 0.000     0.000
clock source latency                                                   0.000     0.000
input external delay                                                   1.000     1.000
$iopadmap$a[0].inpad[0] (.input at (51,44))                            0.000     1.000
| (intra 'io' routing)                                                 0.894     1.894
| (inter-block routing)                                                2.003     3.897
| (intra 'dsp' routing)                                                0.000     3.897
$iopadmap$z[37].a[0] (RS_DSP_MULT at (11,32))                          0.000     3.897
| (primitive 'RS_DSP_MULT' combinational delay)                        1.099     4.996
$iopadmap$z[37].z[4] (RS_DSP_MULT at (11,32))                          0.000     4.996
| (intra 'dsp' routing)                                                0.000     4.996
| (inter-block routing)                                                0.695     5.692
| (intra 'io' routing)                                                 0.733     6.424
out:$iopadmap$z[4].outpad[0] (.output at (1,26))                       0.000     6.424
data arrival time                                                                6.424

clock vclk (rise edge)                                                 5.000     5.000
clock source latency                                                   0.000     5.000
clock uncertainty                                                      0.000     5.000
output external delay                                                 -1.000     4.000
data required time                                                               4.000
--------------------------------------------------------------------------------------
data required time                                                               4.000
data arrival time                                                               -6.424
--------------------------------------------------------------------------------------
slack (VIOLATED)                                                                -2.424


#Path 20
Startpoint: $iopadmap$a[0].inpad[0] (.input at (51,44) clocked by vclk)
Endpoint  : out:$iopadmap$z[5].outpad[0] (.output at (1,27) clocked by vclk)
Path Type : setup

Point                                                                   Incr      Path
--------------------------------------------------------------------------------------
clock vclk (rise edge)                                                 0.000     0.000
clock source latency                                                   0.000     0.000
input external delay                                                   1.000     1.000
$iopadmap$a[0].inpad[0] (.input at (51,44))                            0.000     1.000
| (intra 'io' routing)                                                 0.894     1.894
| (inter-block routing)                                                2.003     3.897
| (intra 'dsp' routing)                                                0.000     3.897
$iopadmap$z[37].a[0] (RS_DSP_MULT at (11,32))                          0.000     3.897
| (primitive 'RS_DSP_MULT' combinational delay)                        1.099     4.996
$iopadmap$z[37].z[5] (RS_DSP_MULT at (11,32))                          0.000     4.996
| (intra 'dsp' routing)                                                0.000     4.996
| (inter-block routing)                                                0.695     5.692
| (intra 'io' routing)                                                 0.733     6.424
out:$iopadmap$z[5].outpad[0] (.output at (1,27))                       0.000     6.424
data arrival time                                                                6.424

clock vclk (rise edge)                                                 5.000     5.000
clock source latency                                                   0.000     5.000
clock uncertainty                                                      0.000     5.000
output external delay                                                 -1.000     4.000
data required time                                                               4.000
--------------------------------------------------------------------------------------
data required time                                                               4.000
data arrival time                                                               -6.424
--------------------------------------------------------------------------------------
slack (VIOLATED)                                                                -2.424


#Path 21
Startpoint: $iopadmap$a[0].inpad[0] (.input at (51,44) clocked by vclk)
Endpoint  : out:$iopadmap$z[6].outpad[0] (.output at (1,27) clocked by vclk)
Path Type : setup

Point                                                                   Incr      Path
--------------------------------------------------------------------------------------
clock vclk (rise edge)                                                 0.000     0.000
clock source latency                                                   0.000     0.000
input external delay                                                   1.000     1.000
$iopadmap$a[0].inpad[0] (.input at (51,44))                            0.000     1.000
| (intra 'io' routing)                                                 0.894     1.894
| (inter-block routing)                                                2.003     3.897
| (intra 'dsp' routing)                                                0.000     3.897
$iopadmap$z[37].a[0] (RS_DSP_MULT at (11,32))                          0.000     3.897
| (primitive 'RS_DSP_MULT' combinational delay)                        1.099     4.996
$iopadmap$z[37].z[6] (RS_DSP_MULT at (11,32))                          0.000     4.996
| (intra 'dsp' routing)                                                0.000     4.996
| (inter-block routing)                                                0.695     5.692
| (intra 'io' routing)                                                 0.733     6.424
out:$iopadmap$z[6].outpad[0] (.output at (1,27))                       0.000     6.424
data arrival time                                                                6.424

clock vclk (rise edge)                                                 5.000     5.000
clock source latency                                                   0.000     5.000
clock uncertainty                                                      0.000     5.000
output external delay                                                 -1.000     4.000
data required time                                                               4.000
--------------------------------------------------------------------------------------
data required time                                                               4.000
data arrival time                                                               -6.424
--------------------------------------------------------------------------------------
slack (VIOLATED)                                                                -2.424


#Path 22
Startpoint: $iopadmap$a[0].inpad[0] (.input at (51,44) clocked by vclk)
Endpoint  : out:$iopadmap$z[16].outpad[0] (.output at (1,32) clocked by vclk)
Path Type : setup

Point                                                                    Incr      Path
---------------------------------------------------------------------------------------
clock vclk (rise edge)                                                  0.000     0.000
clock source latency                                                    0.000     0.000
input external delay                                                    1.000     1.000
$iopadmap$a[0].inpad[0] (.input at (51,44))                             0.000     1.000
| (intra 'io' routing)                                                  0.894     1.894
| (inter-block routing)                                                 2.003     3.897
| (intra 'dsp' routing)                                                 0.000     3.897
$iopadmap$z[37].a[0] (RS_DSP_MULT at (11,32))                           0.000     3.897
| (primitive 'RS_DSP_MULT' combinational delay)                         1.099     4.996
$iopadmap$z[37].z[16] (RS_DSP_MULT at (11,32))                          0.000     4.996
| (intra 'dsp' routing)                                                 0.000     4.996
| (inter-block routing)                                                 0.579     5.576
| (intra 'io' routing)                                                  0.733     6.309
out:$iopadmap$z[16].outpad[0] (.output at (1,32))                       0.000     6.309
data arrival time                                                                 6.309

clock vclk (rise edge)                                                  5.000     5.000
clock source latency                                                    0.000     5.000
clock uncertainty                                                       0.000     5.000
output external delay                                                  -1.000     4.000
data required time                                                                4.000
---------------------------------------------------------------------------------------
data required time                                                                4.000
data arrival time                                                                -6.309
---------------------------------------------------------------------------------------
slack (VIOLATED)                                                                 -2.309


#Path 23
Startpoint: $iopadmap$a[0].inpad[0] (.input at (51,44) clocked by vclk)
Endpoint  : out:$iopadmap$z[15].outpad[0] (.output at (1,32) clocked by vclk)
Path Type : setup

Point                                                                    Incr      Path
---------------------------------------------------------------------------------------
clock vclk (rise edge)                                                  0.000     0.000
clock source latency                                                    0.000     0.000
input external delay                                                    1.000     1.000
$iopadmap$a[0].inpad[0] (.input at (51,44))                             0.000     1.000
| (intra 'io' routing)                                                  0.894     1.894
| (inter-block routing)                                                 2.003     3.897
| (intra 'dsp' routing)                                                 0.000     3.897
$iopadmap$z[37].a[0] (RS_DSP_MULT at (11,32))                           0.000     3.897
| (primitive 'RS_DSP_MULT' combinational delay)                         1.099     4.996
$iopadmap$z[37].z[15] (RS_DSP_MULT at (11,32))                          0.000     4.996
| (intra 'dsp' routing)                                                 0.000     4.996
| (inter-block routing)                                                 0.579     5.576
| (intra 'io' routing)                                                  0.733     6.309
out:$iopadmap$z[15].outpad[0] (.output at (1,32))                       0.000     6.309
data arrival time                                                                 6.309

clock vclk (rise edge)                                                  5.000     5.000
clock source latency                                                    0.000     5.000
clock uncertainty                                                       0.000     5.000
output external delay                                                  -1.000     4.000
data required time                                                                4.000
---------------------------------------------------------------------------------------
data required time                                                                4.000
data arrival time                                                                -6.309
---------------------------------------------------------------------------------------
slack (VIOLATED)                                                                 -2.309


#Path 24
Startpoint: $iopadmap$a[0].inpad[0] (.input at (51,44) clocked by vclk)
Endpoint  : out:$iopadmap$z[22].outpad[0] (.output at (1,36) clocked by vclk)
Path Type : setup

Point                                                                    Incr      Path
---------------------------------------------------------------------------------------
clock vclk (rise edge)                                                  0.000     0.000
clock source latency                                                    0.000     0.000
input external delay                                                    1.000     1.000
$iopadmap$a[0].inpad[0] (.input at (51,44))                             0.000     1.000
| (intra 'io' routing)                                                  0.894     1.894
| (inter-block routing)                                                 2.003     3.897
| (intra 'dsp' routing)                                                 0.000     3.897
$iopadmap$z[37].a[0] (RS_DSP_MULT at (11,32))                           0.000     3.897
| (primitive 'RS_DSP_MULT' combinational delay)                         1.099     4.996
$iopadmap$z[37].z[22] (RS_DSP_MULT at (11,32))                          0.000     4.996
| (intra 'dsp' routing)                                                 0.000     4.996
| (inter-block routing)                                                 0.576     5.573
| (intra 'io' routing)                                                  0.733     6.306
out:$iopadmap$z[22].outpad[0] (.output at (1,36))                       0.000     6.306
data arrival time                                                                 6.306

clock vclk (rise edge)                                                  5.000     5.000
clock source latency                                                    0.000     5.000
clock uncertainty                                                       0.000     5.000
output external delay                                                  -1.000     4.000
data required time                                                                4.000
---------------------------------------------------------------------------------------
data required time                                                                4.000
data arrival time                                                                -6.306
---------------------------------------------------------------------------------------
slack (VIOLATED)                                                                 -2.306


#Path 25
Startpoint: $iopadmap$a[0].inpad[0] (.input at (51,44) clocked by vclk)
Endpoint  : out:$iopadmap$z[23].outpad[0] (.output at (1,36) clocked by vclk)
Path Type : setup

Point                                                                    Incr      Path
---------------------------------------------------------------------------------------
clock vclk (rise edge)                                                  0.000     0.000
clock source latency                                                    0.000     0.000
input external delay                                                    1.000     1.000
$iopadmap$a[0].inpad[0] (.input at (51,44))                             0.000     1.000
| (intra 'io' routing)                                                  0.894     1.894
| (inter-block routing)                                                 2.003     3.897
| (intra 'dsp' routing)                                                 0.000     3.897
$iopadmap$z[37].a[0] (RS_DSP_MULT at (11,32))                           0.000     3.897
| (primitive 'RS_DSP_MULT' combinational delay)                         1.099     4.996
$iopadmap$z[37].z[23] (RS_DSP_MULT at (11,32))                          0.000     4.996
| (intra 'dsp' routing)                                                 0.000     4.996
| (inter-block routing)                                                 0.576     5.573
| (intra 'io' routing)                                                  0.733     6.306
out:$iopadmap$z[23].outpad[0] (.output at (1,36))                       0.000     6.306
data arrival time                                                                 6.306

clock vclk (rise edge)                                                  5.000     5.000
clock source latency                                                    0.000     5.000
clock uncertainty                                                       0.000     5.000
output external delay                                                  -1.000     4.000
data required time                                                                4.000
---------------------------------------------------------------------------------------
data required time                                                                4.000
data arrival time                                                                -6.306
---------------------------------------------------------------------------------------
slack (VIOLATED)                                                                 -2.306


#Path 26
Startpoint: $iopadmap$a[0].inpad[0] (.input at (51,44) clocked by vclk)
Endpoint  : out:$iopadmap$z[8].outpad[0] (.output at (1,28) clocked by vclk)
Path Type : setup

Point                                                                   Incr      Path
--------------------------------------------------------------------------------------
clock vclk (rise edge)                                                 0.000     0.000
clock source latency                                                   0.000     0.000
input external delay                                                   1.000     1.000
$iopadmap$a[0].inpad[0] (.input at (51,44))                            0.000     1.000
| (intra 'io' routing)                                                 0.894     1.894
| (inter-block routing)                                                2.003     3.897
| (intra 'dsp' routing)                                                0.000     3.897
$iopadmap$z[37].a[0] (RS_DSP_MULT at (11,32))                          0.000     3.897
| (primitive 'RS_DSP_MULT' combinational delay)                        1.099     4.996
$iopadmap$z[37].z[8] (RS_DSP_MULT at (11,32))                          0.000     4.996
| (intra 'dsp' routing)                                                0.000     4.996
| (inter-block routing)                                                0.576     5.573
| (intra 'io' routing)                                                 0.733     6.306
out:$iopadmap$z[8].outpad[0] (.output at (1,28))                       0.000     6.306
data arrival time                                                                6.306

clock vclk (rise edge)                                                 5.000     5.000
clock source latency                                                   0.000     5.000
clock uncertainty                                                      0.000     5.000
output external delay                                                 -1.000     4.000
data required time                                                               4.000
--------------------------------------------------------------------------------------
data required time                                                               4.000
data arrival time                                                               -6.306
--------------------------------------------------------------------------------------
slack (VIOLATED)                                                                -2.306


#Path 27
Startpoint: $iopadmap$a[0].inpad[0] (.input at (51,44) clocked by vclk)
Endpoint  : out:$iopadmap$z[7].outpad[0] (.output at (1,28) clocked by vclk)
Path Type : setup

Point                                                                   Incr      Path
--------------------------------------------------------------------------------------
clock vclk (rise edge)                                                 0.000     0.000
clock source latency                                                   0.000     0.000
input external delay                                                   1.000     1.000
$iopadmap$a[0].inpad[0] (.input at (51,44))                            0.000     1.000
| (intra 'io' routing)                                                 0.894     1.894
| (inter-block routing)                                                2.003     3.897
| (intra 'dsp' routing)                                                0.000     3.897
$iopadmap$z[37].a[0] (RS_DSP_MULT at (11,32))                          0.000     3.897
| (primitive 'RS_DSP_MULT' combinational delay)                        1.099     4.996
$iopadmap$z[37].z[7] (RS_DSP_MULT at (11,32))                          0.000     4.996
| (intra 'dsp' routing)                                                0.000     4.996
| (inter-block routing)                                                0.576     5.573
| (intra 'io' routing)                                                 0.733     6.306
out:$iopadmap$z[7].outpad[0] (.output at (1,28))                       0.000     6.306
data arrival time                                                                6.306

clock vclk (rise edge)                                                 5.000     5.000
clock source latency                                                   0.000     5.000
clock uncertainty                                                      0.000     5.000
output external delay                                                 -1.000     4.000
data required time                                                               4.000
--------------------------------------------------------------------------------------
data required time                                                               4.000
data arrival time                                                               -6.306
--------------------------------------------------------------------------------------
slack (VIOLATED)                                                                -2.306


#Path 28
Startpoint: $iopadmap$a[0].inpad[0] (.input at (51,44) clocked by vclk)
Endpoint  : out:$iopadmap$z[14].outpad[0] (.output at (1,31) clocked by vclk)
Path Type : setup

Point                                                                    Incr      Path
---------------------------------------------------------------------------------------
clock vclk (rise edge)                                                  0.000     0.000
clock source latency                                                    0.000     0.000
input external delay                                                    1.000     1.000
$iopadmap$a[0].inpad[0] (.input at (51,44))                             0.000     1.000
| (intra 'io' routing)                                                  0.894     1.894
| (inter-block routing)                                                 2.003     3.897
| (intra 'dsp' routing)                                                 0.000     3.897
$iopadmap$z[37].a[0] (RS_DSP_MULT at (11,32))                           0.000     3.897
| (primitive 'RS_DSP_MULT' combinational delay)                         1.099     4.996
$iopadmap$z[37].z[14] (RS_DSP_MULT at (11,32))                          0.000     4.996
| (intra 'dsp' routing)                                                 0.000     4.996
| (inter-block routing)                                                 0.518     5.515
| (intra 'io' routing)                                                  0.733     6.248
out:$iopadmap$z[14].outpad[0] (.output at (1,31))                       0.000     6.248
data arrival time                                                                 6.248

clock vclk (rise edge)                                                  5.000     5.000
clock source latency                                                    0.000     5.000
clock uncertainty                                                       0.000     5.000
output external delay                                                  -1.000     4.000
data required time                                                                4.000
---------------------------------------------------------------------------------------
data required time                                                                4.000
data arrival time                                                                -6.248
---------------------------------------------------------------------------------------
slack (VIOLATED)                                                                 -2.248


#Path 29
Startpoint: $iopadmap$a[0].inpad[0] (.input at (51,44) clocked by vclk)
Endpoint  : out:$iopadmap$z[13].outpad[0] (.output at (1,31) clocked by vclk)
Path Type : setup

Point                                                                    Incr      Path
---------------------------------------------------------------------------------------
clock vclk (rise edge)                                                  0.000     0.000
clock source latency                                                    0.000     0.000
input external delay                                                    1.000     1.000
$iopadmap$a[0].inpad[0] (.input at (51,44))                             0.000     1.000
| (intra 'io' routing)                                                  0.894     1.894
| (inter-block routing)                                                 2.003     3.897
| (intra 'dsp' routing)                                                 0.000     3.897
$iopadmap$z[37].a[0] (RS_DSP_MULT at (11,32))                           0.000     3.897
| (primitive 'RS_DSP_MULT' combinational delay)                         1.099     4.996
$iopadmap$z[37].z[13] (RS_DSP_MULT at (11,32))                          0.000     4.996
| (intra 'dsp' routing)                                                 0.000     4.996
| (inter-block routing)                                                 0.518     5.515
| (intra 'io' routing)                                                  0.733     6.248
out:$iopadmap$z[13].outpad[0] (.output at (1,31))                       0.000     6.248
data arrival time                                                                 6.248

clock vclk (rise edge)                                                  5.000     5.000
clock source latency                                                    0.000     5.000
clock uncertainty                                                       0.000     5.000
output external delay                                                  -1.000     4.000
data required time                                                                4.000
---------------------------------------------------------------------------------------
data required time                                                                4.000
data arrival time                                                                -6.248
---------------------------------------------------------------------------------------
slack (VIOLATED)                                                                 -2.248


#Path 30
Startpoint: $iopadmap$a[0].inpad[0] (.input at (51,44) clocked by vclk)
Endpoint  : out:$iopadmap$z[12].outpad[0] (.output at (1,30) clocked by vclk)
Path Type : setup

Point                                                                    Incr      Path
---------------------------------------------------------------------------------------
clock vclk (rise edge)                                                  0.000     0.000
clock source latency                                                    0.000     0.000
input external delay                                                    1.000     1.000
$iopadmap$a[0].inpad[0] (.input at (51,44))                             0.000     1.000
| (intra 'io' routing)                                                  0.894     1.894
| (inter-block routing)                                                 2.003     3.897
| (intra 'dsp' routing)                                                 0.000     3.897
$iopadmap$z[37].a[0] (RS_DSP_MULT at (11,32))                           0.000     3.897
| (primitive 'RS_DSP_MULT' combinational delay)                         1.099     4.996
$iopadmap$z[37].z[12] (RS_DSP_MULT at (11,32))                          0.000     4.996
| (intra 'dsp' routing)                                                 0.000     4.996
| (inter-block routing)                                                 0.518     5.515
| (intra 'io' routing)                                                  0.733     6.248
out:$iopadmap$z[12].outpad[0] (.output at (1,30))                       0.000     6.248
data arrival time                                                                 6.248

clock vclk (rise edge)                                                  5.000     5.000
clock source latency                                                    0.000     5.000
clock uncertainty                                                       0.000     5.000
output external delay                                                  -1.000     4.000
data required time                                                                4.000
---------------------------------------------------------------------------------------
data required time                                                                4.000
data arrival time                                                                -6.248
---------------------------------------------------------------------------------------
slack (VIOLATED)                                                                 -2.248


#Path 31
Startpoint: $iopadmap$a[0].inpad[0] (.input at (51,44) clocked by vclk)
Endpoint  : out:$iopadmap$z[11].outpad[0] (.output at (1,30) clocked by vclk)
Path Type : setup

Point                                                                    Incr      Path
---------------------------------------------------------------------------------------
clock vclk (rise edge)                                                  0.000     0.000
clock source latency                                                    0.000     0.000
input external delay                                                    1.000     1.000
$iopadmap$a[0].inpad[0] (.input at (51,44))                             0.000     1.000
| (intra 'io' routing)                                                  0.894     1.894
| (inter-block routing)                                                 2.003     3.897
| (intra 'dsp' routing)                                                 0.000     3.897
$iopadmap$z[37].a[0] (RS_DSP_MULT at (11,32))                           0.000     3.897
| (primitive 'RS_DSP_MULT' combinational delay)                         1.099     4.996
$iopadmap$z[37].z[11] (RS_DSP_MULT at (11,32))                          0.000     4.996
| (intra 'dsp' routing)                                                 0.000     4.996
| (inter-block routing)                                                 0.518     5.515
| (intra 'io' routing)                                                  0.733     6.248
out:$iopadmap$z[11].outpad[0] (.output at (1,30))                       0.000     6.248
data arrival time                                                                 6.248

clock vclk (rise edge)                                                  5.000     5.000
clock source latency                                                    0.000     5.000
clock uncertainty                                                       0.000     5.000
output external delay                                                  -1.000     4.000
data required time                                                                4.000
---------------------------------------------------------------------------------------
data required time                                                                4.000
data arrival time                                                                -6.248
---------------------------------------------------------------------------------------
slack (VIOLATED)                                                                 -2.248


#Path 32
Startpoint: $iopadmap$a[0].inpad[0] (.input at (51,44) clocked by vclk)
Endpoint  : out:$iopadmap$z[10].outpad[0] (.output at (1,29) clocked by vclk)
Path Type : setup

Point                                                                    Incr      Path
---------------------------------------------------------------------------------------
clock vclk (rise edge)                                                  0.000     0.000
clock source latency                                                    0.000     0.000
input external delay                                                    1.000     1.000
$iopadmap$a[0].inpad[0] (.input at (51,44))                             0.000     1.000
| (intra 'io' routing)                                                  0.894     1.894
| (inter-block routing)                                                 2.003     3.897
| (intra 'dsp' routing)                                                 0.000     3.897
$iopadmap$z[37].a[0] (RS_DSP_MULT at (11,32))                           0.000     3.897
| (primitive 'RS_DSP_MULT' combinational delay)                         1.099     4.996
$iopadmap$z[37].z[10] (RS_DSP_MULT at (11,32))                          0.000     4.996
| (intra 'dsp' routing)                                                 0.000     4.996
| (inter-block routing)                                                 0.518     5.515
| (intra 'io' routing)                                                  0.733     6.248
out:$iopadmap$z[10].outpad[0] (.output at (1,29))                       0.000     6.248
data arrival time                                                                 6.248

clock vclk (rise edge)                                                  5.000     5.000
clock source latency                                                    0.000     5.000
clock uncertainty                                                       0.000     5.000
output external delay                                                  -1.000     4.000
data required time                                                                4.000
---------------------------------------------------------------------------------------
data required time                                                                4.000
data arrival time                                                                -6.248
---------------------------------------------------------------------------------------
slack (VIOLATED)                                                                 -2.248


#Path 33
Startpoint: $iopadmap$a[0].inpad[0] (.input at (51,44) clocked by vclk)
Endpoint  : out:$iopadmap$z[9].outpad[0] (.output at (1,29) clocked by vclk)
Path Type : setup

Point                                                                   Incr      Path
--------------------------------------------------------------------------------------
clock vclk (rise edge)                                                 0.000     0.000
clock source latency                                                   0.000     0.000
input external delay                                                   1.000     1.000
$iopadmap$a[0].inpad[0] (.input at (51,44))                            0.000     1.000
| (intra 'io' routing)                                                 0.894     1.894
| (inter-block routing)                                                2.003     3.897
| (intra 'dsp' routing)                                                0.000     3.897
$iopadmap$z[37].a[0] (RS_DSP_MULT at (11,32))                          0.000     3.897
| (primitive 'RS_DSP_MULT' combinational delay)                        1.099     4.996
$iopadmap$z[37].z[9] (RS_DSP_MULT at (11,32))                          0.000     4.996
| (intra 'dsp' routing)                                                0.000     4.996
| (inter-block routing)                                                0.518     5.515
| (intra 'io' routing)                                                 0.733     6.248
out:$iopadmap$z[9].outpad[0] (.output at (1,29))                       0.000     6.248
data arrival time                                                                6.248

clock vclk (rise edge)                                                 5.000     5.000
clock source latency                                                   0.000     5.000
clock uncertainty                                                      0.000     5.000
output external delay                                                 -1.000     4.000
data required time                                                               4.000
--------------------------------------------------------------------------------------
data required time                                                               4.000
data arrival time                                                               -6.248
--------------------------------------------------------------------------------------
slack (VIOLATED)                                                                -2.248


#Path 34
Startpoint: $iopadmap$a[0].inpad[0] (.input at (51,44) clocked by vclk)
Endpoint  : out:$iopadmap$z[21].outpad[0] (.output at (1,35) clocked by vclk)
Path Type : setup

Point                                                                    Incr      Path
---------------------------------------------------------------------------------------
clock vclk (rise edge)                                                  0.000     0.000
clock source latency                                                    0.000     0.000
input external delay                                                    1.000     1.000
$iopadmap$a[0].inpad[0] (.input at (51,44))                             0.000     1.000
| (intra 'io' routing)                                                  0.894     1.894
| (inter-block routing)                                                 2.003     3.897
| (intra 'dsp' routing)                                                 0.000     3.897
$iopadmap$z[37].a[0] (RS_DSP_MULT at (11,32))                           0.000     3.897
| (primitive 'RS_DSP_MULT' combinational delay)                         1.099     4.996
$iopadmap$z[37].z[21] (RS_DSP_MULT at (11,32))                          0.000     4.996
| (intra 'dsp' routing)                                                 0.000     4.996
| (inter-block routing)                                                 0.518     5.515
| (intra 'io' routing)                                                  0.733     6.248
out:$iopadmap$z[21].outpad[0] (.output at (1,35))                       0.000     6.248
data arrival time                                                                 6.248

clock vclk (rise edge)                                                  5.000     5.000
clock source latency                                                    0.000     5.000
clock uncertainty                                                       0.000     5.000
output external delay                                                  -1.000     4.000
data required time                                                                4.000
---------------------------------------------------------------------------------------
data required time                                                                4.000
data arrival time                                                                -6.248
---------------------------------------------------------------------------------------
slack (VIOLATED)                                                                 -2.248


#Path 35
Startpoint: $iopadmap$a[0].inpad[0] (.input at (51,44) clocked by vclk)
Endpoint  : out:$iopadmap$z[20].outpad[0] (.output at (1,34) clocked by vclk)
Path Type : setup

Point                                                                    Incr      Path
---------------------------------------------------------------------------------------
clock vclk (rise edge)                                                  0.000     0.000
clock source latency                                                    0.000     0.000
input external delay                                                    1.000     1.000
$iopadmap$a[0].inpad[0] (.input at (51,44))                             0.000     1.000
| (intra 'io' routing)                                                  0.894     1.894
| (inter-block routing)                                                 2.003     3.897
| (intra 'dsp' routing)                                                 0.000     3.897
$iopadmap$z[37].a[0] (RS_DSP_MULT at (11,32))                           0.000     3.897
| (primitive 'RS_DSP_MULT' combinational delay)                         1.099     4.996
$iopadmap$z[37].z[20] (RS_DSP_MULT at (11,32))                          0.000     4.996
| (intra 'dsp' routing)                                                 0.000     4.996
| (inter-block routing)                                                 0.518     5.515
| (intra 'io' routing)                                                  0.733     6.248
out:$iopadmap$z[20].outpad[0] (.output at (1,34))                       0.000     6.248
data arrival time                                                                 6.248

clock vclk (rise edge)                                                  5.000     5.000
clock source latency                                                    0.000     5.000
clock uncertainty                                                       0.000     5.000
output external delay                                                  -1.000     4.000
data required time                                                                4.000
---------------------------------------------------------------------------------------
data required time                                                                4.000
data arrival time                                                                -6.248
---------------------------------------------------------------------------------------
slack (VIOLATED)                                                                 -2.248


#Path 36
Startpoint: $iopadmap$a[0].inpad[0] (.input at (51,44) clocked by vclk)
Endpoint  : out:$iopadmap$z[19].outpad[0] (.output at (1,34) clocked by vclk)
Path Type : setup

Point                                                                    Incr      Path
---------------------------------------------------------------------------------------
clock vclk (rise edge)                                                  0.000     0.000
clock source latency                                                    0.000     0.000
input external delay                                                    1.000     1.000
$iopadmap$a[0].inpad[0] (.input at (51,44))                             0.000     1.000
| (intra 'io' routing)                                                  0.894     1.894
| (inter-block routing)                                                 2.003     3.897
| (intra 'dsp' routing)                                                 0.000     3.897
$iopadmap$z[37].a[0] (RS_DSP_MULT at (11,32))                           0.000     3.897
| (primitive 'RS_DSP_MULT' combinational delay)                         1.099     4.996
$iopadmap$z[37].z[19] (RS_DSP_MULT at (11,32))                          0.000     4.996
| (intra 'dsp' routing)                                                 0.000     4.996
| (inter-block routing)                                                 0.518     5.515
| (intra 'io' routing)                                                  0.733     6.248
out:$iopadmap$z[19].outpad[0] (.output at (1,34))                       0.000     6.248
data arrival time                                                                 6.248

clock vclk (rise edge)                                                  5.000     5.000
clock source latency                                                    0.000     5.000
clock uncertainty                                                       0.000     5.000
output external delay                                                  -1.000     4.000
data required time                                                                4.000
---------------------------------------------------------------------------------------
data required time                                                                4.000
data arrival time                                                                -6.248
---------------------------------------------------------------------------------------
slack (VIOLATED)                                                                 -2.248


#Path 37
Startpoint: $iopadmap$a[0].inpad[0] (.input at (51,44) clocked by vclk)
Endpoint  : out:$iopadmap$z[18].outpad[0] (.output at (1,33) clocked by vclk)
Path Type : setup

Point                                                                    Incr      Path
---------------------------------------------------------------------------------------
clock vclk (rise edge)                                                  0.000     0.000
clock source latency                                                    0.000     0.000
input external delay                                                    1.000     1.000
$iopadmap$a[0].inpad[0] (.input at (51,44))                             0.000     1.000
| (intra 'io' routing)                                                  0.894     1.894
| (inter-block routing)                                                 2.003     3.897
| (intra 'dsp' routing)                                                 0.000     3.897
$iopadmap$z[37].a[0] (RS_DSP_MULT at (11,32))                           0.000     3.897
| (primitive 'RS_DSP_MULT' combinational delay)                         1.099     4.996
$iopadmap$z[37].z[18] (RS_DSP_MULT at (11,32))                          0.000     4.996
| (intra 'dsp' routing)                                                 0.000     4.996
| (inter-block routing)                                                 0.518     5.515
| (intra 'io' routing)                                                  0.733     6.248
out:$iopadmap$z[18].outpad[0] (.output at (1,33))                       0.000     6.248
data arrival time                                                                 6.248

clock vclk (rise edge)                                                  5.000     5.000
clock source latency                                                    0.000     5.000
clock uncertainty                                                       0.000     5.000
output external delay                                                  -1.000     4.000
data required time                                                                4.000
---------------------------------------------------------------------------------------
data required time                                                                4.000
data arrival time                                                                -6.248
---------------------------------------------------------------------------------------
slack (VIOLATED)                                                                 -2.248


#Path 38
Startpoint: $iopadmap$a[0].inpad[0] (.input at (51,44) clocked by vclk)
Endpoint  : out:$iopadmap$z[17].outpad[0] (.output at (1,33) clocked by vclk)
Path Type : setup

Point                                                                    Incr      Path
---------------------------------------------------------------------------------------
clock vclk (rise edge)                                                  0.000     0.000
clock source latency                                                    0.000     0.000
input external delay                                                    1.000     1.000
$iopadmap$a[0].inpad[0] (.input at (51,44))                             0.000     1.000
| (intra 'io' routing)                                                  0.894     1.894
| (inter-block routing)                                                 2.003     3.897
| (intra 'dsp' routing)                                                 0.000     3.897
$iopadmap$z[37].a[0] (RS_DSP_MULT at (11,32))                           0.000     3.897
| (primitive 'RS_DSP_MULT' combinational delay)                         1.099     4.996
$iopadmap$z[37].z[17] (RS_DSP_MULT at (11,32))                          0.000     4.996
| (intra 'dsp' routing)                                                 0.000     4.996
| (inter-block routing)                                                 0.518     5.515
| (intra 'io' routing)                                                  0.733     6.248
out:$iopadmap$z[17].outpad[0] (.output at (1,33))                       0.000     6.248
data arrival time                                                                 6.248

clock vclk (rise edge)                                                  5.000     5.000
clock source latency                                                    0.000     5.000
clock uncertainty                                                       0.000     5.000
output external delay                                                  -1.000     4.000
data required time                                                                4.000
---------------------------------------------------------------------------------------
data required time                                                                4.000
data arrival time                                                                -6.248
---------------------------------------------------------------------------------------
slack (VIOLATED)                                                                 -2.248


#End of timing report
