/*******************************************************************************
Copyright (c) 2022-2024 Rapid Silicon
This source code contains proprietary information belonging to Rapid Silicon
(the "licensor") released under license and non-disclosure agreement to the
recipient (the "licensee").

The information shared and protected by the license and non-disclosure agreement
includes but is not limited to the following:
* operational algorithms of the product
* logos, graphics, source code, and visual presentation of the product
* confidential operational information of the licensor

The recipient of this source code is NOT permitted to publicly disclose,
re-use, archive beyond the period of the license agreement, transfer to a
sub-licensee, or re-implement any portion of the content covered by the license
and non-disclosure agreement without the prior written consent of the licensor.
*********************************************************************************/

Version  : 2024.10
Build    : 1.2.14
Hash     : 26b9ac8
Date     : Oct  4 2024
Type     : Engineering
Log Time   : Fri Oct  4 08:48:56 2024 GMT
/*******************************************************************************
Copyright (c) 2022-2024 Rapid Silicon
This source code contains proprietary information belonging to Rapid Silicon
(the "licensor") released under license and non-disclosure agreement to the
recipient (the "licensee").

The information shared and protected by the license and non-disclosure agreement
includes but is not limited to the following:
* operational algorithms of the product
* logos, graphics, source code, and visual presentation of the product
* confidential operational information of the licensor

The recipient of this source code is NOT permitted to publicly disclose,
re-use, archive beyond the period of the license agreement, transfer to a
sub-licensee, or re-implement any portion of the content covered by the license
and non-disclosure agreement without the prior written consent of the licensor.
*********************************************************************************/

Version  : 2024.10
Build    : 1.2.14
Hash     : 26b9ac8
Date     : Oct  4 2024
Type     : Engineering
Log Time   : Fri Oct  4 08:48:42 2024 GMT
/*******************************************************************************
Copyright (c) 2022-2024 Rapid Silicon
This source code contains proprietary information belonging to Rapid Silicon
(the "licensor") released under license and non-disclosure agreement to the
recipient (the "licensee").

The information shared and protected by the license and non-disclosure agreement
includes but is not limited to the following:
* operational algorithms of the product
* logos, graphics, source code, and visual presentation of the product
* confidential operational information of the licensor

The recipient of this source code is NOT permitted to publicly disclose,
re-use, archive beyond the period of the license agreement, transfer to a
sub-licensee, or re-implement any portion of the content covered by the license
and non-disclosure agreement without the prior written consent of the licensor.
*********************************************************************************/

Version  : 2024.10
Build    : 1.2.14
Hash     : 26b9ac8
Date     : Oct  4 2024
Type     : Engineering
Log Time   : Fri Oct  4 08:48:42 2024 GMT

 /----------------------------------------------------------------------------\
 |  yosys -- Yosys Open SYnthesis Suite                                       |
 |  Copyright (C) 2012 - 2024  Claire Xenia Wolf <claire@yosyshq.com>         |
 |  Distributed under an ISC-like license, type "license" to see terms        |
 \----------------------------------------------------------------------------/

 Yosys 0.44 (git sha1 7a4a3768c, g++ 11.2.1 -fPIC -O3)

-- Executing script file `/nfs_scratch/scratch/CompilerValidation/zaheer_ahmad/os_fpga2/Validation/RTL_testcases/RS_Primitive_example_designs/primitive_example_design_7/results_dir/primitive_example_design_7/run_1/synth_1_1/analysis/primitive_example_design_7_analyzer.cmd' --

1. Executing Verilog-2005 frontend: /nfs_eda_sw/softwares/Raptor/instl_dir/10_04_2024_09_15_02/share/raptor/sim_models/rapidsilicon/genesis3/FPGA_PRIMITIVES_MODELS/blackbox_models/cell_sim_blackbox.v
Parsing SystemVerilog input from `/nfs_eda_sw/softwares/Raptor/instl_dir/10_04_2024_09_15_02/share/raptor/sim_models/rapidsilicon/genesis3/FPGA_PRIMITIVES_MODELS/blackbox_models/cell_sim_blackbox.v' to AST representation.
Generating RTLIL representation for module `\BOOT_CLOCK'.
Generating RTLIL representation for module `\CARRY'.
Generating RTLIL representation for module `\CLK_BUF'.
Generating RTLIL representation for module `\DFFNRE'.
Generating RTLIL representation for module `\DFFRE'.
Generating RTLIL representation for module `\DSP19X2'.
Generating RTLIL representation for module `\DSP38'.
Generating RTLIL representation for module `\FCLK_BUF'.
Generating RTLIL representation for module `\FIFO18KX2'.
Generating RTLIL representation for module `\FIFO36K'.
Generating RTLIL representation for module `\I_BUF_DS'.
Generating RTLIL representation for module `\I_BUF'.
Generating RTLIL representation for module `\I_DDR'.
Generating RTLIL representation for module `\I_DELAY'.
Generating RTLIL representation for module `\I_FAB'.
Generating RTLIL representation for module `\I_SERDES'.
Generating RTLIL representation for module `\LATCHNR'.
Generating RTLIL representation for module `\LATCHNS'.
Generating RTLIL representation for module `\LATCHN'.
Generating RTLIL representation for module `\LATCHR'.
Generating RTLIL representation for module `\LATCHS'.
Generating RTLIL representation for module `\LATCH'.
Generating RTLIL representation for module `\LUT1'.
Generating RTLIL representation for module `\LUT2'.
Generating RTLIL representation for module `\LUT3'.
Generating RTLIL representation for module `\LUT4'.
Generating RTLIL representation for module `\LUT5'.
Generating RTLIL representation for module `\LUT6'.
Generating RTLIL representation for module `\MIPI_RX'.
Generating RTLIL representation for module `\MIPI_TX'.
Generating RTLIL representation for module `\O_BUF_DS'.
Generating RTLIL representation for module `\O_BUFT_DS'.
Generating RTLIL representation for module `\O_BUFT'.
Generating RTLIL representation for module `\O_BUF'.
Generating RTLIL representation for module `\O_DDR'.
Generating RTLIL representation for module `\O_DELAY'.
Generating RTLIL representation for module `\O_FAB'.
Generating RTLIL representation for module `\O_SERDES_CLK'.
Generating RTLIL representation for module `\O_SERDES'.
Generating RTLIL representation for module `\PLL'.
Generating RTLIL representation for module `\SOC_FPGA_INTF_AHB_M'.
Generating RTLIL representation for module `\SOC_FPGA_INTF_AHB_S'.
Generating RTLIL representation for module `\SOC_FPGA_INTF_AXI_M0'.
Generating RTLIL representation for module `\SOC_FPGA_INTF_AXI_M1'.
Generating RTLIL representation for module `\SOC_FPGA_INTF_DMA'.
Generating RTLIL representation for module `\SOC_FPGA_INTF_IRQ'.
Generating RTLIL representation for module `\SOC_FPGA_INTF_JTAG'.
Generating RTLIL representation for module `\SOC_FPGA_TEMPERATURE'.
Generating RTLIL representation for module `\TDP_RAM18KX2'.
Generating RTLIL representation for module `\TDP_RAM36K'.
Successfully finished Verilog frontend.

2. Executing Verilog-2005 frontend: /nfs_scratch/scratch/CompilerValidation/zaheer_ahmad/os_fpga2/Validation/RTL_testcases/RS_Primitive_example_designs/primitive_example_design_7/results_dir/.././rtl/primitive_example_design_7.v
Parsing Verilog input from `/nfs_scratch/scratch/CompilerValidation/zaheer_ahmad/os_fpga2/Validation/RTL_testcases/RS_Primitive_example_designs/primitive_example_design_7/results_dir/.././rtl/primitive_example_design_7.v' to AST representation.
Generating RTLIL representation for module `\primitive_example_design_7'.
Generating RTLIL representation for module `\register'.
Warning: wire '\q' is assigned in a block at /nfs_scratch/scratch/CompilerValidation/zaheer_ahmad/os_fpga2/Validation/RTL_testcases/RS_Primitive_example_designs/primitive_example_design_7/results_dir/.././rtl/primitive_example_design_7.v:96.13-96.19.
Warning: wire '\q' is assigned in a block at /nfs_scratch/scratch/CompilerValidation/zaheer_ahmad/os_fpga2/Validation/RTL_testcases/RS_Primitive_example_designs/primitive_example_design_7/results_dir/.././rtl/primitive_example_design_7.v:98.13-98.19.
Successfully finished Verilog frontend.

-- Running command `hierarchy -top primitive_example_design_7' --

3. Executing HIERARCHY pass (managing design hierarchy).

3.1. Analyzing design hierarchy..
Top module:  \primitive_example_design_7
Used module:     \register
Parameter 1 (\WIDTH) = 1

3.2. Executing AST frontend in derive mode using pre-parsed AST for module `\register'.
Parameter 1 (\WIDTH) = 1
Generating RTLIL representation for module `$paramod\register\WIDTH=s32'00000000000000000000000000000001'.
Warning: wire '\q' is assigned in a block at /nfs_scratch/scratch/CompilerValidation/zaheer_ahmad/os_fpga2/Validation/RTL_testcases/RS_Primitive_example_designs/primitive_example_design_7/results_dir/.././rtl/primitive_example_design_7.v:96.13-96.19.
Warning: wire '\q' is assigned in a block at /nfs_scratch/scratch/CompilerValidation/zaheer_ahmad/os_fpga2/Validation/RTL_testcases/RS_Primitive_example_designs/primitive_example_design_7/results_dir/.././rtl/primitive_example_design_7.v:98.13-98.19.
Parameter 1 (\WIDTH) = 1
Found cached RTLIL representation for module `$paramod\register\WIDTH=s32'00000000000000000000000000000001'.
Parameter 1 (\WIDTH) = 1
Found cached RTLIL representation for module `$paramod\register\WIDTH=s32'00000000000000000000000000000001'.

3.3. Analyzing design hierarchy..
Top module:  \primitive_example_design_7
Used module:     $paramod\register\WIDTH=s32'00000000000000000000000000000001

3.4. Analyzing design hierarchy..
Top module:  \primitive_example_design_7
Used module:     $paramod\register\WIDTH=s32'00000000000000000000000000000001
Removing unused module `\register'.
Removed 1 unused modules.

Dumping file hier_info.json ...
 Process module "$paramod\\register\\WIDTH=s32'00000000000000000000000000000001"
 Process module "I_BUF"
 Process module "O_BUF"
 Process module "SOC_FPGA_INTF_AHB_M"
Dumping file port_info.json ...

Warnings: 2 unique messages, 4 total
End of script. Logfile hash: e4eea5380c, CPU: user 0.56s system 0.03s, MEM: 34.85 MB peak
Yosys 0.44 (git sha1 7a4a3768c, g++ 11.2.1 -fPIC -O3)
Time spent: 98% 4x read_verilog (0 sec), 0% 1x analyze (0 sec), ...
