/*******************************************************************************
Copyright (c) 2022-2024 Rapid Silicon
This source code contains proprietary information belonging to Rapid Silicon
(the "licensor") released under license and non-disclosure agreement to the
recipient (the "licensee").

The information shared and protected by the license and non-disclosure agreement
includes but is not limited to the following:
* operational algorithms of the product
* logos, graphics, source code, and visual presentation of the product
* confidential operational information of the licensor

The recipient of this source code is NOT permitted to publicly disclose,
re-use, archive beyond the period of the license agreement, transfer to a
sub-licensee, or re-implement any portion of the content covered by the license
and non-disclosure agreement without the prior written consent of the licensor.
*********************************************************************************/

Version  : 2024.07
Build    : 1.1.38
Hash     : d0f8292
Date     : Jul 27 2024
Type     : Engineering
Log Time   : Mon Jul 29 08:04:12 2024 GMT
#Unconstrained hold timing startpoint/endpoint

timing_node_id node_type node_name
-------------- --------- ---------
2605 dffre at (52,37) ppi_mul_add.g_tf_ppi.g_tf_reg[30].g_ccw.TF_ff.r_data[0].Q[0]
2606 dffre at (55,39) ppi_mul_add.g_tf_ppi.g_tf_reg[30].g_ccw.TF_ff.r_data[1].Q[0]
2607 dffre at (52,37) ppi_mul_add.g_tf_ppi.g_tf_reg[30].g_ccw.TF_ff.r_data[2].Q[0]
2608 dffre at (52,37) ppi_mul_add.g_tf_ppi.g_tf_reg[30].g_ccw.TF_ff.r_data[3].Q[0]
2609 dffre at (52,37) ppi_mul_add.g_tf_ppi.g_tf_reg[30].g_ccw.TF_ff.r_data[4].Q[0]
2610 dffre at (52,37) ppi_mul_add.g_tf_ppi.g_tf_reg[30].g_ccw.TF_ff.r_data[5].Q[0]
2611 dffre at (52,37) ppi_mul_add.g_tf_ppi.g_tf_reg[30].g_ccw.TF_ff.r_data[6].Q[0]
2612 dffre at (46,39) ppi_mul_add.g_tf_ppi.g_tf_reg[30].g_ccw.TF_ff.r_data[7].Q[0]
2613 dffre at (51,37) ppi_mul_add.g_tf_ppi.g_tf_reg[30].g_ccw.TF_ff.r_data[8].Q[0]
2614 dffre at (45,32) ppi_mul_add.g_tf_ppi.g_tf_reg[30].g_ccw.TF_ff.r_data[9].Q[0]
2615 dffre at (52,38) ppi_mul_add.g_tf_ppi.g_tf_reg[30].g_ccw.TF_ff.r_data[10].Q[0]
2616 dffre at (52,38) ppi_mul_add.g_tf_ppi.g_tf_reg[30].g_ccw.TF_ff.r_data[11].Q[0]
2617 dffre at (52,38) ppi_mul_add.g_tf_ppi.g_tf_reg[30].g_ccw.TF_ff.r_data[12].Q[0]
2618 dffre at (51,38) ppi_mul_add.g_tf_ppi.g_tf_reg[30].g_ccw.TF_ff.r_data[13].Q[0]
2619 dffre at (51,38) ppi_mul_add.g_tf_ppi.g_tf_reg[30].g_ccw.TF_ff.r_data[14].Q[0]
2620 dffre at (51,38) ppi_mul_add.g_tf_ppi.g_tf_reg[30].g_ccw.TF_ff.r_data[15].Q[0]
2621 dffre at (53,38) ppi_mul_add.g_tf_ppi.g_tf_reg[30].g_ccw.TF_ff.r_data[16].Q[0]
2622 dffre at (50,36) ppi_mul_add.g_tf_ppi.g_tf_reg[30].g_ccw.TF_ff.r_data[17].Q[0]
2623 dffre at (51,37) ppi_mul_add.g_tf_ppi.g_tf_reg[30].g_ccw.TF_ff.r_data[18].Q[0]
2624 dffre at (51,37) ppi_mul_add.g_tf_ppi.g_tf_reg[30].g_ccw.TF_ff.r_data[19].Q[0]
2625 dffre at (50,36) ppi_mul_add.g_tf_ppi.g_tf_reg[30].g_ccw.TF_ff.r_data[20].Q[0]
2626 dffre at (50,36) ppi_mul_add.g_tf_ppi.g_tf_reg[30].g_ccw.TF_ff.r_data[21].Q[0]
2627 dffre at (53,37) ppi_mul_add.g_tf_ppi.g_tf_reg[30].g_ccw.TF_ff.r_data[22].Q[0]
2628 dffre at (50,36) ppi_mul_add.g_tf_ppi.g_tf_reg[30].g_ccw.TF_ff.r_data[25].Q[0]
2629 dffre at (61,30) ppi_mul_add.g_tf_ppi.g_tf_reg[31].g_ccw.TF_ff.r_data[0].Q[0]
2630 dffre at (61,30) ppi_mul_add.g_tf_ppi.g_tf_reg[31].g_ccw.TF_ff.r_data[1].Q[0]
2631 dffre at (61,30) ppi_mul_add.g_tf_ppi.g_tf_reg[31].g_ccw.TF_ff.r_data[2].Q[0]
2632 dffre at (61,30) ppi_mul_add.g_tf_ppi.g_tf_reg[31].g_ccw.TF_ff.r_data[3].Q[0]
2633 dffre at (61,30) ppi_mul_add.g_tf_ppi.g_tf_reg[31].g_ccw.TF_ff.r_data[4].Q[0]
2634 dffre at (61,30) ppi_mul_add.g_tf_ppi.g_tf_reg[31].g_ccw.TF_ff.r_data[5].Q[0]
2635 dffre at (61,30) ppi_mul_add.g_tf_ppi.g_tf_reg[31].g_ccw.TF_ff.r_data[6].Q[0]
2636 dffre at (60,27) ppi_mul_add.g_tf_ppi.g_tf_reg[31].g_ccw.TF_ff.r_data[7].Q[0]
2637 dffre at (60,27) ppi_mul_add.g_tf_ppi.g_tf_reg[31].g_ccw.TF_ff.r_data[8].Q[0]
2638 dffre at (60,27) ppi_mul_add.g_tf_ppi.g_tf_reg[31].g_ccw.TF_ff.r_data[9].Q[0]
2639 dffre at (63,26) ppi_mul_add.g_tf_ppi.g_tf_reg[31].g_ccw.TF_ff.r_data[10].Q[0]
2640 dffre at (63,26) ppi_mul_add.g_tf_ppi.g_tf_reg[31].g_ccw.TF_ff.r_data[11].Q[0]
2641 dffre at (60,27) ppi_mul_add.g_tf_ppi.g_tf_reg[31].g_ccw.TF_ff.r_data[12].Q[0]
2642 dffre at (60,26) ppi_mul_add.g_tf_ppi.g_tf_reg[31].g_ccw.TF_ff.r_data[13].Q[0]
2643 dffre at (60,27) ppi_mul_add.g_tf_ppi.g_tf_reg[31].g_ccw.TF_ff.r_data[14].Q[0]
2644 dffre at (60,25) ppi_mul_add.g_tf_ppi.g_tf_reg[31].g_ccw.TF_ff.r_data[15].Q[0]
2645 dffre at (60,25) ppi_mul_add.g_tf_ppi.g_tf_reg[31].g_ccw.TF_ff.r_data[16].Q[0]
2646 dffre at (60,24) ppi_mul_add.g_tf_ppi.g_tf_reg[31].g_ccw.TF_ff.r_data[17].Q[0]
2647 dffre at (60,24) ppi_mul_add.g_tf_ppi.g_tf_reg[31].g_ccw.TF_ff.r_data[18].Q[0]
2648 dffre at (60,24) ppi_mul_add.g_tf_ppi.g_tf_reg[31].g_ccw.TF_ff.r_data[19].Q[0]
2649 dffre at (61,24) ppi_mul_add.g_tf_ppi.g_tf_reg[31].g_ccw.TF_ff.r_data[20].Q[0]
2650 dffre at (61,25) ppi_mul_add.g_tf_ppi.g_tf_reg[31].g_ccw.TF_ff.r_data[21].Q[0]
2651 dffre at (61,25) ppi_mul_add.g_tf_ppi.g_tf_reg[31].g_ccw.TF_ff.r_data[22].Q[0]
2652 dffre at (61,25) ppi_mul_add.g_tf_ppi.g_tf_reg[31].g_ccw.TF_ff.r_data[25].Q[0]
2653 dffre at (58,33) ppi_mul_add.g_tf_ppi.g_tf_reg[32].g_ccw.TF_ff.r_data[0].Q[0]
2654 dffre at (58,33) ppi_mul_add.g_tf_ppi.g_tf_reg[32].g_ccw.TF_ff.r_data[1].Q[0]
2655 dffre at (61,30) ppi_mul_add.g_tf_ppi.g_tf_reg[32].g_ccw.TF_ff.r_data[2].Q[0]
2656 dffre at (61,30) ppi_mul_add.g_tf_ppi.g_tf_reg[32].g_ccw.TF_ff.r_data[3].Q[0]
2657 dffre at (61,30) ppi_mul_add.g_tf_ppi.g_tf_reg[32].g_ccw.TF_ff.r_data[4].Q[0]
2658 dffre at (61,30) ppi_mul_add.g_tf_ppi.g_tf_reg[32].g_ccw.TF_ff.r_data[5].Q[0]
2659 dffre at (61,30) ppi_mul_add.g_tf_ppi.g_tf_reg[32].g_ccw.TF_ff.r_data[6].Q[0]
2660 dffre at (65,30) ppi_mul_add.g_tf_ppi.g_tf_reg[32].g_ccw.TF_ff.r_data[7].Q[0]
2661 dffre at (65,30) ppi_mul_add.g_tf_ppi.g_tf_reg[32].g_ccw.TF_ff.r_data[8].Q[0]
2662 dffre at (65,30) ppi_mul_add.g_tf_ppi.g_tf_reg[32].g_ccw.TF_ff.r_data[9].Q[0]
2663 dffre at (66,29) ppi_mul_add.g_tf_ppi.g_tf_reg[32].g_ccw.TF_ff.r_data[10].Q[0]
2664 dffre at (66,29) ppi_mul_add.g_tf_ppi.g_tf_reg[32].g_ccw.TF_ff.r_data[11].Q[0]
2665 dffre at (65,30) ppi_mul_add.g_tf_ppi.g_tf_reg[32].g_ccw.TF_ff.r_data[12].Q[0]
2666 dffre at (65,29) ppi_mul_add.g_tf_ppi.g_tf_reg[32].g_ccw.TF_ff.r_data[13].Q[0]
2667 dffre at (65,30) ppi_mul_add.g_tf_ppi.g_tf_reg[32].g_ccw.TF_ff.r_data[14].Q[0]
2668 dffre at (64,27) ppi_mul_add.g_tf_ppi.g_tf_reg[32].g_ccw.TF_ff.r_data[15].Q[0]
2669 dffre at (64,27) ppi_mul_add.g_tf_ppi.g_tf_reg[32].g_ccw.TF_ff.r_data[16].Q[0]
2670 dffre at (64,27) ppi_mul_add.g_tf_ppi.g_tf_reg[32].g_ccw.TF_ff.r_data[17].Q[0]
2671 dffre at (65,28) ppi_mul_add.g_tf_ppi.g_tf_reg[32].g_ccw.TF_ff.r_data[18].Q[0]
2672 dffre at (65,28) ppi_mul_add.g_tf_ppi.g_tf_reg[32].g_ccw.TF_ff.r_data[19].Q[0]
2673 dffre at (65,27) ppi_mul_add.g_tf_ppi.g_tf_reg[32].g_ccw.TF_ff.r_data[20].Q[0]
2674 dffre at (63,27) ppi_mul_add.g_tf_ppi.g_tf_reg[32].g_ccw.TF_ff.r_data[21].Q[0]
2675 dffre at (63,27) ppi_mul_add.g_tf_ppi.g_tf_reg[32].g_ccw.TF_ff.r_data[22].Q[0]
2676 dffre at (63,27) ppi_mul_add.g_tf_ppi.g_tf_reg[32].g_ccw.TF_ff.r_data[25].Q[0]
2677 dffre at (58,33) ppi_mul_add.g_tf_ppi.g_tf_reg[33].g_ccw.TF_ff.r_data[0].Q[0]
2678 dffre at (58,33) ppi_mul_add.g_tf_ppi.g_tf_reg[33].g_ccw.TF_ff.r_data[1].Q[0]
2679 dffre at (58,33) ppi_mul_add.g_tf_ppi.g_tf_reg[33].g_ccw.TF_ff.r_data[2].Q[0]
2680 dffre at (58,33) ppi_mul_add.g_tf_ppi.g_tf_reg[33].g_ccw.TF_ff.r_data[3].Q[0]
2681 dffre at (58,33) ppi_mul_add.g_tf_ppi.g_tf_reg[33].g_ccw.TF_ff.r_data[4].Q[0]
2682 dffre at (58,33) ppi_mul_add.g_tf_ppi.g_tf_reg[33].g_ccw.TF_ff.r_data[5].Q[0]
2683 dffre at (58,33) ppi_mul_add.g_tf_ppi.g_tf_reg[33].g_ccw.TF_ff.r_data[6].Q[0]
2684 dffre at (57,37) ppi_mul_add.g_tf_ppi.g_tf_reg[33].g_ccw.TF_ff.r_data[7].Q[0]
2685 dffre at (57,37) ppi_mul_add.g_tf_ppi.g_tf_reg[33].g_ccw.TF_ff.r_data[8].Q[0]
2686 dffre at (57,37) ppi_mul_add.g_tf_ppi.g_tf_reg[33].g_ccw.TF_ff.r_data[9].Q[0]
2687 dffre at (59,38) ppi_mul_add.g_tf_ppi.g_tf_reg[33].g_ccw.TF_ff.r_data[10].Q[0]
2688 dffre at (59,38) ppi_mul_add.g_tf_ppi.g_tf_reg[33].g_ccw.TF_ff.r_data[11].Q[0]
2689 dffre at (57,37) ppi_mul_add.g_tf_ppi.g_tf_reg[33].g_ccw.TF_ff.r_data[12].Q[0]
2690 dffre at (57,37) ppi_mul_add.g_tf_ppi.g_tf_reg[33].g_ccw.TF_ff.r_data[13].Q[0]
2691 dffre at (59,37) ppi_mul_add.g_tf_ppi.g_tf_reg[33].g_ccw.TF_ff.r_data[14].Q[0]
2692 dffre at (59,36) ppi_mul_add.g_tf_ppi.g_tf_reg[33].g_ccw.TF_ff.r_data[15].Q[0]
2693 dffre at (59,36) ppi_mul_add.g_tf_ppi.g_tf_reg[33].g_ccw.TF_ff.r_data[16].Q[0]
2694 dffre at (59,37) ppi_mul_add.g_tf_ppi.g_tf_reg[33].g_ccw.TF_ff.r_data[17].Q[0]
2695 dffre at (57,37) ppi_mul_add.g_tf_ppi.g_tf_reg[33].g_ccw.TF_ff.r_data[18].Q[0]
2696 dffre at (60,37) ppi_mul_add.g_tf_ppi.g_tf_reg[33].g_ccw.TF_ff.r_data[19].Q[0]
2697 dffre at (59,36) ppi_mul_add.g_tf_ppi.g_tf_reg[33].g_ccw.TF_ff.r_data[20].Q[0]
2698 dffre at (53,36) ppi_mul_add.g_tf_ppi.g_tf_reg[33].g_ccw.TF_ff.r_data[21].Q[0]
2699 dffre at (53,36) ppi_mul_add.g_tf_ppi.g_tf_reg[33].g_ccw.TF_ff.r_data[22].Q[0]
2700 dffre at (50,28) ppi_mul_add.g_tf_ppi.g_tf_reg[33].g_ccw.TF_ff.r_data[25].Q[0]
2701 dffre at (58,21) ppi_mul_add.g_tf_ppi.g_tf_reg[34].g_ccw.TF_ff.r_data[0].Q[0]
2702 dffre at (58,21) ppi_mul_add.g_tf_ppi.g_tf_reg[34].g_ccw.TF_ff.r_data[1].Q[0]
2703 dffre at (58,21) ppi_mul_add.g_tf_ppi.g_tf_reg[34].g_ccw.TF_ff.r_data[2].Q[0]
2704 dffre at (58,21) ppi_mul_add.g_tf_ppi.g_tf_reg[34].g_ccw.TF_ff.r_data[3].Q[0]
2705 dffre at (57,37) ppi_mul_add.g_tf_ppi.g_tf_reg[34].g_ccw.TF_ff.r_data[4].Q[0]
2706 dffre at (61,36) ppi_mul_add.g_tf_ppi.g_tf_reg[34].g_ccw.TF_ff.r_data[5].Q[0]
2707 dffre at (61,36) ppi_mul_add.g_tf_ppi.g_tf_reg[34].g_ccw.TF_ff.r_data[6].Q[0]
2708 dffre at (58,35) ppi_mul_add.g_tf_ppi.g_tf_reg[34].g_ccw.TF_ff.r_data[7].Q[0]
2709 dffre at (58,35) ppi_mul_add.g_tf_ppi.g_tf_reg[34].g_ccw.TF_ff.r_data[8].Q[0]
2710 dffre at (58,35) ppi_mul_add.g_tf_ppi.g_tf_reg[34].g_ccw.TF_ff.r_data[9].Q[0]
2711 dffre at (58,35) ppi_mul_add.g_tf_ppi.g_tf_reg[34].g_ccw.TF_ff.r_data[10].Q[0]
2712 dffre at (61,36) ppi_mul_add.g_tf_ppi.g_tf_reg[34].g_ccw.TF_ff.r_data[11].Q[0]
2713 dffre at (58,35) ppi_mul_add.g_tf_ppi.g_tf_reg[34].g_ccw.TF_ff.r_data[12].Q[0]
2714 dffre at (58,35) ppi_mul_add.g_tf_ppi.g_tf_reg[34].g_ccw.TF_ff.r_data[13].Q[0]
2715 dffre at (61,35) ppi_mul_add.g_tf_ppi.g_tf_reg[34].g_ccw.TF_ff.r_data[14].Q[0]
2716 dffre at (58,21) ppi_mul_add.g_tf_ppi.g_tf_reg[34].g_ccw.TF_ff.r_data[15].Q[0]
2717 dffre at (58,34) ppi_mul_add.g_tf_ppi.g_tf_reg[34].g_ccw.TF_ff.r_data[16].Q[0]
2718 dffre at (59,34) ppi_mul_add.g_tf_ppi.g_tf_reg[34].g_ccw.TF_ff.r_data[17].Q[0]
2719 dffre at (59,35) ppi_mul_add.g_tf_ppi.g_tf_reg[34].g_ccw.TF_ff.r_data[18].Q[0]
2720 dffre at (59,35) ppi_mul_add.g_tf_ppi.g_tf_reg[34].g_ccw.TF_ff.r_data[19].Q[0]
2721 dffre at (59,34) ppi_mul_add.g_tf_ppi.g_tf_reg[34].g_ccw.TF_ff.r_data[20].Q[0]
2722 dffre at (59,35) ppi_mul_add.g_tf_ppi.g_tf_reg[34].g_ccw.TF_ff.r_data[21].Q[0]
2723 dffre at (61,34) ppi_mul_add.g_tf_ppi.g_tf_reg[34].g_ccw.TF_ff.r_data[22].Q[0]
2724 dffre at (61,30) ppi_mul_add.g_tf_ppi.g_tf_reg[34].g_ccw.TF_ff.r_data[25].Q[0]
2725 dffre at (58,21) ppi_mul_add.g_tf_ppi.g_tf_reg[35].g_ccw.TF_ff.r_data[0].Q[0]
2726 dffre at (54,18) ppi_mul_add.g_tf_ppi.g_tf_reg[35].g_ccw.TF_ff.r_data[1].Q[0]
2727 dffre at (54,18) ppi_mul_add.g_tf_ppi.g_tf_reg[35].g_ccw.TF_ff.r_data[2].Q[0]
2728 dffre at (54,18) ppi_mul_add.g_tf_ppi.g_tf_reg[35].g_ccw.TF_ff.r_data[3].Q[0]
2729 dffre at (58,21) ppi_mul_add.g_tf_ppi.g_tf_reg[35].g_ccw.TF_ff.r_data[4].Q[0]
2730 dffre at (58,21) ppi_mul_add.g_tf_ppi.g_tf_reg[35].g_ccw.TF_ff.r_data[5].Q[0]
2731 dffre at (58,21) ppi_mul_add.g_tf_ppi.g_tf_reg[35].g_ccw.TF_ff.r_data[6].Q[0]
2732 dffre at (59,24) ppi_mul_add.g_tf_ppi.g_tf_reg[35].g_ccw.TF_ff.r_data[7].Q[0]
2733 dffre at (59,24) ppi_mul_add.g_tf_ppi.g_tf_reg[35].g_ccw.TF_ff.r_data[8].Q[0]
2734 dffre at (59,24) ppi_mul_add.g_tf_ppi.g_tf_reg[35].g_ccw.TF_ff.r_data[9].Q[0]
2735 dffre at (59,24) ppi_mul_add.g_tf_ppi.g_tf_reg[35].g_ccw.TF_ff.r_data[10].Q[0]
2736 dffre at (59,25) ppi_mul_add.g_tf_ppi.g_tf_reg[35].g_ccw.TF_ff.r_data[11].Q[0]
2737 dffre at (59,24) ppi_mul_add.g_tf_ppi.g_tf_reg[35].g_ccw.TF_ff.r_data[12].Q[0]
2738 dffre at (59,23) ppi_mul_add.g_tf_ppi.g_tf_reg[35].g_ccw.TF_ff.r_data[13].Q[0]
2739 dffre at (59,23) ppi_mul_add.g_tf_ppi.g_tf_reg[35].g_ccw.TF_ff.r_data[14].Q[0]
2740 dffre at (59,23) ppi_mul_add.g_tf_ppi.g_tf_reg[35].g_ccw.TF_ff.r_data[15].Q[0]
2741 dffre at (58,22) ppi_mul_add.g_tf_ppi.g_tf_reg[35].g_ccw.TF_ff.r_data[16].Q[0]
2742 dffre at (57,22) ppi_mul_add.g_tf_ppi.g_tf_reg[35].g_ccw.TF_ff.r_data[17].Q[0]
2743 dffre at (58,33) ppi_mul_add.g_tf_ppi.g_tf_reg[35].g_ccw.TF_ff.r_data[18].Q[0]
2744 dffre at (58,33) ppi_mul_add.g_tf_ppi.g_tf_reg[35].g_ccw.TF_ff.r_data[19].Q[0]
2745 dffre at (58,22) ppi_mul_add.g_tf_ppi.g_tf_reg[35].g_ccw.TF_ff.r_data[20].Q[0]
2746 dffre at (57,22) ppi_mul_add.g_tf_ppi.g_tf_reg[35].g_ccw.TF_ff.r_data[21].Q[0]
2747 dffre at (57,22) ppi_mul_add.g_tf_ppi.g_tf_reg[35].g_ccw.TF_ff.r_data[22].Q[0]
2748 dffre at (57,22) ppi_mul_add.g_tf_ppi.g_tf_reg[35].g_ccw.TF_ff.r_data[25].Q[0]
2749 dffre at (53,21) ppi_mul_add.g_tf_ppi.g_tf_reg[36].g_ccw.TF_ff.r_data[0].Q[0]
2750 dffre at (53,21) ppi_mul_add.g_tf_ppi.g_tf_reg[36].g_ccw.TF_ff.r_data[1].Q[0]
2751 dffre at (53,21) ppi_mul_add.g_tf_ppi.g_tf_reg[36].g_ccw.TF_ff.r_data[2].Q[0]
2752 dffre at (53,21) ppi_mul_add.g_tf_ppi.g_tf_reg[36].g_ccw.TF_ff.r_data[3].Q[0]
2753 dffre at (53,21) ppi_mul_add.g_tf_ppi.g_tf_reg[36].g_ccw.TF_ff.r_data[4].Q[0]
2754 dffre at (53,21) ppi_mul_add.g_tf_ppi.g_tf_reg[36].g_ccw.TF_ff.r_data[5].Q[0]
2755 dffre at (53,21) ppi_mul_add.g_tf_ppi.g_tf_reg[36].g_ccw.TF_ff.r_data[6].Q[0]
2756 dffre at (55,19) ppi_mul_add.g_tf_ppi.g_tf_reg[36].g_ccw.TF_ff.r_data[7].Q[0]
2757 dffre at (59,24) ppi_mul_add.g_tf_ppi.g_tf_reg[36].g_ccw.TF_ff.r_data[8].Q[0]
2758 dffre at (59,24) ppi_mul_add.g_tf_ppi.g_tf_reg[36].g_ccw.TF_ff.r_data[9].Q[0]
2759 dffre at (57,20) ppi_mul_add.g_tf_ppi.g_tf_reg[36].g_ccw.TF_ff.r_data[10].Q[0]
2760 dffre at (57,20) ppi_mul_add.g_tf_ppi.g_tf_reg[36].g_ccw.TF_ff.r_data[11].Q[0]
2761 dffre at (55,19) ppi_mul_add.g_tf_ppi.g_tf_reg[36].g_ccw.TF_ff.r_data[12].Q[0]
2762 dffre at (55,18) ppi_mul_add.g_tf_ppi.g_tf_reg[36].g_ccw.TF_ff.r_data[13].Q[0]
2763 dffre at (55,19) ppi_mul_add.g_tf_ppi.g_tf_reg[36].g_ccw.TF_ff.r_data[14].Q[0]
2764 dffre at (58,21) ppi_mul_add.g_tf_ppi.g_tf_reg[36].g_ccw.TF_ff.r_data[15].Q[0]
2765 dffre at (55,19) ppi_mul_add.g_tf_ppi.g_tf_reg[36].g_ccw.TF_ff.r_data[16].Q[0]
2766 dffre at (54,19) ppi_mul_add.g_tf_ppi.g_tf_reg[36].g_ccw.TF_ff.r_data[17].Q[0]
2767 dffre at (58,21) ppi_mul_add.g_tf_ppi.g_tf_reg[36].g_ccw.TF_ff.r_data[18].Q[0]
2768 dffre at (58,21) ppi_mul_add.g_tf_ppi.g_tf_reg[36].g_ccw.TF_ff.r_data[19].Q[0]
2769 dffre at (54,19) ppi_mul_add.g_tf_ppi.g_tf_reg[36].g_ccw.TF_ff.r_data[20].Q[0]
2770 dffre at (54,20) ppi_mul_add.g_tf_ppi.g_tf_reg[36].g_ccw.TF_ff.r_data[21].Q[0]
2771 dffre at (54,20) ppi_mul_add.g_tf_ppi.g_tf_reg[36].g_ccw.TF_ff.r_data[22].Q[0]
2772 dffre at (53,21) ppi_mul_add.g_tf_ppi.g_tf_reg[36].g_ccw.TF_ff.r_data[25].Q[0]
2773 dffre at (53,21) ppi_mul_add.g_tf_ppi.g_tf_reg[37].g_ccw.TF_ff.r_data[0].Q[0]
2774 dffre at (53,21) ppi_mul_add.g_tf_ppi.g_tf_reg[37].g_ccw.TF_ff.r_data[1].Q[0]
2775 dffre at (53,21) ppi_mul_add.g_tf_ppi.g_tf_reg[37].g_ccw.TF_ff.r_data[2].Q[0]
2776 dffre at (53,21) ppi_mul_add.g_tf_ppi.g_tf_reg[37].g_ccw.TF_ff.r_data[3].Q[0]
2777 dffre at (53,21) ppi_mul_add.g_tf_ppi.g_tf_reg[37].g_ccw.TF_ff.r_data[4].Q[0]
2778 dffre at (53,21) ppi_mul_add.g_tf_ppi.g_tf_reg[37].g_ccw.TF_ff.r_data[5].Q[0]
2779 dffre at (53,21) ppi_mul_add.g_tf_ppi.g_tf_reg[37].g_ccw.TF_ff.r_data[6].Q[0]
2780 dffre at (52,19) ppi_mul_add.g_tf_ppi.g_tf_reg[37].g_ccw.TF_ff.r_data[7].Q[0]
2781 dffre at (52,19) ppi_mul_add.g_tf_ppi.g_tf_reg[37].g_ccw.TF_ff.r_data[8].Q[0]
2782 dffre at (52,19) ppi_mul_add.g_tf_ppi.g_tf_reg[37].g_ccw.TF_ff.r_data[9].Q[0]
2783 dffre at (52,19) ppi_mul_add.g_tf_ppi.g_tf_reg[37].g_ccw.TF_ff.r_data[10].Q[0]
2784 dffre at (52,17) ppi_mul_add.g_tf_ppi.g_tf_reg[37].g_ccw.TF_ff.r_data[11].Q[0]
2785 dffre at (52,17) ppi_mul_add.g_tf_ppi.g_tf_reg[37].g_ccw.TF_ff.r_data[12].Q[0]
2786 dffre at (52,17) ppi_mul_add.g_tf_ppi.g_tf_reg[37].g_ccw.TF_ff.r_data[13].Q[0]
2787 dffre at (54,17) ppi_mul_add.g_tf_ppi.g_tf_reg[37].g_ccw.TF_ff.r_data[14].Q[0]
2788 dffre at (54,18) ppi_mul_add.g_tf_ppi.g_tf_reg[37].g_ccw.TF_ff.r_data[15].Q[0]
2789 dffre at (52,16) ppi_mul_add.g_tf_ppi.g_tf_reg[37].g_ccw.TF_ff.r_data[16].Q[0]
2790 dffre at (54,18) ppi_mul_add.g_tf_ppi.g_tf_reg[37].g_ccw.TF_ff.r_data[17].Q[0]
2791 dffre at (52,18) ppi_mul_add.g_tf_ppi.g_tf_reg[37].g_ccw.TF_ff.r_data[18].Q[0]
2792 dffre at (52,18) ppi_mul_add.g_tf_ppi.g_tf_reg[37].g_ccw.TF_ff.r_data[19].Q[0]
2793 dffre at (52,16) ppi_mul_add.g_tf_ppi.g_tf_reg[37].g_ccw.TF_ff.r_data[20].Q[0]
2794 dffre at (51,17) ppi_mul_add.g_tf_ppi.g_tf_reg[37].g_ccw.TF_ff.r_data[21].Q[0]
2795 dffre at (51,17) ppi_mul_add.g_tf_ppi.g_tf_reg[37].g_ccw.TF_ff.r_data[22].Q[0]
2796 dffre at (54,18) ppi_mul_add.g_tf_ppi.g_tf_reg[37].g_ccw.TF_ff.r_data[25].Q[0]
2797 dffre at (42,35) ppi_mul_add.g_tf_ppi.g_tf_reg[38].g_ccw.TF_ff.r_data[0].Q[0]
2798 dffre at (42,35) ppi_mul_add.g_tf_ppi.g_tf_reg[38].g_ccw.TF_ff.r_data[1].Q[0]
2799 dffre at (42,35) ppi_mul_add.g_tf_ppi.g_tf_reg[38].g_ccw.TF_ff.r_data[2].Q[0]
2800 dffre at (42,35) ppi_mul_add.g_tf_ppi.g_tf_reg[38].g_ccw.TF_ff.r_data[3].Q[0]
2801 dffre at (42,35) ppi_mul_add.g_tf_ppi.g_tf_reg[38].g_ccw.TF_ff.r_data[4].Q[0]
2802 dffre at (42,35) ppi_mul_add.g_tf_ppi.g_tf_reg[38].g_ccw.TF_ff.r_data[5].Q[0]
2803 dffre at (42,35) ppi_mul_add.g_tf_ppi.g_tf_reg[38].g_ccw.TF_ff.r_data[6].Q[0]
2804 dffre at (47,22) ppi_mul_add.g_tf_ppi.g_tf_reg[38].g_ccw.TF_ff.r_data[7].Q[0]
2805 dffre at (47,22) ppi_mul_add.g_tf_ppi.g_tf_reg[38].g_ccw.TF_ff.r_data[8].Q[0]
2806 dffre at (47,22) ppi_mul_add.g_tf_ppi.g_tf_reg[38].g_ccw.TF_ff.r_data[9].Q[0]
2807 dffre at (47,22) ppi_mul_add.g_tf_ppi.g_tf_reg[38].g_ccw.TF_ff.r_data[10].Q[0]
2808 dffre at (48,19) ppi_mul_add.g_tf_ppi.g_tf_reg[38].g_ccw.TF_ff.r_data[11].Q[0]
2809 dffre at (48,19) ppi_mul_add.g_tf_ppi.g_tf_reg[38].g_ccw.TF_ff.r_data[12].Q[0]
2810 dffre at (48,19) ppi_mul_add.g_tf_ppi.g_tf_reg[38].g_ccw.TF_ff.r_data[13].Q[0]
2811 dffre at (47,20) ppi_mul_add.g_tf_ppi.g_tf_reg[38].g_ccw.TF_ff.r_data[14].Q[0]
2812 dffre at (50,21) ppi_mul_add.g_tf_ppi.g_tf_reg[38].g_ccw.TF_ff.r_data[15].Q[0]
2813 dffre at (50,21) ppi_mul_add.g_tf_ppi.g_tf_reg[38].g_ccw.TF_ff.r_data[16].Q[0]
2814 dffre at (46,19) ppi_mul_add.g_tf_ppi.g_tf_reg[38].g_ccw.TF_ff.r_data[17].Q[0]
2815 dffre at (47,21) ppi_mul_add.g_tf_ppi.g_tf_reg[38].g_ccw.TF_ff.r_data[18].Q[0]
2816 dffre at (47,21) ppi_mul_add.g_tf_ppi.g_tf_reg[38].g_ccw.TF_ff.r_data[19].Q[0]
2817 dffre at (46,20) ppi_mul_add.g_tf_ppi.g_tf_reg[38].g_ccw.TF_ff.r_data[20].Q[0]
2818 dffre at (46,20) ppi_mul_add.g_tf_ppi.g_tf_reg[38].g_ccw.TF_ff.r_data[21].Q[0]
2819 dffre at (50,21) ppi_mul_add.g_tf_ppi.g_tf_reg[38].g_ccw.TF_ff.r_data[22].Q[0]
2820 dffre at (39,27) ppi_mul_add.g_tf_ppi.g_tf_reg[38].g_ccw.TF_ff.r_data[25].Q[0]
2821 dffre at (46,39) ppi_mul_add.g_tf_ppi.g_tf_reg[39].g_ccw.TF_ff.r_data[0].Q[0]
2822 dffre at (46,39) ppi_mul_add.g_tf_ppi.g_tf_reg[39].g_ccw.TF_ff.r_data[1].Q[0]
2823 dffre at (46,39) ppi_mul_add.g_tf_ppi.g_tf_reg[39].g_ccw.TF_ff.r_data[2].Q[0]
2824 dffre at (46,39) ppi_mul_add.g_tf_ppi.g_tf_reg[39].g_ccw.TF_ff.r_data[3].Q[0]
2825 dffre at (48,39) ppi_mul_add.g_tf_ppi.g_tf_reg[39].g_ccw.TF_ff.r_data[4].Q[0]
2826 dffre at (48,39) ppi_mul_add.g_tf_ppi.g_tf_reg[39].g_ccw.TF_ff.r_data[5].Q[0]
2827 dffre at (48,39) ppi_mul_add.g_tf_ppi.g_tf_reg[39].g_ccw.TF_ff.r_data[6].Q[0]
2828 dffre at (48,37) ppi_mul_add.g_tf_ppi.g_tf_reg[39].g_ccw.TF_ff.r_data[7].Q[0]
2829 dffre at (48,37) ppi_mul_add.g_tf_ppi.g_tf_reg[39].g_ccw.TF_ff.r_data[8].Q[0]
2830 dffre at (48,37) ppi_mul_add.g_tf_ppi.g_tf_reg[39].g_ccw.TF_ff.r_data[9].Q[0]
2831 dffre at (48,39) ppi_mul_add.g_tf_ppi.g_tf_reg[39].g_ccw.TF_ff.r_data[10].Q[0]
2832 dffre at (48,39) ppi_mul_add.g_tf_ppi.g_tf_reg[39].g_ccw.TF_ff.r_data[11].Q[0]
2833 dffre at (48,37) ppi_mul_add.g_tf_ppi.g_tf_reg[39].g_ccw.TF_ff.r_data[12].Q[0]
2834 dffre at (48,38) ppi_mul_add.g_tf_ppi.g_tf_reg[39].g_ccw.TF_ff.r_data[13].Q[0]
2835 dffre at (48,36) ppi_mul_add.g_tf_ppi.g_tf_reg[39].g_ccw.TF_ff.r_data[14].Q[0]
2836 dffre at (48,38) ppi_mul_add.g_tf_ppi.g_tf_reg[39].g_ccw.TF_ff.r_data[15].Q[0]
2837 dffre at (48,38) ppi_mul_add.g_tf_ppi.g_tf_reg[39].g_ccw.TF_ff.r_data[16].Q[0]
2838 dffre at (48,38) ppi_mul_add.g_tf_ppi.g_tf_reg[39].g_ccw.TF_ff.r_data[17].Q[0]
2839 dffre at (47,36) ppi_mul_add.g_tf_ppi.g_tf_reg[39].g_ccw.TF_ff.r_data[18].Q[0]
2840 dffre at (47,36) ppi_mul_add.g_tf_ppi.g_tf_reg[39].g_ccw.TF_ff.r_data[19].Q[0]
2841 dffre at (48,32) ppi_mul_add.g_tf_ppi.g_tf_reg[39].g_ccw.TF_ff.r_data[20].Q[0]
2842 dffre at (48,32) ppi_mul_add.g_tf_ppi.g_tf_reg[39].g_ccw.TF_ff.r_data[21].Q[0]
2843 dffre at (47,36) ppi_mul_add.g_tf_ppi.g_tf_reg[39].g_ccw.TF_ff.r_data[22].Q[0]
2844 dffre at (47,36) ppi_mul_add.g_tf_ppi.g_tf_reg[39].g_ccw.TF_ff.r_data[25].Q[0]
2845 dffre at (46,39) ppi_mul_add.g_tf_ppi.g_tf_reg[40].g_ccw.TF_ff.r_data[0].Q[0]
2846 dffre at (46,39) ppi_mul_add.g_tf_ppi.g_tf_reg[40].g_ccw.TF_ff.r_data[1].Q[0]
2847 dffre at (46,39) ppi_mul_add.g_tf_ppi.g_tf_reg[40].g_ccw.TF_ff.r_data[2].Q[0]
2848 dffre at (46,39) ppi_mul_add.g_tf_ppi.g_tf_reg[40].g_ccw.TF_ff.r_data[3].Q[0]
2849 dffre at (46,39) ppi_mul_add.g_tf_ppi.g_tf_reg[40].g_ccw.TF_ff.r_data[4].Q[0]
2850 dffre at (46,39) ppi_mul_add.g_tf_ppi.g_tf_reg[40].g_ccw.TF_ff.r_data[5].Q[0]
2851 dffre at (46,39) ppi_mul_add.g_tf_ppi.g_tf_reg[40].g_ccw.TF_ff.r_data[6].Q[0]
2852 dffre at (46,39) ppi_mul_add.g_tf_ppi.g_tf_reg[40].g_ccw.TF_ff.r_data[7].Q[0]
2853 dffre at (46,39) ppi_mul_add.g_tf_ppi.g_tf_reg[40].g_ccw.TF_ff.r_data[8].Q[0]
2854 dffre at (42,38) ppi_mul_add.g_tf_ppi.g_tf_reg[40].g_ccw.TF_ff.r_data[9].Q[0]
2855 dffre at (42,38) ppi_mul_add.g_tf_ppi.g_tf_reg[40].g_ccw.TF_ff.r_data[10].Q[0]
2856 dffre at (42,38) ppi_mul_add.g_tf_ppi.g_tf_reg[40].g_ccw.TF_ff.r_data[11].Q[0]
2857 dffre at (42,38) ppi_mul_add.g_tf_ppi.g_tf_reg[40].g_ccw.TF_ff.r_data[12].Q[0]
2858 dffre at (42,38) ppi_mul_add.g_tf_ppi.g_tf_reg[40].g_ccw.TF_ff.r_data[13].Q[0]
2859 dffre at (40,37) ppi_mul_add.g_tf_ppi.g_tf_reg[40].g_ccw.TF_ff.r_data[14].Q[0]
2860 dffre at (46,38) ppi_mul_add.g_tf_ppi.g_tf_reg[40].g_ccw.TF_ff.r_data[15].Q[0]
2861 dffre at (42,37) ppi_mul_add.g_tf_ppi.g_tf_reg[40].g_ccw.TF_ff.r_data[16].Q[0]
2862 dffre at (46,38) ppi_mul_add.g_tf_ppi.g_tf_reg[40].g_ccw.TF_ff.r_data[17].Q[0]
2863 dffre at (46,38) ppi_mul_add.g_tf_ppi.g_tf_reg[40].g_ccw.TF_ff.r_data[18].Q[0]
2864 dffre at (46,38) ppi_mul_add.g_tf_ppi.g_tf_reg[40].g_ccw.TF_ff.r_data[19].Q[0]
2865 dffre at (44,37) ppi_mul_add.g_tf_ppi.g_tf_reg[40].g_ccw.TF_ff.r_data[20].Q[0]
2866 dffre at (46,38) ppi_mul_add.g_tf_ppi.g_tf_reg[40].g_ccw.TF_ff.r_data[21].Q[0]
2867 dffre at (42,36) ppi_mul_add.g_tf_ppi.g_tf_reg[40].g_ccw.TF_ff.r_data[22].Q[0]
2868 dffre at (45,33) ppi_mul_add.g_tf_ppi.g_tf_reg[40].g_ccw.TF_ff.r_data[25].Q[0]
2869 dffre at (39,36) ppi_mul_add.g_tf_ppi.g_tf_reg[41].g_ccw.TF_ff.r_data[0].Q[0]
2870 dffre at (39,36) ppi_mul_add.g_tf_ppi.g_tf_reg[41].g_ccw.TF_ff.r_data[1].Q[0]
2871 dffre at (39,36) ppi_mul_add.g_tf_ppi.g_tf_reg[41].g_ccw.TF_ff.r_data[2].Q[0]
2872 dffre at (39,36) ppi_mul_add.g_tf_ppi.g_tf_reg[41].g_ccw.TF_ff.r_data[3].Q[0]
2873 dffre at (39,36) ppi_mul_add.g_tf_ppi.g_tf_reg[41].g_ccw.TF_ff.r_data[4].Q[0]
2874 dffre at (42,35) ppi_mul_add.g_tf_ppi.g_tf_reg[41].g_ccw.TF_ff.r_data[5].Q[0]
2875 dffre at (42,35) ppi_mul_add.g_tf_ppi.g_tf_reg[41].g_ccw.TF_ff.r_data[6].Q[0]
2876 dffre at (42,35) ppi_mul_add.g_tf_ppi.g_tf_reg[41].g_ccw.TF_ff.r_data[7].Q[0]
2877 dffre at (42,35) ppi_mul_add.g_tf_ppi.g_tf_reg[41].g_ccw.TF_ff.r_data[8].Q[0]
2878 dffre at (39,35) ppi_mul_add.g_tf_ppi.g_tf_reg[41].g_ccw.TF_ff.r_data[9].Q[0]
2879 dffre at (39,35) ppi_mul_add.g_tf_ppi.g_tf_reg[41].g_ccw.TF_ff.r_data[10].Q[0]
2880 dffre at (39,35) ppi_mul_add.g_tf_ppi.g_tf_reg[41].g_ccw.TF_ff.r_data[11].Q[0]
2881 dffre at (39,35) ppi_mul_add.g_tf_ppi.g_tf_reg[41].g_ccw.TF_ff.r_data[12].Q[0]
2882 dffre at (39,35) ppi_mul_add.g_tf_ppi.g_tf_reg[41].g_ccw.TF_ff.r_data[13].Q[0]
2883 dffre at (39,35) ppi_mul_add.g_tf_ppi.g_tf_reg[41].g_ccw.TF_ff.r_data[14].Q[0]
2884 dffre at (40,37) ppi_mul_add.g_tf_ppi.g_tf_reg[41].g_ccw.TF_ff.r_data[15].Q[0]
2885 dffre at (40,37) ppi_mul_add.g_tf_ppi.g_tf_reg[41].g_ccw.TF_ff.r_data[16].Q[0]
2886 dffre at (39,34) ppi_mul_add.g_tf_ppi.g_tf_reg[41].g_ccw.TF_ff.r_data[17].Q[0]
2887 dffre at (39,34) ppi_mul_add.g_tf_ppi.g_tf_reg[41].g_ccw.TF_ff.r_data[18].Q[0]
2888 dffre at (39,34) ppi_mul_add.g_tf_ppi.g_tf_reg[41].g_ccw.TF_ff.r_data[19].Q[0]
2889 dffre at (39,34) ppi_mul_add.g_tf_ppi.g_tf_reg[41].g_ccw.TF_ff.r_data[20].Q[0]
2890 dffre at (40,33) ppi_mul_add.g_tf_ppi.g_tf_reg[41].g_ccw.TF_ff.r_data[21].Q[0]
2891 dffre at (40,33) ppi_mul_add.g_tf_ppi.g_tf_reg[41].g_ccw.TF_ff.r_data[22].Q[0]
2892 dffre at (40,33) ppi_mul_add.g_tf_ppi.g_tf_reg[41].g_ccw.TF_ff.r_data[25].Q[0]
2893 dffre at (42,35) ppi_mul_add.g_tf_ppi.g_tf_reg[42].g_ccw.TF_ff.r_data[0].Q[0]
2894 dffre at (42,35) ppi_mul_add.g_tf_ppi.g_tf_reg[42].g_ccw.TF_ff.r_data[1].Q[0]
2895 dffre at (42,35) ppi_mul_add.g_tf_ppi.g_tf_reg[42].g_ccw.TF_ff.r_data[2].Q[0]
2896 dffre at (42,35) ppi_mul_add.g_tf_ppi.g_tf_reg[42].g_ccw.TF_ff.r_data[3].Q[0]
2897 dffre at (42,35) ppi_mul_add.g_tf_ppi.g_tf_reg[42].g_ccw.TF_ff.r_data[4].Q[0]
2898 dffre at (46,39) ppi_mul_add.g_tf_ppi.g_tf_reg[42].g_ccw.TF_ff.r_data[5].Q[0]
2899 dffre at (46,39) ppi_mul_add.g_tf_ppi.g_tf_reg[42].g_ccw.TF_ff.r_data[6].Q[0]
2900 dffre at (44,38) ppi_mul_add.g_tf_ppi.g_tf_reg[42].g_ccw.TF_ff.r_data[7].Q[0]
2901 dffre at (44,38) ppi_mul_add.g_tf_ppi.g_tf_reg[42].g_ccw.TF_ff.r_data[8].Q[0]
2902 dffre at (44,38) ppi_mul_add.g_tf_ppi.g_tf_reg[42].g_ccw.TF_ff.r_data[9].Q[0]
2903 dffre at (42,38) ppi_mul_add.g_tf_ppi.g_tf_reg[42].g_ccw.TF_ff.r_data[10].Q[0]
2904 dffre at (42,38) ppi_mul_add.g_tf_ppi.g_tf_reg[42].g_ccw.TF_ff.r_data[11].Q[0]
2905 dffre at (40,37) ppi_mul_add.g_tf_ppi.g_tf_reg[42].g_ccw.TF_ff.r_data[12].Q[0]
2906 dffre at (44,38) ppi_mul_add.g_tf_ppi.g_tf_reg[42].g_ccw.TF_ff.r_data[13].Q[0]
2907 dffre at (42,37) ppi_mul_add.g_tf_ppi.g_tf_reg[42].g_ccw.TF_ff.r_data[14].Q[0]
2908 dffre at (42,37) ppi_mul_add.g_tf_ppi.g_tf_reg[42].g_ccw.TF_ff.r_data[15].Q[0]
2909 dffre at (42,37) ppi_mul_add.g_tf_ppi.g_tf_reg[42].g_ccw.TF_ff.r_data[16].Q[0]
2910 dffre at (44,38) ppi_mul_add.g_tf_ppi.g_tf_reg[42].g_ccw.TF_ff.r_data[17].Q[0]
2911 dffre at (44,38) ppi_mul_add.g_tf_ppi.g_tf_reg[42].g_ccw.TF_ff.r_data[18].Q[0]
2912 dffre at (44,37) ppi_mul_add.g_tf_ppi.g_tf_reg[42].g_ccw.TF_ff.r_data[19].Q[0]
2913 dffre at (44,38) ppi_mul_add.g_tf_ppi.g_tf_reg[42].g_ccw.TF_ff.r_data[20].Q[0]
2914 dffre at (41,35) ppi_mul_add.g_tf_ppi.g_tf_reg[42].g_ccw.TF_ff.r_data[21].Q[0]
2915 dffre at (44,37) ppi_mul_add.g_tf_ppi.g_tf_reg[42].g_ccw.TF_ff.r_data[22].Q[0]
2916 dffre at (42,36) ppi_mul_add.g_tf_ppi.g_tf_reg[42].g_ccw.TF_ff.r_data[25].Q[0]
2917 dffre at (48,39) ppi_mul_add.g_tf_ppi.g_tf_reg[43].g_ccw.TF_ff.r_data[0].Q[0]
2918 dffre at (48,39) ppi_mul_add.g_tf_ppi.g_tf_reg[43].g_ccw.TF_ff.r_data[1].Q[0]
2919 dffre at (48,39) ppi_mul_add.g_tf_ppi.g_tf_reg[43].g_ccw.TF_ff.r_data[2].Q[0]
2920 dffre at (48,39) ppi_mul_add.g_tf_ppi.g_tf_reg[43].g_ccw.TF_ff.r_data[3].Q[0]
2921 dffre at (48,39) ppi_mul_add.g_tf_ppi.g_tf_reg[43].g_ccw.TF_ff.r_data[4].Q[0]
2922 dffre at (48,39) ppi_mul_add.g_tf_ppi.g_tf_reg[43].g_ccw.TF_ff.r_data[5].Q[0]
2923 dffre at (48,39) ppi_mul_add.g_tf_ppi.g_tf_reg[43].g_ccw.TF_ff.r_data[6].Q[0]
2924 dffre at (48,39) ppi_mul_add.g_tf_ppi.g_tf_reg[43].g_ccw.TF_ff.r_data[7].Q[0]
2925 dffre at (48,39) ppi_mul_add.g_tf_ppi.g_tf_reg[43].g_ccw.TF_ff.r_data[8].Q[0]
2926 dffre at (48,39) ppi_mul_add.g_tf_ppi.g_tf_reg[43].g_ccw.TF_ff.r_data[9].Q[0]
2927 dffre at (48,37) ppi_mul_add.g_tf_ppi.g_tf_reg[43].g_ccw.TF_ff.r_data[10].Q[0]
2928 dffre at (50,21) ppi_mul_add.g_tf_ppi.g_tf_reg[43].g_ccw.TF_ff.r_data[11].Q[0]
2929 dffre at (50,21) ppi_mul_add.g_tf_ppi.g_tf_reg[43].g_ccw.TF_ff.r_data[12].Q[0]
2930 dffre at (48,37) ppi_mul_add.g_tf_ppi.g_tf_reg[43].g_ccw.TF_ff.r_data[13].Q[0]
2931 dffre at (48,36) ppi_mul_add.g_tf_ppi.g_tf_reg[43].g_ccw.TF_ff.r_data[14].Q[0]
2932 dffre at (48,37) ppi_mul_add.g_tf_ppi.g_tf_reg[43].g_ccw.TF_ff.r_data[15].Q[0]
2933 dffre at (48,36) ppi_mul_add.g_tf_ppi.g_tf_reg[43].g_ccw.TF_ff.r_data[16].Q[0]
2934 dffre at (48,24) ppi_mul_add.g_tf_ppi.g_tf_reg[43].g_ccw.TF_ff.r_data[17].Q[0]
2935 dffre at (48,24) ppi_mul_add.g_tf_ppi.g_tf_reg[43].g_ccw.TF_ff.r_data[18].Q[0]
2936 dffre at (48,24) ppi_mul_add.g_tf_ppi.g_tf_reg[43].g_ccw.TF_ff.r_data[19].Q[0]
2937 dffre at (48,36) ppi_mul_add.g_tf_ppi.g_tf_reg[43].g_ccw.TF_ff.r_data[20].Q[0]
2938 dffre at (48,32) ppi_mul_add.g_tf_ppi.g_tf_reg[43].g_ccw.TF_ff.r_data[21].Q[0]
2939 dffre at (48,24) ppi_mul_add.g_tf_ppi.g_tf_reg[43].g_ccw.TF_ff.r_data[22].Q[0]
2940 dffre at (48,32) ppi_mul_add.g_tf_ppi.g_tf_reg[43].g_ccw.TF_ff.r_data[25].Q[0]
2941 dffre at (48,39) ppi_mul_add.g_tf_ppi.g_tf_reg[44].g_ccw.TF_ff.r_data[0].Q[0]
2942 dffre at (47,22) ppi_mul_add.g_tf_ppi.g_tf_reg[44].g_ccw.TF_ff.r_data[1].Q[0]
2943 dffre at (47,22) ppi_mul_add.g_tf_ppi.g_tf_reg[44].g_ccw.TF_ff.r_data[2].Q[0]
2944 dffre at (47,22) ppi_mul_add.g_tf_ppi.g_tf_reg[44].g_ccw.TF_ff.r_data[3].Q[0]
2945 dffre at (47,22) ppi_mul_add.g_tf_ppi.g_tf_reg[44].g_ccw.TF_ff.r_data[4].Q[0]
2946 dffre at (47,22) ppi_mul_add.g_tf_ppi.g_tf_reg[44].g_ccw.TF_ff.r_data[5].Q[0]
2947 dffre at (47,22) ppi_mul_add.g_tf_ppi.g_tf_reg[44].g_ccw.TF_ff.r_data[6].Q[0]
2948 dffre at (47,22) ppi_mul_add.g_tf_ppi.g_tf_reg[44].g_ccw.TF_ff.r_data[7].Q[0]
2949 dffre at (47,22) ppi_mul_add.g_tf_ppi.g_tf_reg[44].g_ccw.TF_ff.r_data[8].Q[0]
2950 dffre at (47,22) ppi_mul_add.g_tf_ppi.g_tf_reg[44].g_ccw.TF_ff.r_data[9].Q[0]
2951 dffre at (47,22) ppi_mul_add.g_tf_ppi.g_tf_reg[44].g_ccw.TF_ff.r_data[10].Q[0]
2952 dffre at (48,19) ppi_mul_add.g_tf_ppi.g_tf_reg[44].g_ccw.TF_ff.r_data[11].Q[0]
2953 dffre at (47,20) ppi_mul_add.g_tf_ppi.g_tf_reg[44].g_ccw.TF_ff.r_data[12].Q[0]
2954 dffre at (47,20) ppi_mul_add.g_tf_ppi.g_tf_reg[44].g_ccw.TF_ff.r_data[13].Q[0]
2955 dffre at (48,19) ppi_mul_add.g_tf_ppi.g_tf_reg[44].g_ccw.TF_ff.r_data[14].Q[0]
2956 dffre at (50,21) ppi_mul_add.g_tf_ppi.g_tf_reg[44].g_ccw.TF_ff.r_data[15].Q[0]
2957 dffre at (46,19) ppi_mul_add.g_tf_ppi.g_tf_reg[44].g_ccw.TF_ff.r_data[16].Q[0]
2958 dffre at (50,21) ppi_mul_add.g_tf_ppi.g_tf_reg[44].g_ccw.TF_ff.r_data[17].Q[0]
2959 dffre at (46,19) ppi_mul_add.g_tf_ppi.g_tf_reg[44].g_ccw.TF_ff.r_data[18].Q[0]
2960 dffre at (47,21) ppi_mul_add.g_tf_ppi.g_tf_reg[44].g_ccw.TF_ff.r_data[19].Q[0]
2961 dffre at (47,21) ppi_mul_add.g_tf_ppi.g_tf_reg[44].g_ccw.TF_ff.r_data[20].Q[0]
2962 dffre at (48,20) ppi_mul_add.g_tf_ppi.g_tf_reg[44].g_ccw.TF_ff.r_data[21].Q[0]
2963 dffre at (48,20) ppi_mul_add.g_tf_ppi.g_tf_reg[44].g_ccw.TF_ff.r_data[22].Q[0]
2964 dffre at (48,20) ppi_mul_add.g_tf_ppi.g_tf_reg[44].g_ccw.TF_ff.r_data[25].Q[0]
2965 dffre at (39,36) ppi_mul_add.g_tf_ppi.g_tf_reg[45].g_ccw.TF_ff.r_data[0].Q[0]
2966 dffre at (39,36) ppi_mul_add.g_tf_ppi.g_tf_reg[45].g_ccw.TF_ff.r_data[1].Q[0]
2967 dffre at (55,19) ppi_mul_add.g_tf_ppi.g_tf_reg[45].g_ccw.TF_ff.r_data[2].Q[0]
2968 dffre at (55,19) ppi_mul_add.g_tf_ppi.g_tf_reg[45].g_ccw.TF_ff.r_data[3].Q[0]
2969 dffre at (53,21) ppi_mul_add.g_tf_ppi.g_tf_reg[45].g_ccw.TF_ff.r_data[4].Q[0]
2970 dffre at (55,19) ppi_mul_add.g_tf_ppi.g_tf_reg[45].g_ccw.TF_ff.r_data[5].Q[0]
2971 dffre at (55,19) ppi_mul_add.g_tf_ppi.g_tf_reg[45].g_ccw.TF_ff.r_data[6].Q[0]
2972 dffre at (52,19) ppi_mul_add.g_tf_ppi.g_tf_reg[45].g_ccw.TF_ff.r_data[7].Q[0]
2973 dffre at (52,19) ppi_mul_add.g_tf_ppi.g_tf_reg[45].g_ccw.TF_ff.r_data[8].Q[0]
2974 dffre at (52,19) ppi_mul_add.g_tf_ppi.g_tf_reg[45].g_ccw.TF_ff.r_data[9].Q[0]
2975 dffre at (52,19) ppi_mul_add.g_tf_ppi.g_tf_reg[45].g_ccw.TF_ff.r_data[10].Q[0]
2976 dffre at (52,17) ppi_mul_add.g_tf_ppi.g_tf_reg[45].g_ccw.TF_ff.r_data[11].Q[0]
2977 dffre at (54,17) ppi_mul_add.g_tf_ppi.g_tf_reg[45].g_ccw.TF_ff.r_data[12].Q[0]
2978 dffre at (54,17) ppi_mul_add.g_tf_ppi.g_tf_reg[45].g_ccw.TF_ff.r_data[13].Q[0]
2979 dffre at (52,17) ppi_mul_add.g_tf_ppi.g_tf_reg[45].g_ccw.TF_ff.r_data[14].Q[0]
2980 dffre at (52,16) ppi_mul_add.g_tf_ppi.g_tf_reg[45].g_ccw.TF_ff.r_data[15].Q[0]
2981 dffre at (52,16) ppi_mul_add.g_tf_ppi.g_tf_reg[45].g_ccw.TF_ff.r_data[16].Q[0]
2982 dffre at (54,18) ppi_mul_add.g_tf_ppi.g_tf_reg[45].g_ccw.TF_ff.r_data[17].Q[0]
2983 dffre at (52,18) ppi_mul_add.g_tf_ppi.g_tf_reg[45].g_ccw.TF_ff.r_data[18].Q[0]
2984 dffre at (52,18) ppi_mul_add.g_tf_ppi.g_tf_reg[45].g_ccw.TF_ff.r_data[19].Q[0]
2985 dffre at (52,18) ppi_mul_add.g_tf_ppi.g_tf_reg[45].g_ccw.TF_ff.r_data[20].Q[0]
2986 dffre at (53,17) ppi_mul_add.g_tf_ppi.g_tf_reg[45].g_ccw.TF_ff.r_data[21].Q[0]
2987 dffre at (53,17) ppi_mul_add.g_tf_ppi.g_tf_reg[45].g_ccw.TF_ff.r_data[22].Q[0]
2988 dffre at (53,17) ppi_mul_add.g_tf_ppi.g_tf_reg[45].g_ccw.TF_ff.r_data[25].Q[0]
2989 dffre at (52,19) ppi_mul_add.g_tf_ppi.g_tf_reg[46].g_ccw.TF_ff.r_data[0].Q[0]
2990 dffre at (52,19) ppi_mul_add.g_tf_ppi.g_tf_reg[46].g_ccw.TF_ff.r_data[1].Q[0]
2991 dffre at (52,19) ppi_mul_add.g_tf_ppi.g_tf_reg[46].g_ccw.TF_ff.r_data[2].Q[0]
2992 dffre at (52,19) ppi_mul_add.g_tf_ppi.g_tf_reg[46].g_ccw.TF_ff.r_data[3].Q[0]
2993 dffre at (52,19) ppi_mul_add.g_tf_ppi.g_tf_reg[46].g_ccw.TF_ff.r_data[4].Q[0]
2994 dffre at (52,19) ppi_mul_add.g_tf_ppi.g_tf_reg[46].g_ccw.TF_ff.r_data[5].Q[0]
2995 dffre at (55,19) ppi_mul_add.g_tf_ppi.g_tf_reg[46].g_ccw.TF_ff.r_data[6].Q[0]
2996 dffre at (55,19) ppi_mul_add.g_tf_ppi.g_tf_reg[46].g_ccw.TF_ff.r_data[7].Q[0]
2997 dffre at (55,19) ppi_mul_add.g_tf_ppi.g_tf_reg[46].g_ccw.TF_ff.r_data[8].Q[0]
2998 dffre at (55,19) ppi_mul_add.g_tf_ppi.g_tf_reg[46].g_ccw.TF_ff.r_data[9].Q[0]
2999 dffre at (57,20) ppi_mul_add.g_tf_ppi.g_tf_reg[46].g_ccw.TF_ff.r_data[10].Q[0]
3000 dffre at (57,20) ppi_mul_add.g_tf_ppi.g_tf_reg[46].g_ccw.TF_ff.r_data[11].Q[0]
3001 dffre at (57,20) ppi_mul_add.g_tf_ppi.g_tf_reg[46].g_ccw.TF_ff.r_data[12].Q[0]
3002 dffre at (55,18) ppi_mul_add.g_tf_ppi.g_tf_reg[46].g_ccw.TF_ff.r_data[13].Q[0]
3003 dffre at (55,18) ppi_mul_add.g_tf_ppi.g_tf_reg[46].g_ccw.TF_ff.r_data[14].Q[0]
3004 dffre at (55,18) ppi_mul_add.g_tf_ppi.g_tf_reg[46].g_ccw.TF_ff.r_data[15].Q[0]
3005 dffre at (54,19) ppi_mul_add.g_tf_ppi.g_tf_reg[46].g_ccw.TF_ff.r_data[16].Q[0]
3006 dffre at (55,20) ppi_mul_add.g_tf_ppi.g_tf_reg[46].g_ccw.TF_ff.r_data[17].Q[0]
3007 dffre at (54,19) ppi_mul_add.g_tf_ppi.g_tf_reg[46].g_ccw.TF_ff.r_data[18].Q[0]
3008 dffre at (57,21) ppi_mul_add.g_tf_ppi.g_tf_reg[46].g_ccw.TF_ff.r_data[19].Q[0]
3009 dffre at (57,21) ppi_mul_add.g_tf_ppi.g_tf_reg[46].g_ccw.TF_ff.r_data[20].Q[0]
3010 dffre at (55,20) ppi_mul_add.g_tf_ppi.g_tf_reg[46].g_ccw.TF_ff.r_data[21].Q[0]
3011 dffre at (55,20) ppi_mul_add.g_tf_ppi.g_tf_reg[46].g_ccw.TF_ff.r_data[22].Q[0]
3012 dffre at (55,20) ppi_mul_add.g_tf_ppi.g_tf_reg[46].g_ccw.TF_ff.r_data[25].Q[0]
3013 dffre at (39,36) ppi_mul_add.g_tf_ppi.g_tf_reg[47].g_ccw.TF_ff.r_data[0].Q[0]
3014 dffre at (39,36) ppi_mul_add.g_tf_ppi.g_tf_reg[47].g_ccw.TF_ff.r_data[1].Q[0]
3015 dffre at (54,18) ppi_mul_add.g_tf_ppi.g_tf_reg[47].g_ccw.TF_ff.r_data[2].Q[0]
3016 dffre at (54,18) ppi_mul_add.g_tf_ppi.g_tf_reg[47].g_ccw.TF_ff.r_data[3].Q[0]
3017 dffre at (54,18) ppi_mul_add.g_tf_ppi.g_tf_reg[47].g_ccw.TF_ff.r_data[4].Q[0]
3018 dffre at (54,18) ppi_mul_add.g_tf_ppi.g_tf_reg[47].g_ccw.TF_ff.r_data[5].Q[0]
3019 dffre at (54,18) ppi_mul_add.g_tf_ppi.g_tf_reg[47].g_ccw.TF_ff.r_data[6].Q[0]
3020 dffre at (59,24) ppi_mul_add.g_tf_ppi.g_tf_reg[47].g_ccw.TF_ff.r_data[7].Q[0]
3021 dffre at (59,24) ppi_mul_add.g_tf_ppi.g_tf_reg[47].g_ccw.TF_ff.r_data[8].Q[0]
3022 dffre at (59,24) ppi_mul_add.g_tf_ppi.g_tf_reg[47].g_ccw.TF_ff.r_data[9].Q[0]
3023 dffre at (59,24) ppi_mul_add.g_tf_ppi.g_tf_reg[47].g_ccw.TF_ff.r_data[10].Q[0]
3024 dffre at (59,25) ppi_mul_add.g_tf_ppi.g_tf_reg[47].g_ccw.TF_ff.r_data[11].Q[0]
3025 dffre at (59,25) ppi_mul_add.g_tf_ppi.g_tf_reg[47].g_ccw.TF_ff.r_data[12].Q[0]
3026 dffre at (59,25) ppi_mul_add.g_tf_ppi.g_tf_reg[47].g_ccw.TF_ff.r_data[13].Q[0]
3027 dffre at (59,23) ppi_mul_add.g_tf_ppi.g_tf_reg[47].g_ccw.TF_ff.r_data[14].Q[0]
3028 dffre at (58,22) ppi_mul_add.g_tf_ppi.g_tf_reg[47].g_ccw.TF_ff.r_data[15].Q[0]
3029 dffre at (59,23) ppi_mul_add.g_tf_ppi.g_tf_reg[47].g_ccw.TF_ff.r_data[16].Q[0]
3030 dffre at (58,22) ppi_mul_add.g_tf_ppi.g_tf_reg[47].g_ccw.TF_ff.r_data[17].Q[0]
3031 dffre at (58,22) ppi_mul_add.g_tf_ppi.g_tf_reg[47].g_ccw.TF_ff.r_data[18].Q[0]
3032 dffre at (59,22) ppi_mul_add.g_tf_ppi.g_tf_reg[47].g_ccw.TF_ff.r_data[19].Q[0]
3033 dffre at (59,22) ppi_mul_add.g_tf_ppi.g_tf_reg[47].g_ccw.TF_ff.r_data[20].Q[0]
3034 dffre at (58,23) ppi_mul_add.g_tf_ppi.g_tf_reg[47].g_ccw.TF_ff.r_data[21].Q[0]
3035 dffre at (58,23) ppi_mul_add.g_tf_ppi.g_tf_reg[47].g_ccw.TF_ff.r_data[22].Q[0]
3036 dffre at (58,23) ppi_mul_add.g_tf_ppi.g_tf_reg[47].g_ccw.TF_ff.r_data[25].Q[0]
3037 dffre at (61,36) ppi_mul_add.g_tf_ppi.g_tf_reg[48].g_ccw.TF_ff.r_data[0].Q[0]
3038 dffre at (61,36) ppi_mul_add.g_tf_ppi.g_tf_reg[48].g_ccw.TF_ff.r_data[1].Q[0]
3039 dffre at (61,36) ppi_mul_add.g_tf_ppi.g_tf_reg[48].g_ccw.TF_ff.r_data[2].Q[0]
3040 dffre at (61,36) ppi_mul_add.g_tf_ppi.g_tf_reg[48].g_ccw.TF_ff.r_data[3].Q[0]
3041 dffre at (61,36) ppi_mul_add.g_tf_ppi.g_tf_reg[48].g_ccw.TF_ff.r_data[4].Q[0]
3042 dffre at (61,36) ppi_mul_add.g_tf_ppi.g_tf_reg[48].g_ccw.TF_ff.r_data[5].Q[0]
3043 dffre at (61,36) ppi_mul_add.g_tf_ppi.g_tf_reg[48].g_ccw.TF_ff.r_data[6].Q[0]
3044 dffre at (61,36) ppi_mul_add.g_tf_ppi.g_tf_reg[48].g_ccw.TF_ff.r_data[7].Q[0]
3045 dffre at (61,36) ppi_mul_add.g_tf_ppi.g_tf_reg[48].g_ccw.TF_ff.r_data[8].Q[0]
3046 dffre at (61,36) ppi_mul_add.g_tf_ppi.g_tf_reg[48].g_ccw.TF_ff.r_data[9].Q[0]
3047 dffre at (58,35) ppi_mul_add.g_tf_ppi.g_tf_reg[48].g_ccw.TF_ff.r_data[10].Q[0]
3048 dffre at (61,35) ppi_mul_add.g_tf_ppi.g_tf_reg[48].g_ccw.TF_ff.r_data[11].Q[0]
3049 dffre at (61,35) ppi_mul_add.g_tf_ppi.g_tf_reg[48].g_ccw.TF_ff.r_data[12].Q[0]
3050 dffre at (61,35) ppi_mul_add.g_tf_ppi.g_tf_reg[48].g_ccw.TF_ff.r_data[13].Q[0]
3051 dffre at (58,35) ppi_mul_add.g_tf_ppi.g_tf_reg[48].g_ccw.TF_ff.r_data[14].Q[0]
3052 dffre at (58,34) ppi_mul_add.g_tf_ppi.g_tf_reg[48].g_ccw.TF_ff.r_data[15].Q[0]
3053 dffre at (58,35) ppi_mul_add.g_tf_ppi.g_tf_reg[48].g_ccw.TF_ff.r_data[16].Q[0]
3054 dffre at (58,34) ppi_mul_add.g_tf_ppi.g_tf_reg[48].g_ccw.TF_ff.r_data[17].Q[0]
3055 dffre at (59,34) ppi_mul_add.g_tf_ppi.g_tf_reg[48].g_ccw.TF_ff.r_data[18].Q[0]
3056 dffre at (59,34) ppi_mul_add.g_tf_ppi.g_tf_reg[48].g_ccw.TF_ff.r_data[19].Q[0]
3057 dffre at (61,34) ppi_mul_add.g_tf_ppi.g_tf_reg[48].g_ccw.TF_ff.r_data[20].Q[0]
3058 dffre at (60,33) ppi_mul_add.g_tf_ppi.g_tf_reg[48].g_ccw.TF_ff.r_data[21].Q[0]
3059 dffre at (60,33) ppi_mul_add.g_tf_ppi.g_tf_reg[48].g_ccw.TF_ff.r_data[22].Q[0]
3060 dffre at (60,33) ppi_mul_add.g_tf_ppi.g_tf_reg[48].g_ccw.TF_ff.r_data[25].Q[0]
3061 dffre at (39,36) ppi_mul_add.g_tf_ppi.g_tf_reg[49].g_ccw.TF_ff.r_data[0].Q[0]
3062 dffre at (39,36) ppi_mul_add.g_tf_ppi.g_tf_reg[49].g_ccw.TF_ff.r_data[1].Q[0]
3063 dffre at (55,39) ppi_mul_add.g_tf_ppi.g_tf_reg[49].g_ccw.TF_ff.r_data[2].Q[0]
3064 dffre at (55,39) ppi_mul_add.g_tf_ppi.g_tf_reg[49].g_ccw.TF_ff.r_data[3].Q[0]
3065 dffre at (55,39) ppi_mul_add.g_tf_ppi.g_tf_reg[49].g_ccw.TF_ff.r_data[4].Q[0]
3066 dffre at (55,39) ppi_mul_add.g_tf_ppi.g_tf_reg[49].g_ccw.TF_ff.r_data[5].Q[0]
3067 dffre at (55,39) ppi_mul_add.g_tf_ppi.g_tf_reg[49].g_ccw.TF_ff.r_data[6].Q[0]
3068 dffre at (57,37) ppi_mul_add.g_tf_ppi.g_tf_reg[49].g_ccw.TF_ff.r_data[7].Q[0]
3069 dffre at (57,37) ppi_mul_add.g_tf_ppi.g_tf_reg[49].g_ccw.TF_ff.r_data[8].Q[0]
3070 dffre at (57,37) ppi_mul_add.g_tf_ppi.g_tf_reg[49].g_ccw.TF_ff.r_data[9].Q[0]
3071 dffre at (59,38) ppi_mul_add.g_tf_ppi.g_tf_reg[49].g_ccw.TF_ff.r_data[10].Q[0]
3072 dffre at (59,38) ppi_mul_add.g_tf_ppi.g_tf_reg[49].g_ccw.TF_ff.r_data[11].Q[0]
3073 dffre at (59,38) ppi_mul_add.g_tf_ppi.g_tf_reg[49].g_ccw.TF_ff.r_data[12].Q[0]
3074 dffre at (59,37) ppi_mul_add.g_tf_ppi.g_tf_reg[49].g_ccw.TF_ff.r_data[13].Q[0]
3075 dffre at (57,37) ppi_mul_add.g_tf_ppi.g_tf_reg[49].g_ccw.TF_ff.r_data[14].Q[0]
3076 dffre at (59,36) ppi_mul_add.g_tf_ppi.g_tf_reg[49].g_ccw.TF_ff.r_data[15].Q[0]
3077 dffre at (59,36) ppi_mul_add.g_tf_ppi.g_tf_reg[49].g_ccw.TF_ff.r_data[16].Q[0]
3078 dffre at (60,37) ppi_mul_add.g_tf_ppi.g_tf_reg[49].g_ccw.TF_ff.r_data[17].Q[0]
3079 dffre at (59,36) ppi_mul_add.g_tf_ppi.g_tf_reg[49].g_ccw.TF_ff.r_data[18].Q[0]
3080 dffre at (60,37) ppi_mul_add.g_tf_ppi.g_tf_reg[49].g_ccw.TF_ff.r_data[19].Q[0]
3081 dffre at (60,37) ppi_mul_add.g_tf_ppi.g_tf_reg[49].g_ccw.TF_ff.r_data[20].Q[0]
3082 dffre at (58,36) ppi_mul_add.g_tf_ppi.g_tf_reg[49].g_ccw.TF_ff.r_data[21].Q[0]
3083 dffre at (58,36) ppi_mul_add.g_tf_ppi.g_tf_reg[49].g_ccw.TF_ff.r_data[22].Q[0]
3084 dffre at (58,36) ppi_mul_add.g_tf_ppi.g_tf_reg[49].g_ccw.TF_ff.r_data[25].Q[0]
3085 dffre at (58,33) ppi_mul_add.g_tf_ppi.g_tf_reg[50].g_ccw.TF_ff.r_data[0].Q[0]
3086 dffre at (65,30) ppi_mul_add.g_tf_ppi.g_tf_reg[50].g_ccw.TF_ff.r_data[1].Q[0]
3087 dffre at (65,30) ppi_mul_add.g_tf_ppi.g_tf_reg[50].g_ccw.TF_ff.r_data[2].Q[0]
3088 dffre at (65,30) ppi_mul_add.g_tf_ppi.g_tf_reg[50].g_ccw.TF_ff.r_data[3].Q[0]
3089 dffre at (65,30) ppi_mul_add.g_tf_ppi.g_tf_reg[50].g_ccw.TF_ff.r_data[4].Q[0]
3090 dffre at (65,30) ppi_mul_add.g_tf_ppi.g_tf_reg[50].g_ccw.TF_ff.r_data[5].Q[0]
3091 dffre at (65,30) ppi_mul_add.g_tf_ppi.g_tf_reg[50].g_ccw.TF_ff.r_data[6].Q[0]
3092 dffre at (65,30) ppi_mul_add.g_tf_ppi.g_tf_reg[50].g_ccw.TF_ff.r_data[7].Q[0]
3093 dffre at (65,30) ppi_mul_add.g_tf_ppi.g_tf_reg[50].g_ccw.TF_ff.r_data[8].Q[0]
3094 dffre at (65,30) ppi_mul_add.g_tf_ppi.g_tf_reg[50].g_ccw.TF_ff.r_data[9].Q[0]
3095 dffre at (66,29) ppi_mul_add.g_tf_ppi.g_tf_reg[50].g_ccw.TF_ff.r_data[10].Q[0]
3096 dffre at (66,29) ppi_mul_add.g_tf_ppi.g_tf_reg[50].g_ccw.TF_ff.r_data[11].Q[0]
3097 dffre at (66,29) ppi_mul_add.g_tf_ppi.g_tf_reg[50].g_ccw.TF_ff.r_data[12].Q[0]
3098 dffre at (65,29) ppi_mul_add.g_tf_ppi.g_tf_reg[50].g_ccw.TF_ff.r_data[13].Q[0]
3099 dffre at (65,29) ppi_mul_add.g_tf_ppi.g_tf_reg[50].g_ccw.TF_ff.r_data[14].Q[0]
3100 dffre at (65,29) ppi_mul_add.g_tf_ppi.g_tf_reg[50].g_ccw.TF_ff.r_data[15].Q[0]
3101 dffre at (64,27) ppi_mul_add.g_tf_ppi.g_tf_reg[50].g_ccw.TF_ff.r_data[16].Q[0]
3102 dffre at (64,28) ppi_mul_add.g_tf_ppi.g_tf_reg[50].g_ccw.TF_ff.r_data[17].Q[0]
3103 dffre at (64,28) ppi_mul_add.g_tf_ppi.g_tf_reg[50].g_ccw.TF_ff.r_data[18].Q[0]
3104 dffre at (65,28) ppi_mul_add.g_tf_ppi.g_tf_reg[50].g_ccw.TF_ff.r_data[19].Q[0]
3105 dffre at (65,28) ppi_mul_add.g_tf_ppi.g_tf_reg[50].g_ccw.TF_ff.r_data[20].Q[0]
3106 dffre at (65,27) ppi_mul_add.g_tf_ppi.g_tf_reg[50].g_ccw.TF_ff.r_data[21].Q[0]
3107 dffre at (64,28) ppi_mul_add.g_tf_ppi.g_tf_reg[50].g_ccw.TF_ff.r_data[22].Q[0]
3108 dffre at (64,28) ppi_mul_add.g_tf_ppi.g_tf_reg[50].g_ccw.TF_ff.r_data[25].Q[0]
3109 dffre at (61,30) ppi_mul_add.g_tf_ppi.g_tf_reg[51].g_ccw.TF_ff.r_data[0].Q[0]
3110 dffre at (61,30) ppi_mul_add.g_tf_ppi.g_tf_reg[51].g_ccw.TF_ff.r_data[1].Q[0]
3111 dffre at (61,30) ppi_mul_add.g_tf_ppi.g_tf_reg[51].g_ccw.TF_ff.r_data[2].Q[0]
3112 dffre at (60,27) ppi_mul_add.g_tf_ppi.g_tf_reg[51].g_ccw.TF_ff.r_data[3].Q[0]
3113 dffre at (60,27) ppi_mul_add.g_tf_ppi.g_tf_reg[51].g_ccw.TF_ff.r_data[4].Q[0]
3114 dffre at (60,27) ppi_mul_add.g_tf_ppi.g_tf_reg[51].g_ccw.TF_ff.r_data[5].Q[0]
3115 dffre at (60,27) ppi_mul_add.g_tf_ppi.g_tf_reg[51].g_ccw.TF_ff.r_data[6].Q[0]
3116 dffre at (60,27) ppi_mul_add.g_tf_ppi.g_tf_reg[51].g_ccw.TF_ff.r_data[7].Q[0]
3117 dffre at (60,27) ppi_mul_add.g_tf_ppi.g_tf_reg[51].g_ccw.TF_ff.r_data[8].Q[0]
3118 dffre at (60,27) ppi_mul_add.g_tf_ppi.g_tf_reg[51].g_ccw.TF_ff.r_data[9].Q[0]
3119 dffre at (63,26) ppi_mul_add.g_tf_ppi.g_tf_reg[51].g_ccw.TF_ff.r_data[10].Q[0]
3120 dffre at (63,26) ppi_mul_add.g_tf_ppi.g_tf_reg[51].g_ccw.TF_ff.r_data[11].Q[0]
3121 dffre at (63,26) ppi_mul_add.g_tf_ppi.g_tf_reg[51].g_ccw.TF_ff.r_data[12].Q[0]
3122 dffre at (60,27) ppi_mul_add.g_tf_ppi.g_tf_reg[51].g_ccw.TF_ff.r_data[13].Q[0]
3123 dffre at (60,26) ppi_mul_add.g_tf_ppi.g_tf_reg[51].g_ccw.TF_ff.r_data[14].Q[0]
3124 dffre at (60,25) ppi_mul_add.g_tf_ppi.g_tf_reg[51].g_ccw.TF_ff.r_data[15].Q[0]
3125 dffre at (60,25) ppi_mul_add.g_tf_ppi.g_tf_reg[51].g_ccw.TF_ff.r_data[16].Q[0]
3126 dffre at (60,25) ppi_mul_add.g_tf_ppi.g_tf_reg[51].g_ccw.TF_ff.r_data[17].Q[0]
3127 dffre at (59,26) ppi_mul_add.g_tf_ppi.g_tf_reg[51].g_ccw.TF_ff.r_data[18].Q[0]
3128 dffre at (59,26) ppi_mul_add.g_tf_ppi.g_tf_reg[51].g_ccw.TF_ff.r_data[19].Q[0]
3129 dffre at (59,26) ppi_mul_add.g_tf_ppi.g_tf_reg[51].g_ccw.TF_ff.r_data[20].Q[0]
3130 dffre at (61,24) ppi_mul_add.g_tf_ppi.g_tf_reg[51].g_ccw.TF_ff.r_data[21].Q[0]
3131 dffre at (59,26) ppi_mul_add.g_tf_ppi.g_tf_reg[51].g_ccw.TF_ff.r_data[22].Q[0]
3132 dffre at (59,26) ppi_mul_add.g_tf_ppi.g_tf_reg[51].g_ccw.TF_ff.r_data[25].Q[0]
3133 dffre at (55,39) ppi_mul_add.g_tf_ppi.g_tf_reg[52].g_ccw.TF_ff.r_data[0].Q[0]
3134 dffre at (55,39) ppi_mul_add.g_tf_ppi.g_tf_reg[52].g_ccw.TF_ff.r_data[1].Q[0]
3135 dffre at (55,39) ppi_mul_add.g_tf_ppi.g_tf_reg[52].g_ccw.TF_ff.r_data[2].Q[0]
3136 dffre at (55,39) ppi_mul_add.g_tf_ppi.g_tf_reg[52].g_ccw.TF_ff.r_data[3].Q[0]
3137 dffre at (55,39) ppi_mul_add.g_tf_ppi.g_tf_reg[52].g_ccw.TF_ff.r_data[4].Q[0]
3138 dffre at (55,39) ppi_mul_add.g_tf_ppi.g_tf_reg[52].g_ccw.TF_ff.r_data[5].Q[0]
3139 dffre at (55,39) ppi_mul_add.g_tf_ppi.g_tf_reg[52].g_ccw.TF_ff.r_data[6].Q[0]
3140 dffre at (55,39) ppi_mul_add.g_tf_ppi.g_tf_reg[52].g_ccw.TF_ff.r_data[7].Q[0]
3141 dffre at (55,39) ppi_mul_add.g_tf_ppi.g_tf_reg[52].g_ccw.TF_ff.r_data[8].Q[0]
3142 dffre at (55,39) ppi_mul_add.g_tf_ppi.g_tf_reg[52].g_ccw.TF_ff.r_data[9].Q[0]
3143 dffre at (52,38) ppi_mul_add.g_tf_ppi.g_tf_reg[52].g_ccw.TF_ff.r_data[10].Q[0]
3144 dffre at (53,38) ppi_mul_add.g_tf_ppi.g_tf_reg[52].g_ccw.TF_ff.r_data[11].Q[0]
3145 dffre at (52,38) ppi_mul_add.g_tf_ppi.g_tf_reg[52].g_ccw.TF_ff.r_data[12].Q[0]
3146 dffre at (53,38) ppi_mul_add.g_tf_ppi.g_tf_reg[52].g_ccw.TF_ff.r_data[13].Q[0]
3147 dffre at (51,38) ppi_mul_add.g_tf_ppi.g_tf_reg[52].g_ccw.TF_ff.r_data[14].Q[0]
3148 dffre at (53,38) ppi_mul_add.g_tf_ppi.g_tf_reg[52].g_ccw.TF_ff.r_data[15].Q[0]
3149 dffre at (51,38) ppi_mul_add.g_tf_ppi.g_tf_reg[52].g_ccw.TF_ff.r_data[16].Q[0]
3150 dffre at (54,35) ppi_mul_add.g_tf_ppi.g_tf_reg[52].g_ccw.TF_ff.r_data[17].Q[0]
3151 dffre at (53,37) ppi_mul_add.g_tf_ppi.g_tf_reg[52].g_ccw.TF_ff.r_data[18].Q[0]
3152 dffre at (51,37) ppi_mul_add.g_tf_ppi.g_tf_reg[52].g_ccw.TF_ff.r_data[19].Q[0]
3153 dffre at (53,37) ppi_mul_add.g_tf_ppi.g_tf_reg[52].g_ccw.TF_ff.r_data[20].Q[0]
3154 dffre at (54,35) ppi_mul_add.g_tf_ppi.g_tf_reg[52].g_ccw.TF_ff.r_data[21].Q[0]
3155 dffre at (54,35) ppi_mul_add.g_tf_ppi.g_tf_reg[52].g_ccw.TF_ff.r_data[22].Q[0]
3156 dffre at (54,35) ppi_mul_add.g_tf_ppi.g_tf_reg[52].g_ccw.TF_ff.r_data[25].Q[0]

#End of unconstrained hold startpoint/endpoint report
