/*******************************************************************************
Copyright (c) 2022 Rapid Silicon
This source code contains proprietary information belonging to Rapid Silicon
(the "licensor") released under license and non-disclosure agreement to the
recipient (the "licensee").

The information shared and protected by the license and non-disclosure agreement
includes but is not limited to the following:
* operational algorithms of the product
* logos, graphics, source code, and visual presentation of the product
* confidential operational information of the licensor

The recipient of this source code is NOT permitted to publicly disclose,
re-use, archive beyond the period of the license agreement, transfer to a
sub-licensee, or re-implement any portion of the content covered by the license
and non-disclosure agreement without the prior written consent of the licensor.

Portions of Raptor Design Suite are utilized under the following third-party copyright notices:

Parallax Static Timing Analyzer Copyright (c) 2021, Parallax Software, Inc. All rights reserved.
*********************************************************************************/

Version  : 2023.10
Build    : 0.8.38
Hash     : fbfb312
Date     : Oct  7 2023
Type     : Engineering
Log Time   : Sat Oct  7 20:26:24 2023 GMT
#Timing report of worst 13 path(s)
# Unit scale: 1e-09 seconds
# Output precision: 3

# Logical Levels: 4
# Timing Graph Levels: 6

#Path 1
Startpoint: $abc$681$lo1.Q[0] (dffre clocked by i_clk)
Endpoint  : $abc$681$lo1.D[0] (dffre clocked by i_clk)
Path Type : hold

Point                                                             Incr      Path
--------------------------------------------------------------------------------
clock i_clk (rise edge)                                          0.000     0.000
clock source latency                                             0.000     0.000
i_clk.inpad[0] (.input)                                          0.000     0.000
$abc$681$lo1.C[0] (dffre)                                        0.019     0.019
$abc$681$lo1.Q[0] (dffre) [clock-to-output]                      0.029     0.048
$abc$1119$abc$735$li1_li1.in[0] (.names)                         0.066     0.114
$abc$1119$abc$735$li1_li1.out[0] (.names)                        0.065     0.179
$abc$681$lo1.D[0] (dffre)                                        0.000     0.179
data arrival time                                                          0.179

clock i_clk (rise edge)                                          0.000     0.000
clock source latency                                             0.000     0.000
i_clk.inpad[0] (.input)                                          0.000     0.000
$abc$681$lo1.C[0] (dffre)                                        0.019     0.019
clock uncertainty                                                0.000     0.019
cell hold time                                                  -0.028    -0.009
data required time                                                        -0.009
--------------------------------------------------------------------------------
data required time                                                         0.009
data arrival time                                                          0.179
--------------------------------------------------------------------------------
slack (MET)                                                                0.188


#Path 2
Startpoint: $abc$681$lo1.Q[0] (dffre clocked by i_clk)
Endpoint  : $abc$681$lo2.D[0] (dffre clocked by i_clk)
Path Type : hold

Point                                                             Incr      Path
--------------------------------------------------------------------------------
clock i_clk (rise edge)                                          0.000     0.000
clock source latency                                             0.000     0.000
i_clk.inpad[0] (.input)                                          0.000     0.000
$abc$681$lo1.C[0] (dffre)                                        0.019     0.019
$abc$681$lo1.Q[0] (dffre) [clock-to-output]                      0.029     0.048
$abc$1119$abc$735$li2_li2.in[1] (.names)                         0.066     0.114
$abc$1119$abc$735$li2_li2.out[0] (.names)                        0.065     0.179
$abc$681$lo2.D[0] (dffre)                                        0.000     0.179
data arrival time                                                          0.179

clock i_clk (rise edge)                                          0.000     0.000
clock source latency                                             0.000     0.000
i_clk.inpad[0] (.input)                                          0.000     0.000
$abc$681$lo2.C[0] (dffre)                                        0.019     0.019
clock uncertainty                                                0.000     0.019
cell hold time                                                  -0.028    -0.009
data required time                                                        -0.009
--------------------------------------------------------------------------------
data required time                                                         0.009
data arrival time                                                          0.179
--------------------------------------------------------------------------------
slack (MET)                                                                0.188


#Path 3
Startpoint: $abc$681$lo1.Q[0] (dffre clocked by i_clk)
Endpoint  : $abc$681$lo3.D[0] (dffre clocked by i_clk)
Path Type : hold

Point                                                             Incr      Path
--------------------------------------------------------------------------------
clock i_clk (rise edge)                                          0.000     0.000
clock source latency                                             0.000     0.000
i_clk.inpad[0] (.input)                                          0.000     0.000
$abc$681$lo1.C[0] (dffre)                                        0.019     0.019
$abc$681$lo1.Q[0] (dffre) [clock-to-output]                      0.029     0.048
$abc$1119$abc$735$li3_li3.in[2] (.names)                         0.066     0.114
$abc$1119$abc$735$li3_li3.out[0] (.names)                        0.065     0.179
$abc$681$lo3.D[0] (dffre)                                        0.000     0.179
data arrival time                                                          0.179

clock i_clk (rise edge)                                          0.000     0.000
clock source latency                                             0.000     0.000
i_clk.inpad[0] (.input)                                          0.000     0.000
$abc$681$lo3.C[0] (dffre)                                        0.019     0.019
clock uncertainty                                                0.000     0.019
cell hold time                                                  -0.028    -0.009
data required time                                                        -0.009
--------------------------------------------------------------------------------
data required time                                                         0.009
data arrival time                                                          0.179
--------------------------------------------------------------------------------
slack (MET)                                                                0.188


#Path 4
Startpoint: i_ena.inpad[0] (.input clocked by i_clk)
Endpoint  : $abc$681$lo0.E[0] (dffre clocked by i_clk)
Path Type : hold

Point                                                             Incr      Path
--------------------------------------------------------------------------------
clock i_clk (rise edge)                                          0.000     0.000
clock source latency                                             0.000     0.000
input external delay                                             0.000     0.000
i_ena.inpad[0] (.input)                                          0.000     0.000
$abc$681$lo0.E[0] (dffre)                                        0.366     0.366
data arrival time                                                          0.366

clock i_clk (rise edge)                                          0.000     0.000
clock source latency                                             0.000     0.000
i_clk.inpad[0] (.input)                                          0.000     0.000
$abc$681$lo0.C[0] (dffre)                                        0.019     0.019
clock uncertainty                                                0.000     0.019
cell hold time                                                  -0.028    -0.009
data required time                                                        -0.009
--------------------------------------------------------------------------------
data required time                                                         0.009
data arrival time                                                          0.366
--------------------------------------------------------------------------------
slack (MET)                                                                0.375


#Path 5
Startpoint: i_ena.inpad[0] (.input clocked by i_clk)
Endpoint  : $abc$681$lo1.E[0] (dffre clocked by i_clk)
Path Type : hold

Point                                                             Incr      Path
--------------------------------------------------------------------------------
clock i_clk (rise edge)                                          0.000     0.000
clock source latency                                             0.000     0.000
input external delay                                             0.000     0.000
i_ena.inpad[0] (.input)                                          0.000     0.000
$abc$681$lo1.E[0] (dffre)                                        0.366     0.366
data arrival time                                                          0.366

clock i_clk (rise edge)                                          0.000     0.000
clock source latency                                             0.000     0.000
i_clk.inpad[0] (.input)                                          0.000     0.000
$abc$681$lo1.C[0] (dffre)                                        0.019     0.019
clock uncertainty                                                0.000     0.019
cell hold time                                                  -0.028    -0.009
data required time                                                        -0.009
--------------------------------------------------------------------------------
data required time                                                         0.009
data arrival time                                                          0.366
--------------------------------------------------------------------------------
slack (MET)                                                                0.375


#Path 6
Startpoint: i_ena.inpad[0] (.input clocked by i_clk)
Endpoint  : $abc$681$lo2.E[0] (dffre clocked by i_clk)
Path Type : hold

Point                                                             Incr      Path
--------------------------------------------------------------------------------
clock i_clk (rise edge)                                          0.000     0.000
clock source latency                                             0.000     0.000
input external delay                                             0.000     0.000
i_ena.inpad[0] (.input)                                          0.000     0.000
$abc$681$lo2.E[0] (dffre)                                        0.366     0.366
data arrival time                                                          0.366

clock i_clk (rise edge)                                          0.000     0.000
clock source latency                                             0.000     0.000
i_clk.inpad[0] (.input)                                          0.000     0.000
$abc$681$lo2.C[0] (dffre)                                        0.019     0.019
clock uncertainty                                                0.000     0.019
cell hold time                                                  -0.028    -0.009
data required time                                                        -0.009
--------------------------------------------------------------------------------
data required time                                                         0.009
data arrival time                                                          0.366
--------------------------------------------------------------------------------
slack (MET)                                                                0.375


#Path 7
Startpoint: i_ena.inpad[0] (.input clocked by i_clk)
Endpoint  : $abc$681$lo3.E[0] (dffre clocked by i_clk)
Path Type : hold

Point                                                             Incr      Path
--------------------------------------------------------------------------------
clock i_clk (rise edge)                                          0.000     0.000
clock source latency                                             0.000     0.000
input external delay                                             0.000     0.000
i_ena.inpad[0] (.input)                                          0.000     0.000
$abc$681$lo3.E[0] (dffre)                                        0.366     0.366
data arrival time                                                          0.366

clock i_clk (rise edge)                                          0.000     0.000
clock source latency                                             0.000     0.000
i_clk.inpad[0] (.input)                                          0.000     0.000
$abc$681$lo3.C[0] (dffre)                                        0.019     0.019
clock uncertainty                                                0.000     0.019
cell hold time                                                  -0.028    -0.009
data required time                                                        -0.009
--------------------------------------------------------------------------------
data required time                                                         0.009
data arrival time                                                          0.366
--------------------------------------------------------------------------------
slack (MET)                                                                0.375


#Path 8
Startpoint: i_rst_an.inpad[0] (.input clocked by i_clk)
Endpoint  : $abc$681$lo0.R[0] (dffre clocked by i_clk)
Path Type : hold

Point                                                             Incr      Path
--------------------------------------------------------------------------------
clock i_clk (rise edge)                                          0.000     0.000
clock source latency                                             0.000     0.000
input external delay                                             0.000     0.000
i_rst_an.inpad[0] (.input)                                       0.000     0.000
$abc$681$lo0.R[0] (dffre)                                        0.427     0.427
data arrival time                                                          0.427

clock i_clk (rise edge)                                          0.000     0.000
clock source latency                                             0.000     0.000
i_clk.inpad[0] (.input)                                          0.000     0.000
$abc$681$lo0.C[0] (dffre)                                        0.019     0.019
clock uncertainty                                                0.000     0.019
cell hold time                                                  -0.028    -0.009
data required time                                                        -0.009
--------------------------------------------------------------------------------
data required time                                                         0.009
data arrival time                                                          0.427
--------------------------------------------------------------------------------
slack (MET)                                                                0.436


#Path 9
Startpoint: i_rst_an.inpad[0] (.input clocked by i_clk)
Endpoint  : $abc$681$lo1.R[0] (dffre clocked by i_clk)
Path Type : hold

Point                                                             Incr      Path
--------------------------------------------------------------------------------
clock i_clk (rise edge)                                          0.000     0.000
clock source latency                                             0.000     0.000
input external delay                                             0.000     0.000
i_rst_an.inpad[0] (.input)                                       0.000     0.000
$abc$681$lo1.R[0] (dffre)                                        0.427     0.427
data arrival time                                                          0.427

clock i_clk (rise edge)                                          0.000     0.000
clock source latency                                             0.000     0.000
i_clk.inpad[0] (.input)                                          0.000     0.000
$abc$681$lo1.C[0] (dffre)                                        0.019     0.019
clock uncertainty                                                0.000     0.019
cell hold time                                                  -0.028    -0.009
data required time                                                        -0.009
--------------------------------------------------------------------------------
data required time                                                         0.009
data arrival time                                                          0.427
--------------------------------------------------------------------------------
slack (MET)                                                                0.436


#Path 10
Startpoint: i_rst_an.inpad[0] (.input clocked by i_clk)
Endpoint  : $abc$681$lo2.R[0] (dffre clocked by i_clk)
Path Type : hold

Point                                                             Incr      Path
--------------------------------------------------------------------------------
clock i_clk (rise edge)                                          0.000     0.000
clock source latency                                             0.000     0.000
input external delay                                             0.000     0.000
i_rst_an.inpad[0] (.input)                                       0.000     0.000
$abc$681$lo2.R[0] (dffre)                                        0.427     0.427
data arrival time                                                          0.427

clock i_clk (rise edge)                                          0.000     0.000
clock source latency                                             0.000     0.000
i_clk.inpad[0] (.input)                                          0.000     0.000
$abc$681$lo2.C[0] (dffre)                                        0.019     0.019
clock uncertainty                                                0.000     0.019
cell hold time                                                  -0.028    -0.009
data required time                                                        -0.009
--------------------------------------------------------------------------------
data required time                                                         0.009
data arrival time                                                          0.427
--------------------------------------------------------------------------------
slack (MET)                                                                0.436


#Path 11
Startpoint: i_rst_an.inpad[0] (.input clocked by i_clk)
Endpoint  : $abc$681$lo3.R[0] (dffre clocked by i_clk)
Path Type : hold

Point                                                             Incr      Path
--------------------------------------------------------------------------------
clock i_clk (rise edge)                                          0.000     0.000
clock source latency                                             0.000     0.000
input external delay                                             0.000     0.000
i_rst_an.inpad[0] (.input)                                       0.000     0.000
$abc$681$lo3.R[0] (dffre)                                        0.427     0.427
data arrival time                                                          0.427

clock i_clk (rise edge)                                          0.000     0.000
clock source latency                                             0.000     0.000
i_clk.inpad[0] (.input)                                          0.000     0.000
$abc$681$lo3.C[0] (dffre)                                        0.019     0.019
clock uncertainty                                                0.000     0.019
cell hold time                                                  -0.028    -0.009
data required time                                                        -0.009
--------------------------------------------------------------------------------
data required time                                                         0.009
data arrival time                                                          0.427
--------------------------------------------------------------------------------
slack (MET)                                                                0.436


#Path 12
Startpoint: $abc$681$lo3.Q[0] (dffre clocked by i_clk)
Endpoint  : $abc$681$lo0.D[0] (dffre clocked by i_clk)
Path Type : hold

Point                                                             Incr      Path
--------------------------------------------------------------------------------
clock i_clk (rise edge)                                          0.000     0.000
clock source latency                                             0.000     0.000
i_clk.inpad[0] (.input)                                          0.000     0.000
$abc$681$lo3.C[0] (dffre)                                        0.019     0.019
$abc$681$lo3.Q[0] (dffre) [clock-to-output]                      0.029     0.048
$abc$1119$abc$735$li0_li0.in[0] (.names)                         0.289     0.337
$abc$1119$abc$735$li0_li0.out[0] (.names)                        0.101     0.438
$abc$681$lo0.D[0] (dffre)                                        0.000     0.438
data arrival time                                                          0.438

clock i_clk (rise edge)                                          0.000     0.000
clock source latency                                             0.000     0.000
i_clk.inpad[0] (.input)                                          0.000     0.000
$abc$681$lo0.C[0] (dffre)                                        0.019     0.019
clock uncertainty                                                0.000     0.019
cell hold time                                                  -0.028    -0.009
data required time                                                        -0.009
--------------------------------------------------------------------------------
data required time                                                         0.009
data arrival time                                                          0.438
--------------------------------------------------------------------------------
slack (MET)                                                                0.447


#Path 13
Startpoint: $abc$681$lo3.Q[0] (dffre clocked by i_clk)
Endpoint  : out:o_done.outpad[0] (.output clocked by i_clk)
Path Type : hold

Point                                                             Incr      Path
--------------------------------------------------------------------------------
clock i_clk (rise edge)                                          0.000     0.000
clock source latency                                             0.000     0.000
i_clk.inpad[0] (.input)                                          0.000     0.000
$abc$681$lo3.C[0] (dffre)                                        0.019     0.019
$abc$681$lo3.Q[0] (dffre) [clock-to-output]                      0.029     0.048
o_done.in[0] (.names)                                            0.289     0.337
o_done.out[0] (.names)                                           0.101     0.438
out:o_done.outpad[0] (.output)                                   0.595     1.033
data arrival time                                                          1.033

clock i_clk (rise edge)                                          0.000     0.000
clock source latency                                             0.000     0.000
clock uncertainty                                                0.000     0.000
output external delay                                            0.000     0.000
data required time                                                         0.000
--------------------------------------------------------------------------------
data required time                                                        -0.000
data arrival time                                                          1.033
--------------------------------------------------------------------------------
slack (MET)                                                                1.033


#End of timing report
