/*******************************************************************************
Copyright (c) 2022-2024 Rapid Silicon
This source code contains proprietary information belonging to Rapid Silicon
(the "licensor") released under license and non-disclosure agreement to the
recipient (the "licensee").

The information shared and protected by the license and non-disclosure agreement
includes but is not limited to the following:
* operational algorithms of the product
* logos, graphics, source code, and visual presentation of the product
* confidential operational information of the licensor

The recipient of this source code is NOT permitted to publicly disclose,
re-use, archive beyond the period of the license agreement, transfer to a
sub-licensee, or re-implement any portion of the content covered by the license
and non-disclosure agreement without the prior written consent of the licensor.
*********************************************************************************/

Version  : 2024.04
Build    : 1.0.38
Hash     : ed7a115
Date     : Apr 19 2024
Type     : Engineering
Log Time   : Fri Apr 19 11:30:01 2024 GMT
#Timing report of worst 6 path(s)
# Unit scale: 1e-09 seconds
# Output precision: 3

# Logical Levels: 3
# Timing Graph Levels: 6

#Path 1
Startpoint: $iopadmap$P[0].Q[0] (dffre at (2,4) clocked by $auto$clkbufmap.cc:298:execute$680)
Endpoint  : out:$iopadmap$P[0].outpad[0] (.output at (1,5) clocked by $auto$clkbufmap.cc:298:execute$680)
Path Type : setup

Point                                                                                Incr      Path
---------------------------------------------------------------------------------------------------
clock $auto$clkbufmap.cc:298:execute$680 (rise edge)                                0.000     0.000
clock source latency                                                                0.000     0.000
$auto$clkbufmap.cc:298:execute$680.inpad[0] (.input at (1,1))                       0.000     0.000
| (intra 'io' routing)                                                              0.894     0.894
| (inter-block routing:global net)                                                  0.000     0.894
| (intra 'clb' routing)                                                             0.000     0.894
$iopadmap$P[0].C[0] (dffre at (2,4))                                                0.000     0.894
| (primitive 'dffre' Tcq_max)                                                       0.154     1.048
$iopadmap$P[0].Q[0] (dffre at (2,4)) [clock-to-output]                              0.000     1.048
| (intra 'clb' routing)                                                             0.000     1.048
| (OPIN:46339 side: (RIGHT,) (2,4,0)0))                                             0.000     1.048
| (CHANY:108284 L4 length:4 (2,4,0)-> (2,7,0))                                      0.119     1.167
| (CHANY:108340 L4 length:4 (2,5,0)-> (2,8,0))                                      0.119     1.286
| (CHANX:105441 L1 length:1 (2,7,0)-> (2,7,0))                                      0.061     1.347
| (CHANY:107677 L4 length:4 (1,7,0)-> (1,4,0))                                      0.119     1.466
| (IPIN:51706 side: (RIGHT,) (1,5,0)0))                                             0.101     1.567
| (intra 'io' routing)                                                              0.733     2.299
out:$iopadmap$P[0].outpad[0] (.output at (1,5))                                     0.000     2.299
data arrival time                                                                             2.299

clock $auto$clkbufmap.cc:298:execute$680 (rise edge)                                0.000     0.000
clock source latency                                                                0.000     0.000
clock uncertainty                                                                   0.000     0.000
output external delay                                                               0.000     0.000
data required time                                                                            0.000
---------------------------------------------------------------------------------------------------
data required time                                                                            0.000
data arrival time                                                                            -2.299
---------------------------------------------------------------------------------------------------
slack (VIOLATED)                                                                             -2.299


#Path 2
Startpoint: $iopadmap$P[1].Q[0] (dffre at (2,4) clocked by $auto$clkbufmap.cc:298:execute$680)
Endpoint  : out:$iopadmap$P[1].outpad[0] (.output at (1,5) clocked by $auto$clkbufmap.cc:298:execute$680)
Path Type : setup

Point                                                                                Incr      Path
---------------------------------------------------------------------------------------------------
clock $auto$clkbufmap.cc:298:execute$680 (rise edge)                                0.000     0.000
clock source latency                                                                0.000     0.000
$auto$clkbufmap.cc:298:execute$680.inpad[0] (.input at (1,1))                       0.000     0.000
| (intra 'io' routing)                                                              0.894     0.894
| (inter-block routing:global net)                                                  0.000     0.894
| (intra 'clb' routing)                                                             0.000     0.894
$iopadmap$P[1].C[0] (dffre at (2,4))                                                0.000     0.894
| (primitive 'dffre' Tcq_max)                                                       0.154     1.048
$iopadmap$P[1].Q[0] (dffre at (2,4)) [clock-to-output]                              0.000     1.048
| (intra 'clb' routing)                                                             0.000     1.048
| (OPIN:46343 side: (RIGHT,) (2,4,0)0))                                             0.000     1.048
| (CHANY:108276 L4 length:4 (2,4,0)-> (2,7,0))                                      0.119     1.167
| (CHANX:103967 L1 length:1 (2,5,0)-> (2,5,0))                                      0.061     1.228
| (CHANY:107551 L4 length:4 (1,5,0)-> (1,2,0))                                      0.119     1.347
| (IPIN:51692 side: (RIGHT,) (1,5,0)0))                                             0.101     1.448
| (intra 'io' routing)                                                              0.733     2.181
out:$iopadmap$P[1].outpad[0] (.output at (1,5))                                     0.000     2.181
data arrival time                                                                             2.181

clock $auto$clkbufmap.cc:298:execute$680 (rise edge)                                0.000     0.000
clock source latency                                                                0.000     0.000
clock uncertainty                                                                   0.000     0.000
output external delay                                                               0.000     0.000
data required time                                                                            0.000
---------------------------------------------------------------------------------------------------
data required time                                                                            0.000
data arrival time                                                                            -2.181
---------------------------------------------------------------------------------------------------
slack (VIOLATED)                                                                             -2.181


#Path 3
Startpoint: $iopadmap$subtract_i.inpad[0] (.input at (1,3) clocked by $auto$clkbufmap.cc:298:execute$680)
Endpoint  : $iopadmap$P[1].D[0] (dffre at (2,4) clocked by $auto$clkbufmap.cc:298:execute$680)
Path Type : setup

Point                                                                                Incr      Path
---------------------------------------------------------------------------------------------------
clock $auto$clkbufmap.cc:298:execute$680 (rise edge)                                0.000     0.000
clock source latency                                                                0.000     0.000
input external delay                                                                0.000     0.000
$iopadmap$subtract_i.inpad[0] (.input at (1,3))                                     0.000     0.000
| (intra 'io' routing)                                                              0.894     0.894
| (OPIN:38224 side: (RIGHT,) (1,3,0)0))                                             0.000     0.894
| (CHANY:107600 L4 length:4 (1,3,0)-> (1,6,0))                                      0.119     1.013
| (CHANX:103218 L1 length:1 (2,4,0)-> (2,4,0))                                      0.061     1.074
| (CHANY:108241 L1 length:1 (2,4,0)-> (2,4,0))                                      0.061     1.135
| (IPIN:46376 side: (RIGHT,) (2,4,0)0))                                             0.101     1.236
| (intra 'clb' routing)                                                             0.085     1.321
$abc$306$li1_li1.in[3] (.names at (2,4))                                            0.000     1.321
| (primitive '.names' combinational delay)                                          0.152     1.473
$abc$306$li1_li1.out[0] (.names at (2,4))                                           0.000     1.473
| (intra 'clb' routing)                                                             0.000     1.473
$iopadmap$P[1].D[0] (dffre at (2,4))                                                0.000     1.473
data arrival time                                                                             1.473

clock $auto$clkbufmap.cc:298:execute$680 (rise edge)                                0.000     0.000
clock source latency                                                                0.000     0.000
$auto$clkbufmap.cc:298:execute$680.inpad[0] (.input at (1,1))                       0.000     0.000
| (intra 'io' routing)                                                              0.894     0.894
| (inter-block routing:global net)                                                  0.000     0.894
| (intra 'clb' routing)                                                             0.000     0.894
$iopadmap$P[1].C[0] (dffre at (2,4))                                                0.000     0.894
clock uncertainty                                                                   0.000     0.894
cell setup time                                                                    -0.032     0.863
data required time                                                                            0.863
---------------------------------------------------------------------------------------------------
data required time                                                                            0.863
data arrival time                                                                            -1.473
---------------------------------------------------------------------------------------------------
slack (VIOLATED)                                                                             -0.610


#Path 4
Startpoint: $iopadmap$A[1].inpad[0] (.input at (1,4) clocked by $auto$clkbufmap.cc:298:execute$680)
Endpoint  : i1[1].D[0] (dffre at (2,4) clocked by $auto$clkbufmap.cc:298:execute$680)
Path Type : setup

Point                                                                                Incr      Path
---------------------------------------------------------------------------------------------------
clock $auto$clkbufmap.cc:298:execute$680 (rise edge)                                0.000     0.000
clock source latency                                                                0.000     0.000
input external delay                                                                0.000     0.000
$iopadmap$A[1].inpad[0] (.input at (1,4))                                           0.000     0.000
| (intra 'io' routing)                                                              0.894     0.894
| (OPIN:44890 side: (RIGHT,) (1,4,0)0))                                             0.000     0.894
| (CHANY:107633 L1 length:1 (1,4,0)-> (1,4,0))                                      0.061     0.955
| (CHANX:102482 L1 length:1 (2,3,0)-> (2,3,0))                                      0.061     1.016
| (CHANY:108302 L4 length:4 (2,4,0)-> (2,7,0))                                      0.119     1.135
| (IPIN:46380 side: (RIGHT,) (2,4,0)0))                                             0.101     1.236
| (intra 'clb' routing)                                                             0.085     1.321
$abc$306$li3_li3.in[0] (.names at (2,4))                                            0.000     1.321
| (primitive '.names' combinational delay)                                          0.148     1.469
$abc$306$li3_li3.out[0] (.names at (2,4))                                           0.000     1.469
| (intra 'clb' routing)                                                             0.000     1.469
i1[1].D[0] (dffre at (2,4))                                                         0.000     1.469
data arrival time                                                                             1.469

clock $auto$clkbufmap.cc:298:execute$680 (rise edge)                                0.000     0.000
clock source latency                                                                0.000     0.000
$auto$clkbufmap.cc:298:execute$680.inpad[0] (.input at (1,1))                       0.000     0.000
| (intra 'io' routing)                                                              0.894     0.894
| (inter-block routing:global net)                                                  0.000     0.894
| (intra 'clb' routing)                                                             0.000     0.894
i1[1].C[0] (dffre at (2,4))                                                         0.000     0.894
clock uncertainty                                                                   0.000     0.894
cell setup time                                                                    -0.032     0.863
data required time                                                                            0.863
---------------------------------------------------------------------------------------------------
data required time                                                                            0.863
data arrival time                                                                            -1.469
---------------------------------------------------------------------------------------------------
slack (VIOLATED)                                                                             -0.606


#Path 5
Startpoint: $iopadmap$A[0].inpad[0] (.input at (1,4) clocked by $auto$clkbufmap.cc:298:execute$680)
Endpoint  : i1[0].D[0] (dffre at (2,4) clocked by $auto$clkbufmap.cc:298:execute$680)
Path Type : setup

Point                                                                                Incr      Path
---------------------------------------------------------------------------------------------------
clock $auto$clkbufmap.cc:298:execute$680 (rise edge)                                0.000     0.000
clock source latency                                                                0.000     0.000
input external delay                                                                0.000     0.000
$iopadmap$A[0].inpad[0] (.input at (1,4))                                           0.000     0.000
| (intra 'io' routing)                                                              0.894     0.894
| (OPIN:44901 side: (RIGHT,) (1,4,0)0))                                             0.000     0.894
| (CHANY:107654 L1 length:1 (1,4,0)-> (1,4,0))                                      0.061     0.955
| (CHANX:103254 L4 length:4 (2,4,0)-> (5,4,0))                                      0.119     1.074
| (IPIN:46360 side: (TOP,) (2,4,0)0))                                               0.101     1.175
| (intra 'clb' routing)                                                             0.085     1.260
$abc$306$li2_li2.in[0] (.names at (2,4))                                            0.000     1.260
| (primitive '.names' combinational delay)                                          0.197     1.457
$abc$306$li2_li2.out[0] (.names at (2,4))                                           0.000     1.457
| (intra 'clb' routing)                                                             0.000     1.457
i1[0].D[0] (dffre at (2,4))                                                         0.000     1.457
data arrival time                                                                             1.457

clock $auto$clkbufmap.cc:298:execute$680 (rise edge)                                0.000     0.000
clock source latency                                                                0.000     0.000
$auto$clkbufmap.cc:298:execute$680.inpad[0] (.input at (1,1))                       0.000     0.000
| (intra 'io' routing)                                                              0.894     0.894
| (inter-block routing:global net)                                                  0.000     0.894
| (intra 'clb' routing)                                                             0.000     0.894
i1[0].C[0] (dffre at (2,4))                                                         0.000     0.894
clock uncertainty                                                                   0.000     0.894
cell setup time                                                                    -0.032     0.863
data required time                                                                            0.863
---------------------------------------------------------------------------------------------------
data required time                                                                            0.863
data arrival time                                                                            -1.457
---------------------------------------------------------------------------------------------------
slack (VIOLATED)                                                                             -0.594


#Path 6
Startpoint: $iopadmap$reset.inpad[0] (.input at (1,3) clocked by $auto$clkbufmap.cc:298:execute$680)
Endpoint  : $iopadmap$P[0].D[0] (dffre at (2,4) clocked by $auto$clkbufmap.cc:298:execute$680)
Path Type : setup

Point                                                                                Incr      Path
---------------------------------------------------------------------------------------------------
clock $auto$clkbufmap.cc:298:execute$680 (rise edge)                                0.000     0.000
clock source latency                                                                0.000     0.000
input external delay                                                                0.000     0.000
$iopadmap$reset.inpad[0] (.input at (1,3))                                          0.000     0.000
| (intra 'io' routing)                                                              0.894     0.894
| (OPIN:38235 side: (RIGHT,) (1,3,0)0))                                             0.000     0.894
| (CHANY:107622 L4 length:4 (1,3,0)-> (1,6,0))                                      0.119     1.013
| (CHANX:103220 L1 length:1 (2,4,0)-> (2,4,0))                                      0.061     1.074
| (IPIN:46366 side: (TOP,) (2,4,0)0))                                               0.101     1.175
| (intra 'clb' routing)                                                             0.085     1.260
$abc$306$li0_li0.in[2] (.names at (2,4))                                            0.000     1.260
| (primitive '.names' combinational delay)                                          0.197     1.457
$abc$306$li0_li0.out[0] (.names at (2,4))                                           0.000     1.457
| (intra 'clb' routing)                                                             0.000     1.457
$iopadmap$P[0].D[0] (dffre at (2,4))                                                0.000     1.457
data arrival time                                                                             1.457

clock $auto$clkbufmap.cc:298:execute$680 (rise edge)                                0.000     0.000
clock source latency                                                                0.000     0.000
$auto$clkbufmap.cc:298:execute$680.inpad[0] (.input at (1,1))                       0.000     0.000
| (intra 'io' routing)                                                              0.894     0.894
| (inter-block routing:global net)                                                  0.000     0.894
| (intra 'clb' routing)                                                             0.000     0.894
$iopadmap$P[0].C[0] (dffre at (2,4))                                                0.000     0.894
clock uncertainty                                                                   0.000     0.894
cell setup time                                                                    -0.032     0.863
data required time                                                                            0.863
---------------------------------------------------------------------------------------------------
data required time                                                                            0.863
data arrival time                                                                            -1.457
---------------------------------------------------------------------------------------------------
slack (VIOLATED)                                                                             -0.594


#End of timing report
