/*******************************************************************************
Copyright (c) 2022-2024 Rapid Silicon
This source code contains proprietary information belonging to Rapid Silicon
(the "licensor") released under license and non-disclosure agreement to the
recipient (the "licensee").

The information shared and protected by the license and non-disclosure agreement
includes but is not limited to the following:
* operational algorithms of the product
* logos, graphics, source code, and visual presentation of the product
* confidential operational information of the licensor

The recipient of this source code is NOT permitted to publicly disclose,
re-use, archive beyond the period of the license agreement, transfer to a
sub-licensee, or re-implement any portion of the content covered by the license
and non-disclosure agreement without the prior written consent of the licensor.
*********************************************************************************/

Version  : 2024.02
Build    : 0.9.35
Hash     : d4a5e5a
Date     : Feb  9 2024
Type     : Engineering
Log Time   : Fri Feb  9 07:12:35 2024 GMT
#Packing pin usage report
Type: io
	Input Pin Usage:
		Max: 1.00 (0.06)
		Avg: 0.49 (0.03)
		Min: 0.00 (0.00)
		Histogram:
		[        0:      1.8) 35 (100.0%) |************************************************
		[      1.8:      3.6)  0 (  0.0%) |
		[      3.6:      5.4)  0 (  0.0%) |
		[      5.4:      7.2)  0 (  0.0%) |
		[      7.2:        9)  0 (  0.0%) |
		[        9:       11)  0 (  0.0%) |
		[       11:       13)  0 (  0.0%) |
		[       13:       14)  0 (  0.0%) |
		[       14:       16)  0 (  0.0%) |
		[       16:       18)  0 (  0.0%) |
	Output Pin Usage:
		Max: 1.00 (0.50)
		Avg: 0.51 (0.26)
		Min: 0.00 (0.00)
		Histogram:
		[        0:      0.2) 17 ( 48.6%) |*********************************************
		[      0.2:      0.4)  0 (  0.0%) |
		[      0.4:      0.6)  0 (  0.0%) |
		[      0.6:      0.8)  0 (  0.0%) |
		[      0.8:        1) 18 ( 51.4%) |************************************************
		[        1:      1.2)  0 (  0.0%) |
		[      1.2:      1.4)  0 (  0.0%) |
		[      1.4:      1.6)  0 (  0.0%) |
		[      1.6:      1.8)  0 (  0.0%) |
		[      1.8:        2)  0 (  0.0%) |

Type: clb
	Input Pin Usage:
		Max: 44.00 (0.60)
		Avg: 20.77 (0.28)
		Min: 4.00 (0.05)
		Histogram:
		[        0:      7.3) 168 (  9.3%) |***************
		[      7.3:       15) 375 ( 20.8%) |*********************************
		[       15:       22) 368 ( 20.4%) |*********************************
		[       22:       29) 531 ( 29.4%) |***********************************************
		[       29:       36) 288 ( 15.9%) |*************************
		[       36:       44)  75 (  4.2%) |*******
		[       44:       51)   1 (  0.1%) |
		[       51:       58)   0 (  0.0%) |
		[       58:       66)   0 (  0.0%) |
		[       66:       73)   0 (  0.0%) |
	Output Pin Usage:
		Max: 16.00 (0.59)
		Avg: 6.38 (0.24)
		Min: 1.00 (0.04)
		Histogram:
		[        0:      2.7) 129 (  7.1%) |*********
		[      2.7:      5.4) 655 ( 36.3%) |***********************************************
		[      5.4:      8.1) 617 ( 34.2%) |********************************************
		[      8.1:       11) 246 ( 13.6%) |******************
		[       11:       14) 136 (  7.5%) |**********
		[       14:       16)  23 (  1.3%) |**
		[       16:       19)   0 (  0.0%) |
		[       19:       22)   0 (  0.0%) |
		[       22:       24)   0 (  0.0%) |
		[       24:       27)   0 (  0.0%) |

