Done
Repack clustered block 'in[22]'...Warning 522: Invalid net 'clock0' to be constrained! Will drop the constraint in repacking
Done
Repack clustered block 'in[23]'...Warning 523: Invalid net 'clock0' to be constrained! Will drop the constraint in repacking
Done
Repack clustered block 'in[24]'...Warning 524: Invalid net 'clock0' to be constrained! Will drop the constraint in repacking
Done
Repack clustered block 'in[25]'...Warning 525: Invalid net 'clock0' to be constrained! Will drop the constraint in repacking
Done
Repack clustered block 'in[26]'...Warning 526: Invalid net 'clock0' to be constrained! Will drop the constraint in repacking
Done
Repack clustered block 'in[27]'...Warning 527: Invalid net 'clock0' to be constrained! Will drop the constraint in repacking
Done
Repack clustered block 'in[28]'...Warning 528: Invalid net 'clock0' to be constrained! Will drop the constraint in repacking
Done
Repack clustered block 'in[29]'...Warning 529: Invalid net 'clock0' to be constrained! Will drop the constraint in repacking
Done
Repack clustered block 'in[30]'...Warning 530: Invalid net 'clock0' to be constrained! Will drop the constraint in repacking
Done
Repack clustered block 'in[31]'...Warning 531: Invalid net 'clock0' to be constrained! Will drop the constraint in repacking
Done
Repack clustered blocks to physical implementation of logical tile took 0.09 seconds (max_rss 1484.2 MiB, delta_rss +1.5 MiB)
Identify wire LUTs created by repacking
Identified 2 wire LUTs created by repacker
Identify wire LUTs created by repacking took 0.00 seconds (max_rss 1484.2 MiB, delta_rss +0.0 MiB)
Build truth tables for physical LUTs
Build truth tables for physical LUTs took 0.00 seconds (max_rss 1484.2 MiB, delta_rss +0.0 MiB)

Command line to execute: build_architecture_bitstream

Confirm selected options when call command 'build_architecture_bitstream':
--write_file: off
--read_file: off
--no_time_stamp: off
--verbose: off

Build fabric-independent bitstream for implementation 'design1_5_5_top'

Generating bitstream for Switch blocks...Done
Generating bitstream for X-direction Connection blocks ...Done
Generating bitstream for Y-direction Connection blocks ...Done

Build fabric-independent bitstream for implementation 'design1_5_5_top'
 took 41.14 seconds (max_rss 2237.5 MiB, delta_rss +753.3 MiB)

Command line to execute: build_fabric_bitstream

Confirm selected options when call command 'build_fabric_bitstream':
--verbose: off

Build fabric dependent bitstream


Build fabric dependent bitstream
 took 190.16 seconds (max_rss 3404.4 MiB, delta_rss +1166.9 MiB)

Command line to execute: write_fabric_bitstream --keep_dont_care_bits  --format plain_text --file fabric_bitstream.bit

Confirm selected options when call command 'write_fabric_bitstream':
--file, -f: fabric_bitstream.bit
--format: plain_text
--filter_value: off
--path_only: off
--value_only: off
--trim_path: off
--fast_configuration: off
--keep_dont_care_bits: on
--wl_decremental_order: off
--no_time_stamp: off
--verbose: off
Warning 532: Directory path is empty and nothing will be created.
Write 9792676 fabric bitstream into plain text file 'fabric_bitstream.bit'
Warning 533: None of global reset and set ports are defined for programming purpose. Fast configuration is not applicable
Write 9792676 fabric bitstream into plain text file 'fabric_bitstream.bit' took 0.72 seconds (max_rss 3404.5 MiB, delta_rss +0.1 MiB)

Command line to execute: write_io_mapping -f PinMapping.xml

Confirm selected options when call command 'write_io_mapping':
--file, -f: PinMapping.xml
--no_time_stamp: off
--verbose: off
Warning 534: Directory path is empty and nothing will be created.
Write I/O mapping into xml file 'PinMapping.xml'
Write I/O mapping into xml file 'PinMapping.xml' took 0.01 seconds (max_rss 3404.5 MiB, delta_rss +0.0 MiB)

Command line to execute: exit

Confirm selected options when call command 'exit':

Finish execution with 0 errors

The entire OpenFPGA flow took 532.67 seconds

Thank you for using OpenFPGA!
Incr Slack updates 1 in 3.801e-05 sec
Full Max Req/Worst Slack updates 1 in 4.683e-05 sec
Incr Max Req/Worst Slack updates 0 in 0 sec
Incr Criticality updates 0 in 0 sec
Full Criticality updates 1 in 0.00016178 sec
INFO: BIT: Design design1_5_5_top bitstream is generated
