/*******************************************************************************
Copyright (c) 2022-2024 Rapid Silicon
This source code contains proprietary information belonging to Rapid Silicon
(the "licensor") released under license and non-disclosure agreement to the
recipient (the "licensee").

The information shared and protected by the license and non-disclosure agreement
includes but is not limited to the following:
* operational algorithms of the product
* logos, graphics, source code, and visual presentation of the product
* confidential operational information of the licensor

The recipient of this source code is NOT permitted to publicly disclose,
re-use, archive beyond the period of the license agreement, transfer to a
sub-licensee, or re-implement any portion of the content covered by the license
and non-disclosure agreement without the prior written consent of the licensor.
*********************************************************************************/

Version  : 2024.07
Build    : 1.1.19
Hash     : c1e3bb5
Date     : Jul  2 2024
Type     : Engineering
Log Time   : Tue Jul  2 06:55:48 2024 GMT
/*******************************************************************************
Copyright (c) 2022-2024 Rapid Silicon
This source code contains proprietary information belonging to Rapid Silicon
(the "licensor") released under license and non-disclosure agreement to the
recipient (the "licensee").

The information shared and protected by the license and non-disclosure agreement
includes but is not limited to the following:
* operational algorithms of the product
* logos, graphics, source code, and visual presentation of the product
* confidential operational information of the licensor

The recipient of this source code is NOT permitted to publicly disclose,
re-use, archive beyond the period of the license agreement, transfer to a
sub-licensee, or re-implement any portion of the content covered by the license
and non-disclosure agreement without the prior written consent of the licensor.
*********************************************************************************/

Version  : 2024.07
Build    : 1.1.19
Hash     : c1e3bb5
Date     : Jul  2 2024
Type     : Engineering
Log Time   : Tue Jul  2 06:55:48 2024 GMT
/*******************************************************************************
Copyright (c) 2022-2024 Rapid Silicon
This source code contains proprietary information belonging to Rapid Silicon
(the "licensor") released under license and non-disclosure agreement to the
recipient (the "licensee").

The information shared and protected by the license and non-disclosure agreement
includes but is not limited to the following:
* operational algorithms of the product
* logos, graphics, source code, and visual presentation of the product
* confidential operational information of the licensor

The recipient of this source code is NOT permitted to publicly disclose,
re-use, archive beyond the period of the license agreement, transfer to a
sub-licensee, or re-implement any portion of the content covered by the license
and non-disclosure agreement without the prior written consent of the licensor.
*********************************************************************************/

Version  : 2024.07
Build    : 1.1.19
Hash     : c1e3bb5
Date     : Jul  2 2024
Type     : Engineering
Log Time   : Tue Jul  2 06:55:48 2024 GMT
/*******************************************************************************
Copyright (c) 2022-2024 Rapid Silicon
This source code contains proprietary information belonging to Rapid Silicon
(the "licensor") released under license and non-disclosure agreement to the
recipient (the "licensee").

The information shared and protected by the license and non-disclosure agreement
includes but is not limited to the following:
* operational algorithms of the product
* logos, graphics, source code, and visual presentation of the product
* confidential operational information of the licensor

The recipient of this source code is NOT permitted to publicly disclose,
re-use, archive beyond the period of the license agreement, transfer to a
sub-licensee, or re-implement any portion of the content covered by the license
and non-disclosure agreement without the prior written consent of the licensor.
*********************************************************************************/

Version  : 2024.07
Build    : 1.1.19
Hash     : c1e3bb5
Date     : Jul  2 2024
Type     : Engineering
Log Time   : Tue Jul  2 06:55:48 2024 GMT
/*******************************************************************************
Copyright (c) 2022-2024 Rapid Silicon
This source code contains proprietary information belonging to Rapid Silicon
(the "licensor") released under license and non-disclosure agreement to the
recipient (the "licensee").

The information shared and protected by the license and non-disclosure agreement
includes but is not limited to the following:
* operational algorithms of the product
* logos, graphics, source code, and visual presentation of the product
* confidential operational information of the licensor

The recipient of this source code is NOT permitted to publicly disclose,
re-use, archive beyond the period of the license agreement, transfer to a
sub-licensee, or re-implement any portion of the content covered by the license
and non-disclosure agreement without the prior written consent of the licensor.
*********************************************************************************/

Version  : 2024.07
Build    : 1.1.19
Hash     : c1e3bb5
Date     : Jul  2 2024
Type     : Engineering
Log Time   : Tue Jul  2 06:55:48 2024 GMT
/*******************************************************************************
Copyright (c) 2022-2024 Rapid Silicon
This source code contains proprietary information belonging to Rapid Silicon
(the "licensor") released under license and non-disclosure agreement to the
recipient (the "licensee").

The information shared and protected by the license and non-disclosure agreement
includes but is not limited to the following:
* operational algorithms of the product
* logos, graphics, source code, and visual presentation of the product
* confidential operational information of the licensor

The recipient of this source code is NOT permitted to publicly disclose,
re-use, archive beyond the period of the license agreement, transfer to a
sub-licensee, or re-implement any portion of the content covered by the license
and non-disclosure agreement without the prior written consent of the licensor.
*********************************************************************************/

Version  : 2024.07
Build    : 1.1.19
Hash     : c1e3bb5
Date     : Jul  2 2024
Type     : Engineering
Log Time   : Tue Jul  2 06:55:48 2024 GMT
/*******************************************************************************
Copyright (c) 2022-2024 Rapid Silicon
This source code contains proprietary information belonging to Rapid Silicon
(the "licensor") released under license and non-disclosure agreement to the
recipient (the "licensee").

The information shared and protected by the license and non-disclosure agreement
includes but is not limited to the following:
* operational algorithms of the product
* logos, graphics, source code, and visual presentation of the product
* confidential operational information of the licensor

The recipient of this source code is NOT permitted to publicly disclose,
re-use, archive beyond the period of the license agreement, transfer to a
sub-licensee, or re-implement any portion of the content covered by the license
and non-disclosure agreement without the prior written consent of the licensor.
*********************************************************************************/

Version  : 2024.07
Build    : 1.1.19
Hash     : c1e3bb5
Date     : Jul  2 2024
Type     : Engineering
Log Time   : Tue Jul  2 06:55:48 2024 GMT
/*******************************************************************************
Copyright (c) 2022-2024 Rapid Silicon
This source code contains proprietary information belonging to Rapid Silicon
(the "licensor") released under license and non-disclosure agreement to the
recipient (the "licensee").

The information shared and protected by the license and non-disclosure agreement
includes but is not limited to the following:
* operational algorithms of the product
* logos, graphics, source code, and visual presentation of the product
* confidential operational information of the licensor

The recipient of this source code is NOT permitted to publicly disclose,
re-use, archive beyond the period of the license agreement, transfer to a
sub-licensee, or re-implement any portion of the content covered by the license
and non-disclosure agreement without the prior written consent of the licensor.
*********************************************************************************/

Version  : 2024.07
Build    : 1.1.19
Hash     : c1e3bb5
Date     : Jul  2 2024
Type     : Engineering
Log Time   : Tue Jul  2 06:55:48 2024 GMT
/*******************************************************************************
Copyright (c) 2022-2024 Rapid Silicon
This source code contains proprietary information belonging to Rapid Silicon
(the "licensor") released under license and non-disclosure agreement to the
recipient (the "licensee").

The information shared and protected by the license and non-disclosure agreement
includes but is not limited to the following:
* operational algorithms of the product
* logos, graphics, source code, and visual presentation of the product
* confidential operational information of the licensor

The recipient of this source code is NOT permitted to publicly disclose,
re-use, archive beyond the period of the license agreement, transfer to a
sub-licensee, or re-implement any portion of the content covered by the license
and non-disclosure agreement without the prior written consent of the licensor.
*********************************************************************************/

Version  : 2024.07
Build    : 1.1.19
Hash     : c1e3bb5
Date     : Jul  2 2024
Type     : Engineering
Log Time   : Tue Jul  2 06:55:48 2024 GMT
/*******************************************************************************
Copyright (c) 2022-2024 Rapid Silicon
This source code contains proprietary information belonging to Rapid Silicon
(the "licensor") released under license and non-disclosure agreement to the
recipient (the "licensee").

The information shared and protected by the license and non-disclosure agreement
includes but is not limited to the following:
* operational algorithms of the product
* logos, graphics, source code, and visual presentation of the product
* confidential operational information of the licensor

The recipient of this source code is NOT permitted to publicly disclose,
re-use, archive beyond the period of the license agreement, transfer to a
sub-licensee, or re-implement any portion of the content covered by the license
and non-disclosure agreement without the prior written consent of the licensor.
*********************************************************************************/

Version  : 2024.07
Build    : 1.1.19
Hash     : c1e3bb5
Date     : Jul  2 2024
Type     : Engineering
Log Time   : Tue Jul  2 06:55:48 2024 GMT
/*******************************************************************************
Copyright (c) 2022-2024 Rapid Silicon
This source code contains proprietary information belonging to Rapid Silicon
(the "licensor") released under license and non-disclosure agreement to the
recipient (the "licensee").

The information shared and protected by the license and non-disclosure agreement
includes but is not limited to the following:
* operational algorithms of the product
* logos, graphics, source code, and visual presentation of the product
* confidential operational information of the licensor

The recipient of this source code is NOT permitted to publicly disclose,
re-use, archive beyond the period of the license agreement, transfer to a
sub-licensee, or re-implement any portion of the content covered by the license
and non-disclosure agreement without the prior written consent of the licensor.
*********************************************************************************/

Version  : 2024.07
Build    : 1.1.19
Hash     : c1e3bb5
Date     : Jul  2 2024
Type     : Engineering
Log Time   : Tue Jul  2 06:55:48 2024 GMT
/*******************************************************************************
Copyright (c) 2022-2024 Rapid Silicon
This source code contains proprietary information belonging to Rapid Silicon
(the "licensor") released under license and non-disclosure agreement to the
recipient (the "licensee").

The information shared and protected by the license and non-disclosure agreement
includes but is not limited to the following:
* operational algorithms of the product
* logos, graphics, source code, and visual presentation of the product
* confidential operational information of the licensor

The recipient of this source code is NOT permitted to publicly disclose,
re-use, archive beyond the period of the license agreement, transfer to a
sub-licensee, or re-implement any portion of the content covered by the license
and non-disclosure agreement without the prior written consent of the licensor.
*********************************************************************************/

Version  : 2024.07
Build    : 1.1.19
Hash     : c1e3bb5
Date     : Jul  2 2024
Type     : Engineering
Log Time   : Tue Jul  2 06:55:48 2024 GMT
/*******************************************************************************
Copyright (c) 2022-2024 Rapid Silicon
This source code contains proprietary information belonging to Rapid Silicon
(the "licensor") released under license and non-disclosure agreement to the
recipient (the "licensee").

The information shared and protected by the license and non-disclosure agreement
includes but is not limited to the following:
* operational algorithms of the product
* logos, graphics, source code, and visual presentation of the product
* confidential operational information of the licensor

The recipient of this source code is NOT permitted to publicly disclose,
re-use, archive beyond the period of the license agreement, transfer to a
sub-licensee, or re-implement any portion of the content covered by the license
and non-disclosure agreement without the prior written consent of the licensor.
*********************************************************************************/

Version  : 2024.07
Build    : 1.1.19
Hash     : c1e3bb5
Date     : Jul  2 2024
Type     : Engineering
Log Time   : Tue Jul  2 06:55:48 2024 GMT
/*******************************************************************************
Copyright (c) 2022-2024 Rapid Silicon
This source code contains proprietary information belonging to Rapid Silicon
(the "licensor") released under license and non-disclosure agreement to the
recipient (the "licensee").

The information shared and protected by the license and non-disclosure agreement
includes but is not limited to the following:
* operational algorithms of the product
* logos, graphics, source code, and visual presentation of the product
* confidential operational information of the licensor

The recipient of this source code is NOT permitted to publicly disclose,
re-use, archive beyond the period of the license agreement, transfer to a
sub-licensee, or re-implement any portion of the content covered by the license
and non-disclosure agreement without the prior written consent of the licensor.
*********************************************************************************/

Version  : 2024.07
Build    : 1.1.19
Hash     : c1e3bb5
Date     : Jul  2 2024
Type     : Engineering
Log Time   : Tue Jul  2 06:55:47 2024 GMT
/*******************************************************************************
Copyright (c) 2022-2024 Rapid Silicon
This source code contains proprietary information belonging to Rapid Silicon
(the "licensor") released under license and non-disclosure agreement to the
recipient (the "licensee").

The information shared and protected by the license and non-disclosure agreement
includes but is not limited to the following:
* operational algorithms of the product
* logos, graphics, source code, and visual presentation of the product
* confidential operational information of the licensor

The recipient of this source code is NOT permitted to publicly disclose,
re-use, archive beyond the period of the license agreement, transfer to a
sub-licensee, or re-implement any portion of the content covered by the license
and non-disclosure agreement without the prior written consent of the licensor.
*********************************************************************************/

Version  : 2024.07
Build    : 1.1.19
Hash     : c1e3bb5
Date     : Jul  2 2024
Type     : Engineering
Log Time   : Tue Jul  2 06:55:47 2024 GMT
/*******************************************************************************
Copyright (c) 2022-2024 Rapid Silicon
This source code contains proprietary information belonging to Rapid Silicon
(the "licensor") released under license and non-disclosure agreement to the
recipient (the "licensee").

The information shared and protected by the license and non-disclosure agreement
includes but is not limited to the following:
* operational algorithms of the product
* logos, graphics, source code, and visual presentation of the product
* confidential operational information of the licensor

The recipient of this source code is NOT permitted to publicly disclose,
re-use, archive beyond the period of the license agreement, transfer to a
sub-licensee, or re-implement any portion of the content covered by the license
and non-disclosure agreement without the prior written consent of the licensor.
*********************************************************************************/

Version  : 2024.07
Build    : 1.1.19
Hash     : c1e3bb5
Date     : Jul  2 2024
Type     : Engineering
Log Time   : Tue Jul  2 06:55:47 2024 GMT
/*******************************************************************************
Copyright (c) 2022-2024 Rapid Silicon
This source code contains proprietary information belonging to Rapid Silicon
(the "licensor") released under license and non-disclosure agreement to the
recipient (the "licensee").

The information shared and protected by the license and non-disclosure agreement
includes but is not limited to the following:
* operational algorithms of the product
* logos, graphics, source code, and visual presentation of the product
* confidential operational information of the licensor

The recipient of this source code is NOT permitted to publicly disclose,
re-use, archive beyond the period of the license agreement, transfer to a
sub-licensee, or re-implement any portion of the content covered by the license
and non-disclosure agreement without the prior written consent of the licensor.
*********************************************************************************/

Version  : 2024.07
Build    : 1.1.19
Hash     : c1e3bb5
Date     : Jul  2 2024
Type     : Engineering
Log Time   : Tue Jul  2 06:55:29 2024 GMT
/*******************************************************************************
Copyright (c) 2022-2024 Rapid Silicon
This source code contains proprietary information belonging to Rapid Silicon
(the "licensor") released under license and non-disclosure agreement to the
recipient (the "licensee").

The information shared and protected by the license and non-disclosure agreement
includes but is not limited to the following:
* operational algorithms of the product
* logos, graphics, source code, and visual presentation of the product
* confidential operational information of the licensor

The recipient of this source code is NOT permitted to publicly disclose,
re-use, archive beyond the period of the license agreement, transfer to a
sub-licensee, or re-implement any portion of the content covered by the license
and non-disclosure agreement without the prior written consent of the licensor.
*********************************************************************************/

Version  : 2024.07
Build    : 1.1.19
Hash     : c1e3bb5
Date     : Jul  2 2024
Type     : Engineering
Log Time   : Tue Jul  2 06:55:29 2024 GMT
/*******************************************************************************
Copyright (c) 2022-2024 Rapid Silicon
This source code contains proprietary information belonging to Rapid Silicon
(the "licensor") released under license and non-disclosure agreement to the
recipient (the "licensee").

The information shared and protected by the license and non-disclosure agreement
includes but is not limited to the following:
* operational algorithms of the product
* logos, graphics, source code, and visual presentation of the product
* confidential operational information of the licensor

The recipient of this source code is NOT permitted to publicly disclose,
re-use, archive beyond the period of the license agreement, transfer to a
sub-licensee, or re-implement any portion of the content covered by the license
and non-disclosure agreement without the prior written consent of the licensor.
*********************************************************************************/

Version  : 2024.07
Build    : 1.1.19
Hash     : c1e3bb5
Date     : Jul  2 2024
Type     : Engineering
Log Time   : Tue Jul  2 06:55:29 2024 GMT
/*******************************************************************************
Copyright (c) 2022-2024 Rapid Silicon
This source code contains proprietary information belonging to Rapid Silicon
(the "licensor") released under license and non-disclosure agreement to the
recipient (the "licensee").

The information shared and protected by the license and non-disclosure agreement
includes but is not limited to the following:
* operational algorithms of the product
* logos, graphics, source code, and visual presentation of the product
* confidential operational information of the licensor

The recipient of this source code is NOT permitted to publicly disclose,
re-use, archive beyond the period of the license agreement, transfer to a
sub-licensee, or re-implement any portion of the content covered by the license
and non-disclosure agreement without the prior written consent of the licensor.
*********************************************************************************/

Version  : 2024.07
Build    : 1.1.19
Hash     : c1e3bb5
Date     : Jul  2 2024
Type     : Engineering
Log Time   : Tue Jul  2 06:55:29 2024 GMT
/*******************************************************************************
Copyright (c) 2022-2024 Rapid Silicon
This source code contains proprietary information belonging to Rapid Silicon
(the "licensor") released under license and non-disclosure agreement to the
recipient (the "licensee").

The information shared and protected by the license and non-disclosure agreement
includes but is not limited to the following:
* operational algorithms of the product
* logos, graphics, source code, and visual presentation of the product
* confidential operational information of the licensor

The recipient of this source code is NOT permitted to publicly disclose,
re-use, archive beyond the period of the license agreement, transfer to a
sub-licensee, or re-implement any portion of the content covered by the license
and non-disclosure agreement without the prior written consent of the licensor.
*********************************************************************************/

Version  : 2024.07
Build    : 1.1.19
Hash     : c1e3bb5
Date     : Jul  2 2024
Type     : Engineering
Log Time   : Tue Jul  2 06:55:29 2024 GMT
/*******************************************************************************
Copyright (c) 2022-2024 Rapid Silicon
This source code contains proprietary information belonging to Rapid Silicon
(the "licensor") released under license and non-disclosure agreement to the
recipient (the "licensee").

The information shared and protected by the license and non-disclosure agreement
includes but is not limited to the following:
* operational algorithms of the product
* logos, graphics, source code, and visual presentation of the product
* confidential operational information of the licensor

The recipient of this source code is NOT permitted to publicly disclose,
re-use, archive beyond the period of the license agreement, transfer to a
sub-licensee, or re-implement any portion of the content covered by the license
and non-disclosure agreement without the prior written consent of the licensor.
*********************************************************************************/

Version  : 2024.07
Build    : 1.1.19
Hash     : c1e3bb5
Date     : Jul  2 2024
Type     : Engineering
Log Time   : Tue Jul  2 06:55:29 2024 GMT
/*******************************************************************************
Copyright (c) 2022-2024 Rapid Silicon
This source code contains proprietary information belonging to Rapid Silicon
(the "licensor") released under license and non-disclosure agreement to the
recipient (the "licensee").

The information shared and protected by the license and non-disclosure agreement
includes but is not limited to the following:
* operational algorithms of the product
* logos, graphics, source code, and visual presentation of the product
* confidential operational information of the licensor

The recipient of this source code is NOT permitted to publicly disclose,
re-use, archive beyond the period of the license agreement, transfer to a
sub-licensee, or re-implement any portion of the content covered by the license
and non-disclosure agreement without the prior written consent of the licensor.
*********************************************************************************/

Version  : 2024.07
Build    : 1.1.19
Hash     : c1e3bb5
Date     : Jul  2 2024
Type     : Engineering
Log Time   : Tue Jul  2 06:55:29 2024 GMT
/*******************************************************************************
Copyright (c) 2022-2024 Rapid Silicon
This source code contains proprietary information belonging to Rapid Silicon
(the "licensor") released under license and non-disclosure agreement to the
recipient (the "licensee").

The information shared and protected by the license and non-disclosure agreement
includes but is not limited to the following:
* operational algorithms of the product
* logos, graphics, source code, and visual presentation of the product
* confidential operational information of the licensor

The recipient of this source code is NOT permitted to publicly disclose,
re-use, archive beyond the period of the license agreement, transfer to a
sub-licensee, or re-implement any portion of the content covered by the license
and non-disclosure agreement without the prior written consent of the licensor.
*********************************************************************************/

Version  : 2024.07
Build    : 1.1.19
Hash     : c1e3bb5
Date     : Jul  2 2024
Type     : Engineering
Log Time   : Tue Jul  2 06:55:29 2024 GMT
/*******************************************************************************
Copyright (c) 2022-2024 Rapid Silicon
This source code contains proprietary information belonging to Rapid Silicon
(the "licensor") released under license and non-disclosure agreement to the
recipient (the "licensee").

The information shared and protected by the license and non-disclosure agreement
includes but is not limited to the following:
* operational algorithms of the product
* logos, graphics, source code, and visual presentation of the product
* confidential operational information of the licensor

The recipient of this source code is NOT permitted to publicly disclose,
re-use, archive beyond the period of the license agreement, transfer to a
sub-licensee, or re-implement any portion of the content covered by the license
and non-disclosure agreement without the prior written consent of the licensor.
*********************************************************************************/

Version  : 2024.07
Build    : 1.1.19
Hash     : c1e3bb5
Date     : Jul  2 2024
Type     : Engineering
Log Time   : Tue Jul  2 06:55:29 2024 GMT
/*******************************************************************************
Copyright (c) 2022-2024 Rapid Silicon
This source code contains proprietary information belonging to Rapid Silicon
(the "licensor") released under license and non-disclosure agreement to the
recipient (the "licensee").

The information shared and protected by the license and non-disclosure agreement
includes but is not limited to the following:
* operational algorithms of the product
* logos, graphics, source code, and visual presentation of the product
* confidential operational information of the licensor

The recipient of this source code is NOT permitted to publicly disclose,
re-use, archive beyond the period of the license agreement, transfer to a
sub-licensee, or re-implement any portion of the content covered by the license
and non-disclosure agreement without the prior written consent of the licensor.
*********************************************************************************/

Version  : 2024.07
Build    : 1.1.19
Hash     : c1e3bb5
Date     : Jul  2 2024
Type     : Engineering
Log Time   : Tue Jul  2 06:55:29 2024 GMT
/*******************************************************************************
Copyright (c) 2022-2024 Rapid Silicon
This source code contains proprietary information belonging to Rapid Silicon
(the "licensor") released under license and non-disclosure agreement to the
recipient (the "licensee").

The information shared and protected by the license and non-disclosure agreement
includes but is not limited to the following:
* operational algorithms of the product
* logos, graphics, source code, and visual presentation of the product
* confidential operational information of the licensor

The recipient of this source code is NOT permitted to publicly disclose,
re-use, archive beyond the period of the license agreement, transfer to a
sub-licensee, or re-implement any portion of the content covered by the license
and non-disclosure agreement without the prior written consent of the licensor.
*********************************************************************************/

Version  : 2024.07
Build    : 1.1.19
Hash     : c1e3bb5
Date     : Jul  2 2024
Type     : Engineering
Log Time   : Tue Jul  2 06:55:29 2024 GMT
/*******************************************************************************
Copyright (c) 2022-2024 Rapid Silicon
This source code contains proprietary information belonging to Rapid Silicon
(the "licensor") released under license and non-disclosure agreement to the
recipient (the "licensee").

The information shared and protected by the license and non-disclosure agreement
includes but is not limited to the following:
* operational algorithms of the product
* logos, graphics, source code, and visual presentation of the product
* confidential operational information of the licensor

The recipient of this source code is NOT permitted to publicly disclose,
re-use, archive beyond the period of the license agreement, transfer to a
sub-licensee, or re-implement any portion of the content covered by the license
and non-disclosure agreement without the prior written consent of the licensor.
*********************************************************************************/

Version  : 2024.07
Build    : 1.1.19
Hash     : c1e3bb5
Date     : Jul  2 2024
Type     : Engineering
Log Time   : Tue Jul  2 06:55:29 2024 GMT
/*******************************************************************************
Copyright (c) 2022-2024 Rapid Silicon
This source code contains proprietary information belonging to Rapid Silicon
(the "licensor") released under license and non-disclosure agreement to the
recipient (the "licensee").

The information shared and protected by the license and non-disclosure agreement
includes but is not limited to the following:
* operational algorithms of the product
* logos, graphics, source code, and visual presentation of the product
* confidential operational information of the licensor

The recipient of this source code is NOT permitted to publicly disclose,
re-use, archive beyond the period of the license agreement, transfer to a
sub-licensee, or re-implement any portion of the content covered by the license
and non-disclosure agreement without the prior written consent of the licensor.
*********************************************************************************/

Version  : 2024.07
Build    : 1.1.19
Hash     : c1e3bb5
Date     : Jul  2 2024
Type     : Engineering
Log Time   : Tue Jul  2 06:55:29 2024 GMT
/*******************************************************************************
Copyright (c) 2022-2024 Rapid Silicon
This source code contains proprietary information belonging to Rapid Silicon
(the "licensor") released under license and non-disclosure agreement to the
recipient (the "licensee").

The information shared and protected by the license and non-disclosure agreement
includes but is not limited to the following:
* operational algorithms of the product
* logos, graphics, source code, and visual presentation of the product
* confidential operational information of the licensor

The recipient of this source code is NOT permitted to publicly disclose,
re-use, archive beyond the period of the license agreement, transfer to a
sub-licensee, or re-implement any portion of the content covered by the license
and non-disclosure agreement without the prior written consent of the licensor.
*********************************************************************************/

Version  : 2024.07
Build    : 1.1.19
Hash     : c1e3bb5
Date     : Jul  2 2024
Type     : Engineering
Log Time   : Tue Jul  2 06:55:29 2024 GMT
/*******************************************************************************
Copyright (c) 2022-2024 Rapid Silicon
This source code contains proprietary information belonging to Rapid Silicon
(the "licensor") released under license and non-disclosure agreement to the
recipient (the "licensee").

The information shared and protected by the license and non-disclosure agreement
includes but is not limited to the following:
* operational algorithms of the product
* logos, graphics, source code, and visual presentation of the product
* confidential operational information of the licensor

The recipient of this source code is NOT permitted to publicly disclose,
re-use, archive beyond the period of the license agreement, transfer to a
sub-licensee, or re-implement any portion of the content covered by the license
and non-disclosure agreement without the prior written consent of the licensor.
*********************************************************************************/

Version  : 2024.07
Build    : 1.1.19
Hash     : c1e3bb5
Date     : Jul  2 2024
Type     : Engineering
Log Time   : Tue Jul  2 06:55:29 2024 GMT
/*******************************************************************************
Copyright (c) 2022-2024 Rapid Silicon
This source code contains proprietary information belonging to Rapid Silicon
(the "licensor") released under license and non-disclosure agreement to the
recipient (the "licensee").

The information shared and protected by the license and non-disclosure agreement
includes but is not limited to the following:
* operational algorithms of the product
* logos, graphics, source code, and visual presentation of the product
* confidential operational information of the licensor

The recipient of this source code is NOT permitted to publicly disclose,
re-use, archive beyond the period of the license agreement, transfer to a
sub-licensee, or re-implement any portion of the content covered by the license
and non-disclosure agreement without the prior written consent of the licensor.
*********************************************************************************/

Version  : 2024.07
Build    : 1.1.19
Hash     : c1e3bb5
Date     : Jul  2 2024
Type     : Engineering
Log Time   : Tue Jul  2 06:55:29 2024 GMT
/*******************************************************************************
Copyright (c) 2022-2024 Rapid Silicon
This source code contains proprietary information belonging to Rapid Silicon
(the "licensor") released under license and non-disclosure agreement to the
recipient (the "licensee").

The information shared and protected by the license and non-disclosure agreement
includes but is not limited to the following:
* operational algorithms of the product
* logos, graphics, source code, and visual presentation of the product
* confidential operational information of the licensor

The recipient of this source code is NOT permitted to publicly disclose,
re-use, archive beyond the period of the license agreement, transfer to a
sub-licensee, or re-implement any portion of the content covered by the license
and non-disclosure agreement without the prior written consent of the licensor.
*********************************************************************************/

Version  : 2024.07
Build    : 1.1.19
Hash     : c1e3bb5
Date     : Jul  2 2024
Type     : Engineering
Log Time   : Tue Jul  2 06:55:13 2024 GMT
/*******************************************************************************
Copyright (c) 2022-2024 Rapid Silicon
This source code contains proprietary information belonging to Rapid Silicon
(the "licensor") released under license and non-disclosure agreement to the
recipient (the "licensee").

The information shared and protected by the license and non-disclosure agreement
includes but is not limited to the following:
* operational algorithms of the product
* logos, graphics, source code, and visual presentation of the product
* confidential operational information of the licensor

The recipient of this source code is NOT permitted to publicly disclose,
re-use, archive beyond the period of the license agreement, transfer to a
sub-licensee, or re-implement any portion of the content covered by the license
and non-disclosure agreement without the prior written consent of the licensor.
*********************************************************************************/

Version  : 2024.07
Build    : 1.1.19
Hash     : c1e3bb5
Date     : Jul  2 2024
Type     : Engineering
Log Time   : Tue Jul  2 06:55:13 2024 GMT

 /----------------------------------------------------------------------------\
 |                                                                            |
 |  yosys -- Yosys Open SYnthesis Suite                                       |
 |                                                                            |
 |  Copyright (C) 2012 - 2020  Claire Xenia Wolf <claire@yosyshq.com>         |
 |                                                                            |
 |  Permission to use, copy, modify, and/or distribute this software for any  |
 |  purpose with or without fee is hereby granted, provided that the above    |
 |  copyright notice and this permission notice appear in all copies.         |
 |                                                                            |
 |  THE SOFTWARE IS PROVIDED "AS IS" AND THE AUTHOR DISCLAIMS ALL WARRANTIES  |
 |  WITH REGARD TO THIS SOFTWARE INCLUDING ALL IMPLIED WARRANTIES OF          |
 |  MERCHANTABILITY AND FITNESS. IN NO EVENT SHALL THE AUTHOR BE LIABLE FOR   |
 |  ANY SPECIAL, DIRECT, INDIRECT, OR CONSEQUENTIAL DAMAGES OR ANY DAMAGES    |
 |  WHATSOEVER RESULTING FROM LOSS OF USE, DATA OR PROFITS, WHETHER IN AN     |
 |  ACTION OF CONTRACT, NEGLIGENCE OR OTHER TORTIOUS ACTION, ARISING OUT OF   |
 |  OR IN CONNECTION WITH THE USE OR PERFORMANCE OF THIS SOFTWARE.            |
 |                                                                            |
 \----------------------------------------------------------------------------/

 Yosys 0.38 (git sha1 808ba3ebe, gcc 11.2.1 -fPIC -Os)


-- Executing script file `/nfs_scratch/scratch/CompilerValidation/zaheer_ahmad/os_fpga2/ArchBench/Testcases/multi_clocks/multi_clocks/run_1/synth_1_1/analysis/multi_clocks_analyzer.cmd' --

1. Executing Verilog-2005 frontend: /nfs_eda_sw/softwares/Raptor/instl_dir/07_02_2024_09_15_02/share/raptor/sim_models/rapidsilicon/genesis3/FPGA_PRIMITIVES_MODELS/blackbox_models/cell_sim_blackbox.v
Parsing SystemVerilog input from `/nfs_eda_sw/softwares/Raptor/instl_dir/07_02_2024_09_15_02/share/raptor/sim_models/rapidsilicon/genesis3/FPGA_PRIMITIVES_MODELS/blackbox_models/cell_sim_blackbox.v' to AST representation.
Generating RTLIL representation for module `\BOOT_CLOCK'.
Generating RTLIL representation for module `\CARRY'.
Generating RTLIL representation for module `\CLK_BUF'.
Generating RTLIL representation for module `\DFFNRE'.
Generating RTLIL representation for module `\DFFRE'.
Generating RTLIL representation for module `\DSP19X2'.
Generating RTLIL representation for module `\DSP38'.
Generating RTLIL representation for module `\FCLK_BUF'.
Generating RTLIL representation for module `\FIFO18KX2'.
Generating RTLIL representation for module `\FIFO36K'.
Generating RTLIL representation for module `\I_BUF_DS'.
Generating RTLIL representation for module `\I_BUF'.
Generating RTLIL representation for module `\I_DDR'.
Generating RTLIL representation for module `\I_DELAY'.
Generating RTLIL representation for module `\I_SERDES'.
Generating RTLIL representation for module `\LUT1'.
Generating RTLIL representation for module `\LUT2'.
Generating RTLIL representation for module `\LUT3'.
Generating RTLIL representation for module `\LUT4'.
Generating RTLIL representation for module `\LUT5'.
Generating RTLIL representation for module `\LUT6'.
Generating RTLIL representation for module `\O_BUF_DS'.
Generating RTLIL representation for module `\O_BUFT_DS'.
Generating RTLIL representation for module `\O_BUFT'.
Generating RTLIL representation for module `\O_BUF'.
Generating RTLIL representation for module `\O_DDR'.
Generating RTLIL representation for module `\O_DELAY'.
Generating RTLIL representation for module `\O_SERDES_CLK'.
Generating RTLIL representation for module `\O_SERDES'.
Generating RTLIL representation for module `\PLL'.
Generating RTLIL representation for module `\SOC_FPGA_INTF_AHB_M'.
Generating RTLIL representation for module `\SOC_FPGA_INTF_AHB_S'.
Generating RTLIL representation for module `\SOC_FPGA_INTF_AXI_M0'.
Generating RTLIL representation for module `\SOC_FPGA_INTF_AXI_M1'.
Generating RTLIL representation for module `\SOC_FPGA_INTF_DMA'.
Generating RTLIL representation for module `\SOC_FPGA_INTF_IRQ'.
Generating RTLIL representation for module `\SOC_FPGA_INTF_JTAG'.
Generating RTLIL representation for module `\SOC_FPGA_TEMPERATURE'.
Generating RTLIL representation for module `\TDP_RAM18KX2'.
Generating RTLIL representation for module `\TDP_RAM36K'.
Generating RTLIL representation for module `\LATCH'.
Generating RTLIL representation for module `\LATCHN'.
Generating RTLIL representation for module `\LATCHR'.
Generating RTLIL representation for module `\LATCHS'.
Generating RTLIL representation for module `\LATCHNR'.
Generating RTLIL representation for module `\LATCHNS'.
Generating RTLIL representation for module `\BRAM2x18_TDP'.
Generating RTLIL representation for module `\BRAM2x18_SDP'.
Generating RTLIL representation for module `\_$_mem_v2_asymmetric'.
Successfully finished Verilog frontend.

2. Executing Verilog-2005 frontend: /nfs_scratch/scratch/CompilerValidation/zaheer_ahmad/os_fpga2/ArchBench/Testcases/multi_clocks/./rtl/multi_clocks.v
Parsing Verilog input from `/nfs_scratch/scratch/CompilerValidation/zaheer_ahmad/os_fpga2/ArchBench/Testcases/multi_clocks/./rtl/multi_clocks.v' to AST representation.
Generating RTLIL representation for module `\multi_clocks'.
Generating RTLIL representation for module `\simple_8bit_counter'.
Successfully finished Verilog frontend.

-- Running command `hierarchy -top multi_clocks' --

3. Executing HIERARCHY pass (managing design hierarchy).

3.1. Analyzing design hierarchy..
Top module:  \multi_clocks
Used module:     \simple_8bit_counter

3.2. Analyzing design hierarchy..
Top module:  \multi_clocks
Used module:     \simple_8bit_counter
Removed 0 unused modules.
Mapping positional arguments of cell multi_clocks.a15 (simple_8bit_counter).
Mapping positional arguments of cell multi_clocks.a14 (simple_8bit_counter).
Mapping positional arguments of cell multi_clocks.a13 (simple_8bit_counter).
Mapping positional arguments of cell multi_clocks.a12 (simple_8bit_counter).
Mapping positional arguments of cell multi_clocks.a11 (simple_8bit_counter).
Mapping positional arguments of cell multi_clocks.a10 (simple_8bit_counter).
Mapping positional arguments of cell multi_clocks.a9 (simple_8bit_counter).
Mapping positional arguments of cell multi_clocks.a8 (simple_8bit_counter).
Mapping positional arguments of cell multi_clocks.a7 (simple_8bit_counter).
Mapping positional arguments of cell multi_clocks.a6 (simple_8bit_counter).
Mapping positional arguments of cell multi_clocks.a5 (simple_8bit_counter).
Mapping positional arguments of cell multi_clocks.a4 (simple_8bit_counter).
Mapping positional arguments of cell multi_clocks.a3 (simple_8bit_counter).
Mapping positional arguments of cell multi_clocks.a2 (simple_8bit_counter).
Mapping positional arguments of cell multi_clocks.a1 (simple_8bit_counter).
Mapping positional arguments of cell multi_clocks.a0 (simple_8bit_counter).

Dumping file hier_info.json ...
 Process module "simple_8bit_counter"
Dumping file port_info.json ...

End of script. Logfile hash: 4b0a918312, CPU: user 0.06s system 0.02s, MEM: 15.88 MB peak
Yosys 0.38 (git sha1 808ba3ebe, gcc 11.2.1 -fPIC -Os)
Time spent: 93% 4x read_verilog (0 sec), 4% 1x analyze (0 sec), ...
