/*******************************************************************************
Copyright (c) 2022-2024 Rapid Silicon
This source code contains proprietary information belonging to Rapid Silicon
(the "licensor") released under license and non-disclosure agreement to the
recipient (the "licensee").

The information shared and protected by the license and non-disclosure agreement
includes but is not limited to the following:
* operational algorithms of the product
* logos, graphics, source code, and visual presentation of the product
* confidential operational information of the licensor

The recipient of this source code is NOT permitted to publicly disclose,
re-use, archive beyond the period of the license agreement, transfer to a
sub-licensee, or re-implement any portion of the content covered by the license
and non-disclosure agreement without the prior written consent of the licensor.
*********************************************************************************/

Version  : 2024.02
Build    : 0.9.33
Hash     : 92f1e7e
Date     : Feb  6 2024
Type     : Engineering
Log Time   : Tue Feb  6 10:51:15 2024 GMT

[ 15:51:15 ] Analysis has started
[ 15:51:15 ] Command: /nfs_eda_sw/softwares/Raptor/instl_dir/02_06_2024_09_15_01/bin/yosys -s /nfs_scratch/scratch/CompilerValidation/abdul_hameed/EDA-2477/sgen_nco/sgen_nco/run_1/synth_1_1/analysis/sgen_nco_analyzer.cmd
[ 15:51:15 ] Duration: 107 ms. Max utilization: 47 MB
[ 15:51:15 ] Synthesize has started
[ 15:51:15 ] Command: /nfs_eda_sw/softwares/Raptor/instl_dir/02_06_2024_09_15_01/bin/yosys -s sgen_nco.ys -l sgen_nco_synth.log
[ 15:51:15 ] Duration: 267 ms. Max utilization: 51 MB
[ 15:51:15 ] Synthesize has started
[ 15:51:15 ] Command: /nfs_eda_sw/softwares/Raptor/instl_dir/02_06_2024_09_15_01/bin/yosys -s sgen_nco.ys -l sgen_nco_synth.log
[ 15:51:17 ] Duration: 1492 ms. Max utilization: 113 MB
