#! /opt/iverilog/bin/vvp -v
:ivl_version "13.0 (devel)" "(s20221226-498-g52d049b51)";
:ivl_delay_selection "TYPICAL";
:vpi_time_precision - 12;
:vpi_module "/nfs_eda_sw/softwares/Raptor/instl_dir/05_09_2024_09_15_02/bin/HDL_simulator/iverilog/lib/ivl/system.vpi";
:vpi_module "/nfs_eda_sw/softwares/Raptor/instl_dir/05_09_2024_09_15_02/bin/HDL_simulator/iverilog/lib/ivl/vhdl_sys.vpi";
:vpi_module "/nfs_eda_sw/softwares/Raptor/instl_dir/05_09_2024_09_15_02/bin/HDL_simulator/iverilog/lib/ivl/vhdl_textio.vpi";
:vpi_module "/nfs_eda_sw/softwares/Raptor/instl_dir/05_09_2024_09_15_02/bin/HDL_simulator/iverilog/lib/ivl/v2005_math.vpi";
:vpi_module "/nfs_eda_sw/softwares/Raptor/instl_dir/05_09_2024_09_15_02/bin/HDL_simulator/iverilog/lib/ivl/va_math.vpi";
:vpi_module "/nfs_eda_sw/softwares/Raptor/instl_dir/05_09_2024_09_15_02/bin/HDL_simulator/iverilog/lib/ivl/v2009.vpi";
S_0x29dba20 .scope package, "$unit" "$unit" 2 1;
 .timescale 0 0;
S_0x29d5060 .scope module, "co_sim_bin2bcd" "co_sim_bin2bcd" 3 5;
 .timescale -9 -12;
v0x28df690_0 .net "bcd", 11 0, v0x29f8ab0_0;  1 drivers
v0x293e620_0 .net "bcd_netlist", 11 0, L_0x25b2000;  1 drivers
v0x292d920_0 .var "bin", 7 0;
v0x27bd710_0 .var "i", 8 0;
v0x2931580_0 .var/i "mismatch", 31 0;
S_0x299ea10 .scope task, "compare" "compare" 3 45, 3 45 0, S_0x29d5060;
 .timescale -9 -12;
TD_co_sim_bin2bcd.compare ;
    %vpi_call/w 3 46 "$display", "*** Comparing ***" {0 0 0};
    %load/vec4 v0x28df690_0;
    %load/vec4 v0x293e620_0;
    %cmp/ne;
    %jmp/0xz  T_0.0, 6;
    %vpi_call/w 3 48 "$display", "Data Mismatch. Golden: %0b, Netlist: %0b, Time: %0t", v0x28df690_0, v0x293e620_0, $time {0 0 0};
    %load/vec4 v0x2931580_0;
    %addi 1, 0, 32;
    %store/vec4 v0x2931580_0, 0, 32;
    %jmp T_0.1;
T_0.0 ;
    %vpi_call/w 3 52 "$display", "Data Matched. Golden: %0b, Netlist: %0b, Time: %0t", v0x28df690_0, v0x293e620_0, $time {0 0 0};
T_0.1 ;
    %end;
S_0x29bee50 .scope module, "golden" "bin2bcd" 3 17, 4 6 0, S_0x29d5060;
 .timescale -9 -12;
    .port_info 0 /INPUT 8 "bin";
    .port_info 1 /OUTPUT 12 "bcd";
v0x29f8ab0_0 .var "bcd", 11 0;
v0x27fb220_0 .net "bin", 7 0, v0x292d920_0;  1 drivers
v0x2803770_0 .var "i", 3 0;
E_0x29ef6b0 .event anyedge, v0x27fb220_0;
S_0x29ae350 .scope module, "netlist" "bin2bcd_post_synth" 3 21, 5 3 0, S_0x29d5060;
 .timescale -9 -12;
    .port_info 0 /INPUT 8 "bin";
    .port_info 1 /OUTPUT 12 "bcd";
v0x254df20_0 .net "$abc$2856$new_new_n22__", 0 0, L_0x29f2130;  1 drivers
v0x254ddb0_0 .net "$abc$2856$new_new_n23__", 0 0, L_0x29d8540;  1 drivers
v0x254e090_0 .net "$abc$2856$new_new_n24__", 0 0, L_0x299d740;  1 drivers
v0x2548b40_0 .net "$iopadmap$bcd", 11 0, L_0x25accc0;  1 drivers
v0x2548e20_0 .net "$iopadmap$bin", 7 0, L_0x25acfe0;  1 drivers
v0x2548cb0_0 .net *"_ivl_1", 0 0, L_0x2624230;  1 drivers
v0x2548f90_0 .net *"_ivl_105", 1 0, L_0x2a01a90;  1 drivers
v0x25e32e0_0 .net *"_ivl_11", 0 0, L_0x280bad0;  1 drivers
v0x25e3450_0 .net *"_ivl_111", 0 0, L_0x25b3800;  1 drivers
v0x25e5550_0 .net *"_ivl_113", 0 0, L_0x25d25e0;  1 drivers
v0x2577080_0 .net *"_ivl_115", 0 0, L_0x25d2680;  1 drivers
v0x2577360_0 .net *"_ivl_117", 2 0, L_0x25b4410;  1 drivers
v0x25771f0_0 .net *"_ivl_13", 0 0, L_0x27eaf90;  1 drivers
v0x25774d0_0 .net *"_ivl_15", 0 0, L_0x2815510;  1 drivers
v0x2571fc0_0 .net *"_ivl_17", 1 0, L_0x260fce0;  1 drivers
L_0x7f5f8cd839a8 .functor BUFT 1, C4<00>, C4<0>, C4<0>, C4<0>;
v0x25722a0_0 .net/2u *"_ivl_222", 1 0, L_0x7f5f8cd839a8;  1 drivers
v0x2572130_0 .net *"_ivl_228", 0 0, L_0x258e6f0;  1 drivers
v0x2572410_0 .net *"_ivl_23", 0 0, L_0x29fb010;  1 drivers
v0x25c65b0_0 .net *"_ivl_25", 0 0, L_0x29f8350;  1 drivers
v0x25c6890_0 .net *"_ivl_27", 0 0, L_0x29f83f0;  1 drivers
v0x25c6720_0 .net *"_ivl_29", 0 0, L_0x29e2700;  1 drivers
v0x25c8ad0_0 .net *"_ivl_3", 2 0, L_0x25d95a0;  1 drivers
v0x25c1fc0_0 .net *"_ivl_31", 1 0, L_0x29e27a0;  1 drivers
v0x25c2130_0 .net *"_ivl_37", 0 0, L_0x29aa0d0;  1 drivers
v0x25c4230_0 .net *"_ivl_39", 0 0, L_0x29a8fd0;  1 drivers
v0x25bfbd0_0 .net *"_ivl_41", 0 0, L_0x29a7d50;  1 drivers
v0x2597db0_0 .net *"_ivl_43", 2 0, L_0x2a0af50;  1 drivers
v0x258be00_0 .net *"_ivl_49", 0 0, L_0x29f14e0;  1 drivers
v0x25b90e0_0 .net *"_ivl_5", 1 0, L_0x25dc4f0;  1 drivers
v0x25b9250_0 .net *"_ivl_51", 0 0, L_0x29f1580;  1 drivers
v0x25b93c0_0 .net *"_ivl_53", 1 0, L_0x29f8fc0;  1 drivers
v0x258ec50_0 .net *"_ivl_55", 0 0, L_0x29f0bb0;  1 drivers
v0x25118a0_0 .net *"_ivl_57", 0 0, L_0x29f0af0;  1 drivers
v0x2511b80_0 .net *"_ivl_61", 0 0, L_0x29c5420;  1 drivers
v0x2511a10_0 .net *"_ivl_63", 0 0, L_0x29c54c0;  1 drivers
v0x2511cf0_0 .net *"_ivl_65", 0 0, L_0x29c41d0;  1 drivers
v0x253c620_0 .net *"_ivl_67", 0 0, L_0x29fed80;  1 drivers
v0x253c900_0 .net *"_ivl_69", 1 0, L_0x29c3060;  1 drivers
v0x253c790_0 .net *"_ivl_73", 0 0, L_0x299c400;  1 drivers
v0x253ca70_0 .net *"_ivl_75", 0 0, L_0x299c4a0;  1 drivers
v0x2541af0_0 .net *"_ivl_77", 2 0, L_0x299b3a0;  1 drivers
v0x25d6260_0 .net *"_ivl_79", 0 0, L_0x29c1de0;  1 drivers
v0x25d63d0_0 .net *"_ivl_83", 1 0, L_0x29f3710;  1 drivers
v0x25cda00_0 .net *"_ivl_89", 0 0, L_0x2a0d620;  1 drivers
v0x25d3170_0 .net *"_ivl_91", 0 0, L_0x29fb540;  1 drivers
v0x2557e40_0 .net *"_ivl_97", 0 0, L_0x2a00110;  1 drivers
v0x2558120_0 .net *"_ivl_99", 0 0, L_0x2a001b0;  1 drivers
v0x2557fb0_0 .net "bcd", 11 0, L_0x25b2000;  alias, 1 drivers
v0x2558290_0 .net "bin", 7 0, v0x292d920_0;  alias, 1 drivers
L_0x2624230 .part L_0x25acfe0, 4, 1;
L_0x25d95a0 .part L_0x25acfe0, 5, 3;
L_0x25dc4f0 .part L_0x25acfe0, 2, 2;
L_0x25d06c0 .concat [ 2 3 1 0], L_0x25dc4f0, L_0x25d95a0, L_0x2624230;
L_0x280bad0 .part L_0x25acfe0, 6, 1;
L_0x27eaf90 .part L_0x25acfe0, 7, 1;
L_0x2815510 .part L_0x25acfe0, 3, 1;
L_0x260fce0 .part L_0x25acfe0, 4, 2;
L_0x27c3380 .concat [ 2 1 1 1], L_0x260fce0, L_0x2815510, L_0x27eaf90, L_0x280bad0;
L_0x29fb010 .part L_0x25acfe0, 4, 1;
L_0x29f8350 .part L_0x25acfe0, 6, 1;
L_0x29f83f0 .part L_0x25acfe0, 7, 1;
L_0x29e2700 .part L_0x25acfe0, 5, 1;
L_0x29e27a0 .part L_0x25acfe0, 2, 2;
LS_0x29f9310_0_0 .concat [ 2 1 1 1], L_0x29e27a0, L_0x29e2700, L_0x29f83f0, L_0x29f8350;
LS_0x29f9310_0_4 .concat [ 1 0 0 0], L_0x29fb010;
L_0x29f9310 .concat [ 5 1 0 0], LS_0x29f9310_0_0, LS_0x29f9310_0_4;
L_0x29aa0d0 .part L_0x25acfe0, 5, 1;
L_0x29a8fd0 .part L_0x25acfe0, 6, 1;
L_0x29a7d50 .part L_0x25acfe0, 7, 1;
L_0x2a0af50 .part L_0x25acfe0, 2, 3;
L_0x2a0aff0 .concat [ 3 1 1 1], L_0x2a0af50, L_0x29a7d50, L_0x29a8fd0, L_0x29aa0d0;
L_0x29f14e0 .part L_0x25acfe0, 7, 1;
L_0x29f1580 .part L_0x25acfe0, 5, 1;
L_0x29f8fc0 .part L_0x25acfe0, 2, 2;
L_0x29f0bb0 .part L_0x25acfe0, 6, 1;
L_0x29f0af0 .part L_0x25acfe0, 4, 1;
LS_0x2a04380_0_0 .concat [ 1 1 2 1], L_0x29f0af0, L_0x29f0bb0, L_0x29f8fc0, L_0x29f1580;
LS_0x2a04380_0_4 .concat [ 1 0 0 0], L_0x29f14e0;
L_0x2a04380 .concat [ 5 1 0 0], LS_0x2a04380_0_0, LS_0x2a04380_0_4;
L_0x29c5420 .part L_0x25acfe0, 4, 1;
L_0x29c54c0 .part L_0x25acfe0, 6, 1;
L_0x29c41d0 .part L_0x25acfe0, 7, 1;
L_0x29fed80 .part L_0x25acfe0, 5, 1;
L_0x29c3060 .part L_0x25acfe0, 2, 2;
LS_0x29c40e0_0_0 .concat [ 2 1 1 1], L_0x29c3060, L_0x29fed80, L_0x29c41d0, L_0x29c54c0;
LS_0x29c40e0_0_4 .concat [ 1 0 0 0], L_0x29c5420;
L_0x29c40e0 .concat [ 5 1 0 0], LS_0x29c40e0_0_0, LS_0x29c40e0_0_4;
L_0x299c400 .part L_0x25acfe0, 4, 1;
L_0x299c4a0 .part L_0x25acfe0, 2, 1;
L_0x299b3a0 .part L_0x25acfe0, 5, 3;
L_0x29c1de0 .part L_0x25acfe0, 3, 1;
L_0x299b280 .concat [ 1 3 1 1], L_0x29c1de0, L_0x299b3a0, L_0x299c4a0, L_0x299c400;
L_0x29f3710 .part L_0x25acfe0, 1, 2;
L_0x29f2a90 .concat [ 1 2 1 1], L_0x29f2130, L_0x29f3710, L_0x29d8540, L_0x299d740;
L_0x2a0d620 .part L_0x25acfe0, 1, 1;
L_0x29fb540 .part L_0x25acfe0, 2, 1;
LS_0x2a0d6c0_0_0 .concat [ 1 1 1 1], L_0x299d740, L_0x29fb540, L_0x29d8540, L_0x29f2130;
LS_0x2a0d6c0_0_4 .concat [ 1 0 0 0], L_0x2a0d620;
L_0x2a0d6c0 .concat [ 4 1 0 0], LS_0x2a0d6c0_0_0, LS_0x2a0d6c0_0_4;
L_0x2a00110 .part L_0x25acfe0, 2, 1;
L_0x2a001b0 .part L_0x25acfe0, 1, 1;
LS_0x2a00250_0_0 .concat [ 1 1 1 1], L_0x29f2130, L_0x2a001b0, L_0x299d740, L_0x2a00110;
LS_0x2a00250_0_4 .concat [ 1 0 0 0], L_0x29d8540;
L_0x2a00250 .concat [ 4 1 0 0], LS_0x2a00250_0_0, LS_0x2a00250_0_4;
L_0x2a01a90 .part L_0x25acfe0, 1, 2;
L_0x29fd5d0 .concat [ 1 1 2 1], L_0x29f2130, L_0x299d740, L_0x2a01a90, L_0x29d8540;
L_0x25b3800 .part L_0x25acfe0, 7, 1;
L_0x25d25e0 .part L_0x25acfe0, 5, 1;
L_0x25d2680 .part L_0x25acfe0, 6, 1;
L_0x25b4410 .part L_0x25acfe0, 2, 3;
L_0x25b44b0 .concat [ 3 1 1 1], L_0x25b4410, L_0x25d2680, L_0x25d25e0, L_0x25b3800;
L_0x25b4270 .part L_0x25accc0, 0, 1;
L_0x253bcd0 .part L_0x25accc0, 1, 1;
L_0x253be10 .part L_0x25accc0, 2, 1;
L_0x253bb20 .part L_0x25accc0, 3, 1;
L_0x253bc10 .part L_0x25accc0, 4, 1;
L_0x25112c0 .part L_0x25accc0, 5, 1;
L_0x25113b0 .part L_0x25accc0, 6, 1;
L_0x25110f0 .part L_0x25accc0, 7, 1;
L_0x25111e0 .part L_0x25accc0, 8, 1;
L_0x25b1f10 .part L_0x25accc0, 9, 1;
LS_0x25b2000_0_0 .concat8 [ 1 1 1 1], L_0x299a250, L_0x25b4360, L_0x2766460, L_0x253bf00;
LS_0x25b2000_0_4 .concat8 [ 1 1 1 1], L_0x2762b40, L_0x2768b40, L_0x2765da0, L_0x25114a0;
LS_0x25b2000_0_8 .concat8 [ 1 1 1 1], L_0x2768ea0, L_0x2766100, L_0x2767370, L_0x27639d0;
L_0x25b2000 .concat8 [ 4 4 4 0], LS_0x25b2000_0_0, LS_0x25b2000_0_4, LS_0x25b2000_0_8;
L_0x25b1c20 .part v0x292d920_0, 0, 1;
L_0x25b1cc0 .part v0x292d920_0, 1, 1;
L_0x25b1d60 .part v0x292d920_0, 2, 1;
L_0x25b2b50 .part v0x292d920_0, 3, 1;
L_0x25b2bf0 .part v0x292d920_0, 4, 1;
L_0x25b2c90 .part v0x292d920_0, 5, 1;
L_0x25b2a40 .part v0x292d920_0, 6, 1;
L_0x2a0c020 .part v0x292d920_0, 7, 1;
LS_0x25accc0_0_0 .concat8 [ 1 1 1 1], L_0x25ad0d0, L_0x29fc5b0, L_0x2a02d30, L_0x2a01950;
LS_0x25accc0_0_4 .concat8 [ 1 1 1 1], L_0x29f35d0, L_0x25a6230, L_0x2a00540, L_0x29aa180;
LS_0x25accc0_0_8 .concat8 [ 1 1 2 0], L_0x25b38b0, L_0x25cae90, L_0x7f5f8cd839a8;
L_0x25accc0 .concat8 [ 4 4 4 0], LS_0x25accc0_0_0, LS_0x25accc0_0_4, LS_0x25accc0_0_8;
LS_0x25acfe0_0_0 .concat8 [ 1 1 1 1], L_0x258e6f0, L_0x28f4490, L_0x28f1130, L_0x267b1c0;
LS_0x25acfe0_0_4 .concat8 [ 1 1 1 1], L_0x28f4700, L_0x28fbd90, L_0x28ecf70, L_0x2859740;
L_0x25acfe0 .concat8 [ 4 4 0 0], LS_0x25acfe0_0_0, LS_0x25acfe0_0_4;
L_0x258e6f0 .part L_0x25accc0, 0, 1;
S_0x29e8580 .scope module, "$abc$2856$auto$blifparse.cc:535:parse_blif$2857" "LUT6" 5 21, 6 10 1, S_0x29ae350;
 .timescale -9 -12;
    .port_info 0 /INPUT 6 "A";
    .port_info 1 /OUTPUT 1 "Y";
P_0x27c50b0 .param/l "INIT_VALUE" 0 6 11, C4<0000100000010000110000001000111011110000111101110000111100110000>;
v0x28035c0_0 .net "A", 5 0, L_0x25d06c0;  1 drivers
v0x2940e20_0 .net "Y", 0 0, L_0x25a6230;  1 drivers
v0x2809e30_0 .net *"_ivl_1", 0 0, L_0x28ed3b0;  1 drivers
v0x280d1d0_0 .net *"_ivl_11", 15 0, L_0x29f9620;  1 drivers
v0x280d330_0 .net *"_ivl_13", 15 0, L_0x29f3d20;  1 drivers
v0x26f2450_0 .net *"_ivl_17", 0 0, L_0x26f18e0;  1 drivers
v0x26f1760_0 .net *"_ivl_19", 7 0, L_0x26f28f0;  1 drivers
L_0x7f5f8cd83018 .functor BUFT 1, C4<00001000000100001100000010001110>, C4<0>, C4<0>, C4<0>;
v0x26f2a40_0 .net/2u *"_ivl_2", 31 0, L_0x7f5f8cd83018;  1 drivers
v0x26f2bb0_0 .net *"_ivl_21", 7 0, L_0x26f22c0;  1 drivers
v0x26f2d20_0 .net *"_ivl_25", 0 0, L_0x263f070;  1 drivers
v0x26f2e90_0 .net *"_ivl_27", 3 0, L_0x26405f0;  1 drivers
v0x26f3000_0 .net *"_ivl_29", 3 0, L_0x2641b70;  1 drivers
v0x26f3170_0 .net *"_ivl_33", 0 0, L_0x2644670;  1 drivers
v0x26f32e0_0 .net *"_ivl_35", 1 0, L_0x285bbb0;  1 drivers
v0x26f3450_0 .net *"_ivl_37", 1 0, L_0x28bd530;  1 drivers
L_0x7f5f8cd83060 .functor BUFT 1, C4<11110000111101110000111100110000>, C4<0>, C4<0>, C4<0>;
v0x26f35c0_0 .net/2u *"_ivl_4", 31 0, L_0x7f5f8cd83060;  1 drivers
v0x26f3730_0 .net *"_ivl_41", 0 0, L_0x284fe30;  1 drivers
v0x26f1e60_0 .net *"_ivl_43", 0 0, L_0x2648d50;  1 drivers
v0x26f1fd0_0 .net *"_ivl_45", 0 0, L_0x26a1f20;  1 drivers
v0x26f38a0_0 .net *"_ivl_9", 0 0, L_0x28d6a30;  1 drivers
v0x26f3a10_0 .net "s1", 1 0, L_0x28dea30;  1 drivers
v0x26f2140_0 .net "s2", 3 0, L_0x26430f0;  1 drivers
v0x26f3b80_0 .net "s3", 7 0, L_0x263daf0;  1 drivers
v0x26f3cf0_0 .net "s4", 15 0, L_0x2809ca0;  1 drivers
v0x26f3e60_0 .net "s5", 31 0, L_0x2859520;  1 drivers
L_0x28ed3b0 .part L_0x25d06c0, 5, 1;
L_0x2859520 .functor MUXZ 32, L_0x7f5f8cd83060, L_0x7f5f8cd83018, L_0x28ed3b0, C4<>;
L_0x28d6a30 .part L_0x25d06c0, 4, 1;
L_0x29f9620 .part L_0x2859520, 16, 16;
L_0x29f3d20 .part L_0x2859520, 0, 16;
L_0x2809ca0 .functor MUXZ 16, L_0x29f3d20, L_0x29f9620, L_0x28d6a30, C4<>;
L_0x26f18e0 .part L_0x25d06c0, 3, 1;
L_0x26f28f0 .part L_0x2809ca0, 8, 8;
L_0x26f22c0 .part L_0x2809ca0, 0, 8;
L_0x263daf0 .functor MUXZ 8, L_0x26f22c0, L_0x26f28f0, L_0x26f18e0, C4<>;
L_0x263f070 .part L_0x25d06c0, 2, 1;
L_0x26405f0 .part L_0x263daf0, 4, 4;
L_0x2641b70 .part L_0x263daf0, 0, 4;
L_0x26430f0 .functor MUXZ 4, L_0x2641b70, L_0x26405f0, L_0x263f070, C4<>;
L_0x2644670 .part L_0x25d06c0, 1, 1;
L_0x285bbb0 .part L_0x26430f0, 2, 2;
L_0x28bd530 .part L_0x26430f0, 0, 2;
L_0x28dea30 .functor MUXZ 2, L_0x28bd530, L_0x285bbb0, L_0x2644670, C4<>;
L_0x284fe30 .part L_0x25d06c0, 0, 1;
L_0x2648d50 .part L_0x28dea30, 1, 1;
L_0x26a1f20 .part L_0x28dea30, 0, 1;
L_0x25a6230 .functor MUXZ 1, L_0x26a1f20, L_0x2648d50, L_0x284fe30, C4<>;
S_0x29e2340 .scope module, "$abc$2856$auto$blifparse.cc:535:parse_blif$2858" "LUT5" 5 29, 7 10 1, S_0x29ae350;
 .timescale -9 -12;
    .port_info 0 /INPUT 5 "A";
    .port_info 1 /OUTPUT 1 "Y";
P_0x27a4450 .param/l "INIT_VALUE" 0 7 11, C4<11111110000000000000000000000000>;
v0x26f3fd0_0 .net "A", 4 0, L_0x27c3380;  1 drivers
v0x2724ce0_0 .net "Y", 0 0, L_0x25cae90;  1 drivers
v0x2724b30_0 .net *"_ivl_1", 0 0, L_0x25b7560;  1 drivers
v0x2724e50_0 .net *"_ivl_11", 7 0, L_0x25fb1c0;  1 drivers
v0x285ebb0_0 .net *"_ivl_13", 7 0, L_0x25f8bb0;  1 drivers
v0x285fad0_0 .net *"_ivl_17", 0 0, L_0x25f3810;  1 drivers
v0x285ed20_0 .net *"_ivl_19", 3 0, L_0x25ff7c0;  1 drivers
L_0x7f5f8cd830a8 .functor BUFT 1, C4<1111111000000000>, C4<0>, C4<0>, C4<0>;
v0x285fc40_0 .net/2u *"_ivl_2", 15 0, L_0x7f5f8cd830a8;  1 drivers
v0x285e8d0_0 .net *"_ivl_21", 3 0, L_0x25fd770;  1 drivers
v0x285f7f0_0 .net *"_ivl_25", 0 0, L_0x2602dc0;  1 drivers
v0x285ea40_0 .net *"_ivl_27", 1 0, L_0x2625a50;  1 drivers
v0x285f960_0 .net *"_ivl_29", 1 0, L_0x25e7460;  1 drivers
v0x262e670_0 .net *"_ivl_33", 0 0, L_0x25b8f50;  1 drivers
v0x262e7c0_0 .net *"_ivl_35", 0 0, L_0x25e0f90;  1 drivers
v0x262e910_0 .net *"_ivl_37", 0 0, L_0x25d32e0;  1 drivers
L_0x7f5f8cd830f0 .functor BUFT 1, C4<0000000000000000>, C4<0>, C4<0>, C4<0>;
v0x262fbf0_0 .net/2u *"_ivl_4", 15 0, L_0x7f5f8cd830f0;  1 drivers
v0x262fd40_0 .net *"_ivl_9", 0 0, L_0x2628020;  1 drivers
v0x262fe90_0 .net "s1", 1 0, L_0x25b8c90;  1 drivers
v0x2631170_0 .net "s2", 3 0, L_0x2611480;  1 drivers
v0x26312c0_0 .net "s3", 7 0, L_0x25f5db0;  1 drivers
v0x2631410_0 .net "s4", 15 0, L_0x2626d40;  1 drivers
L_0x25b7560 .part L_0x27c3380, 4, 1;
L_0x2626d40 .functor MUXZ 16, L_0x7f5f8cd830f0, L_0x7f5f8cd830a8, L_0x25b7560, C4<>;
L_0x2628020 .part L_0x27c3380, 3, 1;
L_0x25fb1c0 .part L_0x2626d40, 8, 8;
L_0x25f8bb0 .part L_0x2626d40, 0, 8;
L_0x25f5db0 .functor MUXZ 8, L_0x25f8bb0, L_0x25fb1c0, L_0x2628020, C4<>;
L_0x25f3810 .part L_0x27c3380, 2, 1;
L_0x25ff7c0 .part L_0x25f5db0, 4, 4;
L_0x25fd770 .part L_0x25f5db0, 0, 4;
L_0x2611480 .functor MUXZ 4, L_0x25fd770, L_0x25ff7c0, L_0x25f3810, C4<>;
L_0x2602dc0 .part L_0x27c3380, 1, 1;
L_0x2625a50 .part L_0x2611480, 2, 2;
L_0x25e7460 .part L_0x2611480, 0, 2;
L_0x25b8c90 .functor MUXZ 2, L_0x25e7460, L_0x2625a50, L_0x2602dc0, C4<>;
L_0x25b8f50 .part L_0x27c3380, 0, 1;
L_0x25e0f90 .part L_0x25b8c90, 1, 1;
L_0x25d32e0 .part L_0x25b8c90, 0, 1;
L_0x25cae90 .functor MUXZ 1, L_0x25d32e0, L_0x25e0f90, L_0x25b8f50, C4<>;
S_0x29f7a10 .scope module, "$abc$2856$auto$blifparse.cc:535:parse_blif$2859" "LUT6" 5 37, 6 10 1, S_0x29ae350;
 .timescale -9 -12;
    .port_info 0 /INPUT 6 "A";
    .port_info 1 /OUTPUT 1 "Y";
P_0x276ce20 .param/l "INIT_VALUE" 0 6 11, C4<1111000000000000000111111111000000000000000011111111100011000000>;
v0x26326f0_0 .net "A", 5 0, L_0x29f9310;  1 drivers
v0x2632840_0 .net "Y", 0 0, L_0x2a00540;  1 drivers
v0x2632990_0 .net *"_ivl_1", 0 0, L_0x2762870;  1 drivers
v0x2633c70_0 .net *"_ivl_11", 15 0, L_0x299edc0;  1 drivers
v0x2633dc0_0 .net *"_ivl_13", 15 0, L_0x29d53f0;  1 drivers
v0x2633f10_0 .net *"_ivl_17", 0 0, L_0x29dcbf0;  1 drivers
v0x26351f0_0 .net *"_ivl_19", 7 0, L_0x29fa230;  1 drivers
L_0x7f5f8cd83138 .functor BUFT 1, C4<11110000000000000001111111110000>, C4<0>, C4<0>, C4<0>;
v0x2635340_0 .net/2u *"_ivl_2", 31 0, L_0x7f5f8cd83138;  1 drivers
v0x2635490_0 .net *"_ivl_21", 7 0, L_0x29f6b40;  1 drivers
v0x2636770_0 .net *"_ivl_25", 0 0, L_0x2a0da50;  1 drivers
v0x26368c0_0 .net *"_ivl_27", 3 0, L_0x2a0daf0;  1 drivers
v0x2636a10_0 .net *"_ivl_29", 3 0, L_0x2a08760;  1 drivers
v0x2637cf0_0 .net *"_ivl_33", 0 0, L_0x2a05a70;  1 drivers
v0x2637e40_0 .net *"_ivl_35", 1 0, L_0x2a05b10;  1 drivers
v0x2637f90_0 .net *"_ivl_37", 1 0, L_0x2a02fd0;  1 drivers
L_0x7f5f8cd83180 .functor BUFT 1, C4<00000000000011111111100011000000>, C4<0>, C4<0>, C4<0>;
v0x2639270_0 .net/2u *"_ivl_4", 31 0, L_0x7f5f8cd83180;  1 drivers
v0x26393c0_0 .net *"_ivl_41", 0 0, L_0x2a005e0;  1 drivers
v0x2639510_0 .net *"_ivl_43", 0 0, L_0x29fdaa0;  1 drivers
v0x263a7f0_0 .net *"_ivl_45", 0 0, L_0x29fb0c0;  1 drivers
v0x263a940_0 .net *"_ivl_9", 0 0, L_0x29b6a20;  1 drivers
v0x263aa90_0 .net "s1", 1 0, L_0x2a03070;  1 drivers
v0x263bd70_0 .net "s2", 3 0, L_0x2a08800;  1 drivers
v0x263bec0_0 .net "s3", 7 0, L_0x29dbde0;  1 drivers
v0x263d1b0_0 .net "s4", 15 0, L_0x29bfca0;  1 drivers
v0x263d9a0_0 .net "s5", 31 0, L_0x2a09a40;  1 drivers
L_0x2762870 .part L_0x29f9310, 5, 1;
L_0x2a09a40 .functor MUXZ 32, L_0x7f5f8cd83180, L_0x7f5f8cd83138, L_0x2762870, C4<>;
L_0x29b6a20 .part L_0x29f9310, 4, 1;
L_0x299edc0 .part L_0x2a09a40, 16, 16;
L_0x29d53f0 .part L_0x2a09a40, 0, 16;
L_0x29bfca0 .functor MUXZ 16, L_0x29d53f0, L_0x299edc0, L_0x29b6a20, C4<>;
L_0x29dcbf0 .part L_0x29f9310, 3, 1;
L_0x29fa230 .part L_0x29bfca0, 8, 8;
L_0x29f6b40 .part L_0x29bfca0, 0, 8;
L_0x29dbde0 .functor MUXZ 8, L_0x29f6b40, L_0x29fa230, L_0x29dcbf0, C4<>;
L_0x2a0da50 .part L_0x29f9310, 2, 1;
L_0x2a0daf0 .part L_0x29dbde0, 4, 4;
L_0x2a08760 .part L_0x29dbde0, 0, 4;
L_0x2a08800 .functor MUXZ 4, L_0x2a08760, L_0x2a0daf0, L_0x2a0da50, C4<>;
L_0x2a05a70 .part L_0x29f9310, 1, 1;
L_0x2a05b10 .part L_0x2a08800, 2, 2;
L_0x2a02fd0 .part L_0x2a08800, 0, 2;
L_0x2a03070 .functor MUXZ 2, L_0x2a02fd0, L_0x2a05b10, L_0x2a05a70, C4<>;
L_0x2a005e0 .part L_0x29f9310, 0, 1;
L_0x29fdaa0 .part L_0x2a03070, 1, 1;
L_0x29fb0c0 .part L_0x2a03070, 0, 1;
L_0x2a00540 .functor MUXZ 1, L_0x29fb0c0, L_0x29fdaa0, L_0x2a005e0, C4<>;
S_0x29f6df0 .scope module, "$abc$2856$auto$blifparse.cc:535:parse_blif$2860" "LUT6" 5 45, 6 10 1, S_0x29ae350;
 .timescale -9 -12;
    .port_info 0 /INPUT 6 "A";
    .port_info 1 /OUTPUT 1 "Y";
P_0x28f9fb0 .param/l "INIT_VALUE" 0 6 11, C4<0000000000000001111000000000000000000011111100000000000000000000>;
v0x263ef20_0 .net "A", 5 0, L_0x2a0aff0;  1 drivers
v0x26404a0_0 .net "Y", 0 0, L_0x29aa180;  1 drivers
v0x2641a20_0 .net *"_ivl_1", 0 0, L_0x29f8710;  1 drivers
v0x2642fa0_0 .net *"_ivl_11", 15 0, L_0x29a5f50;  1 drivers
v0x2644520_0 .net *"_ivl_13", 15 0, L_0x29f3e20;  1 drivers
v0x2645aa0_0 .net *"_ivl_17", 0 0, L_0x29f32e0;  1 drivers
v0x26466b0_0 .net *"_ivl_19", 7 0, L_0x29f3380;  1 drivers
L_0x7f5f8cd831c8 .functor BUFT 1, C4<00000000000000011110000000000000>, C4<0>, C4<0>, C4<0>;
v0x27e2750_0 .net/2u *"_ivl_2", 31 0, L_0x7f5f8cd831c8;  1 drivers
v0x2844fe0_0 .net *"_ivl_21", 7 0, L_0x29e80e0;  1 drivers
v0x28bd390_0 .net *"_ivl_25", 0 0, L_0x29a5bb0;  1 drivers
v0x28bd6c0_0 .net *"_ivl_27", 3 0, L_0x29a5c50;  1 drivers
v0x27e9400_0 .net *"_ivl_29", 3 0, L_0x29f9eb0;  1 drivers
v0x28d9800_0 .net *"_ivl_33", 0 0, L_0x29b7790;  1 drivers
v0x28dda20_0 .net *"_ivl_35", 1 0, L_0x29b7830;  1 drivers
v0x292d090_0 .net *"_ivl_37", 1 0, L_0x29af3b0;  1 drivers
L_0x7f5f8cd83210 .functor BUFT 1, C4<00000011111100000000000000000000>, C4<0>, C4<0>, C4<0>;
v0x292d2a0_0 .net/2u *"_ivl_4", 31 0, L_0x7f5f8cd83210;  1 drivers
v0x2937530_0 .net *"_ivl_41", 0 0, L_0x29a6d50;  1 drivers
v0x2937780_0 .net *"_ivl_43", 0 0, L_0x2997e50;  1 drivers
v0x292c2b0_0 .net *"_ivl_45", 0 0, L_0x29a6cb0;  1 drivers
v0x28138c0_0 .net *"_ivl_9", 0 0, L_0x29acfc0;  1 drivers
v0x281e7b0_0 .net "s1", 1 0, L_0x29af450;  1 drivers
v0x2850be0_0 .net "s2", 3 0, L_0x29f9f50;  1 drivers
v0x2930c90_0 .net "s3", 7 0, L_0x29e8180;  1 drivers
v0x2930b30_0 .net "s4", 15 0, L_0x29f3ec0;  1 drivers
v0x29309e0_0 .net "s5", 31 0, L_0x29f87b0;  1 drivers
L_0x29f8710 .part L_0x2a0aff0, 5, 1;
L_0x29f87b0 .functor MUXZ 32, L_0x7f5f8cd83210, L_0x7f5f8cd831c8, L_0x29f8710, C4<>;
L_0x29acfc0 .part L_0x2a0aff0, 4, 1;
L_0x29a5f50 .part L_0x29f87b0, 16, 16;
L_0x29f3e20 .part L_0x29f87b0, 0, 16;
L_0x29f3ec0 .functor MUXZ 16, L_0x29f3e20, L_0x29a5f50, L_0x29acfc0, C4<>;
L_0x29f32e0 .part L_0x2a0aff0, 3, 1;
L_0x29f3380 .part L_0x29f3ec0, 8, 8;
L_0x29e80e0 .part L_0x29f3ec0, 0, 8;
L_0x29e8180 .functor MUXZ 8, L_0x29e80e0, L_0x29f3380, L_0x29f32e0, C4<>;
L_0x29a5bb0 .part L_0x2a0aff0, 2, 1;
L_0x29a5c50 .part L_0x29e8180, 4, 4;
L_0x29f9eb0 .part L_0x29e8180, 0, 4;
L_0x29f9f50 .functor MUXZ 4, L_0x29f9eb0, L_0x29a5c50, L_0x29a5bb0, C4<>;
L_0x29b7790 .part L_0x2a0aff0, 1, 1;
L_0x29b7830 .part L_0x29f9f50, 2, 2;
L_0x29af3b0 .part L_0x29f9f50, 0, 2;
L_0x29af450 .functor MUXZ 2, L_0x29af3b0, L_0x29b7830, L_0x29b7790, C4<>;
L_0x29a6d50 .part L_0x2a0aff0, 0, 1;
L_0x2997e50 .part L_0x29af450, 1, 1;
L_0x29a6cb0 .part L_0x29af450, 0, 1;
L_0x29aa180 .functor MUXZ 1, L_0x29a6cb0, L_0x2997e50, L_0x29a6d50, C4<>;
S_0x29f61d0 .scope module, "$abc$2856$auto$blifparse.cc:535:parse_blif$2861" "LUT6" 5 53, 6 10 1, S_0x29ae350;
 .timescale -9 -12;
    .port_info 0 /INPUT 6 "A";
    .port_info 1 /OUTPUT 1 "Y";
P_0x2674c70 .param/l "INIT_VALUE" 0 6 11, C4<0100001010111111111111010100001010111111110101000100001010111111>;
v0x2930e90_0 .net "A", 5 0, L_0x2a04380;  1 drivers
v0x275b630_0 .net "Y", 0 0, L_0x29f2130;  alias, 1 drivers
v0x275ba90_0 .net *"_ivl_1", 0 0, L_0x29f9070;  1 drivers
v0x275b840_0 .net *"_ivl_11", 15 0, L_0x29cf240;  1 drivers
v0x27bf590_0 .net *"_ivl_13", 15 0, L_0x29c71e0;  1 drivers
v0x27bf410_0 .net *"_ivl_17", 0 0, L_0x29b6670;  1 drivers
v0x27bf6e0_0 .net *"_ivl_19", 7 0, L_0x29b6710;  1 drivers
L_0x7f5f8cd83258 .functor BUFT 1, C4<01000010101111111111110101000010>, C4<0>, C4<0>, C4<0>;
v0x2787830_0 .net/2u *"_ivl_2", 31 0, L_0x7f5f8cd83258;  1 drivers
v0x2788300_0 .net *"_ivl_21", 7 0, L_0x29f8db0;  1 drivers
v0x27876c0_0 .net *"_ivl_25", 0 0, L_0x29f80e0;  1 drivers
v0x2788190_0 .net *"_ivl_27", 3 0, L_0x29f8180;  1 drivers
v0x2787980_0 .net *"_ivl_29", 3 0, L_0x29f7470;  1 drivers
v0x2788450_0 .net *"_ivl_33", 0 0, L_0x29f6850;  1 drivers
v0x275e6e0_0 .net *"_ivl_35", 1 0, L_0x29f68f0;  1 drivers
v0x275f7d0_0 .net *"_ivl_37", 1 0, L_0x29f5c30;  1 drivers
L_0x7f5f8cd832a0 .functor BUFT 1, C4<10111111110101000100001010111111>, C4<0>, C4<0>, C4<0>;
v0x28ee820_0 .net/2u *"_ivl_4", 31 0, L_0x7f5f8cd832a0;  1 drivers
v0x28f04c0_0 .net *"_ivl_41", 0 0, L_0x29f50b0;  1 drivers
v0x2648ee0_0 .net *"_ivl_43", 0 0, L_0x29f43f0;  1 drivers
v0x2649050_0 .net *"_ivl_45", 0 0, L_0x29f5010;  1 drivers
v0x26491c0_0 .net *"_ivl_9", 0 0, L_0x29cf150;  1 drivers
v0x2649330_0 .net "s1", 1 0, L_0x29f5cd0;  1 drivers
v0x26494a0_0 .net "s2", 3 0, L_0x29f7510;  1 drivers
v0x26a1db0_0 .net "s3", 7 0, L_0x29f8e50;  1 drivers
v0x26a20b0_0 .net "s4", 15 0, L_0x29c7280;  1 drivers
v0x26a2220_0 .net "s5", 31 0, L_0x29a7df0;  1 drivers
L_0x29f9070 .part L_0x2a04380, 5, 1;
L_0x29a7df0 .functor MUXZ 32, L_0x7f5f8cd832a0, L_0x7f5f8cd83258, L_0x29f9070, C4<>;
L_0x29cf150 .part L_0x2a04380, 4, 1;
L_0x29cf240 .part L_0x29a7df0, 16, 16;
L_0x29c71e0 .part L_0x29a7df0, 0, 16;
L_0x29c7280 .functor MUXZ 16, L_0x29c71e0, L_0x29cf240, L_0x29cf150, C4<>;
L_0x29b6670 .part L_0x2a04380, 3, 1;
L_0x29b6710 .part L_0x29c7280, 8, 8;
L_0x29f8db0 .part L_0x29c7280, 0, 8;
L_0x29f8e50 .functor MUXZ 8, L_0x29f8db0, L_0x29b6710, L_0x29b6670, C4<>;
L_0x29f80e0 .part L_0x2a04380, 2, 1;
L_0x29f8180 .part L_0x29f8e50, 4, 4;
L_0x29f7470 .part L_0x29f8e50, 0, 4;
L_0x29f7510 .functor MUXZ 4, L_0x29f7470, L_0x29f8180, L_0x29f80e0, C4<>;
L_0x29f6850 .part L_0x2a04380, 1, 1;
L_0x29f68f0 .part L_0x29f7510, 2, 2;
L_0x29f5c30 .part L_0x29f7510, 0, 2;
L_0x29f5cd0 .functor MUXZ 2, L_0x29f5c30, L_0x29f68f0, L_0x29f6850, C4<>;
L_0x29f50b0 .part L_0x2a04380, 0, 1;
L_0x29f43f0 .part L_0x29f5cd0, 1, 1;
L_0x29f5010 .part L_0x29f5cd0, 0, 1;
L_0x29f2130 .functor MUXZ 1, L_0x29f5010, L_0x29f43f0, L_0x29f50b0, C4<>;
S_0x29f55b0 .scope module, "$abc$2856$auto$blifparse.cc:535:parse_blif$2862" "LUT6" 5 61, 6 10 1, S_0x29ae350;
 .timescale -9 -12;
    .port_info 0 /INPUT 6 "A";
    .port_info 1 /OUTPUT 1 "Y";
P_0x26814d0 .param/l "INIT_VALUE" 0 6 11, C4<0000100000110000111011111000111011110011111011110000100000110000>;
v0x26a2390_0 .net "A", 5 0, L_0x29c40e0;  1 drivers
v0x2516960_0 .net "Y", 0 0, L_0x29d8540;  alias, 1 drivers
v0x2516c40_0 .net *"_ivl_1", 0 0, L_0x29fee60;  1 drivers
v0x2516ad0_0 .net *"_ivl_11", 15 0, L_0x29f47d0;  1 drivers
v0x2516db0_0 .net *"_ivl_13", 15 0, L_0x29e6890;  1 drivers
v0x25191c0_0 .net *"_ivl_17", 0 0, L_0x29e5710;  1 drivers
v0x25194a0_0 .net *"_ivl_19", 7 0, L_0x29e57b0;  1 drivers
L_0x7f5f8cd832e8 .functor BUFT 1, C4<00001000001100001110111110001110>, C4<0>, C4<0>, C4<0>;
v0x2519330_0 .net/2u *"_ivl_2", 31 0, L_0x7f5f8cd832e8;  1 drivers
v0x2519610_0 .net *"_ivl_21", 7 0, L_0x29e4590;  1 drivers
v0x255a6a0_0 .net *"_ivl_25", 0 0, L_0x29e1320;  1 drivers
v0x255a980_0 .net *"_ivl_27", 3 0, L_0x29e13c0;  1 drivers
v0x255a810_0 .net *"_ivl_29", 3 0, L_0x29dffe0;  1 drivers
v0x255aaf0_0 .net *"_ivl_33", 0 0, L_0x29dee60;  1 drivers
v0x252c9c0_0 .net *"_ivl_35", 1 0, L_0x29def00;  1 drivers
v0x252cca0_0 .net *"_ivl_37", 1 0, L_0x29ddce0;  1 drivers
L_0x7f5f8cd83330 .functor BUFT 1, C4<11110011111011110000100000110000>, C4<0>, C4<0>, C4<0>;
v0x252cb30_0 .net/2u *"_ivl_4", 31 0, L_0x7f5f8cd83330;  1 drivers
v0x252ce10_0 .net *"_ivl_41", 0 0, L_0x29daaa0;  1 drivers
v0x252a2f0_0 .net *"_ivl_43", 0 0, L_0x29d96c0;  1 drivers
v0x252a5d0_0 .net *"_ivl_45", 0 0, L_0x29daa00;  1 drivers
v0x252a460_0 .net *"_ivl_9", 0 0, L_0x29f46e0;  1 drivers
v0x252a740_0 .net "s1", 1 0, L_0x29ddd80;  1 drivers
v0x25ba8f0_0 .net "s2", 3 0, L_0x29e0080;  1 drivers
v0x25bc280_0 .net "s3", 7 0, L_0x29e4630;  1 drivers
v0x25a6c60_0 .net "s4", 15 0, L_0x29e6930;  1 drivers
v0x25a6810_0 .net "s5", 31 0, L_0x2a042b0;  1 drivers
L_0x29fee60 .part L_0x29c40e0, 5, 1;
L_0x2a042b0 .functor MUXZ 32, L_0x7f5f8cd83330, L_0x7f5f8cd832e8, L_0x29fee60, C4<>;
L_0x29f46e0 .part L_0x29c40e0, 4, 1;
L_0x29f47d0 .part L_0x2a042b0, 16, 16;
L_0x29e6890 .part L_0x2a042b0, 0, 16;
L_0x29e6930 .functor MUXZ 16, L_0x29e6890, L_0x29f47d0, L_0x29f46e0, C4<>;
L_0x29e5710 .part L_0x29c40e0, 3, 1;
L_0x29e57b0 .part L_0x29e6930, 8, 8;
L_0x29e4590 .part L_0x29e6930, 0, 8;
L_0x29e4630 .functor MUXZ 8, L_0x29e4590, L_0x29e57b0, L_0x29e5710, C4<>;
L_0x29e1320 .part L_0x29c40e0, 2, 1;
L_0x29e13c0 .part L_0x29e4630, 4, 4;
L_0x29dffe0 .part L_0x29e4630, 0, 4;
L_0x29e0080 .functor MUXZ 4, L_0x29dffe0, L_0x29e13c0, L_0x29e1320, C4<>;
L_0x29dee60 .part L_0x29c40e0, 1, 1;
L_0x29def00 .part L_0x29e0080, 2, 2;
L_0x29ddce0 .part L_0x29e0080, 0, 2;
L_0x29ddd80 .functor MUXZ 2, L_0x29ddce0, L_0x29def00, L_0x29dee60, C4<>;
L_0x29daaa0 .part L_0x29c40e0, 0, 1;
L_0x29d96c0 .part L_0x29ddd80, 1, 1;
L_0x29daa00 .part L_0x29ddd80, 0, 1;
L_0x29d8540 .functor MUXZ 1, L_0x29daa00, L_0x29d96c0, L_0x29daaa0, C4<>;
S_0x29f4990 .scope module, "$abc$2856$auto$blifparse.cc:535:parse_blif$2863" "LUT6" 5 69, 6 10 1, S_0x29ae350;
 .timescale -9 -12;
    .port_info 0 /INPUT 6 "A";
    .port_info 1 /OUTPUT 1 "Y";
P_0x26c8f80 .param/l "INIT_VALUE" 0 6 11, C4<1111110110111111110110111111011001101111110110111111110110111111>;
v0x25a6980_0 .net "A", 5 0, L_0x299b280;  1 drivers
v0x25a6af0_0 .net "Y", 0 0, L_0x299d740;  alias, 1 drivers
v0x25a66a0_0 .net *"_ivl_1", 0 0, L_0x29c1ef0;  1 drivers
v0x25a63c0_0 .net *"_ivl_11", 15 0, L_0x29c0d50;  1 drivers
v0x25a6530_0 .net *"_ivl_13", 15 0, L_0x29bd080;  1 drivers
v0x25a39a0_0 .net *"_ivl_17", 0 0, L_0x29bbd40;  1 drivers
v0x25a3b10_0 .net *"_ivl_19", 7 0, L_0x29bbde0;  1 drivers
L_0x7f5f8cd83378 .functor BUFT 1, C4<11111101101111111101101111110110>, C4<0>, C4<0>, C4<0>;
v0x25a3270_0 .net/2u *"_ivl_2", 31 0, L_0x7f5f8cd83378;  1 drivers
v0x25a33e0_0 .net *"_ivl_21", 7 0, L_0x29babc0;  1 drivers
v0x25a3550_0 .net *"_ivl_25", 0 0, L_0x29b9a40;  1 drivers
v0x25a2f90_0 .net *"_ivl_27", 3 0, L_0x29b9ae0;  1 drivers
v0x25a36c0_0 .net *"_ivl_29", 3 0, L_0x29b88c0;  1 drivers
v0x25a3830_0 .net *"_ivl_33", 0 0, L_0x29a42e0;  1 drivers
v0x25a3100_0 .net *"_ivl_35", 1 0, L_0x29a4380;  1 drivers
v0x25a40d0_0 .net *"_ivl_37", 1 0, L_0x29a2fa0;  1 drivers
L_0x7f5f8cd833c0 .functor BUFT 1, C4<01101111110110111111110110111111>, C4<0>, C4<0>, C4<0>;
v0x25a4240_0 .net/2u *"_ivl_4", 31 0, L_0x7f5f8cd833c0;  1 drivers
v0x25a3f60_0 .net *"_ivl_41", 0 0, L_0x29a1ec0;  1 drivers
v0x25a3c80_0 .net *"_ivl_43", 0 0, L_0x29a0ca0;  1 drivers
v0x25a3df0_0 .net *"_ivl_45", 0 0, L_0x29a1e20;  1 drivers
v0x25a0ea0_0 .net *"_ivl_9", 0 0, L_0x29c0c60;  1 drivers
v0x25a0bc0_0 .net "s1", 1 0, L_0x29a3040;  1 drivers
v0x25a1010_0 .net "s2", 3 0, L_0x29b8960;  1 drivers
v0x25a1180_0 .net "s3", 7 0, L_0x29bac60;  1 drivers
v0x25a0d30_0 .net "s4", 15 0, L_0x29bd120;  1 drivers
v0x25a1740_0 .net "s5", 31 0, L_0x29c2f60;  1 drivers
L_0x29c1ef0 .part L_0x299b280, 5, 1;
L_0x29c2f60 .functor MUXZ 32, L_0x7f5f8cd833c0, L_0x7f5f8cd83378, L_0x29c1ef0, C4<>;
L_0x29c0c60 .part L_0x299b280, 4, 1;
L_0x29c0d50 .part L_0x29c2f60, 16, 16;
L_0x29bd080 .part L_0x29c2f60, 0, 16;
L_0x29bd120 .functor MUXZ 16, L_0x29bd080, L_0x29c0d50, L_0x29c0c60, C4<>;
L_0x29bbd40 .part L_0x299b280, 3, 1;
L_0x29bbde0 .part L_0x29bd120, 8, 8;
L_0x29babc0 .part L_0x29bd120, 0, 8;
L_0x29bac60 .functor MUXZ 8, L_0x29babc0, L_0x29bbde0, L_0x29bbd40, C4<>;
L_0x29b9a40 .part L_0x299b280, 2, 1;
L_0x29b9ae0 .part L_0x29bac60, 4, 4;
L_0x29b88c0 .part L_0x29bac60, 0, 4;
L_0x29b8960 .functor MUXZ 4, L_0x29b88c0, L_0x29b9ae0, L_0x29b9a40, C4<>;
L_0x29a42e0 .part L_0x299b280, 1, 1;
L_0x29a4380 .part L_0x29b8960, 2, 2;
L_0x29a2fa0 .part L_0x29b8960, 0, 2;
L_0x29a3040 .functor MUXZ 2, L_0x29a2fa0, L_0x29a4380, L_0x29a42e0, C4<>;
L_0x29a1ec0 .part L_0x299b280, 0, 1;
L_0x29a0ca0 .part L_0x29a3040, 1, 1;
L_0x29a1e20 .part L_0x29a3040, 0, 1;
L_0x299d740 .functor MUXZ 1, L_0x29a1e20, L_0x29a0ca0, L_0x29a1ec0, C4<>;
S_0x29f26d0 .scope module, "$abc$2856$auto$blifparse.cc:535:parse_blif$2864" "LUT5" 5 77, 7 10 1, S_0x29ae350;
 .timescale -9 -12;
    .port_info 0 /INPUT 5 "A";
    .port_info 1 /OUTPUT 1 "Y";
P_0x2519780 .param/l "INIT_VALUE" 0 7 11, C4<01000101010101001111111111111111>;
v0x25a18b0_0 .net "A", 4 0, L_0x29f2a90;  1 drivers
v0x25a15d0_0 .net "Y", 0 0, L_0x29f35d0;  1 drivers
v0x25a12f0_0 .net *"_ivl_1", 0 0, L_0x2998f80;  1 drivers
v0x25a1460_0 .net *"_ivl_11", 7 0, L_0x29f2510;  1 drivers
v0x259b880_0 .net *"_ivl_13", 7 0, L_0x2a05da0;  1 drivers
v0x259b710_0 .net *"_ivl_17", 0 0, L_0x2a00870;  1 drivers
v0x258aa30_0 .net *"_ivl_19", 3 0, L_0x2a00910;  1 drivers
L_0x7f5f8cd83408 .functor BUFT 1, C4<0100010101010100>, C4<0>, C4<0>, C4<0>;
v0x258a8c0_0 .net/2u *"_ivl_2", 15 0, L_0x7f5f8cd83408;  1 drivers
v0x2527c20_0 .net *"_ivl_21", 3 0, L_0x29f99b0;  1 drivers
v0x2527f00_0 .net *"_ivl_25", 0 0, L_0x29e97f0;  1 drivers
v0x2527d90_0 .net *"_ivl_27", 1 0, L_0x29e9890;  1 drivers
v0x2528070_0 .net *"_ivl_29", 1 0, L_0x29e9930;  1 drivers
v0x2525550_0 .net *"_ivl_33", 0 0, L_0x29c7e60;  1 drivers
v0x2525830_0 .net *"_ivl_35", 0 0, L_0x29c7f00;  1 drivers
v0x25256c0_0 .net *"_ivl_37", 0 0, L_0x29c7fa0;  1 drivers
L_0x7f5f8cd83450 .functor BUFT 1, C4<1111111111111111>, C4<0>, C4<0>, C4<0>;
v0x25259a0_0 .net/2u *"_ivl_4", 15 0, L_0x7f5f8cd83450;  1 drivers
v0x2533680_0 .net *"_ivl_9", 0 0, L_0x29f2420;  1 drivers
v0x2533960_0 .net "s1", 1 0, L_0x29cfdc0;  1 drivers
v0x25337f0_0 .net "s2", 3 0, L_0x29f9a50;  1 drivers
v0x2533ad0_0 .net "s3", 7 0, L_0x2a05e40;  1 drivers
v0x252f090_0 .net "s4", 15 0, L_0x2999020;  1 drivers
L_0x2998f80 .part L_0x29f2a90, 4, 1;
L_0x2999020 .functor MUXZ 16, L_0x7f5f8cd83450, L_0x7f5f8cd83408, L_0x2998f80, C4<>;
L_0x29f2420 .part L_0x29f2a90, 3, 1;
L_0x29f2510 .part L_0x2999020, 8, 8;
L_0x2a05da0 .part L_0x2999020, 0, 8;
L_0x2a05e40 .functor MUXZ 8, L_0x2a05da0, L_0x29f2510, L_0x29f2420, C4<>;
L_0x2a00870 .part L_0x29f2a90, 2, 1;
L_0x2a00910 .part L_0x2a05e40, 4, 4;
L_0x29f99b0 .part L_0x2a05e40, 0, 4;
L_0x29f9a50 .functor MUXZ 4, L_0x29f99b0, L_0x2a00910, L_0x2a00870, C4<>;
L_0x29e97f0 .part L_0x29f2a90, 1, 1;
L_0x29e9890 .part L_0x29f9a50, 2, 2;
L_0x29e9930 .part L_0x29f9a50, 0, 2;
L_0x29cfdc0 .functor MUXZ 2, L_0x29e9930, L_0x29e9890, L_0x29e97f0, C4<>;
L_0x29c7e60 .part L_0x29f2a90, 0, 1;
L_0x29c7f00 .part L_0x29cfdc0, 1, 1;
L_0x29c7fa0 .part L_0x29cfdc0, 0, 1;
L_0x29f35d0 .functor MUXZ 1, L_0x29c7fa0, L_0x29c7f00, L_0x29c7e60, C4<>;
S_0x29f1ab0 .scope module, "$abc$2856$auto$blifparse.cc:535:parse_blif$2865" "LUT5" 5 85, 7 10 1, S_0x29ae350;
 .timescale -9 -12;
    .port_info 0 /INPUT 5 "A";
    .port_info 1 /OUTPUT 1 "Y";
P_0x266ffe0 .param/l "INIT_VALUE" 0 7 11, C4<10101010000000000101010101111101>;
v0x252f370_0 .net "A", 4 0, L_0x2a0d6c0;  1 drivers
v0x252f200_0 .net "Y", 0 0, L_0x29fc5b0;  1 drivers
v0x252f4e0_0 .net *"_ivl_1", 0 0, L_0x29f2b80;  1 drivers
v0x25d9430_0 .net *"_ivl_11", 7 0, L_0x2a033f0;  1 drivers
v0x25dab30_0 .net *"_ivl_13", 7 0, L_0x29fddd0;  1 drivers
v0x25dc380_0 .net *"_ivl_17", 0 0, L_0x29fb3b0;  1 drivers
v0x25dda80_0 .net *"_ivl_19", 3 0, L_0x29fb450;  1 drivers
L_0x7f5f8cd83498 .functor BUFT 1, C4<1010101000000000>, C4<0>, C4<0>, C4<0>;
v0x25d1ae0_0 .net/2u *"_ivl_2", 15 0, L_0x7f5f8cd83498;  1 drivers
v0x251f700_0 .net *"_ivl_21", 3 0, L_0x2a0c380;  1 drivers
v0x251f870_0 .net *"_ivl_25", 0 0, L_0x29f0e60;  1 drivers
v0x25215f0_0 .net *"_ivl_27", 1 0, L_0x29f0f00;  1 drivers
v0x2521760_0 .net *"_ivl_29", 1 0, L_0x29f0fa0;  1 drivers
v0x251d810_0 .net *"_ivl_33", 0 0, L_0x29fc380;  1 drivers
v0x251d980_0 .net *"_ivl_35", 0 0, L_0x29fc420;  1 drivers
v0x25234e0_0 .net *"_ivl_37", 0 0, L_0x29fc510;  1 drivers
L_0x7f5f8cd834e0 .functor BUFT 1, C4<0101010101111101>, C4<0>, C4<0>, C4<0>;
v0x2523650_0 .net/2u *"_ivl_4", 15 0, L_0x7f5f8cd834e0;  1 drivers
v0x251b920_0 .net *"_ivl_9", 0 0, L_0x2a03300;  1 drivers
v0x251ba90_0 .net "s1", 1 0, L_0x29f1040;  1 drivers
v0x25b76f0_0 .net "s2", 3 0, L_0x2a0c420;  1 drivers
v0x25b7860_0 .net "s3", 7 0, L_0x29fde70;  1 drivers
v0x25b79d0_0 .net "s4", 15 0, L_0x2a0c130;  1 drivers
L_0x29f2b80 .part L_0x2a0d6c0, 4, 1;
L_0x2a0c130 .functor MUXZ 16, L_0x7f5f8cd834e0, L_0x7f5f8cd83498, L_0x29f2b80, C4<>;
L_0x2a03300 .part L_0x2a0d6c0, 3, 1;
L_0x2a033f0 .part L_0x2a0c130, 8, 8;
L_0x29fddd0 .part L_0x2a0c130, 0, 8;
L_0x29fde70 .functor MUXZ 8, L_0x29fddd0, L_0x2a033f0, L_0x2a03300, C4<>;
L_0x29fb3b0 .part L_0x2a0d6c0, 2, 1;
L_0x29fb450 .part L_0x29fde70, 4, 4;
L_0x2a0c380 .part L_0x29fde70, 0, 4;
L_0x2a0c420 .functor MUXZ 4, L_0x2a0c380, L_0x29fb450, L_0x29fb3b0, C4<>;
L_0x29f0e60 .part L_0x2a0d6c0, 1, 1;
L_0x29f0f00 .part L_0x2a0c420, 2, 2;
L_0x29f0fa0 .part L_0x2a0c420, 0, 2;
L_0x29f1040 .functor MUXZ 2, L_0x29f0fa0, L_0x29f0f00, L_0x29f0e60, C4<>;
L_0x29fc380 .part L_0x2a0d6c0, 0, 1;
L_0x29fc420 .part L_0x29f1040, 1, 1;
L_0x29fc510 .part L_0x29f1040, 0, 1;
L_0x29fc5b0 .functor MUXZ 1, L_0x29fc510, L_0x29fc420, L_0x29fc380, C4<>;
S_0x29ef250 .scope module, "$abc$2856$auto$blifparse.cc:535:parse_blif$2866" "LUT5" 5 93, 7 10 1, S_0x29ae350;
 .timescale -9 -12;
    .port_info 0 /INPUT 5 "A";
    .port_info 1 /OUTPUT 1 "Y";
P_0x25dd5f0 .param/l "INIT_VALUE" 0 7 11, C4<00000011111011001110110000000011>;
v0x257fae0_0 .net "A", 4 0, L_0x2a00250;  1 drivers
v0x257fdc0_0 .net "Y", 0 0, L_0x2a02d30;  1 drivers
v0x257fc50_0 .net *"_ivl_1", 0 0, L_0x276bb00;  1 drivers
v0x257ff30_0 .net *"_ivl_11", 7 0, L_0x2a0aae0;  1 drivers
v0x250da40_0 .net *"_ivl_13", 7 0, L_0x2a0abd0;  1 drivers
v0x250dbb0_0 .net *"_ivl_17", 0 0, L_0x2a08030;  1 drivers
v0x25941b0_0 .net *"_ivl_19", 3 0, L_0x2a080d0;  1 drivers
L_0x7f5f8cd83528 .functor BUFT 1, C4<0000001111101100>, C4<0>, C4<0>, C4<0>;
v0x2514100_0 .net/2u *"_ivl_2", 15 0, L_0x7f5f8cd83528;  1 drivers
v0x25143e0_0 .net *"_ivl_21", 3 0, L_0x2a08210;  1 drivers
v0x2514270_0 .net *"_ivl_25", 0 0, L_0x2a055a0;  1 drivers
v0x2514550_0 .net *"_ivl_27", 1 0, L_0x2a05640;  1 drivers
v0x24f5e70_0 .net *"_ivl_29", 1 0, L_0x2a056e0;  1 drivers
v0x25504c0_0 .net *"_ivl_33", 0 0, L_0x2a02b00;  1 drivers
v0x25507a0_0 .net *"_ivl_35", 0 0, L_0x2a02ba0;  1 drivers
v0x2550630_0 .net *"_ivl_37", 0 0, L_0x2a02c90;  1 drivers
L_0x7f5f8cd83570 .functor BUFT 1, C4<1110110000000011>, C4<0>, C4<0>, C4<0>;
v0x2550910_0 .net/2u *"_ivl_4", 15 0, L_0x7f5f8cd83570;  1 drivers
v0x250f8b0_0 .net *"_ivl_9", 0 0, L_0x299a100;  1 drivers
v0x250fa20_0 .net "s1", 1 0, L_0x2a05780;  1 drivers
v0x254b3c0_0 .net "s2", 3 0, L_0x2a082b0;  1 drivers
v0x254b6a0_0 .net "s3", 7 0, L_0x2a0ac70;  1 drivers
v0x254b530_0 .net "s4", 15 0, L_0x2a0d760;  1 drivers
L_0x276bb00 .part L_0x2a00250, 4, 1;
L_0x2a0d760 .functor MUXZ 16, L_0x7f5f8cd83570, L_0x7f5f8cd83528, L_0x276bb00, C4<>;
L_0x299a100 .part L_0x2a00250, 3, 1;
L_0x2a0aae0 .part L_0x2a0d760, 8, 8;
L_0x2a0abd0 .part L_0x2a0d760, 0, 8;
L_0x2a0ac70 .functor MUXZ 8, L_0x2a0abd0, L_0x2a0aae0, L_0x299a100, C4<>;
L_0x2a08030 .part L_0x2a00250, 2, 1;
L_0x2a080d0 .part L_0x2a0ac70, 4, 4;
L_0x2a08210 .part L_0x2a0ac70, 0, 4;
L_0x2a082b0 .functor MUXZ 4, L_0x2a08210, L_0x2a080d0, L_0x2a08030, C4<>;
L_0x2a055a0 .part L_0x2a00250, 1, 1;
L_0x2a05640 .part L_0x2a082b0, 2, 2;
L_0x2a056e0 .part L_0x2a082b0, 0, 2;
L_0x2a05780 .functor MUXZ 2, L_0x2a056e0, L_0x2a05640, L_0x2a055a0, C4<>;
L_0x2a02b00 .part L_0x2a00250, 0, 1;
L_0x2a02ba0 .part L_0x2a05780, 1, 1;
L_0x2a02c90 .part L_0x2a05780, 0, 1;
L_0x2a02d30 .functor MUXZ 1, L_0x2a02c90, L_0x2a02ba0, L_0x2a02b00, C4<>;
S_0x29edf10 .scope module, "$abc$2856$auto$blifparse.cc:535:parse_blif$2867" "LUT5" 5 101, 7 10 1, S_0x29ae350;
 .timescale -9 -12;
    .port_info 0 /INPUT 5 "A";
    .port_info 1 /OUTPUT 1 "Y";
P_0x26275e0 .param/l "INIT_VALUE" 0 7 11, C4<00110101001100110011001100110101>;
v0x254b810_0 .net "A", 4 0, L_0x29fd5d0;  1 drivers
v0x255cf00_0 .net "Y", 0 0, L_0x2a01950;  1 drivers
v0x255d1e0_0 .net *"_ivl_1", 0 0, L_0x276b9a0;  1 drivers
v0x255d070_0 .net *"_ivl_11", 7 0, L_0x29fd830;  1 drivers
v0x255d350_0 .net *"_ivl_13", 7 0, L_0x29faae0;  1 drivers
v0x255d630_0 .net *"_ivl_17", 0 0, L_0x29fad10;  1 drivers
v0x255d4c0_0 .net *"_ivl_19", 3 0, L_0x2a09610;  1 drivers
L_0x7f5f8cd835b8 .functor BUFT 1, C4<0011010100110011>, C4<0>, C4<0>, C4<0>;
v0x257bbd0_0 .net/2u *"_ivl_2", 15 0, L_0x7f5f8cd835b8;  1 drivers
v0x257beb0_0 .net *"_ivl_21", 3 0, L_0x2a09700;  1 drivers
v0x257bd40_0 .net *"_ivl_25", 0 0, L_0x2a098e0;  1 drivers
v0x257c020_0 .net *"_ivl_27", 1 0, L_0x2a06cf0;  1 drivers
v0x2574820_0 .net *"_ivl_29", 1 0, L_0x2a06d90;  1 drivers
v0x2574b00_0 .net *"_ivl_33", 0 0, L_0x2a06fc0;  1 drivers
v0x2574990_0 .net *"_ivl_35", 0 0, L_0x2a017c0;  1 drivers
v0x2574c70_0 .net *"_ivl_37", 0 0, L_0x2a018b0;  1 drivers
L_0x7f5f8cd83600 .functor BUFT 1, C4<0011001100110101>, C4<0>, C4<0>, C4<0>;
v0x25fb350_0 .net/2u *"_ivl_4", 15 0, L_0x7f5f8cd83600;  1 drivers
v0x25fb630_0 .net *"_ivl_9", 0 0, L_0x29fd740;  1 drivers
v0x25fb7a0_0 .net "s1", 1 0, L_0x2a06e30;  1 drivers
v0x25fb910_0 .net "s2", 3 0, L_0x2a097a0;  1 drivers
v0x25fb4c0_0 .net "s3", 7 0, L_0x29fab80;  1 drivers
v0x25f8d40_0 .net "s4", 15 0, L_0x276ba40;  1 drivers
L_0x276b9a0 .part L_0x29fd5d0, 4, 1;
L_0x276ba40 .functor MUXZ 16, L_0x7f5f8cd83600, L_0x7f5f8cd835b8, L_0x276b9a0, C4<>;
L_0x29fd740 .part L_0x29fd5d0, 3, 1;
L_0x29fd830 .part L_0x276ba40, 8, 8;
L_0x29faae0 .part L_0x276ba40, 0, 8;
L_0x29fab80 .functor MUXZ 8, L_0x29faae0, L_0x29fd830, L_0x29fd740, C4<>;
L_0x29fad10 .part L_0x29fd5d0, 2, 1;
L_0x2a09610 .part L_0x29fab80, 4, 4;
L_0x2a09700 .part L_0x29fab80, 0, 4;
L_0x2a097a0 .functor MUXZ 4, L_0x2a09700, L_0x2a09610, L_0x29fad10, C4<>;
L_0x2a098e0 .part L_0x29fd5d0, 1, 1;
L_0x2a06cf0 .part L_0x2a097a0, 2, 2;
L_0x2a06d90 .part L_0x2a097a0, 0, 2;
L_0x2a06e30 .functor MUXZ 2, L_0x2a06d90, L_0x2a06cf0, L_0x2a098e0, C4<>;
L_0x2a06fc0 .part L_0x29fd5d0, 0, 1;
L_0x2a017c0 .part L_0x2a06e30, 1, 1;
L_0x2a018b0 .part L_0x2a06e30, 0, 1;
L_0x2a01950 .functor MUXZ 1, L_0x2a018b0, L_0x2a017c0, L_0x2a06fc0, C4<>;
S_0x29ecd50 .scope module, "$abc$2856$auto$blifparse.cc:535:parse_blif$2868" "LUT6" 5 109, 6 10 1, S_0x29ae350;
 .timescale -9 -12;
    .port_info 0 /INPUT 6 "A";
    .port_info 1 /OUTPUT 1 "Y";
P_0x25f9300 .param/l "INIT_VALUE" 0 6 11, C4<0000000011111111000000111111111111111110000000000000000000000000>;
v0x25f9020_0 .net "A", 5 0, L_0x25b44b0;  1 drivers
v0x25f9190_0 .net "Y", 0 0, L_0x25b38b0;  1 drivers
v0x25f8eb0_0 .net *"_ivl_1", 0 0, L_0x25d2760;  1 drivers
v0x25f5f40_0 .net *"_ivl_11", 15 0, L_0x25e0490;  1 drivers
v0x25f67e0_0 .net *"_ivl_13", 15 0, L_0x25e0580;  1 drivers
v0x25f6220_0 .net *"_ivl_17", 0 0, L_0x25e07b0;  1 drivers
v0x25f6390_0 .net *"_ivl_19", 7 0, L_0x25e0850;  1 drivers
L_0x7f5f8cd83648 .functor BUFT 1, C4<00000000111111110000001111111111>, C4<0>, C4<0>, C4<0>;
v0x25f6670_0 .net/2u *"_ivl_2", 31 0, L_0x7f5f8cd83648;  1 drivers
v0x25f6ac0_0 .net *"_ivl_21", 7 0, L_0x25cce70;  1 drivers
v0x25f6950_0 .net *"_ivl_25", 0 0, L_0x25cd0a0;  1 drivers
v0x25f6500_0 .net *"_ivl_27", 3 0, L_0x25cd140;  1 drivers
v0x25f60b0_0 .net *"_ivl_29", 3 0, L_0x25cd1e0;  1 drivers
v0x25f39a0_0 .net *"_ivl_33", 0 0, L_0x25d5780;  1 drivers
v0x25f3c80_0 .net *"_ivl_35", 1 0, L_0x25d5820;  1 drivers
v0x25f3df0_0 .net *"_ivl_37", 1 0, L_0x25d5910;  1 drivers
L_0x7f5f8cd83690 .functor BUFT 1, C4<11111110000000000000000000000000>, C4<0>, C4<0>, C4<0>;
v0x25f3b10_0 .net/2u *"_ivl_4", 31 0, L_0x7f5f8cd83690;  1 drivers
v0x25ff950_0 .net *"_ivl_41", 0 0, L_0x25b3670;  1 drivers
v0x25ffac0_0 .net *"_ivl_43", 0 0, L_0x25b3710;  1 drivers
v0x25ffc30_0 .net *"_ivl_45", 0 0, L_0x25b35d0;  1 drivers
v0x25fd900_0 .net *"_ivl_9", 0 0, L_0x25d2990;  1 drivers
v0x25fda70_0 .net "s1", 1 0, L_0x25d59b0;  1 drivers
v0x25fdbe0_0 .net "s2", 3 0, L_0x25d55f0;  1 drivers
v0x2611310_0 .net "s3", 7 0, L_0x25ccf10;  1 drivers
v0x26111a0_0 .net "s4", 15 0, L_0x25e0620;  1 drivers
v0x2610a70_0 .net "s5", 31 0, L_0x25d2800;  1 drivers
L_0x25d2760 .part L_0x25b44b0, 5, 1;
L_0x25d2800 .functor MUXZ 32, L_0x7f5f8cd83690, L_0x7f5f8cd83648, L_0x25d2760, C4<>;
L_0x25d2990 .part L_0x25b44b0, 4, 1;
L_0x25e0490 .part L_0x25d2800, 16, 16;
L_0x25e0580 .part L_0x25d2800, 0, 16;
L_0x25e0620 .functor MUXZ 16, L_0x25e0580, L_0x25e0490, L_0x25d2990, C4<>;
L_0x25e07b0 .part L_0x25b44b0, 3, 1;
L_0x25e0850 .part L_0x25e0620, 8, 8;
L_0x25cce70 .part L_0x25e0620, 0, 8;
L_0x25ccf10 .functor MUXZ 8, L_0x25cce70, L_0x25e0850, L_0x25e07b0, C4<>;
L_0x25cd0a0 .part L_0x25b44b0, 2, 1;
L_0x25cd140 .part L_0x25ccf10, 4, 4;
L_0x25cd1e0 .part L_0x25ccf10, 0, 4;
L_0x25d55f0 .functor MUXZ 4, L_0x25cd1e0, L_0x25cd140, L_0x25cd0a0, C4<>;
L_0x25d5780 .part L_0x25b44b0, 1, 1;
L_0x25d5820 .part L_0x25d55f0, 2, 2;
L_0x25d5910 .part L_0x25d55f0, 0, 2;
L_0x25d59b0 .functor MUXZ 2, L_0x25d5910, L_0x25d5820, L_0x25d5780, C4<>;
L_0x25b3670 .part L_0x25b44b0, 0, 1;
L_0x25b3710 .part L_0x25d59b0, 1, 1;
L_0x25b35d0 .part L_0x25d59b0, 0, 1;
L_0x25b38b0 .functor MUXZ 1, L_0x25b35d0, L_0x25b3710, L_0x25b3670, C4<>;
S_0x29ebb90 .scope module, "$iopadmap$bin2bcd.bcd" "O_BUF" 5 116, 8 10 1, S_0x29ae350;
 .timescale -9 -12;
    .port_info 0 /INPUT 1 "I";
    .port_info 1 /OUTPUT 1 "O";
L_0x299a250 .functor BUFZ 1, L_0x25b4270, C4<0>, C4<0>, C4<0>;
v0x2610be0_0 .net "I", 0 0, L_0x25b4270;  1 drivers
v0x2610ec0_0 .net "O", 0 0, L_0x299a250;  1 drivers
S_0x29ea9d0 .scope module, "$iopadmap$bin2bcd.bcd_1" "O_BUF" 5 123, 8 10 1, S_0x29ae350;
 .timescale -9 -12;
    .port_info 0 /INPUT 1 "I";
    .port_info 1 /OUTPUT 1 "O";
L_0x25b4360 .functor BUFZ 1, L_0x253bcd0, C4<0>, C4<0>, C4<0>;
v0x2610d50_0 .net "I", 0 0, L_0x253bcd0;  1 drivers
v0x2611030_0 .net "O", 0 0, L_0x25b4360;  1 drivers
S_0x29e7b80 .scope module, "$iopadmap$bin2bcd.bcd_10" "O_BUF" 5 130, 8 10 1, S_0x29ae350;
 .timescale -9 -12;
    .port_info 0 /INPUT 1 "I";
    .port_info 1 /OUTPUT 1 "O";
L_0x7f5f8cd836d8 .functor BUFT 1, C4<0>, C4<0>, C4<0>, C4<0>;
L_0x2767370 .functor BUFZ 1, L_0x7f5f8cd836d8, C4<0>, C4<0>, C4<0>;
v0x2611940_0 .net "I", 0 0, L_0x7f5f8cd836d8;  1 drivers
v0x2611ab0_0 .net "O", 0 0, L_0x2767370;  1 drivers
S_0x29d73f0 .scope module, "$iopadmap$bin2bcd.bcd_11" "O_BUF" 5 137, 8 10 1, S_0x29ae350;
 .timescale -9 -12;
    .port_info 0 /INPUT 1 "I";
    .port_info 1 /OUTPUT 1 "O";
L_0x7f5f8cd83720 .functor BUFT 1, C4<0>, C4<0>, C4<0>, C4<0>;
L_0x27639d0 .functor BUFZ 1, L_0x7f5f8cd83720, C4<0>, C4<0>, C4<0>;
v0x2611c20_0 .net "I", 0 0, L_0x7f5f8cd83720;  1 drivers
v0x2601f20_0 .net "O", 0 0, L_0x27639d0;  1 drivers
S_0x29d4650 .scope module, "$iopadmap$bin2bcd.bcd_2" "O_BUF" 5 144, 8 10 1, S_0x29ae350;
 .timescale -9 -12;
    .port_info 0 /INPUT 1 "I";
    .port_info 1 /OUTPUT 1 "O";
L_0x2766460 .functor BUFZ 1, L_0x253be10, C4<0>, C4<0>, C4<0>;
v0x2602c50_0 .net "I", 0 0, L_0x253be10;  1 drivers
v0x2603280_0 .net "O", 0 0, L_0x2766460;  1 drivers
S_0x29d3310 .scope module, "$iopadmap$bin2bcd.bcd_3" "O_BUF" 5 151, 8 10 1, S_0x29ae350;
 .timescale -9 -12;
    .port_info 0 /INPUT 1 "I";
    .port_info 1 /OUTPUT 1 "O";
L_0x253bf00 .functor BUFZ 1, L_0x253bb20, C4<0>, C4<0>, C4<0>;
v0x255ff60_0 .net "I", 0 0, L_0x253bb20;  1 drivers
v0x25600d0_0 .net "O", 0 0, L_0x253bf00;  1 drivers
S_0x29d2150 .scope module, "$iopadmap$bin2bcd.bcd_4" "O_BUF" 5 158, 8 10 1, S_0x29ae350;
 .timescale -9 -12;
    .port_info 0 /INPUT 1 "I";
    .port_info 1 /OUTPUT 1 "O";
L_0x2762b40 .functor BUFZ 1, L_0x253bc10, C4<0>, C4<0>, C4<0>;
v0x2567c40_0 .net "I", 0 0, L_0x253bc10;  1 drivers
v0x2599fd0_0 .net "O", 0 0, L_0x2762b40;  1 drivers
S_0x29d0f90 .scope module, "$iopadmap$bin2bcd.bcd_5" "O_BUF" 5 165, 8 10 1, S_0x29ae350;
 .timescale -9 -12;
    .port_info 0 /INPUT 1 "I";
    .port_info 1 /OUTPUT 1 "O";
L_0x2768b40 .functor BUFZ 1, L_0x25112c0, C4<0>, C4<0>, C4<0>;
v0x2543a40_0 .net "I", 0 0, L_0x25112c0;  1 drivers
v0x2543d20_0 .net "O", 0 0, L_0x2768b40;  1 drivers
S_0x29cd8c0 .scope module, "$iopadmap$bin2bcd.bcd_6" "O_BUF" 5 172, 8 10 1, S_0x29ae350;
 .timescale -9 -12;
    .port_info 0 /INPUT 1 "I";
    .port_info 1 /OUTPUT 1 "O";
L_0x2765da0 .functor BUFZ 1, L_0x25113b0, C4<0>, C4<0>, C4<0>;
v0x2543bb0_0 .net "I", 0 0, L_0x25113b0;  1 drivers
v0x2543e90_0 .net "O", 0 0, L_0x2765da0;  1 drivers
S_0x29cc580 .scope module, "$iopadmap$bin2bcd.bcd_7" "O_BUF" 5 179, 8 10 1, S_0x29ae350;
 .timescale -9 -12;
    .port_info 0 /INPUT 1 "I";
    .port_info 1 /OUTPUT 1 "O";
L_0x25114a0 .functor BUFZ 1, L_0x25110f0, C4<0>, C4<0>, C4<0>;
v0x2588160_0 .net "I", 0 0, L_0x25110f0;  1 drivers
v0x2588440_0 .net "O", 0 0, L_0x25114a0;  1 drivers
S_0x29cb3c0 .scope module, "$iopadmap$bin2bcd.bcd_8" "O_BUF" 5 186, 8 10 1, S_0x29ae350;
 .timescale -9 -12;
    .port_info 0 /INPUT 1 "I";
    .port_info 1 /OUTPUT 1 "O";
L_0x2768ea0 .functor BUFZ 1, L_0x25111e0, C4<0>, C4<0>, C4<0>;
v0x25882d0_0 .net "I", 0 0, L_0x25111e0;  1 drivers
v0x25885b0_0 .net "O", 0 0, L_0x2768ea0;  1 drivers
S_0x29ca200 .scope module, "$iopadmap$bin2bcd.bcd_9" "O_BUF" 5 193, 8 10 1, S_0x29ae350;
 .timescale -9 -12;
    .port_info 0 /INPUT 1 "I";
    .port_info 1 /OUTPUT 1 "O";
L_0x2766100 .functor BUFZ 1, L_0x25b1f10, C4<0>, C4<0>, C4<0>;
v0x2583940_0 .net "I", 0 0, L_0x25b1f10;  1 drivers
v0x2583ab0_0 .net "O", 0 0, L_0x2766100;  1 drivers
S_0x29c9040 .scope module, "$iopadmap$bin2bcd.bin" "I_BUF" 5 202, 9 10 1, S_0x29ae350;
 .timescale -9 -12;
    .port_info 0 /INPUT 1 "I";
    .port_info 1 /INPUT 1 "EN";
    .port_info 2 /OUTPUT 1 "O";
P_0x2672810 .param/str "WEAK_KEEPER" 0 9 11, "NONE";
L_0x25ad0d0 .functor BUFT 1, L_0x25b1c20, C4<0>, C4<0>, C4<0>;
L_0x7f5f8cd83768 .functor BUFT 1, C4<1>, C4<0>, C4<0>, C4<0>;
v0x2585900_0 .net "EN", 0 0, L_0x7f5f8cd83768;  1 drivers
v0x2585be0_0 .net "I", 0 0, L_0x25b1c20;  1 drivers
v0x2585a70_0 .net "O", 0 0, L_0x25ad0d0;  1 drivers
S_0x29b4dd0 .scope module, "$iopadmap$bin2bcd.bin_1" "I_BUF" 5 212, 9 10 1, S_0x29ae350;
 .timescale -9 -12;
    .port_info 0 /INPUT 1 "I";
    .port_info 1 /INPUT 1 "EN";
    .port_info 2 /OUTPUT 1 "O";
P_0x26724c0 .param/str "WEAK_KEEPER" 0 9 11, "NONE";
L_0x28f4490 .functor BUFT 1, L_0x25b1cc0, C4<0>, C4<0>, C4<0>;
L_0x7f5f8cd837b0 .functor BUFT 1, C4<1>, C4<0>, C4<0>, C4<0>;
v0x2585d50_0 .net "EN", 0 0, L_0x7f5f8cd837b0;  1 drivers
v0x25462c0_0 .net "I", 0 0, L_0x25b1cc0;  1 drivers
v0x25465a0_0 .net "O", 0 0, L_0x28f4490;  1 drivers
S_0x29b3a90 .scope module, "$iopadmap$bin2bcd.bin_2" "I_BUF" 5 222, 9 10 1, S_0x29ae350;
 .timescale -9 -12;
    .port_info 0 /INPUT 1 "I";
    .port_info 1 /INPUT 1 "EN";
    .port_info 2 /OUTPUT 1 "O";
P_0x26a2500 .param/str "WEAK_KEEPER" 0 9 11, "NONE";
L_0x28f1130 .functor BUFT 1, L_0x25b1d60, C4<0>, C4<0>, C4<0>;
L_0x7f5f8cd837f8 .functor BUFT 1, C4<1>, C4<0>, C4<0>, C4<0>;
v0x2546430_0 .net "EN", 0 0, L_0x7f5f8cd837f8;  1 drivers
v0x2546710_0 .net "I", 0 0, L_0x25b1d60;  1 drivers
v0x25555c0_0 .net "O", 0 0, L_0x28f1130;  1 drivers
S_0x29b28d0 .scope module, "$iopadmap$bin2bcd.bin_3" "I_BUF" 5 232, 9 10 1, S_0x29ae350;
 .timescale -9 -12;
    .port_info 0 /INPUT 1 "I";
    .port_info 1 /INPUT 1 "EN";
    .port_info 2 /OUTPUT 1 "O";
P_0x26cf530 .param/str "WEAK_KEEPER" 0 9 11, "NONE";
L_0x267b1c0 .functor BUFT 1, L_0x25b2b50, C4<0>, C4<0>, C4<0>;
L_0x7f5f8cd83840 .functor BUFT 1, C4<1>, C4<0>, C4<0>, C4<0>;
v0x25558a0_0 .net "EN", 0 0, L_0x7f5f8cd83840;  1 drivers
v0x2555730_0 .net "I", 0 0, L_0x25b2b50;  1 drivers
v0x2555a10_0 .net "O", 0 0, L_0x267b1c0;  1 drivers
S_0x29b1710 .scope module, "$iopadmap$bin2bcd.bin_4" "I_BUF" 5 242, 9 10 1, S_0x29ae350;
 .timescale -9 -12;
    .port_info 0 /INPUT 1 "I";
    .port_info 1 /INPUT 1 "EN";
    .port_info 2 /OUTPUT 1 "O";
P_0x255b370 .param/str "WEAK_KEEPER" 0 9 11, "NONE";
L_0x28f4700 .functor BUFT 1, L_0x25b2bf0, C4<0>, C4<0>, C4<0>;
L_0x7f5f8cd83888 .functor BUFT 1, C4<1>, C4<0>, C4<0>, C4<0>;
v0x2552d40_0 .net "EN", 0 0, L_0x7f5f8cd83888;  1 drivers
v0x2553020_0 .net "I", 0 0, L_0x25b2bf0;  1 drivers
v0x2552eb0_0 .net "O", 0 0, L_0x28f4700;  1 drivers
S_0x29b0550 .scope module, "$iopadmap$bin2bcd.bin_5" "I_BUF" 5 252, 9 10 1, S_0x29ae350;
 .timescale -9 -12;
    .port_info 0 /INPUT 1 "I";
    .port_info 1 /INPUT 1 "EN";
    .port_info 2 /OUTPUT 1 "O";
P_0x259c470 .param/str "WEAK_KEEPER" 0 9 11, "NONE";
L_0x28fbd90 .functor BUFT 1, L_0x25b2c90, C4<0>, C4<0>, C4<0>;
L_0x7f5f8cd838d0 .functor BUFT 1, C4<1>, C4<0>, C4<0>, C4<0>;
v0x2553190_0 .net "EN", 0 0, L_0x7f5f8cd838d0;  1 drivers
v0x25e76e0_0 .net "I", 0 0, L_0x25b2c90;  1 drivers
v0x25e7850_0 .net "O", 0 0, L_0x28fbd90;  1 drivers
S_0x29ac5d0 .scope module, "$iopadmap$bin2bcd.bin_6" "I_BUF" 5 262, 9 10 1, S_0x29ae350;
 .timescale -9 -12;
    .port_info 0 /INPUT 1 "I";
    .port_info 1 /INPUT 1 "EN";
    .port_info 2 /OUTPUT 1 "O";
P_0x255e0a0 .param/str "WEAK_KEEPER" 0 9 11, "NONE";
L_0x28ecf70 .functor BUFT 1, L_0x25b2a40, C4<0>, C4<0>, C4<0>;
L_0x7f5f8cd83918 .functor BUFT 1, C4<1>, C4<0>, C4<0>, C4<0>;
v0x25e7270_0 .net "EN", 0 0, L_0x7f5f8cd83918;  1 drivers
v0x25e79c0_0 .net "I", 0 0, L_0x25b2a40;  1 drivers
v0x25e7b30_0 .net "O", 0 0, L_0x28ecf70;  1 drivers
S_0x29ab290 .scope module, "$iopadmap$bin2bcd.bin_7" "I_BUF" 5 272, 9 10 1, S_0x29ae350;
 .timescale -9 -12;
    .port_info 0 /INPUT 1 "I";
    .port_info 1 /INPUT 1 "EN";
    .port_info 2 /OUTPUT 1 "O";
P_0x2610720 .param/str "WEAK_KEEPER" 0 9 11, "NONE";
L_0x2859740 .functor BUFT 1, L_0x2a0c020, C4<0>, C4<0>, C4<0>;
L_0x7f5f8cd83960 .functor BUFT 1, C4<1>, C4<0>, C4<0>, C4<0>;
v0x25e7ca0_0 .net "EN", 0 0, L_0x7f5f8cd83960;  1 drivers
v0x2537330_0 .net "I", 0 0, L_0x2a0c020;  1 drivers
v0x254dc40_0 .net "O", 0 0, L_0x2859740;  1 drivers
    .scope S_0x29bee50;
T_1 ;
    %wait E_0x29ef6b0;
    %pushi/vec4 0, 0, 12;
    %store/vec4 v0x29f8ab0_0, 0, 12;
    %pushi/vec4 0, 0, 4;
    %store/vec4 v0x2803770_0, 0, 4;
T_1.0 ; Top of for-loop
    %load/vec4 v0x2803770_0;
    %pad/u 32;
    %cmpi/u 8, 0, 32;
    %jmp/0xz T_1.1, 5;
    %load/vec4 v0x29f8ab0_0;
    %parti/s 11, 0, 2;
    %load/vec4 v0x27fb220_0;
    %pushi/vec4 7, 0, 32;
    %load/vec4 v0x2803770_0;
    %pad/u 32;
    %sub;
    %part/u 1;
    %concat/vec4; draw_concat_vec4
    %store/vec4 v0x29f8ab0_0, 0, 12;
    %load/vec4 v0x2803770_0;
    %pad/u 32;
    %cmpi/u 7, 0, 32;
    %flag_get/vec4 5;
    %jmp/0 T_1.5, 5;
    %pushi/vec4 4, 0, 32;
    %load/vec4 v0x29f8ab0_0;
    %parti/s 4, 0, 2;
    %pad/u 32;
    %cmp/u;
    %flag_get/vec4 5;
    %and;
T_1.5;
    %flag_set/vec4 8;
    %jmp/0xz  T_1.3, 8;
    %load/vec4 v0x29f8ab0_0;
    %parti/s 4, 0, 2;
    %addi 3, 0, 4;
    %ix/load 4, 0, 0;
    %flag_set/imm 4, 0;
    %store/vec4 v0x29f8ab0_0, 4, 4;
T_1.3 ;
    %load/vec4 v0x2803770_0;
    %pad/u 32;
    %cmpi/u 7, 0, 32;
    %flag_get/vec4 5;
    %jmp/0 T_1.8, 5;
    %pushi/vec4 4, 0, 32;
    %load/vec4 v0x29f8ab0_0;
    %parti/s 4, 4, 4;
    %pad/u 32;
    %cmp/u;
    %flag_get/vec4 5;
    %and;
T_1.8;
    %flag_set/vec4 8;
    %jmp/0xz  T_1.6, 8;
    %load/vec4 v0x29f8ab0_0;
    %parti/s 4, 4, 4;
    %addi 3, 0, 4;
    %ix/load 4, 4, 0;
    %flag_set/imm 4, 0;
    %store/vec4 v0x29f8ab0_0, 4, 4;
T_1.6 ;
    %load/vec4 v0x2803770_0;
    %pad/u 32;
    %cmpi/u 7, 0, 32;
    %flag_get/vec4 5;
    %jmp/0 T_1.11, 5;
    %pushi/vec4 4, 0, 32;
    %load/vec4 v0x29f8ab0_0;
    %parti/s 4, 8, 5;
    %pad/u 32;
    %cmp/u;
    %flag_get/vec4 5;
    %and;
T_1.11;
    %flag_set/vec4 8;
    %jmp/0xz  T_1.9, 8;
    %load/vec4 v0x29f8ab0_0;
    %parti/s 4, 8, 5;
    %addi 3, 0, 4;
    %ix/load 4, 8, 0;
    %flag_set/imm 4, 0;
    %store/vec4 v0x29f8ab0_0, 4, 4;
T_1.9 ;
T_1.2 ; for-loop step statement
    %load/vec4 v0x2803770_0;
    %addi 1, 0, 4;
    %store/vec4 v0x2803770_0, 0, 4;
    %jmp T_1.0;
T_1.1 ; for-loop exit label
    %jmp T_1;
    .thread T_1, $push;
    .scope S_0x29ebb90;
T_2 ;
    %end;
    .thread T_2;
    .scope S_0x29ea9d0;
T_3 ;
    %end;
    .thread T_3;
    .scope S_0x29e7b80;
T_4 ;
    %end;
    .thread T_4;
    .scope S_0x29d73f0;
T_5 ;
    %end;
    .thread T_5;
    .scope S_0x29d4650;
T_6 ;
    %end;
    .thread T_6;
    .scope S_0x29d3310;
T_7 ;
    %end;
    .thread T_7;
    .scope S_0x29d2150;
T_8 ;
    %end;
    .thread T_8;
    .scope S_0x29d0f90;
T_9 ;
    %end;
    .thread T_9;
    .scope S_0x29cd8c0;
T_10 ;
    %end;
    .thread T_10;
    .scope S_0x29cc580;
T_11 ;
    %end;
    .thread T_11;
    .scope S_0x29cb3c0;
T_12 ;
    %end;
    .thread T_12;
    .scope S_0x29ca200;
T_13 ;
    %end;
    .thread T_13;
    .scope S_0x29c9040;
T_14 ;
    %pushi/vec4 1313820229, 0, 64;
    %dup/vec4;
    %pushi/vec4 0, 0, 32; draw_string_vec4
    %pushi/vec4 1313820229, 0, 32; draw_string_vec4
    %concat/vec4; draw_string_vec4
    %cmp/u;
    %jmp/1 T_14.0, 6;
    %dup/vec4;
    %pushi/vec4 20565, 0, 32; draw_string_vec4
    %pushi/vec4 1280070992, 0, 32; draw_string_vec4
    %concat/vec4; draw_string_vec4
    %cmp/u;
    %jmp/1 T_14.1, 6;
    %dup/vec4;
    %pushi/vec4 1347767372, 0, 32; draw_string_vec4
    %pushi/vec4 1146050382, 0, 32; draw_string_vec4
    %concat/vec4; draw_string_vec4
    %cmp/u;
    %jmp/1 T_14.2, 6;
    %vpi_call/w 9 34 "$display", "\012Error: I_BUF instance %m has parameter WEAK_KEEPER set to %s.  Valid values are NONE, PULLUP, PULLDOWN\012", P_0x2672810 {0 0 0};
    %delay 1000, 0;
    %vpi_call/w 9 35 "$stop" {0 0 0};
    %jmp T_14.4;
T_14.0 ;
    %jmp T_14.4;
T_14.1 ;
    %jmp T_14.4;
T_14.2 ;
    %jmp T_14.4;
T_14.4 ;
    %pop/vec4 1;
    %end;
    .thread T_14;
    .scope S_0x29b4dd0;
T_15 ;
    %pushi/vec4 1313820229, 0, 64;
    %dup/vec4;
    %pushi/vec4 0, 0, 32; draw_string_vec4
    %pushi/vec4 1313820229, 0, 32; draw_string_vec4
    %concat/vec4; draw_string_vec4
    %cmp/u;
    %jmp/1 T_15.0, 6;
    %dup/vec4;
    %pushi/vec4 20565, 0, 32; draw_string_vec4
    %pushi/vec4 1280070992, 0, 32; draw_string_vec4
    %concat/vec4; draw_string_vec4
    %cmp/u;
    %jmp/1 T_15.1, 6;
    %dup/vec4;
    %pushi/vec4 1347767372, 0, 32; draw_string_vec4
    %pushi/vec4 1146050382, 0, 32; draw_string_vec4
    %concat/vec4; draw_string_vec4
    %cmp/u;
    %jmp/1 T_15.2, 6;
    %vpi_call/w 9 34 "$display", "\012Error: I_BUF instance %m has parameter WEAK_KEEPER set to %s.  Valid values are NONE, PULLUP, PULLDOWN\012", P_0x26724c0 {0 0 0};
    %delay 1000, 0;
    %vpi_call/w 9 35 "$stop" {0 0 0};
    %jmp T_15.4;
T_15.0 ;
    %jmp T_15.4;
T_15.1 ;
    %jmp T_15.4;
T_15.2 ;
    %jmp T_15.4;
T_15.4 ;
    %pop/vec4 1;
    %end;
    .thread T_15;
    .scope S_0x29b3a90;
T_16 ;
    %pushi/vec4 1313820229, 0, 64;
    %dup/vec4;
    %pushi/vec4 0, 0, 32; draw_string_vec4
    %pushi/vec4 1313820229, 0, 32; draw_string_vec4
    %concat/vec4; draw_string_vec4
    %cmp/u;
    %jmp/1 T_16.0, 6;
    %dup/vec4;
    %pushi/vec4 20565, 0, 32; draw_string_vec4
    %pushi/vec4 1280070992, 0, 32; draw_string_vec4
    %concat/vec4; draw_string_vec4
    %cmp/u;
    %jmp/1 T_16.1, 6;
    %dup/vec4;
    %pushi/vec4 1347767372, 0, 32; draw_string_vec4
    %pushi/vec4 1146050382, 0, 32; draw_string_vec4
    %concat/vec4; draw_string_vec4
    %cmp/u;
    %jmp/1 T_16.2, 6;
    %vpi_call/w 9 34 "$display", "\012Error: I_BUF instance %m has parameter WEAK_KEEPER set to %s.  Valid values are NONE, PULLUP, PULLDOWN\012", P_0x26a2500 {0 0 0};
    %delay 1000, 0;
    %vpi_call/w 9 35 "$stop" {0 0 0};
    %jmp T_16.4;
T_16.0 ;
    %jmp T_16.4;
T_16.1 ;
    %jmp T_16.4;
T_16.2 ;
    %jmp T_16.4;
T_16.4 ;
    %pop/vec4 1;
    %end;
    .thread T_16;
    .scope S_0x29b28d0;
T_17 ;
    %pushi/vec4 1313820229, 0, 64;
    %dup/vec4;
    %pushi/vec4 0, 0, 32; draw_string_vec4
    %pushi/vec4 1313820229, 0, 32; draw_string_vec4
    %concat/vec4; draw_string_vec4
    %cmp/u;
    %jmp/1 T_17.0, 6;
    %dup/vec4;
    %pushi/vec4 20565, 0, 32; draw_string_vec4
    %pushi/vec4 1280070992, 0, 32; draw_string_vec4
    %concat/vec4; draw_string_vec4
    %cmp/u;
    %jmp/1 T_17.1, 6;
    %dup/vec4;
    %pushi/vec4 1347767372, 0, 32; draw_string_vec4
    %pushi/vec4 1146050382, 0, 32; draw_string_vec4
    %concat/vec4; draw_string_vec4
    %cmp/u;
    %jmp/1 T_17.2, 6;
    %vpi_call/w 9 34 "$display", "\012Error: I_BUF instance %m has parameter WEAK_KEEPER set to %s.  Valid values are NONE, PULLUP, PULLDOWN\012", P_0x26cf530 {0 0 0};
    %delay 1000, 0;
    %vpi_call/w 9 35 "$stop" {0 0 0};
    %jmp T_17.4;
T_17.0 ;
    %jmp T_17.4;
T_17.1 ;
    %jmp T_17.4;
T_17.2 ;
    %jmp T_17.4;
T_17.4 ;
    %pop/vec4 1;
    %end;
    .thread T_17;
    .scope S_0x29b1710;
T_18 ;
    %pushi/vec4 1313820229, 0, 64;
    %dup/vec4;
    %pushi/vec4 0, 0, 32; draw_string_vec4
    %pushi/vec4 1313820229, 0, 32; draw_string_vec4
    %concat/vec4; draw_string_vec4
    %cmp/u;
    %jmp/1 T_18.0, 6;
    %dup/vec4;
    %pushi/vec4 20565, 0, 32; draw_string_vec4
    %pushi/vec4 1280070992, 0, 32; draw_string_vec4
    %concat/vec4; draw_string_vec4
    %cmp/u;
    %jmp/1 T_18.1, 6;
    %dup/vec4;
    %pushi/vec4 1347767372, 0, 32; draw_string_vec4
    %pushi/vec4 1146050382, 0, 32; draw_string_vec4
    %concat/vec4; draw_string_vec4
    %cmp/u;
    %jmp/1 T_18.2, 6;
    %vpi_call/w 9 34 "$display", "\012Error: I_BUF instance %m has parameter WEAK_KEEPER set to %s.  Valid values are NONE, PULLUP, PULLDOWN\012", P_0x255b370 {0 0 0};
    %delay 1000, 0;
    %vpi_call/w 9 35 "$stop" {0 0 0};
    %jmp T_18.4;
T_18.0 ;
    %jmp T_18.4;
T_18.1 ;
    %jmp T_18.4;
T_18.2 ;
    %jmp T_18.4;
T_18.4 ;
    %pop/vec4 1;
    %end;
    .thread T_18;
    .scope S_0x29b0550;
T_19 ;
    %pushi/vec4 1313820229, 0, 64;
    %dup/vec4;
    %pushi/vec4 0, 0, 32; draw_string_vec4
    %pushi/vec4 1313820229, 0, 32; draw_string_vec4
    %concat/vec4; draw_string_vec4
    %cmp/u;
    %jmp/1 T_19.0, 6;
    %dup/vec4;
    %pushi/vec4 20565, 0, 32; draw_string_vec4
    %pushi/vec4 1280070992, 0, 32; draw_string_vec4
    %concat/vec4; draw_string_vec4
    %cmp/u;
    %jmp/1 T_19.1, 6;
    %dup/vec4;
    %pushi/vec4 1347767372, 0, 32; draw_string_vec4
    %pushi/vec4 1146050382, 0, 32; draw_string_vec4
    %concat/vec4; draw_string_vec4
    %cmp/u;
    %jmp/1 T_19.2, 6;
    %vpi_call/w 9 34 "$display", "\012Error: I_BUF instance %m has parameter WEAK_KEEPER set to %s.  Valid values are NONE, PULLUP, PULLDOWN\012", P_0x259c470 {0 0 0};
    %delay 1000, 0;
    %vpi_call/w 9 35 "$stop" {0 0 0};
    %jmp T_19.4;
T_19.0 ;
    %jmp T_19.4;
T_19.1 ;
    %jmp T_19.4;
T_19.2 ;
    %jmp T_19.4;
T_19.4 ;
    %pop/vec4 1;
    %end;
    .thread T_19;
    .scope S_0x29ac5d0;
T_20 ;
    %pushi/vec4 1313820229, 0, 64;
    %dup/vec4;
    %pushi/vec4 0, 0, 32; draw_string_vec4
    %pushi/vec4 1313820229, 0, 32; draw_string_vec4
    %concat/vec4; draw_string_vec4
    %cmp/u;
    %jmp/1 T_20.0, 6;
    %dup/vec4;
    %pushi/vec4 20565, 0, 32; draw_string_vec4
    %pushi/vec4 1280070992, 0, 32; draw_string_vec4
    %concat/vec4; draw_string_vec4
    %cmp/u;
    %jmp/1 T_20.1, 6;
    %dup/vec4;
    %pushi/vec4 1347767372, 0, 32; draw_string_vec4
    %pushi/vec4 1146050382, 0, 32; draw_string_vec4
    %concat/vec4; draw_string_vec4
    %cmp/u;
    %jmp/1 T_20.2, 6;
    %vpi_call/w 9 34 "$display", "\012Error: I_BUF instance %m has parameter WEAK_KEEPER set to %s.  Valid values are NONE, PULLUP, PULLDOWN\012", P_0x255e0a0 {0 0 0};
    %delay 1000, 0;
    %vpi_call/w 9 35 "$stop" {0 0 0};
    %jmp T_20.4;
T_20.0 ;
    %jmp T_20.4;
T_20.1 ;
    %jmp T_20.4;
T_20.2 ;
    %jmp T_20.4;
T_20.4 ;
    %pop/vec4 1;
    %end;
    .thread T_20;
    .scope S_0x29ab290;
T_21 ;
    %pushi/vec4 1313820229, 0, 64;
    %dup/vec4;
    %pushi/vec4 0, 0, 32; draw_string_vec4
    %pushi/vec4 1313820229, 0, 32; draw_string_vec4
    %concat/vec4; draw_string_vec4
    %cmp/u;
    %jmp/1 T_21.0, 6;
    %dup/vec4;
    %pushi/vec4 20565, 0, 32; draw_string_vec4
    %pushi/vec4 1280070992, 0, 32; draw_string_vec4
    %concat/vec4; draw_string_vec4
    %cmp/u;
    %jmp/1 T_21.1, 6;
    %dup/vec4;
    %pushi/vec4 1347767372, 0, 32; draw_string_vec4
    %pushi/vec4 1146050382, 0, 32; draw_string_vec4
    %concat/vec4; draw_string_vec4
    %cmp/u;
    %jmp/1 T_21.2, 6;
    %vpi_call/w 9 34 "$display", "\012Error: I_BUF instance %m has parameter WEAK_KEEPER set to %s.  Valid values are NONE, PULLUP, PULLDOWN\012", P_0x2610720 {0 0 0};
    %delay 1000, 0;
    %vpi_call/w 9 35 "$stop" {0 0 0};
    %jmp T_21.4;
T_21.0 ;
    %jmp T_21.4;
T_21.1 ;
    %jmp T_21.4;
T_21.2 ;
    %jmp T_21.4;
T_21.4 ;
    %pop/vec4 1;
    %end;
    .thread T_21;
    .scope S_0x29d5060;
T_22 ;
    %pushi/vec4 0, 0, 32;
    %store/vec4 v0x2931580_0, 0, 32;
    %end;
    .thread T_22, $init;
    .scope S_0x29d5060;
T_23 ;
    %pushi/vec4 0, 0, 8;
    %store/vec4 v0x292d920_0, 0, 8;
    %delay 5000, 0;
    %pushi/vec4 0, 0, 9;
    %store/vec4 v0x27bd710_0, 0, 9;
T_23.0 ; Top of for-loop
    %load/vec4 v0x27bd710_0;
    %pad/u 32;
    %cmpi/u 256, 0, 32;
    %jmp/0xz T_23.1, 5;
    %load/vec4 v0x27bd710_0;
    %pad/u 8;
    %store/vec4 v0x292d920_0, 0, 8;
    %fork TD_co_sim_bin2bcd.compare, S_0x299ea10;
    %join;
    %delay 10000, 0;
T_23.2 ; for-loop step statement
    %load/vec4 v0x27bd710_0;
    %addi 1, 0, 9;
    %store/vec4 v0x27bd710_0, 0, 9;
    %jmp T_23.0;
T_23.1 ; for-loop exit label
    %load/vec4 v0x2931580_0;
    %cmpi/e 0, 0, 32;
    %jmp/0xz  T_23.3, 4;
    %vpi_call/w 3 38 "$display", "\012**** All Comparison Matched ***\012Simulation Passed" {0 0 0};
    %jmp T_23.4;
T_23.3 ;
    %vpi_call/w 3 40 "$display", "%0d comparison(s) mismatched\012Error: Simulation Failed", v0x2931580_0 {0 0 0};
T_23.4 ;
    %delay 20000, 0;
    %vpi_call/w 3 42 "$finish" {0 0 0};
    %end;
    .thread T_23;
    .scope S_0x29d5060;
T_24 ;
    %vpi_call/w 3 56 "$dumpfile", "bin2bcd.vcd" {0 0 0};
    %vpi_call/w 3 57 "$dumpvars" {0 0 0};
    %end;
    .thread T_24;
# The file index is used to find the file name in the following table.
:file_names 10;
    "N/A";
    "<interactive>";
    "-";
    "/nfs_scratch/scratch/CompilerValidation/zaheer_ahmad/os_fpga2/Validation/RTL_testcases/RTL_Benchmarks_Gap_Analysis/bin2bcd/results_dir/../sim/co_sim_tb/co_sim_bin2bcd.v";
    "/nfs_scratch/scratch/CompilerValidation/zaheer_ahmad/os_fpga2/Validation/RTL_testcases/RTL_Benchmarks_Gap_Analysis/bin2bcd/results_dir/.././rtl/bin2bcd.v";
    "/nfs_scratch/scratch/CompilerValidation/zaheer_ahmad/os_fpga2/Validation/RTL_testcases/RTL_Benchmarks_Gap_Analysis/bin2bcd/results_dir/bin2bcd/run_1/synth_1_1/synthesis/bin2bcd_post_synth.v";
    "/nfs_eda_sw/softwares/Raptor/instl_dir/05_09_2024_09_15_02/share/raptor/sim_models/rapidsilicon/genesis3/FPGA_PRIMITIVES_MODELS/sim_models/verilog/LUT6.v";
    "/nfs_eda_sw/softwares/Raptor/instl_dir/05_09_2024_09_15_02/share/raptor/sim_models/rapidsilicon/genesis3/FPGA_PRIMITIVES_MODELS/sim_models/verilog/LUT5.v";
    "/nfs_eda_sw/softwares/Raptor/instl_dir/05_09_2024_09_15_02/share/raptor/sim_models/rapidsilicon/genesis3/FPGA_PRIMITIVES_MODELS/sim_models/verilog/O_BUF.v";
    "/nfs_eda_sw/softwares/Raptor/instl_dir/05_09_2024_09_15_02/share/raptor/sim_models/rapidsilicon/genesis3/FPGA_PRIMITIVES_MODELS/sim_models/verilog/I_BUF.v";
