/*******************************************************************************
Copyright (c) 2022-2024 Rapid Silicon
This source code contains proprietary information belonging to Rapid Silicon
(the "licensor") released under license and non-disclosure agreement to the
recipient (the "licensee").

The information shared and protected by the license and non-disclosure agreement
includes but is not limited to the following:
* operational algorithms of the product
* logos, graphics, source code, and visual presentation of the product
* confidential operational information of the licensor

The recipient of this source code is NOT permitted to publicly disclose,
re-use, archive beyond the period of the license agreement, transfer to a
sub-licensee, or re-implement any portion of the content covered by the license
and non-disclosure agreement without the prior written consent of the licensor.
*********************************************************************************/

Version  : 2024.06
Build    : 1.1.13
Hash     : 89b90d9
Date     : Jun 21 2024
Type     : Engineering
Log Time   : Sat Jun 22 07:07:55 2024 GMT
#Timing report of worst 30 path(s)
# Unit scale: 1e-09 seconds
# Output precision: 3

# Logical Levels: 0
# Timing Graph Levels: 6

#Path 1
Startpoint: out0[1].Q[0] (dffre clocked by clk0)
Endpoint  : out0[1].D[0] (dffre clocked by clk0)
Path Type : setup

Point                                                                        Incr      Path
-------------------------------------------------------------------------------------------
clock clk0 (rise edge)                       0.000     0.000
clock source latency                                                        0.000     0.000
clk0.inpad[0] (.input)                       0.000     0.000
out0[1].C[0] (dffre)                                              0.890     0.890
out0[1].Q[0] (dffre) [clock-to-output]                            0.154     1.044
$abc$1045$abc$384$li1_li1.in[0] (.names)                                    0.890     1.935
$abc$1045$abc$384$li1_li1.out[0] (.names)                                   0.218     2.153
out0[1].D[0] (dffre)                                              0.890     3.044
data arrival time                                                                     3.044

clock clk0 (rise edge)                       0.000     0.000
clock source latency                                                        0.000     0.000
clk0.inpad[0] (.input)                       0.000     0.000
out0[1].C[0] (dffre)                                              0.890     0.890
clock uncertainty                                                           0.000     0.890
cell setup time                                                            -0.032     0.859
data required time                                                                    0.859
-------------------------------------------------------------------------------------------
data required time                                                                    0.859
data arrival time                                                                    -3.044
-------------------------------------------------------------------------------------------
slack (VIOLATED)                                                                     -2.185


#Path 2
Startpoint: out1[2].Q[0] (dffre clocked by clk1)
Endpoint  : out1[2].D[0] (dffre clocked by clk1)
Path Type : setup

Point                                                                        Incr      Path
-------------------------------------------------------------------------------------------
clock clk1 (rise edge)                       0.000     0.000
clock source latency                                                        0.000     0.000
clk1.inpad[0] (.input)                       0.000     0.000
out1[2].C[0] (dffre)                                              0.890     0.890
out1[2].Q[0] (dffre) [clock-to-output]                            0.154     1.044
$abc$1045$abc$407$li2_li2.in[0] (.names)                                    0.890     1.935
$abc$1045$abc$407$li2_li2.out[0] (.names)                                   0.218     2.153
out1[2].D[0] (dffre)                                              0.890     3.044
data arrival time                                                                     3.044

clock clk1 (rise edge)                       0.000     0.000
clock source latency                                                        0.000     0.000
clk1.inpad[0] (.input)                       0.000     0.000
out1[2].C[0] (dffre)                                              0.890     0.890
clock uncertainty                                                           0.000     0.890
cell setup time                                                            -0.032     0.859
data required time                                                                    0.859
-------------------------------------------------------------------------------------------
data required time                                                                    0.859
data arrival time                                                                    -3.044
-------------------------------------------------------------------------------------------
slack (VIOLATED)                                                                     -2.185


#Path 3
Startpoint: out1[1].Q[0] (dffre clocked by clk1)
Endpoint  : out1[1].D[0] (dffre clocked by clk1)
Path Type : setup

Point                                                                        Incr      Path
-------------------------------------------------------------------------------------------
clock clk1 (rise edge)                       0.000     0.000
clock source latency                                                        0.000     0.000
clk1.inpad[0] (.input)                       0.000     0.000
out1[1].C[0] (dffre)                                              0.890     0.890
out1[1].Q[0] (dffre) [clock-to-output]                            0.154     1.044
$abc$1045$abc$407$li1_li1.in[0] (.names)                                    0.890     1.935
$abc$1045$abc$407$li1_li1.out[0] (.names)                                   0.218     2.153
out1[1].D[0] (dffre)                                              0.890     3.044
data arrival time                                                                     3.044

clock clk1 (rise edge)                       0.000     0.000
clock source latency                                                        0.000     0.000
clk1.inpad[0] (.input)                       0.000     0.000
out1[1].C[0] (dffre)                                              0.890     0.890
clock uncertainty                                                           0.000     0.890
cell setup time                                                            -0.032     0.859
data required time                                                                    0.859
-------------------------------------------------------------------------------------------
data required time                                                                    0.859
data arrival time                                                                    -3.044
-------------------------------------------------------------------------------------------
slack (VIOLATED)                                                                     -2.185


#Path 4
Startpoint: out1[0].Q[0] (dffre clocked by clk1)
Endpoint  : out1[0].D[0] (dffre clocked by clk1)
Path Type : setup

Point                                                                        Incr      Path
-------------------------------------------------------------------------------------------
clock clk1 (rise edge)                       0.000     0.000
clock source latency                                                        0.000     0.000
clk1.inpad[0] (.input)                       0.000     0.000
out1[0].C[0] (dffre)                                              0.890     0.890
out1[0].Q[0] (dffre) [clock-to-output]                            0.154     1.044
$abc$1045$abc$407$li0_li0.in[0] (.names)                                    0.890     1.935
$abc$1045$abc$407$li0_li0.out[0] (.names)                                   0.218     2.153
out1[0].D[0] (dffre)                                              0.890     3.044
data arrival time                                                                     3.044

clock clk1 (rise edge)                       0.000     0.000
clock source latency                                                        0.000     0.000
clk1.inpad[0] (.input)                       0.000     0.000
out1[0].C[0] (dffre)                                              0.890     0.890
clock uncertainty                                                           0.000     0.890
cell setup time                                                            -0.032     0.859
data required time                                                                    0.859
-------------------------------------------------------------------------------------------
data required time                                                                    0.859
data arrival time                                                                    -3.044
-------------------------------------------------------------------------------------------
slack (VIOLATED)                                                                     -2.185


#Path 5
Startpoint: out1[3].Q[0] (dffre clocked by clk1)
Endpoint  : out1[3].D[0] (dffre clocked by clk1)
Path Type : setup

Point                                                                        Incr      Path
-------------------------------------------------------------------------------------------
clock clk1 (rise edge)                       0.000     0.000
clock source latency                                                        0.000     0.000
clk1.inpad[0] (.input)                       0.000     0.000
out1[3].C[0] (dffre)                                              0.890     0.890
out1[3].Q[0] (dffre) [clock-to-output]                            0.154     1.044
$abc$1045$abc$407$li3_li3.in[0] (.names)                                    0.890     1.935
$abc$1045$abc$407$li3_li3.out[0] (.names)                                   0.218     2.153
out1[3].D[0] (dffre)                                              0.890     3.044
data arrival time                                                                     3.044

clock clk1 (rise edge)                       0.000     0.000
clock source latency                                                        0.000     0.000
clk1.inpad[0] (.input)                       0.000     0.000
out1[3].C[0] (dffre)                                              0.890     0.890
clock uncertainty                                                           0.000     0.890
cell setup time                                                            -0.032     0.859
data required time                                                                    0.859
-------------------------------------------------------------------------------------------
data required time                                                                    0.859
data arrival time                                                                    -3.044
-------------------------------------------------------------------------------------------
slack (VIOLATED)                                                                     -2.185


#Path 6
Startpoint: out0[3].Q[0] (dffre clocked by clk0)
Endpoint  : out0[3].D[0] (dffre clocked by clk0)
Path Type : setup

Point                                                                        Incr      Path
-------------------------------------------------------------------------------------------
clock clk0 (rise edge)                       0.000     0.000
clock source latency                                                        0.000     0.000
clk0.inpad[0] (.input)                       0.000     0.000
out0[3].C[0] (dffre)                                              0.890     0.890
out0[3].Q[0] (dffre) [clock-to-output]                            0.154     1.044
$abc$1045$abc$384$li3_li3.in[0] (.names)                                    0.890     1.935
$abc$1045$abc$384$li3_li3.out[0] (.names)                                   0.218     2.153
out0[3].D[0] (dffre)                                              0.890     3.044
data arrival time                                                                     3.044

clock clk0 (rise edge)                       0.000     0.000
clock source latency                                                        0.000     0.000
clk0.inpad[0] (.input)                       0.000     0.000
out0[3].C[0] (dffre)                                              0.890     0.890
clock uncertainty                                                           0.000     0.890
cell setup time                                                            -0.032     0.859
data required time                                                                    0.859
-------------------------------------------------------------------------------------------
data required time                                                                    0.859
data arrival time                                                                    -3.044
-------------------------------------------------------------------------------------------
slack (VIOLATED)                                                                     -2.185


#Path 7
Startpoint: out0[2].Q[0] (dffre clocked by clk0)
Endpoint  : out0[2].D[0] (dffre clocked by clk0)
Path Type : setup

Point                                                                        Incr      Path
-------------------------------------------------------------------------------------------
clock clk0 (rise edge)                       0.000     0.000
clock source latency                                                        0.000     0.000
clk0.inpad[0] (.input)                       0.000     0.000
out0[2].C[0] (dffre)                                              0.890     0.890
out0[2].Q[0] (dffre) [clock-to-output]                            0.154     1.044
$abc$1045$abc$384$li2_li2.in[0] (.names)                                    0.890     1.935
$abc$1045$abc$384$li2_li2.out[0] (.names)                                   0.218     2.153
out0[2].D[0] (dffre)                                              0.890     3.044
data arrival time                                                                     3.044

clock clk0 (rise edge)                       0.000     0.000
clock source latency                                                        0.000     0.000
clk0.inpad[0] (.input)                       0.000     0.000
out0[2].C[0] (dffre)                                              0.890     0.890
clock uncertainty                                                           0.000     0.890
cell setup time                                                            -0.032     0.859
data required time                                                                    0.859
-------------------------------------------------------------------------------------------
data required time                                                                    0.859
data arrival time                                                                    -3.044
-------------------------------------------------------------------------------------------
slack (VIOLATED)                                                                     -2.185


#Path 8
Startpoint: out0[0].Q[0] (dffre clocked by clk0)
Endpoint  : out0[0].D[0] (dffre clocked by clk0)
Path Type : setup

Point                                                                        Incr      Path
-------------------------------------------------------------------------------------------
clock clk0 (rise edge)                       0.000     0.000
clock source latency                                                        0.000     0.000
clk0.inpad[0] (.input)                       0.000     0.000
out0[0].C[0] (dffre)                                              0.890     0.890
out0[0].Q[0] (dffre) [clock-to-output]                            0.154     1.044
$abc$1045$abc$384$li0_li0.in[1] (.names)                                    0.890     1.935
$abc$1045$abc$384$li0_li0.out[0] (.names)                                   0.197     2.132
out0[0].D[0] (dffre)                                              0.890     3.022
data arrival time                                                                     3.022

clock clk0 (rise edge)                       0.000     0.000
clock source latency                                                        0.000     0.000
clk0.inpad[0] (.input)                       0.000     0.000
out0[0].C[0] (dffre)                                              0.890     0.890
clock uncertainty                                                           0.000     0.890
cell setup time                                                            -0.032     0.859
data required time                                                                    0.859
-------------------------------------------------------------------------------------------
data required time                                                                    0.859
data arrival time                                                                    -3.022
-------------------------------------------------------------------------------------------
slack (VIOLATED)                                                                     -2.163


#Path 9
Startpoint: out1[4].Q[0] (dffre clocked by clk1)
Endpoint  : out1[4].D[0] (dffre clocked by clk1)
Path Type : setup

Point                                                                        Incr      Path
-------------------------------------------------------------------------------------------
clock clk1 (rise edge)                       0.000     0.000
clock source latency                                                        0.000     0.000
clk1.inpad[0] (.input)                       0.000     0.000
out1[4].C[0] (dffre)                                              0.890     0.890
out1[4].Q[0] (dffre) [clock-to-output]                            0.154     1.044
$abc$1045$abc$407$li4_li4.in[0] (.names)                                    0.890     1.935
$abc$1045$abc$407$li4_li4.out[0] (.names)                                   0.173     2.107
out1[4].D[0] (dffre)                                              0.890     2.998
data arrival time                                                                     2.998

clock clk1 (rise edge)                       0.000     0.000
clock source latency                                                        0.000     0.000
clk1.inpad[0] (.input)                       0.000     0.000
out1[4].C[0] (dffre)                                              0.890     0.890
clock uncertainty                                                           0.000     0.890
cell setup time                                                            -0.032     0.859
data required time                                                                    0.859
-------------------------------------------------------------------------------------------
data required time                                                                    0.859
data arrival time                                                                    -2.998
-------------------------------------------------------------------------------------------
slack (VIOLATED)                                                                     -2.139


#Path 10
Startpoint: out0[4].Q[0] (dffre clocked by clk0)
Endpoint  : out0[4].D[0] (dffre clocked by clk0)
Path Type : setup

Point                                                                        Incr      Path
-------------------------------------------------------------------------------------------
clock clk0 (rise edge)                       0.000     0.000
clock source latency                                                        0.000     0.000
clk0.inpad[0] (.input)                       0.000     0.000
out0[4].C[0] (dffre)                                              0.890     0.890
out0[4].Q[0] (dffre) [clock-to-output]                            0.154     1.044
$abc$1045$abc$384$li4_li4.in[0] (.names)                                    0.890     1.935
$abc$1045$abc$384$li4_li4.out[0] (.names)                                   0.173     2.107
out0[4].D[0] (dffre)                                              0.890     2.998
data arrival time                                                                     2.998

clock clk0 (rise edge)                       0.000     0.000
clock source latency                                                        0.000     0.000
clk0.inpad[0] (.input)                       0.000     0.000
out0[4].C[0] (dffre)                                              0.890     0.890
clock uncertainty                                                           0.000     0.890
cell setup time                                                            -0.032     0.859
data required time                                                                    0.859
-------------------------------------------------------------------------------------------
data required time                                                                    0.859
data arrival time                                                                    -2.998
-------------------------------------------------------------------------------------------
slack (VIOLATED)                                                                     -2.139


#Path 11
Startpoint: out0[0].Q[0] (dffre clocked by clk0)
Endpoint  : out:out0[0].outpad[0] (.output clocked by virtual_io_clock)
Path Type : setup

Point                                                                        Incr      Path
-------------------------------------------------------------------------------------------
clock clk0 (rise edge)                       0.000     0.000
clock source latency                                                        0.000     0.000
clk0.inpad[0] (.input)                       0.000     0.000
out0[0].C[0] (dffre)                                              0.890     0.890
out0[0].Q[0] (dffre) [clock-to-output]                            0.154     1.044
out:out0[0].outpad[0] (.output)                                   0.890     1.935
data arrival time                                                                     1.935

clock virtual_io_clock (rise edge)                                          0.000     0.000
clock source latency                                                        0.000     0.000
clock uncertainty                                                           0.000     0.000
output external delay                                                       0.000     0.000
data required time                                                                    0.000
-------------------------------------------------------------------------------------------
data required time                                                                    0.000
data arrival time                                                                    -1.935
-------------------------------------------------------------------------------------------
slack (VIOLATED)                                                                     -1.935


#Path 12
Startpoint: out0[1].Q[0] (dffre clocked by clk0)
Endpoint  : out:out0[1].outpad[0] (.output clocked by virtual_io_clock)
Path Type : setup

Point                                                                        Incr      Path
-------------------------------------------------------------------------------------------
clock clk0 (rise edge)                       0.000     0.000
clock source latency                                                        0.000     0.000
clk0.inpad[0] (.input)                       0.000     0.000
out0[1].C[0] (dffre)                                              0.890     0.890
out0[1].Q[0] (dffre) [clock-to-output]                            0.154     1.044
out:out0[1].outpad[0] (.output)                                   0.890     1.935
data arrival time                                                                     1.935

clock virtual_io_clock (rise edge)                                          0.000     0.000
clock source latency                                                        0.000     0.000
clock uncertainty                                                           0.000     0.000
output external delay                                                       0.000     0.000
data required time                                                                    0.000
-------------------------------------------------------------------------------------------
data required time                                                                    0.000
data arrival time                                                                    -1.935
-------------------------------------------------------------------------------------------
slack (VIOLATED)                                                                     -1.935


#Path 13
Startpoint: out0[2].Q[0] (dffre clocked by clk0)
Endpoint  : out:out0[2].outpad[0] (.output clocked by virtual_io_clock)
Path Type : setup

Point                                                                        Incr      Path
-------------------------------------------------------------------------------------------
clock clk0 (rise edge)                       0.000     0.000
clock source latency                                                        0.000     0.000
clk0.inpad[0] (.input)                       0.000     0.000
out0[2].C[0] (dffre)                                              0.890     0.890
out0[2].Q[0] (dffre) [clock-to-output]                            0.154     1.044
out:out0[2].outpad[0] (.output)                                   0.890     1.935
data arrival time                                                                     1.935

clock virtual_io_clock (rise edge)                                          0.000     0.000
clock source latency                                                        0.000     0.000
clock uncertainty                                                           0.000     0.000
output external delay                                                       0.000     0.000
data required time                                                                    0.000
-------------------------------------------------------------------------------------------
data required time                                                                    0.000
data arrival time                                                                    -1.935
-------------------------------------------------------------------------------------------
slack (VIOLATED)                                                                     -1.935


#Path 14
Startpoint: out0[3].Q[0] (dffre clocked by clk0)
Endpoint  : out:out0[3].outpad[0] (.output clocked by virtual_io_clock)
Path Type : setup

Point                                                                        Incr      Path
-------------------------------------------------------------------------------------------
clock clk0 (rise edge)                       0.000     0.000
clock source latency                                                        0.000     0.000
clk0.inpad[0] (.input)                       0.000     0.000
out0[3].C[0] (dffre)                                              0.890     0.890
out0[3].Q[0] (dffre) [clock-to-output]                            0.154     1.044
out:out0[3].outpad[0] (.output)                                   0.890     1.935
data arrival time                                                                     1.935

clock virtual_io_clock (rise edge)                                          0.000     0.000
clock source latency                                                        0.000     0.000
clock uncertainty                                                           0.000     0.000
output external delay                                                       0.000     0.000
data required time                                                                    0.000
-------------------------------------------------------------------------------------------
data required time                                                                    0.000
data arrival time                                                                    -1.935
-------------------------------------------------------------------------------------------
slack (VIOLATED)                                                                     -1.935


#Path 15
Startpoint: out0[4].Q[0] (dffre clocked by clk0)
Endpoint  : out:out0[4].outpad[0] (.output clocked by virtual_io_clock)
Path Type : setup

Point                                                                        Incr      Path
-------------------------------------------------------------------------------------------
clock clk0 (rise edge)                       0.000     0.000
clock source latency                                                        0.000     0.000
clk0.inpad[0] (.input)                       0.000     0.000
out0[4].C[0] (dffre)                                              0.890     0.890
out0[4].Q[0] (dffre) [clock-to-output]                            0.154     1.044
out:out0[4].outpad[0] (.output)                                   0.890     1.935
data arrival time                                                                     1.935

clock virtual_io_clock (rise edge)                                          0.000     0.000
clock source latency                                                        0.000     0.000
clock uncertainty                                                           0.000     0.000
output external delay                                                       0.000     0.000
data required time                                                                    0.000
-------------------------------------------------------------------------------------------
data required time                                                                    0.000
data arrival time                                                                    -1.935
-------------------------------------------------------------------------------------------
slack (VIOLATED)                                                                     -1.935


#Path 16
Startpoint: out1[0].Q[0] (dffre clocked by clk1)
Endpoint  : out:out1[0].outpad[0] (.output clocked by virtual_io_clock)
Path Type : setup

Point                                                                        Incr      Path
-------------------------------------------------------------------------------------------
clock clk1 (rise edge)                       0.000     0.000
clock source latency                                                        0.000     0.000
clk1.inpad[0] (.input)                       0.000     0.000
out1[0].C[0] (dffre)                                              0.890     0.890
out1[0].Q[0] (dffre) [clock-to-output]                            0.154     1.044
out:out1[0].outpad[0] (.output)                                   0.890     1.935
data arrival time                                                                     1.935

clock virtual_io_clock (rise edge)                                          0.000     0.000
clock source latency                                                        0.000     0.000
clock uncertainty                                                           0.000     0.000
output external delay                                                       0.000     0.000
data required time                                                                    0.000
-------------------------------------------------------------------------------------------
data required time                                                                    0.000
data arrival time                                                                    -1.935
-------------------------------------------------------------------------------------------
slack (VIOLATED)                                                                     -1.935


#Path 17
Startpoint: out1[2].Q[0] (dffre clocked by clk1)
Endpoint  : out:out1[2].outpad[0] (.output clocked by virtual_io_clock)
Path Type : setup

Point                                                                        Incr      Path
-------------------------------------------------------------------------------------------
clock clk1 (rise edge)                       0.000     0.000
clock source latency                                                        0.000     0.000
clk1.inpad[0] (.input)                       0.000     0.000
out1[2].C[0] (dffre)                                              0.890     0.890
out1[2].Q[0] (dffre) [clock-to-output]                            0.154     1.044
out:out1[2].outpad[0] (.output)                                   0.890     1.935
data arrival time                                                                     1.935

clock virtual_io_clock (rise edge)                                          0.000     0.000
clock source latency                                                        0.000     0.000
clock uncertainty                                                           0.000     0.000
output external delay                                                       0.000     0.000
data required time                                                                    0.000
-------------------------------------------------------------------------------------------
data required time                                                                    0.000
data arrival time                                                                    -1.935
-------------------------------------------------------------------------------------------
slack (VIOLATED)                                                                     -1.935


#Path 18
Startpoint: out1[1].Q[0] (dffre clocked by clk1)
Endpoint  : out:out1[1].outpad[0] (.output clocked by virtual_io_clock)
Path Type : setup

Point                                                                        Incr      Path
-------------------------------------------------------------------------------------------
clock clk1 (rise edge)                       0.000     0.000
clock source latency                                                        0.000     0.000
clk1.inpad[0] (.input)                       0.000     0.000
out1[1].C[0] (dffre)                                              0.890     0.890
out1[1].Q[0] (dffre) [clock-to-output]                            0.154     1.044
out:out1[1].outpad[0] (.output)                                   0.890     1.935
data arrival time                                                                     1.935

clock virtual_io_clock (rise edge)                                          0.000     0.000
clock source latency                                                        0.000     0.000
clock uncertainty                                                           0.000     0.000
output external delay                                                       0.000     0.000
data required time                                                                    0.000
-------------------------------------------------------------------------------------------
data required time                                                                    0.000
data arrival time                                                                    -1.935
-------------------------------------------------------------------------------------------
slack (VIOLATED)                                                                     -1.935


#Path 19
Startpoint: out1[4].Q[0] (dffre clocked by clk1)
Endpoint  : out:out1[4].outpad[0] (.output clocked by virtual_io_clock)
Path Type : setup

Point                                                                        Incr      Path
-------------------------------------------------------------------------------------------
clock clk1 (rise edge)                       0.000     0.000
clock source latency                                                        0.000     0.000
clk1.inpad[0] (.input)                       0.000     0.000
out1[4].C[0] (dffre)                                              0.890     0.890
out1[4].Q[0] (dffre) [clock-to-output]                            0.154     1.044
out:out1[4].outpad[0] (.output)                                   0.890     1.935
data arrival time                                                                     1.935

clock virtual_io_clock (rise edge)                                          0.000     0.000
clock source latency                                                        0.000     0.000
clock uncertainty                                                           0.000     0.000
output external delay                                                       0.000     0.000
data required time                                                                    0.000
-------------------------------------------------------------------------------------------
data required time                                                                    0.000
data arrival time                                                                    -1.935
-------------------------------------------------------------------------------------------
slack (VIOLATED)                                                                     -1.935


#Path 20
Startpoint: out1[3].Q[0] (dffre clocked by clk1)
Endpoint  : out:out1[3].outpad[0] (.output clocked by virtual_io_clock)
Path Type : setup

Point                                                                        Incr      Path
-------------------------------------------------------------------------------------------
clock clk1 (rise edge)                       0.000     0.000
clock source latency                                                        0.000     0.000
clk1.inpad[0] (.input)                       0.000     0.000
out1[3].C[0] (dffre)                                              0.890     0.890
out1[3].Q[0] (dffre) [clock-to-output]                            0.154     1.044
out:out1[3].outpad[0] (.output)                                   0.890     1.935
data arrival time                                                                     1.935

clock virtual_io_clock (rise edge)                                          0.000     0.000
clock source latency                                                        0.000     0.000
clock uncertainty                                                           0.000     0.000
output external delay                                                       0.000     0.000
data required time                                                                    0.000
-------------------------------------------------------------------------------------------
data required time                                                                    0.000
data arrival time                                                                    -1.935
-------------------------------------------------------------------------------------------
slack (VIOLATED)                                                                     -1.935


#Path 21
Startpoint: reset.inpad[0] (.input clocked by virtual_io_clock)
Endpoint  : out0[0].D[0] (dffre clocked by clk0)
Path Type : setup

Point                                                                        Incr      Path
-------------------------------------------------------------------------------------------
clock virtual_io_clock (rise edge)                                          0.000     0.000
clock source latency                                                        0.000     0.000
input external delay                                                        0.000     0.000
reset.inpad[0] (.input)                                           0.000     0.000
$abc$1045$abc$384$li0_li0.in[0] (.names)                                    0.890     0.890
$abc$1045$abc$384$li0_li0.out[0] (.names)                                   0.218     1.109
out0[0].D[0] (dffre)                                              0.890     1.999
data arrival time                                                                     1.999

clock clk0 (rise edge)                       0.000     0.000
clock source latency                                                        0.000     0.000
clk0.inpad[0] (.input)                       0.000     0.000
out0[0].C[0] (dffre)                                              0.890     0.890
clock uncertainty                                                           0.000     0.890
cell setup time                                                            -0.032     0.859
data required time                                                                    0.859
-------------------------------------------------------------------------------------------
data required time                                                                    0.859
data arrival time                                                                    -1.999
-------------------------------------------------------------------------------------------
slack (VIOLATED)                                                                     -1.140


#Path 22
Startpoint: reset.inpad[0] (.input clocked by virtual_io_clock)
Endpoint  : out1[3].D[0] (dffre clocked by clk1)
Path Type : setup

Point                                                                        Incr      Path
-------------------------------------------------------------------------------------------
clock virtual_io_clock (rise edge)                                          0.000     0.000
clock source latency                                                        0.000     0.000
input external delay                                                        0.000     0.000
reset.inpad[0] (.input)                                           0.000     0.000
$abc$1045$abc$407$li3_li3.in[1] (.names)                                    0.890     0.890
$abc$1045$abc$407$li3_li3.out[0] (.names)                                   0.197     1.087
out1[3].D[0] (dffre)                                              0.890     1.978
data arrival time                                                                     1.978

clock clk1 (rise edge)                       0.000     0.000
clock source latency                                                        0.000     0.000
clk1.inpad[0] (.input)                       0.000     0.000
out1[3].C[0] (dffre)                                              0.890     0.890
clock uncertainty                                                           0.000     0.890
cell setup time                                                            -0.032     0.859
data required time                                                                    0.859
-------------------------------------------------------------------------------------------
data required time                                                                    0.859
data arrival time                                                                    -1.978
-------------------------------------------------------------------------------------------
slack (VIOLATED)                                                                     -1.119


#Path 23
Startpoint: reset.inpad[0] (.input clocked by virtual_io_clock)
Endpoint  : out0[2].D[0] (dffre clocked by clk0)
Path Type : setup

Point                                                                        Incr      Path
-------------------------------------------------------------------------------------------
clock virtual_io_clock (rise edge)                                          0.000     0.000
clock source latency                                                        0.000     0.000
input external delay                                                        0.000     0.000
reset.inpad[0] (.input)                                           0.000     0.000
$abc$1045$abc$384$li2_li2.in[1] (.names)                                    0.890     0.890
$abc$1045$abc$384$li2_li2.out[0] (.names)                                   0.197     1.087
out0[2].D[0] (dffre)                                              0.890     1.978
data arrival time                                                                     1.978

clock clk0 (rise edge)                       0.000     0.000
clock source latency                                                        0.000     0.000
clk0.inpad[0] (.input)                       0.000     0.000
out0[2].C[0] (dffre)                                              0.890     0.890
clock uncertainty                                                           0.000     0.890
cell setup time                                                            -0.032     0.859
data required time                                                                    0.859
-------------------------------------------------------------------------------------------
data required time                                                                    0.859
data arrival time                                                                    -1.978
-------------------------------------------------------------------------------------------
slack (VIOLATED)                                                                     -1.119


#Path 24
Startpoint: reset.inpad[0] (.input clocked by virtual_io_clock)
Endpoint  : out1[2].D[0] (dffre clocked by clk1)
Path Type : setup

Point                                                                        Incr      Path
-------------------------------------------------------------------------------------------
clock virtual_io_clock (rise edge)                                          0.000     0.000
clock source latency                                                        0.000     0.000
input external delay                                                        0.000     0.000
reset.inpad[0] (.input)                                           0.000     0.000
$abc$1045$abc$407$li2_li2.in[1] (.names)                                    0.890     0.890
$abc$1045$abc$407$li2_li2.out[0] (.names)                                   0.197     1.087
out1[2].D[0] (dffre)                                              0.890     1.978
data arrival time                                                                     1.978

clock clk1 (rise edge)                       0.000     0.000
clock source latency                                                        0.000     0.000
clk1.inpad[0] (.input)                       0.000     0.000
out1[2].C[0] (dffre)                                              0.890     0.890
clock uncertainty                                                           0.000     0.890
cell setup time                                                            -0.032     0.859
data required time                                                                    0.859
-------------------------------------------------------------------------------------------
data required time                                                                    0.859
data arrival time                                                                    -1.978
-------------------------------------------------------------------------------------------
slack (VIOLATED)                                                                     -1.119


#Path 25
Startpoint: reset.inpad[0] (.input clocked by virtual_io_clock)
Endpoint  : out1[0].D[0] (dffre clocked by clk1)
Path Type : setup

Point                                                                        Incr      Path
-------------------------------------------------------------------------------------------
clock virtual_io_clock (rise edge)                                          0.000     0.000
clock source latency                                                        0.000     0.000
input external delay                                                        0.000     0.000
reset.inpad[0] (.input)                                           0.000     0.000
$abc$1045$abc$407$li0_li0.in[1] (.names)                                    0.890     0.890
$abc$1045$abc$407$li0_li0.out[0] (.names)                                   0.197     1.087
out1[0].D[0] (dffre)                                              0.890     1.978
data arrival time                                                                     1.978

clock clk1 (rise edge)                       0.000     0.000
clock source latency                                                        0.000     0.000
clk1.inpad[0] (.input)                       0.000     0.000
out1[0].C[0] (dffre)                                              0.890     0.890
clock uncertainty                                                           0.000     0.890
cell setup time                                                            -0.032     0.859
data required time                                                                    0.859
-------------------------------------------------------------------------------------------
data required time                                                                    0.859
data arrival time                                                                    -1.978
-------------------------------------------------------------------------------------------
slack (VIOLATED)                                                                     -1.119


#Path 26
Startpoint: reset.inpad[0] (.input clocked by virtual_io_clock)
Endpoint  : out0[3].D[0] (dffre clocked by clk0)
Path Type : setup

Point                                                                        Incr      Path
-------------------------------------------------------------------------------------------
clock virtual_io_clock (rise edge)                                          0.000     0.000
clock source latency                                                        0.000     0.000
input external delay                                                        0.000     0.000
reset.inpad[0] (.input)                                           0.000     0.000
$abc$1045$abc$384$li3_li3.in[1] (.names)                                    0.890     0.890
$abc$1045$abc$384$li3_li3.out[0] (.names)                                   0.197     1.087
out0[3].D[0] (dffre)                                              0.890     1.978
data arrival time                                                                     1.978

clock clk0 (rise edge)                       0.000     0.000
clock source latency                                                        0.000     0.000
clk0.inpad[0] (.input)                       0.000     0.000
out0[3].C[0] (dffre)                                              0.890     0.890
clock uncertainty                                                           0.000     0.890
cell setup time                                                            -0.032     0.859
data required time                                                                    0.859
-------------------------------------------------------------------------------------------
data required time                                                                    0.859
data arrival time                                                                    -1.978
-------------------------------------------------------------------------------------------
slack (VIOLATED)                                                                     -1.119


#Path 27
Startpoint: reset.inpad[0] (.input clocked by virtual_io_clock)
Endpoint  : out0[4].D[0] (dffre clocked by clk0)
Path Type : setup

Point                                                                        Incr      Path
-------------------------------------------------------------------------------------------
clock virtual_io_clock (rise edge)                                          0.000     0.000
clock source latency                                                        0.000     0.000
input external delay                                                        0.000     0.000
reset.inpad[0] (.input)                                           0.000     0.000
$abc$1045$abc$384$li4_li4.in[1] (.names)                                    0.890     0.890
$abc$1045$abc$384$li4_li4.out[0] (.names)                                   0.152     1.042
out0[4].D[0] (dffre)                                              0.890     1.933
data arrival time                                                                     1.933

clock clk0 (rise edge)                       0.000     0.000
clock source latency                                                        0.000     0.000
clk0.inpad[0] (.input)                       0.000     0.000
out0[4].C[0] (dffre)                                              0.890     0.890
clock uncertainty                                                           0.000     0.890
cell setup time                                                            -0.032     0.859
data required time                                                                    0.859
-------------------------------------------------------------------------------------------
data required time                                                                    0.859
data arrival time                                                                    -1.933
-------------------------------------------------------------------------------------------
slack (VIOLATED)                                                                     -1.074


#Path 28
Startpoint: reset.inpad[0] (.input clocked by virtual_io_clock)
Endpoint  : out1[4].D[0] (dffre clocked by clk1)
Path Type : setup

Point                                                                        Incr      Path
-------------------------------------------------------------------------------------------
clock virtual_io_clock (rise edge)                                          0.000     0.000
clock source latency                                                        0.000     0.000
input external delay                                                        0.000     0.000
reset.inpad[0] (.input)                                           0.000     0.000
$abc$1045$abc$407$li4_li4.in[1] (.names)                                    0.890     0.890
$abc$1045$abc$407$li4_li4.out[0] (.names)                                   0.152     1.042
out1[4].D[0] (dffre)                                              0.890     1.933
data arrival time                                                                     1.933

clock clk1 (rise edge)                       0.000     0.000
clock source latency                                                        0.000     0.000
clk1.inpad[0] (.input)                       0.000     0.000
out1[4].C[0] (dffre)                                              0.890     0.890
clock uncertainty                                                           0.000     0.890
cell setup time                                                            -0.032     0.859
data required time                                                                    0.859
-------------------------------------------------------------------------------------------
data required time                                                                    0.859
data arrival time                                                                    -1.933
-------------------------------------------------------------------------------------------
slack (VIOLATED)                                                                     -1.074


#Path 29
Startpoint: reset.inpad[0] (.input clocked by virtual_io_clock)
Endpoint  : out1[1].D[0] (dffre clocked by clk1)
Path Type : setup

Point                                                                        Incr      Path
-------------------------------------------------------------------------------------------
clock virtual_io_clock (rise edge)                                          0.000     0.000
clock source latency                                                        0.000     0.000
input external delay                                                        0.000     0.000
reset.inpad[0] (.input)                                           0.000     0.000
$abc$1045$abc$407$li1_li1.in[2] (.names)                                    0.890     0.890
$abc$1045$abc$407$li1_li1.out[0] (.names)                                   0.148     1.038
out1[1].D[0] (dffre)                                              0.890     1.929
data arrival time                                                                     1.929

clock clk1 (rise edge)                       0.000     0.000
clock source latency                                                        0.000     0.000
clk1.inpad[0] (.input)                       0.000     0.000
out1[1].C[0] (dffre)                                              0.890     0.890
clock uncertainty                                                           0.000     0.890
cell setup time                                                            -0.032     0.859
data required time                                                                    0.859
-------------------------------------------------------------------------------------------
data required time                                                                    0.859
data arrival time                                                                    -1.929
-------------------------------------------------------------------------------------------
slack (VIOLATED)                                                                     -1.070


#Path 30
Startpoint: reset.inpad[0] (.input clocked by virtual_io_clock)
Endpoint  : out0[1].D[0] (dffre clocked by clk0)
Path Type : setup

Point                                                                        Incr      Path
-------------------------------------------------------------------------------------------
clock virtual_io_clock (rise edge)                                          0.000     0.000
clock source latency                                                        0.000     0.000
input external delay                                                        0.000     0.000
reset.inpad[0] (.input)                                           0.000     0.000
$abc$1045$abc$384$li1_li1.in[2] (.names)                                    0.890     0.890
$abc$1045$abc$384$li1_li1.out[0] (.names)                                   0.148     1.038
out0[1].D[0] (dffre)                                              0.890     1.929
data arrival time                                                                     1.929

clock clk0 (rise edge)                       0.000     0.000
clock source latency                                                        0.000     0.000
clk0.inpad[0] (.input)                       0.000     0.000
out0[1].C[0] (dffre)                                              0.890     0.890
clock uncertainty                                                           0.000     0.890
cell setup time                                                            -0.032     0.859
data required time                                                                    0.859
-------------------------------------------------------------------------------------------
data required time                                                                    0.859
data arrival time                                                                    -1.929
-------------------------------------------------------------------------------------------
slack (VIOLATED)                                                                     -1.070


#End of timing report
