VPR FPGA Placement and Routing.
Version: 
Revision: 
Compiled: 
Compiler: GNU 11.2.1 on Linux-3.10.0-1160.90.1.el7.x86_64 x86_64
Build Info: Release VTR_ASSERT_LEVEL=2

University of Toronto
verilogtorouting.org
vtr-users@googlegroups.com
This is free open source code under MIT license.

VPR was run with the following command-line:
/nfs_eda_sw/softwares/Raptor/instl_dir/10_22_2023_09_15_02/bin/vpr /nfs_eda_sw/softwares/Raptor/instl_dir/10_22_2023_09_15_02/share/raptor/etc/devices/gemini_compact_104x68/gemini_vpr.xml /nfs_scratch/scratch/CompilerValidation/abdul_hameed/Compiler_Validation/RTL_testcases/DSP_Designs/complex_multiplier/results_dir/complex_multiplier/run_1/synth_1_1/synthesis/complex_multiplier_post_synth.eblif --sdc_file /nfs_scratch/scratch/CompilerValidation/abdul_hameed/Compiler_Validation/RTL_testcases/DSP_Designs/complex_multiplier/results_dir/complex_multiplier/run_1/synth_1_1/impl_1_1/packing/complex_multiplier_openfpga.sdc --route_chan_width 160 --suppress_warnings check_rr_node_warnings.log,check_rr_node --clock_modeling ideal --absorb_buffer_luts off --skip_sync_clustering_and_routing_results off --constant_net_method route --post_place_timing_report complex_multiplier_post_place_timing.rpt --device castor104x68_heterogeneous --allow_unrelated_clustering on --allow_dangling_combinational_nodes on --place_delta_delay_matrix_calculation_method dijkstra --post_synth_netlist_unconn_inputs gnd --inner_loop_recompute_divider 1 --max_router_iterations 1500 --timing_report_detail detailed --timing_report_npaths 100 --top complex_multiplier --net_file /nfs_scratch/scratch/CompilerValidation/abdul_hameed/Compiler_Validation/RTL_testcases/DSP_Designs/complex_multiplier/results_dir/complex_multiplier/run_1/synth_1_1/impl_1_1/packing/complex_multiplier_post_synth.net --place_file /nfs_scratch/scratch/CompilerValidation/abdul_hameed/Compiler_Validation/RTL_testcases/DSP_Designs/complex_multiplier/results_dir/complex_multiplier/run_1/synth_1_1/impl_1_1/placement/complex_multiplier_post_synth.place --route_file /nfs_scratch/scratch/CompilerValidation/abdul_hameed/Compiler_Validation/RTL_testcases/DSP_Designs/complex_multiplier/results_dir/complex_multiplier/run_1/synth_1_1/impl_1_1/routing/complex_multiplier_post_synth.route --analysis

Using up to 1 parallel worker(s)

Architecture file: /nfs_eda_sw/softwares/Raptor/instl_dir/10_22_2023_09_15_02/share/raptor/etc/devices/gemini_compact_104x68/gemini_vpr.xml
Circuit name: complex_multiplier_post_synth

# Loading Architecture Description
Warning 1: Model 'io' input port 'outpad' has no timing specification (no clock specified to create a sequential input port, not combinationally connected to any outputs, not a clock input)
Warning 2: Model 'io' output port 'inpad' has no timing specification (no clock specified to create a sequential output port, not combinationally connected to any inputs, not a clock output)
Warning 3: Model 'dsp_phy' input port 'sc_in' has no timing specification (no clock specified to create a sequential input port, not combinationally connected to any outputs, not a clock input)
Warning 4: Model 'dsp_phy' input port 'lreset' has no timing specification (no clock specified to create a sequential input port, not combinationally connected to any outputs, not a clock input)
Warning 5: Model 'dsp_phy' output port 'sc_out' has no timing specification (no clock specified to create a sequential output port, not combinationally connected to any inputs, not a clock output)
Warning 6: Model 'RS_DSP_MULT' input port 'feedback' has no timing specification (no clock specified to create a sequential input port, not combinationally connected to any outputs, not a clock input)
Warning 7: Model 'RS_DSP_MULT' input port 'unsigned_b' has no timing specification (no clock specified to create a sequential input port, not combinationally connected to any outputs, not a clock input)
Warning 8: Model 'RS_DSP_MULT' input port 'unsigned_a' has no timing specification (no clock specified to create a sequential input port, not combinationally connected to any outputs, not a clock input)
Warning 9: Model 'RS_DSP_MULT_REGIN' input port 'lreset' has no timing specification (no clock specified to create a sequential input port, not combinationally connected to any outputs, not a clock input)
Warning 10: Model 'RS_DSP_MULT_REGIN' input port 'unsigned_b' has no timing specification (no clock specified to create a sequential input port, not combinationally connected to any outputs, not a clock input)
Warning 11: Model 'RS_DSP_MULT_REGIN' input port 'unsigned_a' has no timing specification (no clock specified to create a sequential input port, not combinationally connected to any outputs, not a clock input)
Warning 12: Model 'RS_DSP_MULT_REGOUT' input port 'lreset' has no timing specification (no clock specified to create a sequential input port, not combinationally connected to any outputs, not a clock input)
Warning 13: Model 'RS_DSP_MULT_REGOUT' input port 'unsigned_b' has no timing specification (no clock specified to create a sequential input port, not combinationally connected to any outputs, not a clock input)
Warning 14: Model 'RS_DSP_MULT_REGOUT' input port 'unsigned_a' has no timing specification (no clock specified to create a sequential input port, not combinationally connected to any outputs, not a clock input)
Warning 15: Model 'RS_DSP_MULT_REGIN_REGOUT' input port 'lreset' has no timing specification (no clock specified to create a sequential input port, not combinationally connected to any outputs, not a clock input)
Warning 16: Model 'RS_DSP_MULT_REGIN_REGOUT' input port 'unsigned_b' has no timing specification (no clock specified to create a sequential input port, not combinationally connected to any outputs, not a clock input)
Warning 17: Model 'RS_DSP_MULT_REGIN_REGOUT' input port 'unsigned_a' has no timing specification (no clock specified to create a sequential input port, not combinationally connected to any outputs, not a clock input)
Warning 18: Model 'RS_DSP_MULTADD' input port 'round' has no timing specification (no clock specified to create a sequential input port, not combinationally connected to any outputs, not a clock input)
Warning 19: Model 'RS_DSP_MULTADD' input port 'shift_right' has no timing specification (no clock specified to create a sequential input port, not combinationally connected to any outputs, not a clock input)
Warning 20: Model 'RS_DSP_MULTADD' input port 'saturate_enable' has no timing specification (no clock specified to create a sequential input port, not combinationally connected to any outputs, not a clock input)
Warning 21: Model 'RS_DSP_MULTADD' input port 'lreset' has no timing specification (no clock specified to create a sequential input port, not combinationally connected to any outputs, not a clock input)
Warning 22: Model 'RS_DSP_MULTADD' input port 'unsigned_b' has no timing specification (no clock specified to create a sequential input port, not combinationally connected to any outputs, not a clock input)
Warning 23: Model 'RS_DSP_MULTADD' input port 'unsigned_a' has no timing specification (no clock specified to create a sequential input port, not combinationally connected to any outputs, not a clock input)
Warning 24: Model 'RS_DSP_MULTADD_REGIN' input port 'round' has no timing specification (no clock specified to create a sequential input port, not combinationally connected to any outputs, not a clock input)
Warning 25: Model 'RS_DSP_MULTADD_REGIN' input port 'shift_right' has no timing specification (no clock specified to create a sequential input port, not combinationally connected to any outputs, not a clock input)
Warning 26: Model 'RS_DSP_MULTADD_REGIN' input port 'saturate_enable' has no timing specification (no clock specified to create a sequential input port, not combinationally connected to any outputs, not a clock input)
Warning 27: Model 'RS_DSP_MULTADD_REGIN' input port 'lreset' has no timing specification (no clock specified to create a sequential input port, not combinationally connected to any outputs, not a clock input)
Warning 28: Model 'RS_DSP_MULTADD_REGIN' input port 'unsigned_b' has no timing specification (no clock specified to create a sequential input port, not combinationally connected to any outputs, not a clock input)
Warning 29: Model 'RS_DSP_MULTADD_REGIN' input port 'unsigned_a' has no timing specification (no clock specified to create a sequential input port, not combinationally connected to any outputs, not a clock input)
Warning 30: Model 'RS_DSP_MULTADD_REGOUT' input port 'round' has no timing specification (no clock specified to create a sequential input port, not combinationally connected to any outputs, not a clock input)
Warning 31: Model 'RS_DSP_MULTADD_REGOUT' input port 'shift_right' has no timing specification (no clock specified to create a sequential input port, not combinationally connected to any outputs, not a clock input)
Warning 32: Model 'RS_DSP_MULTADD_REGOUT' input port 'saturate_enable' has no timing specification (no clock specified to create a sequential input port, not combinationally connected to any outputs, not a clock input)
Warning 33: Model 'RS_DSP_MULTADD_REGOUT' input port 'lreset' has no timing specification (no clock specified to create a sequential input port, not combinationally connected to any outputs, not a clock input)
Warning 34: Model 'RS_DSP_MULTADD_REGOUT' input port 'unsigned_b' has no timing specification (no clock specified to create a sequential input port, not combinationally connected to any outputs, not a clock input)
Warning 35: Model 'RS_DSP_MULTADD_REGOUT' input port 'unsigned_a' has no timing specification (no clock specified to create a sequential input port, not combinationally connected to any outputs, not a clock input)
Warning 36: Model 'RS_DSP_MULTADD_REGIN_REGOUT' input port 'round' has no timing specification (no clock specified to create a sequential input port, not combinationally connected to any outputs, not a clock input)
Warning 37: Model 'RS_DSP_MULTADD_REGIN_REGOUT' input port 'shift_right' has no timing specification (no clock specified to create a sequential input port, not combinationally connected to any outputs, not a clock input)
Warning 38: Model 'RS_DSP_MULTADD_REGIN_REGOUT' input port 'saturate_enable' has no timing specification (no clock specified to create a sequential input port, not combinationally connected to any outputs, not a clock input)
Warning 39: Model 'RS_DSP_MULTADD_REGIN_REGOUT' input port 'lreset' has no timing specification (no clock specified to create a sequential input port, not combinationally connected to any outputs, not a clock input)
Warning 40: Model 'RS_DSP_MULTADD_REGIN_REGOUT' input port 'unsigned_b' has no timing specification (no clock specified to create a sequential input port, not combinationally connected to any outputs, not a clock input)
Warning 41: Model 'RS_DSP_MULTADD_REGIN_REGOUT' input port 'unsigned_a' has no timing specification (no clock specified to create a sequential input port, not combinationally connected to any outputs, not a clock input)
Warning 42: Model 'RS_DSP_MULTACC' input port 'round' has no timing specification (no clock specified to create a sequential input port, not combinationally connected to any outputs, not a clock input)
Warning 43: Model 'RS_DSP_MULTACC' input port 'shift_right' has no timing specification (no clock specified to create a sequential input port, not combinationally connected to any outputs, not a clock input)
Warning 44: Model 'RS_DSP_MULTACC' input port 'saturate_enable' has no timing specification (no clock specified to create a sequential input port, not combinationally connected to any outputs, not a clock input)
Warning 45: Model 'RS_DSP_MULTACC' input port 'lreset' has no timing specification (no clock specified to create a sequential input port, not combinationally connected to any outputs, not a clock input)
Warning 46: Model 'RS_DSP_MULTACC' input port 'unsigned_b' has no timing specification (no clock specified to create a sequential input port, not combinationally connected to any outputs, not a clock input)
Warning 47: Model 'RS_DSP_MULTACC' input port 'unsigned_a' has no timing specification (no clock specified to create a sequential input port, not combinationally connected to any outputs, not a clock input)
Warning 48: Model 'RS_DSP_MULTACC_REGIN' input port 'round' has no timing specification (no clock specified to create a sequential input port, not combinationally connected to any outputs, not a clock input)
Warning 49: Model 'RS_DSP_MULTACC_REGIN' input port 'shift_right' has no timing specification (no clock specified to create a sequential input port, not combinationally connected to any outputs, not a clock input)
Warning 50: Model 'RS_DSP_MULTACC_REGIN' input port 'saturate_enable' has no timing specification (no clock specified to create a sequential input port, not combinationally connected to any outputs, not a clock input)
Warning 51: Model 'RS_DSP_MULTACC_REGIN' input port 'lreset' has no timing specification (no clock specified to create a sequential input port, not combinationally connected to any outputs, not a clock input)
Warning 52: Model 'RS_DSP_MULTACC_REGIN' input port 'unsigned_b' has no timing specification (no clock specified to create a sequential input port, not combinationally connected to any outputs, not a clock input)
Warning 53: Model 'RS_DSP_MULTACC_REGIN' input port 'unsigned_a' has no timing specification (no clock specified to create a sequential input port, not combinationally connected to any outputs, not a clock input)
Warning 54: Model 'RS_DSP_MULTACC_REGOUT' input port 'round' has no timing specification (no clock specified to create a sequential input port, not combinationally connected to any outputs, not a clock input)
Warning 55: Model 'RS_DSP_MULTACC_REGOUT' input port 'shift_right' has no timing specification (no clock specified to create a sequential input port, not combinationally connected to any outputs, not a clock input)
Warning 56: Model 'RS_DSP_MULTACC_REGOUT' input port 'saturate_enable' has no timing specification (no clock specified to create a sequential input port, not combinationally connected to any outputs, not a clock input)
Warning 57: Model 'RS_DSP_MULTACC_REGOUT' input port 'lreset' has no timing specification (no clock specified to create a sequential input port, not combinationally connected to any outputs, not a clock input)
Warning 58: Model 'RS_DSP_MULTACC_REGOUT' input port 'unsigned_b' has no timing specification (no clock specified to create a sequential input port, not combinationally connected to any outputs, not a clock input)
Warning 59: Model 'RS_DSP_MULTACC_REGOUT' input port 'unsigned_a' has no timing specification (no clock specified to create a sequential input port, not combinationally connected to any outputs, not a clock input)
Warning 60: Model 'RS_DSP_MULTACC_REGIN_REGOUT' input port 'round' has no timing specification (no clock specified to create a sequential input port, not combinationally connected to any outputs, not a clock input)
Warning 61: Model 'RS_DSP_MULTACC_REGIN_REGOUT' input port 'shift_right' has no timing specification (no clock specified to create a sequential input port, not combinationally connected to any outputs, not a clock input)
Warning 62: Model 'RS_DSP_MULTACC_REGIN_REGOUT' input port 'saturate_enable' has no timing specification (no clock specified to create a sequential input port, not combinationally connected to any outputs, not a clock input)
Warning 63: Model 'RS_DSP_MULTACC_REGIN_REGOUT' input port 'lreset' has no timing specification (no clock specified to create a sequential input port, not combinationally connected to any outputs, not a clock input)
Warning 64: Model 'RS_DSP_MULTACC_REGIN_REGOUT' input port 'unsigned_b' has no timing specification (no clock specified to create a sequential input port, not combinationally connected to any outputs, not a clock input)
Warning 65: Model 'RS_DSP_MULTACC_REGIN_REGOUT' input port 'unsigned_a' has no timing specification (no clock specified to create a sequential input port, not combinationally connected to any outputs, not a clock input)
Warning 66: Model 'bram_phy' input port 'sc_in' has no timing specification (no clock specified to create a sequential input port, not combinationally connected to any outputs, not a clock input)
Warning 67: Model 'bram_phy' output port 'sc_out' has no timing specification (no clock specified to create a sequential output port, not combinationally connected to any inputs, not a clock output)
Warning 68: Model 'bram_phy' output port 'PL_DATA_o' has no timing specification (no clock specified to create a sequential output port, not combinationally connected to any inputs, not a clock output)
Warning 69: Model 'bram_phy' output port 'PL_ADDR_o' has no timing specification (no clock specified to create a sequential output port, not combinationally connected to any inputs, not a clock output)
Warning 70: Model 'bram_phy' output port 'PL_WEN_o' has no timing specification (no clock specified to create a sequential output port, not combinationally connected to any inputs, not a clock output)
Warning 71: Model 'bram_phy' output port 'PL_CLK_o' has no timing specification (no clock specified to create a sequential output port, not combinationally connected to any inputs, not a clock output)
Warning 72: Model 'bram_phy' output port 'PL_REN_o' has no timing specification (no clock specified to create a sequential output port, not combinationally connected to any inputs, not a clock output)
Warning 73: Model 'bram_phy' output port 'PL_ENA_o' has no timing specification (no clock specified to create a sequential output port, not combinationally connected to any inputs, not a clock output)
Warning 74: Model 'bram_phy' output port 'PL_INIT_o' has no timing specification (no clock specified to create a sequential output port, not combinationally connected to any inputs, not a clock output)
mode 'io[physical]' is defined by user to be disabled in packing
mode 'iopad[default]' is defined by user to be disabled in packing
mode 'fle[physical]' is defined by user to be disabled in packing
mode 'fabric[default]' is defined by user to be disabled in packing
mode 'ff_bypass[default]' is defined by user to be disabled in packing
mode 'dsp_lr[physical]' is defined by user to be disabled in packing
mode 'bram_lr[physical]' is defined by user to be disabled in packing
# Loading Architecture Description took 0.05 seconds (max_rss 12.5 MiB, delta_rss +2.9 MiB)

Timing analysis: ON
Circuit netlist file: /nfs_scratch/scratch/CompilerValidation/abdul_hameed/Compiler_Validation/RTL_testcases/DSP_Designs/complex_multiplier/results_dir/complex_multiplier/run_1/synth_1_1/impl_1_1/packing/complex_multiplier_post_synth.net
Circuit placement file: /nfs_scratch/scratch/CompilerValidation/abdul_hameed/Compiler_Validation/RTL_testcases/DSP_Designs/complex_multiplier/results_dir/complex_multiplier/run_1/synth_1_1/impl_1_1/placement/complex_multiplier_post_synth.place
Circuit routing file: /nfs_scratch/scratch/CompilerValidation/abdul_hameed/Compiler_Validation/RTL_testcases/DSP_Designs/complex_multiplier/results_dir/complex_multiplier/run_1/synth_1_1/impl_1_1/routing/complex_multiplier_post_synth.route
Circuit SDC file: /nfs_scratch/scratch/CompilerValidation/abdul_hameed/Compiler_Validation/RTL_testcases/DSP_Designs/complex_multiplier/results_dir/complex_multiplier/run_1/synth_1_1/impl_1_1/packing/complex_multiplier_openfpga.sdc
Vpr floorplanning constraints file: not specified

Packer: ENABLED
Placer: ENABLED
Router: ENABLED
Analysis: ENABLED

VPR was run with the following options:

NetlistOpts.abosrb_buffer_luts            : false
NetlistOpts.sweep_dangling_primary_ios    : true
NetlistOpts.sweep_dangling_nets           : true
NetlistOpts.sweep_dangling_blocks         : true
NetlistOpts.sweep_constant_primary_outputs: false
NetlistOpts.netlist_verbosity             : 1
NetlistOpts.const_gen_inference           : COMB_SEQ

PackerOpts.allow_unrelated_clustering: true
PackerOpts.alpha_clustering: 0.750000
PackerOpts.beta_clustering: 0.900000
PackerOpts.cluster_seed_type: BLEND2
PackerOpts.connection_driven: true
PackerOpts.global_clocks: true
PackerOpts.hill_climbing_flag: false
PackerOpts.inter_cluster_net_delay: 1.000000
PackerOpts.timing_driven: true
PackerOpts.target_external_pin_util: auto

PlacerOpts.place_freq: PLACE_ONCE
PlacerOpts.place_algorithm: CRITICALITY_TIMING_PLACE
PlacerOpts.pad_loc_type: FREE
PlacerOpts.constraints_file: No constraints file given
PlacerOpts.place_cost_exp: 1.000000
PlacerOpts.place_chan_width: 160
PlacerOpts.inner_loop_recompute_divider: 1
PlacerOpts.recompute_crit_iter: 1
PlacerOpts.timing_tradeoff: 0.500000
PlacerOpts.td_place_exp_first: 1.000000
PlacerOpts.td_place_exp_last: 8.000000
PlacerOpts.delay_offset: 0.000000
PlacerOpts.delay_ramp_delta_threshold: -1
PlacerOpts.delay_ramp_slope: 0.000000
PlacerOpts.tsu_rel_margin: 1.000000
PlacerOpts.tsu_abs_margin: 0.000000
PlacerOpts.post_place_timing_report_file: complex_multiplier_post_place_timing.rpt
PlacerOpts.allowed_tiles_for_delay_model: 
PlacerOpts.delay_model_reducer: MIN
PlacerOpts.delay_model_type: DELTA
PlacerOpts.rlim_escape_fraction: 0.000000
PlacerOpts.move_stats_file: 
PlacerOpts.placement_saves_per_temperature: 0
PlacerOpts.effort_scaling: CIRCUIT
PlacerOpts.place_delta_delay_matrix_calculation_method: DIJKSTRA_EXPANSION
PlaceOpts.seed: 1
AnnealSched.type: AUTO_SCHED
AnnealSched.inner_num: 0.500000

RouterOpts.route_type: DETAILED
RouterOpts.flat_routing: false
RouterOpts.has_choking_spot: false
RouterOpts.router_algorithm: TIMING_DRIVEN
RouterOpts.base_cost_type: DELAY_NORMALIZED_LENGTH
RouterOpts.fixed_channel_width: 160
RouterOpts.check_route: FULL
RouterOpts.trim_empty_chan: false
RouterOpts.trim_obs_chan: false
RouterOpts.acc_fac: 1.000000
RouterOpts.bb_factor: 3
RouterOpts.bend_cost: 0.000000
RouterOpts.first_iter_pres_fac: 0.000000
RouterOpts.initial_pres_fac: 0.500000
RouterOpts.pres_fac_mult: 1.300000
RouterOpts.max_router_iterations: 1500
RouterOpts.min_incremental_reroute_fanout: 16
RouterOpts.do_check_rr_graph: true
RouterOpts.verify_binary_search: false
RouterOpts.min_channel_width_hint: 0
RouterOpts.read_rr_edge_metadata: false
RouterOpts.exit_after_first_routing_iteration: false
RouterOpts.astar_fac: 1.200000
RouterOpts.router_profiler_astar_fac: 1.200000
RouterOpts.criticality_exp: 1.000000
RouterOpts.max_criticality: 0.990000
RouterOpts.init_wirelength_abort_threshold: 0.850000
RouterOpts.save_routing_per_iteration: false
RouterOpts.congested_routing_iteration_threshold_frac: 1.000000
RouterOpts.high_fanout_threshold: 64
RouterOpts.router_debug_net: -2
RouterOpts.router_debug_sink_rr: -2
RouterOpts.router_debug_iteration: -2
RouterOpts.max_convergence_count: 1
RouterOpts.reconvergence_cpd_threshold: 0.990000
RouterOpts.update_lower_bound_delays: true
RouterOpts.first_iteration_timing_report_file: 
RouterOpts.incr_reroute_delay_ripup: AUTO
RouterOpts.route_bb_update: DYNAMIC
RouterOpts.lookahead_type: MAP
RouterOpts.initial_timing: LOOKAHEAD
RouterOpts.router_heap: BINARY_HEAP
RouterOpts.routing_failure_predictor = SAFE
RouterOpts.routing_budgets_algorithm = DISABLE

AnalysisOpts.gen_post_synthesis_netlist: false
AnalysisOpts.timing_report_npaths: 100
AnalysisOpts.timing_report_skew: false
AnalysisOpts.echo_dot_timing_graph_node: -1
AnalysisOpts.timing_report_detail: DETAILED_ROUTING
AnalysisOpts.post_synth_netlist_unconn_input_handling: GND
AnalysisOpts.post_synth_netlist_unconn_output_handling: UNCONNECTED

# Building complex block graph
Warning 75: clb[0].sr_in[0] unconnected pin in architecture.
Warning 76: clb[0].sr_out[0] unconnected pin in architecture.
Warning 77: dsp[0].sr_in[0] unconnected pin in architecture.
Warning 78: dsp[0].sr_in[1] unconnected pin in architecture.
Warning 79: dsp[0].sr_in[2] unconnected pin in architecture.
Warning 80: dsp[0].sr_out[0] unconnected pin in architecture.
Warning 81: dsp[0].sr_out[1] unconnected pin in architecture.
Warning 82: dsp[0].sr_out[2] unconnected pin in architecture.
Warning 83: bram[0].sr_in[0] unconnected pin in architecture.
Warning 84: bram[0].sr_in[1] unconnected pin in architecture.
Warning 85: bram[0].sr_in[2] unconnected pin in architecture.
Warning 86: bram[0].sr_in[3] unconnected pin in architecture.
Warning 87: bram[0].sr_in[4] unconnected pin in architecture.
Warning 88: bram[0].sr_in[5] unconnected pin in architecture.
Warning 89: bram[0].plr_i[0] unconnected pin in architecture.
Warning 90: bram[0].plr_i[1] unconnected pin in architecture.
Warning 91: bram[0].plr_i[2] unconnected pin in architecture.
Warning 92: bram[0].plr_i[3] unconnected pin in architecture.
Warning 93: bram[0].plr_i[4] unconnected pin in architecture.
Warning 94: bram[0].plr_i[5] unconnected pin in architecture.
Warning 95: bram[0].plr_i[6] unconnected pin in architecture.
Warning 96: bram[0].plr_i[7] unconnected pin in architecture.
Warning 97: bram[0].plr_i[8] unconnected pin in architecture.
Warning 98: bram[0].plr_i[9] unconnected pin in architecture.
Warning 99: bram[0].plr_i[10] unconnected pin in architecture.
Warning 100: bram[0].plr_i[11] unconnected pin in architecture.
Warning 101: bram[0].plr_i[12] unconnected pin in architecture.
Warning 102: bram[0].plr_i[13] unconnected pin in architecture.
Warning 103: bram[0].plr_i[14] unconnected pin in architecture.
Warning 104: bram[0].plr_i[15] unconnected pin in architecture.
Warning 105: bram[0].plr_i[16] unconnected pin in architecture.
Warning 106: bram[0].plr_i[17] unconnected pin in architecture.
Warning 107: bram[0].plr_i[18] unconnected pin in architecture.
Warning 108: bram[0].plr_i[19] unconnected pin in architecture.
Warning 109: bram[0].plr_i[20] unconnected pin in architecture.
Warning 110: bram[0].plr_i[21] unconnected pin in architecture.
Warning 111: bram[0].plr_i[22] unconnected pin in architecture.
Warning 112: bram[0].plr_i[23] unconnected pin in architecture.
Warning 113: bram[0].plr_i[24] unconnected pin in architecture.
Warning 114: bram[0].plr_i[25] unconnected pin in architecture.
Warning 115: bram[0].plr_i[26] unconnected pin in architecture.
Warning 116: bram[0].plr_i[27] unconnected pin in architecture.
Warning 117: bram[0].plr_i[28] unconnected pin in architecture.
Warning 118: bram[0].plr_i[29] unconnected pin in architecture.
Warning 119: bram[0].plr_i[30] unconnected pin in architecture.
Warning 120: bram[0].plr_i[31] unconnected pin in architecture.
Warning 121: bram[0].plr_i[32] unconnected pin in architecture.
Warning 122: bram[0].plr_i[33] unconnected pin in architecture.
Warning 123: bram[0].plr_i[34] unconnected pin in architecture.
Warning 124: bram[0].plr_i[35] unconnected pin in architecture.
Warning 125: bram[0].sr_out[0] unconnected pin in architecture.
Warning 126: bram[0].sr_out[1] unconnected pin in architecture.
Warning 127: bram[0].sr_out[2] unconnected pin in architecture.
Warning 128: bram[0].sr_out[3] unconnected pin in architecture.
Warning 129: bram[0].sr_out[4] unconnected pin in architecture.
Warning 130: bram[0].sr_out[5] unconnected pin in architecture.
Warning 131: bram[0].plr_o[0] unconnected pin in architecture.
Warning 132: bram[0].plr_o[1] unconnected pin in architecture.
Warning 133: bram[0].plr_o[2] unconnected pin in architecture.
Warning 134: bram[0].plr_o[3] unconnected pin in architecture.
Warning 135: bram[0].plr_o[4] unconnected pin in architecture.
Warning 136: bram[0].plr_o[5] unconnected pin in architecture.
Warning 137: bram[0].plr_o[6] unconnected pin in architecture.
Warning 138: bram[0].plr_o[7] unconnected pin in architecture.
Warning 139: bram[0].plr_o[8] unconnected pin in architecture.
Warning 140: bram[0].plr_o[9] unconnected pin in architecture.
Warning 141: bram[0].plr_o[10] unconnected pin in architecture.
Warning 142: bram[0].plr_o[11] unconnected pin in architecture.
Warning 143: bram[0].plr_o[12] unconnected pin in architecture.
Warning 144: bram[0].plr_o[13] unconnected pin in architecture.
Warning 145: bram[0].plr_o[14] unconnected pin in architecture.
Warning 146: bram[0].plr_o[15] unconnected pin in architecture.
Warning 147: bram[0].plr_o[16] unconnected pin in architecture.
Warning 148: bram[0].plr_o[17] unconnected pin in architecture.
Warning 149: bram[0].plr_o[18] unconnected pin in architecture.
Warning 150: bram[0].plr_o[19] unconnected pin in architecture.
Warning 151: bram[0].plr_o[20] unconnected pin in architecture.
Warning 152: bram[0].plr_o[21] unconnected pin in architecture.
Warning 153: bram[0].plr_o[22] unconnected pin in architecture.
Warning 154: bram[0].plr_o[23] unconnected pin in architecture.
Warning 155: bram[0].plr_o[24] unconnected pin in architecture.
Warning 156: bram[0].plr_o[25] unconnected pin in architecture.
Warning 157: bram[0].plr_o[26] unconnected pin in architecture.
Warning 158: bram[0].plr_o[27] unconnected pin in architecture.
Warning 159: bram[0].plr_o[28] unconnected pin in architecture.
Warning 160: bram[0].plr_o[29] unconnected pin in architecture.
Warning 161: bram[0].plr_o[30] unconnected pin in architecture.
Warning 162: bram[0].plr_o[31] unconnected pin in architecture.
Warning 163: bram[0].plr_o[32] unconnected pin in architecture.
Warning 164: bram[0].plr_o[33] unconnected pin in architecture.
Warning 165: bram[0].plr_o[34] unconnected pin in architecture.
Warning 166: bram[0].plr_o[35] unconnected pin in architecture.
# Building complex block graph took 0.04 seconds (max_rss 18.1 MiB, delta_rss +5.6 MiB)
Circuit file: /nfs_scratch/scratch/CompilerValidation/abdul_hameed/Compiler_Validation/RTL_testcases/DSP_Designs/complex_multiplier/results_dir/complex_multiplier/run_1/synth_1_1/synthesis/complex_multiplier_post_synth.eblif
# Load circuit
Found constant-zero generator '$false'
Found constant-one generator '$true'
Found constant-zero generator '$undef'
# Load circuit took 0.05 seconds (max_rss 22.9 MiB, delta_rss +4.8 MiB)
# Clean circuit
Inferred    3 additional primitive pins as constant generators since they have no combinationally connected inputs
Inferred  115 additional primitive pins as constant generators due to constant inputs
Inferred    0 additional primitive pins as constant generators since they have no combinationally connected inputs
Inferred    0 additional primitive pins as constant generators due to constant inputs
Inferred    0 additional primitive pins as constant generators since they have no combinationally connected inputs
Inferred    0 additional primitive pins as constant generators due to constant inputs
Inferred    0 additional primitive pins as constant generators since they have no combinationally connected inputs
Inferred    0 additional primitive pins as constant generators due to constant inputs
Swept input(s)      : 0
Swept output(s)     : 0 (0 dangling, 0 constant)
Swept net(s)        : 220
Swept block(s)      : 217
Constant Pins Marked: 118
# Clean circuit took 0.00 seconds (max_rss 22.9 MiB, delta_rss +0.0 MiB)
# Compress circuit
# Compress circuit took 0.00 seconds (max_rss 22.9 MiB, delta_rss +0.0 MiB)
# Verify circuit
# Verify circuit took 0.00 seconds (max_rss 22.9 MiB, delta_rss +0.0 MiB)
Circuit Statistics:
  Blocks: 1462
    .input                  :      78
    .output                 :      78
    0-LUT                   :       2
    6-LUT                   :     754
    RS_DSP_MULT_REGIN_REGOUT:       3
    adder_carry             :      59
    dffre                   :     488
  Nets  : 1548
    Avg Fanout:     3.1
    Max Fanout:   981.0
    Min Fanout:     1.0
  Netlist Clocks: 1
# Build Timing Graph
  Timing Graph Nodes: 6614
  Timing Graph Edges: 14419
  Timing Graph Levels: 48
# Build Timing Graph took 0.01 seconds (max_rss 23.2 MiB, delta_rss +0.2 MiB)
Netlist contains 1 clocks
  Netlist Clock 'clk' Fanout: 491 pins (7.7%), 491 blocks (33.6%)
# Load Timing Constraints

SDC file '/nfs_scratch/scratch/CompilerValidation/abdul_hameed/Compiler_Validation/RTL_testcases/DSP_Designs/complex_multiplier/results_dir/complex_multiplier/run_1/synth_1_1/impl_1_1/packing/complex_multiplier_openfpga.sdc' contained no SDC commands
Setting default timing constraints:
   * constrain all primay inputs and primary outputs on netlist clock 'clk'
   * optimize netlist clock to run as fast as possible
Timing constraints created 1 clocks
  Constrained Clock 'clk' Source: 'clk.inpad[0]'

# Load Timing Constraints took 0.00 seconds (max_rss 23.5 MiB, delta_rss +0.3 MiB)
# Load packing
Begin loading packed FPGA netlist file.
Netlist generated from file '/nfs_scratch/scratch/CompilerValidation/abdul_hameed/Compiler_Validation/RTL_testcases/DSP_Designs/complex_multiplier/results_dir/complex_multiplier/run_1/synth_1_1/impl_1_1/packing/complex_multiplier_post_synth.net'.
Detected 2 constant generators (to see names run with higher pack verbosity)
Finished loading packed FPGA netlist file (took 0.17 seconds).
# Load packing took 0.18 seconds (max_rss 68.6 MiB, delta_rss +45.0 MiB)
Warning 167: Netlist contains 0 global net to non-global architecture pin connections

Pb types usage...
  io                            : 156
   io_output                    : 78
    outpad                      : 78
   io_input                     : 78
    inpad                       : 78
  clb                           : 66
   clb_lr                       : 66
    fle                         : 524
     fast6                      : 93
      lut6                      : 93
       lut                      : 93
     ble6                       : 48
      lut6                      : 48
       lut                      : 48
      ff                        : 48
       DFFRE                    : 48
     ble5                       : 579
      lut5                      : 579
       lut                      : 579
      ff                        : 440
       DFFRE                    : 440
     adder                      : 59
      lut5                      : 36
       lut                      : 36
      adder_carry               : 59
  dsp                           : 3
   dsp_lr                       : 3
    RS_DSP_MULT_REGIN_REGOUT    : 3

# Create Device
## Build Device Grid
FPGA sized to 106 x 70: 7420 grid tiles (castor104x68_heterogeneous)

Resource usage...
	Netlist
		156	blocks of type: io
	Architecture
		7344	blocks of type: io_top
		4896	blocks of type: io_right
		7344	blocks of type: io_bottom
		4896	blocks of type: io_left
	Netlist
		66	blocks of type: clb
	Architecture
		5676	blocks of type: clb
	Netlist
		3	blocks of type: dsp
	Architecture
		176	blocks of type: dsp
	Netlist
		0	blocks of type: bram
	Architecture
		176	blocks of type: bram

Device Utilization: 0.01 (target 1.00)
	Physical Tile io_top:
	Block Utilization: 0.02 Logical Block: io
	Physical Tile io_right:
	Block Utilization: 0.03 Logical Block: io
	Physical Tile io_bottom:
	Block Utilization: 0.02 Logical Block: io
	Physical Tile io_left:
	Block Utilization: 0.03 Logical Block: io
	Physical Tile clb:
	Block Utilization: 0.01 Logical Block: clb
	Physical Tile dsp:
	Block Utilization: 0.02 Logical Block: dsp
	Physical Tile bram:
	Block Utilization: 0.00 Logical Block: bram

## Build Device Grid took 0.00 seconds (max_rss 68.6 MiB, delta_rss +0.0 MiB)
Warning 168: Tileable routing resource graph does not support clock modeling yet! Related options are ignored...
## Build tileable routing resource graph
X-direction routing channel width is 160
Y-direction routing channel width is 160
Warning 169: Sized nonsensical R=0 transistor to minimum width
Warning 170: Sized nonsensical R=0 transistor to minimum width
Warning 171: Sized nonsensical R=0 transistor to minimum width
Warning 172: Sized nonsensical R=0 transistor to minimum width
## Build tileable routing resource graph took 33.31 seconds (max_rss 1098.9 MiB, delta_rss +1030.3 MiB)
  RR Graph Nodes: 2990612
  RR Graph Edges: 15228438
# Create Device took 34.55 seconds (max_rss 1098.9 MiB, delta_rss +1030.3 MiB)

# Load Placement
Reading /nfs_scratch/scratch/CompilerValidation/abdul_hameed/Compiler_Validation/RTL_testcases/DSP_Designs/complex_multiplier/results_dir/complex_multiplier/run_1/synth_1_1/impl_1_1/placement/complex_multiplier_post_synth.place.

Successfully read /nfs_scratch/scratch/CompilerValidation/abdul_hameed/Compiler_Validation/RTL_testcases/DSP_Designs/complex_multiplier/results_dir/complex_multiplier/run_1/synth_1_1/impl_1_1/placement/complex_multiplier_post_synth.place.

# Load Placement took 0.25 seconds (max_rss 1098.9 MiB, delta_rss +0.0 MiB)

# Load Routing
Begin loading FPGA routing file.
Finished loading route file
# Load Routing took 0.20 seconds (max_rss 1098.9 MiB, delta_rss +0.0 MiB)

Checking to ensure routing is legal...
# Checking to ensure non-configurable edges are legal
# Checking to ensure non-configurable edges are legal took 0.08 seconds (max_rss 1098.9 MiB, delta_rss +0.0 MiB)
Completed routing consistency check successfully.

Serial number (magic cookie) for the routing is: 1449682577
Circuit successfully routed with a channel width factor of 160.
# Synchronize the packed netlist to routing optimization
## Annotating rr_node with routed nets
## Annotating rr_node with routed nets took 0.00 seconds (max_rss 1098.9 MiB, delta_rss +0.0 MiB)
Found 2074 mismatches between routing and packing results.
Fixed 1364 routing traces due to mismatch between routing and packing results.
# Synchronize the packed netlist to routing optimization took 0.03 seconds (max_rss 1098.9 MiB, delta_rss +0.0 MiB)
Clustering Statistics: 
----------   --------   ------------------------------------   --------------------------
Block Type   # Blocks   Avg. # of input clocks and pins used   Avg. # of output pins used
----------   --------   ------------------------------------   --------------------------
     EMPTY          0                                      0                            0   
        io        156                                    0.5                          0.5   
       clb         66                                21.9394                      10.1061   
       dsp          3                                43.3333                           38   
      bram          0                                      0                            0   
Absorbed logical nets 689 out of 1548 nets, 859 nets not absorbed.


Average number of bends per net: 4.51399  Maximum # of bends: 47

Number of global nets: 1
Number of routed nets (nonglobal): 858
Wire length results (in units of 1 clb segments)...
	Total wirelength: 16042, average net length: 18.6970
	Maximum net length: 283

Wire length results in terms of physical segments...
	Total wiring segments used: 5872, average wire segments per net: 6.84382
	Maximum segments used by a net: 106
	Total local nets with reserved CLB opins: 0
Total number of nets absorbed: 6

Routing channel utilization histogram:
[        1:      inf)     0 (  0.0%) |
[      0.9:        1)     0 (  0.0%) |
[      0.8:      0.9)     0 (  0.0%) |
[      0.7:      0.8)     0 (  0.0%) |
[      0.5:      0.6)     8 (  0.1%) |
[      0.4:      0.5)    24 (  0.2%) |
[      0.3:      0.4)    70 (  0.5%) |
[      0.2:      0.3)    52 (  0.4%) |
[      0.1:      0.2)    84 (  0.6%) |
[        0:      0.1) 14252 ( 98.4%) |*********************************************
Maximum routing channel utilization:      0.54 at (48,30)

X - Directed channels:   j max occ ave occ capacity
                      ---- ------- ------- --------
                         0       2   0.132      160
                         1      28   2.613      160
                         2       2   0.123      160
                         3       5   0.292      160
                         4      10   0.679      160
                         5       7   0.519      160
                         6       4   0.189      160
                         7       6   0.406      160
                         8      13   1.009      160
                         9       4   0.217      160
                        10       3   0.170      160
                        11       5   0.340      160
                        12       8   0.802      160
                        13       4   0.208      160
                        14       3   0.302      160
                        15       4   0.283      160
                        16       7   0.736      160
                        17       4   0.179      160
                        18       4   0.255      160
                        19       5   0.434      160
                        20       7   0.547      160
                        21       7   0.358      160
                        22       7   0.425      160
                        23       7   0.528      160
                        24      23   0.962      160
                        25       8   0.623      160
                        26      58   2.764      160
                        27      68   3.509      160
                        28      69   4.821      160
                        29      80   6.160      160
                        30      86   6.877      160
                        31      84   7.708      160
                        32      71   8.632      160
                        33      61   7.028      160
                        34      38   3.142      160
                        35       3   0.245      160
                        36       0   0.000      160
                        37       2   0.047      160
                        38       0   0.000      160
                        39       0   0.000      160
                        40       0   0.000      160
                        41       0   0.000      160
                        42       0   0.000      160
                        43       0   0.000      160
                        44       0   0.000      160
                        45       0   0.000      160
                        46       0   0.000      160
                        47       0   0.000      160
                        48       0   0.000      160
                        49       0   0.000      160
                        50       0   0.000      160
                        51       0   0.000      160
                        52       0   0.000      160
                        53       0   0.000      160
                        54       0   0.000      160
                        55       0   0.000      160
                        56       0   0.000      160
                        57       0   0.000      160
                        58       0   0.000      160
                        59       0   0.000      160
                        60       0   0.000      160
                        61       0   0.000      160
                        62       0   0.000      160
                        63       0   0.000      160
                        64       0   0.000      160
                        65       0   0.000      160
                        66       0   0.000      160
                        67       0   0.000      160
                        68       0   0.000      160
Y - Directed channels:   i max occ ave occ capacity
                      ---- ------- ------- --------
                         0       0   0.000      160
                         1       0   0.000      160
                         2       0   0.000      160
                         3       0   0.000      160
                         4       0   0.000      160
                         5       0   0.000      160
                         6       0   0.000      160
                         7       0   0.000      160
                         8       0   0.000      160
                         9       0   0.000      160
                        10       0   0.000      160
                        11       0   0.000      160
                        12       0   0.000      160
                        13       0   0.000      160
                        14       0   0.000      160
                        15       0   0.000      160
                        16       0   0.000      160
                        17       0   0.000      160
                        18       0   0.000      160
                        19       0   0.000      160
                        20       0   0.000      160
                        21       0   0.000      160
                        22       0   0.000      160
                        23       0   0.000      160
                        24       0   0.000      160
                        25       0   0.000      160
                        26       0   0.000      160
                        27       0   0.000      160
                        28       0   0.000      160
                        29       0   0.000      160
                        30       0   0.000      160
                        31       0   0.000      160
                        32       0   0.000      160
                        33       0   0.000      160
                        34       0   0.000      160
                        35       0   0.000      160
                        36       0   0.000      160
                        37       0   0.000      160
                        38       0   0.000      160
                        39       3   0.286      160
                        40       4   0.743      160
                        41      11   2.171      160
                        42      12   2.929      160
                        43      20   5.214      160
                        44      62  10.100      160
                        45      62   9.914      160
                        46      69  10.529      160
                        47      80  12.286      160
                        48      74  10.771      160
                        49      61  10.014      160
                        50      31   7.029      160
                        51      55   9.957      160
                        52      37   8.143      160
                        53      48   8.071      160
                        54      36   7.671      160
                        55      26   4.871      160
                        56      43   5.143      160
                        57      26   2.686      160
                        58      12   1.571      160
                        59      29   1.700      160
                        60       1   0.057      160
                        61       0   0.000      160
                        62       0   0.000      160
                        63       0   0.000      160
                        64       0   0.000      160
                        65       0   0.000      160
                        66       0   0.000      160
                        67       0   0.000      160
                        68       0   0.000      160
                        69       0   0.000      160
                        70       0   0.000      160
                        71       0   0.000      160
                        72       0   0.000      160
                        73       0   0.000      160
                        74       0   0.000      160
                        75       0   0.000      160
                        76       0   0.000      160
                        77       0   0.000      160
                        78       0   0.000      160
                        79       0   0.000      160
                        80       0   0.000      160
                        81       0   0.000      160
                        82       0   0.000      160
                        83       0   0.000      160
                        84       0   0.000      160
                        85       0   0.000      160
                        86       0   0.000      160
                        87       0   0.000      160
                        88       0   0.000      160
                        89       0   0.000      160
                        90       0   0.000      160
                        91       0   0.000      160
                        92       0   0.000      160
                        93       0   0.000      160
                        94       0   0.000      160
                        95       0   0.000      160
                        96       0   0.000      160
                        97       0   0.000      160
                        98       0   0.000      160
                        99       0   0.000      160
                       100       0   0.000      160
                       101       0   0.000      160
                       102       0   0.000      160
                       103       0   0.000      160
                       104       0   0.000      160

Total tracks in x-direction: 11040, in y-direction: 16800

Logic area (in minimum width transistor areas, excludes I/Os and empty grid tiles)...
	Total logic block area (Warning, need to add pitch of routing to blocks with height > 3): 4.98776e+08
	Total used logic block area: 5.201e+06

Routing area (in minimum width transistor areas)...
	Total routing area: 9.40852e+07, per logic tile: 12679.9

Total Number of Wiring Segments by Direction: direction length number
                                              --------- ------ -------
                                                      X      1 229632
                                                      Y      1 228480
                                                      X      4 236256
                                                      Y      4 238560

X - Directed Wiring Segment usage by length: length utilization
                                             ------ -----------
                                            1     0.00712
                                            4     0.00548

Y - Directed Wiring Segment usage by length: length utilization
                                             ------ -----------
                                            1     0.00363
                                            4     0.00886

Segment usage by type (index): name type utilization
                               ---- ---- -----------
                                 L1    0     0.00538
                                 L4    1     0.00718

Final hold Worst Negative Slack (hWNS): 0 ns
Final hold Total Negative Slack (hTNS): 0 ns

Final hold slack histogram:
[  1.4e-10:  4.4e-10) 304 ( 38.3%) |***********************************************
[  4.4e-10:  7.4e-10) 199 ( 25.1%) |*******************************
[  7.4e-10:    1e-09) 127 ( 16.0%) |********************
[    1e-09:  1.3e-09)  10 (  1.3%) |**
[  1.3e-09:  1.7e-09)   8 (  1.0%) |*
[  1.7e-09:    2e-09)  54 (  6.8%) |********
[    2e-09:  2.3e-09)  14 (  1.8%) |**
[  2.3e-09:  2.6e-09)   0 (  0.0%) |
[  2.6e-09:  2.9e-09)  22 (  2.8%) |***
[  2.9e-09:  3.2e-09)  56 (  7.1%) |*********

Final critical path delay (least slack): 3.61645 ns, Fmax: 276.514 MHz
Final setup Worst Negative Slack (sWNS): -3.61645 ns
Final setup Total Negative Slack (sTNS): -1704.77 ns

Final setup slack histogram:
[ -3.6e-09: -3.3e-09)  64 (  8.1%) |*********
[ -3.3e-09:   -3e-09)  40 (  5.0%) |******
[   -3e-09: -2.7e-09)  47 (  5.9%) |*******
[ -2.7e-09: -2.3e-09)  56 (  7.1%) |********
[ -2.3e-09:   -2e-09) 324 ( 40.8%) |***********************************************
[   -2e-09: -1.7e-09)  82 ( 10.3%) |************
[ -1.7e-09: -1.4e-09) 120 ( 15.1%) |*****************
[ -1.4e-09: -1.1e-09)   3 (  0.4%) |
[ -1.1e-09: -7.6e-10)  26 (  3.3%) |****
[ -7.6e-10: -4.4e-10)  32 (  4.0%) |*****

Final geomean non-virtual intra-domain period: 3.61645 ns (276.514 MHz)
Final fanout-weighted geomean non-virtual intra-domain period: 3.61645 ns (276.514 MHz)

Incr Slack updates 1 in 0.000596629 sec
Full Max Req/Worst Slack updates 1 in 0.000223253 sec
Incr Max Req/Worst Slack updates 0 in 0 sec
Incr Criticality updates 0 in 0 sec
Full Criticality updates 1 in 0.000454275 sec
Flow timing analysis took 0.0144378 seconds (0.0121726 STA, 0.00226518 slack) (2 full updates: 0 setup, 0 hold, 2 combined).
VPR succeeded
The entire flow of VPR took 36.42 seconds (max_rss 1098.9 MiB)
Incr Slack updates 1 in 0.000639164 sec
Full Max Req/Worst Slack updates 1 in 0.000144445 sec
Incr Max Req/Worst Slack updates 0 in 0 sec
Incr Criticality updates 0 in 0 sec
Full Criticality updates 1 in 0.000505023 sec
