/*******************************************************************************
Copyright (c) 2022 Rapid Silicon
This source code contains proprietary information belonging to Rapid Silicon
(the "licensor") released under license and non-disclosure agreement to the
recipient (the "licensee").

The information shared and protected by the license and non-disclosure agreement
includes but is not limited to the following:
* operational algorithms of the product
* logos, graphics, source code, and visual presentation of the product
* confidential operational information of the licensor

The recipient of this source code is NOT permitted to publicly disclose,
re-use, archive beyond the period of the license agreement, transfer to a
sub-licensee, or re-implement any portion of the content covered by the license
and non-disclosure agreement without the prior written consent of the licensor.

Portions of Raptor Design Suite are utilized under the following third-party copyright notices:

Parallax Static Timing Analyzer Copyright (c) 2021, Parallax Software, Inc. All rights reserved.
*********************************************************************************/

Version  : 2023.10
Build    : 0.8.45
Hash     : 147b5e5
Date     : Oct 24 2023
Type     : Engineering
Log Time   : Tue Oct 24 06:46:54 2023 GMT

[ 11:46:55 ] Analysis has started
[ 11:46:55 ] Command: /nfs_eda_sw/softwares/Raptor/instl_dir/10_24_2023_09_15_01/bin/yosys -s /nfs_scratch/scratch/CompilerValidation/zaheer_ahmad/test4/Compiler_Validation/RTL_testcases/titan_benchmarks/Cores-SweRV-EH2/jira/eh2_swerv/run_1/synth_1_1/analysis/eh2_swerv_analyzer.cmd
[ 11:46:56 ] Duration: 77 ms. Max utilization: 44 MB
[ 11:46:56 ] Analysis has started
[ 11:46:56 ] Command: /nfs_eda_sw/softwares/Raptor/instl_dir/10_24_2023_09_15_01/bin/yosys -s /nfs_scratch/scratch/CompilerValidation/zaheer_ahmad/test4/Compiler_Validation/RTL_testcases/titan_benchmarks/Cores-SweRV-EH2/jira/eh2_swerv/run_1/synth_1_1/analysis/eh2_swerv_analyzer.cmd
[ 11:47:41 ] Duration: 45165 ms. Max utilization: 1028 MB
