#Unconstrained setup timing startpoint/endpoint

timing_node_id node_type node_name
-------------- --------- ---------
13838 dffre tlu.tlumt[0].tlu.lsu_error_dc4ff.dout[36].Q[0]
13955 dffre decode.i0_csr_data_e1ff.genblock.dff.dffs.dout[0].Q[0]
13956 dffre decode.i0_csr_data_e1ff.genblock.dff.dffs.dout[1].Q[0]
13957 dffre decode.i0_csr_data_e1ff.genblock.dff.dffs.dout[2].Q[0]
13958 dffre decode.i0_csr_data_e1ff.genblock.dff.dffs.dout[3].Q[0]
13959 dffre decode.i0_csr_data_e1ff.genblock.dff.dffs.dout[4].Q[0]
13960 dffre decode.i0_csr_data_e1ff.genblock.dff.dffs.dout[5].Q[0]
13961 dffre decode.i0_csr_data_e1ff.genblock.dff.dffs.dout[6].Q[0]
13962 dffre decode.i0_csr_data_e1ff.genblock.dff.dffs.dout[7].Q[0]
13963 dffre decode.i0_csr_data_e1ff.genblock.dff.dffs.dout[8].Q[0]
13964 dffre decode.i0_csr_data_e1ff.genblock.dff.dffs.dout[9].Q[0]
13965 dffre decode.i0_csr_data_e1ff.genblock.dff.dffs.dout[10].Q[0]
13966 dffre decode.i0_csr_data_e1ff.genblock.dff.dffs.dout[11].Q[0]
13967 dffre decode.i0_csr_data_e1ff.genblock.dff.dffs.dout[12].Q[0]
13968 dffre decode.i0_csr_data_e1ff.genblock.dff.dffs.dout[13].Q[0]
13969 dffre decode.i0_csr_data_e1ff.genblock.dff.dffs.dout[14].Q[0]
13970 dffre decode.i0_csr_data_e1ff.genblock.dff.dffs.dout[15].Q[0]
13971 dffre decode.i0_csr_data_e1ff.genblock.dff.dffs.dout[16].Q[0]
13972 dffre decode.i0_csr_data_e1ff.genblock.dff.dffs.dout[17].Q[0]
13973 dffre decode.i0_csr_data_e1ff.genblock.dff.dffs.dout[18].Q[0]
13974 dffre decode.i0_csr_data_e1ff.genblock.dff.dffs.dout[19].Q[0]
13975 dffre decode.i0_csr_data_e1ff.genblock.dff.dffs.dout[20].Q[0]
13976 dffre decode.i0_csr_data_e1ff.genblock.dff.dffs.dout[21].Q[0]
13977 dffre decode.i0_csr_data_e1ff.genblock.dff.dffs.dout[22].Q[0]
13978 dffre decode.i0_csr_data_e1ff.genblock.dff.dffs.dout[23].Q[0]
13979 dffre decode.i0_csr_data_e1ff.genblock.dff.dffs.dout[24].Q[0]
13980 dffre decode.i0_csr_data_e1ff.genblock.dff.dffs.dout[25].Q[0]
13981 dffre decode.i0_csr_data_e1ff.genblock.dff.dffs.dout[26].Q[0]
13982 dffre decode.i0_csr_data_e1ff.genblock.dff.dffs.dout[27].Q[0]
13983 dffre decode.i0_csr_data_e1ff.genblock.dff.dffs.dout[28].Q[0]
13984 dffre decode.i0_csr_data_e1ff.genblock.dff.dffs.dout[29].Q[0]
13985 dffre decode.i0_csr_data_e1ff.genblock.dff.dffs.dout[30].Q[0]
13986 dffre decode.i0_csr_data_e1ff.genblock.dff.dffs.dout[31].Q[0]
13987 dffre decode.i0_csr_data_e1ff.genblock.dff.dffs.dout[32].Q[0]
13988 dffre decode.i0_csr_data_e1ff.genblock.dff.dffs.dout[33].Q[0]
13989 dffre decode.i0_csr_data_e1ff.genblock.dff.dffs.dout[34].Q[0]
13990 dffre decode.i0_csr_data_e1ff.genblock.dff.dffs.dout[35].Q[0]
13991 dffre decode.i0_csr_data_e1ff.genblock.dff.dffs.dout[36].Q[0]
14549 dffre decode.e4t_ff[0].Q[0]
14550 dffre decode.e4t_ff[1].Q[0]
14551 dffre decode.e4t_ff[2].Q[0]
14552 dffre decode.e4t_ff[3].Q[0]
14553 dffre decode.e4t_ff[4].Q[0]
14554 dffre decode.e4t_ff[5].Q[0]
14555 dffre decode.e4t_ff[6].Q[0]
14556 dffre decode.e4t_ff[7].Q[0]
14557 dffre decode.e4t_ff[8].Q[0]
14559 dffre decode.e4t_ff[13].Q[0]
14560 dffre decode.dec_tlu_packet_e4[14].Q[0]
14561 dffre decode.dec_tlu_packet_e4[15].Q[0]
14562 dffre decode.e4t_ff[16].Q[0]
14563 dffre decode.e4t_ff[17].Q[0]
14564 dffre decode.e4t_ff[18].Q[0]
14566 dffre decode.e4t_ff[26].Q[0]
14567 dffre decode.e4t_ff[27].Q[0]
14568 dffre decode.e4t_ff[28].Q[0]
14569 dffre decode.e4t_ff[29].Q[0]
14805 dffre decode.illegal[0].illegal_any_ff.genblock.dff.dffs.dout[0].Q[0]
14806 dffre decode.illegal[0].illegal_any_ff.genblock.dff.dffs.dout[1].Q[0]
14807 dffre decode.illegal[0].illegal_any_ff.genblock.dff.dffs.dout[2].Q[0]
14808 dffre decode.illegal[0].illegal_any_ff.genblock.dff.dffs.dout[3].Q[0]
14809 dffre decode.illegal[0].illegal_any_ff.genblock.dff.dffs.dout[4].Q[0]
14810 dffre decode.illegal[0].illegal_any_ff.genblock.dff.dffs.dout[5].Q[0]
14811 dffre decode.illegal[0].illegal_any_ff.genblock.dff.dffs.dout[6].Q[0]
14812 dffre decode.illegal[0].illegal_any_ff.genblock.dff.dffs.dout[7].Q[0]
14813 dffre decode.illegal[0].illegal_any_ff.genblock.dff.dffs.dout[8].Q[0]
14814 dffre decode.illegal[0].illegal_any_ff.genblock.dff.dffs.dout[9].Q[0]
14815 dffre decode.illegal[0].illegal_any_ff.genblock.dff.dffs.dout[10].Q[0]
14816 dffre decode.illegal[0].illegal_any_ff.genblock.dff.dffs.dout[11].Q[0]
14817 dffre decode.illegal[0].illegal_any_ff.genblock.dff.dffs.dout[12].Q[0]
14818 dffre decode.illegal[0].illegal_any_ff.genblock.dff.dffs.dout[13].Q[0]
14819 dffre decode.illegal[0].illegal_any_ff.genblock.dff.dffs.dout[14].Q[0]
14820 dffre decode.illegal[0].illegal_any_ff.genblock.dff.dffs.dout[15].Q[0]
14821 dffre decode.illegal[0].illegal_any_ff.genblock.dff.dffs.dout[16].Q[0]
14822 dffre decode.illegal[0].illegal_any_ff.genblock.dff.dffs.dout[17].Q[0]
14823 dffre decode.illegal[0].illegal_any_ff.genblock.dff.dffs.dout[18].Q[0]
14824 dffre decode.illegal[0].illegal_any_ff.genblock.dff.dffs.dout[19].Q[0]
14825 dffre decode.illegal[0].illegal_any_ff.genblock.dff.dffs.dout[20].Q[0]
14826 dffre decode.illegal[0].illegal_any_ff.genblock.dff.dffs.dout[21].Q[0]
14827 dffre decode.illegal[0].illegal_any_ff.genblock.dff.dffs.dout[22].Q[0]
14828 dffre decode.illegal[0].illegal_any_ff.genblock.dff.dffs.dout[23].Q[0]
14829 dffre decode.illegal[0].illegal_any_ff.genblock.dff.dffs.dout[24].Q[0]
14830 dffre decode.illegal[0].illegal_any_ff.genblock.dff.dffs.dout[25].Q[0]
14831 dffre decode.illegal[0].illegal_any_ff.genblock.dff.dffs.dout[26].Q[0]
14832 dffre decode.illegal[0].illegal_any_ff.genblock.dff.dffs.dout[27].Q[0]
14833 dffre decode.illegal[0].illegal_any_ff.genblock.dff.dffs.dout[28].Q[0]
14834 dffre decode.illegal[0].illegal_any_ff.genblock.dff.dffs.dout[29].Q[0]
14835 dffre decode.illegal[0].illegal_any_ff.genblock.dff.dffs.dout[30].Q[0]
14836 dffre decode.illegal[0].illegal_any_ff.genblock.dff.dffs.dout[31].Q[0]
15560 dffre tlu.lsu_dccm_errorff.dout.Q[0]
15569 dffre tlu.tlumt[0].tlu.mpc_debug_run_req_sync.Q[0]
15571 dffre tlu.tlumt[0].tlu.i_cpu_run_req_sync.Q[0]
15572 dffre tlu.tlumt[0].tlu.i_cpu_halt_req_sync.Q[0]
15573 dffre tlu.tlumt[0].tlu.soft_int_sync.Q[0]
15574 dffre tlu.tlumt[0].tlu.timer_int_sync.Q[0]
15640 dffre tlu.tlumt[0].tlu.mepc_trigger_hit_sel_pc_wb.Q[0]
91805 dffre decode.genblk2.fa_error_index[0].btberrorfa_f.dout[0].D[0]
91806 dffre decode.genblk2.fa_error_index[0].btberrorfa_f.dout[1].D[0]
91807 dffre decode.genblk2.fa_error_index[0].btberrorfa_f.dout[2].D[0]
91808 dffre decode.genblk2.fa_error_index[0].btberrorfa_f.dout[3].D[0]
91809 dffre decode.genblk2.fa_error_index[0].btberrorfa_f.dout[4].D[0]
91810 dffre decode.i0_pc4_e1.D[0]
91811 dffre decode.e1d[20].D[0]
91812 dffre decode.divff.genblock.dff.dffs.dout[1].D[0]
91813 dffre decode.e1d[21].D[0]
91814 dffre decode.divff.genblock.dff.dffs.dout[2].D[0]
91815 dffre decode.e1d[22].D[0]
91816 dffre decode.divff.genblock.dff.dffs.dout[3].D[0]
91817 dffre decode.e1d[23].D[0]
91818 dffre decode.divff.genblock.dff.dffs.dout[4].D[0]
91819 dffre decode.e1d[24].D[0]
91820 dffre decode.divff.genblock.dff.dffs.dout[5].D[0]
91821 dffre decode.i0_csr_data_e1ff.genblock.dff.dffs.dout[0].D[0]
91822 dffre decode.i0_csr_data_e1ff.genblock.dff.dffs.dout[1].D[0]
91823 dffre decode.i0_csr_data_e1ff.genblock.dff.dffs.dout[2].D[0]
91824 dffre decode.i0_csr_data_e1ff.genblock.dff.dffs.dout[3].D[0]
91825 dffre decode.i0_csr_data_e1ff.genblock.dff.dffs.dout[4].D[0]
91857 dffre decode.e1t[28].D[0]
91858 dffre decode.e1t[29].D[0]
91916 dffre decode.i1_pc4_e1.D[0]
91932 dffre decode.e1d[8].D[0]
91934 dffre decode.e1d[9].D[0]
91936 dffre decode.e1d[10].D[0]
91938 dffre decode.e1d[11].D[0]
91940 dffre decode.e1d[12].D[0]
93436 dffre tlu.tlumt[0].tlu.bundle_ff.genblock.dff.dffs.dout[11].D[0]
93437 dffre tlu.tlumt[0].tlu.bundle_ff.genblock.dff.dffs.dout[12].D[0]
93509 dffre $iopadmap$dec_extint_stall.D[0]
93735 dffre decode.illegal[0].illegal_any_ff.genblock.dff.dffs.dout[0].D[0]
93736 dffre decode.i0e1instff.genblock.dff.dffs.dout[0].D[0]
93737 dffre decode.illegal[0].illegal_any_ff.genblock.dff.dffs.dout[1].D[0]
93738 dffre decode.i0e1instff.genblock.dff.dffs.dout[1].D[0]
93739 dffre decode.illegal[0].illegal_any_ff.genblock.dff.dffs.dout[2].D[0]
93740 dffre decode.i0e1instff.genblock.dff.dffs.dout[2].D[0]
93741 dffre decode.illegal[0].illegal_any_ff.genblock.dff.dffs.dout[3].D[0]
93742 dffre decode.i0e1instff.genblock.dff.dffs.dout[3].D[0]
93743 dffre decode.illegal[0].illegal_any_ff.genblock.dff.dffs.dout[4].D[0]
93744 dffre decode.i0e1instff.genblock.dff.dffs.dout[4].D[0]
93745 dffre decode.illegal[0].illegal_any_ff.genblock.dff.dffs.dout[5].D[0]
93746 dffre decode.i0e1instff.genblock.dff.dffs.dout[5].D[0]
93747 dffre decode.illegal[0].illegal_any_ff.genblock.dff.dffs.dout[6].D[0]
93748 dffre decode.i0e1instff.genblock.dff.dffs.dout[6].D[0]
93749 dffre decode.illegal[0].illegal_any_ff.genblock.dff.dffs.dout[7].D[0]
93750 dffre decode.i0e1instff.genblock.dff.dffs.dout[7].D[0]
93751 dffre decode.illegal[0].illegal_any_ff.genblock.dff.dffs.dout[8].D[0]
93752 dffre decode.i0e1instff.genblock.dff.dffs.dout[8].D[0]
93753 dffre decode.illegal[0].illegal_any_ff.genblock.dff.dffs.dout[9].D[0]
93754 dffre decode.i0e1instff.genblock.dff.dffs.dout[9].D[0]
93755 dffre decode.illegal[0].illegal_any_ff.genblock.dff.dffs.dout[10].D[0]
93756 dffre decode.i0e1instff.genblock.dff.dffs.dout[10].D[0]
93757 dffre decode.illegal[0].illegal_any_ff.genblock.dff.dffs.dout[11].D[0]
93758 dffre decode.i0e1instff.genblock.dff.dffs.dout[11].D[0]
93759 dffre decode.illegal[0].illegal_any_ff.genblock.dff.dffs.dout[12].D[0]
93760 dffre decode.i0e1instff.genblock.dff.dffs.dout[12].D[0]
93761 dffre decode.illegal[0].illegal_any_ff.genblock.dff.dffs.dout[13].D[0]
93762 dffre decode.i0e1instff.genblock.dff.dffs.dout[13].D[0]
93763 dffre decode.illegal[0].illegal_any_ff.genblock.dff.dffs.dout[14].D[0]
93764 dffre decode.i0e1instff.genblock.dff.dffs.dout[14].D[0]
93765 dffre decode.illegal[0].illegal_any_ff.genblock.dff.dffs.dout[15].D[0]
93766 dffre decode.i0e1instff.genblock.dff.dffs.dout[15].D[0]
93767 dffre decode.illegal[0].illegal_any_ff.genblock.dff.dffs.dout[16].D[0]
93768 dffre decode.i0e1instff.genblock.dff.dffs.dout[16].D[0]
93769 dffre decode.illegal[0].illegal_any_ff.genblock.dff.dffs.dout[17].D[0]
93770 dffre decode.i0e1instff.genblock.dff.dffs.dout[17].D[0]
93771 dffre decode.illegal[0].illegal_any_ff.genblock.dff.dffs.dout[18].D[0]
93772 dffre decode.i0e1instff.genblock.dff.dffs.dout[18].D[0]
93773 dffre decode.illegal[0].illegal_any_ff.genblock.dff.dffs.dout[19].D[0]
93774 dffre decode.i0e1instff.genblock.dff.dffs.dout[19].D[0]
93775 dffre decode.illegal[0].illegal_any_ff.genblock.dff.dffs.dout[20].D[0]
93776 dffre decode.i0e1instff.genblock.dff.dffs.dout[20].D[0]
93777 dffre decode.illegal[0].illegal_any_ff.genblock.dff.dffs.dout[21].D[0]
93778 dffre decode.i0e1instff.genblock.dff.dffs.dout[21].D[0]
93779 dffre decode.illegal[0].illegal_any_ff.genblock.dff.dffs.dout[22].D[0]
93780 dffre decode.i0e1instff.genblock.dff.dffs.dout[22].D[0]
93781 dffre decode.illegal[0].illegal_any_ff.genblock.dff.dffs.dout[23].D[0]
93782 dffre decode.i0e1instff.genblock.dff.dffs.dout[23].D[0]
93783 dffre decode.illegal[0].illegal_any_ff.genblock.dff.dffs.dout[24].D[0]
93784 dffre decode.i0e1instff.genblock.dff.dffs.dout[24].D[0]
93785 dffre decode.illegal[0].illegal_any_ff.genblock.dff.dffs.dout[25].D[0]
93786 dffre decode.i0e1instff.genblock.dff.dffs.dout[25].D[0]
93787 dffre decode.illegal[0].illegal_any_ff.genblock.dff.dffs.dout[26].D[0]
93788 dffre decode.i0e1instff.genblock.dff.dffs.dout[26].D[0]
93789 dffre decode.illegal[0].illegal_any_ff.genblock.dff.dffs.dout[27].D[0]
93790 dffre decode.i0e1instff.genblock.dff.dffs.dout[27].D[0]
93791 dffre decode.illegal[0].illegal_any_ff.genblock.dff.dffs.dout[28].D[0]
93792 dffre decode.i0e1instff.genblock.dff.dffs.dout[28].D[0]
93793 dffre decode.illegal[0].illegal_any_ff.genblock.dff.dffs.dout[29].D[0]
93794 dffre decode.i0e1instff.genblock.dff.dffs.dout[29].D[0]
93795 dffre decode.illegal[0].illegal_any_ff.genblock.dff.dffs.dout[30].D[0]
93796 dffre decode.i0e1instff.genblock.dff.dffs.dout[30].D[0]
93797 dffre decode.illegal[0].illegal_any_ff.genblock.dff.dffs.dout[31].D[0]
93798 dffre decode.i0e1instff.genblock.dff.dffs.dout[31].D[0]
93799 dffre decode.i1e1instff.genblock.dff.dffs.dout[0].D[0]
93800 dffre decode.i1e1instff.genblock.dff.dffs.dout[1].D[0]
93801 dffre decode.i1e1instff.genblock.dff.dffs.dout[2].D[0]
93802 dffre decode.i1e1instff.genblock.dff.dffs.dout[3].D[0]
93803 dffre decode.i1e1instff.genblock.dff.dffs.dout[4].D[0]
93804 dffre decode.i1e1instff.genblock.dff.dffs.dout[5].D[0]
93805 dffre decode.i1e1instff.genblock.dff.dffs.dout[6].D[0]
93806 dffre decode.i1e1instff.genblock.dff.dffs.dout[7].D[0]
93807 dffre decode.i1e1instff.genblock.dff.dffs.dout[8].D[0]
93808 dffre decode.i1e1instff.genblock.dff.dffs.dout[9].D[0]
93809 dffre decode.i1e1instff.genblock.dff.dffs.dout[10].D[0]
93810 dffre decode.i1e1instff.genblock.dff.dffs.dout[11].D[0]
93811 dffre decode.i1e1instff.genblock.dff.dffs.dout[12].D[0]
93812 dffre decode.i1e1instff.genblock.dff.dffs.dout[13].D[0]
93813 dffre decode.i1e1instff.genblock.dff.dffs.dout[14].D[0]
93814 dffre decode.i1e1instff.genblock.dff.dffs.dout[15].D[0]
93815 dffre decode.i1e1instff.genblock.dff.dffs.dout[16].D[0]
93816 dffre decode.i1e1instff.genblock.dff.dffs.dout[17].D[0]
93817 dffre decode.i1e1instff.genblock.dff.dffs.dout[18].D[0]
93818 dffre decode.i1e1instff.genblock.dff.dffs.dout[19].D[0]
93819 dffre decode.i1e1instff.genblock.dff.dffs.dout[20].D[0]
93820 dffre decode.i1e1instff.genblock.dff.dffs.dout[21].D[0]
93821 dffre decode.i1e1instff.genblock.dff.dffs.dout[22].D[0]
93822 dffre decode.i1e1instff.genblock.dff.dffs.dout[23].D[0]
93823 dffre decode.i1e1instff.genblock.dff.dffs.dout[24].D[0]
93824 dffre decode.i1e1instff.genblock.dff.dffs.dout[25].D[0]
93825 dffre decode.i1e1instff.genblock.dff.dffs.dout[26].D[0]
93826 dffre decode.i1e1instff.genblock.dff.dffs.dout[27].D[0]
93827 dffre decode.i1e1instff.genblock.dff.dffs.dout[28].D[0]
93828 dffre decode.i1e1instff.genblock.dff.dffs.dout[29].D[0]
93829 dffre decode.i1e1instff.genblock.dff.dffs.dout[30].D[0]
93830 dffre decode.i1e1instff.genblock.dff.dffs.dout[31].D[0]
93832 dffre decode.e1d[7].D[0]
93834 dffre decode.e1d[67].D[0]
95418 dffre tlu.tlumt[0].tlu.forcehaltctr_ff.genblock.dff.dffs.dout[0].E[0]
95419 dffre tlu.tlumt[0].tlu.forcehaltctr_ff.genblock.dff.dffs.dout[1].E[0]
95420 dffre tlu.tlumt[0].tlu.forcehaltctr_ff.genblock.dff.dffs.dout[2].E[0]
95421 dffre tlu.tlumt[0].tlu.forcehaltctr_ff.genblock.dff.dffs.dout[3].E[0]
95422 dffre tlu.tlumt[0].tlu.forcehaltctr_ff.genblock.dff.dffs.dout[4].E[0]
95423 dffre tlu.tlumt[0].tlu.forcehaltctr_ff.genblock.dff.dffs.dout[5].E[0]
95424 dffre tlu.tlumt[0].tlu.forcehaltctr_ff.genblock.dff.dffs.dout[6].E[0]
95425 dffre tlu.tlumt[0].tlu.forcehaltctr_ff.genblock.dff.dffs.dout[7].E[0]
95426 dffre tlu.tlumt[0].tlu.forcehaltctr_ff.genblock.dff.dffs.dout[8].E[0]
95427 dffre tlu.tlumt[0].tlu.forcehaltctr_ff.genblock.dff.dffs.dout[9].E[0]
95428 dffre tlu.tlumt[0].tlu.forcehaltctr_ff.genblock.dff.dffs.dout[10].E[0]
95429 dffre tlu.tlumt[0].tlu.forcehaltctr_ff.genblock.dff.dffs.dout[11].E[0]
95430 dffre tlu.tlumt[0].tlu.forcehaltctr_ff.genblock.dff.dffs.dout[12].E[0]
95431 dffre tlu.tlumt[0].tlu.forcehaltctr_ff.genblock.dff.dffs.dout[13].E[0]
95432 dffre tlu.tlumt[0].tlu.forcehaltctr_ff.genblock.dff.dffs.dout[14].E[0]
95433 dffre tlu.tlumt[0].tlu.forcehaltctr_ff.genblock.dff.dffs.dout[15].E[0]
95434 dffre tlu.tlumt[0].tlu.forcehaltctr_ff.genblock.dff.dffs.dout[16].E[0]
95435 dffre tlu.tlumt[0].tlu.forcehaltctr_ff.genblock.dff.dffs.dout[17].E[0]
95436 dffre tlu.tlumt[0].tlu.forcehaltctr_ff.genblock.dff.dffs.dout[18].E[0]
95437 dffre tlu.tlumt[0].tlu.forcehaltctr_ff.genblock.dff.dffs.dout[19].E[0]
95438 dffre tlu.tlumt[0].tlu.forcehaltctr_ff.genblock.dff.dffs.dout[20].E[0]
95439 dffre tlu.tlumt[0].tlu.forcehaltctr_ff.genblock.dff.dffs.dout[21].E[0]
95440 dffre tlu.tlumt[0].tlu.forcehaltctr_ff.genblock.dff.dffs.dout[22].E[0]
95441 dffre tlu.tlumt[0].tlu.forcehaltctr_ff.genblock.dff.dffs.dout[23].E[0]
95442 dffre tlu.tlumt[0].tlu.forcehaltctr_ff.genblock.dff.dffs.dout[24].E[0]
95443 dffre tlu.tlumt[0].tlu.forcehaltctr_ff.genblock.dff.dffs.dout[25].E[0]
95444 dffre tlu.tlumt[0].tlu.forcehaltctr_ff.genblock.dff.dffs.dout[26].E[0]
95445 dffre tlu.tlumt[0].tlu.forcehaltctr_ff.genblock.dff.dffs.dout[27].E[0]
95446 dffre tlu.tlumt[0].tlu.forcehaltctr_ff.genblock.dff.dffs.dout[28].E[0]
95447 dffre tlu.tlumt[0].tlu.forcehaltctr_ff.genblock.dff.dffs.dout[29].E[0]
95448 dffre tlu.tlumt[0].tlu.forcehaltctr_ff.genblock.dff.dffs.dout[30].E[0]
95449 dffre tlu.tlumt[0].tlu.forcehaltctr_ff.genblock.dff.dffs.dout[31].E[0]
95461 dffre tlu.tlumt[0].tlu.exctype_wb_ff.genblock.dff.dffs.dout[1].D[0]
95462 dffre tlu.tlumt[0].tlu.inst_acc_second_wb.D[0]
95463 dffre tlu.tlumt[0].tlu.exctype_wb_ff.genblock.dff.dffs.dout[0].D[0]
95533 dffre $iopadmap$trigger_pkt_any[1].D[0]
95536 dffre tlu.tlumt[0].tlu.mtdata2_t1_ff.genblock.dff.dffs.dout[1].D[0]
95537 dffre tlu.tlumt[0].tlu.mscratch_ff.genblock.dff.dffs.dout[1].D[0]
95538 dffre tlu.tlumt[0].tlu.mtdata2_t3_ff.genblock.dff.dffs.dout[1].D[0]
95539 dffre tlu.tlumt[0].tlu.mtdata2_t2_ff.genblock.dff.dffs.dout[1].D[0]
95540 dffre tlu.tlumt[0].tlu.mtdata1_t3_ff.genblock.dff.dffs.dout[1].D[0]
95542 dffre $iopadmap$trigger_pkt_any[35].D[0]
95543 dffre tlu.tlumt[0].tlu.mtdata1_t1_ff.genblock.dff.dffs.dout[1].D[0]
95544 dffre tlu.tlumt[0].tlu.mtdata1_t2_ff.genblock.dff.dffs.dout[1].D[0]
95545 dffre $iopadmap$dec_tlu_meicurpl[1].D[0]
95546 dffre tlu.tlumt[0].tlu.mtsel_ff.dout[1].D[0]
95547 dffre tlu.tlumt[0].tlu.int_timers.internal_timers.mitctl1_ff.dffs.dout[2].D[0]
95548 dffre tlu.tlumt[0].tlu.int_timers.internal_timers.mitctl0_ff.dffs.dout[1].D[0]
95549 dffre tlu.tlumt[0].tlu.mtvec_ff.genblock.dff.dffs.dout[1].D[0]
95550 dffre $iopadmap$trigger_pkt_any[2].D[0]
95553 dffre tlu.tlumt[0].tlu.mtdata2_t1_ff.genblock.dff.dffs.dout[2].D[0]
95554 dffre tlu.tlumt[0].tlu.mscratch_ff.genblock.dff.dffs.dout[2].D[0]
95555 dffre tlu.tlumt[0].tlu.mtdata2_t3_ff.genblock.dff.dffs.dout[2].D[0]
95556 dffre tlu.tlumt[0].tlu.mtdata2_t2_ff.genblock.dff.dffs.dout[2].D[0]
95558 dffre tlu.tlumt[0].tlu.mcountinhibit_ff.dffs.dout[1].D[0]
95560 dffre $iopadmap$dec_tlu_meicurpl[2].D[0]
95561 dffre tlu.tlumt[0].tlu.int_timers.internal_timers.mitctl1_ff.dffs.dout[3].D[0]
95562 dffre tlu.tlumt[0].tlu.int_timers.internal_timers.mitctl0_ff.dffs.dout[2].D[0]
95563 dffre tlu.tlumt[0].tlu.mtvec_ff.genblock.dff.dffs.dout[2].D[0]
95564 dffre $iopadmap$trigger_pkt_any[3].D[0]
95568 dffre tlu.tlumt[0].tlu.mtdata2_t1_ff.genblock.dff.dffs.dout[3].D[0]
95569 dffre tlu.tlumt[0].tlu.mscratch_ff.genblock.dff.dffs.dout[3].D[0]
95570 dffre tlu.tlumt[0].tlu.mtdata2_t3_ff.genblock.dff.dffs.dout[3].D[0]
95571 dffre tlu.tlumt[0].tlu.mtdata2_t2_ff.genblock.dff.dffs.dout[3].D[0]
95572 dffre $iopadmap$dec_tlu_ic_diag_pkt[2].D[0]
95574 dffre tlu.tlumt[0].tlu.mcountinhibit_ff.dffs.dout[2].D[0]
95575 dffre $iopadmap$dec_tlu_meicurpl[3].D[0]
95576 dffre tlu.tlumt[0].tlu.int_timers.internal_timers.mitctl1_ff.dffs.dout[4].D[0]
95577 dffre tlu.tlumt[0].tlu.mtvec_ff.genblock.dff.dffs.dout[3].D[0]
95578 dffre $iopadmap$trigger_pkt_any[4].D[0]
95580 dffre tlu.tlumt[0].tlu.mtdata2_t1_ff.genblock.dff.dffs.dout[4].D[0]
95581 dffre tlu.tlumt[0].tlu.mscratch_ff.genblock.dff.dffs.dout[4].D[0]
95582 dffre tlu.tlumt[0].tlu.mtdata2_t3_ff.genblock.dff.dffs.dout[4].D[0]
95583 dffre tlu.tlumt[0].tlu.mtdata2_t2_ff.genblock.dff.dffs.dout[4].D[0]
95584 dffre $iopadmap$dec_tlu_ic_diag_pkt[3].D[0]
95586 dffre tlu.tlumt[0].tlu.mcountinhibit_ff.dffs.dout[3].D[0]
95587 dffre tlu.tlumt[0].tlu.mtvec_ff.genblock.dff.dffs.dout[4].D[0]
95588 dffre $iopadmap$trigger_pkt_any[5].D[0]
95591 dffre tlu.tlumt[0].tlu.mtdata2_t1_ff.genblock.dff.dffs.dout[5].D[0]
95592 dffre tlu.tlumt[0].tlu.mscratch_ff.genblock.dff.dffs.dout[5].D[0]
95593 dffre tlu.tlumt[0].tlu.mtdata2_t3_ff.genblock.dff.dffs.dout[5].D[0]
95594 dffre tlu.tlumt[0].tlu.mtdata2_t2_ff.genblock.dff.dffs.dout[5].D[0]
95595 dffre $iopadmap$dec_tlu_ic_diag_pkt[4].D[0]
95597 dffre tlu.tlumt[0].tlu.mcountinhibit_ff.dffs.dout[4].D[0]
95598 dffre tlu.tlumt[0].tlu.mtvec_ff.genblock.dff.dffs.dout[5].D[0]
95599 dffre $iopadmap$trigger_pkt_any[6].D[0]
95600 dffre tlu.tlumt[0].tlu.mtdata2_t1_ff.genblock.dff.dffs.dout[6].D[0]
95601 dffre tlu.tlumt[0].tlu.mscratch_ff.genblock.dff.dffs.dout[6].D[0]
95602 dffre tlu.tlumt[0].tlu.mtdata2_t3_ff.genblock.dff.dffs.dout[6].D[0]
95603 dffre tlu.tlumt[0].tlu.mtdata2_t2_ff.genblock.dff.dffs.dout[6].D[0]
95604 dffre $iopadmap$dec_tlu_ic_diag_pkt[5].D[0]
95605 dffre tlu.tlumt[0].tlu.mtdata1_t3_ff.genblock.dff.dffs.dout[3].D[0]
95607 dffre $iopadmap$trigger_pkt_any[32].D[0]
95608 dffre tlu.tlumt[0].tlu.mtdata1_t1_ff.genblock.dff.dffs.dout[3].D[0]
95609 dffre tlu.tlumt[0].tlu.mcountinhibit_ff.dffs.dout[5].D[0]
95610 dffre tlu.tlumt[0].tlu.mtdata1_t2_ff.genblock.dff.dffs.dout[3].D[0]
95611 dffre tlu.tlumt[0].tlu.mtvec_ff.genblock.dff.dffs.dout[6].D[0]
95612 dffre $iopadmap$trigger_pkt_any[7].D[0]
95614 dffre tlu.tlumt[0].tlu.mtdata2_t1_ff.genblock.dff.dffs.dout[7].D[0]
95615 dffre tlu.tlumt[0].tlu.mscratch_ff.genblock.dff.dffs.dout[7].D[0]
95616 dffre tlu.tlumt[0].tlu.mtdata2_t3_ff.genblock.dff.dffs.dout[7].D[0]
95617 dffre tlu.tlumt[0].tlu.mtdata2_t2_ff.genblock.dff.dffs.dout[7].D[0]
95618 dffre $iopadmap$dec_tlu_ic_diag_pkt[6].D[0]
95619 dffre tlu.tlumt[0].tlu.mtdata1_t3_ff.genblock.dff.dffs.dout[4].D[0]
95621 dffre dec_trigger.genblk1[0].trigger_i0_match.masken.D[0]
95622 dffre tlu.tlumt[0].tlu.mtdata1_t1_ff.genblock.dff.dffs.dout[4].D[0]
95623 dffre tlu.tlumt[0].tlu.mtdata1_t2_ff.genblock.dff.dffs.dout[4].D[0]
95624 dffre tlu.tlumt[0].tlu.mtvec_ff.genblock.dff.dffs.dout[7].D[0]
95625 dffre $iopadmap$trigger_pkt_any[8].D[0]
95627 dffre tlu.tlumt[0].tlu.mtdata2_t1_ff.genblock.dff.dffs.dout[8].D[0]
95628 dffre tlu.tlumt[0].tlu.mscratch_ff.genblock.dff.dffs.dout[8].D[0]
95629 dffre tlu.tlumt[0].tlu.mtdata2_t3_ff.genblock.dff.dffs.dout[8].D[0]
95630 dffre tlu.tlumt[0].tlu.mtdata2_t2_ff.genblock.dff.dffs.dout[8].D[0]
95631 dffre $iopadmap$dec_tlu_ic_diag_pkt[7].D[0]
95633 dffre tlu.tlumt[0].tlu.mtvec_ff.genblock.dff.dffs.dout[8].D[0]
95634 dffre $iopadmap$trigger_pkt_any[9].D[0]
95637 dffre tlu.tlumt[0].tlu.mtdata2_t1_ff.genblock.dff.dffs.dout[9].D[0]
95638 dffre tlu.tlumt[0].tlu.mscratch_ff.genblock.dff.dffs.dout[9].D[0]
95639 dffre tlu.tlumt[0].tlu.mtdata2_t3_ff.genblock.dff.dffs.dout[9].D[0]
95640 dffre tlu.tlumt[0].tlu.mtdata2_t2_ff.genblock.dff.dffs.dout[9].D[0]
95641 dffre $iopadmap$dec_tlu_ic_diag_pkt[8].D[0]
95642 dffre tlu.tlumt[0].tlu.mtvec_ff.genblock.dff.dffs.dout[9].D[0]
95643 dffre $iopadmap$trigger_pkt_any[10].D[0]
95645 dffre tlu.tlumt[0].tlu.mtdata2_t1_ff.genblock.dff.dffs.dout[10].D[0]
95646 dffre $iopadmap$dec_tlu_meihap[10].D[0]
95647 dffre tlu.tlumt[0].tlu.mscratch_ff.genblock.dff.dffs.dout[10].D[0]
95648 dffre tlu.tlumt[0].tlu.mtdata2_t3_ff.genblock.dff.dffs.dout[10].D[0]
95649 dffre tlu.tlumt[0].tlu.mtdata2_t2_ff.genblock.dff.dffs.dout[10].D[0]
95650 dffre $iopadmap$dec_tlu_ic_diag_pkt[9].D[0]
95652 dffre tlu.tlumt[0].tlu.mtvec_ff.genblock.dff.dffs.dout[10].D[0]
95653 dffre $iopadmap$trigger_pkt_any[11].D[0]
95656 dffre tlu.tlumt[0].tlu.mtdata2_t1_ff.genblock.dff.dffs.dout[11].D[0]
95657 dffre $iopadmap$dec_tlu_meihap[11].D[0]
95658 dffre tlu.tlumt[0].tlu.mscratch_ff.genblock.dff.dffs.dout[11].D[0]
95659 dffre tlu.tlumt[0].tlu.mtdata2_t3_ff.genblock.dff.dffs.dout[11].D[0]
95660 dffre tlu.tlumt[0].tlu.mtdata2_t2_ff.genblock.dff.dffs.dout[11].D[0]
95661 dffre $iopadmap$dec_tlu_ic_diag_pkt[10].D[0]
95663 dffre tlu.tlumt[0].tlu.mtvec_ff.genblock.dff.dffs.dout[11].D[0]
95664 dffre $iopadmap$trigger_pkt_any[12].D[0]
95666 dffre tlu.tlumt[0].tlu.mtdata2_t1_ff.genblock.dff.dffs.dout[12].D[0]
95667 dffre $iopadmap$dec_tlu_meihap[12].D[0]
95668 dffre tlu.tlumt[0].tlu.mscratch_ff.genblock.dff.dffs.dout[12].D[0]
95669 dffre tlu.tlumt[0].tlu.mtdata2_t3_ff.genblock.dff.dffs.dout[12].D[0]
95670 dffre tlu.tlumt[0].tlu.mtdata2_t2_ff.genblock.dff.dffs.dout[12].D[0]
95671 dffre $iopadmap$dec_tlu_ic_diag_pkt[11].D[0]
95672 dffre tlu.tlumt[0].tlu.mtvec_ff.genblock.dff.dffs.dout[12].D[0]
95673 dffre $iopadmap$trigger_pkt_any[13].D[0]
95675 dffre tlu.tlumt[0].tlu.mtdata2_t1_ff.genblock.dff.dffs.dout[13].D[0]
95676 dffre $iopadmap$dec_tlu_meihap[13].D[0]
95677 dffre tlu.tlumt[0].tlu.mscratch_ff.genblock.dff.dffs.dout[13].D[0]
95678 dffre tlu.tlumt[0].tlu.mtdata2_t3_ff.genblock.dff.dffs.dout[13].D[0]
95679 dffre tlu.tlumt[0].tlu.mtdata2_t2_ff.genblock.dff.dffs.dout[13].D[0]
95680 dffre $iopadmap$dec_tlu_ic_diag_pkt[12].D[0]
95681 dffre tlu.tlumt[0].tlu.mtvec_ff.genblock.dff.dffs.dout[13].D[0]
95682 dffre $iopadmap$trigger_pkt_any[14].D[0]
95683 dffre tlu.tlumt[0].tlu.mtdata2_t1_ff.genblock.dff.dffs.dout[14].D[0]
95684 dffre $iopadmap$dec_tlu_meihap[14].D[0]
95685 dffre tlu.tlumt[0].tlu.mscratch_ff.genblock.dff.dffs.dout[14].D[0]
95686 dffre tlu.tlumt[0].tlu.mtdata2_t3_ff.genblock.dff.dffs.dout[14].D[0]
95687 dffre tlu.tlumt[0].tlu.mtdata2_t2_ff.genblock.dff.dffs.dout[14].D[0]
95688 dffre $iopadmap$dec_tlu_ic_diag_pkt[13].D[0]
95689 dffre tlu.tlumt[0].tlu.mtvec_ff.genblock.dff.dffs.dout[14].D[0]
95690 dffre $iopadmap$trigger_pkt_any[15].D[0]
95692 dffre tlu.tlumt[0].tlu.mtdata2_t1_ff.genblock.dff.dffs.dout[15].D[0]
95693 dffre $iopadmap$dec_tlu_meihap[15].D[0]
95694 dffre tlu.tlumt[0].tlu.mscratch_ff.genblock.dff.dffs.dout[15].D[0]
95695 dffre tlu.tlumt[0].tlu.mtdata2_t3_ff.genblock.dff.dffs.dout[15].D[0]
95696 dffre tlu.tlumt[0].tlu.mtdata2_t2_ff.genblock.dff.dffs.dout[15].D[0]
95697 dffre $iopadmap$dec_tlu_ic_diag_pkt[14].D[0]
95699 dffre tlu.tlumt[0].tlu.mtvec_ff.genblock.dff.dffs.dout[15].D[0]
95700 dffre $iopadmap$trigger_pkt_any[16].D[0]
95701 dffre tlu.tlumt[0].tlu.mtdata2_t1_ff.genblock.dff.dffs.dout[16].D[0]
95702 dffre $iopadmap$dec_tlu_meihap[16].D[0]
95703 dffre tlu.tlumt[0].tlu.mscratch_ff.genblock.dff.dffs.dout[16].D[0]
95704 dffre tlu.tlumt[0].tlu.mtdata2_t3_ff.genblock.dff.dffs.dout[16].D[0]
95705 dffre tlu.tlumt[0].tlu.mtdata2_t2_ff.genblock.dff.dffs.dout[16].D[0]
95706 dffre $iopadmap$dec_tlu_ic_diag_pkt[15].D[0]
95707 dffre tlu.tlumt[0].tlu.mtvec_ff.genblock.dff.dffs.dout[16].D[0]
95708 dffre $iopadmap$trigger_pkt_any[17].D[0]
95710 dffre tlu.tlumt[0].tlu.mtdata2_t1_ff.genblock.dff.dffs.dout[17].D[0]
95711 dffre $iopadmap$dec_tlu_meihap[17].D[0]
95712 dffre tlu.tlumt[0].tlu.mscratch_ff.genblock.dff.dffs.dout[17].D[0]
95713 dffre tlu.tlumt[0].tlu.mtdata2_t3_ff.genblock.dff.dffs.dout[17].D[0]
95714 dffre tlu.tlumt[0].tlu.mtdata2_t2_ff.genblock.dff.dffs.dout[17].D[0]
95715 dffre tlu.tlumt[0].tlu.mtvec_ff.genblock.dff.dffs.dout[17].D[0]
95716 dffre $iopadmap$trigger_pkt_any[18].D[0]
95717 dffre tlu.tlumt[0].tlu.mtdata2_t1_ff.genblock.dff.dffs.dout[18].D[0]
95718 dffre $iopadmap$dec_tlu_meihap[18].D[0]
95719 dffre tlu.tlumt[0].tlu.mscratch_ff.genblock.dff.dffs.dout[18].D[0]
95720 dffre tlu.tlumt[0].tlu.mtdata2_t3_ff.genblock.dff.dffs.dout[18].D[0]
95721 dffre tlu.tlumt[0].tlu.mtdata2_t2_ff.genblock.dff.dffs.dout[18].D[0]
95722 dffre tlu.tlumt[0].tlu.mtvec_ff.genblock.dff.dffs.dout[18].D[0]
95723 dffre $iopadmap$trigger_pkt_any[19].D[0]
95725 dffre tlu.tlumt[0].tlu.mtdata2_t1_ff.genblock.dff.dffs.dout[19].D[0]
95726 dffre $iopadmap$dec_tlu_meihap[19].D[0]
95727 dffre tlu.tlumt[0].tlu.mscratch_ff.genblock.dff.dffs.dout[19].D[0]
95728 dffre tlu.tlumt[0].tlu.mtdata2_t3_ff.genblock.dff.dffs.dout[19].D[0]
95729 dffre tlu.tlumt[0].tlu.mtdata2_t2_ff.genblock.dff.dffs.dout[19].D[0]
95730 dffre tlu.tlumt[0].tlu.mtdata1_t3_ff.genblock.dff.dffs.dout[7].D[0]
95731 dffre $iopadmap$trigger_pkt_any[37].D[0]
95732 dffre tlu.tlumt[0].tlu.mtdata1_t1_ff.genblock.dff.dffs.dout[7].D[0]
95733 dffre tlu.tlumt[0].tlu.mtdata1_t2_ff.genblock.dff.dffs.dout[7].D[0]
95734 dffre tlu.tlumt[0].tlu.mtvec_ff.genblock.dff.dffs.dout[19].D[0]
95735 dffre $iopadmap$trigger_pkt_any[20].D[0]
95736 dffre tlu.tlumt[0].tlu.mtdata2_t1_ff.genblock.dff.dffs.dout[20].D[0]
95737 dffre $iopadmap$dec_tlu_meihap[20].D[0]
95738 dffre tlu.tlumt[0].tlu.mscratch_ff.genblock.dff.dffs.dout[20].D[0]
95739 dffre tlu.tlumt[0].tlu.mtdata2_t3_ff.genblock.dff.dffs.dout[20].D[0]
95740 dffre tlu.tlumt[0].tlu.mtdata2_t2_ff.genblock.dff.dffs.dout[20].D[0]
95741 dffre $iopadmap$dec_tlu_ic_diag_pkt[16].D[0]
95742 dffre tlu.tlumt[0].tlu.mtvec_ff.genblock.dff.dffs.dout[20].D[0]
95743 dffre $iopadmap$trigger_pkt_any[21].D[0]
95745 dffre tlu.tlumt[0].tlu.mtdata2_t1_ff.genblock.dff.dffs.dout[21].D[0]
95746 dffre $iopadmap$dec_tlu_meihap[21].D[0]
95747 dffre tlu.tlumt[0].tlu.mscratch_ff.genblock.dff.dffs.dout[21].D[0]
95748 dffre tlu.tlumt[0].tlu.mtdata2_t3_ff.genblock.dff.dffs.dout[21].D[0]
95749 dffre tlu.tlumt[0].tlu.mtdata2_t2_ff.genblock.dff.dffs.dout[21].D[0]
95750 dffre $iopadmap$dec_tlu_ic_diag_pkt[17].D[0]
95751 dffre tlu.tlumt[0].tlu.mtvec_ff.genblock.dff.dffs.dout[21].D[0]
95752 dffre $iopadmap$trigger_pkt_any[22].D[0]
95753 dffre tlu.tlumt[0].tlu.mtdata2_t1_ff.genblock.dff.dffs.dout[22].D[0]
95754 dffre $iopadmap$dec_tlu_meihap[22].D[0]
95755 dffre tlu.tlumt[0].tlu.mscratch_ff.genblock.dff.dffs.dout[22].D[0]
95756 dffre tlu.tlumt[0].tlu.mtdata2_t3_ff.genblock.dff.dffs.dout[22].D[0]
95757 dffre tlu.tlumt[0].tlu.mtdata2_t2_ff.genblock.dff.dffs.dout[22].D[0]
95758 dffre tlu.tlumt[0].tlu.mtvec_ff.genblock.dff.dffs.dout[22].D[0]
95759 dffre $iopadmap$trigger_pkt_any[23].D[0]
95761 dffre tlu.tlumt[0].tlu.mtdata2_t1_ff.genblock.dff.dffs.dout[23].D[0]
95762 dffre $iopadmap$dec_tlu_meihap[23].D[0]
95763 dffre tlu.tlumt[0].tlu.mscratch_ff.genblock.dff.dffs.dout[23].D[0]
95764 dffre tlu.tlumt[0].tlu.mtdata2_t3_ff.genblock.dff.dffs.dout[23].D[0]
95765 dffre tlu.tlumt[0].tlu.mtdata2_t2_ff.genblock.dff.dffs.dout[23].D[0]
95766 dffre tlu.tlumt[0].tlu.mtvec_ff.genblock.dff.dffs.dout[23].D[0]
95767 dffre $iopadmap$trigger_pkt_any[24].D[0]
95768 dffre tlu.tlumt[0].tlu.mtdata2_t1_ff.genblock.dff.dffs.dout[24].D[0]
95769 dffre $iopadmap$dec_tlu_meihap[24].D[0]
95770 dffre tlu.tlumt[0].tlu.mscratch_ff.genblock.dff.dffs.dout[24].D[0]
95771 dffre tlu.tlumt[0].tlu.mtdata2_t3_ff.genblock.dff.dffs.dout[24].D[0]
95772 dffre tlu.tlumt[0].tlu.mtdata2_t2_ff.genblock.dff.dffs.dout[24].D[0]
95773 dffre $iopadmap$dec_tlu_ic_diag_pkt[18].D[0]
95774 dffre tlu.tlumt[0].tlu.mtvec_ff.genblock.dff.dffs.dout[24].D[0]
95775 dffre $iopadmap$trigger_pkt_any[25].D[0]
95777 dffre tlu.tlumt[0].tlu.mtdata2_t1_ff.genblock.dff.dffs.dout[25].D[0]
95778 dffre $iopadmap$dec_tlu_meihap[25].D[0]
95779 dffre tlu.tlumt[0].tlu.mscratch_ff.genblock.dff.dffs.dout[25].D[0]
95780 dffre tlu.tlumt[0].tlu.mtdata2_t3_ff.genblock.dff.dffs.dout[25].D[0]
95781 dffre tlu.tlumt[0].tlu.mtdata2_t2_ff.genblock.dff.dffs.dout[25].D[0]
95782 dffre tlu.tlumt[0].tlu.mtvec_ff.genblock.dff.dffs.dout[25].D[0]
95783 dffre $iopadmap$trigger_pkt_any[26].D[0]
95784 dffre tlu.tlumt[0].tlu.mtdata2_t1_ff.genblock.dff.dffs.dout[26].D[0]
95785 dffre $iopadmap$dec_tlu_meihap[26].D[0]
95786 dffre tlu.tlumt[0].tlu.mscratch_ff.genblock.dff.dffs.dout[26].D[0]
95787 dffre tlu.tlumt[0].tlu.mtdata2_t3_ff.genblock.dff.dffs.dout[26].D[0]
95788 dffre tlu.tlumt[0].tlu.mtdata2_t2_ff.genblock.dff.dffs.dout[26].D[0]
95789 dffre tlu.tlumt[0].tlu.mtvec_ff.genblock.dff.dffs.dout[26].D[0]
95790 dffre $iopadmap$trigger_pkt_any[27].D[0]
95792 dffre tlu.tlumt[0].tlu.mtdata2_t1_ff.genblock.dff.dffs.dout[27].D[0]
95793 dffre $iopadmap$dec_tlu_meihap[27].D[0]
95794 dffre tlu.tlumt[0].tlu.mscratch_ff.genblock.dff.dffs.dout[27].D[0]
95795 dffre tlu.tlumt[0].tlu.mtdata2_t3_ff.genblock.dff.dffs.dout[27].D[0]
95796 dffre tlu.tlumt[0].tlu.mtdata2_t2_ff.genblock.dff.dffs.dout[27].D[0]
95797 dffre tlu.tlumt[0].tlu.mtvec_ff.genblock.dff.dffs.dout[27].D[0]
95798 dffre $iopadmap$trigger_pkt_any[28].D[0]
95799 dffre tlu.tlumt[0].tlu.mtdata2_t1_ff.genblock.dff.dffs.dout[28].D[0]
95800 dffre $iopadmap$dec_tlu_meihap[28].D[0]
95801 dffre tlu.tlumt[0].tlu.mscratch_ff.genblock.dff.dffs.dout[28].D[0]
95802 dffre tlu.tlumt[0].tlu.mtdata2_t3_ff.genblock.dff.dffs.dout[28].D[0]
95803 dffre tlu.tlumt[0].tlu.mtdata2_t2_ff.genblock.dff.dffs.dout[28].D[0]
95804 dffre tlu.tlumt[0].tlu.mtvec_ff.genblock.dff.dffs.dout[28].D[0]
95805 dffre $iopadmap$trigger_pkt_any[29].D[0]
95807 dffre tlu.tlumt[0].tlu.mtdata2_t1_ff.genblock.dff.dffs.dout[29].D[0]
95808 dffre $iopadmap$dec_tlu_meihap[29].D[0]
95809 dffre tlu.tlumt[0].tlu.mscratch_ff.genblock.dff.dffs.dout[29].D[0]
95810 dffre tlu.tlumt[0].tlu.mtdata2_t3_ff.genblock.dff.dffs.dout[29].D[0]
95811 dffre tlu.tlumt[0].tlu.mtdata2_t2_ff.genblock.dff.dffs.dout[29].D[0]
95812 dffre tlu.tlumt[0].tlu.mtvec_ff.genblock.dff.dffs.dout[29].D[0]
95813 dffre $iopadmap$trigger_pkt_any[30].D[0]
95814 dffre tlu.tlumt[0].tlu.mtdata2_t1_ff.genblock.dff.dffs.dout[30].D[0]
95815 dffre $iopadmap$dec_tlu_meihap[30].D[0]
95816 dffre tlu.tlumt[0].tlu.mscratch_ff.genblock.dff.dffs.dout[30].D[0]
95817 dffre tlu.tlumt[0].tlu.mtdata2_t3_ff.genblock.dff.dffs.dout[30].D[0]
95818 dffre tlu.tlumt[0].tlu.mtdata2_t2_ff.genblock.dff.dffs.dout[30].D[0]
95822 dffre tlu.tlumt[0].tlu.mtvec_ff.genblock.dff.dffs.dout[30].D[0]
95823 dffre $iopadmap$trigger_pkt_any[31].D[0]
95825 dffre tlu.tlumt[0].tlu.mtdata2_t1_ff.genblock.dff.dffs.dout[31].D[0]
95826 dffre $iopadmap$dec_tlu_meihap[31].D[0]
95827 dffre tlu.tlumt[0].tlu.mscratch_ff.genblock.dff.dffs.dout[31].D[0]
95828 dffre tlu.tlumt[0].tlu.mtdata2_t3_ff.genblock.dff.dffs.dout[31].D[0]
95829 dffre tlu.tlumt[0].tlu.mtdata2_t2_ff.genblock.dff.dffs.dout[31].D[0]
95881 dffre decode.e1d[6].D[0]
96095 dffre decode.e1t[17].D[0]
96096 dffre decode.i0_csr_imm_e1.D[0]
96110 dffre decode.e1t[15].D[0]
96112 dffre $iopadmap$trace_rv_trace_pkt[0].E[0]
96113 dffre $iopadmap$trace_rv_trace_pkt[1].E[0]
96114 dffre $iopadmap$trace_rv_trace_pkt[2].E[0]
96115 dffre $iopadmap$trace_rv_trace_pkt[3].E[0]
96116 dffre $iopadmap$trace_rv_trace_pkt[4].E[0]
96117 dffre $iopadmap$trace_rv_trace_pkt[5].E[0]
96118 dffre $iopadmap$trace_rv_trace_pkt[6].E[0]
96119 dffre $iopadmap$trace_rv_trace_pkt[7].E[0]
96120 dffre $iopadmap$trace_rv_trace_pkt[8].E[0]
96121 dffre $iopadmap$trace_rv_trace_pkt[9].E[0]
96122 dffre $iopadmap$trace_rv_trace_pkt[10].E[0]
96123 dffre $iopadmap$trace_rv_trace_pkt[11].E[0]
96124 dffre $iopadmap$trace_rv_trace_pkt[12].E[0]
96125 dffre $iopadmap$trace_rv_trace_pkt[13].E[0]
96126 dffre $iopadmap$trace_rv_trace_pkt[14].E[0]
96127 dffre $iopadmap$trace_rv_trace_pkt[15].E[0]
96128 dffre $iopadmap$trace_rv_trace_pkt[16].E[0]
96129 dffre $iopadmap$trace_rv_trace_pkt[17].E[0]
96130 dffre $iopadmap$trace_rv_trace_pkt[18].E[0]
96131 dffre $iopadmap$trace_rv_trace_pkt[19].E[0]
96132 dffre $iopadmap$trace_rv_trace_pkt[20].E[0]
96133 dffre $iopadmap$trace_rv_trace_pkt[21].E[0]
96134 dffre $iopadmap$trace_rv_trace_pkt[22].E[0]
96135 dffre $iopadmap$trace_rv_trace_pkt[23].E[0]
96136 dffre $iopadmap$trace_rv_trace_pkt[24].E[0]
96137 dffre $iopadmap$trace_rv_trace_pkt[25].E[0]
96138 dffre $iopadmap$trace_rv_trace_pkt[26].E[0]
96139 dffre $iopadmap$trace_rv_trace_pkt[27].E[0]
96140 dffre $iopadmap$trace_rv_trace_pkt[28].E[0]
96141 dffre $iopadmap$trace_rv_trace_pkt[29].E[0]
96142 dffre $iopadmap$trace_rv_trace_pkt[30].E[0]
96143 dffre $iopadmap$trace_rv_trace_pkt[31].E[0]
96144 dffre tlu.tlumt[0].tlu.mcause_ff.genblock.dff.dffs.dout[0].E[0]
96145 dffre tlu.tlumt[0].tlu.mcause_ff.genblock.dff.dffs.dout[1].E[0]
96146 dffre tlu.tlumt[0].tlu.mcause_ff.genblock.dff.dffs.dout[2].E[0]
96147 dffre tlu.tlumt[0].tlu.mcause_ff.genblock.dff.dffs.dout[3].E[0]
96148 dffre tlu.tlumt[0].tlu.mcause_ff.genblock.dff.dffs.dout[4].E[0]
96149 dffre tlu.tlumt[0].tlu.mcause_ff.genblock.dff.dffs.dout[5].E[0]
96150 dffre tlu.tlumt[0].tlu.mcause_ff.genblock.dff.dffs.dout[6].E[0]
96151 dffre tlu.tlumt[0].tlu.mcause_ff.genblock.dff.dffs.dout[7].E[0]
96152 dffre tlu.tlumt[0].tlu.mcause_ff.genblock.dff.dffs.dout[8].E[0]
96153 dffre tlu.tlumt[0].tlu.mcause_ff.genblock.dff.dffs.dout[9].E[0]
96154 dffre tlu.tlumt[0].tlu.mcause_ff.genblock.dff.dffs.dout[10].E[0]
96155 dffre tlu.tlumt[0].tlu.mcause_ff.genblock.dff.dffs.dout[11].E[0]
96156 dffre tlu.tlumt[0].tlu.mcause_ff.genblock.dff.dffs.dout[12].E[0]
96157 dffre tlu.tlumt[0].tlu.mcause_ff.genblock.dff.dffs.dout[13].E[0]
96158 dffre tlu.tlumt[0].tlu.mcause_ff.genblock.dff.dffs.dout[14].E[0]
96159 dffre tlu.tlumt[0].tlu.mcause_ff.genblock.dff.dffs.dout[15].E[0]
96160 dffre tlu.tlumt[0].tlu.mcause_ff.genblock.dff.dffs.dout[16].E[0]
96161 dffre tlu.tlumt[0].tlu.mcause_ff.genblock.dff.dffs.dout[17].E[0]
96162 dffre tlu.tlumt[0].tlu.mcause_ff.genblock.dff.dffs.dout[18].E[0]
96163 dffre tlu.tlumt[0].tlu.mcause_ff.genblock.dff.dffs.dout[19].E[0]
96164 dffre tlu.tlumt[0].tlu.mcause_ff.genblock.dff.dffs.dout[20].E[0]
96165 dffre tlu.tlumt[0].tlu.mcause_ff.genblock.dff.dffs.dout[21].E[0]
96166 dffre tlu.tlumt[0].tlu.mcause_ff.genblock.dff.dffs.dout[22].E[0]
96167 dffre tlu.tlumt[0].tlu.mcause_ff.genblock.dff.dffs.dout[23].E[0]
96168 dffre tlu.tlumt[0].tlu.mcause_ff.genblock.dff.dffs.dout[24].E[0]
96169 dffre tlu.tlumt[0].tlu.mcause_ff.genblock.dff.dffs.dout[25].E[0]
96170 dffre tlu.tlumt[0].tlu.mcause_ff.genblock.dff.dffs.dout[26].E[0]
96171 dffre tlu.tlumt[0].tlu.mcause_ff.genblock.dff.dffs.dout[27].E[0]
96172 dffre tlu.tlumt[0].tlu.mcause_ff.genblock.dff.dffs.dout[28].E[0]
96173 dffre tlu.tlumt[0].tlu.mcause_ff.genblock.dff.dffs.dout[29].E[0]
96174 dffre tlu.tlumt[0].tlu.mcause_ff.genblock.dff.dffs.dout[30].E[0]
96175 dffre tlu.tlumt[0].tlu.mcause_ff.genblock.dff.dffs.dout[31].E[0]
96176 dffre tlu.tlumt[0].tlu.mtvec_ff.genblock.dff.dffs.dout[0].E[0]
96177 dffre tlu.tlumt[0].tlu.mtvec_ff.genblock.dff.dffs.dout[1].E[0]
96178 dffre tlu.tlumt[0].tlu.mtvec_ff.genblock.dff.dffs.dout[2].E[0]
96179 dffre tlu.tlumt[0].tlu.mtvec_ff.genblock.dff.dffs.dout[3].E[0]
96180 dffre tlu.tlumt[0].tlu.mtvec_ff.genblock.dff.dffs.dout[4].E[0]
96181 dffre tlu.tlumt[0].tlu.mtvec_ff.genblock.dff.dffs.dout[5].E[0]
96182 dffre tlu.tlumt[0].tlu.mtvec_ff.genblock.dff.dffs.dout[6].E[0]
96183 dffre tlu.tlumt[0].tlu.mtvec_ff.genblock.dff.dffs.dout[7].E[0]
96184 dffre tlu.tlumt[0].tlu.mtvec_ff.genblock.dff.dffs.dout[8].E[0]
96185 dffre tlu.tlumt[0].tlu.mtvec_ff.genblock.dff.dffs.dout[9].E[0]
96186 dffre tlu.tlumt[0].tlu.mtvec_ff.genblock.dff.dffs.dout[10].E[0]
96187 dffre tlu.tlumt[0].tlu.mtvec_ff.genblock.dff.dffs.dout[11].E[0]
96188 dffre tlu.tlumt[0].tlu.mtvec_ff.genblock.dff.dffs.dout[12].E[0]
96189 dffre tlu.tlumt[0].tlu.mtvec_ff.genblock.dff.dffs.dout[13].E[0]
96190 dffre tlu.tlumt[0].tlu.mtvec_ff.genblock.dff.dffs.dout[14].E[0]
96191 dffre tlu.tlumt[0].tlu.mtvec_ff.genblock.dff.dffs.dout[15].E[0]
96192 dffre tlu.tlumt[0].tlu.mtvec_ff.genblock.dff.dffs.dout[16].E[0]
96193 dffre tlu.tlumt[0].tlu.mtvec_ff.genblock.dff.dffs.dout[17].E[0]
96194 dffre tlu.tlumt[0].tlu.mtvec_ff.genblock.dff.dffs.dout[18].E[0]
96195 dffre tlu.tlumt[0].tlu.mtvec_ff.genblock.dff.dffs.dout[19].E[0]
96196 dffre tlu.tlumt[0].tlu.mtvec_ff.genblock.dff.dffs.dout[20].E[0]
96197 dffre tlu.tlumt[0].tlu.mtvec_ff.genblock.dff.dffs.dout[21].E[0]
96198 dffre tlu.tlumt[0].tlu.mtvec_ff.genblock.dff.dffs.dout[22].E[0]
96199 dffre tlu.tlumt[0].tlu.mtvec_ff.genblock.dff.dffs.dout[23].E[0]
96200 dffre tlu.tlumt[0].tlu.mtvec_ff.genblock.dff.dffs.dout[24].E[0]
96201 dffre tlu.tlumt[0].tlu.mtvec_ff.genblock.dff.dffs.dout[25].E[0]
96202 dffre tlu.tlumt[0].tlu.mtvec_ff.genblock.dff.dffs.dout[26].E[0]
96203 dffre tlu.tlumt[0].tlu.mtvec_ff.genblock.dff.dffs.dout[27].E[0]
96204 dffre tlu.tlumt[0].tlu.mtvec_ff.genblock.dff.dffs.dout[28].E[0]
96205 dffre tlu.tlumt[0].tlu.mtvec_ff.genblock.dff.dffs.dout[29].E[0]
96206 dffre tlu.tlumt[0].tlu.mtvec_ff.genblock.dff.dffs.dout[30].E[0]
96207 dffre tlu.tlumt[0].tlu.minstreth_ff.genblock.dff.dffs.dout[0].E[0]
96208 dffre tlu.tlumt[0].tlu.minstreth_ff.genblock.dff.dffs.dout[1].E[0]
96209 dffre tlu.tlumt[0].tlu.minstreth_ff.genblock.dff.dffs.dout[2].E[0]
96210 dffre tlu.tlumt[0].tlu.minstreth_ff.genblock.dff.dffs.dout[3].E[0]
96211 dffre tlu.tlumt[0].tlu.minstreth_ff.genblock.dff.dffs.dout[4].E[0]
96212 dffre tlu.tlumt[0].tlu.minstreth_ff.genblock.dff.dffs.dout[5].E[0]
96213 dffre tlu.tlumt[0].tlu.minstreth_ff.genblock.dff.dffs.dout[6].E[0]
96214 dffre tlu.tlumt[0].tlu.minstreth_ff.genblock.dff.dffs.dout[7].E[0]
96215 dffre tlu.tlumt[0].tlu.minstreth_ff.genblock.dff.dffs.dout[8].E[0]
96216 dffre tlu.tlumt[0].tlu.minstreth_ff.genblock.dff.dffs.dout[9].E[0]
96217 dffre tlu.tlumt[0].tlu.minstreth_ff.genblock.dff.dffs.dout[10].E[0]
96218 dffre tlu.tlumt[0].tlu.minstreth_ff.genblock.dff.dffs.dout[11].E[0]
96219 dffre tlu.tlumt[0].tlu.minstreth_ff.genblock.dff.dffs.dout[12].E[0]
96220 dffre tlu.tlumt[0].tlu.minstreth_ff.genblock.dff.dffs.dout[13].E[0]
96221 dffre tlu.tlumt[0].tlu.minstreth_ff.genblock.dff.dffs.dout[14].E[0]
96222 dffre tlu.tlumt[0].tlu.minstreth_ff.genblock.dff.dffs.dout[15].E[0]
96223 dffre tlu.tlumt[0].tlu.minstreth_ff.genblock.dff.dffs.dout[16].E[0]
96224 dffre tlu.tlumt[0].tlu.minstreth_ff.genblock.dff.dffs.dout[17].E[0]
96225 dffre tlu.tlumt[0].tlu.minstreth_ff.genblock.dff.dffs.dout[18].E[0]
96226 dffre tlu.tlumt[0].tlu.minstreth_ff.genblock.dff.dffs.dout[19].E[0]
96227 dffre tlu.tlumt[0].tlu.minstreth_ff.genblock.dff.dffs.dout[20].E[0]
96228 dffre tlu.tlumt[0].tlu.minstreth_ff.genblock.dff.dffs.dout[21].E[0]
96229 dffre tlu.tlumt[0].tlu.minstreth_ff.genblock.dff.dffs.dout[22].E[0]
96230 dffre tlu.tlumt[0].tlu.minstreth_ff.genblock.dff.dffs.dout[23].E[0]
96231 dffre tlu.tlumt[0].tlu.minstreth_ff.genblock.dff.dffs.dout[24].E[0]
96232 dffre tlu.tlumt[0].tlu.minstreth_ff.genblock.dff.dffs.dout[25].E[0]
96233 dffre tlu.tlumt[0].tlu.minstreth_ff.genblock.dff.dffs.dout[26].E[0]
96234 dffre tlu.tlumt[0].tlu.minstreth_ff.genblock.dff.dffs.dout[27].E[0]
96235 dffre tlu.tlumt[0].tlu.minstreth_ff.genblock.dff.dffs.dout[28].E[0]
96236 dffre tlu.tlumt[0].tlu.minstreth_ff.genblock.dff.dffs.dout[29].E[0]
96237 dffre tlu.tlumt[0].tlu.minstreth_ff.genblock.dff.dffs.dout[30].E[0]
96238 dffre tlu.tlumt[0].tlu.minstreth_ff.genblock.dff.dffs.dout[31].E[0]
96271 dffre tlu.tlumt[0].tlu.int_timers.internal_timers.mitb0_ff.genblock.dff.dffs.dout[0].E[0]
96272 dffre tlu.tlumt[0].tlu.int_timers.internal_timers.mitb0_ff.genblock.dff.dffs.dout[1].E[0]
96273 dffre tlu.tlumt[0].tlu.int_timers.internal_timers.mitb0_ff.genblock.dff.dffs.dout[2].E[0]
96274 dffre tlu.tlumt[0].tlu.int_timers.internal_timers.mitb0_ff.genblock.dff.dffs.dout[3].E[0]
96275 dffre tlu.tlumt[0].tlu.int_timers.internal_timers.mitb0_ff.genblock.dff.dffs.dout[4].E[0]
96276 dffre tlu.tlumt[0].tlu.int_timers.internal_timers.mitb0_ff.genblock.dff.dffs.dout[5].E[0]
96277 dffre tlu.tlumt[0].tlu.int_timers.internal_timers.mitb0_ff.genblock.dff.dffs.dout[6].E[0]
96278 dffre tlu.tlumt[0].tlu.int_timers.internal_timers.mitb0_ff.genblock.dff.dffs.dout[7].E[0]
96279 dffre tlu.tlumt[0].tlu.int_timers.internal_timers.mitb0_ff.genblock.dff.dffs.dout[8].E[0]
96280 dffre tlu.tlumt[0].tlu.int_timers.internal_timers.mitb0_ff.genblock.dff.dffs.dout[9].E[0]
96281 dffre tlu.tlumt[0].tlu.int_timers.internal_timers.mitb0_ff.genblock.dff.dffs.dout[10].E[0]
96282 dffre tlu.tlumt[0].tlu.int_timers.internal_timers.mitb0_ff.genblock.dff.dffs.dout[11].E[0]
96283 dffre tlu.tlumt[0].tlu.int_timers.internal_timers.mitb0_ff.genblock.dff.dffs.dout[12].E[0]
96284 dffre tlu.tlumt[0].tlu.int_timers.internal_timers.mitb0_ff.genblock.dff.dffs.dout[13].E[0]
96285 dffre tlu.tlumt[0].tlu.int_timers.internal_timers.mitb0_ff.genblock.dff.dffs.dout[14].E[0]
96286 dffre tlu.tlumt[0].tlu.int_timers.internal_timers.mitb0_ff.genblock.dff.dffs.dout[15].E[0]
96287 dffre tlu.tlumt[0].tlu.int_timers.internal_timers.mitb0_ff.genblock.dff.dffs.dout[16].E[0]
96288 dffre tlu.tlumt[0].tlu.int_timers.internal_timers.mitb0_ff.genblock.dff.dffs.dout[17].E[0]
96289 dffre tlu.tlumt[0].tlu.int_timers.internal_timers.mitb0_ff.genblock.dff.dffs.dout[18].E[0]
96290 dffre tlu.tlumt[0].tlu.int_timers.internal_timers.mitb0_ff.genblock.dff.dffs.dout[19].E[0]
96291 dffre tlu.tlumt[0].tlu.int_timers.internal_timers.mitb0_ff.genblock.dff.dffs.dout[20].E[0]
96292 dffre tlu.tlumt[0].tlu.int_timers.internal_timers.mitb0_ff.genblock.dff.dffs.dout[21].E[0]
96293 dffre tlu.tlumt[0].tlu.int_timers.internal_timers.mitb0_ff.genblock.dff.dffs.dout[22].E[0]
96294 dffre tlu.tlumt[0].tlu.int_timers.internal_timers.mitb0_ff.genblock.dff.dffs.dout[23].E[0]
96295 dffre tlu.tlumt[0].tlu.int_timers.internal_timers.mitb0_ff.genblock.dff.dffs.dout[24].E[0]
96296 dffre tlu.tlumt[0].tlu.int_timers.internal_timers.mitb0_ff.genblock.dff.dffs.dout[25].E[0]
96297 dffre tlu.tlumt[0].tlu.int_timers.internal_timers.mitb0_ff.genblock.dff.dffs.dout[26].E[0]
96298 dffre tlu.tlumt[0].tlu.int_timers.internal_timers.mitb0_ff.genblock.dff.dffs.dout[27].E[0]
96299 dffre tlu.tlumt[0].tlu.int_timers.internal_timers.mitb0_ff.genblock.dff.dffs.dout[28].E[0]
96300 dffre tlu.tlumt[0].tlu.int_timers.internal_timers.mitb0_ff.genblock.dff.dffs.dout[29].E[0]
96301 dffre tlu.tlumt[0].tlu.int_timers.internal_timers.mitb0_ff.genblock.dff.dffs.dout[30].E[0]
96302 dffre tlu.tlumt[0].tlu.int_timers.internal_timers.mitb0_ff.genblock.dff.dffs.dout[31].E[0]
96335 dffre tlu.tlumt[0].tlu.int_timers.internal_timers.mitb1_ff.genblock.dff.dffs.dout[0].E[0]
96336 dffre tlu.tlumt[0].tlu.int_timers.internal_timers.mitb1_ff.genblock.dff.dffs.dout[1].E[0]
96337 dffre tlu.tlumt[0].tlu.int_timers.internal_timers.mitb1_ff.genblock.dff.dffs.dout[2].E[0]
96338 dffre tlu.tlumt[0].tlu.int_timers.internal_timers.mitb1_ff.genblock.dff.dffs.dout[3].E[0]
96339 dffre tlu.tlumt[0].tlu.int_timers.internal_timers.mitb1_ff.genblock.dff.dffs.dout[4].E[0]
96340 dffre tlu.tlumt[0].tlu.int_timers.internal_timers.mitb1_ff.genblock.dff.dffs.dout[5].E[0]
96341 dffre tlu.tlumt[0].tlu.int_timers.internal_timers.mitb1_ff.genblock.dff.dffs.dout[6].E[0]
96342 dffre tlu.tlumt[0].tlu.int_timers.internal_timers.mitb1_ff.genblock.dff.dffs.dout[7].E[0]
96343 dffre tlu.tlumt[0].tlu.int_timers.internal_timers.mitb1_ff.genblock.dff.dffs.dout[8].E[0]
96344 dffre tlu.tlumt[0].tlu.int_timers.internal_timers.mitb1_ff.genblock.dff.dffs.dout[9].E[0]
96345 dffre tlu.tlumt[0].tlu.int_timers.internal_timers.mitb1_ff.genblock.dff.dffs.dout[10].E[0]
96346 dffre tlu.tlumt[0].tlu.int_timers.internal_timers.mitb1_ff.genblock.dff.dffs.dout[11].E[0]
96347 dffre tlu.tlumt[0].tlu.int_timers.internal_timers.mitb1_ff.genblock.dff.dffs.dout[12].E[0]
96348 dffre tlu.tlumt[0].tlu.int_timers.internal_timers.mitb1_ff.genblock.dff.dffs.dout[13].E[0]
96349 dffre tlu.tlumt[0].tlu.int_timers.internal_timers.mitb1_ff.genblock.dff.dffs.dout[14].E[0]
96350 dffre tlu.tlumt[0].tlu.int_timers.internal_timers.mitb1_ff.genblock.dff.dffs.dout[15].E[0]
96351 dffre tlu.tlumt[0].tlu.int_timers.internal_timers.mitb1_ff.genblock.dff.dffs.dout[16].E[0]
96352 dffre tlu.tlumt[0].tlu.int_timers.internal_timers.mitb1_ff.genblock.dff.dffs.dout[17].E[0]
96353 dffre tlu.tlumt[0].tlu.int_timers.internal_timers.mitb1_ff.genblock.dff.dffs.dout[18].E[0]
96354 dffre tlu.tlumt[0].tlu.int_timers.internal_timers.mitb1_ff.genblock.dff.dffs.dout[19].E[0]
96355 dffre tlu.tlumt[0].tlu.int_timers.internal_timers.mitb1_ff.genblock.dff.dffs.dout[20].E[0]
96356 dffre tlu.tlumt[0].tlu.int_timers.internal_timers.mitb1_ff.genblock.dff.dffs.dout[21].E[0]
96357 dffre tlu.tlumt[0].tlu.int_timers.internal_timers.mitb1_ff.genblock.dff.dffs.dout[22].E[0]
96358 dffre tlu.tlumt[0].tlu.int_timers.internal_timers.mitb1_ff.genblock.dff.dffs.dout[23].E[0]
96359 dffre tlu.tlumt[0].tlu.int_timers.internal_timers.mitb1_ff.genblock.dff.dffs.dout[24].E[0]
96360 dffre tlu.tlumt[0].tlu.int_timers.internal_timers.mitb1_ff.genblock.dff.dffs.dout[25].E[0]
96361 dffre tlu.tlumt[0].tlu.int_timers.internal_timers.mitb1_ff.genblock.dff.dffs.dout[26].E[0]
96362 dffre tlu.tlumt[0].tlu.int_timers.internal_timers.mitb1_ff.genblock.dff.dffs.dout[27].E[0]
96363 dffre tlu.tlumt[0].tlu.int_timers.internal_timers.mitb1_ff.genblock.dff.dffs.dout[28].E[0]
96364 dffre tlu.tlumt[0].tlu.int_timers.internal_timers.mitb1_ff.genblock.dff.dffs.dout[29].E[0]
96365 dffre tlu.tlumt[0].tlu.int_timers.internal_timers.mitb1_ff.genblock.dff.dffs.dout[30].E[0]
96366 dffre tlu.tlumt[0].tlu.int_timers.internal_timers.mitb1_ff.genblock.dff.dffs.dout[31].E[0]
96375 dffre tlu.tlumt[0].tlu.int_timers.internal_timers.mitctl0_ff.dffs.dout[1].E[0]
96376 dffre tlu.tlumt[0].tlu.int_timers.internal_timers.mitctl0_ff.dffs.dout[2].E[0]
96377 dffre tlu.tlumt[0].tlu.int_timers.mitctl0_0_b.E[0]
96378 dffre $iopadmap$dec_tlu_meicurpl[0].E[0]
96379 dffre $iopadmap$dec_tlu_meicurpl[1].E[0]
96380 dffre $iopadmap$dec_tlu_meicurpl[2].E[0]
96381 dffre $iopadmap$dec_tlu_meicurpl[3].E[0]
96446 dffre tlu.tlumt[0].tlu.mtsel_ff.dout[0].E[0]
96447 dffre tlu.tlumt[0].tlu.mtsel_ff.dout[1].E[0]
96448 dffre tlu.tlumt[0].tlu.mscratch_ff.genblock.dff.dffs.dout[0].E[0]
96449 dffre tlu.tlumt[0].tlu.mscratch_ff.genblock.dff.dffs.dout[1].E[0]
96450 dffre tlu.tlumt[0].tlu.mscratch_ff.genblock.dff.dffs.dout[2].E[0]
96451 dffre tlu.tlumt[0].tlu.mscratch_ff.genblock.dff.dffs.dout[3].E[0]
96452 dffre tlu.tlumt[0].tlu.mscratch_ff.genblock.dff.dffs.dout[4].E[0]
96453 dffre tlu.tlumt[0].tlu.mscratch_ff.genblock.dff.dffs.dout[5].E[0]
96454 dffre tlu.tlumt[0].tlu.mscratch_ff.genblock.dff.dffs.dout[6].E[0]
96455 dffre tlu.tlumt[0].tlu.mscratch_ff.genblock.dff.dffs.dout[7].E[0]
96456 dffre tlu.tlumt[0].tlu.mscratch_ff.genblock.dff.dffs.dout[8].E[0]
96457 dffre tlu.tlumt[0].tlu.mscratch_ff.genblock.dff.dffs.dout[9].E[0]
96458 dffre tlu.tlumt[0].tlu.mscratch_ff.genblock.dff.dffs.dout[10].E[0]
96459 dffre tlu.tlumt[0].tlu.mscratch_ff.genblock.dff.dffs.dout[11].E[0]
96460 dffre tlu.tlumt[0].tlu.mscratch_ff.genblock.dff.dffs.dout[12].E[0]
96461 dffre tlu.tlumt[0].tlu.mscratch_ff.genblock.dff.dffs.dout[13].E[0]
96462 dffre tlu.tlumt[0].tlu.mscratch_ff.genblock.dff.dffs.dout[14].E[0]
96463 dffre tlu.tlumt[0].tlu.mscratch_ff.genblock.dff.dffs.dout[15].E[0]
96464 dffre tlu.tlumt[0].tlu.mscratch_ff.genblock.dff.dffs.dout[16].E[0]
96465 dffre tlu.tlumt[0].tlu.mscratch_ff.genblock.dff.dffs.dout[17].E[0]
96466 dffre tlu.tlumt[0].tlu.mscratch_ff.genblock.dff.dffs.dout[18].E[0]
96467 dffre tlu.tlumt[0].tlu.mscratch_ff.genblock.dff.dffs.dout[19].E[0]
96468 dffre tlu.tlumt[0].tlu.mscratch_ff.genblock.dff.dffs.dout[20].E[0]
96469 dffre tlu.tlumt[0].tlu.mscratch_ff.genblock.dff.dffs.dout[21].E[0]
96470 dffre tlu.tlumt[0].tlu.mscratch_ff.genblock.dff.dffs.dout[22].E[0]
96471 dffre tlu.tlumt[0].tlu.mscratch_ff.genblock.dff.dffs.dout[23].E[0]
96472 dffre tlu.tlumt[0].tlu.mscratch_ff.genblock.dff.dffs.dout[24].E[0]
96473 dffre tlu.tlumt[0].tlu.mscratch_ff.genblock.dff.dffs.dout[25].E[0]
96474 dffre tlu.tlumt[0].tlu.mscratch_ff.genblock.dff.dffs.dout[26].E[0]
96475 dffre tlu.tlumt[0].tlu.mscratch_ff.genblock.dff.dffs.dout[27].E[0]
96476 dffre tlu.tlumt[0].tlu.mscratch_ff.genblock.dff.dffs.dout[28].E[0]
96477 dffre tlu.tlumt[0].tlu.mscratch_ff.genblock.dff.dffs.dout[29].E[0]
96478 dffre tlu.tlumt[0].tlu.mscratch_ff.genblock.dff.dffs.dout[30].E[0]
96479 dffre tlu.tlumt[0].tlu.mscratch_ff.genblock.dff.dffs.dout[31].E[0]
96567 dffre tlu.tlumt[0].tlu.int_timers.internal_timers.mitb0_ff.genblock.dff.dffs.dout[1].D[0]
96568 dffre tlu.tlumt[0].tlu.int_timers.internal_timers.mitb1_ff.genblock.dff.dffs.dout[1].D[0]
96570 dffre tlu.tlumt[0].tlu.int_timers.internal_timers.mitb0_ff.genblock.dff.dffs.dout[2].D[0]
96571 dffre tlu.tlumt[0].tlu.int_timers.internal_timers.mitb1_ff.genblock.dff.dffs.dout[2].D[0]
96575 dffre tlu.tlumt[0].tlu.int_timers.internal_timers.mitb0_ff.genblock.dff.dffs.dout[3].D[0]
96576 dffre tlu.tlumt[0].tlu.int_timers.internal_timers.mitb1_ff.genblock.dff.dffs.dout[3].D[0]
96577 dffre tlu.tlumt[0].tlu.int_timers.internal_timers.mitb0_ff.genblock.dff.dffs.dout[4].D[0]
96578 dffre tlu.tlumt[0].tlu.int_timers.internal_timers.mitb1_ff.genblock.dff.dffs.dout[4].D[0]
96580 dffre tlu.tlumt[0].tlu.int_timers.internal_timers.mitb0_ff.genblock.dff.dffs.dout[5].D[0]
96581 dffre tlu.tlumt[0].tlu.int_timers.internal_timers.mitb1_ff.genblock.dff.dffs.dout[5].D[0]
96582 dffre tlu.tlumt[0].tlu.int_timers.internal_timers.mitb0_ff.genblock.dff.dffs.dout[6].D[0]
96584 dffre tlu.tlumt[0].tlu.int_timers.internal_timers.mitb1_ff.genblock.dff.dffs.dout[6].D[0]
96587 dffre tlu.tlumt[0].tlu.int_timers.internal_timers.mitb0_ff.genblock.dff.dffs.dout[7].D[0]
96588 dffre tlu.tlumt[0].tlu.int_timers.internal_timers.mitb1_ff.genblock.dff.dffs.dout[7].D[0]
96589 dffre tlu.tlumt[0].tlu.int_timers.internal_timers.mitb0_ff.genblock.dff.dffs.dout[8].D[0]
96590 dffre tlu.tlumt[0].tlu.int_timers.internal_timers.mitb1_ff.genblock.dff.dffs.dout[8].D[0]
96592 dffre tlu.tlumt[0].tlu.int_timers.internal_timers.mitb0_ff.genblock.dff.dffs.dout[9].D[0]
96593 dffre tlu.tlumt[0].tlu.int_timers.internal_timers.mitb1_ff.genblock.dff.dffs.dout[9].D[0]
96595 dffre tlu.tlumt[0].tlu.int_timers.internal_timers.mitb0_ff.genblock.dff.dffs.dout[10].D[0]
96596 dffre tlu.tlumt[0].tlu.int_timers.internal_timers.mitb1_ff.genblock.dff.dffs.dout[10].D[0]
96599 dffre tlu.tlumt[0].tlu.int_timers.internal_timers.mitb0_ff.genblock.dff.dffs.dout[11].D[0]
96600 dffre tlu.tlumt[0].tlu.int_timers.internal_timers.mitb1_ff.genblock.dff.dffs.dout[11].D[0]
96601 dffre tlu.tlumt[0].tlu.int_timers.internal_timers.mitb0_ff.genblock.dff.dffs.dout[12].D[0]
96602 dffre tlu.tlumt[0].tlu.int_timers.internal_timers.mitb1_ff.genblock.dff.dffs.dout[12].D[0]
96604 dffre tlu.tlumt[0].tlu.int_timers.internal_timers.mitb0_ff.genblock.dff.dffs.dout[13].D[0]
96605 dffre tlu.tlumt[0].tlu.int_timers.internal_timers.mitb1_ff.genblock.dff.dffs.dout[13].D[0]
96606 dffre tlu.tlumt[0].tlu.int_timers.internal_timers.mitb0_ff.genblock.dff.dffs.dout[14].D[0]
96607 dffre tlu.tlumt[0].tlu.int_timers.internal_timers.mitb1_ff.genblock.dff.dffs.dout[14].D[0]
96609 dffre tlu.tlumt[0].tlu.int_timers.internal_timers.mitb0_ff.genblock.dff.dffs.dout[15].D[0]
96610 dffre tlu.tlumt[0].tlu.int_timers.internal_timers.mitb1_ff.genblock.dff.dffs.dout[15].D[0]
96611 dffre tlu.tlumt[0].tlu.int_timers.internal_timers.mitb0_ff.genblock.dff.dffs.dout[16].D[0]
96613 dffre tlu.tlumt[0].tlu.int_timers.internal_timers.mitb1_ff.genblock.dff.dffs.dout[16].D[0]
96615 dffre tlu.tlumt[0].tlu.int_timers.internal_timers.mitb0_ff.genblock.dff.dffs.dout[17].D[0]
96617 dffre tlu.tlumt[0].tlu.int_timers.internal_timers.mitb1_ff.genblock.dff.dffs.dout[17].D[0]
96618 dffre tlu.tlumt[0].tlu.int_timers.internal_timers.mitb0_ff.genblock.dff.dffs.dout[18].D[0]
96620 dffre tlu.tlumt[0].tlu.int_timers.internal_timers.mitb1_ff.genblock.dff.dffs.dout[18].D[0]
96622 dffre tlu.tlumt[0].tlu.mtdata1_t3_ff.genblock.dff.dffs.dout[2].D[0]
96623 dffre $iopadmap$trigger_pkt_any[33].D[0]
96624 dffre tlu.tlumt[0].tlu.mtdata1_t1_ff.genblock.dff.dffs.dout[2].D[0]
96625 dffre tlu.tlumt[0].tlu.mtdata1_t2_ff.genblock.dff.dffs.dout[2].D[0]
96626 dffre tlu.tlumt[0].tlu.int_timers.internal_timers.mitb0_ff.genblock.dff.dffs.dout[19].D[0]
96627 dffre tlu.tlumt[0].tlu.int_timers.internal_timers.mitb1_ff.genblock.dff.dffs.dout[19].D[0]
96628 dffre tlu.tlumt[0].tlu.int_timers.internal_timers.mitb0_ff.genblock.dff.dffs.dout[20].D[0]
96629 dffre tlu.tlumt[0].tlu.int_timers.internal_timers.mitb1_ff.genblock.dff.dffs.dout[20].D[0]
96631 dffre tlu.tlumt[0].tlu.int_timers.internal_timers.mitb0_ff.genblock.dff.dffs.dout[21].D[0]
96632 dffre tlu.tlumt[0].tlu.int_timers.internal_timers.mitb1_ff.genblock.dff.dffs.dout[21].D[0]
96633 dffre tlu.tlumt[0].tlu.int_timers.internal_timers.mitb0_ff.genblock.dff.dffs.dout[22].D[0]
96634 dffre tlu.tlumt[0].tlu.int_timers.internal_timers.mitb1_ff.genblock.dff.dffs.dout[22].D[0]
96636 dffre tlu.tlumt[0].tlu.int_timers.internal_timers.mitb0_ff.genblock.dff.dffs.dout[23].D[0]
96637 dffre tlu.tlumt[0].tlu.int_timers.internal_timers.mitb1_ff.genblock.dff.dffs.dout[23].D[0]
96638 dffre tlu.tlumt[0].tlu.int_timers.internal_timers.mitb0_ff.genblock.dff.dffs.dout[24].D[0]
96639 dffre tlu.tlumt[0].tlu.int_timers.internal_timers.mitb1_ff.genblock.dff.dffs.dout[24].D[0]
96641 dffre tlu.tlumt[0].tlu.int_timers.internal_timers.mitb0_ff.genblock.dff.dffs.dout[25].D[0]
96642 dffre tlu.tlumt[0].tlu.int_timers.internal_timers.mitb1_ff.genblock.dff.dffs.dout[25].D[0]
96643 dffre tlu.tlumt[0].tlu.int_timers.internal_timers.mitb0_ff.genblock.dff.dffs.dout[26].D[0]
96644 dffre tlu.tlumt[0].tlu.int_timers.internal_timers.mitb1_ff.genblock.dff.dffs.dout[26].D[0]
96650 dffre tlu.tlumt[0].tlu.mtdata1_t3_ff.genblock.dff.dffs.dout[9].D[0]
96651 dffre tlu.tlumt[0].tlu.mtdata1_t0_ff.genblock.dff.dffs.dout[9].D[0]
96652 dffre tlu.tlumt[0].tlu.mtdata1_t1_ff.genblock.dff.dffs.dout[9].D[0]
96653 dffre tlu.tlumt[0].tlu.mtdata1_t2_ff.genblock.dff.dffs.dout[9].D[0]
96654 dffre tlu.tlumt[0].tlu.mtdata1_t3_ff.genblock.dff.dffs.dout[6].D[0]
96655 dffre tlu.tlumt[0].tlu.mtdata1_t0_ff.genblock.dff.dffs.dout[6].D[0]
96656 dffre tlu.tlumt[0].tlu.mtdata1_t1_ff.genblock.dff.dffs.dout[6].D[0]
96657 dffre tlu.tlumt[0].tlu.mtdata1_t2_ff.genblock.dff.dffs.dout[6].D[0]
96658 dffre tlu.tlumt[0].tlu.int_timers.internal_timers.mitb0_ff.genblock.dff.dffs.dout[27].D[0]
96659 dffre tlu.tlumt[0].tlu.int_timers.internal_timers.mitb1_ff.genblock.dff.dffs.dout[27].D[0]
96661 dffre tlu.tlumt[0].tlu.int_timers.internal_timers.mitb0_ff.genblock.dff.dffs.dout[28].D[0]
96662 dffre tlu.tlumt[0].tlu.int_timers.internal_timers.mitb1_ff.genblock.dff.dffs.dout[28].D[0]
96665 dffre tlu.tlumt[0].tlu.int_timers.internal_timers.mitb0_ff.genblock.dff.dffs.dout[29].D[0]
96666 dffre tlu.tlumt[0].tlu.int_timers.internal_timers.mitb1_ff.genblock.dff.dffs.dout[29].D[0]
96668 dffre tlu.tlumt[0].tlu.int_timers.internal_timers.mitb0_ff.genblock.dff.dffs.dout[30].D[0]
96669 dffre tlu.tlumt[0].tlu.int_timers.internal_timers.mitb1_ff.genblock.dff.dffs.dout[30].D[0]
96680 dffre tlu.tlumt[0].tlu.int_timers.internal_timers.mitb0_ff.genblock.dff.dffs.dout[31].D[0]
96681 dffre tlu.tlumt[0].tlu.int_timers.internal_timers.mitb1_ff.genblock.dff.dffs.dout[31].D[0]
96981 dffre decode.e1t[16].D[0]
97175 dffre tlu.tlumt[0].tlu.mepc_ff.genblock.dff.dffs.dout[0].E[0]
97176 dffre tlu.tlumt[0].tlu.mepc_ff.genblock.dff.dffs.dout[1].E[0]
97177 dffre tlu.tlumt[0].tlu.mepc_ff.genblock.dff.dffs.dout[2].E[0]
97178 dffre tlu.tlumt[0].tlu.mepc_ff.genblock.dff.dffs.dout[3].E[0]
97179 dffre tlu.tlumt[0].tlu.mepc_ff.genblock.dff.dffs.dout[4].E[0]
97180 dffre tlu.tlumt[0].tlu.mepc_ff.genblock.dff.dffs.dout[5].E[0]
97181 dffre tlu.tlumt[0].tlu.mepc_ff.genblock.dff.dffs.dout[6].E[0]
97182 dffre tlu.tlumt[0].tlu.mepc_ff.genblock.dff.dffs.dout[7].E[0]
97183 dffre tlu.tlumt[0].tlu.mepc_ff.genblock.dff.dffs.dout[8].E[0]
97184 dffre tlu.tlumt[0].tlu.mepc_ff.genblock.dff.dffs.dout[9].E[0]
97185 dffre tlu.tlumt[0].tlu.mepc_ff.genblock.dff.dffs.dout[10].E[0]
97186 dffre tlu.tlumt[0].tlu.mepc_ff.genblock.dff.dffs.dout[11].E[0]
97187 dffre tlu.tlumt[0].tlu.mepc_ff.genblock.dff.dffs.dout[12].E[0]
97188 dffre tlu.tlumt[0].tlu.mepc_ff.genblock.dff.dffs.dout[13].E[0]
97189 dffre tlu.tlumt[0].tlu.mepc_ff.genblock.dff.dffs.dout[14].E[0]
97190 dffre tlu.tlumt[0].tlu.mepc_ff.genblock.dff.dffs.dout[15].E[0]
97191 dffre tlu.tlumt[0].tlu.mepc_ff.genblock.dff.dffs.dout[16].E[0]
97192 dffre tlu.tlumt[0].tlu.mepc_ff.genblock.dff.dffs.dout[17].E[0]
97193 dffre tlu.tlumt[0].tlu.mepc_ff.genblock.dff.dffs.dout[18].E[0]
97194 dffre tlu.tlumt[0].tlu.mepc_ff.genblock.dff.dffs.dout[19].E[0]
97195 dffre tlu.tlumt[0].tlu.mepc_ff.genblock.dff.dffs.dout[20].E[0]
97196 dffre tlu.tlumt[0].tlu.mepc_ff.genblock.dff.dffs.dout[21].E[0]
97197 dffre tlu.tlumt[0].tlu.mepc_ff.genblock.dff.dffs.dout[22].E[0]
97198 dffre tlu.tlumt[0].tlu.mepc_ff.genblock.dff.dffs.dout[23].E[0]
97199 dffre tlu.tlumt[0].tlu.mepc_ff.genblock.dff.dffs.dout[24].E[0]
97200 dffre tlu.tlumt[0].tlu.mepc_ff.genblock.dff.dffs.dout[25].E[0]
97201 dffre tlu.tlumt[0].tlu.mepc_ff.genblock.dff.dffs.dout[26].E[0]
97202 dffre tlu.tlumt[0].tlu.mepc_ff.genblock.dff.dffs.dout[27].E[0]
97203 dffre tlu.tlumt[0].tlu.mepc_ff.genblock.dff.dffs.dout[28].E[0]
97204 dffre tlu.tlumt[0].tlu.mepc_ff.genblock.dff.dffs.dout[29].E[0]
97205 dffre tlu.tlumt[0].tlu.mepc_ff.genblock.dff.dffs.dout[30].E[0]
97268 dffre tlu.tlumt[0].tlu.int_timers.internal_timers.mitctl1_ff.dffs.dout[2].E[0]
97269 dffre tlu.tlumt[0].tlu.int_timers.internal_timers.mitctl1_ff.dffs.dout[3].E[0]
97270 dffre tlu.tlumt[0].tlu.int_timers.internal_timers.mitctl1_ff.dffs.dout[4].E[0]
97271 dffre tlu.tlumt[0].tlu.int_timers.mitctl1_0_b.E[0]
97272 dffre $iopadmap$dec_tlu_meihap[10].E[0]
97273 dffre $iopadmap$dec_tlu_meihap[11].E[0]
97274 dffre $iopadmap$dec_tlu_meihap[12].E[0]
97275 dffre $iopadmap$dec_tlu_meihap[13].E[0]
97276 dffre $iopadmap$dec_tlu_meihap[14].E[0]
97277 dffre $iopadmap$dec_tlu_meihap[15].E[0]
97278 dffre $iopadmap$dec_tlu_meihap[16].E[0]
97279 dffre $iopadmap$dec_tlu_meihap[17].E[0]
97280 dffre $iopadmap$dec_tlu_meihap[18].E[0]
97281 dffre $iopadmap$dec_tlu_meihap[19].E[0]
97282 dffre $iopadmap$dec_tlu_meihap[20].E[0]
97283 dffre $iopadmap$dec_tlu_meihap[21].E[0]
97284 dffre $iopadmap$dec_tlu_meihap[22].E[0]
97285 dffre $iopadmap$dec_tlu_meihap[23].E[0]
97286 dffre $iopadmap$dec_tlu_meihap[24].E[0]
97287 dffre $iopadmap$dec_tlu_meihap[25].E[0]
97288 dffre $iopadmap$dec_tlu_meihap[26].E[0]
97289 dffre $iopadmap$dec_tlu_meihap[27].E[0]
97290 dffre $iopadmap$dec_tlu_meihap[28].E[0]
97291 dffre $iopadmap$dec_tlu_meihap[29].E[0]
97292 dffre $iopadmap$dec_tlu_meihap[30].E[0]
97293 dffre $iopadmap$dec_tlu_meihap[31].E[0]
97410 dffre tlu.tlumt[0].tlu.mhpme4_ff.genblock.dff.dffs.dout[0].E[0]
97411 dffre tlu.tlumt[0].tlu.mhpme4_ff.genblock.dff.dffs.dout[1].E[0]
97412 dffre tlu.tlumt[0].tlu.mhpme4_ff.genblock.dff.dffs.dout[2].E[0]
97413 dffre tlu.tlumt[0].tlu.mhpme4_ff.genblock.dff.dffs.dout[3].E[0]
97414 dffre tlu.tlumt[0].tlu.mhpme4_ff.genblock.dff.dffs.dout[4].E[0]
97415 dffre tlu.tlumt[0].tlu.mhpme4_ff.genblock.dff.dffs.dout[5].E[0]
97416 dffre tlu.tlumt[0].tlu.mhpme4_ff.genblock.dff.dffs.dout[9].E[0]
97417 dffre tlu.tlumt[0].tlu.mhpme6_ff.genblock.dff.dffs.dout[0].E[0]
97418 dffre tlu.tlumt[0].tlu.mhpme6_ff.genblock.dff.dffs.dout[1].E[0]
97419 dffre tlu.tlumt[0].tlu.mhpme6_ff.genblock.dff.dffs.dout[2].E[0]
97420 dffre tlu.tlumt[0].tlu.mhpme6_ff.genblock.dff.dffs.dout[3].E[0]
97421 dffre tlu.tlumt[0].tlu.mhpme6_ff.genblock.dff.dffs.dout[4].E[0]
97422 dffre tlu.tlumt[0].tlu.mhpme6_ff.genblock.dff.dffs.dout[5].E[0]
97423 dffre tlu.tlumt[0].tlu.mhpme6_ff.genblock.dff.dffs.dout[9].E[0]
97424 dffre tlu.tlumt[0].tlu.mhpme3_ff.genblock.dff.dffs.dout[0].E[0]
97425 dffre tlu.tlumt[0].tlu.mhpme3_ff.genblock.dff.dffs.dout[1].E[0]
97426 dffre tlu.tlumt[0].tlu.mhpme3_ff.genblock.dff.dffs.dout[2].E[0]
97427 dffre tlu.tlumt[0].tlu.mhpme3_ff.genblock.dff.dffs.dout[3].E[0]
97428 dffre tlu.tlumt[0].tlu.mhpme3_ff.genblock.dff.dffs.dout[4].E[0]
97429 dffre tlu.tlumt[0].tlu.mhpme3_ff.genblock.dff.dffs.dout[5].E[0]
97430 dffre tlu.tlumt[0].tlu.mhpme3_ff.genblock.dff.dffs.dout[9].E[0]
97431 dffre tlu.tlumt[0].tlu.mhpme5_ff.genblock.dff.dffs.dout[0].E[0]
97432 dffre tlu.tlumt[0].tlu.mhpme5_ff.genblock.dff.dffs.dout[1].E[0]
97433 dffre tlu.tlumt[0].tlu.mhpme5_ff.genblock.dff.dffs.dout[2].E[0]
97434 dffre tlu.tlumt[0].tlu.mhpme5_ff.genblock.dff.dffs.dout[3].E[0]
97435 dffre tlu.tlumt[0].tlu.mhpme5_ff.genblock.dff.dffs.dout[4].E[0]
97436 dffre tlu.tlumt[0].tlu.mhpme5_ff.genblock.dff.dffs.dout[5].E[0]
97437 dffre tlu.tlumt[0].tlu.mhpme5_ff.genblock.dff.dffs.dout[9].E[0]
97438 dffre tlu.tlumt[0].tlu.mcountinhibit_ff.dffs.dout[0].E[0]
97439 dffre tlu.tlumt[0].tlu.mcountinhibit_ff.dffs.dout[1].E[0]
97440 dffre tlu.tlumt[0].tlu.mcountinhibit_ff.dffs.dout[2].E[0]
97441 dffre tlu.tlumt[0].tlu.mcountinhibit_ff.dffs.dout[3].E[0]
97442 dffre tlu.tlumt[0].tlu.mcountinhibit_ff.dffs.dout[4].E[0]
97443 dffre tlu.tlumt[0].tlu.mcountinhibit_ff.dffs.dout[5].E[0]
97539 dffre $iopadmap$dec_tlu_ic_diag_pkt[2].E[0]
97540 dffre $iopadmap$dec_tlu_ic_diag_pkt[3].E[0]
97541 dffre $iopadmap$dec_tlu_ic_diag_pkt[4].E[0]
97542 dffre $iopadmap$dec_tlu_ic_diag_pkt[5].E[0]
97543 dffre $iopadmap$dec_tlu_ic_diag_pkt[6].E[0]
97544 dffre $iopadmap$dec_tlu_ic_diag_pkt[7].E[0]
97545 dffre $iopadmap$dec_tlu_ic_diag_pkt[8].E[0]
97546 dffre $iopadmap$dec_tlu_ic_diag_pkt[9].E[0]
97547 dffre $iopadmap$dec_tlu_ic_diag_pkt[10].E[0]
97548 dffre $iopadmap$dec_tlu_ic_diag_pkt[11].E[0]
97549 dffre $iopadmap$dec_tlu_ic_diag_pkt[12].E[0]
97550 dffre $iopadmap$dec_tlu_ic_diag_pkt[13].E[0]
97551 dffre $iopadmap$dec_tlu_ic_diag_pkt[14].E[0]
97552 dffre $iopadmap$dec_tlu_ic_diag_pkt[15].E[0]
97553 dffre $iopadmap$dec_tlu_ic_diag_pkt[16].E[0]
97554 dffre $iopadmap$dec_tlu_ic_diag_pkt[17].E[0]
97555 dffre $iopadmap$dec_tlu_ic_diag_pkt[18].E[0]
97747 dffre $iopadmap$dec_tlu_force_halt.D[0]
98109 dffre $iopadmap$dec_i0_branch_e1.D[0]
98398 dffre $iopadmap$dec_i1_branch_e1.D[0]

#End of unconstrained setup startpoint/endpoint report
