/nfs_scratch/scratch/CompilerValidation/abdul_hameed/13may/Validation/RTL_testcases/GJC-IO-Testcases/GJC4/results_dir/GJC4/run_1/synth_1_1/synthesis/post_pnr_wrapper_GJC4_post_synth.v:1817: error: port ``$iopadmap$dly_b_multacc[11]'' is not a port of $auto$rs_design_edit.cc:1109:execute$1194.
/nfs_scratch/scratch/CompilerValidation/abdul_hameed/13may/Validation/RTL_testcases/GJC-IO-Testcases/GJC4/results_dir/GJC4/run_1/synth_1_1/synthesis/post_pnr_wrapper_GJC4_post_synth.v:1817: error: port ``$iopadmap$dly_b_multacc[12]'' is not a port of $auto$rs_design_edit.cc:1109:execute$1194.
/nfs_scratch/scratch/CompilerValidation/abdul_hameed/13may/Validation/RTL_testcases/GJC-IO-Testcases/GJC4/results_dir/GJC4/run_1/synth_1_1/synthesis/post_pnr_wrapper_GJC4_post_synth.v:1817: error: port ``$iopadmap$dly_b_multacc[13]'' is not a port of $auto$rs_design_edit.cc:1109:execute$1194.
/nfs_scratch/scratch/CompilerValidation/abdul_hameed/13may/Validation/RTL_testcases/GJC-IO-Testcases/GJC4/results_dir/GJC4/run_1/synth_1_1/synthesis/post_pnr_wrapper_GJC4_post_synth.v:1817: error: port ``$iopadmap$dly_b_multacc[14]'' is not a port of $auto$rs_design_edit.cc:1109:execute$1194.
/nfs_scratch/scratch/CompilerValidation/abdul_hameed/13may/Validation/RTL_testcases/GJC-IO-Testcases/GJC4/results_dir/GJC4/run_1/synth_1_1/synthesis/post_pnr_wrapper_GJC4_post_synth.v:1817: error: port ``$iopadmap$dly_b_multacc[15]'' is not a port of $auto$rs_design_edit.cc:1109:execute$1194.
/nfs_scratch/scratch/CompilerValidation/abdul_hameed/13may/Validation/RTL_testcases/GJC-IO-Testcases/GJC4/results_dir/GJC4/run_1/synth_1_1/synthesis/post_pnr_wrapper_GJC4_post_synth.v:1817: error: port ``$iopadmap$dly_b_multacc[16]'' is not a port of $auto$rs_design_edit.cc:1109:execute$1194.
/nfs_scratch/scratch/CompilerValidation/abdul_hameed/13may/Validation/RTL_testcases/GJC-IO-Testcases/GJC4/results_dir/GJC4/run_1/synth_1_1/synthesis/post_pnr_wrapper_GJC4_post_synth.v:1817: error: port ``$iopadmap$dly_b_multacc[17]'' is not a port of $auto$rs_design_edit.cc:1109:execute$1194.
/nfs_scratch/scratch/CompilerValidation/abdul_hameed/13may/Validation/RTL_testcases/GJC-IO-Testcases/GJC4/results_dir/GJC4/run_1/synth_1_1/synthesis/post_pnr_wrapper_GJC4_post_synth.v:1817: error: port ``$iopadmap$dly_b_multacc[1]'' is not a port of $auto$rs_design_edit.cc:1109:execute$1194.
/nfs_scratch/scratch/CompilerValidation/abdul_hameed/13may/Validation/RTL_testcases/GJC-IO-Testcases/GJC4/results_dir/GJC4/run_1/synth_1_1/synthesis/post_pnr_wrapper_GJC4_post_synth.v:1817: error: port ``$iopadmap$dly_b_multacc[2]'' is not a port of $auto$rs_design_edit.cc:1109:execute$1194.
/nfs_scratch/scratch/CompilerValidation/abdul_hameed/13may/Validation/RTL_testcases/GJC-IO-Testcases/GJC4/results_dir/GJC4/run_1/synth_1_1/synthesis/post_pnr_wrapper_GJC4_post_synth.v:1817: error: port ``$iopadmap$dly_b_multacc[3]'' is not a port of $auto$rs_design_edit.cc:1109:execute$1194.
/nfs_scratch/scratch/CompilerValidation/abdul_hameed/13may/Validation/RTL_testcases/GJC-IO-Testcases/GJC4/results_dir/GJC4/run_1/synth_1_1/synthesis/post_pnr_wrapper_GJC4_post_synth.v:1817: error: port ``$iopadmap$dly_b_multacc[4]'' is not a port of $auto$rs_design_edit.cc:1109:execute$1194.
/nfs_scratch/scratch/CompilerValidation/abdul_hameed/13may/Validation/RTL_testcases/GJC-IO-Testcases/GJC4/results_dir/GJC4/run_1/synth_1_1/synthesis/post_pnr_wrapper_GJC4_post_synth.v:1817: error: port ``$iopadmap$dly_b_multacc[5]'' is not a port of $auto$rs_design_edit.cc:1109:execute$1194.
/nfs_scratch/scratch/CompilerValidation/abdul_hameed/13may/Validation/RTL_testcases/GJC-IO-Testcases/GJC4/results_dir/GJC4/run_1/synth_1_1/synthesis/post_pnr_wrapper_GJC4_post_synth.v:1817: error: port ``$iopadmap$dly_b_multacc[6]'' is not a port of $auto$rs_design_edit.cc:1109:execute$1194.
/nfs_scratch/scratch/CompilerValidation/abdul_hameed/13may/Validation/RTL_testcases/GJC-IO-Testcases/GJC4/results_dir/GJC4/run_1/synth_1_1/synthesis/post_pnr_wrapper_GJC4_post_synth.v:1817: error: port ``$iopadmap$dly_b_multacc[7]'' is not a port of $auto$rs_design_edit.cc:1109:execute$1194.
/nfs_scratch/scratch/CompilerValidation/abdul_hameed/13may/Validation/RTL_testcases/GJC-IO-Testcases/GJC4/results_dir/GJC4/run_1/synth_1_1/synthesis/post_pnr_wrapper_GJC4_post_synth.v:1817: error: port ``$iopadmap$dly_b_multacc[8]'' is not a port of $auto$rs_design_edit.cc:1109:execute$1194.
/nfs_scratch/scratch/CompilerValidation/abdul_hameed/13may/Validation/RTL_testcases/GJC-IO-Testcases/GJC4/results_dir/GJC4/run_1/synth_1_1/synthesis/post_pnr_wrapper_GJC4_post_synth.v:1817: error: port ``$iopadmap$dly_b_multacc[9]'' is not a port of $auto$rs_design_edit.cc:1109:execute$1194.
/nfs_scratch/scratch/CompilerValidation/abdul_hameed/13may/Validation/RTL_testcases/GJC-IO-Testcases/GJC4/results_dir/GJC4/run_1/synth_1_1/synthesis/post_pnr_wrapper_GJC4_post_synth.v:1817: error: port ``$iopadmap$dly_b_multacc_regin[0]'' is not a port of $auto$rs_design_edit.cc:1109:execute$1194.
/nfs_scratch/scratch/CompilerValidation/abdul_hameed/13may/Validation/RTL_testcases/GJC-IO-Testcases/GJC4/results_dir/GJC4/run_1/synth_1_1/synthesis/post_pnr_wrapper_GJC4_post_synth.v:1817: error: port ``$iopadmap$dly_b_multacc_regin[10]'' is not a port of $auto$rs_design_edit.cc:1109:execute$1194.
/nfs_scratch/scratch/CompilerValidation/abdul_hameed/13may/Validation/RTL_testcases/GJC-IO-Testcases/GJC4/results_dir/GJC4/run_1/synth_1_1/synthesis/post_pnr_wrapper_GJC4_post_synth.v:1817: error: port ``$iopadmap$dly_b_multacc_regin[11]'' is not a port of $auto$rs_design_edit.cc:1109:execute$1194.
/nfs_scratch/scratch/CompilerValidation/abdul_hameed/13may/Validation/RTL_testcases/GJC-IO-Testcases/GJC4/results_dir/GJC4/run_1/synth_1_1/synthesis/post_pnr_wrapper_GJC4_post_synth.v:1817: error: port ``$iopadmap$dly_b_multacc_regin[12]'' is not a port of $auto$rs_design_edit.cc:1109:execute$1194.
/nfs_scratch/scratch/CompilerValidation/abdul_hameed/13may/Validation/RTL_testcases/GJC-IO-Testcases/GJC4/results_dir/GJC4/run_1/synth_1_1/synthesis/post_pnr_wrapper_GJC4_post_synth.v:1817: error: port ``$iopadmap$dly_b_multacc_regin[13]'' is not a port of $auto$rs_design_edit.cc:1109:execute$1194.
/nfs_scratch/scratch/CompilerValidation/abdul_hameed/13may/Validation/RTL_testcases/GJC-IO-Testcases/GJC4/results_dir/GJC4/run_1/synth_1_1/synthesis/post_pnr_wrapper_GJC4_post_synth.v:1817: error: port ``$iopadmap$dly_b_multacc_regin[14]'' is not a port of $auto$rs_design_edit.cc:1109:execute$1194.
/nfs_scratch/scratch/CompilerValidation/abdul_hameed/13may/Validation/RTL_testcases/GJC-IO-Testcases/GJC4/results_dir/GJC4/run_1/synth_1_1/synthesis/post_pnr_wrapper_GJC4_post_synth.v:1817: error: port ``$iopadmap$dly_b_multacc_regin[15]'' is not a port of $auto$rs_design_edit.cc:1109:execute$1194.
/nfs_scratch/scratch/CompilerValidation/abdul_hameed/13may/Validation/RTL_testcases/GJC-IO-Testcases/GJC4/results_dir/GJC4/run_1/synth_1_1/synthesis/post_pnr_wrapper_GJC4_post_synth.v:1817: error: port ``$iopadmap$dly_b_multacc_regin[16]'' is not a port of $auto$rs_design_edit.cc:1109:execute$1194.
/nfs_scratch/scratch/CompilerValidation/abdul_hameed/13may/Validation/RTL_testcases/GJC-IO-Testcases/GJC4/results_dir/GJC4/run_1/synth_1_1/synthesis/post_pnr_wrapper_GJC4_post_synth.v:1817: error: port ``$iopadmap$dly_b_multacc_regin[17]'' is not a port of $auto$rs_design_edit.cc:1109:execute$1194.
/nfs_scratch/scratch/CompilerValidation/abdul_hameed/13may/Validation/RTL_testcases/GJC-IO-Testcases/GJC4/results_dir/GJC4/run_1/synth_1_1/synthesis/post_pnr_wrapper_GJC4_post_synth.v:1817: error: port ``$iopadmap$dly_b_multacc_regin[1]'' is not a port of $auto$rs_design_edit.cc:1109:execute$1194.
/nfs_scratch/scratch/CompilerValidation/abdul_hameed/13may/Validation/RTL_testcases/GJC-IO-Testcases/GJC4/results_dir/GJC4/run_1/synth_1_1/synthesis/post_pnr_wrapper_GJC4_post_synth.v:1817: error: port ``$iopadmap$dly_b_multacc_regin[2]'' is not a port of $auto$rs_design_edit.cc:1109:execute$1194.
/nfs_scratch/scratch/CompilerValidation/abdul_hameed/13may/Validation/RTL_testcases/GJC-IO-Testcases/GJC4/results_dir/GJC4/run_1/synth_1_1/synthesis/post_pnr_wrapper_GJC4_post_synth.v:1817: error: port ``$iopadmap$dly_b_multacc_regin[3]'' is not a port of $auto$rs_design_edit.cc:1109:execute$1194.
/nfs_scratch/scratch/CompilerValidation/abdul_hameed/13may/Validation/RTL_testcases/GJC-IO-Testcases/GJC4/results_dir/GJC4/run_1/synth_1_1/synthesis/post_pnr_wrapper_GJC4_post_synth.v:1817: error: port ``$iopadmap$dly_b_multacc_regin[4]'' is not a port of $auto$rs_design_edit.cc:1109:execute$1194.
/nfs_scratch/scratch/CompilerValidation/abdul_hameed/13may/Validation/RTL_testcases/GJC-IO-Testcases/GJC4/results_dir/GJC4/run_1/synth_1_1/synthesis/post_pnr_wrapper_GJC4_post_synth.v:1817: error: port ``$iopadmap$dly_b_multacc_regin[5]'' is not a port of $auto$rs_design_edit.cc:1109:execute$1194.
/nfs_scratch/scratch/CompilerValidation/abdul_hameed/13may/Validation/RTL_testcases/GJC-IO-Testcases/GJC4/results_dir/GJC4/run_1/synth_1_1/synthesis/post_pnr_wrapper_GJC4_post_synth.v:1817: error: port ``$iopadmap$dly_b_multacc_regin[6]'' is not a port of $auto$rs_design_edit.cc:1109:execute$1194.
/nfs_scratch/scratch/CompilerValidation/abdul_hameed/13may/Validation/RTL_testcases/GJC-IO-Testcases/GJC4/results_dir/GJC4/run_1/synth_1_1/synthesis/post_pnr_wrapper_GJC4_post_synth.v:1817: error: port ``$iopadmap$dly_b_multacc_regin[7]'' is not a port of $auto$rs_design_edit.cc:1109:execute$1194.
/nfs_scratch/scratch/CompilerValidation/abdul_hameed/13may/Validation/RTL_testcases/GJC-IO-Testcases/GJC4/results_dir/GJC4/run_1/synth_1_1/synthesis/post_pnr_wrapper_GJC4_post_synth.v:1817: error: port ``$iopadmap$dly_b_multacc_regin[8]'' is not a port of $auto$rs_design_edit.cc:1109:execute$1194.
/nfs_scratch/scratch/CompilerValidation/abdul_hameed/13may/Validation/RTL_testcases/GJC-IO-Testcases/GJC4/results_dir/GJC4/run_1/synth_1_1/synthesis/post_pnr_wrapper_GJC4_post_synth.v:1817: error: port ``$iopadmap$dly_b_multacc_regin[9]'' is not a port of $auto$rs_design_edit.cc:1109:execute$1194.
/nfs_scratch/scratch/CompilerValidation/abdul_hameed/13may/Validation/RTL_testcases/GJC-IO-Testcases/GJC4/results_dir/GJC4/run_1/synth_1_1/synthesis/post_pnr_wrapper_GJC4_post_synth.v:1817: error: port ``$iopadmap$dly_b_multacc_regin_regout[0]'' is not a port of $auto$rs_design_edit.cc:1109:execute$1194.
/nfs_scratch/scratch/CompilerValidation/abdul_hameed/13may/Validation/RTL_testcases/GJC-IO-Testcases/GJC4/results_dir/GJC4/run_1/synth_1_1/synthesis/post_pnr_wrapper_GJC4_post_synth.v:1817: error: port ``$iopadmap$dly_b_multacc_regin_regout[10]'' is not a port of $auto$rs_design_edit.cc:1109:execute$1194.
/nfs_scratch/scratch/CompilerValidation/abdul_hameed/13may/Validation/RTL_testcases/GJC-IO-Testcases/GJC4/results_dir/GJC4/run_1/synth_1_1/synthesis/post_pnr_wrapper_GJC4_post_synth.v:1817: error: port ``$iopadmap$dly_b_multacc_regin_regout[11]'' is not a port of $auto$rs_design_edit.cc:1109:execute$1194.
/nfs_scratch/scratch/CompilerValidation/abdul_hameed/13may/Validation/RTL_testcases/GJC-IO-Testcases/GJC4/results_dir/GJC4/run_1/synth_1_1/synthesis/post_pnr_wrapper_GJC4_post_synth.v:1817: error: port ``$iopadmap$dly_b_multacc_regin_regout[12]'' is not a port of $auto$rs_design_edit.cc:1109:execute$1194.
/nfs_scratch/scratch/CompilerValidation/abdul_hameed/13may/Validation/RTL_testcases/GJC-IO-Testcases/GJC4/results_dir/GJC4/run_1/synth_1_1/synthesis/post_pnr_wrapper_GJC4_post_synth.v:1817: error: port ``$iopadmap$dly_b_multacc_regin_regout[13]'' is not a port of $auto$rs_design_edit.cc:1109:execute$1194.
/nfs_scratch/scratch/CompilerValidation/abdul_hameed/13may/Validation/RTL_testcases/GJC-IO-Testcases/GJC4/results_dir/GJC4/run_1/synth_1_1/synthesis/post_pnr_wrapper_GJC4_post_synth.v:1817: error: port ``$iopadmap$dly_b_multacc_regin_regout[14]'' is not a port of $auto$rs_design_edit.cc:1109:execute$1194.
/nfs_scratch/scratch/CompilerValidation/abdul_hameed/13may/Validation/RTL_testcases/GJC-IO-Testcases/GJC4/results_dir/GJC4/run_1/synth_1_1/synthesis/post_pnr_wrapper_GJC4_post_synth.v:1817: error: port ``$iopadmap$dly_b_multacc_regin_regout[15]'' is not a port of $auto$rs_design_edit.cc:1109:execute$1194.
/nfs_scratch/scratch/CompilerValidation/abdul_hameed/13may/Validation/RTL_testcases/GJC-IO-Testcases/GJC4/results_dir/GJC4/run_1/synth_1_1/synthesis/post_pnr_wrapper_GJC4_post_synth.v:1817: error: port ``$iopadmap$dly_b_multacc_regin_regout[16]'' is not a port of $auto$rs_design_edit.cc:1109:execute$1194.
/nfs_scratch/scratch/CompilerValidation/abdul_hameed/13may/Validation/RTL_testcases/GJC-IO-Testcases/GJC4/results_dir/GJC4/run_1/synth_1_1/synthesis/post_pnr_wrapper_GJC4_post_synth.v:1817: error: port ``$iopadmap$dly_b_multacc_regin_regout[17]'' is not a port of $auto$rs_design_edit.cc:1109:execute$1194.
/nfs_scratch/scratch/CompilerValidation/abdul_hameed/13may/Validation/RTL_testcases/GJC-IO-Testcases/GJC4/results_dir/GJC4/run_1/synth_1_1/synthesis/post_pnr_wrapper_GJC4_post_synth.v:1817: error: port ``$iopadmap$dly_b_multacc_regin_regout[1]'' is not a port of $auto$rs_design_edit.cc:1109:execute$1194.
/nfs_scratch/scratch/CompilerValidation/abdul_hameed/13may/Validation/RTL_testcases/GJC-IO-Testcases/GJC4/results_dir/GJC4/run_1/synth_1_1/synthesis/post_pnr_wrapper_GJC4_post_synth.v:1817: error: port ``$iopadmap$dly_b_multacc_regin_regout[2]'' is not a port of $auto$rs_design_edit.cc:1109:execute$1194.
/nfs_scratch/scratch/CompilerValidation/abdul_hameed/13may/Validation/RTL_testcases/GJC-IO-Testcases/GJC4/results_dir/GJC4/run_1/synth_1_1/synthesis/post_pnr_wrapper_GJC4_post_synth.v:1817: error: port ``$iopadmap$dly_b_multacc_regin_regout[3]'' is not a port of $auto$rs_design_edit.cc:1109:execute$1194.
/nfs_scratch/scratch/CompilerValidation/abdul_hameed/13may/Validation/RTL_testcases/GJC-IO-Testcases/GJC4/results_dir/GJC4/run_1/synth_1_1/synthesis/post_pnr_wrapper_GJC4_post_synth.v:1817: error: port ``$iopadmap$dly_b_multacc_regin_regout[4]'' is not a port of $auto$rs_design_edit.cc:1109:execute$1194.
/nfs_scratch/scratch/CompilerValidation/abdul_hameed/13may/Validation/RTL_testcases/GJC-IO-Testcases/GJC4/results_dir/GJC4/run_1/synth_1_1/synthesis/post_pnr_wrapper_GJC4_post_synth.v:1817: error: port ``$iopadmap$dly_b_multacc_regin_regout[5]'' is not a port of $auto$rs_design_edit.cc:1109:execute$1194.
/nfs_scratch/scratch/CompilerValidation/abdul_hameed/13may/Validation/RTL_testcases/GJC-IO-Testcases/GJC4/results_dir/GJC4/run_1/synth_1_1/synthesis/post_pnr_wrapper_GJC4_post_synth.v:1817: error: port ``$iopadmap$dly_b_multacc_regin_regout[6]'' is not a port of $auto$rs_design_edit.cc:1109:execute$1194.
/nfs_scratch/scratch/CompilerValidation/abdul_hameed/13may/Validation/RTL_testcases/GJC-IO-Testcases/GJC4/results_dir/GJC4/run_1/synth_1_1/synthesis/post_pnr_wrapper_GJC4_post_synth.v:1817: error: port ``$iopadmap$dly_b_multacc_regin_regout[7]'' is not a port of $auto$rs_design_edit.cc:1109:execute$1194.
/nfs_scratch/scratch/CompilerValidation/abdul_hameed/13may/Validation/RTL_testcases/GJC-IO-Testcases/GJC4/results_dir/GJC4/run_1/synth_1_1/synthesis/post_pnr_wrapper_GJC4_post_synth.v:1817: error: port ``$iopadmap$dly_b_multacc_regin_regout[8]'' is not a port of $auto$rs_design_edit.cc:1109:execute$1194.
/nfs_scratch/scratch/CompilerValidation/abdul_hameed/13may/Validation/RTL_testcases/GJC-IO-Testcases/GJC4/results_dir/GJC4/run_1/synth_1_1/synthesis/post_pnr_wrapper_GJC4_post_synth.v:1817: error: port ``$iopadmap$dly_b_multacc_regin_regout[9]'' is not a port of $auto$rs_design_edit.cc:1109:execute$1194.
/nfs_scratch/scratch/CompilerValidation/abdul_hameed/13may/Validation/RTL_testcases/GJC-IO-Testcases/GJC4/results_dir/GJC4/run_1/synth_1_1/synthesis/post_pnr_wrapper_GJC4_post_synth.v:1817: error: port ``$iopadmap$dly_b_multacc_regout[0]'' is not a port of $auto$rs_design_edit.cc:1109:execute$1194.
/nfs_scratch/scratch/CompilerValidation/abdul_hameed/13may/Validation/RTL_testcases/GJC-IO-Testcases/GJC4/results_dir/GJC4/run_1/synth_1_1/synthesis/post_pnr_wrapper_GJC4_post_synth.v:1817: error: port ``$iopadmap$dly_b_multacc_regout[10]'' is not a port of $auto$rs_design_edit.cc:1109:execute$1194.
/nfs_scratch/scratch/CompilerValidation/abdul_hameed/13may/Validation/RTL_testcases/GJC-IO-Testcases/GJC4/results_dir/GJC4/run_1/synth_1_1/synthesis/post_pnr_wrapper_GJC4_post_synth.v:1817: error: port ``$iopadmap$dly_b_multacc_regout[11]'' is not a port of $auto$rs_design_edit.cc:1109:execute$1194.
/nfs_scratch/scratch/CompilerValidation/abdul_hameed/13may/Validation/RTL_testcases/GJC-IO-Testcases/GJC4/results_dir/GJC4/run_1/synth_1_1/synthesis/post_pnr_wrapper_GJC4_post_synth.v:1817: error: port ``$iopadmap$dly_b_multacc_regout[12]'' is not a port of $auto$rs_design_edit.cc:1109:execute$1194.
/nfs_scratch/scratch/CompilerValidation/abdul_hameed/13may/Validation/RTL_testcases/GJC-IO-Testcases/GJC4/results_dir/GJC4/run_1/synth_1_1/synthesis/post_pnr_wrapper_GJC4_post_synth.v:1817: error: port ``$iopadmap$dly_b_multacc_regout[13]'' is not a port of $auto$rs_design_edit.cc:1109:execute$1194.
/nfs_scratch/scratch/CompilerValidation/abdul_hameed/13may/Validation/RTL_testcases/GJC-IO-Testcases/GJC4/results_dir/GJC4/run_1/synth_1_1/synthesis/post_pnr_wrapper_GJC4_post_synth.v:1817: error: port ``$iopadmap$dly_b_multacc_regout[14]'' is not a port of $auto$rs_design_edit.cc:1109:execute$1194.
/nfs_scratch/scratch/CompilerValidation/abdul_hameed/13may/Validation/RTL_testcases/GJC-IO-Testcases/GJC4/results_dir/GJC4/run_1/synth_1_1/synthesis/post_pnr_wrapper_GJC4_post_synth.v:1817: error: port ``$iopadmap$dly_b_multacc_regout[15]'' is not a port of $auto$rs_design_edit.cc:1109:execute$1194.
/nfs_scratch/scratch/CompilerValidation/abdul_hameed/13may/Validation/RTL_testcases/GJC-IO-Testcases/GJC4/results_dir/GJC4/run_1/synth_1_1/synthesis/post_pnr_wrapper_GJC4_post_synth.v:1817: error: port ``$iopadmap$dly_b_multacc_regout[16]'' is not a port of $auto$rs_design_edit.cc:1109:execute$1194.
/nfs_scratch/scratch/CompilerValidation/abdul_hameed/13may/Validation/RTL_testcases/GJC-IO-Testcases/GJC4/results_dir/GJC4/run_1/synth_1_1/synthesis/post_pnr_wrapper_GJC4_post_synth.v:1817: error: port ``$iopadmap$dly_b_multacc_regout[17]'' is not a port of $auto$rs_design_edit.cc:1109:execute$1194.
/nfs_scratch/scratch/CompilerValidation/abdul_hameed/13may/Validation/RTL_testcases/GJC-IO-Testcases/GJC4/results_dir/GJC4/run_1/synth_1_1/synthesis/post_pnr_wrapper_GJC4_post_synth.v:1817: error: port ``$iopadmap$dly_b_multacc_regout[1]'' is not a port of $auto$rs_design_edit.cc:1109:execute$1194.
/nfs_scratch/scratch/CompilerValidation/abdul_hameed/13may/Validation/RTL_testcases/GJC-IO-Testcases/GJC4/results_dir/GJC4/run_1/synth_1_1/synthesis/post_pnr_wrapper_GJC4_post_synth.v:1817: error: port ``$iopadmap$dly_b_multacc_regout[2]'' is not a port of $auto$rs_design_edit.cc:1109:execute$1194.
/nfs_scratch/scratch/CompilerValidation/abdul_hameed/13may/Validation/RTL_testcases/GJC-IO-Testcases/GJC4/results_dir/GJC4/run_1/synth_1_1/synthesis/post_pnr_wrapper_GJC4_post_synth.v:1817: error: port ``$iopadmap$dly_b_multacc_regout[3]'' is not a port of $auto$rs_design_edit.cc:1109:execute$1194.
/nfs_scratch/scratch/CompilerValidation/abdul_hameed/13may/Validation/RTL_testcases/GJC-IO-Testcases/GJC4/results_dir/GJC4/run_1/synth_1_1/synthesis/post_pnr_wrapper_GJC4_post_synth.v:1817: error: port ``$iopadmap$dly_b_multacc_regout[4]'' is not a port of $auto$rs_design_edit.cc:1109:execute$1194.
/nfs_scratch/scratch/CompilerValidation/abdul_hameed/13may/Validation/RTL_testcases/GJC-IO-Testcases/GJC4/results_dir/GJC4/run_1/synth_1_1/synthesis/post_pnr_wrapper_GJC4_post_synth.v:1817: error: port ``$iopadmap$dly_b_multacc_regout[5]'' is not a port of $auto$rs_design_edit.cc:1109:execute$1194.
/nfs_scratch/scratch/CompilerValidation/abdul_hameed/13may/Validation/RTL_testcases/GJC-IO-Testcases/GJC4/results_dir/GJC4/run_1/synth_1_1/synthesis/post_pnr_wrapper_GJC4_post_synth.v:1817: error: port ``$iopadmap$dly_b_multacc_regout[6]'' is not a port of $auto$rs_design_edit.cc:1109:execute$1194.
/nfs_scratch/scratch/CompilerValidation/abdul_hameed/13may/Validation/RTL_testcases/GJC-IO-Testcases/GJC4/results_dir/GJC4/run_1/synth_1_1/synthesis/post_pnr_wrapper_GJC4_post_synth.v:1817: error: port ``$iopadmap$dly_b_multacc_regout[7]'' is not a port of $auto$rs_design_edit.cc:1109:execute$1194.
/nfs_scratch/scratch/CompilerValidation/abdul_hameed/13may/Validation/RTL_testcases/GJC-IO-Testcases/GJC4/results_dir/GJC4/run_1/synth_1_1/synthesis/post_pnr_wrapper_GJC4_post_synth.v:1817: error: port ``$iopadmap$dly_b_multacc_regout[8]'' is not a port of $auto$rs_design_edit.cc:1109:execute$1194.
/nfs_scratch/scratch/CompilerValidation/abdul_hameed/13may/Validation/RTL_testcases/GJC-IO-Testcases/GJC4/results_dir/GJC4/run_1/synth_1_1/synthesis/post_pnr_wrapper_GJC4_post_synth.v:1817: error: port ``$iopadmap$dly_b_multacc_regout[9]'' is not a port of $auto$rs_design_edit.cc:1109:execute$1194.
144 error(s) during elaboration.
Icarus Verilog version 13.0 (devel) (s20221226-498-g52d049b51)

Copyright (c) 2000-2024 Stephen Williams (steve@icarus.com)

  This program is free software; you can redistribute it and/or modify
  it under the terms of the GNU General Public License as published by
  the Free Software Foundation; either version 2 of the License, or
  (at your option) any later version.

  This program is distributed in the hope that it will be useful,
  but WITHOUT ANY WARRANTY; without even the implied warranty of
  MERCHANTABILITY or FITNESS FOR A PARTICULAR PURPOSE.  See the
  GNU General Public License for more details.

  You should have received a copy of the GNU General Public License along
  with this program; if not, write to the Free Software Foundation, Inc.,
  51 Franklin Street, Fifth Floor, Boston, MA 02110-1301, USA.

translate: /nfs_eda_sw/softwares/Raptor/instl_dir/05_13_2024_09_15_01/bin/HDL_simulator/iverilog/lib/ivl/ivlpp -v -L -F"/tmp/ivrlg23877bf17" -f"/tmp/ivrlg3877bf17" -p"/tmp/ivrli3877bf17" |/nfs_eda_sw/softwares/Raptor/instl_dir/05_13_2024_09_15_01/bin/HDL_simulator/iverilog/lib/ivl/ivl -v -C"/tmp/ivrlh3877bf17" -C"/nfs_eda_sw/softwares/Raptor/instl_dir/05_13_2024_09_15_01/bin/HDL_simulator/iverilog/lib/ivl/vvp.conf" -- -
ERROR: SPR: Design GJC4 simulation compilation failed!

ERROR: SPR: Design GJC4 Post-PnR simulation failed!

Design GJC4 simulation compilation failed!
Design GJC4 Post-PnR simulation failed!

    while executing
"simulate pnr icarus"
    (file "../raptor_tcl.tcl" line 48)
