/*******************************************************************************
Copyright (c) 2022-2024 Rapid Silicon
This source code contains proprietary information belonging to Rapid Silicon
(the "licensor") released under license and non-disclosure agreement to the
recipient (the "licensee").

The information shared and protected by the license and non-disclosure agreement
includes but is not limited to the following:
* operational algorithms of the product
* logos, graphics, source code, and visual presentation of the product
* confidential operational information of the licensor

The recipient of this source code is NOT permitted to publicly disclose,
re-use, archive beyond the period of the license agreement, transfer to a
sub-licensee, or re-implement any portion of the content covered by the license
and non-disclosure agreement without the prior written consent of the licensor.
*********************************************************************************/

Version  : 2024.05
Build    : 1.0.47
Hash     : 7fdfe90
Date     : May  4 2024
Type     : Engineering
Log Time   : Sun May  5 11:33:23 2024 GMT

[ 16:33:23 ] Analysis has started
[ 16:33:23 ] Command: /nfs_eda_sw/softwares/Raptor/instl_dir/05_04_2024_09_15_01/bin/yosys -s /nfs_scratch/scratch/CGA/repo/2024-05-05-12-50-59_T10887R23/Validation/RTL_testcases/RS_Primitive_example_designs/primitive_example_design_6/results_dir/primitive_example_design_6/run_1/synth_1_1/analysis/primitive_example_design_6_analyzer.cmd
[ 16:33:23 ] Duration: 69 ms. Max utilization: 44 MB
[ 16:33:23 ] Synthesize has started
[ 16:33:23 ] Command: /nfs_eda_sw/softwares/Raptor/instl_dir/05_04_2024_09_15_01/bin/yosys -s primitive_example_design_6.ys -l primitive_example_design_6_synth.log
[ 16:33:24 ] Duration: 691 ms. Max utilization: 60 MB
[ 16:33:24 ] Packing has started
[ 16:33:24 ] Analysis has started
[ 16:33:24 ] Command: /nfs_eda_sw/softwares/Raptor/instl_dir/05_04_2024_09_15_01/bin/vpr /nfs_eda_sw/softwares/Raptor/instl_dir/05_04_2024_09_15_01/share/raptor/etc/devices/gemini_compact_62x44/gemini_vpr.xml /nfs_scratch/scratch/CGA/repo/2024-05-05-12-50-59_T10887R23/Validation/RTL_testcases/RS_Primitive_example_designs/primitive_example_design_6/results_dir/primitive_example_design_6/run_1/synth_1_1/synthesis/fabric_primitive_example_design_6_post_synth.eblif --sdc_file /nfs_scratch/scratch/CGA/repo/2024-05-05-12-50-59_T10887R23/Validation/RTL_testcases/RS_Primitive_example_designs/primitive_example_design_6/results_dir/primitive_example_design_6/run_1/synth_1_1/impl_1_1_1/packing/fabric_primitive_example_design_6_openfpga.sdc --route_chan_width 160 --suppress_warnings check_rr_node_warnings.log,check_rr_node --clock_modeling ideal --absorb_buffer_luts off --skip_sync_clustering_and_routing_results off --constant_net_method route --post_place_timing_report primitive_example_design_6_post_place_timing.rpt --device castor62x44_heterogeneous --allow_unrelated_clustering on --allow_dangling_combinational_nodes on --place_delta_delay_matrix_calculation_method dijkstra --gen_post_synthesis_netlist on --post_synth_netlist_unconn_inputs gnd --inner_loop_recompute_divider 1 --max_router_iterations 1500 --timing_report_detail detailed --timing_report_npaths 100 --top primitive_example_design_6 --net_file /nfs_scratch/scratch/CGA/repo/2024-05-05-12-50-59_T10887R23/Validation/RTL_testcases/RS_Primitive_example_designs/primitive_example_design_6/results_dir/primitive_example_design_6/run_1/synth_1_1/impl_1_1_1/packing/fabric_primitive_example_design_6_post_synth.net --place_file /nfs_scratch/scratch/CGA/repo/2024-05-05-12-50-59_T10887R23/Validation/RTL_testcases/RS_Primitive_example_designs/primitive_example_design_6/results_dir/primitive_example_design_6/run_1/synth_1_1/impl_1_1_1/placement/fabric_primitive_example_design_6_post_synth.place --route_file /nfs_scratch/scratch/CGA/repo/2024-05-05-12-50-59_T10887R23/Validation/RTL_testcases/RS_Primitive_example_designs/primitive_example_design_6/results_dir/primitive_example_design_6/run_1/synth_1_1/impl_1_1_1/routing/fabric_primitive_example_design_6_post_synth.route --pack
[ 16:33:24 ] Duration: 146 ms. Max utilization: 218 MB
