/*******************************************************************************
Copyright (c) 2022 Rapid Silicon
This source code contains proprietary information belonging to Rapid Silicon
(the "licensor") released under license and non-disclosure agreement to the
recipient (the "licensee").

The information shared and protected by the license and non-disclosure agreement
includes but is not limited to the following:
* operational algorithms of the product
* logos, graphics, source code, and visual presentation of the product
* confidential operational information of the licensor

The recipient of this source code is NOT permitted to publicly disclose,
re-use, archive beyond the period of the license agreement, transfer to a
sub-licensee, or re-implement any portion of the content covered by the license
and non-disclosure agreement without the prior written consent of the licensor.
*********************************************************************************/

Version    : 0.3.38
Git Hash   : 8f9c8fe
Built      : Dec 28 2022
Built type : Engineering
Log Time   : Wed Dec 28 12:05:15 2022 GMT

[ 17:05:15 ] Synthesize has started
[ 17:05:15 ] Command: /nfs_eda_sw/softwares/Raptor/instl_dir/12_28_2022_09_15_01/bin/yosys -s rams_sp_wf_rst_en_1024x16.ys -l rams_sp_wf_rst_en_1024x16_synth.log
[ 17:05:21 ] Duration: 5509 ms. Max utilization: 52 MB
