/*******************************************************************************
Copyright (c) 2022-2024 Rapid Silicon
This source code contains proprietary information belonging to Rapid Silicon
(the "licensor") released under license and non-disclosure agreement to the
recipient (the "licensee").

The information shared and protected by the license and non-disclosure agreement
includes but is not limited to the following:
* operational algorithms of the product
* logos, graphics, source code, and visual presentation of the product
* confidential operational information of the licensor

The recipient of this source code is NOT permitted to publicly disclose,
re-use, archive beyond the period of the license agreement, transfer to a
sub-licensee, or re-implement any portion of the content covered by the license
and non-disclosure agreement without the prior written consent of the licensor.
*********************************************************************************/

Version  : 2024.09
Build    : 1.2.7
Hash     : ceb4202
Date     : Sep 25 2024
Type     : Engineering
Log Time   : Wed Sep 25 12:42:32 2024 GMT

[ 17:42:32 ] Analysis has started
[ 17:42:32 ] Command: /nfs_scratch/scratch/CompilerValidation/abdul_hameed/EDA-3258_VPR_FMAX_DROP/Raptor/build/bin/yosys -s /nfs_scratch/scratch/CompilerValidation/abdul_hameed/Validation/RTL_testcases/RTL_Benchmarks_Gap_Analysis/bigkey/results_dir/bigkey/run_1/synth_1_1/analysis/bigkey_analyzer.cmd
[ 17:42:33 ] Duration: 670 ms. Max utilization: 58 MB
[ 17:42:33 ] Synthesize has started
[ 17:42:33 ] Command: /nfs_scratch/scratch/CompilerValidation/abdul_hameed/EDA-3258_VPR_FMAX_DROP/Raptor/build/bin/yosys -s bigkey.ys -l bigkey_synth.log
[ 17:44:57 ] Duration: 143942 ms. Max utilization: 439 MB
[ 17:44:58 ] Packing has started
[ 17:44:59 ] Analysis has started
[ 17:44:59 ] Command: /nfs_scratch/scratch/CompilerValidation/abdul_hameed/EDA-3258_VPR_FMAX_DROP/Raptor/build/bin/vpr /nfs_scratch/scratch/CompilerValidation/abdul_hameed/EDA-3258_VPR_FMAX_DROP/Raptor/build/share/raptor/etc/devices/gemini_compact_62x44/gemini_vpr.xml /nfs_scratch/scratch/CompilerValidation/abdul_hameed/Validation/RTL_testcases/RTL_Benchmarks_Gap_Analysis/bigkey/results_dir/bigkey/run_1/synth_1_1/synthesis/fabric_bigkey_post_synth.eblif --sdc_file /nfs_scratch/scratch/CompilerValidation/abdul_hameed/Validation/RTL_testcases/RTL_Benchmarks_Gap_Analysis/bigkey/results_dir/bigkey/run_1/synth_1_1/impl_1_1_1/packing/fabric_bigkey_openfpga.sdc --route_chan_width 160 --suppress_warnings check_rr_node_warnings.log,check_rr_node --clock_modeling ideal --absorb_buffer_luts off --skip_sync_clustering_and_routing_results off --constant_net_method route --post_place_timing_report bigkey_post_place_timing.rpt --device castor62x44_heterogeneous --allow_unrelated_clustering on --allow_dangling_combinational_nodes on --place_delta_delay_matrix_calculation_method dijkstra --gen_post_synthesis_netlist on --post_synth_netlist_unconn_inputs gnd --inner_loop_recompute_divider 1 --max_router_iterations 1500 --timing_report_detail detailed --timing_report_npaths 100 --top bigkey --net_file /nfs_scratch/scratch/CompilerValidation/abdul_hameed/Validation/RTL_testcases/RTL_Benchmarks_Gap_Analysis/bigkey/results_dir/bigkey/run_1/synth_1_1/impl_1_1_1/packing/fabric_bigkey_post_synth.net --place_file /nfs_scratch/scratch/CompilerValidation/abdul_hameed/Validation/RTL_testcases/RTL_Benchmarks_Gap_Analysis/bigkey/results_dir/bigkey/run_1/synth_1_1/impl_1_1_1/placement/fabric_bigkey_post_synth.place --route_file /nfs_scratch/scratch/CompilerValidation/abdul_hameed/Validation/RTL_testcases/RTL_Benchmarks_Gap_Analysis/bigkey/results_dir/bigkey/run_1/synth_1_1/impl_1_1_1/routing/fabric_bigkey_post_synth.route --pack
[ 17:45:29 ] Duration: 30501 ms. Max utilization: 1161 MB
[ 17:45:29 ] Placement has started
[ 17:45:29 ] Command: /nfs_scratch/scratch/CompilerValidation/abdul_hameed/EDA-3258_VPR_FMAX_DROP/Raptor/build/bin/vpr /nfs_scratch/scratch/CompilerValidation/abdul_hameed/EDA-3258_VPR_FMAX_DROP/Raptor/build/share/raptor/etc/devices/gemini_compact_62x44/gemini_vpr.xml /nfs_scratch/scratch/CompilerValidation/abdul_hameed/Validation/RTL_testcases/RTL_Benchmarks_Gap_Analysis/bigkey/results_dir/bigkey/run_1/synth_1_1/synthesis/fabric_bigkey_post_synth.eblif --sdc_file /nfs_scratch/scratch/CompilerValidation/abdul_hameed/Validation/RTL_testcases/RTL_Benchmarks_Gap_Analysis/bigkey/results_dir/bigkey/run_1/synth_1_1/impl_1_1_1/packing/fabric_bigkey_openfpga.sdc --route_chan_width 160 --suppress_warnings check_rr_node_warnings.log,check_rr_node --clock_modeling ideal --absorb_buffer_luts off --skip_sync_clustering_and_routing_results off --constant_net_method route --post_place_timing_report bigkey_post_place_timing.rpt --device castor62x44_heterogeneous --allow_unrelated_clustering on --allow_dangling_combinational_nodes on --place_delta_delay_matrix_calculation_method dijkstra --gen_post_synthesis_netlist on --post_synth_netlist_unconn_inputs gnd --inner_loop_recompute_divider 1 --max_router_iterations 1500 --timing_report_detail detailed --timing_report_npaths 100 --top bigkey --net_file /nfs_scratch/scratch/CompilerValidation/abdul_hameed/Validation/RTL_testcases/RTL_Benchmarks_Gap_Analysis/bigkey/results_dir/bigkey/run_1/synth_1_1/impl_1_1_1/packing/fabric_bigkey_post_synth.net --place_file /nfs_scratch/scratch/CompilerValidation/abdul_hameed/Validation/RTL_testcases/RTL_Benchmarks_Gap_Analysis/bigkey/results_dir/bigkey/run_1/synth_1_1/impl_1_1_1/placement/fabric_bigkey_post_synth.place --route_file /nfs_scratch/scratch/CompilerValidation/abdul_hameed/Validation/RTL_testcases/RTL_Benchmarks_Gap_Analysis/bigkey/results_dir/bigkey/run_1/synth_1_1/impl_1_1_1/routing/fabric_bigkey_post_synth.route --place
[ 17:47:29 ] Duration: 119761 ms. Max utilization: 1114 MB
[ 17:47:29 ] Route has started
[ 17:47:29 ] Command: /nfs_scratch/scratch/CompilerValidation/abdul_hameed/EDA-3258_VPR_FMAX_DROP/Raptor/build/bin/vpr /nfs_scratch/scratch/CompilerValidation/abdul_hameed/EDA-3258_VPR_FMAX_DROP/Raptor/build/share/raptor/etc/devices/gemini_compact_62x44/gemini_vpr.xml /nfs_scratch/scratch/CompilerValidation/abdul_hameed/Validation/RTL_testcases/RTL_Benchmarks_Gap_Analysis/bigkey/results_dir/bigkey/run_1/synth_1_1/synthesis/fabric_bigkey_post_synth.eblif --sdc_file /nfs_scratch/scratch/CompilerValidation/abdul_hameed/Validation/RTL_testcases/RTL_Benchmarks_Gap_Analysis/bigkey/results_dir/bigkey/run_1/synth_1_1/impl_1_1_1/packing/fabric_bigkey_openfpga.sdc --route_chan_width 160 --suppress_warnings check_rr_node_warnings.log,check_rr_node --clock_modeling ideal --absorb_buffer_luts off --skip_sync_clustering_and_routing_results off --constant_net_method route --post_place_timing_report bigkey_post_place_timing.rpt --device castor62x44_heterogeneous --allow_unrelated_clustering on --allow_dangling_combinational_nodes on --place_delta_delay_matrix_calculation_method dijkstra --gen_post_synthesis_netlist on --post_synth_netlist_unconn_inputs gnd --inner_loop_recompute_divider 1 --max_router_iterations 1500 --timing_report_detail detailed --timing_report_npaths 100 --top bigkey --net_file /nfs_scratch/scratch/CompilerValidation/abdul_hameed/Validation/RTL_testcases/RTL_Benchmarks_Gap_Analysis/bigkey/results_dir/bigkey/run_1/synth_1_1/impl_1_1_1/packing/fabric_bigkey_post_synth.net --place_file /nfs_scratch/scratch/CompilerValidation/abdul_hameed/Validation/RTL_testcases/RTL_Benchmarks_Gap_Analysis/bigkey/results_dir/bigkey/run_1/synth_1_1/impl_1_1_1/placement/fabric_bigkey_post_synth.place --route_file /nfs_scratch/scratch/CompilerValidation/abdul_hameed/Validation/RTL_testcases/RTL_Benchmarks_Gap_Analysis/bigkey/results_dir/bigkey/run_1/synth_1_1/impl_1_1_1/routing/fabric_bigkey_post_synth.route --route
[ 17:48:33 ] Duration: 63552 ms. Max utilization: 1164 MB
[ 17:48:33 ] Command: /nfs_scratch/scratch/CompilerValidation/abdul_hameed/EDA-3258_VPR_FMAX_DROP/Raptor/build/bin/finalize  /nfs_scratch/scratch/CompilerValidation/abdul_hameed/Validation/RTL_testcases/RTL_Benchmarks_Gap_Analysis/bigkey/results_dir/bigkey/run_1/synth_1_1/impl_1_1_1/routing/fabric_bigkey_post_synthesis.v /nfs_scratch/scratch/CompilerValidation/abdul_hameed/Validation/RTL_testcases/RTL_Benchmarks_Gap_Analysis/bigkey/results_dir/bigkey/run_1/synth_1_1/impl_1_1_1/routing/fabric_bigkey_post_synthesis.v_
[ 17:48:33 ] Duration: 142 ms. Max utilization: 15 MB
[ 17:48:33 ] TimingAnalysis has started
[ 17:48:33 ] Command: /nfs_scratch/scratch/CompilerValidation/abdul_hameed/EDA-3258_VPR_FMAX_DROP/Raptor/build/bin/vpr /nfs_scratch/scratch/CompilerValidation/abdul_hameed/EDA-3258_VPR_FMAX_DROP/Raptor/build/share/raptor/etc/devices/gemini_compact_62x44/gemini_vpr.xml /nfs_scratch/scratch/CompilerValidation/abdul_hameed/Validation/RTL_testcases/RTL_Benchmarks_Gap_Analysis/bigkey/results_dir/bigkey/run_1/synth_1_1/synthesis/fabric_bigkey_post_synth.eblif --sdc_file /nfs_scratch/scratch/CompilerValidation/abdul_hameed/Validation/RTL_testcases/RTL_Benchmarks_Gap_Analysis/bigkey/results_dir/bigkey/run_1/synth_1_1/impl_1_1_1/packing/fabric_bigkey_openfpga.sdc --route_chan_width 160 --suppress_warnings check_rr_node_warnings.log,check_rr_node --clock_modeling ideal --absorb_buffer_luts off --skip_sync_clustering_and_routing_results off --constant_net_method route --post_place_timing_report bigkey_post_place_timing.rpt --device castor62x44_heterogeneous --allow_unrelated_clustering on --allow_dangling_combinational_nodes on --place_delta_delay_matrix_calculation_method dijkstra --post_synth_netlist_unconn_inputs gnd --inner_loop_recompute_divider 1 --max_router_iterations 1500 --timing_report_detail detailed --timing_report_npaths 100 --top bigkey --net_file /nfs_scratch/scratch/CompilerValidation/abdul_hameed/Validation/RTL_testcases/RTL_Benchmarks_Gap_Analysis/bigkey/results_dir/bigkey/run_1/synth_1_1/impl_1_1_1/packing/fabric_bigkey_post_synth.net --place_file /nfs_scratch/scratch/CompilerValidation/abdul_hameed/Validation/RTL_testcases/RTL_Benchmarks_Gap_Analysis/bigkey/results_dir/bigkey/run_1/synth_1_1/impl_1_1_1/placement/fabric_bigkey_post_synth.place --route_file /nfs_scratch/scratch/CompilerValidation/abdul_hameed/Validation/RTL_testcases/RTL_Benchmarks_Gap_Analysis/bigkey/results_dir/bigkey/run_1/synth_1_1/impl_1_1_1/routing/fabric_bigkey_post_synth.route --analysis
[ 17:49:02 ] Duration: 28615 ms. Max utilization: 1213 MB
[ 17:49:02 ] PowerAnalysis has started
[ 17:49:02 ] Command: /nfs_scratch/scratch/CompilerValidation/abdul_hameed/EDA-3258_VPR_FMAX_DROP/Raptor/build/bin/yosys -s pw_extract.ys -l bigkey_power.log
[ 17:49:04 ] Duration: 2094 ms. Max utilization: 71 MB
[ 17:49:04 ] GenerateBitstream has started
[ 17:49:04 ] Command: /nfs_scratch/scratch/CompilerValidation/abdul_hameed/EDA-3258_VPR_FMAX_DROP/Raptor/build/bin/openfpga -batch -f bigkey.openfpga
[ 17:53:07 ] Duration: 242554 ms. Max utilization: 3144 MB
[ 17:53:07 ] Analysis has started
