/*******************************************************************************
Copyright (c) 2022-2024 Rapid Silicon
This source code contains proprietary information belonging to Rapid Silicon
(the "licensor") released under license and non-disclosure agreement to the
recipient (the "licensee").

The information shared and protected by the license and non-disclosure agreement
includes but is not limited to the following:
* operational algorithms of the product
* logos, graphics, source code, and visual presentation of the product
* confidential operational information of the licensor

The recipient of this source code is NOT permitted to publicly disclose,
re-use, archive beyond the period of the license agreement, transfer to a
sub-licensee, or re-implement any portion of the content covered by the license
and non-disclosure agreement without the prior written consent of the licensor.
*********************************************************************************/

Version  : 2024.05
Build    : 1.0.46
Hash     : 56674c5
Date     : May  3 2024
Type     : Engineering
Log Time   : Fri May  3 10:56:17 2024 GMT

[ 15:56:17 ] Analysis has started
[ 15:56:17 ] Command: /nfs_eda_sw/softwares/Raptor/instl_dir/05_03_2024_09_15_01/bin/yosys -s /nfs_scratch/scratch/CompilerValidation/abdul_hameed/24apr/Validation/RTL_testcases/RTL_Benchmarks_Gap_Analysis/spim/results_dir/spim_top/run_1/synth_1_1/analysis/spim_top_analyzer.cmd
[ 15:56:18 ] Duration: 442 ms. Max utilization: 67 MB
[ 15:56:18 ] Synthesize has started
[ 15:56:18 ] Command: /nfs_eda_sw/softwares/Raptor/instl_dir/05_03_2024_09_15_01/bin/yosys -s spim_top.ys -l spim_top_synth.log
[ 17:14:39 ] Duration: 4700677 ms. Max utilization: 2889 MB
[ 17:14:40 ] Packing has started
[ 17:14:40 ] Analysis has started
[ 17:14:40 ] Analysis has started
[ 17:14:40 ] Command: /nfs_eda_sw/softwares/Raptor/instl_dir/05_03_2024_09_15_01/bin/vpr /nfs_eda_sw/softwares/Raptor/instl_dir/05_03_2024_09_15_01/share/raptor/etc/devices/gemini_compact_104x68/gemini_vpr.xml /nfs_scratch/scratch/CompilerValidation/abdul_hameed/24apr/Validation/RTL_testcases/RTL_Benchmarks_Gap_Analysis/spim/results_dir/spim_top/run_1/synth_1_1/synthesis/fabric_spim_top_post_synth.eblif --sdc_file /nfs_scratch/scratch/CompilerValidation/abdul_hameed/24apr/Validation/RTL_testcases/RTL_Benchmarks_Gap_Analysis/spim/results_dir/spim_top/run_1/synth_1_1/impl_1_1_1/packing/fabric_spim_top_openfpga.sdc --route_chan_width 160 --suppress_warnings check_rr_node_warnings.log,check_rr_node --clock_modeling ideal --absorb_buffer_luts off --skip_sync_clustering_and_routing_results off --constant_net_method route --post_place_timing_report spim_top_post_place_timing.rpt --device castor104x68_heterogeneous --allow_unrelated_clustering on --allow_dangling_combinational_nodes on --place_delta_delay_matrix_calculation_method dijkstra --gen_post_synthesis_netlist on --post_synth_netlist_unconn_inputs gnd --inner_loop_recompute_divider 1 --max_router_iterations 1500 --timing_report_detail detailed --timing_report_npaths 100 --top spim_top --net_file /nfs_scratch/scratch/CompilerValidation/abdul_hameed/24apr/Validation/RTL_testcases/RTL_Benchmarks_Gap_Analysis/spim/results_dir/spim_top/run_1/synth_1_1/impl_1_1_1/packing/fabric_spim_top_post_synth.net --place_file /nfs_scratch/scratch/CompilerValidation/abdul_hameed/24apr/Validation/RTL_testcases/RTL_Benchmarks_Gap_Analysis/spim/results_dir/spim_top/run_1/synth_1_1/impl_1_1_1/placement/fabric_spim_top_post_synth.place --route_file /nfs_scratch/scratch/CompilerValidation/abdul_hameed/24apr/Validation/RTL_testcases/RTL_Benchmarks_Gap_Analysis/spim/results_dir/spim_top/run_1/synth_1_1/impl_1_1_1/routing/fabric_spim_top_post_synth.route --pack
[ 17:14:45 ] Duration: 4485 ms. Max utilization: 414 MB
