/*******************************************************************************
Copyright (c) 2022-2024 Rapid Silicon
This source code contains proprietary information belonging to Rapid Silicon
(the "licensor") released under license and non-disclosure agreement to the
recipient (the "licensee").

The information shared and protected by the license and non-disclosure agreement
includes but is not limited to the following:
* operational algorithms of the product
* logos, graphics, source code, and visual presentation of the product
* confidential operational information of the licensor

The recipient of this source code is NOT permitted to publicly disclose,
re-use, archive beyond the period of the license agreement, transfer to a
sub-licensee, or re-implement any portion of the content covered by the license
and non-disclosure agreement without the prior written consent of the licensor.
*********************************************************************************/

Version  : 2024.05
Build    : 1.0.49
Hash     : f5c26b6
Date     : May  8 2024
Type     : Engineering
Log Time   : Wed May  8 10:09:44 2024 GMT

[ 15:09:49 ] Analysis has started
[ 15:09:49 ] Command: /nfs_eda_sw/softwares/Raptor/instl_dir/05_08_2024_09_15_02/bin/yosys -s /nfs_scratch/scratch/CompilerValidation/zaheer_ahmad/os_fpga2/Validation/RTL_testcases/RTL_Benchmarks_Gap_Analysis/lpif/results_dir/lpif/run_1/synth_1_1/analysis/lpif_analyzer.cmd
[ 15:09:49 ] Duration: 88 ms. Max utilization: 46 MB
[ 15:09:49 ] Analysis has started
[ 15:09:49 ] Command: /nfs_eda_sw/softwares/Raptor/instl_dir/05_08_2024_09_15_02/bin/yosys -s /nfs_scratch/scratch/CompilerValidation/zaheer_ahmad/os_fpga2/Validation/RTL_testcases/RTL_Benchmarks_Gap_Analysis/lpif/results_dir/lpif/run_1/synth_1_1/analysis/lpif_analyzer.cmd
[ 15:10:04 ] Duration: 14926 ms. Max utilization: 1093 MB
[ 15:10:04 ] Synthesize has started
[ 15:10:04 ] Command: /nfs_eda_sw/softwares/Raptor/instl_dir/05_08_2024_09_15_02/bin/yosys -s lpif.ys -l lpif_synth.log
[ 15:11:53 ] Duration: 109671 ms. Max utilization: 1102 MB
[ 15:11:53 ] Packing has started
[ 15:11:54 ] Analysis has started
[ 15:11:54 ] Analysis has started
[ 15:11:54 ] Command: /nfs_eda_sw/softwares/Raptor/instl_dir/05_08_2024_09_15_02/bin/vpr /nfs_eda_sw/softwares/Raptor/instl_dir/05_08_2024_09_15_02/share/raptor/etc/devices/gemini_compact_62x44/gemini_vpr.xmle /nfs_scratch/scratch/CompilerValidation/zaheer_ahmad/os_fpga2/Validation/RTL_testcases/RTL_Benchmarks_Gap_Analysis/lpif/results_dir/lpif/run_1/synth_1_1/synthesis/fabric_lpif_post_synth.eblif --sdc_file /nfs_scratch/scratch/CompilerValidation/zaheer_ahmad/os_fpga2/Validation/RTL_testcases/RTL_Benchmarks_Gap_Analysis/lpif/results_dir/lpif/run_1/synth_1_1/impl_1_1_1/packing/fabric_lpif_openfpga.sdc --route_chan_width 160 --suppress_warnings check_rr_node_warnings.log,check_rr_node --clock_modeling ideal --absorb_buffer_luts off --skip_sync_clustering_and_routing_results off --constant_net_method route --post_place_timing_report lpif_post_place_timing.rpt --device castor62x44_heterogeneous --allow_unrelated_clustering on --allow_dangling_combinational_nodes on --place_delta_delay_matrix_calculation_method dijkstra --gen_post_synthesis_netlist on --post_synth_netlist_unconn_inputs gnd --inner_loop_recompute_divider 1 --max_router_iterations 1500 --timing_report_detail detailed --timing_report_npaths 100 --top lpif --net_file /nfs_scratch/scratch/CompilerValidation/zaheer_ahmad/os_fpga2/Validation/RTL_testcases/RTL_Benchmarks_Gap_Analysis/lpif/results_dir/lpif/run_1/synth_1_1/impl_1_1_1/packing/fabric_lpif_post_synth.net --place_file /nfs_scratch/scratch/CompilerValidation/zaheer_ahmad/os_fpga2/Validation/RTL_testcases/RTL_Benchmarks_Gap_Analysis/lpif/results_dir/lpif/run_1/synth_1_1/impl_1_1_1/placement/fabric_lpif_post_synth.place --route_file /nfs_scratch/scratch/CompilerValidation/zaheer_ahmad/os_fpga2/Validation/RTL_testcases/RTL_Benchmarks_Gap_Analysis/lpif/results_dir/lpif/run_1/synth_1_1/impl_1_1_1/routing/fabric_lpif_post_synth.route --pack
[ 15:11:55 ] Duration: 1431 ms. Max utilization: 230 MB
