314683 |     ADDER_CARRY #(
       |     ^~~~~~~~~~~
%Error: /nfs_scratch/scratch/CompilerValidation/abdul_hameed/12SEPT/Validation/RTL_testcases/Benchmarking_QoR_testcases/syn2/results_dir/syn2/run_1/synth_1_1/impl_1_1_1/routing/fabric_syn2_post_route.v:314720:5: Cannot find file containing module: 'ADDER_CARRY'
314720 |     ADDER_CARRY #(
       |     ^~~~~~~~~~~
%Error: /nfs_scratch/scratch/CompilerValidation/abdul_hameed/12SEPT/Validation/RTL_testcases/Benchmarking_QoR_testcases/syn2/results_dir/syn2/run_1/synth_1_1/impl_1_1_1/routing/fabric_syn2_post_route.v:314757:5: Cannot find file containing module: 'ADDER_CARRY'
314757 |     ADDER_CARRY #(
       |     ^~~~~~~~~~~
%Error: /nfs_scratch/scratch/CompilerValidation/abdul_hameed/12SEPT/Validation/RTL_testcases/Benchmarking_QoR_testcases/syn2/results_dir/syn2/run_1/synth_1_1/impl_1_1_1/routing/fabric_syn2_post_route.v:314794:5: Cannot find file containing module: 'ADDER_CARRY'
314794 |     ADDER_CARRY #(
       |     ^~~~~~~~~~~
%Error: /nfs_scratch/scratch/CompilerValidation/abdul_hameed/12SEPT/Validation/RTL_testcases/Benchmarking_QoR_testcases/syn2/results_dir/syn2/run_1/synth_1_1/impl_1_1_1/routing/fabric_syn2_post_route.v:314803:5: Cannot find file containing module: 'ADDER_CARRY'
314803 |     ADDER_CARRY #(
       |     ^~~~~~~~~~~
%Error: /nfs_scratch/scratch/CompilerValidation/abdul_hameed/12SEPT/Validation/RTL_testcases/Benchmarking_QoR_testcases/syn2/results_dir/syn2/run_1/synth_1_1/impl_1_1_1/routing/fabric_syn2_post_route.v:314812:5: Cannot find file containing module: 'ADDER_CARRY'
314812 |     ADDER_CARRY #(
       |     ^~~~~~~~~~~
%Error: /nfs_scratch/scratch/CompilerValidation/abdul_hameed/12SEPT/Validation/RTL_testcases/Benchmarking_QoR_testcases/syn2/results_dir/syn2/run_1/synth_1_1/impl_1_1_1/routing/fabric_syn2_post_route.v:314821:5: Cannot find file containing module: 'ADDER_CARRY'
314821 |     ADDER_CARRY #(
       |     ^~~~~~~~~~~
%Error: /nfs_scratch/scratch/CompilerValidation/abdul_hameed/12SEPT/Validation/RTL_testcases/Benchmarking_QoR_testcases/syn2/results_dir/syn2/run_1/synth_1_1/impl_1_1_1/routing/fabric_syn2_post_route.v:314858:5: Cannot find file containing module: 'ADDER_CARRY'
314858 |     ADDER_CARRY #(
       |     ^~~~~~~~~~~
%Error: /nfs_scratch/scratch/CompilerValidation/abdul_hameed/12SEPT/Validation/RTL_testcases/Benchmarking_QoR_testcases/syn2/results_dir/syn2/run_1/synth_1_1/impl_1_1_1/routing/fabric_syn2_post_route.v:314867:5: Cannot find file containing module: 'ADDER_CARRY'
314867 |     ADDER_CARRY #(
       |     ^~~~~~~~~~~
%Error: /nfs_scratch/scratch/CompilerValidation/abdul_hameed/12SEPT/Validation/RTL_testcases/Benchmarking_QoR_testcases/syn2/results_dir/syn2/run_1/synth_1_1/impl_1_1_1/routing/fabric_syn2_post_route.v:314876:5: Cannot find file containing module: 'ADDER_CARRY'
314876 |     ADDER_CARRY #(
       |     ^~~~~~~~~~~
%Error: /nfs_scratch/scratch/CompilerValidation/abdul_hameed/12SEPT/Validation/RTL_testcases/Benchmarking_QoR_testcases/syn2/results_dir/syn2/run_1/synth_1_1/impl_1_1_1/routing/fabric_syn2_post_route.v:314885:5: Cannot find file containing module: 'ADDER_CARRY'
314885 |     ADDER_CARRY #(
       |     ^~~~~~~~~~~
%Error: /nfs_scratch/scratch/CompilerValidation/abdul_hameed/12SEPT/Validation/RTL_testcases/Benchmarking_QoR_testcases/syn2/results_dir/syn2/run_1/synth_1_1/impl_1_1_1/routing/fabric_syn2_post_route.v:314922:5: Cannot find file containing module: 'ADDER_CARRY'
314922 |     ADDER_CARRY #(
       |     ^~~~~~~~~~~
%Error: /nfs_scratch/scratch/CompilerValidation/abdul_hameed/12SEPT/Validation/RTL_testcases/Benchmarking_QoR_testcases/syn2/results_dir/syn2/run_1/synth_1_1/impl_1_1_1/routing/fabric_syn2_post_route.v:314945:5: Cannot find file containing module: 'ADDER_CARRY'
314945 |     ADDER_CARRY #(
       |     ^~~~~~~~~~~
%Error: /nfs_scratch/scratch/CompilerValidation/abdul_hameed/12SEPT/Validation/RTL_testcases/Benchmarking_QoR_testcases/syn2/results_dir/syn2/run_1/synth_1_1/impl_1_1_1/routing/fabric_syn2_post_route.v:314982:5: Cannot find file containing module: 'ADDER_CARRY'
314982 |     ADDER_CARRY #(
       |     ^~~~~~~~~~~
%Error: /nfs_scratch/scratch/CompilerValidation/abdul_hameed/12SEPT/Validation/RTL_testcases/Benchmarking_QoR_testcases/syn2/results_dir/syn2/run_1/synth_1_1/impl_1_1_1/routing/fabric_syn2_post_route.v:314991:5: Cannot find file containing module: 'ADDER_CARRY'
314991 |     ADDER_CARRY #(
       |     ^~~~~~~~~~~
%Error: /nfs_scratch/scratch/CompilerValidation/abdul_hameed/12SEPT/Validation/RTL_testcases/Benchmarking_QoR_testcases/syn2/results_dir/syn2/run_1/synth_1_1/impl_1_1_1/routing/fabric_syn2_post_route.v:315028:5: Cannot find file containing module: 'ADDER_CARRY'
315028 |     ADDER_CARRY #(
       |     ^~~~~~~~~~~
%Error: /nfs_scratch/scratch/CompilerValidation/abdul_hameed/12SEPT/Validation/RTL_testcases/Benchmarking_QoR_testcases/syn2/results_dir/syn2/run_1/synth_1_1/impl_1_1_1/routing/fabric_syn2_post_route.v:315065:5: Cannot find file containing module: 'ADDER_CARRY'
315065 |     ADDER_CARRY #(
       |     ^~~~~~~~~~~
%Error: /nfs_scratch/scratch/CompilerValidation/abdul_hameed/12SEPT/Validation/RTL_testcases/Benchmarking_QoR_testcases/syn2/results_dir/syn2/run_1/synth_1_1/impl_1_1_1/routing/fabric_syn2_post_route.v:315102:5: Cannot find file containing module: 'ADDER_CARRY'
315102 |     ADDER_CARRY #(
       |     ^~~~~~~~~~~
%Error: /nfs_scratch/scratch/CompilerValidation/abdul_hameed/12SEPT/Validation/RTL_testcases/Benchmarking_QoR_testcases/syn2/results_dir/syn2/run_1/synth_1_1/impl_1_1_1/routing/fabric_syn2_post_route.v:315111:5: Cannot find file containing module: 'ADDER_CARRY'
315111 |     ADDER_CARRY #(
       |     ^~~~~~~~~~~
%Error: /nfs_scratch/scratch/CompilerValidation/abdul_hameed/12SEPT/Validation/RTL_testcases/Benchmarking_QoR_testcases/syn2/results_dir/syn2/run_1/synth_1_1/impl_1_1_1/routing/fabric_syn2_post_route.v:315120:5: Cannot find file containing module: 'ADDER_CARRY'
315120 |     ADDER_CARRY #(
       |     ^~~~~~~~~~~
%Error: /nfs_scratch/scratch/CompilerValidation/abdul_hameed/12SEPT/Validation/RTL_testcases/Benchmarking_QoR_testcases/syn2/results_dir/syn2/run_1/synth_1_1/impl_1_1_1/routing/fabric_syn2_post_route.v:315157:5: Cannot find file containing module: 'ADDER_CARRY'
315157 |     ADDER_CARRY #(
       |     ^~~~~~~~~~~
%Error: /nfs_scratch/scratch/CompilerValidation/abdul_hameed/12SEPT/Validation/RTL_testcases/Benchmarking_QoR_testcases/syn2/results_dir/syn2/run_1/synth_1_1/impl_1_1_1/routing/fabric_syn2_post_route.v:315194:5: Cannot find file containing module: 'ADDER_CARRY'
315194 |     ADDER_CARRY #(
       |     ^~~~~~~~~~~
%Error: /nfs_scratch/scratch/CompilerValidation/abdul_hameed/12SEPT/Validation/RTL_testcases/Benchmarking_QoR_testcases/syn2/results_dir/syn2/run_1/synth_1_1/impl_1_1_1/routing/fabric_syn2_post_route.v:315231:5: Cannot find file containing module: 'ADDER_CARRY'
315231 |     ADDER_CARRY #(
       |     ^~~~~~~~~~~
%Error: /nfs_scratch/scratch/CompilerValidation/abdul_hameed/12SEPT/Validation/RTL_testcases/Benchmarking_QoR_testcases/syn2/results_dir/syn2/run_1/synth_1_1/impl_1_1_1/routing/fabric_syn2_post_route.v:315240:5: Cannot find file containing module: 'ADDER_CARRY'
315240 |     ADDER_CARRY #(
       |     ^~~~~~~~~~~
%Error: /nfs_scratch/scratch/CompilerValidation/abdul_hameed/12SEPT/Validation/RTL_testcases/Benchmarking_QoR_testcases/syn2/results_dir/syn2/run_1/synth_1_1/impl_1_1_1/routing/fabric_syn2_post_route.v:315277:5: Cannot find file containing module: 'ADDER_CARRY'
315277 |     ADDER_CARRY #(
       |     ^~~~~~~~~~~
%Error: /nfs_scratch/scratch/CompilerValidation/abdul_hameed/12SEPT/Validation/RTL_testcases/Benchmarking_QoR_testcases/syn2/results_dir/syn2/run_1/synth_1_1/impl_1_1_1/routing/fabric_syn2_post_route.v:315314:5: Cannot find file containing module: 'ADDER_CARRY'
315314 |     ADDER_CARRY #(
       |     ^~~~~~~~~~~
%Error: /nfs_scratch/scratch/CompilerValidation/abdul_hameed/12SEPT/Validation/RTL_testcases/Benchmarking_QoR_testcases/syn2/results_dir/syn2/run_1/synth_1_1/impl_1_1_1/routing/fabric_syn2_post_route.v:315323:5: Cannot find file containing module: 'ADDER_CARRY'
315323 |     ADDER_CARRY #(
       |     ^~~~~~~~~~~
%Error: /nfs_scratch/scratch/CompilerValidation/abdul_hameed/12SEPT/Validation/RTL_testcases/Benchmarking_QoR_testcases/syn2/results_dir/syn2/run_1/synth_1_1/impl_1_1_1/routing/fabric_syn2_post_route.v:315332:5: Cannot find file containing module: 'ADDER_CARRY'
315332 |     ADDER_CARRY #(
       |     ^~~~~~~~~~~
%Error: /nfs_scratch/scratch/CompilerValidation/abdul_hameed/12SEPT/Validation/RTL_testcases/Benchmarking_QoR_testcases/syn2/results_dir/syn2/run_1/synth_1_1/impl_1_1_1/routing/fabric_syn2_post_route.v:315341:5: Cannot find file containing module: 'ADDER_CARRY'
315341 |     ADDER_CARRY #(
       |     ^~~~~~~~~~~
%Error: /nfs_scratch/scratch/CompilerValidation/abdul_hameed/12SEPT/Validation/RTL_testcases/Benchmarking_QoR_testcases/syn2/results_dir/syn2/run_1/synth_1_1/impl_1_1_1/routing/fabric_syn2_post_route.v:315378:5: Cannot find file containing module: 'ADDER_CARRY'
315378 |     ADDER_CARRY #(
       |     ^~~~~~~~~~~
%Error: Exiting due to too many errors encountered; --error-limit=50
ERROR: SPR: Design syn2 simulation compilation failed!

ERROR: SPR: Design syn2 Post-PnR simulation failed!

Design syn2 simulation compilation failed!
Design syn2 Post-PnR simulation failed!

    while executing
"simulate pnr verilator"
    (file "../raptor_tcl.tcl" line 19)
