********************************************
*  SURELOG SystemVerilog  Compiler/Linter  *
********************************************

Copyright (c) 2017-2023 Alain Dargelas,
http://www.apache.org/licenses/LICENSE-2.0

VERSION: 1.84
BUILT  : Oct  3 2024
DATE   : 2024-10-04.11:42:18
COMMAND: -synth -top ahb_slave_example_simulation -I../../../../.././rtl -I../../../../.. -I/nfs_scratch/scratch/CompilerValidation/zaheer_ahmad/os_fpga2/Validation/RTL_testcases/RS_Primitive_example_designs/ahb_slave_example_simulation/results_dir/.././rtl /nfs_scratch/scratch/CompilerValidation/zaheer_ahmad/os_fpga2/Validation/RTL_testcases/RS_Primitive_example_designs/ahb_slave_example_simulation/results_dir/.././rtl/bscell.sv /nfs_scratch/scratch/CompilerValidation/zaheer_ahmad/os_fpga2/Validation/RTL_testcases/RS_Primitive_example_designs/ahb_slave_example_simulation/results_dir/.././rtl/ff_sync.sv /nfs_scratch/scratch/CompilerValidation/zaheer_ahmad/os_fpga2/Validation/RTL_testcases/RS_Primitive_example_designs/ahb_slave_example_simulation/results_dir/.././rtl/jtag_axi_wrap.sv /nfs_scratch/scratch/CompilerValidation/zaheer_ahmad/os_fpga2/Validation/RTL_testcases/RS_Primitive_example_designs/ahb_slave_example_simulation/results_dir/.././rtl/jtag_to_axi_top.sv /nfs_scratch/scratch/CompilerValidation/zaheer_ahmad/os_fpga2/Validation/RTL_testcases/RS_Primitive_example_designs/ahb_slave_example_simulation/results_dir/.././rtl/jtag_to_axi_wrapper.sv /nfs_scratch/scratch/CompilerValidation/zaheer_ahmad/os_fpga2/Validation/RTL_testcases/RS_Primitive_example_designs/ahb_slave_example_simulation/results_dir/.././rtl/jtagreg.sv /nfs_scratch/scratch/CompilerValidation/zaheer_ahmad/os_fpga2/Validation/RTL_testcases/RS_Primitive_example_designs/ahb_slave_example_simulation/results_dir/.././rtl/tap_top.sv /nfs_scratch/scratch/CompilerValidation/zaheer_ahmad/os_fpga2/Validation/RTL_testcases/RS_Primitive_example_designs/ahb_slave_example_simulation/results_dir/.././rtl/ahb2axi4.sv /nfs_scratch/scratch/CompilerValidation/zaheer_ahmad/os_fpga2/Validation/RTL_testcases/RS_Primitive_example_designs/ahb_slave_example_simulation/results_dir/.././rtl/ahb2axi4_wrapper.v /nfs_scratch/scratch/CompilerValidation/zaheer_ahmad/os_fpga2/Validation/RTL_testcases/RS_Primitive_example_designs/ahb_slave_example_simulation/results_dir/.././rtl/beh_lib.sv /nfs_scratch/scratch/CompilerValidation/zaheer_ahmad/os_fpga2/Validation/RTL_testcases/RS_Primitive_example_designs/ahb_slave_example_simulation/results_dir/.././rtl/ahb_slave_example_simulation.v -DYOSYS=1 -DSYNTHESIS=1

[INF:CM0023] Creating log file "/nfs_scratch/scratch/CompilerValidation/zaheer_ahmad/os_fpga2/Validation/RTL_testcases/RS_Primitive_example_designs/ahb_slave_example_simulation/results_dir/ahb_slave_example_simulation/run_1/synth_1_1/analysis/slpp_all/surelog.log".
[NTE:PP0105] /nfs_scratch/scratch/CompilerValidation/zaheer_ahmad/os_fpga2/Validation/RTL_testcases/RS_Primitive_example_designs/ahb_slave_example_simulation/rtl/beh_lib.sv:22:1: Multiply defined macro "RV_FPGA_OPTIMIZE",
             /nfs_scratch/scratch/CompilerValidation/zaheer_ahmad/os_fpga2/Validation/RTL_testcases/RS_Primitive_example_designs/ahb_slave_example_simulation/rtl/ahb2axi4.sv:25:9: previous definition.
[INF:CP0300] Compilation...
[INF:CP0303] /nfs_scratch/scratch/CompilerValidation/zaheer_ahmad/os_fpga2/Validation/RTL_testcases/RS_Primitive_example_designs/ahb_slave_example_simulation/rtl/beh_lib.sv:142:1: Compile module "work@TEC_RV_ICG".
[INF:CP0303] /nfs_scratch/scratch/CompilerValidation/zaheer_ahmad/os_fpga2/Validation/RTL_testcases/RS_Primitive_example_designs/ahb_slave_example_simulation/rtl/ahb2axi4_wrapper.v:23:1: Compile module "work@ahb2axi4_wrapper".
[INF:CP0303] /nfs_scratch/scratch/CompilerValidation/zaheer_ahmad/os_fpga2/Validation/RTL_testcases/RS_Primitive_example_designs/ahb_slave_example_simulation/rtl/ahb_slave_example_simulation.v:1:1: Compile module "work@ahb_slave_example_simulation".
[INF:CP0303] /nfs_scratch/scratch/CompilerValidation/zaheer_ahmad/os_fpga2/Validation/RTL_testcases/RS_Primitive_example_designs/ahb_slave_example_simulation/rtl/ahb2axi4.sv:27:1: Compile module "work@ahb_to_axi4".
[INF:CP0303] /nfs_scratch/scratch/CompilerValidation/zaheer_ahmad/os_fpga2/Validation/RTL_testcases/RS_Primitive_example_designs/ahb_slave_example_simulation/rtl/bscell.sv:3:1: Compile module "work@bscell".
[INF:CP0303] /nfs_scratch/scratch/CompilerValidation/zaheer_ahmad/os_fpga2/Validation/RTL_testcases/RS_Primitive_example_designs/ahb_slave_example_simulation/rtl/ff_sync.sv:23:1: Compile module "work@ff_sync".
[INF:CP0303] /nfs_scratch/scratch/CompilerValidation/zaheer_ahmad/os_fpga2/Validation/RTL_testcases/RS_Primitive_example_designs/ahb_slave_example_simulation/rtl/jtag_axi_wrap.sv:14:1: Compile module "work@jtag_axi_wrap".
[INF:CP0303] /nfs_scratch/scratch/CompilerValidation/zaheer_ahmad/os_fpga2/Validation/RTL_testcases/RS_Primitive_example_designs/ahb_slave_example_simulation/rtl/jtag_to_axi_top.sv:21:1: Compile module "work@jtag_to_axi_top".
[INF:CP0303] /nfs_scratch/scratch/CompilerValidation/zaheer_ahmad/os_fpga2/Validation/RTL_testcases/RS_Primitive_example_designs/ahb_slave_example_simulation/rtl/jtag_to_axi_wrapper.sv:23:1: Compile module "work@jtag_to_axi_wrapper".
[INF:CP0303] /nfs_scratch/scratch/CompilerValidation/zaheer_ahmad/os_fpga2/Validation/RTL_testcases/RS_Primitive_example_designs/ahb_slave_example_simulation/rtl/jtagreg.sv:11:1: Compile module "work@jtagreg".
[INF:CP0303] /nfs_scratch/scratch/CompilerValidation/zaheer_ahmad/os_fpga2/Validation/RTL_testcases/RS_Primitive_example_designs/ahb_slave_example_simulation/rtl/ahb_slave_example_simulation.v:216:1: Compile module "work@ram".
[INF:CP0303] /nfs_scratch/scratch/CompilerValidation/zaheer_ahmad/os_fpga2/Validation/RTL_testcases/RS_Primitive_example_designs/ahb_slave_example_simulation/rtl/beh_lib.sv:169:1: Compile module "work@rvclkhdr".
[INF:CP0303] /nfs_scratch/scratch/CompilerValidation/zaheer_ahmad/os_fpga2/Validation/RTL_testcases/RS_Primitive_example_designs/ahb_slave_example_simulation/rtl/beh_lib.sv:42:1: Compile module "work@rvdff".
[INF:CP0303] /nfs_scratch/scratch/CompilerValidation/zaheer_ahmad/os_fpga2/Validation/RTL_testcases/RS_Primitive_example_designs/ahb_slave_example_simulation/rtl/beh_lib.sv:88:1: Compile module "work@rvdff_fpga".
[INF:CP0303] /nfs_scratch/scratch/CompilerValidation/zaheer_ahmad/os_fpga2/Validation/RTL_testcases/RS_Primitive_example_designs/ahb_slave_example_simulation/rtl/beh_lib.sv:185:1: Compile module "work@rvdffe".
[INF:CP0303] /nfs_scratch/scratch/CompilerValidation/zaheer_ahmad/os_fpga2/Validation/RTL_testcases/RS_Primitive_example_designs/ahb_slave_example_simulation/rtl/beh_lib.sv:71:1: Compile module "work@rvdffs".
[INF:CP0303] /nfs_scratch/scratch/CompilerValidation/zaheer_ahmad/os_fpga2/Validation/RTL_testcases/RS_Primitive_example_designs/ahb_slave_example_simulation/rtl/beh_lib.sv:107:1: Compile module "work@rvdffs_fpga".
[INF:CP0303] /nfs_scratch/scratch/CompilerValidation/zaheer_ahmad/os_fpga2/Validation/RTL_testcases/RS_Primitive_example_designs/ahb_slave_example_simulation/rtl/beh_lib.sv:26:1: Compile module "work@rvdffsc".
[INF:CP0303] /nfs_scratch/scratch/CompilerValidation/zaheer_ahmad/os_fpga2/Validation/RTL_testcases/RS_Primitive_example_designs/ahb_slave_example_simulation/rtl/beh_lib.sv:124:1: Compile module "work@rvdffsc_fpga".
[INF:CP0303] /nfs_scratch/scratch/CompilerValidation/zaheer_ahmad/os_fpga2/Validation/RTL_testcases/RS_Primitive_example_designs/ahb_slave_example_simulation/rtl/beh_lib.sv:219:1: Compile module "work@rvrangecheck".
[INF:CP0303] /nfs_scratch/scratch/CompilerValidation/zaheer_ahmad/os_fpga2/Validation/RTL_testcases/RS_Primitive_example_designs/ahb_slave_example_simulation/rtl/tap_top.sv:14:1: Compile module "work@tap_top".
[INF:CP0302] Compile class "work@mailbox".
[INF:CP0302] Compile class "work@process".
[INF:CP0302] Compile class "work@semaphore".
[NTE:CP0309] /nfs_scratch/scratch/CompilerValidation/zaheer_ahmad/os_fpga2/Validation/RTL_testcases/RS_Primitive_example_designs/ahb_slave_example_simulation/rtl/beh_lib.sv:145:10: Implicit port type (wire) for "Q".
[NTE:CP0309] /nfs_scratch/scratch/CompilerValidation/zaheer_ahmad/os_fpga2/Validation/RTL_testcases/RS_Primitive_example_designs/ahb_slave_example_simulation/rtl/tap_top.sv:29:16: Implicit port type (wire) for "shift_dr_o",
there are 8 more instances of this message.
[INF:EL0526] Design Elaboration...
[INF:CP0335] /nfs_scratch/scratch/CompilerValidation/zaheer_ahmad/os_fpga2/Validation/RTL_testcases/RS_Primitive_example_designs/ahb_slave_example_simulation/rtl/jtagreg.sv:53:9: Compile generate block "work@ahb_slave_example_simulation.jtag_to_axi_wrapper_inst.jtag_to_axi_top.AXI_DATA_IN_REG.genblk1[1]".
[INF:CP0335] /nfs_scratch/scratch/CompilerValidation/zaheer_ahmad/os_fpga2/Validation/RTL_testcases/RS_Primitive_example_designs/ahb_slave_example_simulation/rtl/jtagreg.sv:53:9: Compile generate block "work@ahb_slave_example_simulation.jtag_to_axi_wrapper_inst.jtag_to_axi_top.AXI_DATA_IN_REG.genblk1[2]".
[INF:CP0335] /nfs_scratch/scratch/CompilerValidation/zaheer_ahmad/os_fpga2/Validation/RTL_testcases/RS_Primitive_example_designs/ahb_slave_example_simulation/rtl/jtagreg.sv:53:9: Compile generate block "work@ahb_slave_example_simulation.jtag_to_axi_wrapper_inst.jtag_to_axi_top.AXI_DATA_IN_REG.genblk1[3]".
[INF:CP0335] /nfs_scratch/scratch/CompilerValidation/zaheer_ahmad/os_fpga2/Validation/RTL_testcases/RS_Primitive_example_designs/ahb_slave_example_simulation/rtl/jtagreg.sv:53:9: Compile generate block "work@ahb_slave_example_simulation.jtag_to_axi_wrapper_inst.jtag_to_axi_top.AXI_DATA_IN_REG.genblk1[4]".
[INF:CP0335] /nfs_scratch/scratch/CompilerValidation/zaheer_ahmad/os_fpga2/Validation/RTL_testcases/RS_Primitive_example_designs/ahb_slave_example_simulation/rtl/jtagreg.sv:53:9: Compile generate block "work@ahb_slave_example_simulation.jtag_to_axi_wrapper_inst.jtag_to_axi_top.AXI_DATA_IN_REG.genblk1[5]".
[INF:CP0335] /nfs_scratch/scratch/CompilerValidation/zaheer_ahmad/os_fpga2/Validation/RTL_testcases/RS_Primitive_example_designs/ahb_slave_example_simulation/rtl/jtagreg.sv:53:9: Compile generate block "work@ahb_slave_example_simulation.jtag_to_axi_wrapper_inst.jtag_to_axi_top.AXI_DATA_IN_REG.genblk1[6]".
[INF:CP0335] /nfs_scratch/scratch/CompilerValidation/zaheer_ahmad/os_fpga2/Validation/RTL_testcases/RS_Primitive_example_designs/ahb_slave_example_simulation/rtl/jtagreg.sv:53:9: Compile generate block "work@ahb_slave_example_simulation.jtag_to_axi_wrapper_inst.jtag_to_axi_top.AXI_DATA_IN_REG.genblk1[7]".
[INF:CP0335] /nfs_scratch/scratch/CompilerValidation/zaheer_ahmad/os_fpga2/Validation/RTL_testcases/RS_Primitive_example_designs/ahb_slave_example_simulation/rtl/jtagreg.sv:53:9: Compile generate block "work@ahb_slave_example_simulation.jtag_to_axi_wrapper_inst.jtag_to_axi_top.AXI_DATA_IN_REG.genblk1[8]".
[INF:CP0335] /nfs_scratch/scratch/CompilerValidation/zaheer_ahmad/os_fpga2/Validation/RTL_testcases/RS_Primitive_example_designs/ahb_slave_example_simulation/rtl/jtagreg.sv:53:9: Compile generate block "work@ahb_slave_example_simulation.jtag_to_axi_wrapper_inst.jtag_to_axi_top.AXI_DATA_IN_REG.genblk1[9]".
[INF:CP0335] /nfs_scratch/scratch/CompilerValidation/zaheer_ahmad/os_fpga2/Validation/RTL_testcases/RS_Primitive_example_designs/ahb_slave_example_simulation/rtl/jtagreg.sv:53:9: Compile generate block "work@ahb_slave_example_simulation.jtag_to_axi_wrapper_inst.jtag_to_axi_top.AXI_DATA_IN_REG.genblk1[10]".
[INF:CP0335] /nfs_scratch/scratch/CompilerValidation/zaheer_ahmad/os_fpga2/Validation/RTL_testcases/RS_Primitive_example_designs/ahb_slave_example_simulation/rtl/jtagreg.sv:53:9: Compile generate block "work@ahb_slave_example_simulation.jtag_to_axi_wrapper_inst.jtag_to_axi_top.AXI_DATA_IN_REG.genblk1[11]".
[INF:CP0335] /nfs_scratch/scratch/CompilerValidation/zaheer_ahmad/os_fpga2/Validation/RTL_testcases/RS_Primitive_example_designs/ahb_slave_example_simulation/rtl/jtagreg.sv:53:9: Compile generate block "work@ahb_slave_example_simulation.jtag_to_axi_wrapper_inst.jtag_to_axi_top.AXI_DATA_IN_REG.genblk1[12]".
[INF:CP0335] /nfs_scratch/scratch/CompilerValidation/zaheer_ahmad/os_fpga2/Validation/RTL_testcases/RS_Primitive_example_designs/ahb_slave_example_simulation/rtl/jtagreg.sv:53:9: Compile generate block "work@ahb_slave_example_simulation.jtag_to_axi_wrapper_inst.jtag_to_axi_top.AXI_DATA_IN_REG.genblk1[13]".
[INF:CP0335] /nfs_scratch/scratch/CompilerValidation/zaheer_ahmad/os_fpga2/Validation/RTL_testcases/RS_Primitive_example_designs/ahb_slave_example_simulation/rtl/jtagreg.sv:53:9: Compile generate block "work@ahb_slave_example_simulation.jtag_to_axi_wrapper_inst.jtag_to_axi_top.AXI_DATA_IN_REG.genblk1[14]".
[INF:CP0335] /nfs_scratch/scratch/CompilerValidation/zaheer_ahmad/os_fpga2/Validation/RTL_testcases/RS_Primitive_example_designs/ahb_slave_example_simulation/rtl/jtagreg.sv:53:9: Compile generate block "work@ahb_slave_example_simulation.jtag_to_axi_wrapper_inst.jtag_to_axi_top.AXI_DATA_IN_REG.genblk1[15]".
[INF:CP0335] /nfs_scratch/scratch/CompilerValidation/zaheer_ahmad/os_fpga2/Validation/RTL_testcases/RS_Primitive_example_designs/ahb_slave_example_simulation/rtl/jtagreg.sv:53:9: Compile generate block "work@ahb_slave_example_simulation.jtag_to_axi_wrapper_inst.jtag_to_axi_top.AXI_DATA_IN_REG.genblk1[16]".
[INF:CP0335] /nfs_scratch/scratch/CompilerValidation/zaheer_ahmad/os_fpga2/Validation/RTL_testcases/RS_Primitive_example_designs/ahb_slave_example_simulation/rtl/jtagreg.sv:53:9: Compile generate block "work@ahb_slave_example_simulation.jtag_to_axi_wrapper_inst.jtag_to_axi_top.AXI_DATA_IN_REG.genblk1[17]".
[INF:CP0335] /nfs_scratch/scratch/CompilerValidation/zaheer_ahmad/os_fpga2/Validation/RTL_testcases/RS_Primitive_example_designs/ahb_slave_example_simulation/rtl/jtagreg.sv:53:9: Compile generate block "work@ahb_slave_example_simulation.jtag_to_axi_wrapper_inst.jtag_to_axi_top.AXI_DATA_IN_REG.genblk1[18]".
[INF:CP0335] /nfs_scratch/scratch/CompilerValidation/zaheer_ahmad/os_fpga2/Validation/RTL_testcases/RS_Primitive_example_designs/ahb_slave_example_simulation/rtl/jtagreg.sv:53:9: Compile generate block "work@ahb_slave_example_simulation.jtag_to_axi_wrapper_inst.jtag_to_axi_top.AXI_DATA_IN_REG.genblk1[19]".
[INF:CP0335] /nfs_scratch/scratch/CompilerValidation/zaheer_ahmad/os_fpga2/Validation/RTL_testcases/RS_Primitive_example_designs/ahb_slave_example_simulation/rtl/jtagreg.sv:53:9: Compile generate block "work@ahb_slave_example_simulation.jtag_to_axi_wrapper_inst.jtag_to_axi_top.AXI_DATA_IN_REG.genblk1[20]".
[INF:CP0335] /nfs_scratch/scratch/CompilerValidation/zaheer_ahmad/os_fpga2/Validation/RTL_testcases/RS_Primitive_example_designs/ahb_slave_example_simulation/rtl/jtagreg.sv:53:9: Compile generate block "work@ahb_slave_example_simulation.jtag_to_axi_wrapper_inst.jtag_to_axi_top.AXI_DATA_IN_REG.genblk1[21]".
[INF:CP0335] /nfs_scratch/scratch/CompilerValidation/zaheer_ahmad/os_fpga2/Validation/RTL_testcases/RS_Primitive_example_designs/ahb_slave_example_simulation/rtl/jtagreg.sv:53:9: Compile generate block "work@ahb_slave_example_simulation.jtag_to_axi_wrapper_inst.jtag_to_axi_top.AXI_DATA_IN_REG.genblk1[22]".
[INF:CP0335] /nfs_scratch/scratch/CompilerValidation/zaheer_ahmad/os_fpga2/Validation/RTL_testcases/RS_Primitive_example_designs/ahb_slave_example_simulation/rtl/jtagreg.sv:53:9: Compile generate block "work@ahb_slave_example_simulation.jtag_to_axi_wrapper_inst.jtag_to_axi_top.AXI_DATA_IN_REG.genblk1[23]".
[INF:CP0335] /nfs_scratch/scratch/CompilerValidation/zaheer_ahmad/os_fpga2/Validation/RTL_testcases/RS_Primitive_example_designs/ahb_slave_example_simulation/rtl/jtagreg.sv:53:9: Compile generate block "work@ahb_slave_example_simulation.jtag_to_axi_wrapper_inst.jtag_to_axi_top.AXI_DATA_IN_REG.genblk1[24]".
[INF:CP0335] /nfs_scratch/scratch/CompilerValidation/zaheer_ahmad/os_fpga2/Validation/RTL_testcases/RS_Primitive_example_designs/ahb_slave_example_simulation/rtl/jtagreg.sv:53:9: Compile generate block "work@ahb_slave_example_simulation.jtag_to_axi_wrapper_inst.jtag_to_axi_top.AXI_DATA_IN_REG.genblk1[25]".
[INF:CP0335] /nfs_scratch/scratch/CompilerValidation/zaheer_ahmad/os_fpga2/Validation/RTL_testcases/RS_Primitive_example_designs/ahb_slave_example_simulation/rtl/jtagreg.sv:53:9: Compile generate block "work@ahb_slave_example_simulation.jtag_to_axi_wrapper_inst.jtag_to_axi_top.AXI_DATA_IN_REG.genblk1[26]".
[INF:CP0335] /nfs_scratch/scratch/CompilerValidation/zaheer_ahmad/os_fpga2/Validation/RTL_testcases/RS_Primitive_example_designs/ahb_slave_example_simulation/rtl/jtagreg.sv:53:9: Compile generate block "work@ahb_slave_example_simulation.jtag_to_axi_wrapper_inst.jtag_to_axi_top.AXI_DATA_IN_REG.genblk1[27]".
[INF:CP0335] /nfs_scratch/scratch/CompilerValidation/zaheer_ahmad/os_fpga2/Validation/RTL_testcases/RS_Primitive_example_designs/ahb_slave_example_simulation/rtl/jtagreg.sv:53:9: Compile generate block "work@ahb_slave_example_simulation.jtag_to_axi_wrapper_inst.jtag_to_axi_top.AXI_DATA_IN_REG.genblk1[28]".
[INF:CP0335] /nfs_scratch/scratch/CompilerValidation/zaheer_ahmad/os_fpga2/Validation/RTL_testcases/RS_Primitive_example_designs/ahb_slave_example_simulation/rtl/jtagreg.sv:53:9: Compile generate block "work@ahb_slave_example_simulation.jtag_to_axi_wrapper_inst.jtag_to_axi_top.AXI_DATA_IN_REG.genblk1[29]".
[INF:CP0335] /nfs_scratch/scratch/CompilerValidation/zaheer_ahmad/os_fpga2/Validation/RTL_testcases/RS_Primitive_example_designs/ahb_slave_example_simulation/rtl/jtagreg.sv:53:9: Compile generate block "work@ahb_slave_example_simulation.jtag_to_axi_wrapper_inst.jtag_to_axi_top.AXI_DATA_IN_REG.genblk1[30]".
[INF:CP0335] /nfs_scratch/scratch/CompilerValidation/zaheer_ahmad/os_fpga2/Validation/RTL_testcases/RS_Primitive_example_designs/ahb_slave_example_simulation/rtl/jtagreg.sv:53:9: Compile generate block "work@ahb_slave_example_simulation.jtag_to_axi_wrapper_inst.jtag_to_axi_top.AXI_DATA_IN_REG.genblk1[31]".
[INF:CP0335] /nfs_scratch/scratch/CompilerValidation/zaheer_ahmad/os_fpga2/Validation/RTL_testcases/RS_Primitive_example_designs/ahb_slave_example_simulation/rtl/jtagreg.sv:53:9: Compile generate block "work@ahb_slave_example_simulation.jtag_to_axi_wrapper_inst.jtag_to_axi_top.AXI_DATA_IN_REG.genblk1[32]".
[INF:CP0335] /nfs_scratch/scratch/CompilerValidation/zaheer_ahmad/os_fpga2/Validation/RTL_testcases/RS_Primitive_example_designs/ahb_slave_example_simulation/rtl/jtagreg.sv:53:9: Compile generate block "work@ahb_slave_example_simulation.jtag_to_axi_wrapper_inst.jtag_to_axi_top.AXI_DATA_IN_REG.genblk1[33]".
[INF:CP0335] /nfs_scratch/scratch/CompilerValidation/zaheer_ahmad/os_fpga2/Validation/RTL_testcases/RS_Primitive_example_designs/ahb_slave_example_simulation/rtl/jtagreg.sv:53:9: Compile generate block "work@ahb_slave_example_simulation.jtag_to_axi_wrapper_inst.jtag_to_axi_top.AXI_DATA_IN_REG.genblk1[34]".
[INF:CP0335] /nfs_scratch/scratch/CompilerValidation/zaheer_ahmad/os_fpga2/Validation/RTL_testcases/RS_Primitive_example_designs/ahb_slave_example_simulation/rtl/jtagreg.sv:53:9: Compile generate block "work@ahb_slave_example_simulation.jtag_to_axi_wrapper_inst.jtag_to_axi_top.AXI_DATA_IN_REG.genblk1[35]".
[INF:CP0335] /nfs_scratch/scratch/CompilerValidation/zaheer_ahmad/os_fpga2/Validation/RTL_testcases/RS_Primitive_example_designs/ahb_slave_example_simulation/rtl/jtagreg.sv:53:9: Compile generate block "work@ahb_slave_example_simulation.jtag_to_axi_wrapper_inst.jtag_to_axi_top.AXI_DATA_IN_REG.genblk1[36]".
[INF:CP0335] /nfs_scratch/scratch/CompilerValidation/zaheer_ahmad/os_fpga2/Validation/RTL_testcases/RS_Primitive_example_designs/ahb_slave_example_simulation/rtl/jtagreg.sv:53:9: Compile generate block "work@ahb_slave_example_simulation.jtag_to_axi_wrapper_inst.jtag_to_axi_top.AXI_DATA_IN_REG.genblk1[37]".
[INF:CP0335] /nfs_scratch/scratch/CompilerValidation/zaheer_ahmad/os_fpga2/Validation/RTL_testcases/RS_Primitive_example_designs/ahb_slave_example_simulation/rtl/jtagreg.sv:53:9: Compile generate block "work@ahb_slave_example_simulation.jtag_to_axi_wrapper_inst.jtag_to_axi_top.AXI_DATA_IN_REG.genblk1[38]".
[INF:CP0335] /nfs_scratch/scratch/CompilerValidation/zaheer_ahmad/os_fpga2/Validation/RTL_testcases/RS_Primitive_example_designs/ahb_slave_example_simulation/rtl/jtagreg.sv:53:9: Compile generate block "work@ahb_slave_example_simulation.jtag_to_axi_wrapper_inst.jtag_to_axi_top.AXI_DATA_IN_REG.genblk1[39]".
[INF:CP0335] /nfs_scratch/scratch/CompilerValidation/zaheer_ahmad/os_fpga2/Validation/RTL_testcases/RS_Primitive_example_designs/ahb_slave_example_simulation/rtl/jtagreg.sv:53:9: Compile generate block "work@ahb_slave_example_simulation.jtag_to_axi_wrapper_inst.jtag_to_axi_top.AXI_DATA_IN_REG.genblk1[40]".
[INF:CP0335] /nfs_scratch/scratch/CompilerValidation/zaheer_ahmad/os_fpga2/Validation/RTL_testcases/RS_Primitive_example_designs/ahb_slave_example_simulation/rtl/jtagreg.sv:53:9: Compile generate block "work@ahb_slave_example_simulation.jtag_to_axi_wrapper_inst.jtag_to_axi_top.AXI_DATA_IN_REG.genblk1[41]".
[INF:CP0335] /nfs_scratch/scratch/CompilerValidation/zaheer_ahmad/os_fpga2/Validation/RTL_testcases/RS_Primitive_example_designs/ahb_slave_example_simulation/rtl/jtagreg.sv:53:9: Compile generate block "work@ahb_slave_example_simulation.jtag_to_axi_wrapper_inst.jtag_to_axi_top.AXI_DATA_IN_REG.genblk1[42]".
[INF:CP0335] /nfs_scratch/scratch/CompilerValidation/zaheer_ahmad/os_fpga2/Validation/RTL_testcases/RS_Primitive_example_designs/ahb_slave_example_simulation/rtl/jtagreg.sv:53:9: Compile generate block "work@ahb_slave_example_simulation.jtag_to_axi_wrapper_inst.jtag_to_axi_top.AXI_DATA_IN_REG.genblk1[43]".
[INF:CP0335] /nfs_scratch/scratch/CompilerValidation/zaheer_ahmad/os_fpga2/Validation/RTL_testcases/RS_Primitive_example_designs/ahb_slave_example_simulation/rtl/jtagreg.sv:53:9: Compile generate block "work@ahb_slave_example_simulation.jtag_to_axi_wrapper_inst.jtag_to_axi_top.AXI_DATA_IN_REG.genblk1[44]".
[INF:CP0335] /nfs_scratch/scratch/CompilerValidation/zaheer_ahmad/os_fpga2/Validation/RTL_testcases/RS_Primitive_example_designs/ahb_slave_example_simulation/rtl/jtagreg.sv:53:9: Compile generate block "work@ahb_slave_example_simulation.jtag_to_axi_wrapper_inst.jtag_to_axi_top.AXI_DATA_IN_REG.genblk1[45]".
[INF:CP0335] /nfs_scratch/scratch/CompilerValidation/zaheer_ahmad/os_fpga2/Validation/RTL_testcases/RS_Primitive_example_designs/ahb_slave_example_simulation/rtl/jtagreg.sv:53:9: Compile generate block "work@ahb_slave_example_simulation.jtag_to_axi_wrapper_inst.jtag_to_axi_top.AXI_DATA_IN_REG.genblk1[46]".
[INF:CP0335] /nfs_scratch/scratch/CompilerValidation/zaheer_ahmad/os_fpga2/Validation/RTL_testcases/RS_Primitive_example_designs/ahb_slave_example_simulation/rtl/jtagreg.sv:53:9: Compile generate block "work@ahb_slave_example_simulation.jtag_to_axi_wrapper_inst.jtag_to_axi_top.AXI_DATA_IN_REG.genblk1[47]".
[INF:CP0335] /nfs_scratch/scratch/CompilerValidation/zaheer_ahmad/os_fpga2/Validation/RTL_testcases/RS_Primitive_example_designs/ahb_slave_example_simulation/rtl/jtagreg.sv:53:9: Compile generate block "work@ahb_slave_example_simulation.jtag_to_axi_wrapper_inst.jtag_to_axi_top.AXI_DATA_IN_REG.genblk1[48]".
[INF:CP0335] /nfs_scratch/scratch/CompilerValidation/zaheer_ahmad/os_fpga2/Validation/RTL_testcases/RS_Primitive_example_designs/ahb_slave_example_simulation/rtl/jtagreg.sv:53:9: Compile generate block "work@ahb_slave_example_simulation.jtag_to_axi_wrapper_inst.jtag_to_axi_top.AXI_DATA_IN_REG.genblk1[49]".
[INF:CP0335] /nfs_scratch/scratch/CompilerValidation/zaheer_ahmad/os_fpga2/Validation/RTL_testcases/RS_Primitive_example_designs/ahb_slave_example_simulation/rtl/jtagreg.sv:53:9: Compile generate block "work@ahb_slave_example_simulation.jtag_to_axi_wrapper_inst.jtag_to_axi_top.AXI_DATA_IN_REG.genblk1[50]".
[INF:CP0335] /nfs_scratch/scratch/CompilerValidation/zaheer_ahmad/os_fpga2/Validation/RTL_testcases/RS_Primitive_example_designs/ahb_slave_example_simulation/rtl/jtagreg.sv:53:9: Compile generate block "work@ahb_slave_example_simulation.jtag_to_axi_wrapper_inst.jtag_to_axi_top.AXI_DATA_IN_REG.genblk1[51]".
[INF:CP0335] /nfs_scratch/scratch/CompilerValidation/zaheer_ahmad/os_fpga2/Validation/RTL_testcases/RS_Primitive_example_designs/ahb_slave_example_simulation/rtl/jtagreg.sv:53:9: Compile generate block "work@ahb_slave_example_simulation.jtag_to_axi_wrapper_inst.jtag_to_axi_top.AXI_DATA_IN_REG.genblk1[52]".
[INF:CP0335] /nfs_scratch/scratch/CompilerValidation/zaheer_ahmad/os_fpga2/Validation/RTL_testcases/RS_Primitive_example_designs/ahb_slave_example_simulation/rtl/jtagreg.sv:53:9: Compile generate block "work@ahb_slave_example_simulation.jtag_to_axi_wrapper_inst.jtag_to_axi_top.AXI_DATA_IN_REG.genblk1[53]".
[INF:CP0335] /nfs_scratch/scratch/CompilerValidation/zaheer_ahmad/os_fpga2/Validation/RTL_testcases/RS_Primitive_example_designs/ahb_slave_example_simulation/rtl/jtagreg.sv:53:9: Compile generate block "work@ahb_slave_example_simulation.jtag_to_axi_wrapper_inst.jtag_to_axi_top.AXI_DATA_IN_REG.genblk1[54]".
[INF:CP0335] /nfs_scratch/scratch/CompilerValidation/zaheer_ahmad/os_fpga2/Validation/RTL_testcases/RS_Primitive_example_designs/ahb_slave_example_simulation/rtl/jtagreg.sv:53:9: Compile generate block "work@ahb_slave_example_simulation.jtag_to_axi_wrapper_inst.jtag_to_axi_top.AXI_DATA_IN_REG.genblk1[55]".
[INF:CP0335] /nfs_scratch/scratch/CompilerValidation/zaheer_ahmad/os_fpga2/Validation/RTL_testcases/RS_Primitive_example_designs/ahb_slave_example_simulation/rtl/jtagreg.sv:53:9: Compile generate block "work@ahb_slave_example_simulation.jtag_to_axi_wrapper_inst.jtag_to_axi_top.AXI_DATA_IN_REG.genblk1[56]".
[INF:CP0335] /nfs_scratch/scratch/CompilerValidation/zaheer_ahmad/os_fpga2/Validation/RTL_testcases/RS_Primitive_example_designs/ahb_slave_example_simulation/rtl/jtagreg.sv:53:9: Compile generate block "work@ahb_slave_example_simulation.jtag_to_axi_wrapper_inst.jtag_to_axi_top.AXI_DATA_IN_REG.genblk1[57]".
[INF:CP0335] /nfs_scratch/scratch/CompilerValidation/zaheer_ahmad/os_fpga2/Validation/RTL_testcases/RS_Primitive_example_designs/ahb_slave_example_simulation/rtl/jtagreg.sv:53:9: Compile generate block "work@ahb_slave_example_simulation.jtag_to_axi_wrapper_inst.jtag_to_axi_top.AXI_DATA_IN_REG.genblk1[58]".
[INF:CP0335] /nfs_scratch/scratch/CompilerValidation/zaheer_ahmad/os_fpga2/Validation/RTL_testcases/RS_Primitive_example_designs/ahb_slave_example_simulation/rtl/jtagreg.sv:53:9: Compile generate block "work@ahb_slave_example_simulation.jtag_to_axi_wrapper_inst.jtag_to_axi_top.AXI_DATA_IN_REG.genblk1[59]".
[INF:CP0335] /nfs_scratch/scratch/CompilerValidation/zaheer_ahmad/os_fpga2/Validation/RTL_testcases/RS_Primitive_example_designs/ahb_slave_example_simulation/rtl/jtagreg.sv:53:9: Compile generate block "work@ahb_slave_example_simulation.jtag_to_axi_wrapper_inst.jtag_to_axi_top.AXI_DATA_IN_REG.genblk1[60]".
[INF:CP0335] /nfs_scratch/scratch/CompilerValidation/zaheer_ahmad/os_fpga2/Validation/RTL_testcases/RS_Primitive_example_designs/ahb_slave_example_simulation/rtl/jtagreg.sv:53:9: Compile generate block "work@ahb_slave_example_simulation.jtag_to_axi_wrapper_inst.jtag_to_axi_top.AXI_DATA_IN_REG.genblk1[61]".
[INF:CP0335] /nfs_scratch/scratch/CompilerValidation/zaheer_ahmad/os_fpga2/Validation/RTL_testcases/RS_Primitive_example_designs/ahb_slave_example_simulation/rtl/jtagreg.sv:53:9: Compile generate block "work@ahb_slave_example_simulation.jtag_to_axi_wrapper_inst.jtag_to_axi_top.AXI_DATA_IN_REG.genblk1[62]".
[INF:CP0335] /nfs_scratch/scratch/CompilerValidation/zaheer_ahmad/os_fpga2/Validation/RTL_testcases/RS_Primitive_example_designs/ahb_slave_example_simulation/rtl/jtagreg.sv:53:9: Compile generate block "work@ahb_slave_example_simulation.jtag_to_axi_wrapper_inst.jtag_to_axi_top.AXI_DATA_IN_REG.genblk1[63]".
[INF:CP0335] /nfs_scratch/scratch/CompilerValidation/zaheer_ahmad/os_fpga2/Validation/RTL_testcases/RS_Primitive_example_designs/ahb_slave_example_simulation/rtl/jtagreg.sv:53:9: Compile generate block "work@ahb_slave_example_simulation.jtag_to_axi_wrapper_inst.jtag_to_axi_top.AXI_DATA_IN_REG.genblk1[64]".
[INF:CP0335] /nfs_scratch/scratch/CompilerValidation/zaheer_ahmad/os_fpga2/Validation/RTL_testcases/RS_Primitive_example_designs/ahb_slave_example_simulation/rtl/jtagreg.sv:53:9: Compile generate block "work@ahb_slave_example_simulation.jtag_to_axi_wrapper_inst.jtag_to_axi_top.AXI_DATA_IN_REG.genblk1[65]".
[INF:CP0335] /nfs_scratch/scratch/CompilerValidation/zaheer_ahmad/os_fpga2/Validation/RTL_testcases/RS_Primitive_example_designs/ahb_slave_example_simulation/rtl/jtagreg.sv:53:9: Compile generate block "work@ahb_slave_example_simulation.jtag_to_axi_wrapper_inst.jtag_to_axi_top.AXI_DATA_IN_REG.genblk1[66]".
[INF:CP0335] /nfs_scratch/scratch/CompilerValidation/zaheer_ahmad/os_fpga2/Validation/RTL_testcases/RS_Primitive_example_designs/ahb_slave_example_simulation/rtl/jtagreg.sv:99:9: Compile generate block "work@ahb_slave_example_simulation.jtag_to_axi_wrapper_inst.jtag_to_axi_top.AXI_DATA_IN_REG.JTAG_NO_SYNC".
[INF:CP0335] /nfs_scratch/scratch/CompilerValidation/zaheer_ahmad/os_fpga2/Validation/RTL_testcases/RS_Primitive_example_designs/ahb_slave_example_simulation/rtl/jtagreg.sv:53:9: Compile generate block "work@ahb_slave_example_simulation.jtag_to_axi_wrapper_inst.jtag_to_axi_top.AXI_DATA_OUT_REG.genblk1[1]".
[INF:CP0335] /nfs_scratch/scratch/CompilerValidation/zaheer_ahmad/os_fpga2/Validation/RTL_testcases/RS_Primitive_example_designs/ahb_slave_example_simulation/rtl/jtagreg.sv:53:9: Compile generate block "work@ahb_slave_example_simulation.jtag_to_axi_wrapper_inst.jtag_to_axi_top.AXI_DATA_OUT_REG.genblk1[2]".
[INF:CP0335] /nfs_scratch/scratch/CompilerValidation/zaheer_ahmad/os_fpga2/Validation/RTL_testcases/RS_Primitive_example_designs/ahb_slave_example_simulation/rtl/jtagreg.sv:53:9: Compile generate block "work@ahb_slave_example_simulation.jtag_to_axi_wrapper_inst.jtag_to_axi_top.AXI_DATA_OUT_REG.genblk1[3]".
[INF:CP0335] /nfs_scratch/scratch/CompilerValidation/zaheer_ahmad/os_fpga2/Validation/RTL_testcases/RS_Primitive_example_designs/ahb_slave_example_simulation/rtl/jtagreg.sv:53:9: Compile generate block "work@ahb_slave_example_simulation.jtag_to_axi_wrapper_inst.jtag_to_axi_top.AXI_DATA_OUT_REG.genblk1[4]".
[INF:CP0335] /nfs_scratch/scratch/CompilerValidation/zaheer_ahmad/os_fpga2/Validation/RTL_testcases/RS_Primitive_example_designs/ahb_slave_example_simulation/rtl/jtagreg.sv:53:9: Compile generate block "work@ahb_slave_example_simulation.jtag_to_axi_wrapper_inst.jtag_to_axi_top.AXI_DATA_OUT_REG.genblk1[5]".
[INF:CP0335] /nfs_scratch/scratch/CompilerValidation/zaheer_ahmad/os_fpga2/Validation/RTL_testcases/RS_Primitive_example_designs/ahb_slave_example_simulation/rtl/jtagreg.sv:53:9: Compile generate block "work@ahb_slave_example_simulation.jtag_to_axi_wrapper_inst.jtag_to_axi_top.AXI_DATA_OUT_REG.genblk1[6]".
[INF:CP0335] /nfs_scratch/scratch/CompilerValidation/zaheer_ahmad/os_fpga2/Validation/RTL_testcases/RS_Primitive_example_designs/ahb_slave_example_simulation/rtl/jtagreg.sv:53:9: Compile generate block "work@ahb_slave_example_simulation.jtag_to_axi_wrapper_inst.jtag_to_axi_top.AXI_DATA_OUT_REG.genblk1[7]".
[INF:CP0335] /nfs_scratch/scratch/CompilerValidation/zaheer_ahmad/os_fpga2/Validation/RTL_testcases/RS_Primitive_example_designs/ahb_slave_example_simulation/rtl/jtagreg.sv:53:9: Compile generate block "work@ahb_slave_example_simulation.jtag_to_axi_wrapper_inst.jtag_to_axi_top.AXI_DATA_OUT_REG.genblk1[8]".
[INF:CP0335] /nfs_scratch/scratch/CompilerValidation/zaheer_ahmad/os_fpga2/Validation/RTL_testcases/RS_Primitive_example_designs/ahb_slave_example_simulation/rtl/jtagreg.sv:53:9: Compile generate block "work@ahb_slave_example_simulation.jtag_to_axi_wrapper_inst.jtag_to_axi_top.AXI_DATA_OUT_REG.genblk1[9]".
[INF:CP0335] /nfs_scratch/scratch/CompilerValidation/zaheer_ahmad/os_fpga2/Validation/RTL_testcases/RS_Primitive_example_designs/ahb_slave_example_simulation/rtl/jtagreg.sv:53:9: Compile generate block "work@ahb_slave_example_simulation.jtag_to_axi_wrapper_inst.jtag_to_axi_top.AXI_DATA_OUT_REG.genblk1[10]".
[INF:CP0335] /nfs_scratch/scratch/CompilerValidation/zaheer_ahmad/os_fpga2/Validation/RTL_testcases/RS_Primitive_example_designs/ahb_slave_example_simulation/rtl/jtagreg.sv:53:9: Compile generate block "work@ahb_slave_example_simulation.jtag_to_axi_wrapper_inst.jtag_to_axi_top.AXI_DATA_OUT_REG.genblk1[11]".
[INF:CP0335] /nfs_scratch/scratch/CompilerValidation/zaheer_ahmad/os_fpga2/Validation/RTL_testcases/RS_Primitive_example_designs/ahb_slave_example_simulation/rtl/jtagreg.sv:53:9: Compile generate block "work@ahb_slave_example_simulation.jtag_to_axi_wrapper_inst.jtag_to_axi_top.AXI_DATA_OUT_REG.genblk1[12]".
[INF:CP0335] /nfs_scratch/scratch/CompilerValidation/zaheer_ahmad/os_fpga2/Validation/RTL_testcases/RS_Primitive_example_designs/ahb_slave_example_simulation/rtl/jtagreg.sv:53:9: Compile generate block "work@ahb_slave_example_simulation.jtag_to_axi_wrapper_inst.jtag_to_axi_top.AXI_DATA_OUT_REG.genblk1[13]".
[INF:CP0335] /nfs_scratch/scratch/CompilerValidation/zaheer_ahmad/os_fpga2/Validation/RTL_testcases/RS_Primitive_example_designs/ahb_slave_example_simulation/rtl/jtagreg.sv:53:9: Compile generate block "work@ahb_slave_example_simulation.jtag_to_axi_wrapper_inst.jtag_to_axi_top.AXI_DATA_OUT_REG.genblk1[14]".
[INF:CP0335] /nfs_scratch/scratch/CompilerValidation/zaheer_ahmad/os_fpga2/Validation/RTL_testcases/RS_Primitive_example_designs/ahb_slave_example_simulation/rtl/jtagreg.sv:53:9: Compile generate block "work@ahb_slave_example_simulation.jtag_to_axi_wrapper_inst.jtag_to_axi_top.AXI_DATA_OUT_REG.genblk1[15]".
[INF:CP0335] /nfs_scratch/scratch/CompilerValidation/zaheer_ahmad/os_fpga2/Validation/RTL_testcases/RS_Primitive_example_designs/ahb_slave_example_simulation/rtl/jtagreg.sv:53:9: Compile generate block "work@ahb_slave_example_simulation.jtag_to_axi_wrapper_inst.jtag_to_axi_top.AXI_DATA_OUT_REG.genblk1[16]".
[INF:CP0335] /nfs_scratch/scratch/CompilerValidation/zaheer_ahmad/os_fpga2/Validation/RTL_testcases/RS_Primitive_example_designs/ahb_slave_example_simulation/rtl/jtagreg.sv:53:9: Compile generate block "work@ahb_slave_example_simulation.jtag_to_axi_wrapper_inst.jtag_to_axi_top.AXI_DATA_OUT_REG.genblk1[17]".
[INF:CP0335] /nfs_scratch/scratch/CompilerValidation/zaheer_ahmad/os_fpga2/Validation/RTL_testcases/RS_Primitive_example_designs/ahb_slave_example_simulation/rtl/jtagreg.sv:53:9: Compile generate block "work@ahb_slave_example_simulation.jtag_to_axi_wrapper_inst.jtag_to_axi_top.AXI_DATA_OUT_REG.genblk1[18]".
[INF:CP0335] /nfs_scratch/scratch/CompilerValidation/zaheer_ahmad/os_fpga2/Validation/RTL_testcases/RS_Primitive_example_designs/ahb_slave_example_simulation/rtl/jtagreg.sv:53:9: Compile generate block "work@ahb_slave_example_simulation.jtag_to_axi_wrapper_inst.jtag_to_axi_top.AXI_DATA_OUT_REG.genblk1[19]".
[INF:CP0335] /nfs_scratch/scratch/CompilerValidation/zaheer_ahmad/os_fpga2/Validation/RTL_testcases/RS_Primitive_example_designs/ahb_slave_example_simulation/rtl/jtagreg.sv:53:9: Compile generate block "work@ahb_slave_example_simulation.jtag_to_axi_wrapper_inst.jtag_to_axi_top.AXI_DATA_OUT_REG.genblk1[20]".
[INF:CP0335] /nfs_scratch/scratch/CompilerValidation/zaheer_ahmad/os_fpga2/Validation/RTL_testcases/RS_Primitive_example_designs/ahb_slave_example_simulation/rtl/jtagreg.sv:53:9: Compile generate block "work@ahb_slave_example_simulation.jtag_to_axi_wrapper_inst.jtag_to_axi_top.AXI_DATA_OUT_REG.genblk1[21]".
[INF:CP0335] /nfs_scratch/scratch/CompilerValidation/zaheer_ahmad/os_fpga2/Validation/RTL_testcases/RS_Primitive_example_designs/ahb_slave_example_simulation/rtl/jtagreg.sv:53:9: Compile generate block "work@ahb_slave_example_simulation.jtag_to_axi_wrapper_inst.jtag_to_axi_top.AXI_DATA_OUT_REG.genblk1[22]".
[INF:CP0335] /nfs_scratch/scratch/CompilerValidation/zaheer_ahmad/os_fpga2/Validation/RTL_testcases/RS_Primitive_example_designs/ahb_slave_example_simulation/rtl/jtagreg.sv:53:9: Compile generate block "work@ahb_slave_example_simulation.jtag_to_axi_wrapper_inst.jtag_to_axi_top.AXI_DATA_OUT_REG.genblk1[23]".
[INF:CP0335] /nfs_scratch/scratch/CompilerValidation/zaheer_ahmad/os_fpga2/Validation/RTL_testcases/RS_Primitive_example_designs/ahb_slave_example_simulation/rtl/jtagreg.sv:53:9: Compile generate block "work@ahb_slave_example_simulation.jtag_to_axi_wrapper_inst.jtag_to_axi_top.AXI_DATA_OUT_REG.genblk1[24]".
[INF:CP0335] /nfs_scratch/scratch/CompilerValidation/zaheer_ahmad/os_fpga2/Validation/RTL_testcases/RS_Primitive_example_designs/ahb_slave_example_simulation/rtl/jtagreg.sv:53:9: Compile generate block "work@ahb_slave_example_simulation.jtag_to_axi_wrapper_inst.jtag_to_axi_top.AXI_DATA_OUT_REG.genblk1[25]".
[INF:CP0335] /nfs_scratch/scratch/CompilerValidation/zaheer_ahmad/os_fpga2/Validation/RTL_testcases/RS_Primitive_example_designs/ahb_slave_example_simulation/rtl/jtagreg.sv:53:9: Compile generate block "work@ahb_slave_example_simulation.jtag_to_axi_wrapper_inst.jtag_to_axi_top.AXI_DATA_OUT_REG.genblk1[26]".
[INF:CP0335] /nfs_scratch/scratch/CompilerValidation/zaheer_ahmad/os_fpga2/Validation/RTL_testcases/RS_Primitive_example_designs/ahb_slave_example_simulation/rtl/jtagreg.sv:53:9: Compile generate block "work@ahb_slave_example_simulation.jtag_to_axi_wrapper_inst.jtag_to_axi_top.AXI_DATA_OUT_REG.genblk1[27]".
[INF:CP0335] /nfs_scratch/scratch/CompilerValidation/zaheer_ahmad/os_fpga2/Validation/RTL_testcases/RS_Primitive_example_designs/ahb_slave_example_simulation/rtl/jtagreg.sv:53:9: Compile generate block "work@ahb_slave_example_simulation.jtag_to_axi_wrapper_inst.jtag_to_axi_top.AXI_DATA_OUT_REG.genblk1[28]".
[INF:CP0335] /nfs_scratch/scratch/CompilerValidation/zaheer_ahmad/os_fpga2/Validation/RTL_testcases/RS_Primitive_example_designs/ahb_slave_example_simulation/rtl/jtagreg.sv:53:9: Compile generate block "work@ahb_slave_example_simulation.jtag_to_axi_wrapper_inst.jtag_to_axi_top.AXI_DATA_OUT_REG.genblk1[29]".
[INF:CP0335] /nfs_scratch/scratch/CompilerValidation/zaheer_ahmad/os_fpga2/Validation/RTL_testcases/RS_Primitive_example_designs/ahb_slave_example_simulation/rtl/jtagreg.sv:53:9: Compile generate block "work@ahb_slave_example_simulation.jtag_to_axi_wrapper_inst.jtag_to_axi_top.AXI_DATA_OUT_REG.genblk1[30]".
[INF:CP0335] /nfs_scratch/scratch/CompilerValidation/zaheer_ahmad/os_fpga2/Validation/RTL_testcases/RS_Primitive_example_designs/ahb_slave_example_simulation/rtl/jtagreg.sv:53:9: Compile generate block "work@ahb_slave_example_simulation.jtag_to_axi_wrapper_inst.jtag_to_axi_top.AXI_DATA_OUT_REG.genblk1[31]".
[INF:CP0335] /nfs_scratch/scratch/CompilerValidation/zaheer_ahmad/os_fpga2/Validation/RTL_testcases/RS_Primitive_example_designs/ahb_slave_example_simulation/rtl/jtagreg.sv:53:9: Compile generate block "work@ahb_slave_example_simulation.jtag_to_axi_wrapper_inst.jtag_to_axi_top.AXI_DATA_OUT_REG.genblk1[32]".
[INF:CP0335] /nfs_scratch/scratch/CompilerValidation/zaheer_ahmad/os_fpga2/Validation/RTL_testcases/RS_Primitive_example_designs/ahb_slave_example_simulation/rtl/jtagreg.sv:99:9: Compile generate block "work@ahb_slave_example_simulation.jtag_to_axi_wrapper_inst.jtag_to_axi_top.AXI_DATA_OUT_REG.JTAG_NO_SYNC".
[INF:CP0335] /nfs_scratch/scratch/CompilerValidation/zaheer_ahmad/os_fpga2/Validation/RTL_testcases/RS_Primitive_example_designs/ahb_slave_example_simulation/rtl/beh_lib.sv:199:34: Compile generate block "work@ahb_slave_example_simulation.ahb2axi4_inst.ahb_to_axi4.cmdbuf_addrff.genblock".
[INF:CP0335] /nfs_scratch/scratch/CompilerValidation/zaheer_ahmad/os_fpga2/Validation/RTL_testcases/RS_Primitive_example_designs/ahb_slave_example_simulation/rtl/beh_lib.sv:199:34: Compile generate block "work@ahb_slave_example_simulation.ahb2axi4_inst.ahb_to_axi4.cmdbuf_wdataff.genblock".
[INF:CP0335] /nfs_scratch/scratch/CompilerValidation/zaheer_ahmad/os_fpga2/Validation/RTL_testcases/RS_Primitive_example_designs/ahb_slave_example_simulation/rtl/beh_lib.sv:199:34: Compile generate block "work@ahb_slave_example_simulation.ahb2axi4_inst.ahb_to_axi4.cmdbuf_wdataff_ff.genblock".
[NTE:EL0503] /nfs_scratch/scratch/CompilerValidation/zaheer_ahmad/os_fpga2/Validation/RTL_testcases/RS_Primitive_example_designs/ahb_slave_example_simulation/rtl/ahb_slave_example_simulation.v:1:1: Top level module "work@ahb_slave_example_simulation".
[WRN:EL0500] /nfs_scratch/scratch/CompilerValidation/zaheer_ahmad/os_fpga2/Validation/RTL_testcases/RS_Primitive_example_designs/ahb_slave_example_simulation/rtl/ahb_slave_example_simulation.v:71:5: Cannot find a module definition for "work@ahb_slave_example_simulation::SOC_FPGA_INTF_AHB_S".
[NTE:EL0508] Nb Top level modules: 1.
[NTE:EL0509] Max instance depth: 7.
[NTE:EL0510] Nb instances: 197.
[NTE:EL0511] Nb leaf instances: 1.
[WRN:EL0512] Nb undefined modules: 1.
[WRN:EL0513] Nb undefined instances: 1.
[INF:UH0706] Creating UHDM Model...
[INF:UH0707] Elaborating UHDM...
[  FATAL] : 0
[ SYNTAX] : 0
[  ERROR] : 0
[WARNING] : 3
[   NOTE] : 8
