/*******************************************************************************
Copyright (c) 2022-2024 Rapid Silicon
This source code contains proprietary information belonging to Rapid Silicon
(the "licensor") released under license and non-disclosure agreement to the
recipient (the "licensee").

The information shared and protected by the license and non-disclosure agreement
includes but is not limited to the following:
* operational algorithms of the product
* logos, graphics, source code, and visual presentation of the product
* confidential operational information of the licensor

The recipient of this source code is NOT permitted to publicly disclose,
re-use, archive beyond the period of the license agreement, transfer to a
sub-licensee, or re-implement any portion of the content covered by the license
and non-disclosure agreement without the prior written consent of the licensor.
*********************************************************************************/

Version  : 2024.07
Build    : 1.1.32
Hash     : f231183
Date     : Jul 19 2024
Type     : Engineering
Log Time   : Fri Jul 19 10:28:25 2024 GMT

[ 15:28:25 ] Analysis has started
[ 15:28:25 ] Command: /nfs_eda_sw/softwares/Raptor/instl_dir/07_19_2024_09_15_02/bin/yosys -s /nfs_scratch/scratch/CompilerValidation/zaheer_ahmad/os_fpga2/Validation/RTL_testcases/jira_testcases/video_stream_scaler_EDA-2184/results_dir/video_stream_scalar_EDA-2184/run_1/synth_1_1/analysis/video_stream_scalar_EDA-2184_analyzer.cmd
[ 15:28:25 ] Duration: 255 ms. Max utilization: 50 MB
[ 15:28:25 ] Synthesize has started
[ 15:28:25 ] Command: /nfs_eda_sw/softwares/Raptor/instl_dir/07_19_2024_09_15_02/bin/yosys -s video_stream_scalar_EDA-2184.ys -l video_stream_scalar_EDA-2184_synth.log
[ 15:28:25 ] Duration: 384 ms. Max utilization: 51 MB
