
=====================
Raptor Summary Report
=====================

Raptor encountered error in raptor.log and completed on 23-10-19 15:53
  ERROR: Multiple edge sensitive events found for this signal!
  Design    : Video_stream_Scaler
  Project   : Video_stream_Scaler_raptor_project_default_1GE100-ES1
  Top-level : streamScaler_sr_top
  Device    : 1GE100-ES1
  Run Type: _raptor_project_default_1GE100-ES1
  Runtime not available

===============
Resources
===============
I/O  :	  0 out of 360 			  0%
  Inputs    :	  0 			  0%
  Outputs   :	  0 			  0%

CLB  :
  LUTs
  CARRY     :	    0

  Registers :	    0 out of 69696	  0%
    FF        :	       0 		  0%
    LATCH     :	       0 		  0%

BRAM :	  0 out of 154			  0%

DSP  :	  0 out of 154			  0%

Comparison to prior Raptor run
---------------------------------
Resource : Old --> New ---- Change %
---------------------------------
	Unchanged:
		clb : 0 --> 0 ---- 0%
		bram : 0 --> 0 ---- 0%
	Fewer:
		lut : 59438 --> 0 ---- 59438%
		ff : 65921 --> 0 ---- 65921%
		dsp : 11 --> 0 ---- 11%
		carry1 : 75 --> 0 ---- 75%

===============
Clocks
===============
Clocks : 0

===============
Timing
===============
WNS Setup : N/A ns
TNS Setup : N/A ns
WNS Hold  : N/A ns
TNS Hold  : N/A ns

===============
Nets
===============
Nets           : N/A
Average Fanout : N/A
Maximum Fanout : N/A

===============
Hierarchy
===============
Design used 2 Verilog files

streamScaler_sr_top
     \streamScaler
         \ramFifo
             \ramDualPort

===============
Version and memory stats
===============
Raptor version 2023.10 N/A N/A
Raptor peak memory was 0.1 GB
Project used 1 MB of disk space

===============
Individual step stats
===============
analysis does not have runtime information
  Consumed 58 MB memory
  Using Default Options
  Completed with 1 Warnings and 0 Errors
synthesis does not have runtime information
  Consumed 145 MB memory
  Using Default Options
  Using Default Synthesis Optimization
  Completed with 72 Warnings and 0 Errors
packing did not run

placement did not run

routing did not run

timing_analysis did not run


===============
Machine Stats
===============
Machine              : ussw01.rapidsiliconus.local
OS                   : CentOS Linux release 7.9.2009 (Core)
Processor            : AMD EPYC 7452 32-Core Processor
Number of Processors : 16
Physical Memory      : 263 GB

