/*******************************************************************************
Copyright (c) 2022-2024 Rapid Silicon
This source code contains proprietary information belonging to Rapid Silicon
(the "licensor") released under license and non-disclosure agreement to the
recipient (the "licensee").

The information shared and protected by the license and non-disclosure agreement
includes but is not limited to the following:
* operational algorithms of the product
* logos, graphics, source code, and visual presentation of the product
* confidential operational information of the licensor

The recipient of this source code is NOT permitted to publicly disclose,
re-use, archive beyond the period of the license agreement, transfer to a
sub-licensee, or re-implement any portion of the content covered by the license
and non-disclosure agreement without the prior written consent of the licensor.
*********************************************************************************/

Version  : 2024.07
Build    : 1.1.38
Hash     : d0f8292
Date     : Jul 27 2024
Type     : Engineering
Log Time   : Mon Jul 29 08:15:09 2024 GMT
#Unconstrained hold timing startpoint/endpoint

timing_node_id node_type node_name
-------------- --------- ---------
2605 dffre ppi_mul_add.g_tf_ppi.g_tf_reg[30].g_ccw.TF_ff.r_data[0].Q[0]
2606 dffre ppi_mul_add.g_tf_ppi.g_tf_reg[30].g_ccw.TF_ff.r_data[1].Q[0]
2607 dffre ppi_mul_add.g_tf_ppi.g_tf_reg[30].g_ccw.TF_ff.r_data[2].Q[0]
2608 dffre ppi_mul_add.g_tf_ppi.g_tf_reg[30].g_ccw.TF_ff.r_data[3].Q[0]
2609 dffre ppi_mul_add.g_tf_ppi.g_tf_reg[30].g_ccw.TF_ff.r_data[4].Q[0]
2610 dffre ppi_mul_add.g_tf_ppi.g_tf_reg[30].g_ccw.TF_ff.r_data[5].Q[0]
2611 dffre ppi_mul_add.g_tf_ppi.g_tf_reg[30].g_ccw.TF_ff.r_data[6].Q[0]
2612 dffre ppi_mul_add.g_tf_ppi.g_tf_reg[30].g_ccw.TF_ff.r_data[7].Q[0]
2613 dffre ppi_mul_add.g_tf_ppi.g_tf_reg[30].g_ccw.TF_ff.r_data[8].Q[0]
2614 dffre ppi_mul_add.g_tf_ppi.g_tf_reg[30].g_ccw.TF_ff.r_data[9].Q[0]
2615 dffre ppi_mul_add.g_tf_ppi.g_tf_reg[30].g_ccw.TF_ff.r_data[10].Q[0]
2616 dffre ppi_mul_add.g_tf_ppi.g_tf_reg[30].g_ccw.TF_ff.r_data[11].Q[0]
2617 dffre ppi_mul_add.g_tf_ppi.g_tf_reg[30].g_ccw.TF_ff.r_data[12].Q[0]
2618 dffre ppi_mul_add.g_tf_ppi.g_tf_reg[30].g_ccw.TF_ff.r_data[13].Q[0]
2619 dffre ppi_mul_add.g_tf_ppi.g_tf_reg[30].g_ccw.TF_ff.r_data[14].Q[0]
2620 dffre ppi_mul_add.g_tf_ppi.g_tf_reg[30].g_ccw.TF_ff.r_data[15].Q[0]
2621 dffre ppi_mul_add.g_tf_ppi.g_tf_reg[30].g_ccw.TF_ff.r_data[16].Q[0]
2622 dffre ppi_mul_add.g_tf_ppi.g_tf_reg[30].g_ccw.TF_ff.r_data[17].Q[0]
2623 dffre ppi_mul_add.g_tf_ppi.g_tf_reg[30].g_ccw.TF_ff.r_data[18].Q[0]
2624 dffre ppi_mul_add.g_tf_ppi.g_tf_reg[30].g_ccw.TF_ff.r_data[19].Q[0]
2625 dffre ppi_mul_add.g_tf_ppi.g_tf_reg[30].g_ccw.TF_ff.r_data[20].Q[0]
2626 dffre ppi_mul_add.g_tf_ppi.g_tf_reg[30].g_ccw.TF_ff.r_data[21].Q[0]
2627 dffre ppi_mul_add.g_tf_ppi.g_tf_reg[30].g_ccw.TF_ff.r_data[22].Q[0]
2628 dffre ppi_mul_add.g_tf_ppi.g_tf_reg[30].g_ccw.TF_ff.r_data[25].Q[0]
2629 dffre ppi_mul_add.g_tf_ppi.g_tf_reg[31].g_ccw.TF_ff.r_data[0].Q[0]
2630 dffre ppi_mul_add.g_tf_ppi.g_tf_reg[31].g_ccw.TF_ff.r_data[1].Q[0]
2631 dffre ppi_mul_add.g_tf_ppi.g_tf_reg[31].g_ccw.TF_ff.r_data[2].Q[0]
2632 dffre ppi_mul_add.g_tf_ppi.g_tf_reg[31].g_ccw.TF_ff.r_data[3].Q[0]
2633 dffre ppi_mul_add.g_tf_ppi.g_tf_reg[31].g_ccw.TF_ff.r_data[4].Q[0]
2634 dffre ppi_mul_add.g_tf_ppi.g_tf_reg[31].g_ccw.TF_ff.r_data[5].Q[0]
2635 dffre ppi_mul_add.g_tf_ppi.g_tf_reg[31].g_ccw.TF_ff.r_data[6].Q[0]
2636 dffre ppi_mul_add.g_tf_ppi.g_tf_reg[31].g_ccw.TF_ff.r_data[7].Q[0]
2637 dffre ppi_mul_add.g_tf_ppi.g_tf_reg[31].g_ccw.TF_ff.r_data[8].Q[0]
2638 dffre ppi_mul_add.g_tf_ppi.g_tf_reg[31].g_ccw.TF_ff.r_data[9].Q[0]
2639 dffre ppi_mul_add.g_tf_ppi.g_tf_reg[31].g_ccw.TF_ff.r_data[10].Q[0]
2640 dffre ppi_mul_add.g_tf_ppi.g_tf_reg[31].g_ccw.TF_ff.r_data[11].Q[0]
2641 dffre ppi_mul_add.g_tf_ppi.g_tf_reg[31].g_ccw.TF_ff.r_data[12].Q[0]
2642 dffre ppi_mul_add.g_tf_ppi.g_tf_reg[31].g_ccw.TF_ff.r_data[13].Q[0]
2643 dffre ppi_mul_add.g_tf_ppi.g_tf_reg[31].g_ccw.TF_ff.r_data[14].Q[0]
2644 dffre ppi_mul_add.g_tf_ppi.g_tf_reg[31].g_ccw.TF_ff.r_data[15].Q[0]
2645 dffre ppi_mul_add.g_tf_ppi.g_tf_reg[31].g_ccw.TF_ff.r_data[16].Q[0]
2646 dffre ppi_mul_add.g_tf_ppi.g_tf_reg[31].g_ccw.TF_ff.r_data[17].Q[0]
2647 dffre ppi_mul_add.g_tf_ppi.g_tf_reg[31].g_ccw.TF_ff.r_data[18].Q[0]
2648 dffre ppi_mul_add.g_tf_ppi.g_tf_reg[31].g_ccw.TF_ff.r_data[19].Q[0]
2649 dffre ppi_mul_add.g_tf_ppi.g_tf_reg[31].g_ccw.TF_ff.r_data[20].Q[0]
2650 dffre ppi_mul_add.g_tf_ppi.g_tf_reg[31].g_ccw.TF_ff.r_data[21].Q[0]
2651 dffre ppi_mul_add.g_tf_ppi.g_tf_reg[31].g_ccw.TF_ff.r_data[22].Q[0]
2652 dffre ppi_mul_add.g_tf_ppi.g_tf_reg[31].g_ccw.TF_ff.r_data[25].Q[0]
2653 dffre ppi_mul_add.g_tf_ppi.g_tf_reg[32].g_ccw.TF_ff.r_data[0].Q[0]
2654 dffre ppi_mul_add.g_tf_ppi.g_tf_reg[32].g_ccw.TF_ff.r_data[1].Q[0]
2655 dffre ppi_mul_add.g_tf_ppi.g_tf_reg[32].g_ccw.TF_ff.r_data[2].Q[0]
2656 dffre ppi_mul_add.g_tf_ppi.g_tf_reg[32].g_ccw.TF_ff.r_data[3].Q[0]
2657 dffre ppi_mul_add.g_tf_ppi.g_tf_reg[32].g_ccw.TF_ff.r_data[4].Q[0]
2658 dffre ppi_mul_add.g_tf_ppi.g_tf_reg[32].g_ccw.TF_ff.r_data[5].Q[0]
2659 dffre ppi_mul_add.g_tf_ppi.g_tf_reg[32].g_ccw.TF_ff.r_data[6].Q[0]
2660 dffre ppi_mul_add.g_tf_ppi.g_tf_reg[32].g_ccw.TF_ff.r_data[7].Q[0]
2661 dffre ppi_mul_add.g_tf_ppi.g_tf_reg[32].g_ccw.TF_ff.r_data[8].Q[0]
2662 dffre ppi_mul_add.g_tf_ppi.g_tf_reg[32].g_ccw.TF_ff.r_data[9].Q[0]
2663 dffre ppi_mul_add.g_tf_ppi.g_tf_reg[32].g_ccw.TF_ff.r_data[10].Q[0]
2664 dffre ppi_mul_add.g_tf_ppi.g_tf_reg[32].g_ccw.TF_ff.r_data[11].Q[0]
2665 dffre ppi_mul_add.g_tf_ppi.g_tf_reg[32].g_ccw.TF_ff.r_data[12].Q[0]
2666 dffre ppi_mul_add.g_tf_ppi.g_tf_reg[32].g_ccw.TF_ff.r_data[13].Q[0]
2667 dffre ppi_mul_add.g_tf_ppi.g_tf_reg[32].g_ccw.TF_ff.r_data[14].Q[0]
2668 dffre ppi_mul_add.g_tf_ppi.g_tf_reg[32].g_ccw.TF_ff.r_data[15].Q[0]
2669 dffre ppi_mul_add.g_tf_ppi.g_tf_reg[32].g_ccw.TF_ff.r_data[16].Q[0]
2670 dffre ppi_mul_add.g_tf_ppi.g_tf_reg[32].g_ccw.TF_ff.r_data[17].Q[0]
2671 dffre ppi_mul_add.g_tf_ppi.g_tf_reg[32].g_ccw.TF_ff.r_data[18].Q[0]
2672 dffre ppi_mul_add.g_tf_ppi.g_tf_reg[32].g_ccw.TF_ff.r_data[19].Q[0]
2673 dffre ppi_mul_add.g_tf_ppi.g_tf_reg[32].g_ccw.TF_ff.r_data[20].Q[0]
2674 dffre ppi_mul_add.g_tf_ppi.g_tf_reg[32].g_ccw.TF_ff.r_data[21].Q[0]
2675 dffre ppi_mul_add.g_tf_ppi.g_tf_reg[32].g_ccw.TF_ff.r_data[22].Q[0]
2676 dffre ppi_mul_add.g_tf_ppi.g_tf_reg[32].g_ccw.TF_ff.r_data[25].Q[0]
2677 dffre ppi_mul_add.g_tf_ppi.g_tf_reg[33].g_ccw.TF_ff.r_data[0].Q[0]
2678 dffre ppi_mul_add.g_tf_ppi.g_tf_reg[33].g_ccw.TF_ff.r_data[1].Q[0]
2679 dffre ppi_mul_add.g_tf_ppi.g_tf_reg[33].g_ccw.TF_ff.r_data[2].Q[0]
2680 dffre ppi_mul_add.g_tf_ppi.g_tf_reg[33].g_ccw.TF_ff.r_data[3].Q[0]
2681 dffre ppi_mul_add.g_tf_ppi.g_tf_reg[33].g_ccw.TF_ff.r_data[4].Q[0]
2682 dffre ppi_mul_add.g_tf_ppi.g_tf_reg[33].g_ccw.TF_ff.r_data[5].Q[0]
2683 dffre ppi_mul_add.g_tf_ppi.g_tf_reg[33].g_ccw.TF_ff.r_data[6].Q[0]
2684 dffre ppi_mul_add.g_tf_ppi.g_tf_reg[33].g_ccw.TF_ff.r_data[7].Q[0]
2685 dffre ppi_mul_add.g_tf_ppi.g_tf_reg[33].g_ccw.TF_ff.r_data[8].Q[0]
2686 dffre ppi_mul_add.g_tf_ppi.g_tf_reg[33].g_ccw.TF_ff.r_data[9].Q[0]
2687 dffre ppi_mul_add.g_tf_ppi.g_tf_reg[33].g_ccw.TF_ff.r_data[10].Q[0]
2688 dffre ppi_mul_add.g_tf_ppi.g_tf_reg[33].g_ccw.TF_ff.r_data[11].Q[0]
2689 dffre ppi_mul_add.g_tf_ppi.g_tf_reg[33].g_ccw.TF_ff.r_data[12].Q[0]
2690 dffre ppi_mul_add.g_tf_ppi.g_tf_reg[33].g_ccw.TF_ff.r_data[13].Q[0]
2691 dffre ppi_mul_add.g_tf_ppi.g_tf_reg[33].g_ccw.TF_ff.r_data[14].Q[0]
2692 dffre ppi_mul_add.g_tf_ppi.g_tf_reg[33].g_ccw.TF_ff.r_data[15].Q[0]
2693 dffre ppi_mul_add.g_tf_ppi.g_tf_reg[33].g_ccw.TF_ff.r_data[16].Q[0]
2694 dffre ppi_mul_add.g_tf_ppi.g_tf_reg[33].g_ccw.TF_ff.r_data[17].Q[0]
2695 dffre ppi_mul_add.g_tf_ppi.g_tf_reg[33].g_ccw.TF_ff.r_data[18].Q[0]
2696 dffre ppi_mul_add.g_tf_ppi.g_tf_reg[33].g_ccw.TF_ff.r_data[19].Q[0]
2697 dffre ppi_mul_add.g_tf_ppi.g_tf_reg[33].g_ccw.TF_ff.r_data[20].Q[0]
2698 dffre ppi_mul_add.g_tf_ppi.g_tf_reg[33].g_ccw.TF_ff.r_data[21].Q[0]
2699 dffre ppi_mul_add.g_tf_ppi.g_tf_reg[33].g_ccw.TF_ff.r_data[22].Q[0]
2700 dffre ppi_mul_add.g_tf_ppi.g_tf_reg[33].g_ccw.TF_ff.r_data[25].Q[0]
2701 dffre ppi_mul_add.g_tf_ppi.g_tf_reg[34].g_ccw.TF_ff.r_data[0].Q[0]
2702 dffre ppi_mul_add.g_tf_ppi.g_tf_reg[34].g_ccw.TF_ff.r_data[1].Q[0]
2703 dffre ppi_mul_add.g_tf_ppi.g_tf_reg[34].g_ccw.TF_ff.r_data[2].Q[0]
2704 dffre ppi_mul_add.g_tf_ppi.g_tf_reg[34].g_ccw.TF_ff.r_data[3].Q[0]
2705 dffre ppi_mul_add.g_tf_ppi.g_tf_reg[34].g_ccw.TF_ff.r_data[4].Q[0]
2706 dffre ppi_mul_add.g_tf_ppi.g_tf_reg[34].g_ccw.TF_ff.r_data[5].Q[0]
2707 dffre ppi_mul_add.g_tf_ppi.g_tf_reg[34].g_ccw.TF_ff.r_data[6].Q[0]
2708 dffre ppi_mul_add.g_tf_ppi.g_tf_reg[34].g_ccw.TF_ff.r_data[7].Q[0]
2709 dffre ppi_mul_add.g_tf_ppi.g_tf_reg[34].g_ccw.TF_ff.r_data[8].Q[0]
2710 dffre ppi_mul_add.g_tf_ppi.g_tf_reg[34].g_ccw.TF_ff.r_data[9].Q[0]
2711 dffre ppi_mul_add.g_tf_ppi.g_tf_reg[34].g_ccw.TF_ff.r_data[10].Q[0]
2712 dffre ppi_mul_add.g_tf_ppi.g_tf_reg[34].g_ccw.TF_ff.r_data[11].Q[0]
2713 dffre ppi_mul_add.g_tf_ppi.g_tf_reg[34].g_ccw.TF_ff.r_data[12].Q[0]
2714 dffre ppi_mul_add.g_tf_ppi.g_tf_reg[34].g_ccw.TF_ff.r_data[13].Q[0]
2715 dffre ppi_mul_add.g_tf_ppi.g_tf_reg[34].g_ccw.TF_ff.r_data[14].Q[0]
2716 dffre ppi_mul_add.g_tf_ppi.g_tf_reg[34].g_ccw.TF_ff.r_data[15].Q[0]
2717 dffre ppi_mul_add.g_tf_ppi.g_tf_reg[34].g_ccw.TF_ff.r_data[16].Q[0]
2718 dffre ppi_mul_add.g_tf_ppi.g_tf_reg[34].g_ccw.TF_ff.r_data[17].Q[0]
2719 dffre ppi_mul_add.g_tf_ppi.g_tf_reg[34].g_ccw.TF_ff.r_data[18].Q[0]
2720 dffre ppi_mul_add.g_tf_ppi.g_tf_reg[34].g_ccw.TF_ff.r_data[19].Q[0]
2721 dffre ppi_mul_add.g_tf_ppi.g_tf_reg[34].g_ccw.TF_ff.r_data[20].Q[0]
2722 dffre ppi_mul_add.g_tf_ppi.g_tf_reg[34].g_ccw.TF_ff.r_data[21].Q[0]
2723 dffre ppi_mul_add.g_tf_ppi.g_tf_reg[34].g_ccw.TF_ff.r_data[22].Q[0]
2724 dffre ppi_mul_add.g_tf_ppi.g_tf_reg[34].g_ccw.TF_ff.r_data[25].Q[0]
2725 dffre ppi_mul_add.g_tf_ppi.g_tf_reg[35].g_ccw.TF_ff.r_data[0].Q[0]
2726 dffre ppi_mul_add.g_tf_ppi.g_tf_reg[35].g_ccw.TF_ff.r_data[1].Q[0]
2727 dffre ppi_mul_add.g_tf_ppi.g_tf_reg[35].g_ccw.TF_ff.r_data[2].Q[0]
2728 dffre ppi_mul_add.g_tf_ppi.g_tf_reg[35].g_ccw.TF_ff.r_data[3].Q[0]
2729 dffre ppi_mul_add.g_tf_ppi.g_tf_reg[35].g_ccw.TF_ff.r_data[4].Q[0]
2730 dffre ppi_mul_add.g_tf_ppi.g_tf_reg[35].g_ccw.TF_ff.r_data[5].Q[0]
2731 dffre ppi_mul_add.g_tf_ppi.g_tf_reg[35].g_ccw.TF_ff.r_data[6].Q[0]
2732 dffre ppi_mul_add.g_tf_ppi.g_tf_reg[35].g_ccw.TF_ff.r_data[7].Q[0]
2733 dffre ppi_mul_add.g_tf_ppi.g_tf_reg[35].g_ccw.TF_ff.r_data[8].Q[0]
2734 dffre ppi_mul_add.g_tf_ppi.g_tf_reg[35].g_ccw.TF_ff.r_data[9].Q[0]
2735 dffre ppi_mul_add.g_tf_ppi.g_tf_reg[35].g_ccw.TF_ff.r_data[10].Q[0]
2736 dffre ppi_mul_add.g_tf_ppi.g_tf_reg[35].g_ccw.TF_ff.r_data[11].Q[0]
2737 dffre ppi_mul_add.g_tf_ppi.g_tf_reg[35].g_ccw.TF_ff.r_data[12].Q[0]
2738 dffre ppi_mul_add.g_tf_ppi.g_tf_reg[35].g_ccw.TF_ff.r_data[13].Q[0]
2739 dffre ppi_mul_add.g_tf_ppi.g_tf_reg[35].g_ccw.TF_ff.r_data[14].Q[0]
2740 dffre ppi_mul_add.g_tf_ppi.g_tf_reg[35].g_ccw.TF_ff.r_data[15].Q[0]
2741 dffre ppi_mul_add.g_tf_ppi.g_tf_reg[35].g_ccw.TF_ff.r_data[16].Q[0]
2742 dffre ppi_mul_add.g_tf_ppi.g_tf_reg[35].g_ccw.TF_ff.r_data[17].Q[0]
2743 dffre ppi_mul_add.g_tf_ppi.g_tf_reg[35].g_ccw.TF_ff.r_data[18].Q[0]
2744 dffre ppi_mul_add.g_tf_ppi.g_tf_reg[35].g_ccw.TF_ff.r_data[19].Q[0]
2745 dffre ppi_mul_add.g_tf_ppi.g_tf_reg[35].g_ccw.TF_ff.r_data[20].Q[0]
2746 dffre ppi_mul_add.g_tf_ppi.g_tf_reg[35].g_ccw.TF_ff.r_data[21].Q[0]
2747 dffre ppi_mul_add.g_tf_ppi.g_tf_reg[35].g_ccw.TF_ff.r_data[22].Q[0]
2748 dffre ppi_mul_add.g_tf_ppi.g_tf_reg[35].g_ccw.TF_ff.r_data[25].Q[0]
2749 dffre ppi_mul_add.g_tf_ppi.g_tf_reg[36].g_ccw.TF_ff.r_data[0].Q[0]
2750 dffre ppi_mul_add.g_tf_ppi.g_tf_reg[36].g_ccw.TF_ff.r_data[1].Q[0]
2751 dffre ppi_mul_add.g_tf_ppi.g_tf_reg[36].g_ccw.TF_ff.r_data[2].Q[0]
2752 dffre ppi_mul_add.g_tf_ppi.g_tf_reg[36].g_ccw.TF_ff.r_data[3].Q[0]
2753 dffre ppi_mul_add.g_tf_ppi.g_tf_reg[36].g_ccw.TF_ff.r_data[4].Q[0]
2754 dffre ppi_mul_add.g_tf_ppi.g_tf_reg[36].g_ccw.TF_ff.r_data[5].Q[0]
2755 dffre ppi_mul_add.g_tf_ppi.g_tf_reg[36].g_ccw.TF_ff.r_data[6].Q[0]
2756 dffre ppi_mul_add.g_tf_ppi.g_tf_reg[36].g_ccw.TF_ff.r_data[7].Q[0]
2757 dffre ppi_mul_add.g_tf_ppi.g_tf_reg[36].g_ccw.TF_ff.r_data[8].Q[0]
2758 dffre ppi_mul_add.g_tf_ppi.g_tf_reg[36].g_ccw.TF_ff.r_data[9].Q[0]
2759 dffre ppi_mul_add.g_tf_ppi.g_tf_reg[36].g_ccw.TF_ff.r_data[10].Q[0]
2760 dffre ppi_mul_add.g_tf_ppi.g_tf_reg[36].g_ccw.TF_ff.r_data[11].Q[0]
2761 dffre ppi_mul_add.g_tf_ppi.g_tf_reg[36].g_ccw.TF_ff.r_data[12].Q[0]
2762 dffre ppi_mul_add.g_tf_ppi.g_tf_reg[36].g_ccw.TF_ff.r_data[13].Q[0]
2763 dffre ppi_mul_add.g_tf_ppi.g_tf_reg[36].g_ccw.TF_ff.r_data[14].Q[0]
2764 dffre ppi_mul_add.g_tf_ppi.g_tf_reg[36].g_ccw.TF_ff.r_data[15].Q[0]
2765 dffre ppi_mul_add.g_tf_ppi.g_tf_reg[36].g_ccw.TF_ff.r_data[16].Q[0]
2766 dffre ppi_mul_add.g_tf_ppi.g_tf_reg[36].g_ccw.TF_ff.r_data[17].Q[0]
2767 dffre ppi_mul_add.g_tf_ppi.g_tf_reg[36].g_ccw.TF_ff.r_data[18].Q[0]
2768 dffre ppi_mul_add.g_tf_ppi.g_tf_reg[36].g_ccw.TF_ff.r_data[19].Q[0]
2769 dffre ppi_mul_add.g_tf_ppi.g_tf_reg[36].g_ccw.TF_ff.r_data[20].Q[0]
2770 dffre ppi_mul_add.g_tf_ppi.g_tf_reg[36].g_ccw.TF_ff.r_data[21].Q[0]
2771 dffre ppi_mul_add.g_tf_ppi.g_tf_reg[36].g_ccw.TF_ff.r_data[22].Q[0]
2772 dffre ppi_mul_add.g_tf_ppi.g_tf_reg[36].g_ccw.TF_ff.r_data[25].Q[0]
2773 dffre ppi_mul_add.g_tf_ppi.g_tf_reg[37].g_ccw.TF_ff.r_data[0].Q[0]
2774 dffre ppi_mul_add.g_tf_ppi.g_tf_reg[37].g_ccw.TF_ff.r_data[1].Q[0]
2775 dffre ppi_mul_add.g_tf_ppi.g_tf_reg[37].g_ccw.TF_ff.r_data[2].Q[0]
2776 dffre ppi_mul_add.g_tf_ppi.g_tf_reg[37].g_ccw.TF_ff.r_data[3].Q[0]
2777 dffre ppi_mul_add.g_tf_ppi.g_tf_reg[37].g_ccw.TF_ff.r_data[4].Q[0]
2778 dffre ppi_mul_add.g_tf_ppi.g_tf_reg[37].g_ccw.TF_ff.r_data[5].Q[0]
2779 dffre ppi_mul_add.g_tf_ppi.g_tf_reg[37].g_ccw.TF_ff.r_data[6].Q[0]
2780 dffre ppi_mul_add.g_tf_ppi.g_tf_reg[37].g_ccw.TF_ff.r_data[7].Q[0]
2781 dffre ppi_mul_add.g_tf_ppi.g_tf_reg[37].g_ccw.TF_ff.r_data[8].Q[0]
2782 dffre ppi_mul_add.g_tf_ppi.g_tf_reg[37].g_ccw.TF_ff.r_data[9].Q[0]
2783 dffre ppi_mul_add.g_tf_ppi.g_tf_reg[37].g_ccw.TF_ff.r_data[10].Q[0]
2784 dffre ppi_mul_add.g_tf_ppi.g_tf_reg[37].g_ccw.TF_ff.r_data[11].Q[0]
2785 dffre ppi_mul_add.g_tf_ppi.g_tf_reg[37].g_ccw.TF_ff.r_data[12].Q[0]
2786 dffre ppi_mul_add.g_tf_ppi.g_tf_reg[37].g_ccw.TF_ff.r_data[13].Q[0]
2787 dffre ppi_mul_add.g_tf_ppi.g_tf_reg[37].g_ccw.TF_ff.r_data[14].Q[0]
2788 dffre ppi_mul_add.g_tf_ppi.g_tf_reg[37].g_ccw.TF_ff.r_data[15].Q[0]
2789 dffre ppi_mul_add.g_tf_ppi.g_tf_reg[37].g_ccw.TF_ff.r_data[16].Q[0]
2790 dffre ppi_mul_add.g_tf_ppi.g_tf_reg[37].g_ccw.TF_ff.r_data[17].Q[0]
2791 dffre ppi_mul_add.g_tf_ppi.g_tf_reg[37].g_ccw.TF_ff.r_data[18].Q[0]
2792 dffre ppi_mul_add.g_tf_ppi.g_tf_reg[37].g_ccw.TF_ff.r_data[19].Q[0]
2793 dffre ppi_mul_add.g_tf_ppi.g_tf_reg[37].g_ccw.TF_ff.r_data[20].Q[0]
2794 dffre ppi_mul_add.g_tf_ppi.g_tf_reg[37].g_ccw.TF_ff.r_data[21].Q[0]
2795 dffre ppi_mul_add.g_tf_ppi.g_tf_reg[37].g_ccw.TF_ff.r_data[22].Q[0]
2796 dffre ppi_mul_add.g_tf_ppi.g_tf_reg[37].g_ccw.TF_ff.r_data[25].Q[0]
2797 dffre ppi_mul_add.g_tf_ppi.g_tf_reg[38].g_ccw.TF_ff.r_data[0].Q[0]
2798 dffre ppi_mul_add.g_tf_ppi.g_tf_reg[38].g_ccw.TF_ff.r_data[1].Q[0]
2799 dffre ppi_mul_add.g_tf_ppi.g_tf_reg[38].g_ccw.TF_ff.r_data[2].Q[0]
2800 dffre ppi_mul_add.g_tf_ppi.g_tf_reg[38].g_ccw.TF_ff.r_data[3].Q[0]
2801 dffre ppi_mul_add.g_tf_ppi.g_tf_reg[38].g_ccw.TF_ff.r_data[4].Q[0]
2802 dffre ppi_mul_add.g_tf_ppi.g_tf_reg[38].g_ccw.TF_ff.r_data[5].Q[0]
2803 dffre ppi_mul_add.g_tf_ppi.g_tf_reg[38].g_ccw.TF_ff.r_data[6].Q[0]
2804 dffre ppi_mul_add.g_tf_ppi.g_tf_reg[38].g_ccw.TF_ff.r_data[7].Q[0]
2805 dffre ppi_mul_add.g_tf_ppi.g_tf_reg[38].g_ccw.TF_ff.r_data[8].Q[0]
2806 dffre ppi_mul_add.g_tf_ppi.g_tf_reg[38].g_ccw.TF_ff.r_data[9].Q[0]
2807 dffre ppi_mul_add.g_tf_ppi.g_tf_reg[38].g_ccw.TF_ff.r_data[10].Q[0]
2808 dffre ppi_mul_add.g_tf_ppi.g_tf_reg[38].g_ccw.TF_ff.r_data[11].Q[0]
2809 dffre ppi_mul_add.g_tf_ppi.g_tf_reg[38].g_ccw.TF_ff.r_data[12].Q[0]
2810 dffre ppi_mul_add.g_tf_ppi.g_tf_reg[38].g_ccw.TF_ff.r_data[13].Q[0]
2811 dffre ppi_mul_add.g_tf_ppi.g_tf_reg[38].g_ccw.TF_ff.r_data[14].Q[0]
2812 dffre ppi_mul_add.g_tf_ppi.g_tf_reg[38].g_ccw.TF_ff.r_data[15].Q[0]
2813 dffre ppi_mul_add.g_tf_ppi.g_tf_reg[38].g_ccw.TF_ff.r_data[16].Q[0]
2814 dffre ppi_mul_add.g_tf_ppi.g_tf_reg[38].g_ccw.TF_ff.r_data[17].Q[0]
2815 dffre ppi_mul_add.g_tf_ppi.g_tf_reg[38].g_ccw.TF_ff.r_data[18].Q[0]
2816 dffre ppi_mul_add.g_tf_ppi.g_tf_reg[38].g_ccw.TF_ff.r_data[19].Q[0]
2817 dffre ppi_mul_add.g_tf_ppi.g_tf_reg[38].g_ccw.TF_ff.r_data[20].Q[0]
2818 dffre ppi_mul_add.g_tf_ppi.g_tf_reg[38].g_ccw.TF_ff.r_data[21].Q[0]
2819 dffre ppi_mul_add.g_tf_ppi.g_tf_reg[38].g_ccw.TF_ff.r_data[22].Q[0]
2820 dffre ppi_mul_add.g_tf_ppi.g_tf_reg[38].g_ccw.TF_ff.r_data[25].Q[0]
2821 dffre ppi_mul_add.g_tf_ppi.g_tf_reg[39].g_ccw.TF_ff.r_data[0].Q[0]
2822 dffre ppi_mul_add.g_tf_ppi.g_tf_reg[39].g_ccw.TF_ff.r_data[1].Q[0]
2823 dffre ppi_mul_add.g_tf_ppi.g_tf_reg[39].g_ccw.TF_ff.r_data[2].Q[0]
2824 dffre ppi_mul_add.g_tf_ppi.g_tf_reg[39].g_ccw.TF_ff.r_data[3].Q[0]
2825 dffre ppi_mul_add.g_tf_ppi.g_tf_reg[39].g_ccw.TF_ff.r_data[4].Q[0]
2826 dffre ppi_mul_add.g_tf_ppi.g_tf_reg[39].g_ccw.TF_ff.r_data[5].Q[0]
2827 dffre ppi_mul_add.g_tf_ppi.g_tf_reg[39].g_ccw.TF_ff.r_data[6].Q[0]
2828 dffre ppi_mul_add.g_tf_ppi.g_tf_reg[39].g_ccw.TF_ff.r_data[7].Q[0]
2829 dffre ppi_mul_add.g_tf_ppi.g_tf_reg[39].g_ccw.TF_ff.r_data[8].Q[0]
2830 dffre ppi_mul_add.g_tf_ppi.g_tf_reg[39].g_ccw.TF_ff.r_data[9].Q[0]
2831 dffre ppi_mul_add.g_tf_ppi.g_tf_reg[39].g_ccw.TF_ff.r_data[10].Q[0]
2832 dffre ppi_mul_add.g_tf_ppi.g_tf_reg[39].g_ccw.TF_ff.r_data[11].Q[0]
2833 dffre ppi_mul_add.g_tf_ppi.g_tf_reg[39].g_ccw.TF_ff.r_data[12].Q[0]
2834 dffre ppi_mul_add.g_tf_ppi.g_tf_reg[39].g_ccw.TF_ff.r_data[13].Q[0]
2835 dffre ppi_mul_add.g_tf_ppi.g_tf_reg[39].g_ccw.TF_ff.r_data[14].Q[0]
2836 dffre ppi_mul_add.g_tf_ppi.g_tf_reg[39].g_ccw.TF_ff.r_data[15].Q[0]
2837 dffre ppi_mul_add.g_tf_ppi.g_tf_reg[39].g_ccw.TF_ff.r_data[16].Q[0]
2838 dffre ppi_mul_add.g_tf_ppi.g_tf_reg[39].g_ccw.TF_ff.r_data[17].Q[0]
2839 dffre ppi_mul_add.g_tf_ppi.g_tf_reg[39].g_ccw.TF_ff.r_data[18].Q[0]
2840 dffre ppi_mul_add.g_tf_ppi.g_tf_reg[39].g_ccw.TF_ff.r_data[19].Q[0]
2841 dffre ppi_mul_add.g_tf_ppi.g_tf_reg[39].g_ccw.TF_ff.r_data[20].Q[0]
2842 dffre ppi_mul_add.g_tf_ppi.g_tf_reg[39].g_ccw.TF_ff.r_data[21].Q[0]
2843 dffre ppi_mul_add.g_tf_ppi.g_tf_reg[39].g_ccw.TF_ff.r_data[22].Q[0]
2844 dffre ppi_mul_add.g_tf_ppi.g_tf_reg[39].g_ccw.TF_ff.r_data[25].Q[0]
2845 dffre ppi_mul_add.g_tf_ppi.g_tf_reg[40].g_ccw.TF_ff.r_data[0].Q[0]
2846 dffre ppi_mul_add.g_tf_ppi.g_tf_reg[40].g_ccw.TF_ff.r_data[1].Q[0]
2847 dffre ppi_mul_add.g_tf_ppi.g_tf_reg[40].g_ccw.TF_ff.r_data[2].Q[0]
2848 dffre ppi_mul_add.g_tf_ppi.g_tf_reg[40].g_ccw.TF_ff.r_data[3].Q[0]
2849 dffre ppi_mul_add.g_tf_ppi.g_tf_reg[40].g_ccw.TF_ff.r_data[4].Q[0]
2850 dffre ppi_mul_add.g_tf_ppi.g_tf_reg[40].g_ccw.TF_ff.r_data[5].Q[0]
2851 dffre ppi_mul_add.g_tf_ppi.g_tf_reg[40].g_ccw.TF_ff.r_data[6].Q[0]
2852 dffre ppi_mul_add.g_tf_ppi.g_tf_reg[40].g_ccw.TF_ff.r_data[7].Q[0]
2853 dffre ppi_mul_add.g_tf_ppi.g_tf_reg[40].g_ccw.TF_ff.r_data[8].Q[0]
2854 dffre ppi_mul_add.g_tf_ppi.g_tf_reg[40].g_ccw.TF_ff.r_data[9].Q[0]
2855 dffre ppi_mul_add.g_tf_ppi.g_tf_reg[40].g_ccw.TF_ff.r_data[10].Q[0]
2856 dffre ppi_mul_add.g_tf_ppi.g_tf_reg[40].g_ccw.TF_ff.r_data[11].Q[0]
2857 dffre ppi_mul_add.g_tf_ppi.g_tf_reg[40].g_ccw.TF_ff.r_data[12].Q[0]
2858 dffre ppi_mul_add.g_tf_ppi.g_tf_reg[40].g_ccw.TF_ff.r_data[13].Q[0]
2859 dffre ppi_mul_add.g_tf_ppi.g_tf_reg[40].g_ccw.TF_ff.r_data[14].Q[0]
2860 dffre ppi_mul_add.g_tf_ppi.g_tf_reg[40].g_ccw.TF_ff.r_data[15].Q[0]
2861 dffre ppi_mul_add.g_tf_ppi.g_tf_reg[40].g_ccw.TF_ff.r_data[16].Q[0]
2862 dffre ppi_mul_add.g_tf_ppi.g_tf_reg[40].g_ccw.TF_ff.r_data[17].Q[0]
2863 dffre ppi_mul_add.g_tf_ppi.g_tf_reg[40].g_ccw.TF_ff.r_data[18].Q[0]
2864 dffre ppi_mul_add.g_tf_ppi.g_tf_reg[40].g_ccw.TF_ff.r_data[19].Q[0]
2865 dffre ppi_mul_add.g_tf_ppi.g_tf_reg[40].g_ccw.TF_ff.r_data[20].Q[0]
2866 dffre ppi_mul_add.g_tf_ppi.g_tf_reg[40].g_ccw.TF_ff.r_data[21].Q[0]
2867 dffre ppi_mul_add.g_tf_ppi.g_tf_reg[40].g_ccw.TF_ff.r_data[22].Q[0]
2868 dffre ppi_mul_add.g_tf_ppi.g_tf_reg[40].g_ccw.TF_ff.r_data[25].Q[0]
2869 dffre ppi_mul_add.g_tf_ppi.g_tf_reg[41].g_ccw.TF_ff.r_data[0].Q[0]
2870 dffre ppi_mul_add.g_tf_ppi.g_tf_reg[41].g_ccw.TF_ff.r_data[1].Q[0]
2871 dffre ppi_mul_add.g_tf_ppi.g_tf_reg[41].g_ccw.TF_ff.r_data[2].Q[0]
2872 dffre ppi_mul_add.g_tf_ppi.g_tf_reg[41].g_ccw.TF_ff.r_data[3].Q[0]
2873 dffre ppi_mul_add.g_tf_ppi.g_tf_reg[41].g_ccw.TF_ff.r_data[4].Q[0]
2874 dffre ppi_mul_add.g_tf_ppi.g_tf_reg[41].g_ccw.TF_ff.r_data[5].Q[0]
2875 dffre ppi_mul_add.g_tf_ppi.g_tf_reg[41].g_ccw.TF_ff.r_data[6].Q[0]
2876 dffre ppi_mul_add.g_tf_ppi.g_tf_reg[41].g_ccw.TF_ff.r_data[7].Q[0]
2877 dffre ppi_mul_add.g_tf_ppi.g_tf_reg[41].g_ccw.TF_ff.r_data[8].Q[0]
2878 dffre ppi_mul_add.g_tf_ppi.g_tf_reg[41].g_ccw.TF_ff.r_data[9].Q[0]
2879 dffre ppi_mul_add.g_tf_ppi.g_tf_reg[41].g_ccw.TF_ff.r_data[10].Q[0]
2880 dffre ppi_mul_add.g_tf_ppi.g_tf_reg[41].g_ccw.TF_ff.r_data[11].Q[0]
2881 dffre ppi_mul_add.g_tf_ppi.g_tf_reg[41].g_ccw.TF_ff.r_data[12].Q[0]
2882 dffre ppi_mul_add.g_tf_ppi.g_tf_reg[41].g_ccw.TF_ff.r_data[13].Q[0]
2883 dffre ppi_mul_add.g_tf_ppi.g_tf_reg[41].g_ccw.TF_ff.r_data[14].Q[0]
2884 dffre ppi_mul_add.g_tf_ppi.g_tf_reg[41].g_ccw.TF_ff.r_data[15].Q[0]
2885 dffre ppi_mul_add.g_tf_ppi.g_tf_reg[41].g_ccw.TF_ff.r_data[16].Q[0]
2886 dffre ppi_mul_add.g_tf_ppi.g_tf_reg[41].g_ccw.TF_ff.r_data[17].Q[0]
2887 dffre ppi_mul_add.g_tf_ppi.g_tf_reg[41].g_ccw.TF_ff.r_data[18].Q[0]
2888 dffre ppi_mul_add.g_tf_ppi.g_tf_reg[41].g_ccw.TF_ff.r_data[19].Q[0]
2889 dffre ppi_mul_add.g_tf_ppi.g_tf_reg[41].g_ccw.TF_ff.r_data[20].Q[0]
2890 dffre ppi_mul_add.g_tf_ppi.g_tf_reg[41].g_ccw.TF_ff.r_data[21].Q[0]
2891 dffre ppi_mul_add.g_tf_ppi.g_tf_reg[41].g_ccw.TF_ff.r_data[22].Q[0]
2892 dffre ppi_mul_add.g_tf_ppi.g_tf_reg[41].g_ccw.TF_ff.r_data[25].Q[0]
2893 dffre ppi_mul_add.g_tf_ppi.g_tf_reg[42].g_ccw.TF_ff.r_data[0].Q[0]
2894 dffre ppi_mul_add.g_tf_ppi.g_tf_reg[42].g_ccw.TF_ff.r_data[1].Q[0]
2895 dffre ppi_mul_add.g_tf_ppi.g_tf_reg[42].g_ccw.TF_ff.r_data[2].Q[0]
2896 dffre ppi_mul_add.g_tf_ppi.g_tf_reg[42].g_ccw.TF_ff.r_data[3].Q[0]
2897 dffre ppi_mul_add.g_tf_ppi.g_tf_reg[42].g_ccw.TF_ff.r_data[4].Q[0]
2898 dffre ppi_mul_add.g_tf_ppi.g_tf_reg[42].g_ccw.TF_ff.r_data[5].Q[0]
2899 dffre ppi_mul_add.g_tf_ppi.g_tf_reg[42].g_ccw.TF_ff.r_data[6].Q[0]
2900 dffre ppi_mul_add.g_tf_ppi.g_tf_reg[42].g_ccw.TF_ff.r_data[7].Q[0]
2901 dffre ppi_mul_add.g_tf_ppi.g_tf_reg[42].g_ccw.TF_ff.r_data[8].Q[0]
2902 dffre ppi_mul_add.g_tf_ppi.g_tf_reg[42].g_ccw.TF_ff.r_data[9].Q[0]
2903 dffre ppi_mul_add.g_tf_ppi.g_tf_reg[42].g_ccw.TF_ff.r_data[10].Q[0]
2904 dffre ppi_mul_add.g_tf_ppi.g_tf_reg[42].g_ccw.TF_ff.r_data[11].Q[0]
2905 dffre ppi_mul_add.g_tf_ppi.g_tf_reg[42].g_ccw.TF_ff.r_data[12].Q[0]
2906 dffre ppi_mul_add.g_tf_ppi.g_tf_reg[42].g_ccw.TF_ff.r_data[13].Q[0]
2907 dffre ppi_mul_add.g_tf_ppi.g_tf_reg[42].g_ccw.TF_ff.r_data[14].Q[0]
2908 dffre ppi_mul_add.g_tf_ppi.g_tf_reg[42].g_ccw.TF_ff.r_data[15].Q[0]
2909 dffre ppi_mul_add.g_tf_ppi.g_tf_reg[42].g_ccw.TF_ff.r_data[16].Q[0]
2910 dffre ppi_mul_add.g_tf_ppi.g_tf_reg[42].g_ccw.TF_ff.r_data[17].Q[0]
2911 dffre ppi_mul_add.g_tf_ppi.g_tf_reg[42].g_ccw.TF_ff.r_data[18].Q[0]
2912 dffre ppi_mul_add.g_tf_ppi.g_tf_reg[42].g_ccw.TF_ff.r_data[19].Q[0]
2913 dffre ppi_mul_add.g_tf_ppi.g_tf_reg[42].g_ccw.TF_ff.r_data[20].Q[0]
2914 dffre ppi_mul_add.g_tf_ppi.g_tf_reg[42].g_ccw.TF_ff.r_data[21].Q[0]
2915 dffre ppi_mul_add.g_tf_ppi.g_tf_reg[42].g_ccw.TF_ff.r_data[22].Q[0]
2916 dffre ppi_mul_add.g_tf_ppi.g_tf_reg[42].g_ccw.TF_ff.r_data[25].Q[0]
2917 dffre ppi_mul_add.g_tf_ppi.g_tf_reg[43].g_ccw.TF_ff.r_data[0].Q[0]
2918 dffre ppi_mul_add.g_tf_ppi.g_tf_reg[43].g_ccw.TF_ff.r_data[1].Q[0]
2919 dffre ppi_mul_add.g_tf_ppi.g_tf_reg[43].g_ccw.TF_ff.r_data[2].Q[0]
2920 dffre ppi_mul_add.g_tf_ppi.g_tf_reg[43].g_ccw.TF_ff.r_data[3].Q[0]
2921 dffre ppi_mul_add.g_tf_ppi.g_tf_reg[43].g_ccw.TF_ff.r_data[4].Q[0]
2922 dffre ppi_mul_add.g_tf_ppi.g_tf_reg[43].g_ccw.TF_ff.r_data[5].Q[0]
2923 dffre ppi_mul_add.g_tf_ppi.g_tf_reg[43].g_ccw.TF_ff.r_data[6].Q[0]
2924 dffre ppi_mul_add.g_tf_ppi.g_tf_reg[43].g_ccw.TF_ff.r_data[7].Q[0]
2925 dffre ppi_mul_add.g_tf_ppi.g_tf_reg[43].g_ccw.TF_ff.r_data[8].Q[0]
2926 dffre ppi_mul_add.g_tf_ppi.g_tf_reg[43].g_ccw.TF_ff.r_data[9].Q[0]
2927 dffre ppi_mul_add.g_tf_ppi.g_tf_reg[43].g_ccw.TF_ff.r_data[10].Q[0]
2928 dffre ppi_mul_add.g_tf_ppi.g_tf_reg[43].g_ccw.TF_ff.r_data[11].Q[0]
2929 dffre ppi_mul_add.g_tf_ppi.g_tf_reg[43].g_ccw.TF_ff.r_data[12].Q[0]
2930 dffre ppi_mul_add.g_tf_ppi.g_tf_reg[43].g_ccw.TF_ff.r_data[13].Q[0]
2931 dffre ppi_mul_add.g_tf_ppi.g_tf_reg[43].g_ccw.TF_ff.r_data[14].Q[0]
2932 dffre ppi_mul_add.g_tf_ppi.g_tf_reg[43].g_ccw.TF_ff.r_data[15].Q[0]
2933 dffre ppi_mul_add.g_tf_ppi.g_tf_reg[43].g_ccw.TF_ff.r_data[16].Q[0]
2934 dffre ppi_mul_add.g_tf_ppi.g_tf_reg[43].g_ccw.TF_ff.r_data[17].Q[0]
2935 dffre ppi_mul_add.g_tf_ppi.g_tf_reg[43].g_ccw.TF_ff.r_data[18].Q[0]
2936 dffre ppi_mul_add.g_tf_ppi.g_tf_reg[43].g_ccw.TF_ff.r_data[19].Q[0]
2937 dffre ppi_mul_add.g_tf_ppi.g_tf_reg[43].g_ccw.TF_ff.r_data[20].Q[0]
2938 dffre ppi_mul_add.g_tf_ppi.g_tf_reg[43].g_ccw.TF_ff.r_data[21].Q[0]
2939 dffre ppi_mul_add.g_tf_ppi.g_tf_reg[43].g_ccw.TF_ff.r_data[22].Q[0]
2940 dffre ppi_mul_add.g_tf_ppi.g_tf_reg[43].g_ccw.TF_ff.r_data[25].Q[0]
2941 dffre ppi_mul_add.g_tf_ppi.g_tf_reg[44].g_ccw.TF_ff.r_data[0].Q[0]
2942 dffre ppi_mul_add.g_tf_ppi.g_tf_reg[44].g_ccw.TF_ff.r_data[1].Q[0]
2943 dffre ppi_mul_add.g_tf_ppi.g_tf_reg[44].g_ccw.TF_ff.r_data[2].Q[0]
2944 dffre ppi_mul_add.g_tf_ppi.g_tf_reg[44].g_ccw.TF_ff.r_data[3].Q[0]
2945 dffre ppi_mul_add.g_tf_ppi.g_tf_reg[44].g_ccw.TF_ff.r_data[4].Q[0]
2946 dffre ppi_mul_add.g_tf_ppi.g_tf_reg[44].g_ccw.TF_ff.r_data[5].Q[0]
2947 dffre ppi_mul_add.g_tf_ppi.g_tf_reg[44].g_ccw.TF_ff.r_data[6].Q[0]
2948 dffre ppi_mul_add.g_tf_ppi.g_tf_reg[44].g_ccw.TF_ff.r_data[7].Q[0]
2949 dffre ppi_mul_add.g_tf_ppi.g_tf_reg[44].g_ccw.TF_ff.r_data[8].Q[0]
2950 dffre ppi_mul_add.g_tf_ppi.g_tf_reg[44].g_ccw.TF_ff.r_data[9].Q[0]
2951 dffre ppi_mul_add.g_tf_ppi.g_tf_reg[44].g_ccw.TF_ff.r_data[10].Q[0]
2952 dffre ppi_mul_add.g_tf_ppi.g_tf_reg[44].g_ccw.TF_ff.r_data[11].Q[0]
2953 dffre ppi_mul_add.g_tf_ppi.g_tf_reg[44].g_ccw.TF_ff.r_data[12].Q[0]
2954 dffre ppi_mul_add.g_tf_ppi.g_tf_reg[44].g_ccw.TF_ff.r_data[13].Q[0]
2955 dffre ppi_mul_add.g_tf_ppi.g_tf_reg[44].g_ccw.TF_ff.r_data[14].Q[0]
2956 dffre ppi_mul_add.g_tf_ppi.g_tf_reg[44].g_ccw.TF_ff.r_data[15].Q[0]
2957 dffre ppi_mul_add.g_tf_ppi.g_tf_reg[44].g_ccw.TF_ff.r_data[16].Q[0]
2958 dffre ppi_mul_add.g_tf_ppi.g_tf_reg[44].g_ccw.TF_ff.r_data[17].Q[0]
2959 dffre ppi_mul_add.g_tf_ppi.g_tf_reg[44].g_ccw.TF_ff.r_data[18].Q[0]
2960 dffre ppi_mul_add.g_tf_ppi.g_tf_reg[44].g_ccw.TF_ff.r_data[19].Q[0]
2961 dffre ppi_mul_add.g_tf_ppi.g_tf_reg[44].g_ccw.TF_ff.r_data[20].Q[0]
2962 dffre ppi_mul_add.g_tf_ppi.g_tf_reg[44].g_ccw.TF_ff.r_data[21].Q[0]
2963 dffre ppi_mul_add.g_tf_ppi.g_tf_reg[44].g_ccw.TF_ff.r_data[22].Q[0]
2964 dffre ppi_mul_add.g_tf_ppi.g_tf_reg[44].g_ccw.TF_ff.r_data[25].Q[0]
2965 dffre ppi_mul_add.g_tf_ppi.g_tf_reg[45].g_ccw.TF_ff.r_data[0].Q[0]
2966 dffre ppi_mul_add.g_tf_ppi.g_tf_reg[45].g_ccw.TF_ff.r_data[1].Q[0]
2967 dffre ppi_mul_add.g_tf_ppi.g_tf_reg[45].g_ccw.TF_ff.r_data[2].Q[0]
2968 dffre ppi_mul_add.g_tf_ppi.g_tf_reg[45].g_ccw.TF_ff.r_data[3].Q[0]
2969 dffre ppi_mul_add.g_tf_ppi.g_tf_reg[45].g_ccw.TF_ff.r_data[4].Q[0]
2970 dffre ppi_mul_add.g_tf_ppi.g_tf_reg[45].g_ccw.TF_ff.r_data[5].Q[0]
2971 dffre ppi_mul_add.g_tf_ppi.g_tf_reg[45].g_ccw.TF_ff.r_data[6].Q[0]
2972 dffre ppi_mul_add.g_tf_ppi.g_tf_reg[45].g_ccw.TF_ff.r_data[7].Q[0]
2973 dffre ppi_mul_add.g_tf_ppi.g_tf_reg[45].g_ccw.TF_ff.r_data[8].Q[0]
2974 dffre ppi_mul_add.g_tf_ppi.g_tf_reg[45].g_ccw.TF_ff.r_data[9].Q[0]
2975 dffre ppi_mul_add.g_tf_ppi.g_tf_reg[45].g_ccw.TF_ff.r_data[10].Q[0]
2976 dffre ppi_mul_add.g_tf_ppi.g_tf_reg[45].g_ccw.TF_ff.r_data[11].Q[0]
2977 dffre ppi_mul_add.g_tf_ppi.g_tf_reg[45].g_ccw.TF_ff.r_data[12].Q[0]
2978 dffre ppi_mul_add.g_tf_ppi.g_tf_reg[45].g_ccw.TF_ff.r_data[13].Q[0]
2979 dffre ppi_mul_add.g_tf_ppi.g_tf_reg[45].g_ccw.TF_ff.r_data[14].Q[0]
2980 dffre ppi_mul_add.g_tf_ppi.g_tf_reg[45].g_ccw.TF_ff.r_data[15].Q[0]
2981 dffre ppi_mul_add.g_tf_ppi.g_tf_reg[45].g_ccw.TF_ff.r_data[16].Q[0]
2982 dffre ppi_mul_add.g_tf_ppi.g_tf_reg[45].g_ccw.TF_ff.r_data[17].Q[0]
2983 dffre ppi_mul_add.g_tf_ppi.g_tf_reg[45].g_ccw.TF_ff.r_data[18].Q[0]
2984 dffre ppi_mul_add.g_tf_ppi.g_tf_reg[45].g_ccw.TF_ff.r_data[19].Q[0]
2985 dffre ppi_mul_add.g_tf_ppi.g_tf_reg[45].g_ccw.TF_ff.r_data[20].Q[0]
2986 dffre ppi_mul_add.g_tf_ppi.g_tf_reg[45].g_ccw.TF_ff.r_data[21].Q[0]
2987 dffre ppi_mul_add.g_tf_ppi.g_tf_reg[45].g_ccw.TF_ff.r_data[22].Q[0]
2988 dffre ppi_mul_add.g_tf_ppi.g_tf_reg[45].g_ccw.TF_ff.r_data[25].Q[0]
2989 dffre ppi_mul_add.g_tf_ppi.g_tf_reg[46].g_ccw.TF_ff.r_data[0].Q[0]
2990 dffre ppi_mul_add.g_tf_ppi.g_tf_reg[46].g_ccw.TF_ff.r_data[1].Q[0]
2991 dffre ppi_mul_add.g_tf_ppi.g_tf_reg[46].g_ccw.TF_ff.r_data[2].Q[0]
2992 dffre ppi_mul_add.g_tf_ppi.g_tf_reg[46].g_ccw.TF_ff.r_data[3].Q[0]
2993 dffre ppi_mul_add.g_tf_ppi.g_tf_reg[46].g_ccw.TF_ff.r_data[4].Q[0]
2994 dffre ppi_mul_add.g_tf_ppi.g_tf_reg[46].g_ccw.TF_ff.r_data[5].Q[0]
2995 dffre ppi_mul_add.g_tf_ppi.g_tf_reg[46].g_ccw.TF_ff.r_data[6].Q[0]
2996 dffre ppi_mul_add.g_tf_ppi.g_tf_reg[46].g_ccw.TF_ff.r_data[7].Q[0]
2997 dffre ppi_mul_add.g_tf_ppi.g_tf_reg[46].g_ccw.TF_ff.r_data[8].Q[0]
2998 dffre ppi_mul_add.g_tf_ppi.g_tf_reg[46].g_ccw.TF_ff.r_data[9].Q[0]
2999 dffre ppi_mul_add.g_tf_ppi.g_tf_reg[46].g_ccw.TF_ff.r_data[10].Q[0]
3000 dffre ppi_mul_add.g_tf_ppi.g_tf_reg[46].g_ccw.TF_ff.r_data[11].Q[0]
3001 dffre ppi_mul_add.g_tf_ppi.g_tf_reg[46].g_ccw.TF_ff.r_data[12].Q[0]
3002 dffre ppi_mul_add.g_tf_ppi.g_tf_reg[46].g_ccw.TF_ff.r_data[13].Q[0]
3003 dffre ppi_mul_add.g_tf_ppi.g_tf_reg[46].g_ccw.TF_ff.r_data[14].Q[0]
3004 dffre ppi_mul_add.g_tf_ppi.g_tf_reg[46].g_ccw.TF_ff.r_data[15].Q[0]
3005 dffre ppi_mul_add.g_tf_ppi.g_tf_reg[46].g_ccw.TF_ff.r_data[16].Q[0]
3006 dffre ppi_mul_add.g_tf_ppi.g_tf_reg[46].g_ccw.TF_ff.r_data[17].Q[0]
3007 dffre ppi_mul_add.g_tf_ppi.g_tf_reg[46].g_ccw.TF_ff.r_data[18].Q[0]
3008 dffre ppi_mul_add.g_tf_ppi.g_tf_reg[46].g_ccw.TF_ff.r_data[19].Q[0]
3009 dffre ppi_mul_add.g_tf_ppi.g_tf_reg[46].g_ccw.TF_ff.r_data[20].Q[0]
3010 dffre ppi_mul_add.g_tf_ppi.g_tf_reg[46].g_ccw.TF_ff.r_data[21].Q[0]
3011 dffre ppi_mul_add.g_tf_ppi.g_tf_reg[46].g_ccw.TF_ff.r_data[22].Q[0]
3012 dffre ppi_mul_add.g_tf_ppi.g_tf_reg[46].g_ccw.TF_ff.r_data[25].Q[0]
3013 dffre ppi_mul_add.g_tf_ppi.g_tf_reg[47].g_ccw.TF_ff.r_data[0].Q[0]
3014 dffre ppi_mul_add.g_tf_ppi.g_tf_reg[47].g_ccw.TF_ff.r_data[1].Q[0]
3015 dffre ppi_mul_add.g_tf_ppi.g_tf_reg[47].g_ccw.TF_ff.r_data[2].Q[0]
3016 dffre ppi_mul_add.g_tf_ppi.g_tf_reg[47].g_ccw.TF_ff.r_data[3].Q[0]
3017 dffre ppi_mul_add.g_tf_ppi.g_tf_reg[47].g_ccw.TF_ff.r_data[4].Q[0]
3018 dffre ppi_mul_add.g_tf_ppi.g_tf_reg[47].g_ccw.TF_ff.r_data[5].Q[0]
3019 dffre ppi_mul_add.g_tf_ppi.g_tf_reg[47].g_ccw.TF_ff.r_data[6].Q[0]
3020 dffre ppi_mul_add.g_tf_ppi.g_tf_reg[47].g_ccw.TF_ff.r_data[7].Q[0]
3021 dffre ppi_mul_add.g_tf_ppi.g_tf_reg[47].g_ccw.TF_ff.r_data[8].Q[0]
3022 dffre ppi_mul_add.g_tf_ppi.g_tf_reg[47].g_ccw.TF_ff.r_data[9].Q[0]
3023 dffre ppi_mul_add.g_tf_ppi.g_tf_reg[47].g_ccw.TF_ff.r_data[10].Q[0]
3024 dffre ppi_mul_add.g_tf_ppi.g_tf_reg[47].g_ccw.TF_ff.r_data[11].Q[0]
3025 dffre ppi_mul_add.g_tf_ppi.g_tf_reg[47].g_ccw.TF_ff.r_data[12].Q[0]
3026 dffre ppi_mul_add.g_tf_ppi.g_tf_reg[47].g_ccw.TF_ff.r_data[13].Q[0]
3027 dffre ppi_mul_add.g_tf_ppi.g_tf_reg[47].g_ccw.TF_ff.r_data[14].Q[0]
3028 dffre ppi_mul_add.g_tf_ppi.g_tf_reg[47].g_ccw.TF_ff.r_data[15].Q[0]
3029 dffre ppi_mul_add.g_tf_ppi.g_tf_reg[47].g_ccw.TF_ff.r_data[16].Q[0]
3030 dffre ppi_mul_add.g_tf_ppi.g_tf_reg[47].g_ccw.TF_ff.r_data[17].Q[0]
3031 dffre ppi_mul_add.g_tf_ppi.g_tf_reg[47].g_ccw.TF_ff.r_data[18].Q[0]
3032 dffre ppi_mul_add.g_tf_ppi.g_tf_reg[47].g_ccw.TF_ff.r_data[19].Q[0]
3033 dffre ppi_mul_add.g_tf_ppi.g_tf_reg[47].g_ccw.TF_ff.r_data[20].Q[0]
3034 dffre ppi_mul_add.g_tf_ppi.g_tf_reg[47].g_ccw.TF_ff.r_data[21].Q[0]
3035 dffre ppi_mul_add.g_tf_ppi.g_tf_reg[47].g_ccw.TF_ff.r_data[22].Q[0]
3036 dffre ppi_mul_add.g_tf_ppi.g_tf_reg[47].g_ccw.TF_ff.r_data[25].Q[0]
3037 dffre ppi_mul_add.g_tf_ppi.g_tf_reg[48].g_ccw.TF_ff.r_data[0].Q[0]
3038 dffre ppi_mul_add.g_tf_ppi.g_tf_reg[48].g_ccw.TF_ff.r_data[1].Q[0]
3039 dffre ppi_mul_add.g_tf_ppi.g_tf_reg[48].g_ccw.TF_ff.r_data[2].Q[0]
3040 dffre ppi_mul_add.g_tf_ppi.g_tf_reg[48].g_ccw.TF_ff.r_data[3].Q[0]
3041 dffre ppi_mul_add.g_tf_ppi.g_tf_reg[48].g_ccw.TF_ff.r_data[4].Q[0]
3042 dffre ppi_mul_add.g_tf_ppi.g_tf_reg[48].g_ccw.TF_ff.r_data[5].Q[0]
3043 dffre ppi_mul_add.g_tf_ppi.g_tf_reg[48].g_ccw.TF_ff.r_data[6].Q[0]
3044 dffre ppi_mul_add.g_tf_ppi.g_tf_reg[48].g_ccw.TF_ff.r_data[7].Q[0]
3045 dffre ppi_mul_add.g_tf_ppi.g_tf_reg[48].g_ccw.TF_ff.r_data[8].Q[0]
3046 dffre ppi_mul_add.g_tf_ppi.g_tf_reg[48].g_ccw.TF_ff.r_data[9].Q[0]
3047 dffre ppi_mul_add.g_tf_ppi.g_tf_reg[48].g_ccw.TF_ff.r_data[10].Q[0]
3048 dffre ppi_mul_add.g_tf_ppi.g_tf_reg[48].g_ccw.TF_ff.r_data[11].Q[0]
3049 dffre ppi_mul_add.g_tf_ppi.g_tf_reg[48].g_ccw.TF_ff.r_data[12].Q[0]
3050 dffre ppi_mul_add.g_tf_ppi.g_tf_reg[48].g_ccw.TF_ff.r_data[13].Q[0]
3051 dffre ppi_mul_add.g_tf_ppi.g_tf_reg[48].g_ccw.TF_ff.r_data[14].Q[0]
3052 dffre ppi_mul_add.g_tf_ppi.g_tf_reg[48].g_ccw.TF_ff.r_data[15].Q[0]
3053 dffre ppi_mul_add.g_tf_ppi.g_tf_reg[48].g_ccw.TF_ff.r_data[16].Q[0]
3054 dffre ppi_mul_add.g_tf_ppi.g_tf_reg[48].g_ccw.TF_ff.r_data[17].Q[0]
3055 dffre ppi_mul_add.g_tf_ppi.g_tf_reg[48].g_ccw.TF_ff.r_data[18].Q[0]
3056 dffre ppi_mul_add.g_tf_ppi.g_tf_reg[48].g_ccw.TF_ff.r_data[19].Q[0]
3057 dffre ppi_mul_add.g_tf_ppi.g_tf_reg[48].g_ccw.TF_ff.r_data[20].Q[0]
3058 dffre ppi_mul_add.g_tf_ppi.g_tf_reg[48].g_ccw.TF_ff.r_data[21].Q[0]
3059 dffre ppi_mul_add.g_tf_ppi.g_tf_reg[48].g_ccw.TF_ff.r_data[22].Q[0]
3060 dffre ppi_mul_add.g_tf_ppi.g_tf_reg[48].g_ccw.TF_ff.r_data[25].Q[0]
3061 dffre ppi_mul_add.g_tf_ppi.g_tf_reg[49].g_ccw.TF_ff.r_data[0].Q[0]
3062 dffre ppi_mul_add.g_tf_ppi.g_tf_reg[49].g_ccw.TF_ff.r_data[1].Q[0]
3063 dffre ppi_mul_add.g_tf_ppi.g_tf_reg[49].g_ccw.TF_ff.r_data[2].Q[0]
3064 dffre ppi_mul_add.g_tf_ppi.g_tf_reg[49].g_ccw.TF_ff.r_data[3].Q[0]
3065 dffre ppi_mul_add.g_tf_ppi.g_tf_reg[49].g_ccw.TF_ff.r_data[4].Q[0]
3066 dffre ppi_mul_add.g_tf_ppi.g_tf_reg[49].g_ccw.TF_ff.r_data[5].Q[0]
3067 dffre ppi_mul_add.g_tf_ppi.g_tf_reg[49].g_ccw.TF_ff.r_data[6].Q[0]
3068 dffre ppi_mul_add.g_tf_ppi.g_tf_reg[49].g_ccw.TF_ff.r_data[7].Q[0]
3069 dffre ppi_mul_add.g_tf_ppi.g_tf_reg[49].g_ccw.TF_ff.r_data[8].Q[0]
3070 dffre ppi_mul_add.g_tf_ppi.g_tf_reg[49].g_ccw.TF_ff.r_data[9].Q[0]
3071 dffre ppi_mul_add.g_tf_ppi.g_tf_reg[49].g_ccw.TF_ff.r_data[10].Q[0]
3072 dffre ppi_mul_add.g_tf_ppi.g_tf_reg[49].g_ccw.TF_ff.r_data[11].Q[0]
3073 dffre ppi_mul_add.g_tf_ppi.g_tf_reg[49].g_ccw.TF_ff.r_data[12].Q[0]
3074 dffre ppi_mul_add.g_tf_ppi.g_tf_reg[49].g_ccw.TF_ff.r_data[13].Q[0]
3075 dffre ppi_mul_add.g_tf_ppi.g_tf_reg[49].g_ccw.TF_ff.r_data[14].Q[0]
3076 dffre ppi_mul_add.g_tf_ppi.g_tf_reg[49].g_ccw.TF_ff.r_data[15].Q[0]
3077 dffre ppi_mul_add.g_tf_ppi.g_tf_reg[49].g_ccw.TF_ff.r_data[16].Q[0]
3078 dffre ppi_mul_add.g_tf_ppi.g_tf_reg[49].g_ccw.TF_ff.r_data[17].Q[0]
3079 dffre ppi_mul_add.g_tf_ppi.g_tf_reg[49].g_ccw.TF_ff.r_data[18].Q[0]
3080 dffre ppi_mul_add.g_tf_ppi.g_tf_reg[49].g_ccw.TF_ff.r_data[19].Q[0]
3081 dffre ppi_mul_add.g_tf_ppi.g_tf_reg[49].g_ccw.TF_ff.r_data[20].Q[0]
3082 dffre ppi_mul_add.g_tf_ppi.g_tf_reg[49].g_ccw.TF_ff.r_data[21].Q[0]
3083 dffre ppi_mul_add.g_tf_ppi.g_tf_reg[49].g_ccw.TF_ff.r_data[22].Q[0]
3084 dffre ppi_mul_add.g_tf_ppi.g_tf_reg[49].g_ccw.TF_ff.r_data[25].Q[0]
3085 dffre ppi_mul_add.g_tf_ppi.g_tf_reg[50].g_ccw.TF_ff.r_data[0].Q[0]
3086 dffre ppi_mul_add.g_tf_ppi.g_tf_reg[50].g_ccw.TF_ff.r_data[1].Q[0]
3087 dffre ppi_mul_add.g_tf_ppi.g_tf_reg[50].g_ccw.TF_ff.r_data[2].Q[0]
3088 dffre ppi_mul_add.g_tf_ppi.g_tf_reg[50].g_ccw.TF_ff.r_data[3].Q[0]
3089 dffre ppi_mul_add.g_tf_ppi.g_tf_reg[50].g_ccw.TF_ff.r_data[4].Q[0]
3090 dffre ppi_mul_add.g_tf_ppi.g_tf_reg[50].g_ccw.TF_ff.r_data[5].Q[0]
3091 dffre ppi_mul_add.g_tf_ppi.g_tf_reg[50].g_ccw.TF_ff.r_data[6].Q[0]
3092 dffre ppi_mul_add.g_tf_ppi.g_tf_reg[50].g_ccw.TF_ff.r_data[7].Q[0]
3093 dffre ppi_mul_add.g_tf_ppi.g_tf_reg[50].g_ccw.TF_ff.r_data[8].Q[0]
3094 dffre ppi_mul_add.g_tf_ppi.g_tf_reg[50].g_ccw.TF_ff.r_data[9].Q[0]
3095 dffre ppi_mul_add.g_tf_ppi.g_tf_reg[50].g_ccw.TF_ff.r_data[10].Q[0]
3096 dffre ppi_mul_add.g_tf_ppi.g_tf_reg[50].g_ccw.TF_ff.r_data[11].Q[0]
3097 dffre ppi_mul_add.g_tf_ppi.g_tf_reg[50].g_ccw.TF_ff.r_data[12].Q[0]
3098 dffre ppi_mul_add.g_tf_ppi.g_tf_reg[50].g_ccw.TF_ff.r_data[13].Q[0]
3099 dffre ppi_mul_add.g_tf_ppi.g_tf_reg[50].g_ccw.TF_ff.r_data[14].Q[0]
3100 dffre ppi_mul_add.g_tf_ppi.g_tf_reg[50].g_ccw.TF_ff.r_data[15].Q[0]
3101 dffre ppi_mul_add.g_tf_ppi.g_tf_reg[50].g_ccw.TF_ff.r_data[16].Q[0]
3102 dffre ppi_mul_add.g_tf_ppi.g_tf_reg[50].g_ccw.TF_ff.r_data[17].Q[0]
3103 dffre ppi_mul_add.g_tf_ppi.g_tf_reg[50].g_ccw.TF_ff.r_data[18].Q[0]
3104 dffre ppi_mul_add.g_tf_ppi.g_tf_reg[50].g_ccw.TF_ff.r_data[19].Q[0]
3105 dffre ppi_mul_add.g_tf_ppi.g_tf_reg[50].g_ccw.TF_ff.r_data[20].Q[0]
3106 dffre ppi_mul_add.g_tf_ppi.g_tf_reg[50].g_ccw.TF_ff.r_data[21].Q[0]
3107 dffre ppi_mul_add.g_tf_ppi.g_tf_reg[50].g_ccw.TF_ff.r_data[22].Q[0]
3108 dffre ppi_mul_add.g_tf_ppi.g_tf_reg[50].g_ccw.TF_ff.r_data[25].Q[0]
3109 dffre ppi_mul_add.g_tf_ppi.g_tf_reg[51].g_ccw.TF_ff.r_data[0].Q[0]
3110 dffre ppi_mul_add.g_tf_ppi.g_tf_reg[51].g_ccw.TF_ff.r_data[1].Q[0]
3111 dffre ppi_mul_add.g_tf_ppi.g_tf_reg[51].g_ccw.TF_ff.r_data[2].Q[0]
3112 dffre ppi_mul_add.g_tf_ppi.g_tf_reg[51].g_ccw.TF_ff.r_data[3].Q[0]
3113 dffre ppi_mul_add.g_tf_ppi.g_tf_reg[51].g_ccw.TF_ff.r_data[4].Q[0]
3114 dffre ppi_mul_add.g_tf_ppi.g_tf_reg[51].g_ccw.TF_ff.r_data[5].Q[0]
3115 dffre ppi_mul_add.g_tf_ppi.g_tf_reg[51].g_ccw.TF_ff.r_data[6].Q[0]
3116 dffre ppi_mul_add.g_tf_ppi.g_tf_reg[51].g_ccw.TF_ff.r_data[7].Q[0]
3117 dffre ppi_mul_add.g_tf_ppi.g_tf_reg[51].g_ccw.TF_ff.r_data[8].Q[0]
3118 dffre ppi_mul_add.g_tf_ppi.g_tf_reg[51].g_ccw.TF_ff.r_data[9].Q[0]
3119 dffre ppi_mul_add.g_tf_ppi.g_tf_reg[51].g_ccw.TF_ff.r_data[10].Q[0]
3120 dffre ppi_mul_add.g_tf_ppi.g_tf_reg[51].g_ccw.TF_ff.r_data[11].Q[0]
3121 dffre ppi_mul_add.g_tf_ppi.g_tf_reg[51].g_ccw.TF_ff.r_data[12].Q[0]
3122 dffre ppi_mul_add.g_tf_ppi.g_tf_reg[51].g_ccw.TF_ff.r_data[13].Q[0]
3123 dffre ppi_mul_add.g_tf_ppi.g_tf_reg[51].g_ccw.TF_ff.r_data[14].Q[0]
3124 dffre ppi_mul_add.g_tf_ppi.g_tf_reg[51].g_ccw.TF_ff.r_data[15].Q[0]
3125 dffre ppi_mul_add.g_tf_ppi.g_tf_reg[51].g_ccw.TF_ff.r_data[16].Q[0]
3126 dffre ppi_mul_add.g_tf_ppi.g_tf_reg[51].g_ccw.TF_ff.r_data[17].Q[0]
3127 dffre ppi_mul_add.g_tf_ppi.g_tf_reg[51].g_ccw.TF_ff.r_data[18].Q[0]
3128 dffre ppi_mul_add.g_tf_ppi.g_tf_reg[51].g_ccw.TF_ff.r_data[19].Q[0]
3129 dffre ppi_mul_add.g_tf_ppi.g_tf_reg[51].g_ccw.TF_ff.r_data[20].Q[0]
3130 dffre ppi_mul_add.g_tf_ppi.g_tf_reg[51].g_ccw.TF_ff.r_data[21].Q[0]
3131 dffre ppi_mul_add.g_tf_ppi.g_tf_reg[51].g_ccw.TF_ff.r_data[22].Q[0]
3132 dffre ppi_mul_add.g_tf_ppi.g_tf_reg[51].g_ccw.TF_ff.r_data[25].Q[0]
3133 dffre ppi_mul_add.g_tf_ppi.g_tf_reg[52].g_ccw.TF_ff.r_data[0].Q[0]
3134 dffre ppi_mul_add.g_tf_ppi.g_tf_reg[52].g_ccw.TF_ff.r_data[1].Q[0]
3135 dffre ppi_mul_add.g_tf_ppi.g_tf_reg[52].g_ccw.TF_ff.r_data[2].Q[0]
3136 dffre ppi_mul_add.g_tf_ppi.g_tf_reg[52].g_ccw.TF_ff.r_data[3].Q[0]
3137 dffre ppi_mul_add.g_tf_ppi.g_tf_reg[52].g_ccw.TF_ff.r_data[4].Q[0]
3138 dffre ppi_mul_add.g_tf_ppi.g_tf_reg[52].g_ccw.TF_ff.r_data[5].Q[0]
3139 dffre ppi_mul_add.g_tf_ppi.g_tf_reg[52].g_ccw.TF_ff.r_data[6].Q[0]
3140 dffre ppi_mul_add.g_tf_ppi.g_tf_reg[52].g_ccw.TF_ff.r_data[7].Q[0]
3141 dffre ppi_mul_add.g_tf_ppi.g_tf_reg[52].g_ccw.TF_ff.r_data[8].Q[0]
3142 dffre ppi_mul_add.g_tf_ppi.g_tf_reg[52].g_ccw.TF_ff.r_data[9].Q[0]
3143 dffre ppi_mul_add.g_tf_ppi.g_tf_reg[52].g_ccw.TF_ff.r_data[10].Q[0]
3144 dffre ppi_mul_add.g_tf_ppi.g_tf_reg[52].g_ccw.TF_ff.r_data[11].Q[0]
3145 dffre ppi_mul_add.g_tf_ppi.g_tf_reg[52].g_ccw.TF_ff.r_data[12].Q[0]
3146 dffre ppi_mul_add.g_tf_ppi.g_tf_reg[52].g_ccw.TF_ff.r_data[13].Q[0]
3147 dffre ppi_mul_add.g_tf_ppi.g_tf_reg[52].g_ccw.TF_ff.r_data[14].Q[0]
3148 dffre ppi_mul_add.g_tf_ppi.g_tf_reg[52].g_ccw.TF_ff.r_data[15].Q[0]
3149 dffre ppi_mul_add.g_tf_ppi.g_tf_reg[52].g_ccw.TF_ff.r_data[16].Q[0]
3150 dffre ppi_mul_add.g_tf_ppi.g_tf_reg[52].g_ccw.TF_ff.r_data[17].Q[0]
3151 dffre ppi_mul_add.g_tf_ppi.g_tf_reg[52].g_ccw.TF_ff.r_data[18].Q[0]
3152 dffre ppi_mul_add.g_tf_ppi.g_tf_reg[52].g_ccw.TF_ff.r_data[19].Q[0]
3153 dffre ppi_mul_add.g_tf_ppi.g_tf_reg[52].g_ccw.TF_ff.r_data[20].Q[0]
3154 dffre ppi_mul_add.g_tf_ppi.g_tf_reg[52].g_ccw.TF_ff.r_data[21].Q[0]
3155 dffre ppi_mul_add.g_tf_ppi.g_tf_reg[52].g_ccw.TF_ff.r_data[22].Q[0]
3156 dffre ppi_mul_add.g_tf_ppi.g_tf_reg[52].g_ccw.TF_ff.r_data[25].Q[0]

#End of unconstrained hold startpoint/endpoint report
