/*******************************************************************************
Copyright (c) 2022-2024 Rapid Silicon
This source code contains proprietary information belonging to Rapid Silicon
(the "licensor") released under license and non-disclosure agreement to the
recipient (the "licensee").

The information shared and protected by the license and non-disclosure agreement
includes but is not limited to the following:
* operational algorithms of the product
* logos, graphics, source code, and visual presentation of the product
* confidential operational information of the licensor

The recipient of this source code is NOT permitted to publicly disclose,
re-use, archive beyond the period of the license agreement, transfer to a
sub-licensee, or re-implement any portion of the content covered by the license
and non-disclosure agreement without the prior written consent of the licensor.
*********************************************************************************/

Version  : 2024.09
Build    : 1.2.4
Hash     : d22acb7
Date     : Sep 21 2024
Type     : Engineering
Log Time   : Sat Sep 21 12:07:09 2024 GMT
#Unconstrained setup timing startpoint/endpoint

timing_node_id node_type node_name
-------------- --------- ---------
1 .input at (44,1) in1[0].inpad[0]
2 .input at (44,1) in1[1].inpad[0]
3 .input at (46,1) in1[2].inpad[0]
4 .input at (44,1) in1[3].inpad[0]
5 .input at (43,1) in1[4].inpad[0]
6 .input at (43,1) in1[5].inpad[0]
7 .input at (48,1) in1[6].inpad[0]
8 .input at (45,1) in1[7].inpad[0]
9 .input at (47,1) in1[8].inpad[0]
10 .input at (48,1) in1[9].inpad[0]
11 .input at (46,1) in1[10].inpad[0]
12 .input at (44,1) in1[11].inpad[0]
13 .input at (47,1) in1[12].inpad[0]
14 .input at (44,1) in1[13].inpad[0]
15 .input at (47,1) in1[14].inpad[0]
16 .input at (47,1) in1[15].inpad[0]
17 .input at (46,1) in1[16].inpad[0]
18 .input at (51,1) in1[17].inpad[0]
19 .input at (55,1) in1[18].inpad[0]
20 .input at (45,1) in1[19].inpad[0]
21 .input at (45,1) in1[20].inpad[0]
22 .input at (39,1) in1[21].inpad[0]
23 .input at (52,1) in1[22].inpad[0]
24 .input at (57,1) in1[23].inpad[0]
25 .input at (58,1) in1[24].inpad[0]
26 .input at (58,1) in1[25].inpad[0]
27 .input at (57,1) in1[26].inpad[0]
28 .input at (61,1) in1[27].inpad[0]
29 .input at (58,1) in1[28].inpad[0]
30 .input at (55,1) in1[29].inpad[0]
31 .input at (55,1) in1[30].inpad[0]
32 .input at (67,1) in1[31].inpad[0]
33 .input at (47,1) in2[0].inpad[0]
34 .input at (50,68) in2[1].inpad[0]
35 .input at (48,1) in2[2].inpad[0]
36 .input at (59,1) in2[3].inpad[0]
37 .input at (59,1) in2[4].inpad[0]
38 .input at (42,1) in2[5].inpad[0]
39 .input at (59,1) in2[6].inpad[0]
40 .input at (42,1) in2[7].inpad[0]
41 .input at (42,1) in2[8].inpad[0]
42 .input at (42,1) in2[9].inpad[0]
43 .input at (64,1) in2[10].inpad[0]
44 .input at (53,1) in2[11].inpad[0]
45 .input at (64,1) in2[12].inpad[0]
46 .input at (64,1) in2[13].inpad[0]
47 .input at (44,1) in2[14].inpad[0]
48 .input at (63,1) in2[15].inpad[0]
49 .input at (63,1) in2[16].inpad[0]
50 .input at (57,1) in2[17].inpad[0]
51 .input at (44,1) in2[18].inpad[0]
52 .input at (47,1) in2[19].inpad[0]
53 .input at (57,1) in2[20].inpad[0]
54 .input at (55,1) in2[21].inpad[0]
55 .input at (44,1) in2[22].inpad[0]
56 .input at (55,1) in2[23].inpad[0]
57 .input at (57,1) in2[24].inpad[0]
58 .input at (66,1) in2[25].inpad[0]
59 .input at (55,1) in2[26].inpad[0]
60 .input at (55,1) in2[27].inpad[0]
61 .input at (66,1) in2[28].inpad[0]
62 .input at (61,1) in2[29].inpad[0]
63 .input at (47,1) in2[30].inpad[0]
64 .input at (70,1) in2[31].inpad[0]
65 .input at (39,1) in3[0].inpad[0]
66 .input at (39,1) in3[1].inpad[0]
67 .input at (37,1) in3[2].inpad[0]
68 .input at (37,1) in3[3].inpad[0]
69 .input at (37,1) in3[4].inpad[0]
70 .input at (37,1) in3[5].inpad[0]
71 .input at (38,1) in3[6].inpad[0]
72 .input at (38,1) in3[7].inpad[0]
73 .input at (38,1) in3[8].inpad[0]
74 .input at (42,1) in3[9].inpad[0]
75 .input at (40,1) in3[10].inpad[0]
76 .input at (39,1) in3[11].inpad[0]
77 .input at (37,1) in3[12].inpad[0]
78 .input at (39,1) in3[13].inpad[0]
79 .input at (37,1) in3[14].inpad[0]
80 .input at (38,1) in3[15].inpad[0]
81 .input at (43,1) in3[16].inpad[0]
82 .input at (38,1) in3[17].inpad[0]
83 .input at (38,1) in3[18].inpad[0]
84 .input at (38,1) in3[19].inpad[0]
85 .input at (54,1) in3[20].inpad[0]
86 .input at (50,1) in3[21].inpad[0]
87 .input at (42,1) in3[22].inpad[0]
88 .input at (45,1) in3[23].inpad[0]
89 .input at (45,1) in3[24].inpad[0]
90 .input at (45,1) in3[25].inpad[0]
91 .input at (46,1) in3[26].inpad[0]
92 .input at (44,1) in3[27].inpad[0]
93 .input at (46,1) in3[28].inpad[0]
94 .input at (46,1) in3[29].inpad[0]
95 .input at (46,1) in3[30].inpad[0]
96 .input at (45,1) in3[31].inpad[0]
97 .input at (36,1) in4[0].inpad[0]
98 .input at (51,1) in4[1].inpad[0]
99 .input at (43,1) in4[2].inpad[0]
100 .input at (49,1) in4[3].inpad[0]
101 .input at (48,1) in4[4].inpad[0]
102 .input at (54,1) in4[5].inpad[0]
103 .input at (52,1) in4[6].inpad[0]
104 .input at (48,1) in4[7].inpad[0]
105 .input at (52,1) in4[8].inpad[0]
106 .input at (45,1) in4[9].inpad[0]
107 .input at (48,1) in4[10].inpad[0]
108 .input at (47,1) in4[11].inpad[0]
109 .input at (49,1) in4[12].inpad[0]
110 .input at (42,1) in4[13].inpad[0]
111 .input at (45,1) in4[14].inpad[0]
112 .input at (49,1) in4[15].inpad[0]
113 .input at (50,1) in4[16].inpad[0]
114 .input at (53,1) in4[17].inpad[0]
115 .input at (47,1) in4[18].inpad[0]
116 .input at (54,1) in4[19].inpad[0]
117 .input at (42,1) in4[20].inpad[0]
118 .input at (44,1) in4[21].inpad[0]
119 .input at (54,1) in4[22].inpad[0]
120 .input at (41,1) in4[23].inpad[0]
121 .input at (44,1) in4[24].inpad[0]
122 .input at (65,1) in4[25].inpad[0]
123 .input at (42,1) in4[26].inpad[0]
124 .input at (45,1) in4[27].inpad[0]
125 .input at (58,1) in4[28].inpad[0]
126 .input at (46,1) in4[29].inpad[0]
127 .input at (58,1) in4[30].inpad[0]
128 .input at (55,1) in4[31].inpad[0]
129 .input at (43,1) in5[0].inpad[0]
130 .input at (45,1) in5[1].inpad[0]
131 .input at (45,1) in5[2].inpad[0]
132 .input at (48,1) in5[3].inpad[0]
133 .input at (40,1) in5[4].inpad[0]
134 .input at (47,1) in5[5].inpad[0]
135 .input at (48,1) in5[6].inpad[0]
136 .input at (46,1) in5[7].inpad[0]
137 .input at (47,1) in5[8].inpad[0]
138 .input at (49,1) in5[9].inpad[0]
139 .input at (48,1) in5[10].inpad[0]
140 .input at (46,1) in5[11].inpad[0]
141 .input at (48,1) in5[12].inpad[0]
142 .input at (48,1) in5[13].inpad[0]
143 .input at (42,1) in5[14].inpad[0]
144 .input at (41,1) in5[15].inpad[0]
145 .input at (50,1) in5[16].inpad[0]
146 .input at (45,1) in5[17].inpad[0]
147 .input at (44,1) in5[18].inpad[0]
148 .input at (49,1) in5[19].inpad[0]
149 .input at (55,1) in5[20].inpad[0]
150 .input at (55,1) in5[21].inpad[0]
151 .input at (42,1) in5[22].inpad[0]
152 .input at (44,1) in5[23].inpad[0]
153 .input at (44,1) in5[24].inpad[0]
154 .input at (44,1) in5[25].inpad[0]
155 .input at (42,1) in5[26].inpad[0]
156 .input at (44,1) in5[27].inpad[0]
157 .input at (45,1) in5[28].inpad[0]
158 .input at (46,1) in5[29].inpad[0]
159 .input at (45,1) in5[30].inpad[0]
160 .input at (50,1) in5[31].inpad[0]
161 .input at (39,1) reset.inpad[0]
3856 dffre at (70,20) add3_add.out[0].Q[0]
3858 dffre at (67,20) add3_add.out[1].Q[0]
3860 dffre at (71,19) add3_add.out[2].Q[0]
3862 dffre at (72,23) add3_add.out[3].Q[0]
3864 dffre at (34,20) add3_add.out[4].Q[0]
3866 dffre at (70,12) add3_add.out[5].Q[0]
3868 dffre at (71,22) add3_add.out[6].Q[0]
3870 dffre at (70,12) add3_add.out[7].Q[0]
3872 dffre at (71,19) add3_add.out[8].Q[0]
3874 dffre at (71,19) add3_add.out[9].Q[0]
3876 dffre at (69,23) add3_add.out[10].Q[0]
3878 dffre at (71,23) add3_add.out[11].Q[0]
3880 dffre at (71,21) add3_add.out[12].Q[0]
3882 dffre at (69,20) add3_add.out[13].Q[0]
3884 dffre at (72,21) add3_add.out[14].Q[0]
3886 dffre at (69,22) add3_add.out[15].Q[0]
3888 dffre at (72,20) add3_add.out[16].Q[0]
3890 dffre at (61,20) add3_add.out[17].Q[0]
3892 dffre at (61,20) add3_add.out[18].Q[0]
3894 dffre at (69,20) add3_add.out[19].Q[0]
3896 dffre at (72,22) add3_add.out[20].Q[0]
3898 dffre at (70,12) add3_add.out[21].Q[0]
3900 dffre at (70,22) add3_add.out[22].Q[0]
3902 dffre at (67,22) add3_add.out[23].Q[0]
3904 dffre at (67,22) add3_add.out[24].Q[0]
3906 dffre at (70,12) add3_add.out[25].Q[0]
3908 dffre at (66,21) add3_add.out[26].Q[0]
3910 dffre at (66,23) add3_add.out[27].Q[0]
3912 dffre at (50,26) add3_add.out[28].Q[0]
3914 dffre at (70,12) add3_add.out[29].Q[0]
3916 dffre at (55,20) add3_add.out[30].Q[0]
3918 dffre at (70,24) add3_add.out[31].Q[0]
4098 dffre at (29,30) add4_add.out[0].Q[0]
4100 dffre at (29,30) add4_add.out[1].Q[0]
4102 dffre at (30,30) add4_add.out[2].Q[0]
4104 dffre at (47,23) add4_add.out[3].Q[0]
4106 dffre at (29,28) add4_add.out[4].Q[0]
4108 dffre at (55,20) add4_add.out[5].Q[0]
4110 dffre at (55,20) add4_add.out[6].Q[0]
4112 dffre at (36,32) add4_add.out[7].Q[0]
4114 dffre at (47,23) add4_add.out[8].Q[0]
4116 dffre at (42,21) add4_add.out[9].Q[0]
4118 dffre at (55,20) add4_add.out[10].Q[0]
4120 dffre at (34,20) add4_add.out[11].Q[0]
4122 dffre at (29,26) add4_add.out[12].Q[0]
4124 dffre at (34,20) add4_add.out[13].Q[0]
4126 dffre at (34,20) add4_add.out[14].Q[0]
4128 dffre at (34,20) add4_add.out[15].Q[0]
4130 dffre at (32,27) add4_add.out[16].Q[0]
4132 dffre at (30,27) add4_add.out[17].Q[0]
4134 dffre at (30,29) add4_add.out[18].Q[0]
4136 dffre at (29,27) add4_add.out[19].Q[0]
4138 dffre at (30,28) add4_add.out[20].Q[0]
4140 dffre at (42,21) add4_add.out[21].Q[0]
4142 dffre at (32,29) add4_add.out[22].Q[0]
4144 dffre at (33,29) add4_add.out[23].Q[0]
4146 dffre at (33,30) add4_add.out[24].Q[0]
4148 dffre at (32,30) add4_add.out[25].Q[0]
4150 dffre at (34,20) add4_add.out[26].Q[0]
4152 dffre at (34,20) add4_add.out[27].Q[0]
4154 dffre at (45,31) add4_add.out[28].Q[0]
4156 dffre at (34,30) add4_add.out[29].Q[0]
4158 dffre at (34,30) add4_add.out[30].Q[0]
4160 dffre at (32,30) add4_add.out[31].Q[0]
4775 dffre at (53,47) x2_mul.out[0].Q[0]
4777 dffre at (52,43) x2_mul.out[1].Q[0]
4779 dffre at (52,28) x2_mul.out[2].Q[0]
4781 dffre at (52,28) x2_mul.out[3].Q[0]
4783 dffre at (50,49) x2_mul.out[4].Q[0]
4785 dffre at (57,45) x2_mul.out[5].Q[0]
4787 dffre at (50,49) x2_mul.out[6].Q[0]
4789 dffre at (54,51) x2_mul.out[7].Q[0]
4791 dffre at (47,29) x2_mul.out[8].Q[0]
4793 dffre at (53,50) x2_mul.out[9].Q[0]
4795 dffre at (47,29) x2_mul.out[10].Q[0]
4797 dffre at (57,50) x2_mul.out[11].Q[0]
4799 dffre at (55,40) x2_mul.out[12].Q[0]
4801 dffre at (58,49) x2_mul.out[13].Q[0]
4803 dffre at (54,39) x2_mul.out[14].Q[0]
4805 dffre at (59,46) x2_mul.out[15].Q[0]
4807 dffre at (57,48) x2_mul.out[16].Q[0]
4809 dffre at (59,48) x2_mul.out[17].Q[0]
4811 dffre at (55,47) x2_mul.out[18].Q[0]
4813 dffre at (54,45) x2_mul.out[19].Q[0]
4815 dffre at (52,50) x2_mul.out[20].Q[0]
4817 dffre at (55,49) x2_mul.out[21].Q[0]
4819 dffre at (55,46) x2_mul.out[22].Q[0]
4821 dffre at (50,49) x2_mul.out[23].Q[0]
4823 dffre at (50,49) x2_mul.out[24].Q[0]
4825 dffre at (51,50) x2_mul.out[25].Q[0]
4827 dffre at (50,49) x2_mul.out[26].Q[0]
4829 dffre at (50,49) x2_mul.out[27].Q[0]
4831 dffre at (51,45) x2_mul.out[28].Q[0]
4833 dffre at (52,48) x2_mul.out[29].Q[0]
4835 dffre at (50,2) x2_mul.out[30].Q[0]
4837 dffre at (38,36) x2_mul.out[31].Q[0]
5007 dffre at (58,31) x4_mul.out[0].Q[0]
5009 dffre at (58,40) x4_mul.out[1].Q[0]
5011 dffre at (60,31) x4_mul.out[2].Q[0]
5013 dffre at (65,39) x4_mul.out[3].Q[0]
5015 dffre at (48,44) x4_mul.out[4].Q[0]
5017 dffre at (60,40) x4_mul.out[5].Q[0]
5019 dffre at (63,39) x4_mul.out[6].Q[0]
5021 dffre at (58,38) x4_mul.out[7].Q[0]
5023 dffre at (66,38) x4_mul.out[8].Q[0]
5025 dffre at (65,40) x4_mul.out[9].Q[0]
5027 dffre at (58,37) x4_mul.out[10].Q[0]
5029 dffre at (63,41) x4_mul.out[11].Q[0]
5031 dffre at (59,35) x4_mul.out[12].Q[0]
5033 dffre at (59,40) x4_mul.out[13].Q[0]
5035 dffre at (64,35) x4_mul.out[14].Q[0]
5037 dffre at (57,37) x4_mul.out[15].Q[0]
5039 dffre at (60,39) x4_mul.out[16].Q[0]
5041 dffre at (60,38) x4_mul.out[17].Q[0]
5043 dffre at (58,31) x4_mul.out[18].Q[0]
5045 dffre at (60,38) x4_mul.out[19].Q[0]
5047 dffre at (64,36) x4_mul.out[20].Q[0]
5049 dffre at (65,36) x4_mul.out[21].Q[0]
5051 dffre at (57,34) x4_mul.out[22].Q[0]
5053 dffre at (57,34) x4_mul.out[23].Q[0]
5055 dffre at (60,35) x4_mul.out[24].Q[0]
5057 dffre at (63,36) x4_mul.out[25].Q[0]
5059 dffre at (57,35) x4_mul.out[26].Q[0]
5061 dffre at (58,36) x4_mul.out[27].Q[0]
5063 dffre at (57,36) x4_mul.out[28].Q[0]
5065 dffre at (60,35) x4_mul.out[29].Q[0]
5067 dffre at (59,37) x4_mul.out[30].Q[0]
5069 dffre at (59,39) x4_mul.out[31].Q[0]
55380 dffre at (54,33) add5_add.opb_r[22].D[0]
56226 dffre at (55,24) add3_add.opa_r[0].D[0]
56229 dffre at (55,24) add3_add.opa_r[1].D[0]
56232 dffre at (55,24) add3_add.opa_r[2].D[0]
56235 dffre at (54,25) add3_add.opa_r[3].D[0]
56238 dffre at (60,22) add3_add.opa_r[4].D[0]
56241 dffre at (58,29) add3_add.opa_r[5].D[0]
56244 dffre at (57,23) add3_add.opa_r[6].D[0]
56247 dffre at (57,23) add3_add.opa_r[7].D[0]
56250 dffre at (57,23) add3_add.opa_r[8].D[0]
56253 dffre at (57,23) add3_add.opa_r[9].D[0]
56256 dffre at (57,20) add3_add.opa_r[10].D[0]
56259 dffre at (57,20) add3_add.opa_r[11].D[0]
56262 dffre at (57,20) add3_add.opa_r[12].D[0]
56265 dffre at (58,25) add3_add.opa_r[13].D[0]
56268 dffre at (57,24) add3_add.opa_r[14].D[0]
56271 dffre at (57,24) add3_add.opa_r[15].D[0]
56274 dffre at (57,28) add3_add.opa_r[16].D[0]
56277 dffre at (57,28) add3_add.opa_r[17].D[0]
56280 dffre at (55,36) add3_add.opa_r[18].D[0]
56283 dffre at (45,21) add3_add.opa_r[19].D[0]
56286 dffre at (45,21) add3_add.opa_r[20].D[0]
56289 dffre at (39,41) add3_add.opa_r[21].D[0]
56292 dffre at (52,14) add3_add.opa_r[22].D[0]
56295 dffre at (57,22) add3_add.opa_r[23].D[0]
56298 dffre at (58,22) add3_add.opa_r[24].D[0]
56301 dffre at (58,22) add3_add.opa_r[25].D[0]
56304 dffre at (57,22) add3_add.opa_r[26].D[0]
56307 dffre at (61,22) add3_add.opa_r[27].D[0]
56310 dffre at (58,22) add3_add.opa_r[28].D[0]
56313 dffre at (55,22) add3_add.opa_r[29].D[0]
56316 dffre at (55,22) add3_add.opa_r[30].D[0]
56319 dffre at (69,24) add3_add.u1.signa.D[0]
56990 dffre at (39,31) add4_add.opa_r[0].D[0]
56993 dffre at (39,32) add4_add.opa_r[1].D[0]
56996 dffre at (39,28) add4_add.opa_r[2].D[0]
56999 dffre at (46,23) add4_add.opa_r[3].D[0]
57002 dffre at (38,28) add4_add.opa_r[4].D[0]
57005 dffre at (44,30) add4_add.opa_r[5].D[0]
57008 dffre at (46,23) add4_add.opa_r[6].D[0]
57011 dffre at (44,30) add4_add.opa_r[7].D[0]
57014 dffre at (44,30) add4_add.opa_r[8].D[0]
57017 dffre at (44,30) add4_add.opa_r[9].D[0]
57020 dffre at (44,30) add4_add.opa_r[10].D[0]
57023 dffre at (40,29) add4_add.opa_r[11].D[0]
57026 dffre at (48,25) add4_add.opa_r[12].D[0]
57029 dffre at (48,25) add4_add.opa_r[13].D[0]
57032 dffre at (41,28) add4_add.opa_r[14].D[0]
57035 dffre at (38,24) add4_add.opa_r[15].D[0]
57038 dffre at (51,27) add4_add.opa_r[16].D[0]
57041 dffre at (41,20) add4_add.opa_r[17].D[0]
57044 dffre at (38,27) add4_add.opa_r[18].D[0]
57047 dffre at (42,22) add4_add.opa_r[19].D[0]
57050 dffre at (55,28) add4_add.opa_r[20].D[0]
57053 dffre at (55,20) add4_add.opa_r[21].D[0]
57056 dffre at (42,21) add4_add.opa_r[22].D[0]
57059 dffre at (44,25) add4_add.opa_r[23].D[0]
57062 dffre at (44,25) add4_add.opa_r[24].D[0]
57065 dffre at (44,29) add4_add.opa_r[25].D[0]
57068 dffre at (42,28) add4_add.opa_r[26].D[0]
57071 dffre at (44,28) add4_add.opa_r[27].D[0]
57074 dffre at (45,28) add4_add.opa_r[28].D[0]
57077 dffre at (46,25) add4_add.opa_r[29].D[0]
57080 dffre at (45,28) add4_add.opa_r[30].D[0]
57083 dffre at (52,27) add4_add.u1.signa.D[0]
57088 dffre at (42,32) add4_add.opb_r[0].D[0]
57091 dffre at (40,31) add4_add.opb_r[1].D[0]
57094 dffre at (39,32) add4_add.opb_r[2].D[0]
57097 dffre at (39,31) add4_add.opb_r[3].D[0]
57100 dffre at (40,32) add4_add.opb_r[4].D[0]
57103 dffre at (38,28) add4_add.opb_r[5].D[0]
57106 dffre at (38,28) add4_add.opb_r[6].D[0]
57109 dffre at (38,30) add4_add.opb_r[7].D[0]
57112 dffre at (38,30) add4_add.opb_r[8].D[0]
57115 dffre at (44,30) add4_add.opb_r[9].D[0]
57118 dffre at (44,30) add4_add.opb_r[10].D[0]
57121 dffre at (40,29) add4_add.opb_r[11].D[0]
57124 dffre at (40,28) add4_add.opb_r[12].D[0]
57127 dffre at (40,28) add4_add.opb_r[13].D[0]
57130 dffre at (41,28) add4_add.opb_r[14].D[0]
57133 dffre at (40,28) add4_add.opb_r[15].D[0]
57136 dffre at (51,27) add4_add.opb_r[16].D[0]
57139 dffre at (38,27) add4_add.opb_r[17].D[0]
57142 dffre at (39,27) add4_add.opb_r[18].D[0]
57145 dffre at (39,28) add4_add.opb_r[19].D[0]
57148 dffre at (54,40) add4_add.opb_r[20].D[0]
57151 dffre at (50,32) add4_add.opb_r[21].D[0]
57154 dffre at (42,21) add4_add.opb_r[22].D[0]
57157 dffre at (45,29) add4_add.opb_r[23].D[0]
57160 dffre at (45,29) add4_add.opb_r[24].D[0]
57163 dffre at (45,29) add4_add.opb_r[25].D[0]
57166 dffre at (46,28) add4_add.opb_r[26].D[0]
57169 dffre at (44,28) add4_add.opb_r[27].D[0]
57172 dffre at (46,28) add4_add.opb_r[28].D[0]
57175 dffre at (46,28) add4_add.opb_r[29].D[0]
57178 dffre at (46,28) add4_add.opb_r[30].D[0]
57181 dffre at (45,27) add4_add.u1.signb.D[0]
57556 dffre at (36,24) add5_add.opb_r[0].D[0]
57559 dffre at (55,27) add5_add.opb_r[1].D[0]
57562 dffre at (36,24) add5_add.opb_r[2].D[0]
57565 dffre at (46,23) add5_add.opb_r[3].D[0]
57568 dffre at (44,24) add5_add.opb_r[4].D[0]
57571 dffre at (55,27) add5_add.opb_r[5].D[0]
57574 dffre at (55,27) add5_add.opb_r[6].D[0]
57577 dffre at (46,23) add5_add.opb_r[7].D[0]
57580 dffre at (55,27) add5_add.opb_r[8].D[0]
57583 dffre at (42,24) add5_add.opb_r[9].D[0]
57586 dffre at (45,25) add5_add.opb_r[10].D[0]
57589 dffre at (46,25) add5_add.opb_r[11].D[0]
57592 dffre at (48,25) add5_add.opb_r[12].D[0]
57595 dffre at (42,25) add5_add.opb_r[13].D[0]
57598 dffre at (45,22) add5_add.opb_r[14].D[0]
57601 dffre at (51,27) add5_add.opb_r[15].D[0]
57604 dffre at (51,27) add5_add.opb_r[16].D[0]
57607 dffre at (61,26) add5_add.opb_r[17].D[0]
57610 dffre at (47,29) add5_add.opb_r[18].D[0]
57613 dffre at (54,35) add5_add.opb_r[19].D[0]
57616 dffre at (42,21) add5_add.opb_r[20].D[0]
57619 dffre at (44,26) add5_add.opb_r[21].D[0]
57622 dffre at (41,24) add5_add.opb_r[23].D[0]
57625 dffre at (44,29) add5_add.opb_r[24].D[0]
57628 dffre at (65,28) add5_add.opb_r[25].D[0]
57631 dffre at (42,28) add5_add.opb_r[26].D[0]
57634 dffre at (45,25) add5_add.opb_r[27].D[0]
57637 dffre at (58,26) add5_add.opb_r[28].D[0]
57640 dffre at (46,25) add5_add.opb_r[29].D[0]
57643 dffre at (58,26) add5_add.opb_r[30].D[0]
57646 dffre at (63,21) add1_add.u1.signb.D[0]
57769 dffre at (47,29) reg1[0].D[0]
57772 dffre at (50,49) reg1[1].D[0]
57775 dffre at (48,44) reg1[2].D[0]
57778 dffre at (59,29) reg1[3].D[0]
57781 dffre at (59,29) reg1[4].D[0]
57784 dffre at (42,21) reg1[5].D[0]
57787 dffre at (59,42) reg1[6].D[0]
57790 dffre at (42,21) reg1[7].D[0]
57793 dffre at (42,21) reg1[8].D[0]
57796 dffre at (42,21) reg1[9].D[0]
57799 dffre at (64,31) reg1[10].D[0]
57802 dffre at (53,36) reg1[11].D[0]
57805 dffre at (64,31) reg1[12].D[0]
57808 dffre at (64,31) reg1[13].D[0]
57811 dffre at (44,22) reg1[14].D[0]
57814 dffre at (63,32) reg1[15].D[0]
57817 dffre at (63,32) reg1[16].D[0]
57820 dffre at (57,31) reg1[17].D[0]
57823 dffre at (44,22) reg1[18].D[0]
57826 dffre at (47,29) reg1[19].D[0]
57829 dffre at (57,31) reg1[20].D[0]
57832 dffre at (55,29) reg1[21].D[0]
57835 dffre at (44,26) reg1[22].D[0]
57838 dffre at (55,40) reg1[23].D[0]
57841 dffre at (57,31) reg1[24].D[0]
57844 dffre at (66,18) reg1[25].D[0]
57847 dffre at (55,40) reg1[26].D[0]
57850 dffre at (55,20) reg1[27].D[0]
57853 dffre at (66,18) reg1[28].D[0]
57856 dffre at (61,20) reg1[29].D[0]
57859 dffre at (47,29) reg1[30].D[0]
57862 dffre at (70,12) reg1[31].D[0]
59310 RS_DSP_MULT_REGIN_REGOUT at (49,23) $auto_16131.B[37].b[5]
59311 RS_DSP_MULT_REGIN_REGOUT at (49,23) $auto_16131.B[37].b[8]
59312 RS_DSP_MULT_REGIN_REGOUT at (49,23) $auto_16131.B[37].b[3]
59313 RS_DSP_MULT_REGIN_REGOUT at (49,23) $auto_16131.B[37].b[2]
59314 RS_DSP_MULT_REGIN_REGOUT at (49,23) $auto_16131.B[37].b[10]
59315 RS_DSP_MULT_REGIN_REGOUT at (49,23) $auto_16131.B[37].b[0]
59316 RS_DSP_MULT_REGIN_REGOUT at (49,23) $auto_16131.B[37].b[14]
59317 RS_DSP_MULT_REGIN_REGOUT at (49,23) $auto_16131.B[37].b[4]
59318 RS_DSP_MULT_REGIN_REGOUT at (49,23) $auto_16131.B[37].b[1]
59319 RS_DSP_MULT_REGIN_REGOUT at (49,23) $auto_16131.B[37].b[12]
59320 RS_DSP_MULT_REGIN_REGOUT at (49,23) $auto_16131.B[37].b[6]
59321 RS_DSP_MULT_REGIN_REGOUT at (49,23) $auto_16131.B[37].b[16]
59322 RS_DSP_MULT_REGIN_REGOUT at (49,23) $auto_16131.B[37].b[7]
59323 RS_DSP_MULT_REGIN_REGOUT at (49,23) $auto_16131.B[37].b[9]
59324 RS_DSP_MULT_REGIN_REGOUT at (49,23) $auto_16131.B[37].b[11]
59325 RS_DSP_MULT_REGIN_REGOUT at (49,23) $auto_16131.B[37].b[13]
59326 RS_DSP_MULT_REGIN_REGOUT at (49,23) $auto_16131.B[37].b[15]
59327 RS_DSP_MULT_REGIN_REGOUT at (49,23) $auto_16131.B[37].b[17]
59334 RS_DSP_MULT_REGIN_REGOUT at (37,32) $auto_16143.B[37].b[5]
59335 RS_DSP_MULT_REGIN_REGOUT at (37,32) $auto_16143.B[37].b[8]
59336 RS_DSP_MULT_REGIN_REGOUT at (37,32) $auto_16143.B[37].b[3]
59337 RS_DSP_MULT_REGIN_REGOUT at (37,32) $auto_16143.B[37].a[18]
59338 RS_DSP_MULT_REGIN_REGOUT at (37,32) $auto_16143.B[37].b[2]
59339 RS_DSP_MULT_REGIN_REGOUT at (37,32) $auto_16143.B[37].a[16]
59340 RS_DSP_MULT_REGIN_REGOUT at (37,32) $auto_16143.B[37].a[13]
59341 RS_DSP_MULT_REGIN_REGOUT at (37,32) $auto_16143.B[37].b[10]
59342 RS_DSP_MULT_REGIN_REGOUT at (37,32) $auto_16143.B[37].b[0]
59343 RS_DSP_MULT_REGIN_REGOUT at (37,32) $auto_16143.B[37].b[14]
59344 RS_DSP_MULT_REGIN_REGOUT at (37,32) $auto_16143.B[37].a[0]
59345 RS_DSP_MULT_REGIN_REGOUT at (37,32) $auto_16143.B[37].a[1]
59346 RS_DSP_MULT_REGIN_REGOUT at (37,32) $auto_16143.B[37].a[14]
59347 RS_DSP_MULT_REGIN_REGOUT at (37,32) $auto_16143.B[37].a[2]
59348 RS_DSP_MULT_REGIN_REGOUT at (37,32) $auto_16143.B[37].a[9]
59349 RS_DSP_MULT_REGIN_REGOUT at (37,32) $auto_16143.B[37].a[17]
59350 RS_DSP_MULT_REGIN_REGOUT at (37,32) $auto_16143.B[37].b[4]
59351 RS_DSP_MULT_REGIN_REGOUT at (37,32) $auto_16143.B[37].a[5]
59352 RS_DSP_MULT_REGIN_REGOUT at (37,32) $auto_16143.B[37].b[1]
59353 RS_DSP_MULT_REGIN_REGOUT at (37,32) $auto_16143.B[37].a[11]
59354 RS_DSP_MULT_REGIN_REGOUT at (37,32) $auto_16143.B[37].b[12]
59355 RS_DSP_MULT_REGIN_REGOUT at (37,32) $auto_16143.B[37].b[6]
59356 RS_DSP_MULT_REGIN_REGOUT at (37,32) $auto_16143.B[37].b[16]
59357 RS_DSP_MULT_REGIN_REGOUT at (37,32) $auto_16143.B[37].a[6]
59358 RS_DSP_MULT_REGIN_REGOUT at (37,32) $auto_16143.B[37].a[7]
59359 RS_DSP_MULT_REGIN_REGOUT at (37,32) $auto_16143.B[37].a[8]
59360 RS_DSP_MULT_REGIN_REGOUT at (37,32) $auto_16143.B[37].b[7]
59361 RS_DSP_MULT_REGIN_REGOUT at (37,32) $auto_16143.B[37].b[9]
59362 RS_DSP_MULT_REGIN_REGOUT at (37,32) $auto_16143.B[37].a[10]
59363 RS_DSP_MULT_REGIN_REGOUT at (37,32) $auto_16143.B[37].a[12]
59364 RS_DSP_MULT_REGIN_REGOUT at (37,32) $auto_16143.B[37].a[3]
59365 RS_DSP_MULT_REGIN_REGOUT at (37,32) $auto_16143.B[37].b[11]
59366 RS_DSP_MULT_REGIN_REGOUT at (37,32) $auto_16143.B[37].b[13]
59367 RS_DSP_MULT_REGIN_REGOUT at (37,32) $auto_16143.B[37].b[15]
59368 RS_DSP_MULT_REGIN_REGOUT at (37,32) $auto_16143.B[37].b[17]
59369 RS_DSP_MULT_REGIN_REGOUT at (37,32) $auto_16143.B[37].a[4]
59370 RS_DSP_MULT_REGIN_REGOUT at (37,32) $auto_16143.B[37].a[19]
59371 RS_DSP_MULT_REGIN_REGOUT at (37,32) $auto_16143.B[37].a[15]
59375 RS_DSP_MULT_REGIN_REGOUT at (49,29) $auto_15850.B[37].b[5]
59376 RS_DSP_MULT_REGIN_REGOUT at (49,29) $auto_15850.B[37].b[8]
59377 RS_DSP_MULT_REGIN_REGOUT at (49,29) $auto_15850.B[37].b[3]
59378 RS_DSP_MULT_REGIN_REGOUT at (49,29) $auto_15850.B[37].a[18]
59379 RS_DSP_MULT_REGIN_REGOUT at (49,29) $auto_15850.B[37].b[2]
59380 RS_DSP_MULT_REGIN_REGOUT at (49,29) $auto_15850.B[37].a[16]
59381 RS_DSP_MULT_REGIN_REGOUT at (49,29) $auto_15850.B[37].a[13]
59382 RS_DSP_MULT_REGIN_REGOUT at (49,29) $auto_15850.B[37].b[10]
59383 RS_DSP_MULT_REGIN_REGOUT at (49,29) $auto_15850.B[37].b[0]
59384 RS_DSP_MULT_REGIN_REGOUT at (49,29) $auto_15850.B[37].b[14]
59385 RS_DSP_MULT_REGIN_REGOUT at (49,29) $auto_15850.B[37].a[0]
59386 RS_DSP_MULT_REGIN_REGOUT at (49,29) $auto_15850.B[37].a[1]
59387 RS_DSP_MULT_REGIN_REGOUT at (49,29) $auto_15850.B[37].a[14]
59388 RS_DSP_MULT_REGIN_REGOUT at (49,29) $auto_15850.B[37].a[2]
59389 RS_DSP_MULT_REGIN_REGOUT at (49,29) $auto_15850.B[37].a[9]
59390 RS_DSP_MULT_REGIN_REGOUT at (49,29) $auto_15850.B[37].a[17]
59391 RS_DSP_MULT_REGIN_REGOUT at (49,29) $auto_15850.B[37].b[4]
59392 RS_DSP_MULT_REGIN_REGOUT at (49,29) $auto_15850.B[37].a[5]
59393 RS_DSP_MULT_REGIN_REGOUT at (49,29) $auto_15850.B[37].b[1]
59394 RS_DSP_MULT_REGIN_REGOUT at (49,29) $auto_15850.B[37].a[11]
59395 RS_DSP_MULT_REGIN_REGOUT at (49,29) $auto_15850.B[37].b[12]
59396 RS_DSP_MULT_REGIN_REGOUT at (49,29) $auto_15850.B[37].b[6]
59397 RS_DSP_MULT_REGIN_REGOUT at (49,29) $auto_15850.B[37].b[16]
59398 RS_DSP_MULT_REGIN_REGOUT at (49,29) $auto_15850.B[37].a[6]
59399 RS_DSP_MULT_REGIN_REGOUT at (49,29) $auto_15850.B[37].a[7]
59400 RS_DSP_MULT_REGIN_REGOUT at (49,29) $auto_15850.B[37].a[8]
59401 RS_DSP_MULT_REGIN_REGOUT at (49,29) $auto_15850.B[37].b[7]
59402 RS_DSP_MULT_REGIN_REGOUT at (49,29) $auto_15850.B[37].b[9]
59403 RS_DSP_MULT_REGIN_REGOUT at (49,29) $auto_15850.B[37].a[10]
59404 RS_DSP_MULT_REGIN_REGOUT at (49,29) $auto_15850.B[37].a[12]
59405 RS_DSP_MULT_REGIN_REGOUT at (49,29) $auto_15850.B[37].a[3]
59406 RS_DSP_MULT_REGIN_REGOUT at (49,29) $auto_15850.B[37].b[11]
59407 RS_DSP_MULT_REGIN_REGOUT at (49,29) $auto_15850.B[37].b[13]
59408 RS_DSP_MULT_REGIN_REGOUT at (49,29) $auto_15850.B[37].b[15]
59409 RS_DSP_MULT_REGIN_REGOUT at (49,29) $auto_15850.B[37].b[17]
59410 RS_DSP_MULT_REGIN_REGOUT at (49,29) $auto_15850.B[37].a[4]
59411 RS_DSP_MULT_REGIN_REGOUT at (49,29) $auto_15850.B[37].a[19]
59412 RS_DSP_MULT_REGIN_REGOUT at (49,29) $auto_15850.B[37].a[15]
60463 dffre at (45,27) add5_add.u1.add_d.D[0]
60464 dffre at (45,27) add4_add.u1.add_d.D[0]
60465 .output at (39,1) out:$auto_728849.outpad[0]
60466 .output at (61,1) out:$auto_728837.outpad[0]
60467 .output at (48,68) out:$auto_728836.outpad[0]
60468 .output at (48,1) out:$auto_728835.outpad[0]
60469 .output at (48,1) out:$auto_728834.outpad[0]
60470 .output at (48,1) out:$auto_728833.outpad[0]
60471 .output at (48,68) out:$auto_728832.outpad[0]
60472 .output at (48,1) out:$auto_728831.outpad[0]
60473 .output at (3,1) out:$auto_728830.outpad[0]
60474 .output at (4,1) out:$auto_728829.outpad[0]
60475 .output at (50,1) out:$auto_728828.outpad[0]
60476 .output at (50,1) out:$auto_728827.outpad[0]
60477 .output at (50,1) out:$auto_728826.outpad[0]
60478 .output at (50,1) out:$auto_728825.outpad[0]
60479 .output at (50,1) out:$auto_728824.outpad[0]
60480 .output at (50,1) out:$auto_728823.outpad[0]
60481 .output at (50,1) out:$auto_728822.outpad[0]
60482 .output at (50,1) out:$auto_728821.outpad[0]
60483 .output at (50,1) out:$auto_728820.outpad[0]
60484 .output at (50,1) out:$auto_728819.outpad[0]
60485 .output at (50,1) out:$auto_728818.outpad[0]
60486 .output at (50,1) out:$auto_728817.outpad[0]
60487 .output at (50,1) out:$auto_728816.outpad[0]
60488 .output at (12,1) out:$auto_728815.outpad[0]
60489 .output at (10,1) out:$auto_728814.outpad[0]
60490 .output at (6,1) out:$auto_728813.outpad[0]
60491 .output at (5,1) out:$auto_728812.outpad[0]
60492 .output at (16,1) out:$auto_728811.outpad[0]
60493 .output at (60,1) out:$auto_728810.outpad[0]
60494 .output at (60,1) out:$auto_728809.outpad[0]
60495 .output at (60,1) out:$auto_728808.outpad[0]
60496 .output at (60,1) out:$auto_728807.outpad[0]
60497 .output at (60,1) out:$auto_728806.outpad[0]
60498 .output at (60,1) out:$auto_728805.outpad[0]
60499 .output at (60,1) out:$auto_728804.outpad[0]
60500 .output at (60,1) out:$auto_728803.outpad[0]
60501 .output at (11,1) out:$auto_728802.outpad[0]
60502 .output at (61,1) out:$auto_728801.outpad[0]
60503 .output at (61,1) out:$auto_728800.outpad[0]
60504 .output at (61,1) out:$auto_728799.outpad[0]
60505 .output at (61,1) out:$auto_728798.outpad[0]
60506 .output at (61,1) out:$auto_728797.outpad[0]
60507 .output at (9,1) out:$auto_728796.outpad[0]
60508 .output at (3,1) out:$auto_728795.outpad[0]
60509 .output at (3,1) out:$auto_728794.outpad[0]
60510 .output at (3,1) out:$auto_728793.outpad[0]
60511 .output at (3,1) out:$auto_728792.outpad[0]
60512 .output at (3,1) out:$auto_728791.outpad[0]
60513 .output at (3,1) out:$auto_728790.outpad[0]
60514 .output at (3,1) out:$auto_728789.outpad[0]
60515 .output at (3,1) out:$auto_728788.outpad[0]
60516 .output at (3,1) out:$auto_728787.outpad[0]
60517 .output at (3,1) out:$auto_728786.outpad[0]
60518 .output at (3,1) out:$auto_728785.outpad[0]
60519 .output at (3,1) out:$auto_728784.outpad[0]
60520 .output at (3,1) out:$auto_728783.outpad[0]
60521 .output at (3,1) out:$auto_728782.outpad[0]
60522 .output at (3,1) out:$auto_728781.outpad[0]
60523 .output at (4,1) out:$auto_728780.outpad[0]
60524 .output at (4,1) out:$auto_728779.outpad[0]
60525 .output at (4,1) out:$auto_728778.outpad[0]
60526 .output at (4,1) out:$auto_728777.outpad[0]
60527 .output at (4,1) out:$auto_728776.outpad[0]
60528 .output at (4,1) out:$auto_728775.outpad[0]
60529 .output at (4,1) out:$auto_728774.outpad[0]
60530 .output at (4,1) out:$auto_728773.outpad[0]
60531 .output at (4,1) out:$auto_728772.outpad[0]
60532 .output at (4,1) out:$auto_728771.outpad[0]
60533 .output at (4,1) out:$auto_728770.outpad[0]
60534 .output at (4,1) out:$auto_728769.outpad[0]
60535 .output at (4,1) out:$auto_728768.outpad[0]
60536 .output at (4,1) out:$auto_728767.outpad[0]
60537 .output at (4,1) out:$auto_728766.outpad[0]
60538 .output at (4,1) out:$auto_728765.outpad[0]
60539 .output at (8,1) out:$auto_728764.outpad[0]
60540 .output at (12,1) out:$auto_728763.outpad[0]
60541 .output at (12,1) out:$auto_728762.outpad[0]
60542 .output at (12,1) out:$auto_728761.outpad[0]
60543 .output at (12,1) out:$auto_728760.outpad[0]
60544 .output at (12,1) out:$auto_728759.outpad[0]
60545 .output at (12,1) out:$auto_728758.outpad[0]
60546 .output at (12,1) out:$auto_728757.outpad[0]
60547 .output at (12,1) out:$auto_728756.outpad[0]
60548 .output at (12,1) out:$auto_728755.outpad[0]
60549 .output at (12,1) out:$auto_728754.outpad[0]
60550 .output at (12,1) out:$auto_728753.outpad[0]
60551 .output at (12,1) out:$auto_728752.outpad[0]
60552 .output at (12,1) out:$auto_728751.outpad[0]
60553 .output at (12,1) out:$auto_728750.outpad[0]
60554 .output at (12,1) out:$auto_728749.outpad[0]
60555 .output at (3,1) out:$auto_728748.outpad[0]
60556 .output at (10,1) out:$auto_728747.outpad[0]
60557 .output at (10,1) out:$auto_728746.outpad[0]
60558 .output at (10,1) out:$auto_728745.outpad[0]
60559 .output at (10,1) out:$auto_728744.outpad[0]
60560 .output at (10,1) out:$auto_728743.outpad[0]
60561 .output at (10,1) out:$auto_728742.outpad[0]
60562 .output at (10,1) out:$auto_728741.outpad[0]
60563 .output at (10,1) out:$auto_728740.outpad[0]
60564 .output at (10,1) out:$auto_728739.outpad[0]
60565 .output at (10,1) out:$auto_728738.outpad[0]
60566 .output at (10,1) out:$auto_728737.outpad[0]
60567 .output at (10,1) out:$auto_728736.outpad[0]
60568 .output at (10,1) out:$auto_728735.outpad[0]
60569 .output at (10,1) out:$auto_728734.outpad[0]
60570 .output at (10,1) out:$auto_728733.outpad[0]
60571 .output at (14,1) out:$auto_728732.outpad[0]
60572 .output at (6,1) out:$auto_728731.outpad[0]
60573 .output at (6,1) out:$auto_728730.outpad[0]
60574 .output at (6,1) out:$auto_728729.outpad[0]
60575 .output at (6,1) out:$auto_728728.outpad[0]
60576 .output at (6,1) out:$auto_728727.outpad[0]
60577 .output at (6,1) out:$auto_728726.outpad[0]
60578 .output at (6,1) out:$auto_728725.outpad[0]
60579 .output at (6,1) out:$auto_728724.outpad[0]
60580 .output at (6,1) out:$auto_728723.outpad[0]
60581 .output at (6,1) out:$auto_728722.outpad[0]
60582 .output at (6,1) out:$auto_728721.outpad[0]
60583 .output at (6,1) out:$auto_728720.outpad[0]
60584 .output at (6,1) out:$auto_728719.outpad[0]
60585 .output at (6,1) out:$auto_728718.outpad[0]
60586 .output at (6,1) out:$auto_728717.outpad[0]
60587 .output at (9,1) out:$auto_728716.outpad[0]
60588 .output at (5,1) out:$auto_728715.outpad[0]
60589 .output at (5,1) out:$auto_728714.outpad[0]
60590 .output at (5,1) out:$auto_728713.outpad[0]
60591 .output at (5,1) out:$auto_728712.outpad[0]
60592 .output at (5,1) out:$auto_728711.outpad[0]
60593 .output at (5,1) out:$auto_728710.outpad[0]
60594 .output at (5,1) out:$auto_728709.outpad[0]
60595 .output at (5,1) out:$auto_728708.outpad[0]
60596 .output at (5,1) out:$auto_728707.outpad[0]
60597 .output at (5,1) out:$auto_728706.outpad[0]
60598 .output at (5,1) out:$auto_728705.outpad[0]
60599 .output at (5,1) out:$auto_728704.outpad[0]
60600 .output at (5,1) out:$auto_728703.outpad[0]
60601 .output at (5,1) out:$auto_728702.outpad[0]
60602 .output at (5,1) out:$auto_728701.outpad[0]
60603 .output at (5,1) out:$auto_728700.outpad[0]
60604 .output at (16,1) out:$auto_728699.outpad[0]
60605 .output at (16,1) out:$auto_728698.outpad[0]
60606 .output at (16,1) out:$auto_728697.outpad[0]
60607 .output at (16,1) out:$auto_728696.outpad[0]
60608 .output at (16,1) out:$auto_728695.outpad[0]
60609 .output at (16,1) out:$auto_728694.outpad[0]
60610 .output at (16,1) out:$auto_728693.outpad[0]
60611 .output at (16,1) out:$auto_728692.outpad[0]
60612 .output at (16,1) out:$auto_728691.outpad[0]
60613 .output at (16,1) out:$auto_728690.outpad[0]
60614 .output at (16,1) out:$auto_728689.outpad[0]
60615 .output at (16,1) out:$auto_728688.outpad[0]
60616 .output at (16,1) out:$auto_728687.outpad[0]
60617 .output at (16,1) out:$auto_728686.outpad[0]
60618 .output at (16,1) out:$auto_728685.outpad[0]
60619 .output at (15,1) out:$auto_728684.outpad[0]
60620 .output at (11,1) out:$auto_728683.outpad[0]
60621 .output at (11,1) out:$auto_728682.outpad[0]
60622 .output at (11,1) out:$auto_728681.outpad[0]
60623 .output at (11,1) out:$auto_728680.outpad[0]
60624 .output at (11,1) out:$auto_728679.outpad[0]
60625 .output at (11,1) out:$auto_728678.outpad[0]
60626 .output at (11,1) out:$auto_728677.outpad[0]
60627 .output at (11,1) out:$auto_728676.outpad[0]
60628 .output at (11,1) out:$auto_728675.outpad[0]
60629 .output at (11,1) out:$auto_728674.outpad[0]
60630 .output at (11,1) out:$auto_728673.outpad[0]
60631 .output at (11,1) out:$auto_728672.outpad[0]
60632 .output at (11,1) out:$auto_728671.outpad[0]
60633 .output at (11,1) out:$auto_728670.outpad[0]
60634 .output at (11,1) out:$auto_728669.outpad[0]
60635 .output at (39,1) out:$auto_728668.outpad[0]
60636 .output at (9,1) out:$auto_728667.outpad[0]
60637 .output at (9,1) out:$auto_728666.outpad[0]
60638 .output at (9,1) out:$auto_728665.outpad[0]
60639 .output at (9,1) out:$auto_728664.outpad[0]
60640 .output at (9,1) out:$auto_728663.outpad[0]
60641 .output at (9,1) out:$auto_728662.outpad[0]
60642 .output at (9,1) out:$auto_728661.outpad[0]
60643 .output at (9,1) out:$auto_728660.outpad[0]
60644 .output at (9,1) out:$auto_728659.outpad[0]
60645 .output at (9,1) out:$auto_728658.outpad[0]
60646 .output at (9,1) out:$auto_728657.outpad[0]
60647 .output at (9,1) out:$auto_728656.outpad[0]
60648 .output at (9,1) out:$auto_728655.outpad[0]
60649 .output at (9,1) out:$auto_728654.outpad[0]
60650 .output at (9,1) out:$auto_728653.outpad[0]
60651 .output at (15,1) out:$auto_728652.outpad[0]
60652 .output at (4,1) out:$auto_728651.outpad[0]
60653 .output at (4,1) out:$auto_728650.outpad[0]
60654 .output at (4,1) out:$auto_728649.outpad[0]
60655 .output at (4,1) out:$auto_728648.outpad[0]
60656 .output at (4,1) out:$auto_728647.outpad[0]
60657 .output at (4,1) out:$auto_728646.outpad[0]
60658 .output at (4,1) out:$auto_728645.outpad[0]
60659 .output at (4,1) out:$auto_728644.outpad[0]
60660 .output at (4,1) out:$auto_728643.outpad[0]
60661 .output at (4,1) out:$auto_728642.outpad[0]
60662 .output at (4,1) out:$auto_728641.outpad[0]
60663 .output at (4,1) out:$auto_728640.outpad[0]
60664 .output at (4,1) out:$auto_728639.outpad[0]
60665 .output at (4,1) out:$auto_728638.outpad[0]
60666 .output at (4,1) out:$auto_728637.outpad[0]
60667 .output at (15,1) out:$auto_728636.outpad[0]
60668 .output at (8,1) out:$auto_728635.outpad[0]
60669 .output at (8,1) out:$auto_728634.outpad[0]
60670 .output at (8,1) out:$auto_728633.outpad[0]
60671 .output at (8,1) out:$auto_728632.outpad[0]
60672 .output at (8,1) out:$auto_728631.outpad[0]
60673 .output at (8,1) out:$auto_728630.outpad[0]
60674 .output at (8,1) out:$auto_728629.outpad[0]
60675 .output at (8,1) out:$auto_728628.outpad[0]
60676 .output at (8,1) out:$auto_728627.outpad[0]
60677 .output at (8,1) out:$auto_728626.outpad[0]
60678 .output at (8,1) out:$auto_728625.outpad[0]
60679 .output at (8,1) out:$auto_728624.outpad[0]
60680 .output at (8,1) out:$auto_728623.outpad[0]
60681 .output at (8,1) out:$auto_728622.outpad[0]
60682 .output at (8,1) out:$auto_728621.outpad[0]
60683 .output at (15,1) out:$auto_728620.outpad[0]
60684 .output at (3,1) out:$auto_728619.outpad[0]
60685 .output at (3,1) out:$auto_728618.outpad[0]
60686 .output at (3,1) out:$auto_728617.outpad[0]
60687 .output at (3,1) out:$auto_728616.outpad[0]
60688 .output at (3,1) out:$auto_728615.outpad[0]
60689 .output at (3,1) out:$auto_728614.outpad[0]
60690 .output at (3,1) out:$auto_728613.outpad[0]
60691 .output at (3,1) out:$auto_728612.outpad[0]
60692 .output at (3,1) out:$auto_728611.outpad[0]
60693 .output at (3,1) out:$auto_728610.outpad[0]
60694 .output at (3,1) out:$auto_728609.outpad[0]
60695 .output at (3,1) out:$auto_728608.outpad[0]
60696 .output at (3,1) out:$auto_728607.outpad[0]
60697 .output at (3,1) out:$auto_728606.outpad[0]
60698 .output at (3,1) out:$auto_728605.outpad[0]
60699 .output at (15,1) out:$auto_728604.outpad[0]
60700 .output at (14,1) out:$auto_728603.outpad[0]
60701 .output at (14,1) out:$auto_728602.outpad[0]
60702 .output at (14,1) out:$auto_728601.outpad[0]
60703 .output at (14,1) out:$auto_728600.outpad[0]
60704 .output at (14,1) out:$auto_728599.outpad[0]
60705 .output at (14,1) out:$auto_728598.outpad[0]
60706 .output at (14,1) out:$auto_728597.outpad[0]
60707 .output at (14,1) out:$auto_728596.outpad[0]
60708 .output at (14,1) out:$auto_728595.outpad[0]
60709 .output at (14,1) out:$auto_728594.outpad[0]
60710 .output at (14,1) out:$auto_728593.outpad[0]
60711 .output at (14,1) out:$auto_728592.outpad[0]
60712 .output at (14,1) out:$auto_728591.outpad[0]
60713 .output at (14,1) out:$auto_728590.outpad[0]
60714 .output at (14,1) out:$auto_728589.outpad[0]
60715 .output at (15,1) out:$auto_728588.outpad[0]
60716 .output at (9,1) out:$auto_728587.outpad[0]
60717 .output at (9,1) out:$auto_728586.outpad[0]
60718 .output at (9,1) out:$auto_728585.outpad[0]
60719 .output at (9,1) out:$auto_728584.outpad[0]
60720 .output at (9,1) out:$auto_728583.outpad[0]
60721 .output at (9,1) out:$auto_728582.outpad[0]
60722 .output at (9,1) out:$auto_728581.outpad[0]
60723 .output at (9,1) out:$auto_728580.outpad[0]
60724 .output at (9,1) out:$auto_728579.outpad[0]
60725 .output at (9,1) out:$auto_728578.outpad[0]
60726 .output at (9,1) out:$auto_728577.outpad[0]
60727 .output at (9,1) out:$auto_728576.outpad[0]
60728 .output at (9,1) out:$auto_728575.outpad[0]
60729 .output at (9,1) out:$auto_728574.outpad[0]
60730 .output at (9,1) out:$auto_728573.outpad[0]
60731 .output at (15,1) out:$auto_728572.outpad[0]
60732 .output at (5,1) out:$auto_728571.outpad[0]
60733 .output at (5,1) out:$auto_728570.outpad[0]
60734 .output at (5,1) out:$auto_728569.outpad[0]
60735 .output at (5,1) out:$auto_728568.outpad[0]
60736 .output at (5,1) out:$auto_728567.outpad[0]
60737 .output at (5,1) out:$auto_728566.outpad[0]
60738 .output at (5,1) out:$auto_728565.outpad[0]
60739 .output at (5,1) out:$auto_728564.outpad[0]
60740 .output at (5,1) out:$auto_728563.outpad[0]
60741 .output at (5,1) out:$auto_728562.outpad[0]
60742 .output at (5,1) out:$auto_728561.outpad[0]
60743 .output at (5,1) out:$auto_728560.outpad[0]
60744 .output at (5,1) out:$auto_728559.outpad[0]
60745 .output at (5,1) out:$auto_728842.outpad[0]
60746 .output at (5,1) out:$auto_728843.outpad[0]
60747 .output at (15,1) out:$auto_728844.outpad[0]
60748 .output at (15,1) out:$auto_728846.outpad[0]
60749 .output at (15,1) out:$auto_728845.outpad[0]
60750 .output at (15,1) out:$auto_728847.outpad[0]
60751 .output at (15,1) out:$auto_728838.outpad[0]
60752 .output at (15,1) out:$auto_728839.outpad[0]
60753 .output at (15,1) out:$auto_728840.outpad[0]
60754 .output at (15,1) out:$auto_728841.outpad[0]
60755 .output at (15,1) out:$auto_728848.outpad[0]
60771 .output at (70,1) out:out_2[0].outpad[0]
60772 .output at (67,1) out:out_2[1].outpad[0]
60773 .output at (71,1) out:out_2[2].outpad[0]
60774 .output at (34,1) out:out_2[3].outpad[0]
60775 .output at (34,1) out:out_2[4].outpad[0]
60776 .output at (70,1) out:out_2[5].outpad[0]
60777 .output at (70,1) out:out_2[6].outpad[0]
60778 .output at (70,1) out:out_2[7].outpad[0]
60779 .output at (71,1) out:out_2[8].outpad[0]
60780 .output at (71,1) out:out_2[9].outpad[0]
60781 .output at (66,1) out:out_2[10].outpad[0]
60782 .output at (66,1) out:out_2[11].outpad[0]
60783 .output at (66,1) out:out_2[12].outpad[0]
60784 .output at (66,1) out:out_2[13].outpad[0]
60785 .output at (72,1) out:out_2[14].outpad[0]
60786 .output at (61,1) out:out_2[15].outpad[0]
60787 .output at (61,1) out:out_2[16].outpad[0]
60788 .output at (61,1) out:out_2[17].outpad[0]
60789 .output at (61,1) out:out_2[18].outpad[0]
60790 .output at (69,1) out:out_2[19].outpad[0]
60791 .output at (70,1) out:out_2[20].outpad[0]
60792 .output at (70,1) out:out_2[21].outpad[0]
60793 .output at (55,1) out:out_2[22].outpad[0]
60794 .output at (67,1) out:out_2[23].outpad[0]
60795 .output at (67,1) out:out_2[24].outpad[0]
60796 .output at (70,1) out:out_2[25].outpad[0]
60797 .output at (55,1) out:out_2[26].outpad[0]
60798 .output at (55,1) out:out_2[27].outpad[0]
60799 .output at (50,1) out:out_2[28].outpad[0]
60800 .output at (70,1) out:out_2[29].outpad[0]
60801 .output at (55,1) out:out_2[30].outpad[0]
60802 .output at (69,1) out:out_2[31].outpad[0]
60814 .output at (36,1) out:out_3[0].outpad[0]
60815 .output at (29,1) out:out_3[1].outpad[0]
60816 .output at (36,1) out:out_3[2].outpad[0]
60817 .output at (47,1) out:out_3[3].outpad[0]
60818 .output at (29,1) out:out_3[4].outpad[0]
60819 .output at (55,1) out:out_3[5].outpad[0]
60820 .output at (55,1) out:out_3[6].outpad[0]
60821 .output at (36,1) out:out_3[7].outpad[0]
60822 .output at (47,1) out:out_3[8].outpad[0]
60823 .output at (42,1) out:out_3[9].outpad[0]
60824 .output at (42,1) out:out_3[10].outpad[0]
60825 .output at (34,1) out:out_3[11].outpad[0]
60826 .output at (29,1) out:out_3[12].outpad[0]
60827 .output at (34,1) out:out_3[13].outpad[0]
60828 .output at (34,1) out:out_3[14].outpad[0]
60829 .output at (34,1) out:out_3[15].outpad[0]
60830 .output at (32,1) out:out_3[16].outpad[0]
60831 .output at (29,1) out:out_3[17].outpad[0]
60832 .output at (30,1) out:out_3[18].outpad[0]
60833 .output at (29,1) out:out_3[19].outpad[0]
60834 .output at (42,1) out:out_3[20].outpad[0]
60835 .output at (42,1) out:out_3[21].outpad[0]
60836 .output at (32,1) out:out_3[22].outpad[0]
60837 .output at (47,1) out:out_3[23].outpad[0]
60838 .output at (36,1) out:out_3[24].outpad[0]
60839 .output at (32,1) out:out_3[25].outpad[0]
60840 .output at (34,1) out:out_3[26].outpad[0]
60841 .output at (34,1) out:out_3[27].outpad[0]
60842 .output at (47,1) out:out_3[28].outpad[0]
60843 .output at (47,1) out:out_3[29].outpad[0]
60844 .output at (34,1) out:out_3[30].outpad[0]
60845 .output at (32,1) out:out_3[31].outpad[0]
60899 .output at (60,1) out:out_1[0].outpad[0]
60900 .output at (52,1) out:out_1[1].outpad[0]
60901 .output at (51,1) out:out_1[2].outpad[0]
60902 .output at (52,1) out:out_1[3].outpad[0]
60903 .output at (50,68) out:out_1[4].outpad[0]
60904 .output at (60,1) out:out_1[5].outpad[0]
60905 .output at (50,68) out:out_1[6].outpad[0]
60906 .output at (60,1) out:out_1[7].outpad[0]
60907 .output at (47,1) out:out_1[8].outpad[0]
60908 .output at (53,68) out:out_1[9].outpad[0]
60909 .output at (47,1) out:out_1[10].outpad[0]
60910 .output at (50,68) out:out_1[11].outpad[0]
60911 .output at (55,1) out:out_1[12].outpad[0]
60912 .output at (50,68) out:out_1[13].outpad[0]
60913 .output at (50,1) out:out_1[14].outpad[0]
60914 .output at (60,1) out:out_1[15].outpad[0]
60915 .output at (50,1) out:out_1[16].outpad[0]
60916 .output at (59,68) out:out_1[17].outpad[0]
60917 .output at (48,1) out:out_1[18].outpad[0]
60918 .output at (48,1) out:out_1[19].outpad[0]
60919 .output at (48,1) out:out_1[20].outpad[0]
60920 .output at (55,1) out:out_1[21].outpad[0]
60921 .output at (55,1) out:out_1[22].outpad[0]
60922 .output at (50,68) out:out_1[23].outpad[0]
60923 .output at (50,68) out:out_1[24].outpad[0]
60924 .output at (51,68) out:out_1[25].outpad[0]
60925 .output at (50,68) out:out_1[26].outpad[0]
60926 .output at (48,1) out:out_1[27].outpad[0]
60927 .output at (51,1) out:out_1[28].outpad[0]
60928 .output at (50,1) out:out_1[29].outpad[0]
60929 .output at (50,1) out:out_1[30].outpad[0]
60930 .output at (38,1) out:out_1[31].outpad[0]
60938 .output at (58,1) out:out_4[0].outpad[0]
60939 .output at (58,1) out:out_4[1].outpad[0]
60940 .output at (60,1) out:out_4[2].outpad[0]
60941 .output at (65,1) out:out_4[3].outpad[0]
60942 .output at (48,1) out:out_4[4].outpad[0]
60943 .output at (60,1) out:out_4[5].outpad[0]
60944 .output at (61,1) out:out_4[6].outpad[0]
60945 .output at (47,1) out:out_4[7].outpad[0]
60946 .output at (61,1) out:out_4[8].outpad[0]
60947 .output at (61,1) out:out_4[9].outpad[0]
60948 .output at (58,1) out:out_4[10].outpad[0]
60949 .output at (60,1) out:out_4[11].outpad[0]
60950 .output at (60,1) out:out_4[12].outpad[0]
60951 .output at (59,1) out:out_4[13].outpad[0]
60952 .output at (61,1) out:out_4[14].outpad[0]
60953 .output at (36,1) out:out_4[15].outpad[0]
60954 .output at (61,1) out:out_4[16].outpad[0]
60955 .output at (58,1) out:out_4[17].outpad[0]
60956 .output at (61,1) out:out_4[18].outpad[0]
60957 .output at (58,1) out:out_4[19].outpad[0]
60958 .output at (61,1) out:out_4[20].outpad[0]
60959 .output at (65,1) out:out_4[21].outpad[0]
60960 .output at (61,1) out:out_4[22].outpad[0]
60961 .output at (57,1) out:out_4[23].outpad[0]
60962 .output at (60,1) out:out_4[24].outpad[0]
60963 .output at (61,1) out:out_4[25].outpad[0]
60964 .output at (55,1) out:out_4[26].outpad[0]
60965 .output at (58,1) out:out_4[27].outpad[0]
60966 .output at (57,1) out:out_4[28].outpad[0]
60967 .output at (60,1) out:out_4[29].outpad[0]
60968 .output at (61,1) out:out_4[30].outpad[0]
60969 .output at (59,1) out:out_4[31].outpad[0]

#End of unconstrained setup startpoint/endpoint report
