/*******************************************************************************
Copyright (c) 2022 Rapid Silicon
This source code contains proprietary information belonging to Rapid Silicon
(the "licensor") released under license and non-disclosure agreement to the
recipient (the "licensee").

The information shared and protected by the license and non-disclosure agreement
includes but is not limited to the following:
* operational algorithms of the product
* logos, graphics, source code, and visual presentation of the product
* confidential operational information of the licensor

The recipient of this source code is NOT permitted to publicly disclose,
re-use, archive beyond the period of the license agreement, transfer to a
sub-licensee, or re-implement any portion of the content covered by the license
and non-disclosure agreement without the prior written consent of the licensor.

Portions of Raptor Design Suite are utilized under the following third-party copyright notices:

Parallax Static Timing Analyzer Copyright (c) 2021, Parallax Software, Inc. All rights reserved.
*********************************************************************************/

Version  : 2023.11
Build    : 0.9.4
Hash     : a3890d5
Date     : Nov 30 2023
Type     : Engineering
Log Time   : Thu Nov 30 12:37:37 2023 GMT
#Timing report of worst 33 path(s)
# Unit scale: 1e-09 seconds
# Output precision: 3

# Logical Levels: 6
# Timing Graph Levels: 10

#Path 1
Startpoint: out[1].Q[0] (dffre at (6,6) clocked by clock0)
Endpoint  : out[0].D[0] (dffre at (6,6) clocked by clock0)
Path Type : hold

Point                                                                       Incr      Path
------------------------------------------------------------------------------------------
clock clock0 (rise edge)                                                   0.000     0.000
clock source latency                                                       0.000     0.000
clock0.inpad[0] (.input at (1,2))                                          0.000     0.000
| (intra 'io' routing)                                                     0.779     0.779
| (inter-block routing:global net)                                         0.000     0.779
| (intra 'clb' routing)                                                    0.000     0.779
out[1].C[0] (dffre at (6,6))                                               0.000     0.779
| (primitive 'dffre' Tcq_min)                                              0.029     0.808
out[1].Q[0] (dffre at (6,6)) [clock-to-output]                             0.000     0.808
| (intra 'clb' routing)                                                    0.066     0.874
$abc$1686$abc$630$li00_li00.in[3] (.names at (6,6))                        0.000     0.874
| (primitive '.names' combinational delay)                                 0.065     0.939
$abc$1686$abc$630$li00_li00.out[0] (.names at (6,6))                       0.000     0.939
| (intra 'clb' routing)                                                    0.000     0.939
out[0].D[0] (dffre at (6,6))                                               0.000     0.939
data arrival time                                                                    0.939

clock clock0 (rise edge)                                                   0.000     0.000
clock source latency                                                       0.000     0.000
clock0.inpad[0] (.input at (1,2))                                          0.000     0.000
| (intra 'io' routing)                                                     0.779     0.779
| (inter-block routing:global net)                                         0.000     0.779
| (intra 'clb' routing)                                                    0.000     0.779
out[0].C[0] (dffre at (6,6))                                               0.000     0.779
clock uncertainty                                                          0.000     0.779
cell hold time                                                            -0.028     0.751
data required time                                                                   0.751
------------------------------------------------------------------------------------------
data required time                                                                  -0.751
data arrival time                                                                    0.939
------------------------------------------------------------------------------------------
slack (MET)                                                                          0.188


#Path 2
Startpoint: out[3].Q[0] (dffre at (6,6) clocked by clock0)
Endpoint  : out[4].D[0] (dffre at (6,6) clocked by clock0)
Path Type : hold

Point                                                                       Incr      Path
------------------------------------------------------------------------------------------
clock clock0 (rise edge)                                                   0.000     0.000
clock source latency                                                       0.000     0.000
clock0.inpad[0] (.input at (1,2))                                          0.000     0.000
| (intra 'io' routing)                                                     0.779     0.779
| (inter-block routing:global net)                                         0.000     0.779
| (intra 'clb' routing)                                                    0.000     0.779
out[3].C[0] (dffre at (6,6))                                               0.000     0.779
| (primitive 'dffre' Tcq_min)                                              0.029     0.808
out[3].Q[0] (dffre at (6,6)) [clock-to-output]                             0.000     0.808
| (intra 'clb' routing)                                                    0.066     0.874
$abc$1686$abc$630$li04_li04.in[2] (.names at (6,6))                        0.000     0.874
| (primitive '.names' combinational delay)                                 0.065     0.939
$abc$1686$abc$630$li04_li04.out[0] (.names at (6,6))                       0.000     0.939
| (intra 'clb' routing)                                                    0.000     0.939
out[4].D[0] (dffre at (6,6))                                               0.000     0.939
data arrival time                                                                    0.939

clock clock0 (rise edge)                                                   0.000     0.000
clock source latency                                                       0.000     0.000
clock0.inpad[0] (.input at (1,2))                                          0.000     0.000
| (intra 'io' routing)                                                     0.779     0.779
| (inter-block routing:global net)                                         0.000     0.779
| (intra 'clb' routing)                                                    0.000     0.779
out[4].C[0] (dffre at (6,6))                                               0.000     0.779
clock uncertainty                                                          0.000     0.779
cell hold time                                                            -0.028     0.751
data required time                                                                   0.751
------------------------------------------------------------------------------------------
data required time                                                                  -0.751
data arrival time                                                                    0.939
------------------------------------------------------------------------------------------
slack (MET)                                                                          0.188


#Path 3
Startpoint: out[14].Q[0] (dffre at (6,6) clocked by clock0)
Endpoint  : out[13].D[0] (dffre at (6,6) clocked by clock0)
Path Type : hold

Point                                                                       Incr      Path
------------------------------------------------------------------------------------------
clock clock0 (rise edge)                                                   0.000     0.000
clock source latency                                                       0.000     0.000
clock0.inpad[0] (.input at (1,2))                                          0.000     0.000
| (intra 'io' routing)                                                     0.779     0.779
| (inter-block routing:global net)                                         0.000     0.779
| (intra 'clb' routing)                                                    0.000     0.779
out[14].C[0] (dffre at (6,6))                                              0.000     0.779
| (primitive 'dffre' Tcq_min)                                              0.029     0.808
out[14].Q[0] (dffre at (6,6)) [clock-to-output]                            0.000     0.808
| (intra 'clb' routing)                                                    0.066     0.874
$abc$1686$abc$630$li13_li13.in[3] (.names at (6,6))                        0.000     0.874
| (primitive '.names' combinational delay)                                 0.065     0.939
$abc$1686$abc$630$li13_li13.out[0] (.names at (6,6))                       0.000     0.939
| (intra 'clb' routing)                                                    0.000     0.939
out[13].D[0] (dffre at (6,6))                                              0.000     0.939
data arrival time                                                                    0.939

clock clock0 (rise edge)                                                   0.000     0.000
clock source latency                                                       0.000     0.000
clock0.inpad[0] (.input at (1,2))                                          0.000     0.000
| (intra 'io' routing)                                                     0.779     0.779
| (inter-block routing:global net)                                         0.000     0.779
| (intra 'clb' routing)                                                    0.000     0.779
out[13].C[0] (dffre at (6,6))                                              0.000     0.779
clock uncertainty                                                          0.000     0.779
cell hold time                                                            -0.028     0.751
data required time                                                                   0.751
------------------------------------------------------------------------------------------
data required time                                                                  -0.751
data arrival time                                                                    0.939
------------------------------------------------------------------------------------------
slack (MET)                                                                          0.188


#Path 4
Startpoint: out[14].Q[0] (dffre at (6,6) clocked by clock0)
Endpoint  : out[15].D[0] (dffre at (6,6) clocked by clock0)
Path Type : hold

Point                                                                       Incr      Path
------------------------------------------------------------------------------------------
clock clock0 (rise edge)                                                   0.000     0.000
clock source latency                                                       0.000     0.000
clock0.inpad[0] (.input at (1,2))                                          0.000     0.000
| (intra 'io' routing)                                                     0.779     0.779
| (inter-block routing:global net)                                         0.000     0.779
| (intra 'clb' routing)                                                    0.000     0.779
out[14].C[0] (dffre at (6,6))                                              0.000     0.779
| (primitive 'dffre' Tcq_min)                                              0.029     0.808
out[14].Q[0] (dffre at (6,6)) [clock-to-output]                            0.000     0.808
| (intra 'clb' routing)                                                    0.066     0.874
$abc$1686$abc$630$li15_li15.in[2] (.names at (6,6))                        0.000     0.874
| (primitive '.names' combinational delay)                                 0.065     0.939
$abc$1686$abc$630$li15_li15.out[0] (.names at (6,6))                       0.000     0.939
| (intra 'clb' routing)                                                    0.000     0.939
out[15].D[0] (dffre at (6,6))                                              0.000     0.939
data arrival time                                                                    0.939

clock clock0 (rise edge)                                                   0.000     0.000
clock source latency                                                       0.000     0.000
clock0.inpad[0] (.input at (1,2))                                          0.000     0.000
| (intra 'io' routing)                                                     0.779     0.779
| (inter-block routing:global net)                                         0.000     0.779
| (intra 'clb' routing)                                                    0.000     0.779
out[15].C[0] (dffre at (6,6))                                              0.000     0.779
clock uncertainty                                                          0.000     0.779
cell hold time                                                            -0.028     0.751
data required time                                                                   0.751
------------------------------------------------------------------------------------------
data required time                                                                  -0.751
data arrival time                                                                    0.939
------------------------------------------------------------------------------------------
slack (MET)                                                                          0.188


#Path 5
Startpoint: out[1].Q[0] (dffre at (6,6) clocked by clock0)
Endpoint  : out[2].D[0] (dffre at (6,6) clocked by clock0)
Path Type : hold

Point                                                                       Incr      Path
------------------------------------------------------------------------------------------
clock clock0 (rise edge)                                                   0.000     0.000
clock source latency                                                       0.000     0.000
clock0.inpad[0] (.input at (1,2))                                          0.000     0.000
| (intra 'io' routing)                                                     0.779     0.779
| (inter-block routing:global net)                                         0.000     0.779
| (intra 'clb' routing)                                                    0.000     0.779
out[1].C[0] (dffre at (6,6))                                               0.000     0.779
| (primitive 'dffre' Tcq_min)                                              0.029     0.808
out[1].Q[0] (dffre at (6,6)) [clock-to-output]                             0.000     0.808
| (intra 'clb' routing)                                                    0.066     0.874
$abc$1686$abc$630$li02_li02.in[2] (.names at (6,6))                        0.000     0.874
| (primitive '.names' combinational delay)                                 0.065     0.939
$abc$1686$abc$630$li02_li02.out[0] (.names at (6,6))                       0.000     0.939
| (intra 'clb' routing)                                                    0.000     0.939
out[2].D[0] (dffre at (6,6))                                               0.000     0.939
data arrival time                                                                    0.939

clock clock0 (rise edge)                                                   0.000     0.000
clock source latency                                                       0.000     0.000
clock0.inpad[0] (.input at (1,2))                                          0.000     0.000
| (intra 'io' routing)                                                     0.779     0.779
| (inter-block routing:global net)                                         0.000     0.779
| (intra 'clb' routing)                                                    0.000     0.779
out[2].C[0] (dffre at (6,6))                                               0.000     0.779
clock uncertainty                                                          0.000     0.779
cell hold time                                                            -0.028     0.751
data required time                                                                   0.751
------------------------------------------------------------------------------------------
data required time                                                                  -0.751
data arrival time                                                                    0.939
------------------------------------------------------------------------------------------
slack (MET)                                                                          0.188


#Path 6
Startpoint: out[13].Q[0] (dffre at (6,6) clocked by clock0)
Endpoint  : out[14].D[0] (dffre at (6,6) clocked by clock0)
Path Type : hold

Point                                                                       Incr      Path
------------------------------------------------------------------------------------------
clock clock0 (rise edge)                                                   0.000     0.000
clock source latency                                                       0.000     0.000
clock0.inpad[0] (.input at (1,2))                                          0.000     0.000
| (intra 'io' routing)                                                     0.779     0.779
| (inter-block routing:global net)                                         0.000     0.779
| (intra 'clb' routing)                                                    0.000     0.779
out[13].C[0] (dffre at (6,6))                                              0.000     0.779
| (primitive 'dffre' Tcq_min)                                              0.029     0.808
out[13].Q[0] (dffre at (6,6)) [clock-to-output]                            0.000     0.808
| (intra 'clb' routing)                                                    0.066     0.874
$abc$1686$abc$630$li14_li14.in[2] (.names at (6,6))                        0.000     0.874
| (primitive '.names' combinational delay)                                 0.099     0.973
$abc$1686$abc$630$li14_li14.out[0] (.names at (6,6))                       0.000     0.973
| (intra 'clb' routing)                                                    0.000     0.973
out[14].D[0] (dffre at (6,6))                                              0.000     0.973
data arrival time                                                                    0.973

clock clock0 (rise edge)                                                   0.000     0.000
clock source latency                                                       0.000     0.000
clock0.inpad[0] (.input at (1,2))                                          0.000     0.000
| (intra 'io' routing)                                                     0.779     0.779
| (inter-block routing:global net)                                         0.000     0.779
| (intra 'clb' routing)                                                    0.000     0.779
out[14].C[0] (dffre at (6,6))                                              0.000     0.779
clock uncertainty                                                          0.000     0.779
cell hold time                                                            -0.028     0.751
data required time                                                                   0.751
------------------------------------------------------------------------------------------
data required time                                                                  -0.751
data arrival time                                                                    0.973
------------------------------------------------------------------------------------------
slack (MET)                                                                          0.223


#Path 7
Startpoint: out[13].Q[0] (dffre at (6,6) clocked by clock0)
Endpoint  : out[12].D[0] (dffre at (6,6) clocked by clock0)
Path Type : hold

Point                                                                       Incr      Path
------------------------------------------------------------------------------------------
clock clock0 (rise edge)                                                   0.000     0.000
clock source latency                                                       0.000     0.000
clock0.inpad[0] (.input at (1,2))                                          0.000     0.000
| (intra 'io' routing)                                                     0.779     0.779
| (inter-block routing:global net)                                         0.000     0.779
| (intra 'clb' routing)                                                    0.000     0.779
out[13].C[0] (dffre at (6,6))                                              0.000     0.779
| (primitive 'dffre' Tcq_min)                                              0.029     0.808
out[13].Q[0] (dffre at (6,6)) [clock-to-output]                            0.000     0.808
| (intra 'clb' routing)                                                    0.066     0.874
$abc$1686$abc$630$li12_li12.in[2] (.names at (6,6))                        0.000     0.874
| (primitive '.names' combinational delay)                                 0.099     0.973
$abc$1686$abc$630$li12_li12.out[0] (.names at (6,6))                       0.000     0.973
| (intra 'clb' routing)                                                    0.000     0.973
out[12].D[0] (dffre at (6,6))                                              0.000     0.973
data arrival time                                                                    0.973

clock clock0 (rise edge)                                                   0.000     0.000
clock source latency                                                       0.000     0.000
clock0.inpad[0] (.input at (1,2))                                          0.000     0.000
| (intra 'io' routing)                                                     0.779     0.779
| (inter-block routing:global net)                                         0.000     0.779
| (intra 'clb' routing)                                                    0.000     0.779
out[12].C[0] (dffre at (6,6))                                              0.000     0.779
clock uncertainty                                                          0.000     0.779
cell hold time                                                            -0.028     0.751
data required time                                                                   0.751
------------------------------------------------------------------------------------------
data required time                                                                  -0.751
data arrival time                                                                    0.973
------------------------------------------------------------------------------------------
slack (MET)                                                                          0.223


#Path 8
Startpoint: out[12].Q[0] (dffre at (6,6) clocked by clock0)
Endpoint  : out[11].D[0] (dffre at (6,6) clocked by clock0)
Path Type : hold

Point                                                                       Incr      Path
------------------------------------------------------------------------------------------
clock clock0 (rise edge)                                                   0.000     0.000
clock source latency                                                       0.000     0.000
clock0.inpad[0] (.input at (1,2))                                          0.000     0.000
| (intra 'io' routing)                                                     0.779     0.779
| (inter-block routing:global net)                                         0.000     0.779
| (intra 'clb' routing)                                                    0.000     0.779
out[12].C[0] (dffre at (6,6))                                              0.000     0.779
| (primitive 'dffre' Tcq_min)                                              0.029     0.808
out[12].Q[0] (dffre at (6,6)) [clock-to-output]                            0.000     0.808
| (intra 'clb' routing)                                                    0.066     0.874
$abc$1686$abc$630$li11_li11.in[3] (.names at (6,6))                        0.000     0.874
| (primitive '.names' combinational delay)                                 0.099     0.973
$abc$1686$abc$630$li11_li11.out[0] (.names at (6,6))                       0.000     0.973
| (intra 'clb' routing)                                                    0.000     0.973
out[11].D[0] (dffre at (6,6))                                              0.000     0.973
data arrival time                                                                    0.973

clock clock0 (rise edge)                                                   0.000     0.000
clock source latency                                                       0.000     0.000
clock0.inpad[0] (.input at (1,2))                                          0.000     0.000
| (intra 'io' routing)                                                     0.779     0.779
| (inter-block routing:global net)                                         0.000     0.779
| (intra 'clb' routing)                                                    0.000     0.779
out[11].C[0] (dffre at (6,6))                                              0.000     0.779
clock uncertainty                                                          0.000     0.779
cell hold time                                                            -0.028     0.751
data required time                                                                   0.751
------------------------------------------------------------------------------------------
data required time                                                                  -0.751
data arrival time                                                                    0.973
------------------------------------------------------------------------------------------
slack (MET)                                                                          0.223


#Path 9
Startpoint: out[6].Q[0] (dffre at (6,6) clocked by clock0)
Endpoint  : out[5].D[0] (dffre at (6,6) clocked by clock0)
Path Type : hold

Point                                                                       Incr      Path
------------------------------------------------------------------------------------------
clock clock0 (rise edge)                                                   0.000     0.000
clock source latency                                                       0.000     0.000
clock0.inpad[0] (.input at (1,2))                                          0.000     0.000
| (intra 'io' routing)                                                     0.779     0.779
| (inter-block routing:global net)                                         0.000     0.779
| (intra 'clb' routing)                                                    0.000     0.779
out[6].C[0] (dffre at (6,6))                                               0.000     0.779
| (primitive 'dffre' Tcq_min)                                              0.029     0.808
out[6].Q[0] (dffre at (6,6)) [clock-to-output]                             0.000     0.808
| (intra 'clb' routing)                                                    0.066     0.874
$abc$1686$abc$630$li05_li05.in[3] (.names at (6,6))                        0.000     0.874
| (primitive '.names' combinational delay)                                 0.101     0.976
$abc$1686$abc$630$li05_li05.out[0] (.names at (6,6))                       0.000     0.976
| (intra 'clb' routing)                                                    0.000     0.976
out[5].D[0] (dffre at (6,6))                                               0.000     0.976
data arrival time                                                                    0.976

clock clock0 (rise edge)                                                   0.000     0.000
clock source latency                                                       0.000     0.000
clock0.inpad[0] (.input at (1,2))                                          0.000     0.000
| (intra 'io' routing)                                                     0.779     0.779
| (inter-block routing:global net)                                         0.000     0.779
| (intra 'clb' routing)                                                    0.000     0.779
out[5].C[0] (dffre at (6,6))                                               0.000     0.779
clock uncertainty                                                          0.000     0.779
cell hold time                                                            -0.028     0.751
data required time                                                                   0.751
------------------------------------------------------------------------------------------
data required time                                                                  -0.751
data arrival time                                                                    0.976
------------------------------------------------------------------------------------------
slack (MET)                                                                          0.225


#Path 10
Startpoint: out[4].Q[0] (dffre at (6,6) clocked by clock0)
Endpoint  : out[3].D[0] (dffre at (6,6) clocked by clock0)
Path Type : hold

Point                                                                       Incr      Path
------------------------------------------------------------------------------------------
clock clock0 (rise edge)                                                   0.000     0.000
clock source latency                                                       0.000     0.000
clock0.inpad[0] (.input at (1,2))                                          0.000     0.000
| (intra 'io' routing)                                                     0.779     0.779
| (inter-block routing:global net)                                         0.000     0.779
| (intra 'clb' routing)                                                    0.000     0.779
out[4].C[0] (dffre at (6,6))                                               0.000     0.779
| (primitive 'dffre' Tcq_min)                                              0.029     0.808
out[4].Q[0] (dffre at (6,6)) [clock-to-output]                             0.000     0.808
| (intra 'clb' routing)                                                    0.066     0.874
$abc$1686$abc$630$li03_li03.in[3] (.names at (6,6))                        0.000     0.874
| (primitive '.names' combinational delay)                                 0.101     0.976
$abc$1686$abc$630$li03_li03.out[0] (.names at (6,6))                       0.000     0.976
| (intra 'clb' routing)                                                    0.000     0.976
out[3].D[0] (dffre at (6,6))                                               0.000     0.976
data arrival time                                                                    0.976

clock clock0 (rise edge)                                                   0.000     0.000
clock source latency                                                       0.000     0.000
clock0.inpad[0] (.input at (1,2))                                          0.000     0.000
| (intra 'io' routing)                                                     0.779     0.779
| (inter-block routing:global net)                                         0.000     0.779
| (intra 'clb' routing)                                                    0.000     0.779
out[3].C[0] (dffre at (6,6))                                               0.000     0.779
clock uncertainty                                                          0.000     0.779
cell hold time                                                            -0.028     0.751
data required time                                                                   0.751
------------------------------------------------------------------------------------------
data required time                                                                  -0.751
data arrival time                                                                    0.976
------------------------------------------------------------------------------------------
slack (MET)                                                                          0.225


#Path 11
Startpoint: out[6].Q[0] (dffre at (6,6) clocked by clock0)
Endpoint  : out[7].D[0] (dffre at (6,6) clocked by clock0)
Path Type : hold

Point                                                                       Incr      Path
------------------------------------------------------------------------------------------
clock clock0 (rise edge)                                                   0.000     0.000
clock source latency                                                       0.000     0.000
clock0.inpad[0] (.input at (1,2))                                          0.000     0.000
| (intra 'io' routing)                                                     0.779     0.779
| (inter-block routing:global net)                                         0.000     0.779
| (intra 'clb' routing)                                                    0.000     0.779
out[6].C[0] (dffre at (6,6))                                               0.000     0.779
| (primitive 'dffre' Tcq_min)                                              0.029     0.808
out[6].Q[0] (dffre at (6,6)) [clock-to-output]                             0.000     0.808
| (intra 'clb' routing)                                                    0.066     0.874
$abc$1686$abc$630$li07_li07.in[2] (.names at (6,6))                        0.000     0.874
| (primitive '.names' combinational delay)                                 0.101     0.976
$abc$1686$abc$630$li07_li07.out[0] (.names at (6,6))                       0.000     0.976
| (intra 'clb' routing)                                                    0.000     0.976
out[7].D[0] (dffre at (6,6))                                               0.000     0.976
data arrival time                                                                    0.976

clock clock0 (rise edge)                                                   0.000     0.000
clock source latency                                                       0.000     0.000
clock0.inpad[0] (.input at (1,2))                                          0.000     0.000
| (intra 'io' routing)                                                     0.779     0.779
| (inter-block routing:global net)                                         0.000     0.779
| (intra 'clb' routing)                                                    0.000     0.779
out[7].C[0] (dffre at (6,6))                                               0.000     0.779
clock uncertainty                                                          0.000     0.779
cell hold time                                                            -0.028     0.751
data required time                                                                   0.751
------------------------------------------------------------------------------------------
data required time                                                                  -0.751
data arrival time                                                                    0.976
------------------------------------------------------------------------------------------
slack (MET)                                                                          0.225


#Path 12
Startpoint: out[11].Q[0] (dffre at (6,6) clocked by clock0)
Endpoint  : out[10].D[0] (dffre at (6,6) clocked by clock0)
Path Type : hold

Point                                                                       Incr      Path
------------------------------------------------------------------------------------------
clock clock0 (rise edge)                                                   0.000     0.000
clock source latency                                                       0.000     0.000
clock0.inpad[0] (.input at (1,2))                                          0.000     0.000
| (intra 'io' routing)                                                     0.779     0.779
| (inter-block routing:global net)                                         0.000     0.779
| (intra 'clb' routing)                                                    0.000     0.779
out[11].C[0] (dffre at (6,6))                                              0.000     0.779
| (primitive 'dffre' Tcq_min)                                              0.029     0.808
out[11].Q[0] (dffre at (6,6)) [clock-to-output]                            0.000     0.808
| (intra 'clb' routing)                                                    0.066     0.874
$abc$1686$abc$630$li10_li10.in[2] (.names at (6,6))                        0.000     0.874
| (primitive '.names' combinational delay)                                 0.144     1.018
$abc$1686$abc$630$li10_li10.out[0] (.names at (6,6))                       0.000     1.018
| (intra 'clb' routing)                                                    0.000     1.018
out[10].D[0] (dffre at (6,6))                                              0.000     1.018
data arrival time                                                                    1.018

clock clock0 (rise edge)                                                   0.000     0.000
clock source latency                                                       0.000     0.000
clock0.inpad[0] (.input at (1,2))                                          0.000     0.000
| (intra 'io' routing)                                                     0.779     0.779
| (inter-block routing:global net)                                         0.000     0.779
| (intra 'clb' routing)                                                    0.000     0.779
out[10].C[0] (dffre at (6,6))                                              0.000     0.779
clock uncertainty                                                          0.000     0.779
cell hold time                                                            -0.028     0.751
data required time                                                                   0.751
------------------------------------------------------------------------------------------
data required time                                                                  -0.751
data arrival time                                                                    1.018
------------------------------------------------------------------------------------------
slack (MET)                                                                          0.267


#Path 13
Startpoint: out[2].Q[0] (dffre at (6,6) clocked by clock0)
Endpoint  : out[1].D[0] (dffre at (6,6) clocked by clock0)
Path Type : hold

Point                                                                       Incr      Path
------------------------------------------------------------------------------------------
clock clock0 (rise edge)                                                   0.000     0.000
clock source latency                                                       0.000     0.000
clock0.inpad[0] (.input at (1,2))                                          0.000     0.000
| (intra 'io' routing)                                                     0.779     0.779
| (inter-block routing:global net)                                         0.000     0.779
| (intra 'clb' routing)                                                    0.000     0.779
out[2].C[0] (dffre at (6,6))                                               0.000     0.779
| (primitive 'dffre' Tcq_min)                                              0.029     0.808
out[2].Q[0] (dffre at (6,6)) [clock-to-output]                             0.000     0.808
| (intra 'clb' routing)                                                    0.066     0.874
$abc$1686$abc$630$li01_li01.in[3] (.names at (6,6))                        0.000     0.874
| (primitive '.names' combinational delay)                                 0.144     1.018
$abc$1686$abc$630$li01_li01.out[0] (.names at (6,6))                       0.000     1.018
| (intra 'clb' routing)                                                    0.000     1.018
out[1].D[0] (dffre at (6,6))                                               0.000     1.018
data arrival time                                                                    1.018

clock clock0 (rise edge)                                                   0.000     0.000
clock source latency                                                       0.000     0.000
clock0.inpad[0] (.input at (1,2))                                          0.000     0.000
| (intra 'io' routing)                                                     0.779     0.779
| (inter-block routing:global net)                                         0.000     0.779
| (intra 'clb' routing)                                                    0.000     0.779
out[1].C[0] (dffre at (6,6))                                               0.000     0.779
clock uncertainty                                                          0.000     0.779
cell hold time                                                            -0.028     0.751
data required time                                                                   0.751
------------------------------------------------------------------------------------------
data required time                                                                  -0.751
data arrival time                                                                    1.018
------------------------------------------------------------------------------------------
slack (MET)                                                                          0.267


#Path 14
Startpoint: out[10].Q[0] (dffre at (6,6) clocked by clock0)
Endpoint  : out[9].D[0] (dffre at (6,6) clocked by clock0)
Path Type : hold

Point                                                                       Incr      Path
------------------------------------------------------------------------------------------
clock clock0 (rise edge)                                                   0.000     0.000
clock source latency                                                       0.000     0.000
clock0.inpad[0] (.input at (1,2))                                          0.000     0.000
| (intra 'io' routing)                                                     0.779     0.779
| (inter-block routing:global net)                                         0.000     0.779
| (intra 'clb' routing)                                                    0.000     0.779
out[10].C[0] (dffre at (6,6))                                              0.000     0.779
| (primitive 'dffre' Tcq_min)                                              0.029     0.808
out[10].Q[0] (dffre at (6,6)) [clock-to-output]                            0.000     0.808
| (intra 'clb' routing)                                                    0.066     0.874
$abc$1686$abc$630$li09_li09.in[3] (.names at (6,6))                        0.000     0.874
| (primitive '.names' combinational delay)                                 0.154     1.029
$abc$1686$abc$630$li09_li09.out[0] (.names at (6,6))                       0.000     1.029
| (intra 'clb' routing)                                                    0.000     1.029
out[9].D[0] (dffre at (6,6))                                               0.000     1.029
data arrival time                                                                    1.029

clock clock0 (rise edge)                                                   0.000     0.000
clock source latency                                                       0.000     0.000
clock0.inpad[0] (.input at (1,2))                                          0.000     0.000
| (intra 'io' routing)                                                     0.779     0.779
| (inter-block routing:global net)                                         0.000     0.779
| (intra 'clb' routing)                                                    0.000     0.779
out[9].C[0] (dffre at (6,6))                                               0.000     0.779
clock uncertainty                                                          0.000     0.779
cell hold time                                                            -0.028     0.751
data required time                                                                   0.751
------------------------------------------------------------------------------------------
data required time                                                                  -0.751
data arrival time                                                                    1.029
------------------------------------------------------------------------------------------
slack (MET)                                                                          0.278


#Path 15
Startpoint: out[9].Q[0] (dffre at (6,6) clocked by clock0)
Endpoint  : out[8].D[0] (dffre at (6,6) clocked by clock0)
Path Type : hold

Point                                                                       Incr      Path
------------------------------------------------------------------------------------------
clock clock0 (rise edge)                                                   0.000     0.000
clock source latency                                                       0.000     0.000
clock0.inpad[0] (.input at (1,2))                                          0.000     0.000
| (intra 'io' routing)                                                     0.779     0.779
| (inter-block routing:global net)                                         0.000     0.779
| (intra 'clb' routing)                                                    0.000     0.779
out[9].C[0] (dffre at (6,6))                                               0.000     0.779
| (primitive 'dffre' Tcq_min)                                              0.029     0.808
out[9].Q[0] (dffre at (6,6)) [clock-to-output]                             0.000     0.808
| (intra 'clb' routing)                                                    0.066     0.874
$abc$1686$abc$630$li08_li08.in[3] (.names at (6,6))                        0.000     0.874
| (primitive '.names' combinational delay)                                 0.154     1.029
$abc$1686$abc$630$li08_li08.out[0] (.names at (6,6))                       0.000     1.029
| (intra 'clb' routing)                                                    0.000     1.029
out[8].D[0] (dffre at (6,6))                                               0.000     1.029
data arrival time                                                                    1.029

clock clock0 (rise edge)                                                   0.000     0.000
clock source latency                                                       0.000     0.000
clock0.inpad[0] (.input at (1,2))                                          0.000     0.000
| (intra 'io' routing)                                                     0.779     0.779
| (inter-block routing:global net)                                         0.000     0.779
| (intra 'clb' routing)                                                    0.000     0.779
out[8].C[0] (dffre at (6,6))                                               0.000     0.779
clock uncertainty                                                          0.000     0.779
cell hold time                                                            -0.028     0.751
data required time                                                                   0.751
------------------------------------------------------------------------------------------
data required time                                                                  -0.751
data arrival time                                                                    1.029
------------------------------------------------------------------------------------------
slack (MET)                                                                          0.278


#Path 16
Startpoint: out[7].Q[0] (dffre at (6,6) clocked by clock0)
Endpoint  : out[6].D[0] (dffre at (6,6) clocked by clock0)
Path Type : hold

Point                                                                       Incr      Path
------------------------------------------------------------------------------------------
clock clock0 (rise edge)                                                   0.000     0.000
clock source latency                                                       0.000     0.000
clock0.inpad[0] (.input at (1,2))                                          0.000     0.000
| (intra 'io' routing)                                                     0.779     0.779
| (inter-block routing:global net)                                         0.000     0.779
| (intra 'clb' routing)                                                    0.000     0.779
out[7].C[0] (dffre at (6,6))                                               0.000     0.779
| (primitive 'dffre' Tcq_min)                                              0.029     0.808
out[7].Q[0] (dffre at (6,6)) [clock-to-output]                             0.000     0.808
| (intra 'clb' routing)                                                    0.000     0.808
| (OPIN:61386 side: (RIGHT,) (6,6))                                        0.000     0.808
| (CHANY:110836 L4 length:3 (6,6)->(6,8))                                  0.119     0.927
| (CHANX:104957 L1 length:1 (6,6)->(6,6))                                  0.061     0.988
| (IPIN:61397 side: (TOP,) (6,6))                                          0.101     1.089
| (intra 'clb' routing)                                                    0.066     1.155
$abc$1686$abc$630$li06_li06.in[3] (.names at (6,6))                        0.000     1.155
| (primitive '.names' combinational delay)                                 0.101     1.256
$abc$1686$abc$630$li06_li06.out[0] (.names at (6,6))                       0.000     1.256
| (intra 'clb' routing)                                                    0.000     1.256
out[6].D[0] (dffre at (6,6))                                               0.000     1.256
data arrival time                                                                    1.256

clock clock0 (rise edge)                                                   0.000     0.000
clock source latency                                                       0.000     0.000
clock0.inpad[0] (.input at (1,2))                                          0.000     0.000
| (intra 'io' routing)                                                     0.779     0.779
| (inter-block routing:global net)                                         0.000     0.779
| (intra 'clb' routing)                                                    0.000     0.779
out[6].C[0] (dffre at (6,6))                                               0.000     0.779
clock uncertainty                                                          0.000     0.779
cell hold time                                                            -0.028     0.751
data required time                                                                   0.751
------------------------------------------------------------------------------------------
data required time                                                                  -0.751
data arrival time                                                                    1.256
------------------------------------------------------------------------------------------
slack (MET)                                                                          0.505


#Path 17
Startpoint: out[12].Q[0] (dffre at (6,6) clocked by clock0)
Endpoint  : out:out[12].outpad[0] (.output at (6,8) clocked by clock0)
Path Type : hold

Point                                                             Incr      Path
--------------------------------------------------------------------------------
clock clock0 (rise edge)                                         0.000     0.000
clock source latency                                             0.000     0.000
clock0.inpad[0] (.input at (1,2))                                0.000     0.000
| (intra 'io' routing)                                           0.779     0.779
| (inter-block routing:global net)                               0.000     0.779
| (intra 'clb' routing)                                          0.000     0.779
out[12].C[0] (dffre at (6,6))                                    0.000     0.779
| (primitive 'dffre' Tcq_min)                                    0.029     0.808
out[12].Q[0] (dffre at (6,6)) [clock-to-output]                  0.000     0.808
| (intra 'clb' routing)                                          0.000     0.808
| (OPIN:61379 side: (RIGHT,) (6,6))                              0.000     0.808
| (CHANY:110854 L4 length:3 (6,6)->(6,8))                        0.119     0.927
| (IPIN:87358 side: (RIGHT,) (6,8))                              0.101     1.028
| (intra 'io' routing)                                           0.516     1.543
out:out[12].outpad[0] (.output at (6,8))                         0.000     1.543
data arrival time                                                          1.543

clock clock0 (rise edge)                                         0.000     0.000
clock source latency                                             0.000     0.000
clock uncertainty                                                0.000     0.000
output external delay                                            0.000     0.000
data required time                                                         0.000
--------------------------------------------------------------------------------
data required time                                                        -0.000
data arrival time                                                          1.543
--------------------------------------------------------------------------------
slack (MET)                                                                1.543


#Path 18
Startpoint: out[3].Q[0] (dffre at (6,6) clocked by clock0)
Endpoint  : out:out[3].outpad[0] (.output at (6,8) clocked by clock0)
Path Type : hold

Point                                                             Incr      Path
--------------------------------------------------------------------------------
clock clock0 (rise edge)                                         0.000     0.000
clock source latency                                             0.000     0.000
clock0.inpad[0] (.input at (1,2))                                0.000     0.000
| (intra 'io' routing)                                           0.779     0.779
| (inter-block routing:global net)                               0.000     0.779
| (intra 'clb' routing)                                          0.000     0.779
out[3].C[0] (dffre at (6,6))                                     0.000     0.779
| (primitive 'dffre' Tcq_min)                                    0.029     0.808
out[3].Q[0] (dffre at (6,6)) [clock-to-output]                   0.000     0.808
| (intra 'clb' routing)                                          0.000     0.808
| (OPIN:61383 side: (RIGHT,) (6,6))                              0.000     0.808
| (CHANY:110846 L4 length:3 (6,6)->(6,8))                        0.119     0.927
| (CHANY:110906 L4 length:2 (6,7)->(6,8))                        0.119     1.046
| (IPIN:87365 side: (RIGHT,) (6,8))                              0.101     1.147
| (intra 'io' routing)                                           0.516     1.662
out:out[3].outpad[0] (.output at (6,8))                          0.000     1.662
data arrival time                                                          1.662

clock clock0 (rise edge)                                         0.000     0.000
clock source latency                                             0.000     0.000
clock uncertainty                                                0.000     0.000
output external delay                                            0.000     0.000
data required time                                                         0.000
--------------------------------------------------------------------------------
data required time                                                        -0.000
data arrival time                                                          1.662
--------------------------------------------------------------------------------
slack (MET)                                                                1.662


#Path 19
Startpoint: out[10].Q[0] (dffre at (6,6) clocked by clock0)
Endpoint  : out:out[10].outpad[0] (.output at (6,8) clocked by clock0)
Path Type : hold

Point                                                             Incr      Path
--------------------------------------------------------------------------------
clock clock0 (rise edge)                                         0.000     0.000
clock source latency                                             0.000     0.000
clock0.inpad[0] (.input at (1,2))                                0.000     0.000
| (intra 'io' routing)                                           0.779     0.779
| (inter-block routing:global net)                               0.000     0.779
| (intra 'clb' routing)                                          0.000     0.779
out[10].C[0] (dffre at (6,6))                                    0.000     0.779
| (primitive 'dffre' Tcq_min)                                    0.029     0.808
out[10].Q[0] (dffre at (6,6)) [clock-to-output]                  0.000     0.808
| (intra 'clb' routing)                                          0.000     0.808
| (OPIN:61365 side: (TOP,) (6,6))                                0.000     0.808
| (CHANX:104994 L4 length:4 (6,6)->(9,6))                        0.119     0.927
| (CHANY:110918 L4 length:2 (6,7)->(6,8))                        0.119     1.046
| (CHANY:110930 L1 length:1 (6,8)->(6,8))                        0.061     1.107
| (IPIN:87345 side: (RIGHT,) (6,8))                              0.101     1.208
| (intra 'io' routing)                                           0.516     1.723
out:out[10].outpad[0] (.output at (6,8))                         0.000     1.723
data arrival time                                                          1.723

clock clock0 (rise edge)                                         0.000     0.000
clock source latency                                             0.000     0.000
clock uncertainty                                                0.000     0.000
output external delay                                            0.000     0.000
data required time                                                         0.000
--------------------------------------------------------------------------------
data required time                                                        -0.000
data arrival time                                                          1.723
--------------------------------------------------------------------------------
slack (MET)                                                                1.723


#Path 20
Startpoint: out[2].Q[0] (dffre at (6,6) clocked by clock0)
Endpoint  : out:out[2].outpad[0] (.output at (6,8) clocked by clock0)
Path Type : hold

Point                                                             Incr      Path
--------------------------------------------------------------------------------
clock clock0 (rise edge)                                         0.000     0.000
clock source latency                                             0.000     0.000
clock0.inpad[0] (.input at (1,2))                                0.000     0.000
| (intra 'io' routing)                                           0.779     0.779
| (inter-block routing:global net)                               0.000     0.779
| (intra 'clb' routing)                                          0.000     0.779
out[2].C[0] (dffre at (6,6))                                     0.000     0.779
| (primitive 'dffre' Tcq_min)                                    0.029     0.808
out[2].Q[0] (dffre at (6,6)) [clock-to-output]                   0.000     0.808
| (intra 'clb' routing)                                          0.000     0.808
| (OPIN:61370 side: (TOP,) (6,6))                                0.000     0.808
| (CHANX:104797 L4 length:4 (6,6)->(3,6))                        0.119     0.927
| (CHANY:110292 L4 length:2 (5,7)->(5,8))                        0.119     1.046
| (CHANX:106426 L1 length:1 (6,8)->(6,8))                        0.061     1.107
| (IPIN:87301 side: (TOP,) (6,8))                                0.101     1.208
| (intra 'io' routing)                                           0.516     1.723
out:out[2].outpad[0] (.output at (6,8))                          0.000     1.723
data arrival time                                                          1.723

clock clock0 (rise edge)                                         0.000     0.000
clock source latency                                             0.000     0.000
clock uncertainty                                                0.000     0.000
output external delay                                            0.000     0.000
data required time                                                         0.000
--------------------------------------------------------------------------------
data required time                                                        -0.000
data arrival time                                                          1.723
--------------------------------------------------------------------------------
slack (MET)                                                                1.723


#Path 21
Startpoint: out[11].Q[0] (dffre at (6,6) clocked by clock0)
Endpoint  : out:out[11].outpad[0] (.output at (6,8) clocked by clock0)
Path Type : hold

Point                                                             Incr      Path
--------------------------------------------------------------------------------
clock clock0 (rise edge)                                         0.000     0.000
clock source latency                                             0.000     0.000
clock0.inpad[0] (.input at (1,2))                                0.000     0.000
| (intra 'io' routing)                                           0.779     0.779
| (inter-block routing:global net)                               0.000     0.779
| (intra 'clb' routing)                                          0.000     0.779
out[11].C[0] (dffre at (6,6))                                    0.000     0.779
| (primitive 'dffre' Tcq_min)                                    0.029     0.808
out[11].Q[0] (dffre at (6,6)) [clock-to-output]                  0.000     0.808
| (intra 'clb' routing)                                          0.000     0.808
| (OPIN:61368 side: (TOP,) (6,6))                                0.000     0.808
| (CHANX:105000 L4 length:4 (6,6)->(9,6))                        0.119     0.927
| (CHANY:111482 L1 length:1 (7,7)->(7,7))                        0.061     0.988
| (CHANX:105757 L1 length:1 (7,7)->(7,7))                        0.061     1.049
| (CHANY:110938 L1 length:1 (6,8)->(6,8))                        0.061     1.110
| (IPIN:87349 side: (RIGHT,) (6,8))                              0.101     1.211
| (intra 'io' routing)                                           0.516     1.726
out:out[11].outpad[0] (.output at (6,8))                         0.000     1.726
data arrival time                                                          1.726

clock clock0 (rise edge)                                         0.000     0.000
clock source latency                                             0.000     0.000
clock uncertainty                                                0.000     0.000
output external delay                                            0.000     0.000
data required time                                                         0.000
--------------------------------------------------------------------------------
data required time                                                        -0.000
data arrival time                                                          1.726
--------------------------------------------------------------------------------
slack (MET)                                                                1.726


#Path 22
Startpoint: out[1].Q[0] (dffre at (6,6) clocked by clock0)
Endpoint  : out:out[1].outpad[0] (.output at (6,8) clocked by clock0)
Path Type : hold

Point                                                             Incr      Path
--------------------------------------------------------------------------------
clock clock0 (rise edge)                                         0.000     0.000
clock source latency                                             0.000     0.000
clock0.inpad[0] (.input at (1,2))                                0.000     0.000
| (intra 'io' routing)                                           0.779     0.779
| (inter-block routing:global net)                               0.000     0.779
| (intra 'clb' routing)                                          0.000     0.779
out[1].C[0] (dffre at (6,6))                                     0.000     0.779
| (primitive 'dffre' Tcq_min)                                    0.029     0.808
out[1].Q[0] (dffre at (6,6)) [clock-to-output]                   0.000     0.808
| (intra 'clb' routing)                                          0.000     0.808
| (OPIN:61382 side: (RIGHT,) (6,6))                              0.000     0.808
| (CHANY:110813 L1 length:1 (6,6)->(6,6))                        0.061     0.869
| (CHANX:104286 L1 length:1 (7,5)->(7,5))                        0.061     0.930
| (CHANY:111458 L4 length:3 (7,6)->(7,8))                        0.119     1.049
| (CHANX:106335 L4 length:4 (7,8)->(4,8))                        0.119     1.168
| (IPIN:87341 side: (TOP,) (6,8))                                0.101     1.269
| (intra 'io' routing)                                           0.516     1.784
out:out[1].outpad[0] (.output at (6,8))                          0.000     1.784
data arrival time                                                          1.784

clock clock0 (rise edge)                                         0.000     0.000
clock source latency                                             0.000     0.000
clock uncertainty                                                0.000     0.000
output external delay                                            0.000     0.000
data required time                                                         0.000
--------------------------------------------------------------------------------
data required time                                                        -0.000
data arrival time                                                          1.784
--------------------------------------------------------------------------------
slack (MET)                                                                1.784


#Path 23
Startpoint: out[6].Q[0] (dffre at (6,6) clocked by clock0)
Endpoint  : out:out[6].outpad[0] (.output at (6,8) clocked by clock0)
Path Type : hold

Point                                                             Incr      Path
--------------------------------------------------------------------------------
clock clock0 (rise edge)                                         0.000     0.000
clock source latency                                             0.000     0.000
clock0.inpad[0] (.input at (1,2))                                0.000     0.000
| (intra 'io' routing)                                           0.779     0.779
| (inter-block routing:global net)                               0.000     0.779
| (intra 'clb' routing)                                          0.000     0.779
out[6].C[0] (dffre at (6,6))                                     0.000     0.779
| (primitive 'dffre' Tcq_min)                                    0.029     0.808
out[6].Q[0] (dffre at (6,6)) [clock-to-output]                   0.000     0.808
| (intra 'clb' routing)                                          0.000     0.808
| (OPIN:61374 side: (TOP,) (6,6))                                0.000     0.808
| (CHANX:104965 L1 length:1 (6,6)->(6,6))                        0.061     0.869
| (CHANY:110274 L1 length:1 (5,7)->(5,7))                        0.061     0.930
| (CHANX:105637 L1 length:1 (5,7)->(5,7))                        0.061     0.991
| (CHANY:109730 L1 length:1 (4,8)->(4,8))                        0.061     1.052
| (CHANX:106394 L4 length:4 (5,8)->(8,8))                        0.119     1.171
| (IPIN:87333 side: (TOP,) (6,8))                                0.101     1.272
| (intra 'io' routing)                                           0.516     1.787
out:out[6].outpad[0] (.output at (6,8))                          0.000     1.787
data arrival time                                                          1.787

clock clock0 (rise edge)                                         0.000     0.000
clock source latency                                             0.000     0.000
clock uncertainty                                                0.000     0.000
output external delay                                            0.000     0.000
data required time                                                         0.000
--------------------------------------------------------------------------------
data required time                                                        -0.000
data arrival time                                                          1.787
--------------------------------------------------------------------------------
slack (MET)                                                                1.787


#Path 24
Startpoint: out[8].Q[0] (dffre at (6,6) clocked by clock0)
Endpoint  : out:out[8].outpad[0] (.output at (6,8) clocked by clock0)
Path Type : hold

Point                                                             Incr      Path
--------------------------------------------------------------------------------
clock clock0 (rise edge)                                         0.000     0.000
clock source latency                                             0.000     0.000
clock0.inpad[0] (.input at (1,2))                                0.000     0.000
| (intra 'io' routing)                                           0.779     0.779
| (inter-block routing:global net)                               0.000     0.779
| (intra 'clb' routing)                                          0.000     0.779
out[8].C[0] (dffre at (6,6))                                     0.000     0.779
| (primitive 'dffre' Tcq_min)                                    0.029     0.808
out[8].Q[0] (dffre at (6,6)) [clock-to-output]                   0.000     0.808
| (intra 'clb' routing)                                          0.000     0.808
| (OPIN:61364 side: (TOP,) (6,6))                                0.000     0.808
| (CHANX:104945 L1 length:1 (6,6)->(6,6))                        0.061     0.869
| (CHANY:110318 L4 length:2 (5,7)->(5,8))                        0.119     0.988
| (CHANX:105643 L1 length:1 (5,7)->(5,7))                        0.061     1.049
| (CHANY:109736 L1 length:1 (4,8)->(4,8))                        0.061     1.110
| (CHANX:106388 L4 length:4 (5,8)->(8,8))                        0.119     1.229
| (IPIN:87313 side: (TOP,) (6,8))                                0.101     1.330
| (intra 'io' routing)                                           0.516     1.845
out:out[8].outpad[0] (.output at (6,8))                         -0.000     1.845
data arrival time                                                          1.845

clock clock0 (rise edge)                                         0.000     0.000
clock source latency                                             0.000     0.000
clock uncertainty                                                0.000     0.000
output external delay                                            0.000     0.000
data required time                                                         0.000
--------------------------------------------------------------------------------
data required time                                                        -0.000
data arrival time                                                          1.845
--------------------------------------------------------------------------------
slack (MET)                                                                1.845


#Path 25
Startpoint: out[0].Q[0] (dffre at (6,6) clocked by clock0)
Endpoint  : out:out[0].outpad[0] (.output at (7,8) clocked by clock0)
Path Type : hold

Point                                                             Incr      Path
--------------------------------------------------------------------------------
clock clock0 (rise edge)                                         0.000     0.000
clock source latency                                             0.000     0.000
clock0.inpad[0] (.input at (1,2))                                0.000     0.000
| (intra 'io' routing)                                           0.779     0.779
| (inter-block routing:global net)                               0.000     0.779
| (intra 'clb' routing)                                          0.000     0.779
out[0].C[0] (dffre at (6,6))                                     0.000     0.779
| (primitive 'dffre' Tcq_min)                                    0.029     0.808
out[0].Q[0] (dffre at (6,6)) [clock-to-output]                   0.000     0.808
| (intra 'clb' routing)                                          0.000     0.808
| (OPIN:61371 side: (TOP,) (6,6))                                0.000     0.808
| (CHANX:105006 L4 length:4 (6,6)->(9,6))                        0.119     0.927
| (CHANY:112110 L1 length:1 (8,7)->(8,7))                        0.061     0.988
| (CHANX:105649 L4 length:4 (8,7)->(5,7))                        0.119     1.107
| (CHANY:111536 L1 length:1 (7,8)->(7,8))                        0.061     1.168
| (CHANX:106483 L1 length:1 (7,8)->(7,8))                        0.061     1.229
| (IPIN:90193 side: (TOP,) (7,8))                                0.101     1.330
| (intra 'io' routing)                                           0.516     1.845
out:out[0].outpad[0] (.output at (7,8))                          0.000     1.845
data arrival time                                                          1.845

clock clock0 (rise edge)                                         0.000     0.000
clock source latency                                             0.000     0.000
clock uncertainty                                                0.000     0.000
output external delay                                            0.000     0.000
data required time                                                         0.000
--------------------------------------------------------------------------------
data required time                                                        -0.000
data arrival time                                                          1.845
--------------------------------------------------------------------------------
slack (MET)                                                                1.845


#Path 26
Startpoint: out[15].Q[0] (dffre at (6,6) clocked by clock0)
Endpoint  : out:out[15].outpad[0] (.output at (6,8) clocked by clock0)
Path Type : hold

Point                                                             Incr      Path
--------------------------------------------------------------------------------
clock clock0 (rise edge)                                         0.000     0.000
clock source latency                                             0.000     0.000
clock0.inpad[0] (.input at (1,2))                                0.000     0.000
| (intra 'io' routing)                                           0.779     0.779
| (inter-block routing:global net)                               0.000     0.779
| (intra 'clb' routing)                                          0.000     0.779
out[15].C[0] (dffre at (6,6))                                    0.000     0.779
| (primitive 'dffre' Tcq_min)                                    0.029     0.808
out[15].Q[0] (dffre at (6,6)) [clock-to-output]                  0.000     0.808
| (intra 'clb' routing)                                          0.000     0.808
| (OPIN:61376 side: (RIGHT,) (6,6))                              0.000     0.808
| (CHANY:110800 L1 length:1 (6,6)->(6,6))                        0.061     0.869
| (CHANX:104947 L1 length:1 (6,6)->(6,6))                        0.061     0.930
| (CHANY:110256 L1 length:1 (5,7)->(5,7))                        0.061     0.991
| (CHANX:105740 L4 length:4 (6,7)->(9,7))                        0.119     1.110
| (CHANY:110948 L1 length:1 (6,8)->(6,8))                        0.061     1.171
| (CHANX:106439 L1 length:1 (6,8)->(6,8))                        0.061     1.232
| (IPIN:87323 side: (TOP,) (6,8))                                0.101     1.333
| (intra 'io' routing)                                           0.516     1.848
out:out[15].outpad[0] (.output at (6,8))                        -0.000     1.848
data arrival time                                                          1.848

clock clock0 (rise edge)                                         0.000     0.000
clock source latency                                             0.000     0.000
clock uncertainty                                                0.000     0.000
output external delay                                            0.000     0.000
data required time                                                         0.000
--------------------------------------------------------------------------------
data required time                                                        -0.000
data arrival time                                                          1.848
--------------------------------------------------------------------------------
slack (MET)                                                                1.848


#Path 27
Startpoint: out[13].Q[0] (dffre at (6,6) clocked by clock0)
Endpoint  : out:out[13].outpad[0] (.output at (6,8) clocked by clock0)
Path Type : hold

Point                                                             Incr      Path
--------------------------------------------------------------------------------
clock clock0 (rise edge)                                         0.000     0.000
clock source latency                                             0.000     0.000
clock0.inpad[0] (.input at (1,2))                                0.000     0.000
| (intra 'io' routing)                                           0.779     0.779
| (inter-block routing:global net)                               0.000     0.779
| (intra 'clb' routing)                                          0.000     0.779
out[13].C[0] (dffre at (6,6))                                    0.000     0.779
| (primitive 'dffre' Tcq_min)                                    0.029     0.808
out[13].Q[0] (dffre at (6,6)) [clock-to-output]                  0.000     0.808
| (intra 'clb' routing)                                          0.000     0.808
| (OPIN:61377 side: (RIGHT,) (6,6))                              0.000     0.808
| (CHANY:110850 L4 length:3 (6,6)->(6,8))                        0.119     0.927
| (CHANX:106496 L1 length:1 (7,8)->(7,8))                        0.061     0.988
| (CHANY:111551 L1 length:1 (7,8)->(7,8))                        0.061     1.049
| (CHANX:105603 L4 length:4 (7,7)->(4,7))                        0.119     1.168
| (CHANY:110982 L4 length:1 (6,8)->(6,8))                        0.119     1.287
| (IPIN:87348 side: (RIGHT,) (6,8))                              0.101     1.387
| (intra 'io' routing)                                           0.516     1.903
out:out[13].outpad[0] (.output at (6,8))                         0.000     1.903
data arrival time                                                          1.903

clock clock0 (rise edge)                                         0.000     0.000
clock source latency                                             0.000     0.000
clock uncertainty                                                0.000     0.000
output external delay                                            0.000     0.000
data required time                                                         0.000
--------------------------------------------------------------------------------
data required time                                                        -0.000
data arrival time                                                          1.903
--------------------------------------------------------------------------------
slack (MET)                                                                1.903


#Path 28
Startpoint: out[7].Q[0] (dffre at (6,6) clocked by clock0)
Endpoint  : out:out[7].outpad[0] (.output at (6,8) clocked by clock0)
Path Type : hold

Point                                                             Incr      Path
--------------------------------------------------------------------------------
clock clock0 (rise edge)                                         0.000     0.000
clock source latency                                             0.000     0.000
clock0.inpad[0] (.input at (1,2))                                0.000     0.000
| (intra 'io' routing)                                           0.779     0.779
| (inter-block routing:global net)                               0.000     0.779
| (intra 'clb' routing)                                          0.000     0.779
out[7].C[0] (dffre at (6,6))                                     0.000     0.779
| (primitive 'dffre' Tcq_min)                                    0.029     0.808
out[7].Q[0] (dffre at (6,6)) [clock-to-output]                   0.000     0.808
| (intra 'clb' routing)                                          0.000     0.808
| (OPIN:61386 side: (RIGHT,) (6,6))                              0.000     0.808
| (CHANY:110852 L4 length:3 (6,6)->(6,8))                        0.119     0.927
| (CHANX:104813 L4 length:4 (6,6)->(3,6))                        0.119     1.046
| (CHANY:109064 L1 length:1 (3,7)->(3,7))                        0.061     1.107
| (CHANX:105588 L4 length:4 (4,7)->(7,7))                        0.119     1.226
| (CHANY:110944 L1 length:1 (6,8)->(6,8))                        0.061     1.287
| (IPIN:87352 side: (RIGHT,) (6,8))                              0.101     1.387
| (intra 'io' routing)                                           0.516     1.903
out:out[7].outpad[0] (.output at (6,8))                          0.000     1.903
data arrival time                                                          1.903

clock clock0 (rise edge)                                         0.000     0.000
clock source latency                                             0.000     0.000
clock uncertainty                                                0.000     0.000
output external delay                                            0.000     0.000
data required time                                                         0.000
--------------------------------------------------------------------------------
data required time                                                        -0.000
data arrival time                                                          1.903
--------------------------------------------------------------------------------
slack (MET)                                                                1.903


#Path 29
Startpoint: out[4].Q[0] (dffre at (6,6) clocked by clock0)
Endpoint  : out:out[4].outpad[0] (.output at (5,8) clocked by clock0)
Path Type : hold

Point                                                             Incr      Path
--------------------------------------------------------------------------------
clock clock0 (rise edge)                                         0.000     0.000
clock source latency                                             0.000     0.000
clock0.inpad[0] (.input at (1,2))                                0.000     0.000
| (intra 'io' routing)                                           0.779     0.779
| (inter-block routing:global net)                               0.000     0.779
| (intra 'clb' routing)                                          0.000     0.779
out[4].C[0] (dffre at (6,6))                                     0.000     0.779
| (primitive 'dffre' Tcq_min)                                    0.029     0.808
out[4].Q[0] (dffre at (6,6)) [clock-to-output]                   0.000     0.808
| (intra 'clb' routing)                                          0.000     0.808
| (OPIN:61373 side: (TOP,) (6,6))                                0.000     0.808
| (CHANX:104962 L1 length:1 (6,6)->(6,6))                        0.061     0.869
| (CHANY:110910 L4 length:2 (6,7)->(6,8))                        0.119     0.988
| (CHANX:105531 L4 length:4 (6,7)->(3,7))                        0.119     1.107
| (CHANY:109744 L4 length:1 (4,8)->(4,8))                        0.119     1.226
| (CHANX:106380 L1 length:1 (5,8)->(5,8))                        0.061     1.287
| (IPIN:84430 side: (TOP,) (5,8))                                0.101     1.387
| (intra 'io' routing)                                           0.516     1.903
out:out[4].outpad[0] (.output at (5,8))                          0.000     1.903
data arrival time                                                          1.903

clock clock0 (rise edge)                                         0.000     0.000
clock source latency                                             0.000     0.000
clock uncertainty                                                0.000     0.000
output external delay                                            0.000     0.000
data required time                                                         0.000
--------------------------------------------------------------------------------
data required time                                                        -0.000
data arrival time                                                          1.903
--------------------------------------------------------------------------------
slack (MET)                                                                1.903


#Path 30
Startpoint: out[9].Q[0] (dffre at (6,6) clocked by clock0)
Endpoint  : out:out[9].outpad[0] (.output at (6,8) clocked by clock0)
Path Type : hold

Point                                                             Incr      Path
--------------------------------------------------------------------------------
clock clock0 (rise edge)                                         0.000     0.000
clock source latency                                             0.000     0.000
clock0.inpad[0] (.input at (1,2))                                0.000     0.000
| (intra 'io' routing)                                           0.779     0.779
| (inter-block routing:global net)                               0.000     0.779
| (intra 'clb' routing)                                          0.000     0.779
out[9].C[0] (dffre at (6,6))                                     0.000     0.779
| (primitive 'dffre' Tcq_min)                                    0.029     0.808
out[9].Q[0] (dffre at (6,6)) [clock-to-output]                   0.000     0.808
| (intra 'clb' routing)                                          0.000     0.808
| (OPIN:61367 side: (TOP,) (6,6))                                0.000     0.808
| (CHANX:104807 L4 length:4 (6,6)->(3,6))                        0.119     0.927
| (CHANY:110258 L1 length:1 (5,7)->(5,7))                        0.061     0.988
| (CHANX:105621 L1 length:1 (5,7)->(5,7))                        0.061     1.049
| (CHANY:109714 L1 length:1 (4,8)->(4,8))                        0.061     1.110
| (CHANX:106410 L4 length:4 (5,8)->(8,8))                        0.119     1.229
| (CHANX:106430 L1 length:1 (6,8)->(6,8))                        0.061     1.290
| (IPIN:87319 side: (TOP,) (6,8))                                0.101     1.390
| (intra 'io' routing)                                           0.516     1.906
out:out[9].outpad[0] (.output at (6,8))                          0.000     1.906
data arrival time                                                          1.906

clock clock0 (rise edge)                                         0.000     0.000
clock source latency                                             0.000     0.000
clock uncertainty                                                0.000     0.000
output external delay                                            0.000     0.000
data required time                                                         0.000
--------------------------------------------------------------------------------
data required time                                                        -0.000
data arrival time                                                          1.906
--------------------------------------------------------------------------------
slack (MET)                                                                1.906


#Path 31
Startpoint: out[14].Q[0] (dffre at (6,6) clocked by clock0)
Endpoint  : out:out[14].outpad[0] (.output at (5,8) clocked by clock0)
Path Type : hold

Point                                                             Incr      Path
--------------------------------------------------------------------------------
clock clock0 (rise edge)                                         0.000     0.000
clock source latency                                             0.000     0.000
clock0.inpad[0] (.input at (1,2))                                0.000     0.000
| (intra 'io' routing)                                           0.779     0.779
| (inter-block routing:global net)                               0.000     0.779
| (intra 'clb' routing)                                          0.000     0.779
out[14].C[0] (dffre at (6,6))                                    0.000     0.779
| (primitive 'dffre' Tcq_min)                                    0.029     0.808
out[14].Q[0] (dffre at (6,6)) [clock-to-output]                  0.000     0.808
| (intra 'clb' routing)                                          0.000     0.808
| (OPIN:61380 side: (RIGHT,) (6,6))                              0.000     0.808
| (CHANY:110856 L4 length:3 (6,6)->(6,8))                        0.119     0.927
| (CHANX:106536 L4 length:4 (7,8)->(10,8))                       0.119     1.046
| (CHANX:106552 L1 length:1 (8,8)->(8,8))                        0.061     1.107
| (CHANY:112151 L1 length:1 (8,8)->(8,8))                        0.061     1.168
| (CHANX:105675 L4 length:4 (8,7)->(5,7))                        0.119     1.287
| (CHANY:110338 L1 length:1 (5,8)->(5,8))                        0.061     1.348
| (IPIN:84473 side: (RIGHT,) (5,8))                              0.101     1.448
| (intra 'io' routing)                                           0.516     1.964
out:out[14].outpad[0] (.output at (5,8))                         0.000     1.964
data arrival time                                                          1.964

clock clock0 (rise edge)                                         0.000     0.000
clock source latency                                             0.000     0.000
clock uncertainty                                                0.000     0.000
output external delay                                            0.000     0.000
data required time                                                         0.000
--------------------------------------------------------------------------------
data required time                                                        -0.000
data arrival time                                                          1.964
--------------------------------------------------------------------------------
slack (MET)                                                                1.964


#Path 32
Startpoint: out[5].Q[0] (dffre at (6,6) clocked by clock0)
Endpoint  : out:out[5].outpad[0] (.output at (7,8) clocked by clock0)
Path Type : hold

Point                                                             Incr      Path
--------------------------------------------------------------------------------
clock clock0 (rise edge)                                         0.000     0.000
clock source latency                                             0.000     0.000
clock0.inpad[0] (.input at (1,2))                                0.000     0.000
| (intra 'io' routing)                                           0.779     0.779
| (inter-block routing:global net)                               0.000     0.779
| (intra 'clb' routing)                                          0.000     0.779
out[5].C[0] (dffre at (6,6))                                     0.000     0.779
| (primitive 'dffre' Tcq_min)                                    0.029     0.808
out[5].Q[0] (dffre at (6,6)) [clock-to-output]                   0.000     0.808
| (intra 'clb' routing)                                          0.000     0.808
| (OPIN:61385 side: (RIGHT,) (6,6))                              0.000     0.808
| (CHANY:110818 L1 length:1 (6,6)->(6,6))                        0.061     0.869
| (CHANX:105050 L4 length:4 (7,6)->(10,6))                       0.119     0.988
| (CHANY:111502 L1 length:1 (7,7)->(7,7))                        0.061     1.049
| (CHANX:105585 L4 length:4 (7,7)->(4,7))                        0.119     1.168
| (CHANY:110322 L1 length:1 (5,8)->(5,8))                        0.061     1.229
| (CHANX:106474 L4 length:4 (6,8)->(9,8))                        0.119     1.348
| (IPIN:90197 side: (TOP,) (7,8))                                0.101     1.448
| (intra 'io' routing)                                           0.516     1.964
out:out[5].outpad[0] (.output at (7,8))                          0.000     1.964
data arrival time                                                          1.964

clock clock0 (rise edge)                                         0.000     0.000
clock source latency                                             0.000     0.000
clock uncertainty                                                0.000     0.000
output external delay                                            0.000     0.000
data required time                                                         0.000
--------------------------------------------------------------------------------
data required time                                                        -0.000
data arrival time                                                          1.964
--------------------------------------------------------------------------------
slack (MET)                                                                1.964


#Path 33
Startpoint: loopback_en.inpad[0] (.input at (6,8) clocked by clock0)
Endpoint  : out:loopback_error.outpad[0] (.output at (6,8) clocked by clock0)
Path Type : hold

Point                                                                  Incr      Path
-------------------------------------------------------------------------------------
clock clock0 (rise edge)                                              0.000     0.000
clock source latency                                                  0.000     0.000
input external delay                                                  0.000     0.000
loopback_en.inpad[0] (.input at (6,8))                                0.000     0.000
| (intra 'io' routing)                                                0.779     0.779
| (OPIN:87215 side: (RIGHT,) (6,8))                                   0.000     0.779
| (CHANY:110935 L1 length:1 (6,8)->(6,8))                             0.061     0.840
| (CHANX:105547 L4 length:4 (6,7)->(3,7))                             0.119     0.959
| (IPIN:68061 side: (TOP,) (6,7))                                     0.101     1.060
| (intra 'clb' routing)                                               0.066     1.126
loopback_error.in[0] (.names at (6,7))                                0.000     1.126
| (primitive '.names' combinational delay)                            0.101     1.227
loopback_error.out[0] (.names at (6,7))                               0.000     1.227
| (intra 'clb' routing)                                               0.000     1.227
| (OPIN:68043 side: (RIGHT,) (6,7))                                   0.000     1.227
| (CHANY:110914 L4 length:2 (6,7)->(6,8))                             0.119     1.346
| (CHANX:105543 L4 length:4 (6,7)->(3,7))                             0.119     1.465
| (CHANY:109716 L1 length:1 (4,8)->(4,8))                             0.061     1.526
| (CHANX:106408 L4 length:4 (5,8)->(8,8))                             0.119     1.645
| (IPIN:87305 side: (TOP,) (6,8))                                     0.101     1.746
| (intra 'io' routing)                                                0.516     2.261
out:loopback_error.outpad[0] (.output at (6,8))                       0.000     2.261
data arrival time                                                               2.261

clock clock0 (rise edge)                                              0.000     0.000
clock source latency                                                  0.000     0.000
clock uncertainty                                                     0.000     0.000
output external delay                                                 0.000     0.000
data required time                                                              0.000
-------------------------------------------------------------------------------------
data required time                                                             -0.000
data arrival time                                                               2.261
-------------------------------------------------------------------------------------
slack (MET)                                                                     2.261


#End of timing report
