/*******************************************************************************
Copyright (c) 2022-2024 Rapid Silicon
This source code contains proprietary information belonging to Rapid Silicon
(the "licensor") released under license and non-disclosure agreement to the
recipient (the "licensee").

The information shared and protected by the license and non-disclosure agreement
includes but is not limited to the following:
* operational algorithms of the product
* logos, graphics, source code, and visual presentation of the product
* confidential operational information of the licensor

The recipient of this source code is NOT permitted to publicly disclose,
re-use, archive beyond the period of the license agreement, transfer to a
sub-licensee, or re-implement any portion of the content covered by the license
and non-disclosure agreement without the prior written consent of the licensor.
*********************************************************************************/

Version  : 2024.09
Build    : 1.2.3
Hash     : 89d4d1b
Date     : Sep 19 2024
Type     : Engineering
Log Time   : Thu Sep 19 08:35:27 2024 GMT
#Timing report of worst 12 path(s)
# Unit scale: 1e-09 seconds
# Output precision: 3

# Logical Levels: 0
# Timing Graph Levels: 6

#Path 1
Startpoint: $ifab_$obuf_DLY_TAP_VALUE[0].inpad[0] (.input clocked by CLK_IN)
Endpoint  : out:DLY_TAP_VALUE[0].outpad[0] (.output clocked by CLK_IN)
Path Type : setup

Point                                                                             Incr      Path
------------------------------------------------------------------------------------------------
clock CLK_IN (rise edge)                                          0.000     0.000
clock source latency                                                             0.000     0.000
input external delay                                                             0.000     0.000
$ifab_$obuf_DLY_TAP_VALUE[0].inpad[0] (.input)                                   0.000     0.000
$obuf_DLY_TAP_VALUE[0].in[0] (.names)                                            0.890     0.890
$obuf_DLY_TAP_VALUE[0].out[0] (.names)                                           0.218     1.109
DLY_TAP_VALUE[0].in[0] (.names)                                0.890     1.999
DLY_TAP_VALUE[0].out[0] (.names)                               0.218     2.217
out:DLY_TAP_VALUE[0].outpad[0] (.output)                       0.890     3.108
data arrival time                                                                          3.108

clock CLK_IN (rise edge)                                          0.000     0.000
clock source latency                                                             0.000     0.000
clock uncertainty                                                                0.000     0.000
output external delay                                                            0.000     0.000
data required time                                                                         0.000
------------------------------------------------------------------------------------------------
data required time                                                                         0.000
data arrival time                                                                         -3.108
------------------------------------------------------------------------------------------------
slack (VIOLATED)                                                                          -3.108


#Path 2
Startpoint: $ifab_$obuf_DLY_TAP_VALUE[1].inpad[0] (.input clocked by CLK_IN)
Endpoint  : out:DLY_TAP_VALUE[1].outpad[0] (.output clocked by CLK_IN)
Path Type : setup

Point                                                                             Incr      Path
------------------------------------------------------------------------------------------------
clock CLK_IN (rise edge)                                          0.000     0.000
clock source latency                                                             0.000     0.000
input external delay                                                             0.000     0.000
$ifab_$obuf_DLY_TAP_VALUE[1].inpad[0] (.input)                                   0.000     0.000
$obuf_DLY_TAP_VALUE[1].in[0] (.names)                                            0.890     0.890
$obuf_DLY_TAP_VALUE[1].out[0] (.names)                                           0.218     1.109
DLY_TAP_VALUE[1].in[0] (.names)                                0.890     1.999
DLY_TAP_VALUE[1].out[0] (.names)                               0.218     2.217
out:DLY_TAP_VALUE[1].outpad[0] (.output)                       0.890     3.108
data arrival time                                                                          3.108

clock CLK_IN (rise edge)                                          0.000     0.000
clock source latency                                                             0.000     0.000
clock uncertainty                                                                0.000     0.000
output external delay                                                            0.000     0.000
data required time                                                                         0.000
------------------------------------------------------------------------------------------------
data required time                                                                         0.000
data arrival time                                                                         -3.108
------------------------------------------------------------------------------------------------
slack (VIOLATED)                                                                          -3.108


#Path 3
Startpoint: $ifab_$obuf_DLY_TAP_VALUE[2].inpad[0] (.input clocked by CLK_IN)
Endpoint  : out:DLY_TAP_VALUE[2].outpad[0] (.output clocked by CLK_IN)
Path Type : setup

Point                                                                             Incr      Path
------------------------------------------------------------------------------------------------
clock CLK_IN (rise edge)                                          0.000     0.000
clock source latency                                                             0.000     0.000
input external delay                                                             0.000     0.000
$ifab_$obuf_DLY_TAP_VALUE[2].inpad[0] (.input)                                   0.000     0.000
$obuf_DLY_TAP_VALUE[2].in[0] (.names)                                            0.890     0.890
$obuf_DLY_TAP_VALUE[2].out[0] (.names)                                           0.218     1.109
DLY_TAP_VALUE[2].in[0] (.names)                                0.890     1.999
DLY_TAP_VALUE[2].out[0] (.names)                               0.218     2.217
out:DLY_TAP_VALUE[2].outpad[0] (.output)                       0.890     3.108
data arrival time                                                                          3.108

clock CLK_IN (rise edge)                                          0.000     0.000
clock source latency                                                             0.000     0.000
clock uncertainty                                                                0.000     0.000
output external delay                                                            0.000     0.000
data required time                                                                         0.000
------------------------------------------------------------------------------------------------
data required time                                                                         0.000
data arrival time                                                                         -3.108
------------------------------------------------------------------------------------------------
slack (VIOLATED)                                                                          -3.108


#Path 4
Startpoint: $ifab_$obuf_DLY_TAP_VALUE[3].inpad[0] (.input clocked by CLK_IN)
Endpoint  : out:DLY_TAP_VALUE[3].outpad[0] (.output clocked by CLK_IN)
Path Type : setup

Point                                                                             Incr      Path
------------------------------------------------------------------------------------------------
clock CLK_IN (rise edge)                                          0.000     0.000
clock source latency                                                             0.000     0.000
input external delay                                                             0.000     0.000
$ifab_$obuf_DLY_TAP_VALUE[3].inpad[0] (.input)                                   0.000     0.000
$obuf_DLY_TAP_VALUE[3].in[0] (.names)                                            0.890     0.890
$obuf_DLY_TAP_VALUE[3].out[0] (.names)                                           0.218     1.109
DLY_TAP_VALUE[3].in[0] (.names)                                0.890     1.999
DLY_TAP_VALUE[3].out[0] (.names)                               0.218     2.217
out:DLY_TAP_VALUE[3].outpad[0] (.output)                       0.890     3.108
data arrival time                                                                          3.108

clock CLK_IN (rise edge)                                          0.000     0.000
clock source latency                                                             0.000     0.000
clock uncertainty                                                                0.000     0.000
output external delay                                                            0.000     0.000
data required time                                                                         0.000
------------------------------------------------------------------------------------------------
data required time                                                                         0.000
data arrival time                                                                         -3.108
------------------------------------------------------------------------------------------------
slack (VIOLATED)                                                                          -3.108


#Path 5
Startpoint: $ifab_$obuf_DLY_TAP_VALUE[4].inpad[0] (.input clocked by CLK_IN)
Endpoint  : out:DLY_TAP_VALUE[4].outpad[0] (.output clocked by CLK_IN)
Path Type : setup

Point                                                                             Incr      Path
------------------------------------------------------------------------------------------------
clock CLK_IN (rise edge)                                          0.000     0.000
clock source latency                                                             0.000     0.000
input external delay                                                             0.000     0.000
$ifab_$obuf_DLY_TAP_VALUE[4].inpad[0] (.input)                                   0.000     0.000
$obuf_DLY_TAP_VALUE[4].in[0] (.names)                                            0.890     0.890
$obuf_DLY_TAP_VALUE[4].out[0] (.names)                                           0.218     1.109
DLY_TAP_VALUE[4].in[0] (.names)                                0.890     1.999
DLY_TAP_VALUE[4].out[0] (.names)                               0.218     2.217
out:DLY_TAP_VALUE[4].outpad[0] (.output)                       0.890     3.108
data arrival time                                                                          3.108

clock CLK_IN (rise edge)                                          0.000     0.000
clock source latency                                                             0.000     0.000
clock uncertainty                                                                0.000     0.000
output external delay                                                            0.000     0.000
data required time                                                                         0.000
------------------------------------------------------------------------------------------------
data required time                                                                         0.000
data arrival time                                                                         -3.108
------------------------------------------------------------------------------------------------
slack (VIOLATED)                                                                          -3.108


#Path 6
Startpoint: $ifab_$obuf_DLY_TAP_VALUE[5].inpad[0] (.input clocked by CLK_IN)
Endpoint  : out:DLY_TAP_VALUE[5].outpad[0] (.output clocked by CLK_IN)
Path Type : setup

Point                                                                             Incr      Path
------------------------------------------------------------------------------------------------
clock CLK_IN (rise edge)                                          0.000     0.000
clock source latency                                                             0.000     0.000
input external delay                                                             0.000     0.000
$ifab_$obuf_DLY_TAP_VALUE[5].inpad[0] (.input)                                   0.000     0.000
$obuf_DLY_TAP_VALUE[5].in[0] (.names)                                            0.890     0.890
$obuf_DLY_TAP_VALUE[5].out[0] (.names)                                           0.218     1.109
DLY_TAP_VALUE[5].in[0] (.names)                                0.890     1.999
DLY_TAP_VALUE[5].out[0] (.names)                               0.218     2.217
out:DLY_TAP_VALUE[5].outpad[0] (.output)                       0.890     3.108
data arrival time                                                                          3.108

clock CLK_IN (rise edge)                                          0.000     0.000
clock source latency                                                             0.000     0.000
clock uncertainty                                                                0.000     0.000
output external delay                                                            0.000     0.000
data required time                                                                         0.000
------------------------------------------------------------------------------------------------
data required time                                                                         0.000
data arrival time                                                                         -3.108
------------------------------------------------------------------------------------------------
slack (VIOLATED)                                                                          -3.108


#Path 7
Startpoint: DLY_ADJ.inpad[0] (.input clocked by CLK_IN)
Endpoint  : out:$f2g_trx_dly_adj_DLY_ADJ.outpad[0] (.output clocked by CLK_IN)
Path Type : setup

Point                                                                         Incr      Path
--------------------------------------------------------------------------------------------
clock CLK_IN (rise edge)                                      0.000     0.000
clock source latency                                                         0.000     0.000
input external delay                                                         0.000     0.000
DLY_ADJ.inpad[0] (.input)                                              0.000     0.000
$f2g_trx_dly_adj_DLY_ADJ.in[0] (.names)                                0.890     0.890
$f2g_trx_dly_adj_DLY_ADJ.out[0] (.names)                               0.218     1.109
out:$f2g_trx_dly_adj_DLY_ADJ.outpad[0] (.output)                       0.890     1.999
data arrival time                                                                      1.999

clock CLK_IN (rise edge)                                      0.000     0.000
clock source latency                                                         0.000     0.000
clock uncertainty                                                            0.000     0.000
output external delay                                                        0.000     0.000
data required time                                                                     0.000
--------------------------------------------------------------------------------------------
data required time                                                                     0.000
data arrival time                                                                     -1.999
--------------------------------------------------------------------------------------------
slack (VIOLATED)                                                                      -1.999


#Path 8
Startpoint: DLY_INCDEC.inpad[0] (.input clocked by CLK_IN)
Endpoint  : out:$f2g_trx_dly_inc_DLY_INCDEC.outpad[0] (.output clocked by CLK_IN)
Path Type : setup

Point                                                                            Incr      Path
-----------------------------------------------------------------------------------------------
clock CLK_IN (rise edge)                                         0.000     0.000
clock source latency                                                            0.000     0.000
input external delay                                                            0.000     0.000
DLY_INCDEC.inpad[0] (.input)                                              0.000     0.000
$f2g_trx_dly_inc_DLY_INCDEC.in[0] (.names)                                0.890     0.890
$f2g_trx_dly_inc_DLY_INCDEC.out[0] (.names)                               0.218     1.109
out:$f2g_trx_dly_inc_DLY_INCDEC.outpad[0] (.output)                       0.890     1.999
data arrival time                                                                         1.999

clock CLK_IN (rise edge)                                         0.000     0.000
clock source latency                                                            0.000     0.000
clock uncertainty                                                               0.000     0.000
output external delay                                                           0.000     0.000
data required time                                                                        0.000
-----------------------------------------------------------------------------------------------
data required time                                                                        0.000
data arrival time                                                                        -1.999
-----------------------------------------------------------------------------------------------
slack (VIOLATED)                                                                         -1.999


#Path 9
Startpoint: DLY_LOAD.inpad[0] (.input clocked by CLK_IN)
Endpoint  : out:$f2g_trx_dly_ld_DLY_LOAD.outpad[0] (.output clocked by CLK_IN)
Path Type : setup

Point                                                                         Incr      Path
--------------------------------------------------------------------------------------------
clock CLK_IN (rise edge)                                      0.000     0.000
clock source latency                                                         0.000     0.000
input external delay                                                         0.000     0.000
DLY_LOAD.inpad[0] (.input)                                             0.000     0.000
$f2g_trx_dly_ld_DLY_LOAD.in[0] (.names)                                0.890     0.890
$f2g_trx_dly_ld_DLY_LOAD.out[0] (.names)                               0.218     1.109
out:$f2g_trx_dly_ld_DLY_LOAD.outpad[0] (.output)                       0.890     1.999
data arrival time                                                                      1.999

clock CLK_IN (rise edge)                                      0.000     0.000
clock source latency                                                         0.000     0.000
clock uncertainty                                                            0.000     0.000
output external delay                                                        0.000     0.000
data required time                                                                     0.000
--------------------------------------------------------------------------------------------
data required time                                                                     0.000
data arrival time                                                                     -1.999
--------------------------------------------------------------------------------------------
slack (VIOLATED)                                                                      -1.999


#Path 10
Startpoint: $obuf_O.inpad[0] (.input clocked by CLK_IN)
Endpoint  : out:O.outpad[0] (.output clocked by CLK_IN)
Path Type : setup

Point                                                             Incr      Path
--------------------------------------------------------------------------------
clock CLK_IN (rise edge)                          0.000     0.000
clock source latency                                             0.000     0.000
input external delay                                             0.000     0.000
$obuf_O.inpad[0] (.input)                                        0.000     0.000
O.in[0] (.names)                                         0.890     0.890
O.out[0] (.names)                                        0.218     1.109
out:O.outpad[0] (.output)                                0.890     1.999
data arrival time                                                          1.999

clock CLK_IN (rise edge)                          0.000     0.000
clock source latency                                             0.000     0.000
clock uncertainty                                                0.000     0.000
output external delay                                            0.000     0.000
data required time                                                         0.000
--------------------------------------------------------------------------------
data required time                                                         0.000
data arrival time                                                         -1.999
--------------------------------------------------------------------------------
slack (VIOLATED)                                                          -1.999


#Path 11
Startpoint: dff.Q[0] (dffre clocked by CLK_IN)
Endpoint  : out:dff.outpad[0] (.output clocked by CLK_IN)
Path Type : setup

Point                                                             Incr      Path
--------------------------------------------------------------------------------
clock CLK_IN (rise edge)                          0.000     0.000
clock source latency                                             0.000     0.000
CLK_IN.inpad[0] (.input)                          0.000     0.000
dff.C[0] (dffre)                                                 0.890     0.890
dff.Q[0] (dffre) [clock-to-output]                               0.154     1.044
out:dff.outpad[0] (.output)                                      0.890     1.935
data arrival time                                                          1.935

clock CLK_IN (rise edge)                          0.000     0.000
clock source latency                                             0.000     0.000
clock uncertainty                                                0.000     0.000
output external delay                                            0.000     0.000
data required time                                                         0.000
--------------------------------------------------------------------------------
data required time                                                         0.000
data arrival time                                                         -1.935
--------------------------------------------------------------------------------
slack (VIOLATED)                                                          -1.935


#Path 12
Startpoint: in.inpad[0] (.input clocked by CLK_IN)
Endpoint  : dff.D[0] (dffre clocked by CLK_IN)
Path Type : setup

Point                                                             Incr      Path
--------------------------------------------------------------------------------
clock CLK_IN (rise edge)                          0.000     0.000
clock source latency                                             0.000     0.000
input external delay                                             0.000     0.000
in.inpad[0] (.input)                                       0.000     0.000
$abc$192$li0_li0.in[0] (.names)                                  0.890     0.890
$abc$192$li0_li0.out[0] (.names)                                 0.218     1.109
dff.D[0] (dffre)                                                 0.890     1.999
data arrival time                                                          1.999

clock CLK_IN (rise edge)                          0.000     0.000
clock source latency                                             0.000     0.000
CLK_IN.inpad[0] (.input)                          0.000     0.000
dff.C[0] (dffre)                                                 0.890     0.890
clock uncertainty                                                0.000     0.890
cell setup time                                                 -0.032     0.859
data required time                                                         0.859
--------------------------------------------------------------------------------
data required time                                                         0.859
data arrival time                                                         -1.999
--------------------------------------------------------------------------------
slack (VIOLATED)                                                          -1.140


#End of timing report
