/*******************************************************************************
Copyright (c) 2022-2024 Rapid Silicon
This source code contains proprietary information belonging to Rapid Silicon
(the "licensor") released under license and non-disclosure agreement to the
recipient (the "licensee").

The information shared and protected by the license and non-disclosure agreement
includes but is not limited to the following:
* operational algorithms of the product
* logos, graphics, source code, and visual presentation of the product
* confidential operational information of the licensor

The recipient of this source code is NOT permitted to publicly disclose,
re-use, archive beyond the period of the license agreement, transfer to a
sub-licensee, or re-implement any portion of the content covered by the license
and non-disclosure agreement without the prior written consent of the licensor.
*********************************************************************************/

Version  : 2024.05
Build    : 1.0.67
Hash     : 74decee
Date     : May 29 2024
Type     : Engineering
Log Time   : Wed May 29 10:18:13 2024 GMT

[ 15:18:13 ] Analysis has started
[ 15:18:13 ] Command: /nfs_eda_sw/softwares/Raptor/instl_dir/05_29_2024_09_15_01/bin/yosys -s /nfs_scratch/scratch/CompilerValidation/abdul_hameed/1NEW/1111111111111111/Validation/RTL_testcases/Memory_Designs/ram_simple_dp_synch_undefined_collision_1024x32/EDA-2901/ram_simple_dp_synch_undefined_collision_1024x32/run_1/synth_1_1/analysis/ram_simple_dp_synch_undefined_collision_1024x32_analyzer.cmd
[ 15:18:14 ] Duration: 88 ms. Max utilization: 44 MB
[ 15:18:14 ] Synthesize has started
[ 15:18:14 ] Command: /nfs_eda_sw/softwares/Raptor/instl_dir/05_29_2024_09_15_01/bin/yosys -s ram_simple_dp_synch_undefined_collision_1024x32.ys -l ram_simple_dp_synch_undefined_collision_1024x32_synth.log
[ 15:18:25 ] Duration: 11701 ms. Max utilization: 65 MB
[ 15:18:25 ] Gate Simulation has started
[ 15:18:25 ] Command: /nfs_eda_sw/softwares/Raptor/instl_dir/05_29_2024_09_15_01/bin/HDL_simulator/iverilog/bin/iverilog -DIVERILOG=1 -v -s co_sim_ram_simple_dp_synch_undefined_collision_1024x32 -I../../../.././rtl -I/nfs_scratch/scratch/CompilerValidation/abdul_hameed/1NEW/1111111111111111/Validation/RTL_testcases/Memory_Designs/ram_simple_dp_synch_undefined_collision_1024x32/EDA-2901/./rtl -I/nfs_scratch/scratch/CompilerValidation/abdul_hameed/1NEW/1111111111111111/Validation/RTL_testcases/Memory_Designs/ram_simple_dp_synch_undefined_collision_1024x32/EDA-2901/./sim/co_sim_tb -y ../../../.././rtl -Y .v -Y .sv -g2012 /nfs_scratch/scratch/CompilerValidation/abdul_hameed/1NEW/1111111111111111/Validation/RTL_testcases/Memory_Designs/ram_simple_dp_synch_undefined_collision_1024x32/EDA-2901/./sim/co_sim_tb/co_sim_ram_simple_dp_synch_undefined_collision_1024x32.v /nfs_scratch/scratch/CompilerValidation/abdul_hameed/1NEW/1111111111111111/Validation/RTL_testcases/Memory_Designs/ram_simple_dp_synch_undefined_collision_1024x32/EDA-2901/./rtl/ram_simple_dp_synch_undefined_collision_1024x32.v /nfs_scratch/scratch/CompilerValidation/abdul_hameed/1NEW/1111111111111111/Validation/RTL_testcases/Memory_Designs/ram_simple_dp_synch_undefined_collision_1024x32/EDA-2901/ram_simple_dp_synch_undefined_collision_1024x32/run_1/synth_1_1/synthesis/ram_simple_dp_synch_undefined_collision_1024x32_post_synth.v -l /nfs_eda_sw/softwares/Raptor/instl_dir/05_29_2024_09_15_01/share/raptor/sim_models/rapidsilicon/genesis3/simlib.v -l /nfs_eda_sw/softwares/Raptor/instl_dir/05_29_2024_09_15_01/share/raptor/sim_models/rapidsilicon/genesis3/brams_sim.v -l /nfs_eda_sw/softwares/Raptor/instl_dir/05_29_2024_09_15_01/share/raptor/sim_models/rapidsilicon/genesis3/llatches_sim.v -l /nfs_eda_sw/softwares/Raptor/instl_dir/05_29_2024_09_15_01/share/raptor/sim_models/rapidsilicon/genesis3/FPGA_PRIMITIVES_MODELS/sim_models/verilog/O_BUFT_DS.v -l /nfs_eda_sw/softwares/Raptor/instl_dir/05_29_2024_09_15_01/share/raptor/sim_models/rapidsilicon/genesis3/FPGA_PRIMITIVES_MODELS/sim_models/verilog/I_BUF_DS.v -l /nfs_eda_sw/softwares/Raptor/instl_dir/05_29_2024_09_15_01/share/raptor/sim_models/rapidsilicon/genesis3/FPGA_PRIMITIVES_MODELS/sim_models/verilog/DFFRE.v -l /nfs_eda_sw/softwares/Raptor/instl_dir/05_29_2024_09_15_01/share/raptor/sim_models/rapidsilicon/genesis3/FPGA_PRIMITIVES_MODELS/sim_models/verilog/O_BUF.v -l /nfs_eda_sw/softwares/Raptor/instl_dir/05_29_2024_09_15_01/share/raptor/sim_models/rapidsilicon/genesis3/FPGA_PRIMITIVES_MODELS/sim_models/verilog/LUT6.v -l /nfs_eda_sw/softwares/Raptor/instl_dir/05_29_2024_09_15_01/share/raptor/sim_models/rapidsilicon/genesis3/FPGA_PRIMITIVES_MODELS/sim_models/verilog/DSP19X2.v -l /nfs_eda_sw/softwares/Raptor/instl_dir/05_29_2024_09_15_01/share/raptor/sim_models/rapidsilicon/genesis3/FPGA_PRIMITIVES_MODELS/sim_models/verilog/O_SERDES_CLK.v -l /nfs_eda_sw/softwares/Raptor/instl_dir/05_29_2024_09_15_01/share/raptor/sim_models/rapidsilicon/genesis3/FPGA_PRIMITIVES_MODELS/sim_models/verilog/TDP_RAM36K.v -l /nfs_eda_sw/softwares/Raptor/instl_dir/05_29_2024_09_15_01/share/raptor/sim_models/rapidsilicon/genesis3/FPGA_PRIMITIVES_MODELS/sim_models/verilog/O_DDR.v -l /nfs_eda_sw/softwares/Raptor/instl_dir/05_29_2024_09_15_01/share/raptor/sim_models/rapidsilicon/genesis3/FPGA_PRIMITIVES_MODELS/sim_models/verilog/CARRY.v -l /nfs_eda_sw/softwares/Raptor/instl_dir/05_29_2024_09_15_01/share/raptor/sim_models/rapidsilicon/genesis3/FPGA_PRIMITIVES_MODELS/sim_models/verilog/SOC_FPGA_TEMPERATURE.v -l /nfs_eda_sw/softwares/Raptor/instl_dir/05_29_2024_09_15_01/share/raptor/sim_models/rapidsilicon/genesis3/FPGA_PRIMITIVES_MODELS/sim_models/verilog/DFFNRE.v -l /nfs_eda_sw/softwares/Raptor/instl_dir/05_29_2024_09_15_01/share/raptor/sim_models/rapidsilicon/genesis3/FPGA_PRIMITIVES_MODELS/sim_models/verilog/BOOT_CLOCK.v -l /nfs_eda_sw/softwares/Raptor/instl_dir/05_29_2024_09_15_01/share/raptor/sim_models/rapidsilicon/genesis3/FPGA_PRIMITIVES_MODELS/sim_models/verilog/LUT4.v -l /nfs_eda_sw/softwares/Raptor/instl_dir/05_29_2024_09_15_01/share/raptor/sim_models/rapidsilicon/genesis3/FPGA_PRIMITIVES_MODELS/sim_models/verilog/O_DELAY.v -l /nfs_eda_sw/softwares/Raptor/instl_dir/05_29_2024_09_15_01/share/raptor/sim_models/rapidsilicon/genesis3/FPGA_PRIMITIVES_MODELS/sim_models/verilog/LUT5.v -l /nfs_eda_sw/softwares/Raptor/instl_dir/05_29_2024_09_15_01/share/raptor/sim_models/rapidsilicon/genesis3/FPGA_PRIMITIVES_MODELS/sim_models/verilog/O_BUF_DS.v -l /nfs_eda_sw/softwares/Raptor/instl_dir/05_29_2024_09_15_01/share/raptor/sim_models/rapidsilicon/genesis3/FPGA_PRIMITIVES_MODELS/sim_models/verilog/SOC_FPGA_INTF_JTAG.v -l /nfs_eda_sw/softwares/Raptor/instl_dir/05_29_2024_09_15_01/share/raptor/sim_models/rapidsilicon/genesis3/FPGA_PRIMITIVES_MODELS/sim_models/verilog/LUT1.v -l /nfs_eda_sw/softwares/Raptor/instl_dir/05_29_2024_09_15_01/share/raptor/sim_models/rapidsilicon/genesis3/FPGA_PRIMITIVES_MODELS/sim_models/verilog/PLL.v -l /nfs_eda_sw/softwares/Raptor/instl_dir/05_29_2024_09_15_01/share/raptor/sim_models/rapidsilicon/genesis3/FPGA_PRIMITIVES_MODELS/sim_models/verilog/I_SERDES.v -l /nfs_eda_sw/softwares/Raptor/instl_dir/05_29_2024_09_15_01/share/raptor/sim_models/rapidsilicon/genesis3/FPGA_PRIMITIVES_MODELS/sim_models/verilog/I_DELAY.v -l /nfs_eda_sw/softwares/Raptor/instl_dir/05_29_2024_09_15_01/share/raptor/sim_models/rapidsilicon/genesis3/FPGA_PRIMITIVES_MODELS/sim_models/verilog/O_BUFT.v -l /nfs_eda_sw/softwares/Raptor/instl_dir/05_29_2024_09_15_01/share/raptor/sim_models/rapidsilicon/genesis3/FPGA_PRIMITIVES_MODELS/sim_models/verilog/CLK_BUF.v -l /nfs_eda_sw/softwares/Raptor/instl_dir/05_29_2024_09_15_01/share/raptor/sim_models/rapidsilicon/genesis3/FPGA_PRIMITIVES_MODELS/sim_models/verilog/I_BUF.v -l /nfs_eda_sw/softwares/Raptor/instl_dir/05_29_2024_09_15_01/share/raptor/sim_models/rapidsilicon/genesis3/FPGA_PRIMITIVES_MODELS/sim_models/verilog/DSP38.v -l /nfs_eda_sw/softwares/Raptor/instl_dir/05_29_2024_09_15_01/share/raptor/sim_models/rapidsilicon/genesis3/FPGA_PRIMITIVES_MODELS/sim_models/verilog/FIFO36K.v -l /nfs_eda_sw/softwares/Raptor/instl_dir/05_29_2024_09_15_01/share/raptor/sim_models/rapidsilicon/genesis3/FPGA_PRIMITIVES_MODELS/sim_models/verilog/TDP_RAM18KX2.v -l /nfs_eda_sw/softwares/Raptor/instl_dir/05_29_2024_09_15_01/share/raptor/sim_models/rapidsilicon/genesis3/FPGA_PRIMITIVES_MODELS/sim_models/verilog/FIFO18KX2.v -l /nfs_eda_sw/softwares/Raptor/instl_dir/05_29_2024_09_15_01/share/raptor/sim_models/rapidsilicon/genesis3/FPGA_PRIMITIVES_MODELS/sim_models/verilog/LUT2.v -l /nfs_eda_sw/softwares/Raptor/instl_dir/05_29_2024_09_15_01/share/raptor/sim_models/rapidsilicon/genesis3/FPGA_PRIMITIVES_MODELS/sim_models/verilog/O_SERDES.v -l /nfs_eda_sw/softwares/Raptor/instl_dir/05_29_2024_09_15_01/share/raptor/sim_models/rapidsilicon/genesis3/FPGA_PRIMITIVES_MODELS/sim_models/verilog/LUT3.v -l /nfs_eda_sw/softwares/Raptor/instl_dir/05_29_2024_09_15_01/share/raptor/sim_models/rapidsilicon/genesis3/FPGA_PRIMITIVES_MODELS/sim_models/verilog/I_DDR.v
[ 15:18:25 ] Duration: 126 ms. Max utilization: 4 MB
[ 15:18:25 ] Command: /nfs_eda_sw/softwares/Raptor/instl_dir/05_29_2024_09_15_01/bin/HDL_simulator/iverilog/bin/vvp ./a.out -fst
[ 15:18:27 ] Duration: 1075 ms. Max utilization: 174 MB
