/*******************************************************************************
Copyright (c) 2022-2024 Rapid Silicon
This source code contains proprietary information belonging to Rapid Silicon
(the "licensor") released under license and non-disclosure agreement to the
recipient (the "licensee").

The information shared and protected by the license and non-disclosure agreement
includes but is not limited to the following:
* operational algorithms of the product
* logos, graphics, source code, and visual presentation of the product
* confidential operational information of the licensor

The recipient of this source code is NOT permitted to publicly disclose,
re-use, archive beyond the period of the license agreement, transfer to a
sub-licensee, or re-implement any portion of the content covered by the license
and non-disclosure agreement without the prior written consent of the licensor.
*********************************************************************************/

Version  : 2024.03
Build    : 1.0.17
Hash     : 7566e6a
Date     : Mar 20 2024
Type     : Engineering
Log Time   : Wed Mar 20 11:16:43 2024 GMT
#Packing pin usage report
Type: io
	Input Pin Usage:
		Max: 1.00 (0.06)
		Avg: 0.54 (0.03)
		Min: 0.00 (0.00)
		Histogram:
		[        0:      1.8) 24 (100.0%) |************************************************
		[      1.8:      3.6)  0 (  0.0%) |
		[      3.6:      5.4)  0 (  0.0%) |
		[      5.4:      7.2)  0 (  0.0%) |
		[      7.2:        9)  0 (  0.0%) |
		[        9:       11)  0 (  0.0%) |
		[       11:       13)  0 (  0.0%) |
		[       13:       14)  0 (  0.0%) |
		[       14:       16)  0 (  0.0%) |
		[       16:       18)  0 (  0.0%) |
	Output Pin Usage:
		Max: 1.00 (0.50)
		Avg: 0.46 (0.23)
		Min: 0.00 (0.00)
		Histogram:
		[        0:      0.2) 13 ( 54.2%) |************************************************
		[      0.2:      0.4)  0 (  0.0%) |
		[      0.4:      0.6)  0 (  0.0%) |
		[      0.6:      0.8)  0 (  0.0%) |
		[      0.8:        1) 11 ( 45.8%) |*****************************************
		[        1:      1.2)  0 (  0.0%) |
		[      1.2:      1.4)  0 (  0.0%) |
		[      1.4:      1.6)  0 (  0.0%) |
		[      1.6:      1.8)  0 (  0.0%) |
		[      1.8:        2)  0 (  0.0%) |

Type: clb
	Input Pin Usage:
		Max: 37.00 (0.51)
		Avg: 22.41 (0.31)
		Min: 8.00 (0.11)
		Histogram:
		[        0:      7.3)  0 (  0.0%) |
		[      7.3:       15) 35 ( 19.3%) |*****************************
		[       15:       22) 48 ( 26.5%) |****************************************
		[       22:       29) 58 ( 32.0%) |************************************************
		[       29:       36) 38 ( 21.0%) |*******************************
		[       36:       44)  2 (  1.1%) |**
		[       44:       51)  0 (  0.0%) |
		[       51:       58)  0 (  0.0%) |
		[       58:       66)  0 (  0.0%) |
		[       66:       73)  0 (  0.0%) |
	Output Pin Usage:
		Max: 16.00 (0.59)
		Avg: 9.66 (0.36)
		Min: 4.00 (0.15)
		Histogram:
		[        0:      2.7)  0 (  0.0%) |
		[      2.7:      5.4)  4 (  2.2%) |***
		[      5.4:      8.1) 63 ( 34.8%) |************************************************
		[      8.1:       11) 52 ( 28.7%) |****************************************
		[       11:       14) 46 ( 25.4%) |***********************************
		[       14:       16) 16 (  8.8%) |************
		[       16:       19)  0 (  0.0%) |
		[       19:       22)  0 (  0.0%) |
		[       22:       24)  0 (  0.0%) |
		[       24:       27)  0 (  0.0%) |

Type: bram
	Input Pin Usage:
		Max: 41.00 (0.13)
		Avg: 27.29 (0.09)
		Min: 23.00 (0.07)
		Histogram:
		[        0:       32) 20 ( 95.2%) |************************************************
		[       32:       64)  1 (  4.8%) |**
		[       64:       96)  0 (  0.0%) |
		[       96:  1.3e+02)  0 (  0.0%) |
		[  1.3e+02:  1.6e+02)  0 (  0.0%) |
		[  1.6e+02:  1.9e+02)  0 (  0.0%) |
		[  1.9e+02:  2.2e+02)  0 (  0.0%) |
		[  2.2e+02:  2.6e+02)  0 (  0.0%) |
		[  2.6e+02:  2.9e+02)  0 (  0.0%) |
		[  2.9e+02:  3.2e+02)  0 (  0.0%) |
	Output Pin Usage:
		Max: 26.00 (0.13)
		Avg: 25.52 (0.13)
		Min: 20.00 (0.10)
		Histogram:
		[        0:       19)  0 (  0.0%) |
		[       19:       39) 21 (100.0%) |************************************************
		[       39:       58)  0 (  0.0%) |
		[       58:       78)  0 (  0.0%) |
		[       78:       97)  0 (  0.0%) |
		[       97:  1.2e+02)  0 (  0.0%) |
		[  1.2e+02:  1.4e+02)  0 (  0.0%) |
		[  1.4e+02:  1.6e+02)  0 (  0.0%) |
		[  1.6e+02:  1.7e+02)  0 (  0.0%) |
		[  1.7e+02:  1.9e+02)  0 (  0.0%) |

