/*******************************************************************************
Copyright (c) 2022-2024 Rapid Silicon
This source code contains proprietary information belonging to Rapid Silicon
(the "licensor") released under license and non-disclosure agreement to the
recipient (the "licensee").

The information shared and protected by the license and non-disclosure agreement
includes but is not limited to the following:
* operational algorithms of the product
* logos, graphics, source code, and visual presentation of the product
* confidential operational information of the licensor

The recipient of this source code is NOT permitted to publicly disclose,
re-use, archive beyond the period of the license agreement, transfer to a
sub-licensee, or re-implement any portion of the content covered by the license
and non-disclosure agreement without the prior written consent of the licensor.
*********************************************************************************/

Version  : 2024.07
Build    : 1.1.38
Hash     : d0f8292
Date     : Jul 27 2024
Type     : Engineering
Log Time   : Mon Jul 29 09:59:21 2024 GMT

[ 14:59:54 ] IPGenerate has started
[ 14:59:55 ] Analysis has started
[ 14:59:55 ] Command: /nfs_eda_sw/softwares/Raptor/instl_dir/07_27_2024_09_15_01/bin/yosys -s /nfs_scratch/scratch/CompilerValidation/zaheer_ahmad/os_fpga2/Validation/RTL_testcases/IP_Catalog_Designs/ocm_sp_10x32768/results_dir/ocm_sp_10x32768/run_1/synth_1_1/analysis/ocm_sp_10x32768_analyzer.cmd
[ 14:59:55 ] Duration: 109 ms. Max utilization: 46 MB
[ 14:59:55 ] Synthesize has started
[ 14:59:55 ] Command: /nfs_eda_sw/softwares/Raptor/instl_dir/07_27_2024_09_15_01/bin/yosys -s ocm_sp_10x32768.ys -l ocm_sp_10x32768_synth.log
[ 15:00:12 ] Duration: 17532 ms. Max utilization: 67 MB
