#Packing pin usage report
Type: io
	Input Pin Usage:
		Max: 1.00 (0.06)
		Avg: 0.63 (0.03)
		Min: 0.00 (0.00)
		Histogram:
		[        0:      1.8) 3033 (100.0%) |**********************************************
		[      1.8:      3.6)    0 (  0.0%) |
		[      3.6:      5.4)    0 (  0.0%) |
		[      5.4:      7.2)    0 (  0.0%) |
		[      7.2:        9)    0 (  0.0%) |
		[        9:       11)    0 (  0.0%) |
		[       11:       13)    0 (  0.0%) |
		[       13:       14)    0 (  0.0%) |
		[       14:       16)    0 (  0.0%) |
		[       16:       18)    0 (  0.0%) |
	Output Pin Usage:
		Max: 1.00 (0.50)
		Avg: 0.37 (0.19)
		Min: 0.00 (0.00)
		Histogram:
		[        0:      0.2) 1896 ( 62.5%) |**********************************************
		[      0.2:      0.4)    0 (  0.0%) |
		[      0.4:      0.6)    0 (  0.0%) |
		[      0.6:      0.8)    0 (  0.0%) |
		[      0.8:        1) 1137 ( 37.5%) |****************************
		[        1:      1.2)    0 (  0.0%) |
		[      1.2:      1.4)    0 (  0.0%) |
		[      1.4:      1.6)    0 (  0.0%) |
		[      1.6:      1.8)    0 (  0.0%) |
		[      1.8:        2)    0 (  0.0%) |

Type: clb
	Input Pin Usage:
		Max: 45.00 (0.62)
		Avg: 30.85 (0.42)
		Min: 1.00 (0.01)
		Histogram:
		[        0:      7.3)  17 (  1.1%) |*
		[      7.3:       15)  99 (  6.4%) |******
		[       15:       22)  67 (  4.3%) |****
		[       22:       29) 293 ( 18.8%) |*******************
		[       29:       36) 725 ( 46.5%) |***********************************************
		[       36:       44) 357 ( 22.9%) |***********************
		[       44:       51)   1 (  0.1%) |
		[       51:       58)   0 (  0.0%) |
		[       58:       66)   0 (  0.0%) |
		[       66:       73)   0 (  0.0%) |
	Output Pin Usage:
		Max: 16.00 (0.59)
		Avg: 6.84 (0.25)
		Min: 1.00 (0.04)
		Histogram:
		[        0:      2.7)  61 (  3.9%) |****
		[      2.7:      5.4) 447 ( 28.7%) |*******************************
		[      5.4:      8.1) 669 ( 42.9%) |***********************************************
		[      8.1:       11) 241 ( 15.5%) |*****************
		[       11:       14)  96 (  6.2%) |*******
		[       14:       16)  45 (  2.9%) |***
		[       16:       19)   0 (  0.0%) |
		[       19:       22)   0 (  0.0%) |
		[       22:       24)   0 (  0.0%) |
		[       24:       27)   0 (  0.0%) |

