/*******************************************************************************
Copyright (c) 2022-2024 Rapid Silicon
This source code contains proprietary information belonging to Rapid Silicon
(the "licensor") released under license and non-disclosure agreement to the
recipient (the "licensee").

The information shared and protected by the license and non-disclosure agreement
includes but is not limited to the following:
* operational algorithms of the product
* logos, graphics, source code, and visual presentation of the product
* confidential operational information of the licensor

The recipient of this source code is NOT permitted to publicly disclose,
re-use, archive beyond the period of the license agreement, transfer to a
sub-licensee, or re-implement any portion of the content covered by the license
and non-disclosure agreement without the prior written consent of the licensor.
*********************************************************************************/

Version  : 2024.09
Build    : 1.2.4
Hash     : d22acb7
Date     : Sep 21 2024
Type     : Engineering
Log Time   : Sat Sep 21 11:58:12 2024 GMT
VPR FPGA Placement and Routing.
Version: 
Revision: 
Compiled: 
Compiler: GNU 11.2.1 on Linux-3.10.0-1160.90.1.el7.x86_64 x86_64
Build Info: Release VTR_ASSERT_LEVEL=2

University of Toronto
verilogtorouting.org
vtr-users@googlegroups.com
This is free open source code under MIT license.

VPR was run with the following command-line:
/nfs_eda_sw/softwares/Raptor/instl_dir/09_21_2024_09_15_01/bin/vpr /nfs_eda_sw/softwares/Raptor/instl_dir/09_21_2024_09_15_01/share/raptor/etc/devices/gemini_compact_104x68/gemini_vpr.xml /nfs_scratch/scratch/CompilerValidation/abdul_hameed/12SEPT/Validation/RTL_testcases/Benchmarking_QoR_testcases/syn2/results_dir/syn2/run_1/synth_1_1/synthesis/fabric_syn2_post_synth.eblif --sdc_file /nfs_scratch/scratch/CompilerValidation/abdul_hameed/12SEPT/Validation/RTL_testcases/Benchmarking_QoR_testcases/syn2/results_dir/syn2/run_1/synth_1_1/impl_1_1_1/packing/fabric_syn2_openfpga.sdc --route_chan_width 160 --suppress_warnings check_rr_node_warnings.log,check_rr_node --clock_modeling ideal --absorb_buffer_luts off --skip_sync_clustering_and_routing_results off --constant_net_method route --post_place_timing_report syn2_post_place_timing.rpt --device castor104x68_heterogeneous --allow_unrelated_clustering on --allow_dangling_combinational_nodes on --place_delta_delay_matrix_calculation_method dijkstra --gen_post_synthesis_netlist on --post_synth_netlist_unconn_inputs gnd --inner_loop_recompute_divider 1 --max_router_iterations 1500 --timing_report_detail detailed --timing_report_npaths 100 --top syn2 --net_file /nfs_scratch/scratch/CompilerValidation/abdul_hameed/12SEPT/Validation/RTL_testcases/Benchmarking_QoR_testcases/syn2/results_dir/syn2/run_1/synth_1_1/impl_1_1_1/packing/fabric_syn2_post_synth.net --place_file /nfs_scratch/scratch/CompilerValidation/abdul_hameed/12SEPT/Validation/RTL_testcases/Benchmarking_QoR_testcases/syn2/results_dir/syn2/run_1/synth_1_1/impl_1_1_1/placement/fabric_syn2_post_synth.place --route_file /nfs_scratch/scratch/CompilerValidation/abdul_hameed/12SEPT/Validation/RTL_testcases/Benchmarking_QoR_testcases/syn2/results_dir/syn2/run_1/synth_1_1/impl_1_1_1/routing/fabric_syn2_post_synth.route --pack

Using up to 1 parallel worker(s)

Architecture file: /nfs_eda_sw/softwares/Raptor/instl_dir/09_21_2024_09_15_01/share/raptor/etc/devices/gemini_compact_104x68/gemini_vpr.xml
Circuit name: fabric_syn2_post_synth

# Loading Architecture Description
Warning 1: Model 'io' input port 'outpad' has no timing specification (no clock specified to create a sequential input port, not combinationally connected to any outputs, not a clock input)
Warning 2: Model 'io' output port 'inpad' has no timing specification (no clock specified to create a sequential output port, not combinationally connected to any inputs, not a clock output)
Warning 3: Model 'dsp_phy' input port 'sc_in' has no timing specification (no clock specified to create a sequential input port, not combinationally connected to any outputs, not a clock input)
Warning 4: Model 'dsp_phy' input port 'lreset' has no timing specification (no clock specified to create a sequential input port, not combinationally connected to any outputs, not a clock input)
Warning 5: Model 'dsp_phy' output port 'sc_out' has no timing specification (no clock specified to create a sequential output port, not combinationally connected to any inputs, not a clock output)
Warning 6: Model 'RS_DSP_MULT' input port 'feedback' has no timing specification (no clock specified to create a sequential input port, not combinationally connected to any outputs, not a clock input)
Warning 7: Model 'RS_DSP_MULT' input port 'unsigned_b' has no timing specification (no clock specified to create a sequential input port, not combinationally connected to any outputs, not a clock input)
Warning 8: Model 'RS_DSP_MULT' input port 'unsigned_a' has no timing specification (no clock specified to create a sequential input port, not combinationally connected to any outputs, not a clock input)
Warning 9: Model 'RS_DSP_MULT_REGIN' input port 'lreset' has no timing specification (no clock specified to create a sequential input port, not combinationally connected to any outputs, not a clock input)
Warning 10: Model 'RS_DSP_MULT_REGIN' input port 'unsigned_b' has no timing specification (no clock specified to create a sequential input port, not combinationally connected to any outputs, not a clock input)
Warning 11: Model 'RS_DSP_MULT_REGIN' input port 'unsigned_a' has no timing specification (no clock specified to create a sequential input port, not combinationally connected to any outputs, not a clock input)
Warning 12: Model 'RS_DSP_MULT_REGOUT' input port 'lreset' has no timing specification (no clock specified to create a sequential input port, not combinationally connected to any outputs, not a clock input)
Warning 13: Model 'RS_DSP_MULT_REGOUT' input port 'unsigned_b' has no timing specification (no clock specified to create a sequential input port, not combinationally connected to any outputs, not a clock input)
Warning 14: Model 'RS_DSP_MULT_REGOUT' input port 'unsigned_a' has no timing specification (no clock specified to create a sequential input port, not combinationally connected to any outputs, not a clock input)
Warning 15: Model 'RS_DSP_MULT_REGIN_REGOUT' input port 'lreset' has no timing specification (no clock specified to create a sequential input port, not combinationally connected to any outputs, not a clock input)
Warning 16: Model 'RS_DSP_MULT_REGIN_REGOUT' input port 'unsigned_b' has no timing specification (no clock specified to create a sequential input port, not combinationally connected to any outputs, not a clock input)
Warning 17: Model 'RS_DSP_MULT_REGIN_REGOUT' input port 'unsigned_a' has no timing specification (no clock specified to create a sequential input port, not combinationally connected to any outputs, not a clock input)
Warning 18: Model 'RS_DSP_MULTADD' input port 'round' has no timing specification (no clock specified to create a sequential input port, not combinationally connected to any outputs, not a clock input)
Warning 19: Model 'RS_DSP_MULTADD' input port 'shift_right' has no timing specification (no clock specified to create a sequential input port, not combinationally connected to any outputs, not a clock input)
Warning 20: Model 'RS_DSP_MULTADD' input port 'saturate_enable' has no timing specification (no clock specified to create a sequential input port, not combinationally connected to any outputs, not a clock input)
Warning 21: Model 'RS_DSP_MULTADD' input port 'lreset' has no timing specification (no clock specified to create a sequential input port, not combinationally connected to any outputs, not a clock input)
Warning 22: Model 'RS_DSP_MULTADD' input port 'unsigned_b' has no timing specification (no clock specified to create a sequential input port, not combinationally connected to any outputs, not a clock input)
Warning 23: Model 'RS_DSP_MULTADD' input port 'unsigned_a' has no timing specification (no clock specified to create a sequential input port, not combinationally connected to any outputs, not a clock input)
Warning 24: Model 'RS_DSP_MULTADD_REGIN' input port 'round' has no timing specification (no clock specified to create a sequential input port, not combinationally connected to any outputs, not a clock input)
Warning 25: Model 'RS_DSP_MULTADD_REGIN' input port 'shift_right' has no timing specification (no clock specified to create a sequential input port, not combinationally connected to any outputs, not a clock input)
Warning 26: Model 'RS_DSP_MULTADD_REGIN' input port 'saturate_enable' has no timing specification (no clock specified to create a sequential input port, not combinationally connected to any outputs, not a clock input)
Warning 27: Model 'RS_DSP_MULTADD_REGIN' input port 'lreset' has no timing specification (no clock specified to create a sequential input port, not combinationally connected to any outputs, not a clock input)
Warning 28: Model 'RS_DSP_MULTADD_REGIN' input port 'unsigned_b' has no timing specification (no clock specified to create a sequential input port, not combinationally connected to any outputs, not a clock input)
Warning 29: Model 'RS_DSP_MULTADD_REGIN' input port 'unsigned_a' has no timing specification (no clock specified to create a sequential input port, not combinationally connected to any outputs, not a clock input)
Warning 30: Model 'RS_DSP_MULTADD_REGOUT' input port 'round' has no timing specification (no clock specified to create a sequential input port, not combinationally connected to any outputs, not a clock input)
Warning 31: Model 'RS_DSP_MULTADD_REGOUT' input port 'shift_right' has no timing specification (no clock specified to create a sequential input port, not combinationally connected to any outputs, not a clock input)
Warning 32: Model 'RS_DSP_MULTADD_REGOUT' input port 'saturate_enable' has no timing specification (no clock specified to create a sequential input port, not combinationally connected to any outputs, not a clock input)
Warning 33: Model 'RS_DSP_MULTADD_REGOUT' input port 'lreset' has no timing specification (no clock specified to create a sequential input port, not combinationally connected to any outputs, not a clock input)
Warning 34: Model 'RS_DSP_MULTADD_REGOUT' input port 'unsigned_b' has no timing specification (no clock specified to create a sequential input port, not combinationally connected to any outputs, not a clock input)
Warning 35: Model 'RS_DSP_MULTADD_REGOUT' input port 'unsigned_a' has no timing specification (no clock specified to create a sequential input port, not combinationally connected to any outputs, not a clock input)
Warning 36: Model 'RS_DSP_MULTADD_REGIN_REGOUT' input port 'round' has no timing specification (no clock specified to create a sequential input port, not combinationally connected to any outputs, not a clock input)
Warning 37: Model 'RS_DSP_MULTADD_REGIN_REGOUT' input port 'shift_right' has no timing specification (no clock specified to create a sequential input port, not combinationally connected to any outputs, not a clock input)
Warning 38: Model 'RS_DSP_MULTADD_REGIN_REGOUT' input port 'saturate_enable' has no timing specification (no clock specified to create a sequential input port, not combinationally connected to any outputs, not a clock input)
Warning 39: Model 'RS_DSP_MULTADD_REGIN_REGOUT' input port 'lreset' has no timing specification (no clock specified to create a sequential input port, not combinationally connected to any outputs, not a clock input)
Warning 40: Model 'RS_DSP_MULTADD_REGIN_REGOUT' input port 'unsigned_b' has no timing specification (no clock specified to create a sequential input port, not combinationally connected to any outputs, not a clock input)
Warning 41: Model 'RS_DSP_MULTADD_REGIN_REGOUT' input port 'unsigned_a' has no timing specification (no clock specified to create a sequential input port, not combinationally connected to any outputs, not a clock input)
Warning 42: Model 'RS_DSP_MULTACC' input port 'round' has no timing specification (no clock specified to create a sequential input port, not combinationally connected to any outputs, not a clock input)
Warning 43: Model 'RS_DSP_MULTACC' input port 'shift_right' has no timing specification (no clock specified to create a sequential input port, not combinationally connected to any outputs, not a clock input)
Warning 44: Model 'RS_DSP_MULTACC' input port 'saturate_enable' has no timing specification (no clock specified to create a sequential input port, not combinationally connected to any outputs, not a clock input)
Warning 45: Model 'RS_DSP_MULTACC' input port 'lreset' has no timing specification (no clock specified to create a sequential input port, not combinationally connected to any outputs, not a clock input)
Warning 46: Model 'RS_DSP_MULTACC' input port 'unsigned_b' has no timing specification (no clock specified to create a sequential input port, not combinationally connected to any outputs, not a clock input)
Warning 47: Model 'RS_DSP_MULTACC' input port 'unsigned_a' has no timing specification (no clock specified to create a sequential input port, not combinationally connected to any outputs, not a clock input)
Warning 48: Model 'RS_DSP_MULTACC_REGIN' input port 'round' has no timing specification (no clock specified to create a sequential input port, not combinationally connected to any outputs, not a clock input)
Warning 49: Model 'RS_DSP_MULTACC_REGIN' input port 'shift_right' has no timing specification (no clock specified to create a sequential input port, not combinationally connected to any outputs, not a clock input)
Warning 50: Model 'RS_DSP_MULTACC_REGIN' input port 'saturate_enable' has no timing specification (no clock specified to create a sequential input port, not combinationally connected to any outputs, not a clock input)
Warning 51: Model 'RS_DSP_MULTACC_REGIN' input port 'lreset' has no timing specification (no clock specified to create a sequential input port, not combinationally connected to any outputs, not a clock input)
Warning 52: Model 'RS_DSP_MULTACC_REGIN' input port 'unsigned_b' has no timing specification (no clock specified to create a sequential input port, not combinationally connected to any outputs, not a clock input)
Warning 53: Model 'RS_DSP_MULTACC_REGIN' input port 'unsigned_a' has no timing specification (no clock specified to create a sequential input port, not combinationally connected to any outputs, not a clock input)
Warning 54: Model 'RS_DSP_MULTACC_REGOUT' input port 'round' has no timing specification (no clock specified to create a sequential input port, not combinationally connected to any outputs, not a clock input)
Warning 55: Model 'RS_DSP_MULTACC_REGOUT' input port 'shift_right' has no timing specification (no clock specified to create a sequential input port, not combinationally connected to any outputs, not a clock input)
Warning 56: Model 'RS_DSP_MULTACC_REGOUT' input port 'saturate_enable' has no timing specification (no clock specified to create a sequential input port, not combinationally connected to any outputs, not a clock input)
Warning 57: Model 'RS_DSP_MULTACC_REGOUT' input port 'lreset' has no timing specification (no clock specified to create a sequential input port, not combinationally connected to any outputs, not a clock input)
Warning 58: Model 'RS_DSP_MULTACC_REGOUT' input port 'unsigned_b' has no timing specification (no clock specified to create a sequential input port, not combinationally connected to any outputs, not a clock input)
Warning 59: Model 'RS_DSP_MULTACC_REGOUT' input port 'unsigned_a' has no timing specification (no clock specified to create a sequential input port, not combinationally connected to any outputs, not a clock input)
Warning 60: Model 'RS_DSP_MULTACC_REGIN_REGOUT' input port 'round' has no timing specification (no clock specified to create a sequential input port, not combinationally connected to any outputs, not a clock input)
Warning 61: Model 'RS_DSP_MULTACC_REGIN_REGOUT' input port 'shift_right' has no timing specification (no clock specified to create a sequential input port, not combinationally connected to any outputs, not a clock input)
Warning 62: Model 'RS_DSP_MULTACC_REGIN_REGOUT' input port 'saturate_enable' has no timing specification (no clock specified to create a sequential input port, not combinationally connected to any outputs, not a clock input)
Warning 63: Model 'RS_DSP_MULTACC_REGIN_REGOUT' input port 'lreset' has no timing specification (no clock specified to create a sequential input port, not combinationally connected to any outputs, not a clock input)
Warning 64: Model 'RS_DSP_MULTACC_REGIN_REGOUT' input port 'unsigned_b' has no timing specification (no clock specified to create a sequential input port, not combinationally connected to any outputs, not a clock input)
Warning 65: Model 'RS_DSP_MULTACC_REGIN_REGOUT' input port 'unsigned_a' has no timing specification (no clock specified to create a sequential input port, not combinationally connected to any outputs, not a clock input)
Warning 66: Model 'bram_phy' input port 'sc_in' has no timing specification (no clock specified to create a sequential input port, not combinationally connected to any outputs, not a clock input)
Warning 67: Model 'bram_phy' output port 'sc_out' has no timing specification (no clock specified to create a sequential output port, not combinationally connected to any inputs, not a clock output)
Warning 68: Model 'bram_phy' output port 'PL_DATA_o' has no timing specification (no clock specified to create a sequential output port, not combinationally connected to any inputs, not a clock output)
Warning 69: Model 'bram_phy' output port 'PL_ADDR_o' has no timing specification (no clock specified to create a sequential output port, not combinationally connected to any inputs, not a clock output)
Warning 70: Model 'bram_phy' output port 'PL_WEN_o' has no timing specification (no clock specified to create a sequential output port, not combinationally connected to any inputs, not a clock output)
Warning 71: Model 'bram_phy' output port 'PL_CLK_o' has no timing specification (no clock specified to create a sequential output port, not combinationally connected to any inputs, not a clock output)
Warning 72: Model 'bram_phy' output port 'PL_REN_o' has no timing specification (no clock specified to create a sequential output port, not combinationally connected to any inputs, not a clock output)
Warning 73: Model 'bram_phy' output port 'PL_ENA_o' has no timing specification (no clock specified to create a sequential output port, not combinationally connected to any inputs, not a clock output)
Warning 74: Model 'bram_phy' output port 'PL_INIT_o' has no timing specification (no clock specified to create a sequential output port, not combinationally connected to any inputs, not a clock output)
mode 'io[physical]' is defined by user to be disabled in packing
mode 'iopad[default]' is defined by user to be disabled in packing
mode 'fle[physical]' is defined by user to be disabled in packing
mode 'fabric[default]' is defined by user to be disabled in packing
mode 'ff_bypass[default]' is defined by user to be disabled in packing
mode 'dsp_lr[physical]' is defined by user to be disabled in packing
mode 'bram_lr[physical]' is defined by user to be disabled in packing
# Loading Architecture Description took 0.07 seconds (max_rss 58.2 MiB, delta_rss +0.0 MiB)

Timing analysis: ON
Circuit netlist file: /nfs_scratch/scratch/CompilerValidation/abdul_hameed/12SEPT/Validation/RTL_testcases/Benchmarking_QoR_testcases/syn2/results_dir/syn2/run_1/synth_1_1/impl_1_1_1/packing/fabric_syn2_post_synth.net
Circuit placement file: /nfs_scratch/scratch/CompilerValidation/abdul_hameed/12SEPT/Validation/RTL_testcases/Benchmarking_QoR_testcases/syn2/results_dir/syn2/run_1/synth_1_1/impl_1_1_1/placement/fabric_syn2_post_synth.place
Circuit routing file: /nfs_scratch/scratch/CompilerValidation/abdul_hameed/12SEPT/Validation/RTL_testcases/Benchmarking_QoR_testcases/syn2/results_dir/syn2/run_1/synth_1_1/impl_1_1_1/routing/fabric_syn2_post_synth.route
Circuit SDC file: /nfs_scratch/scratch/CompilerValidation/abdul_hameed/12SEPT/Validation/RTL_testcases/Benchmarking_QoR_testcases/syn2/results_dir/syn2/run_1/synth_1_1/impl_1_1_1/packing/fabric_syn2_openfpga.sdc
Vpr floorplanning constraints file: not specified

Packer: ENABLED
Placer: DISABLED
Router: DISABLED
Analysis: DISABLED

VPR was run with the following options:

NetlistOpts.abosrb_buffer_luts            : false
NetlistOpts.sweep_dangling_primary_ios    : true
NetlistOpts.sweep_dangling_nets           : true
NetlistOpts.sweep_dangling_blocks         : true
NetlistOpts.sweep_constant_primary_outputs: false
NetlistOpts.netlist_verbosity             : 1
NetlistOpts.const_gen_inference           : COMB_SEQ

PackerOpts.allow_unrelated_clustering: true
PackerOpts.alpha_clustering: 0.750000
PackerOpts.beta_clustering: 0.900000
PackerOpts.cluster_seed_type: BLEND2
PackerOpts.connection_driven: true
PackerOpts.global_clocks: true
PackerOpts.hill_climbing_flag: false
PackerOpts.inter_cluster_net_delay: 1.000000
PackerOpts.timing_driven: true
PackerOpts.target_external_pin_util: auto

# Building complex block graph
Warning 75: clb[0].sr_in[0] unconnected pin in architecture.
Warning 76: clb[0].sr_out[0] unconnected pin in architecture.
Warning 77: dsp[0].sr_in[0] unconnected pin in architecture.
Warning 78: dsp[0].sr_in[1] unconnected pin in architecture.
Warning 79: dsp[0].sr_in[2] unconnected pin in architecture.
Warning 80: dsp[0].sr_out[0] unconnected pin in architecture.
Warning 81: dsp[0].sr_out[1] unconnected pin in architecture.
Warning 82: dsp[0].sr_out[2] unconnected pin in architecture.
Warning 83: bram[0].sr_in[0] unconnected pin in architecture.
Warning 84: bram[0].sr_in[1] unconnected pin in architecture.
Warning 85: bram[0].sr_in[2] unconnected pin in architecture.
Warning 86: bram[0].sr_in[3] unconnected pin in architecture.
Warning 87: bram[0].sr_in[4] unconnected pin in architecture.
Warning 88: bram[0].sr_in[5] unconnected pin in architecture.
Warning 89: bram[0].plr_i[0] unconnected pin in architecture.
Warning 90: bram[0].plr_i[1] unconnected pin in architecture.
Warning 91: bram[0].plr_i[2] unconnected pin in architecture.
Warning 92: bram[0].plr_i[3] unconnected pin in architecture.
Warning 93: bram[0].plr_i[4] unconnected pin in architecture.
Warning 94: bram[0].plr_i[5] unconnected pin in architecture.
Warning 95: bram[0].plr_i[6] unconnected pin in architecture.
Warning 96: bram[0].plr_i[7] unconnected pin in architecture.
Warning 97: bram[0].plr_i[8] unconnected pin in architecture.
Warning 98: bram[0].plr_i[9] unconnected pin in architecture.
Warning 99: bram[0].plr_i[10] unconnected pin in architecture.
Warning 100: bram[0].plr_i[11] unconnected pin in architecture.
Warning 101: bram[0].plr_i[12] unconnected pin in architecture.
Warning 102: bram[0].plr_i[13] unconnected pin in architecture.
Warning 103: bram[0].plr_i[14] unconnected pin in architecture.
Warning 104: bram[0].plr_i[15] unconnected pin in architecture.
Warning 105: bram[0].plr_i[16] unconnected pin in architecture.
Warning 106: bram[0].plr_i[17] unconnected pin in architecture.
Warning 107: bram[0].plr_i[18] unconnected pin in architecture.
Warning 108: bram[0].plr_i[19] unconnected pin in architecture.
Warning 109: bram[0].plr_i[20] unconnected pin in architecture.
Warning 110: bram[0].plr_i[21] unconnected pin in architecture.
Warning 111: bram[0].plr_i[22] unconnected pin in architecture.
Warning 112: bram[0].plr_i[23] unconnected pin in architecture.
Warning 113: bram[0].plr_i[24] unconnected pin in architecture.
Warning 114: bram[0].plr_i[25] unconnected pin in architecture.
Warning 115: bram[0].plr_i[26] unconnected pin in architecture.
Warning 116: bram[0].plr_i[27] unconnected pin in architecture.
Warning 117: bram[0].plr_i[28] unconnected pin in architecture.
Warning 118: bram[0].plr_i[29] unconnected pin in architecture.
Warning 119: bram[0].plr_i[30] unconnected pin in architecture.
Warning 120: bram[0].plr_i[31] unconnected pin in architecture.
Warning 121: bram[0].plr_i[32] unconnected pin in architecture.
Warning 122: bram[0].plr_i[33] unconnected pin in architecture.
Warning 123: bram[0].plr_i[34] unconnected pin in architecture.
Warning 124: bram[0].plr_i[35] unconnected pin in architecture.
Warning 125: bram[0].sr_out[0] unconnected pin in architecture.
Warning 126: bram[0].sr_out[1] unconnected pin in architecture.
Warning 127: bram[0].sr_out[2] unconnected pin in architecture.
Warning 128: bram[0].sr_out[3] unconnected pin in architecture.
Warning 129: bram[0].sr_out[4] unconnected pin in architecture.
Warning 130: bram[0].sr_out[5] unconnected pin in architecture.
Warning 131: bram[0].plr_o[0] unconnected pin in architecture.
Warning 132: bram[0].plr_o[1] unconnected pin in architecture.
Warning 133: bram[0].plr_o[2] unconnected pin in architecture.
Warning 134: bram[0].plr_o[3] unconnected pin in architecture.
Warning 135: bram[0].plr_o[4] unconnected pin in architecture.
Warning 136: bram[0].plr_o[5] unconnected pin in architecture.
Warning 137: bram[0].plr_o[6] unconnected pin in architecture.
Warning 138: bram[0].plr_o[7] unconnected pin in architecture.
Warning 139: bram[0].plr_o[8] unconnected pin in architecture.
Warning 140: bram[0].plr_o[9] unconnected pin in architecture.
Warning 141: bram[0].plr_o[10] unconnected pin in architecture.
Warning 142: bram[0].plr_o[11] unconnected pin in architecture.
Warning 143: bram[0].plr_o[12] unconnected pin in architecture.
Warning 144: bram[0].plr_o[13] unconnected pin in architecture.
Warning 145: bram[0].plr_o[14] unconnected pin in architecture.
Warning 146: bram[0].plr_o[15] unconnected pin in architecture.
Warning 147: bram[0].plr_o[16] unconnected pin in architecture.
Warning 148: bram[0].plr_o[17] unconnected pin in architecture.
Warning 149: bram[0].plr_o[18] unconnected pin in architecture.
Warning 150: bram[0].plr_o[19] unconnected pin in architecture.
Warning 151: bram[0].plr_o[20] unconnected pin in architecture.
Warning 152: bram[0].plr_o[21] unconnected pin in architecture.
Warning 153: bram[0].plr_o[22] unconnected pin in architecture.
Warning 154: bram[0].plr_o[23] unconnected pin in architecture.
Warning 155: bram[0].plr_o[24] unconnected pin in architecture.
Warning 156: bram[0].plr_o[25] unconnected pin in architecture.
Warning 157: bram[0].plr_o[26] unconnected pin in architecture.
Warning 158: bram[0].plr_o[27] unconnected pin in architecture.
Warning 159: bram[0].plr_o[28] unconnected pin in architecture.
Warning 160: bram[0].plr_o[29] unconnected pin in architecture.
Warning 161: bram[0].plr_o[30] unconnected pin in architecture.
Warning 162: bram[0].plr_o[31] unconnected pin in architecture.
Warning 163: bram[0].plr_o[32] unconnected pin in architecture.
Warning 164: bram[0].plr_o[33] unconnected pin in architecture.
Warning 165: bram[0].plr_o[34] unconnected pin in architecture.
Warning 166: bram[0].plr_o[35] unconnected pin in architecture.
# Building complex block graph took 0.04 seconds (max_rss 58.2 MiB, delta_rss +0.0 MiB)
Circuit file: /nfs_scratch/scratch/CompilerValidation/abdul_hameed/12SEPT/Validation/RTL_testcases/Benchmarking_QoR_testcases/syn2/results_dir/syn2/run_1/synth_1_1/synthesis/fabric_syn2_post_synth.eblif
# Load circuit
Found constant-zero generator '$false'
Found constant-one generator '$true'
Found constant-zero generator '$undef'
# Load circuit took 0.73 seconds (max_rss 62.3 MiB, delta_rss +4.1 MiB)
# Clean circuit
Inferred    0 additional primitive pins as constant generators since they have no combinationally connected inputs
Inferred  314 additional primitive pins as constant generators due to constant inputs
Inferred    0 additional primitive pins as constant generators since they have no combinationally connected inputs
Inferred    0 additional primitive pins as constant generators due to constant inputs
Swept input(s)      : 0
Swept output(s)     : 0 (0 dangling, 0 constant)
Swept net(s)        : 230
Swept block(s)      : 0
Constant Pins Marked: 314
# Clean circuit took 0.01 seconds (max_rss 62.3 MiB, delta_rss +0.0 MiB)
# Compress circuit
# Compress circuit took 0.06 seconds (max_rss 62.3 MiB, delta_rss +0.0 MiB)
# Verify circuit
# Verify circuit took 0.01 seconds (max_rss 62.3 MiB, delta_rss +0.0 MiB)
Circuit Statistics:
  Blocks: 11686
    .input                  :     162
    .output                 :     419
    0-LUT                   :       3
    6-LUT                   :    8340
    RS_DSP_MULT_REGIN_REGOUT:       4
    adder_carry             :     530
    dffre                   :    2228
  Nets  : 11675
    Avg Fanout:     4.3
    Max Fanout:  4770.0
    Min Fanout:     1.0
  Netlist Clocks: 1
# Build Timing Graph
  Timing Graph Nodes: 62109
  Timing Graph Edges: 106557
  Timing Graph Levels: 82
# Build Timing Graph took 0.18 seconds (max_rss 62.3 MiB, delta_rss +0.0 MiB)
Netlist contains 1 clocks
  Netlist Clock 'clock' Fanout: 2232 pins (3.6%), 2232 blocks (19.1%)
# Load Timing Constraints

Applied 1 SDC commands from '/nfs_scratch/scratch/CompilerValidation/abdul_hameed/12SEPT/Validation/RTL_testcases/Benchmarking_QoR_testcases/syn2/results_dir/syn2/run_1/synth_1_1/impl_1_1_1/packing/fabric_syn2_openfpga.sdc'
Timing constraints created 1 clocks
  Constrained Clock 'clock' Source: 'clock.inpad[0]'

# Load Timing Constraints took 0.02 seconds (max_rss 62.3 MiB, delta_rss +0.0 MiB)
# Packing
Begin packing '/nfs_scratch/scratch/CompilerValidation/abdul_hameed/12SEPT/Validation/RTL_testcases/Benchmarking_QoR_testcases/syn2/results_dir/syn2/run_1/synth_1_1/synthesis/fabric_syn2_post_synth.eblif'.

After removing unused inputs...
	total blocks: 11686, total nets: 11675, total inputs: 162, total outputs: 419
Begin prepacking.

There is one chain in this architecture called "carrychain" with the following starting points:
	clb[0]/clb_lr[0]/fle[0]/adder[0]/adder_carry[0].cin[0]

0 attraction groups were created during prepacking.
Finish prepacking.
Using inter-cluster delay: 8.9048e-10
Packing with pin utilization targets: io_top:1,1 io_right:1,1 io_bottom:1,1 io_left:1,1 clb:0.8,1 dsp:1,1 bram:1,1
Packing with high fanout thresholds: io_top:128 io_right:128 io_bottom:128 io_left:128 clb:32 dsp:128 bram:128
Warning 167: 161 timing startpoints were not constrained during timing analysis
Warning 168: 675 timing endpoints were not constrained during timing analysis
Starting Clustering - Clustering Progress: 
-------------------   --------------------------   ---------
Molecules processed   Number of clusters created   FPGA size
-------------------   --------------------------   ---------
   408/10205     3%                           36   106 x 70    
Failed route at end, repack cluster trying detailed routing at each stage.
Failed route at end, repack cluster trying detailed routing at each stage.
Failed route at end, repack cluster trying detailed routing at each stage.
Failed route at end, repack cluster trying detailed routing at each stage.
Failed route at end, repack cluster trying detailed routing at each stage.
Failed route at end, repack cluster trying detailed routing at each stage.
Failed route at end, repack cluster trying detailed routing at each stage.
   816/10205     7%                           74   106 x 70    
Failed route at end, repack cluster trying detailed routing at each stage.
Failed route at end, repack cluster trying detailed routing at each stage.
Failed route at end, repack cluster trying detailed routing at each stage.
Failed route at end, repack cluster trying detailed routing at each stage.
Failed route at end, repack cluster trying detailed routing at each stage.
Failed route at end, repack cluster trying detailed routing at each stage.
Failed route at end, repack cluster trying detailed routing at each stage.
Failed route at end, repack cluster trying detailed routing at each stage.
Failed route at end, repack cluster trying detailed routing at each stage.
Failed route at end, repack cluster trying detailed routing at each stage.
Failed route at end, repack cluster trying detailed routing at each stage.
Failed route at end, repack cluster trying detailed routing at each stage.
Failed route at end, repack cluster trying detailed routing at each stage.
Failed route at end, repack cluster trying detailed routing at each stage.
Failed route at end, repack cluster trying detailed routing at each stage.
Failed route at end, repack cluster trying detailed routing at each stage.
  1224/10205    11%                           95   106 x 70    
Failed route at end, repack cluster trying detailed routing at each stage.
Failed route at end, repack cluster trying detailed routing at each stage.
Failed route at end, repack cluster trying detailed routing at each stage.
Failed route at end, repack cluster trying detailed routing at each stage.
Failed route at end, repack cluster trying detailed routing at each stage.
Failed route at end, repack cluster trying detailed routing at each stage.
Failed route at end, repack cluster trying detailed routing at each stage.
Failed route at end, repack cluster trying detailed routing at each stage.
Failed route at end, repack cluster trying detailed routing at each stage.
Failed route at end, repack cluster trying detailed routing at each stage.
Failed route at end, repack cluster trying detailed routing at each stage.
Failed route at end, repack cluster trying detailed routing at each stage.
Failed route at end, repack cluster trying detailed routing at each stage.
Failed route at end, repack cluster trying detailed routing at each stage.
Failed route at end, repack cluster trying detailed routing at each stage.
Failed route at end, repack cluster trying detailed routing at each stage.
Failed route at end, repack cluster trying detailed routing at each stage.
  1632/10205    15%                          113   106 x 70    
Failed route at end, repack cluster trying detailed routing at each stage.
Failed route at end, repack cluster trying detailed routing at each stage.
Failed route at end, repack cluster trying detailed routing at each stage.
Failed route at end, repack cluster trying detailed routing at each stage.
Failed route at end, repack cluster trying detailed routing at each stage.
Failed route at end, repack cluster trying detailed routing at each stage.
Failed route at end, repack cluster trying detailed routing at each stage.
Failed route at end, repack cluster trying detailed routing at each stage.
Failed route at end, repack cluster trying detailed routing at each stage.
Failed route at end, repack cluster trying detailed routing at each stage.
Failed route at end, repack cluster trying detailed routing at each stage.
Failed route at end, repack cluster trying detailed routing at each stage.
Failed route at end, repack cluster trying detailed routing at each stage.
Failed route at end, repack cluster trying detailed routing at each stage.
Failed route at end, repack cluster trying detailed routing at each stage.
Failed route at end, repack cluster trying detailed routing at each stage.
  2040/10205    19%                          132   106 x 70    
Failed route at end, repack cluster trying detailed routing at each stage.
Failed route at end, repack cluster trying detailed routing at each stage.
Failed route at end, repack cluster trying detailed routing at each stage.
Failed route at end, repack cluster trying detailed routing at each stage.
Failed route at end, repack cluster trying detailed routing at each stage.
Failed route at end, repack cluster trying detailed routing at each stage.
Failed route at end, repack cluster trying detailed routing at each stage.
Failed route at end, repack cluster trying detailed routing at each stage.
Failed route at end, repack cluster trying detailed routing at each stage.
Failed route at end, repack cluster trying detailed routing at each stage.
Failed route at end, repack cluster trying detailed routing at each stage.
Failed route at end, repack cluster trying detailed routing at each stage.
Failed route at end, repack cluster trying detailed routing at each stage.
Failed route at end, repack cluster trying detailed routing at each stage.
Failed route at end, repack cluster trying detailed routing at each stage.
Failed route at end, repack cluster trying detailed routing at each stage.
Failed route at end, repack cluster trying detailed routing at each stage.
Failed route at end, repack cluster trying detailed routing at each stage.
Failed route at end, repack cluster trying detailed routing at each stage.
  2448/10205    23%                          150   106 x 70    
Failed route at end, repack cluster trying detailed routing at each stage.
Failed route at end, repack cluster trying detailed routing at each stage.
Failed route at end, repack cluster trying detailed routing at each stage.
Failed route at end, repack cluster trying detailed routing at each stage.
Failed route at end, repack cluster trying detailed routing at each stage.
Failed route at end, repack cluster trying detailed routing at each stage.
Failed route at end, repack cluster trying detailed routing at each stage.
Failed route at end, repack cluster trying detailed routing at each stage.
Failed route at end, repack cluster trying detailed routing at each stage.
Failed route at end, repack cluster trying detailed routing at each stage.
Failed route at end, repack cluster trying detailed routing at each stage.
Failed route at end, repack cluster trying detailed routing at each stage.
Failed route at end, repack cluster trying detailed routing at each stage.
Failed route at end, repack cluster trying detailed routing at each stage.
Failed route at end, repack cluster trying detailed routing at each stage.
  2856/10205    27%                          169   106 x 70    
Failed route at end, repack cluster trying detailed routing at each stage.
Failed route at end, repack cluster trying detailed routing at each stage.
Failed route at end, repack cluster trying detailed routing at each stage.
Failed route at end, repack cluster trying detailed routing at each stage.
Failed route at end, repack cluster trying detailed routing at each stage.
Failed route at end, repack cluster trying detailed routing at each stage.
Failed route at end, repack cluster trying detailed routing at each stage.
Failed route at end, repack cluster trying detailed routing at each stage.
Failed route at end, repack cluster trying detailed routing at each stage.
Failed route at end, repack cluster trying detailed routing at each stage.
Failed route at end, repack cluster trying detailed routing at each stage.
Failed route at end, repack cluster trying detailed routing at each stage.
Failed route at end, repack cluster trying detailed routing at each stage.
Failed route at end, repack cluster trying detailed routing at each stage.
Failed route at end, repack cluster trying detailed routing at each stage.
Failed route at end, repack cluster trying detailed routing at each stage.
Failed route at end, repack cluster trying detailed routing at each stage.
  3264/10205    31%                          188   106 x 70    
Failed route at end, repack cluster trying detailed routing at each stage.
Failed route at end, repack cluster trying detailed routing at each stage.
Failed route at end, repack cluster trying detailed routing at each stage.
Failed route at end, repack cluster trying detailed routing at each stage.
Failed route at end, repack cluster trying detailed routing at each stage.
Failed route at end, repack cluster trying detailed routing at each stage.
Failed route at end, repack cluster trying detailed routing at each stage.
Failed route at end, repack cluster trying detailed routing at each stage.
Failed route at end, repack cluster trying detailed routing at each stage.
Failed route at end, repack cluster trying detailed routing at each stage.
Failed route at end, repack cluster trying detailed routing at each stage.
Failed route at end, repack cluster trying detailed routing at each stage.
Failed route at end, repack cluster trying detailed routing at each stage.
Failed route at end, repack cluster trying detailed routing at each stage.
Failed route at end, repack cluster trying detailed routing at each stage.
Failed route at end, repack cluster trying detailed routing at each stage.
Failed route at end, repack cluster trying detailed routing at each stage.
  3672/10205    35%                          207   106 x 70    
Failed route at end, repack cluster trying detailed routing at each stage.
Failed route at end, repack cluster trying detailed routing at each stage.
Failed route at end, repack cluster trying detailed routing at each stage.
Failed route at end, repack cluster trying detailed routing at each stage.
Failed route at end, repack cluster trying detailed routing at each stage.
Failed route at end, repack cluster trying detailed routing at each stage.
Failed route at end, repack cluster trying detailed routing at each stage.
Failed route at end, repack cluster trying detailed routing at each stage.
Failed route at end, repack cluster trying detailed routing at each stage.
Failed route at end, repack cluster trying detailed routing at each stage.
Failed route at end, repack cluster trying detailed routing at each stage.
Failed route at end, repack cluster trying detailed routing at each stage.
Failed route at end, repack cluster trying detailed routing at each stage.
Failed route at end, repack cluster trying detailed routing at each stage.
Failed route at end, repack cluster trying detailed routing at each stage.
Failed route at end, repack cluster trying detailed routing at each stage.
Failed route at end, repack cluster trying detailed routing at each stage.
  4080/10205    39%                          226   106 x 70    
Failed route at end, repack cluster trying detailed routing at each stage.
Failed route at end, repack cluster trying detailed routing at each stage.
Failed route at end, repack cluster trying detailed routing at each stage.
Failed route at end, repack cluster trying detailed routing at each stage.
Failed route at end, repack cluster trying detailed routing at each stage.
Failed route at end, repack cluster trying detailed routing at each stage.
Failed route at end, repack cluster trying detailed routing at each stage.
Failed route at end, repack cluster trying detailed routing at each stage.
Failed route at end, repack cluster trying detailed routing at each stage.
Failed route at end, repack cluster trying detailed routing at each stage.
Failed route at end, repack cluster trying detailed routing at each stage.
Failed route at end, repack cluster trying detailed routing at each stage.
Failed route at end, repack cluster trying detailed routing at each stage.
Failed route at end, repack cluster trying detailed routing at each stage.
Failed route at end, repack cluster trying detailed routing at each stage.
Failed route at end, repack cluster trying detailed routing at each stage.
Failed route at end, repack cluster trying detailed routing at each stage.
  4488/10205    43%                          244   106 x 70    
Failed route at end, repack cluster trying detailed routing at each stage.
Failed route at end, repack cluster trying detailed routing at each stage.
Failed route at end, repack cluster trying detailed routing at each stage.
Failed route at end, repack cluster trying detailed routing at each stage.
Failed route at end, repack cluster trying detailed routing at each stage.
Failed route at end, repack cluster trying detailed routing at each stage.
Failed route at end, repack cluster trying detailed routing at each stage.
Failed route at end, repack cluster trying detailed routing at each stage.
Failed route at end, repack cluster trying detailed routing at each stage.
Failed route at end, repack cluster trying detailed routing at each stage.
Failed route at end, repack cluster trying detailed routing at each stage.
Failed route at end, repack cluster trying detailed routing at each stage.
Failed route at end, repack cluster trying detailed routing at each stage.
Failed route at end, repack cluster trying detailed routing at each stage.
Failed route at end, repack cluster trying detailed routing at each stage.
Failed route at end, repack cluster trying detailed routing at each stage.
Failed route at end, repack cluster trying detailed routing at each stage.
  4896/10205    47%                          264   106 x 70    
Failed route at end, repack cluster trying detailed routing at each stage.
Failed route at end, repack cluster trying detailed routing at each stage.
Failed route at end, repack cluster trying detailed routing at each stage.
Failed route at end, repack cluster trying detailed routing at each stage.
Failed route at end, repack cluster trying detailed routing at each stage.
Failed route at end, repack cluster trying detailed routing at each stage.
Failed route at end, repack cluster trying detailed routing at each stage.
Failed route at end, repack cluster trying detailed routing at each stage.
Failed route at end, repack cluster trying detailed routing at each stage.
Failed route at end, repack cluster trying detailed routing at each stage.
Failed route at end, repack cluster trying detailed routing at each stage.
Failed route at end, repack cluster trying detailed routing at each stage.
Failed route at end, repack cluster trying detailed routing at each stage.
Failed route at end, repack cluster trying detailed routing at each stage.
Failed route at end, repack cluster trying detailed routing at each stage.
Failed route at end, repack cluster trying detailed routing at each stage.
Failed route at end, repack cluster trying detailed routing at each stage.
Failed route at end, repack cluster trying detailed routing at each stage.
  5304/10205    51%                          282   106 x 70    
Failed route at end, repack cluster trying detailed routing at each stage.
Failed route at end, repack cluster trying detailed routing at each stage.
Failed route at end, repack cluster trying detailed routing at each stage.
Failed route at end, repack cluster trying detailed routing at each stage.
Failed route at end, repack cluster trying detailed routing at each stage.
Failed route at end, repack cluster trying detailed routing at each stage.
Failed route at end, repack cluster trying detailed routing at each stage.
Failed route at end, repack cluster trying detailed routing at each stage.
Failed route at end, repack cluster trying detailed routing at each stage.
Failed route at end, repack cluster trying detailed routing at each stage.
Failed route at end, repack cluster trying detailed routing at each stage.
Failed route at end, repack cluster trying detailed routing at each stage.
Failed route at end, repack cluster trying detailed routing at each stage.
Failed route at end, repack cluster trying detailed routing at each stage.
Failed route at end, repack cluster trying detailed routing at each stage.
Failed route at end, repack cluster trying detailed routing at each stage.
Failed route at end, repack cluster trying detailed routing at each stage.
Failed route at end, repack cluster trying detailed routing at each stage.
  5712/10205    55%                          301   106 x 70    
Failed route at end, repack cluster trying detailed routing at each stage.
Failed route at end, repack cluster trying detailed routing at each stage.
Failed route at end, repack cluster trying detailed routing at each stage.
Failed route at end, repack cluster trying detailed routing at each stage.
Failed route at end, repack cluster trying detailed routing at each stage.
Failed route at end, repack cluster trying detailed routing at each stage.
Failed route at end, repack cluster trying detailed routing at each stage.
Failed route at end, repack cluster trying detailed routing at each stage.
Failed route at end, repack cluster trying detailed routing at each stage.
Failed route at end, repack cluster trying detailed routing at each stage.
Failed route at end, repack cluster trying detailed routing at each stage.
Failed route at end, repack cluster trying detailed routing at each stage.
Failed route at end, repack cluster trying detailed routing at each stage.
Failed route at end, repack cluster trying detailed routing at each stage.
Failed route at end, repack cluster trying detailed routing at each stage.
Failed route at end, repack cluster trying detailed routing at each stage.
Failed route at end, repack cluster trying detailed routing at each stage.
  6120/10205    59%                          322   106 x 70    
Failed route at end, repack cluster trying detailed routing at each stage.
Failed route at end, repack cluster trying detailed routing at each stage.
Failed route at end, repack cluster trying detailed routing at each stage.
Failed route at end, repack cluster trying detailed routing at each stage.
Failed route at end, repack cluster trying detailed routing at each stage.
Failed route at end, repack cluster trying detailed routing at each stage.
Failed route at end, repack cluster trying detailed routing at each stage.
Failed route at end, repack cluster trying detailed routing at each stage.
Failed route at end, repack cluster trying detailed routing at each stage.
Failed route at end, repack cluster trying detailed routing at each stage.
Failed route at end, repack cluster trying detailed routing at each stage.
Failed route at end, repack cluster trying detailed routing at each stage.
Failed route at end, repack cluster trying detailed routing at each stage.
Failed route at end, repack cluster trying detailed routing at each stage.
Failed route at end, repack cluster trying detailed routing at each stage.
Failed route at end, repack cluster trying detailed routing at each stage.
Failed route at end, repack cluster trying detailed routing at each stage.
Failed route at end, repack cluster trying detailed routing at each stage.
  6528/10205    63%                          340   106 x 70    
Failed route at end, repack cluster trying detailed routing at each stage.
Failed route at end, repack cluster trying detailed routing at each stage.
Failed route at end, repack cluster trying detailed routing at each stage.
Failed route at end, repack cluster trying detailed routing at each stage.
Failed route at end, repack cluster trying detailed routing at each stage.
Failed route at end, repack cluster trying detailed routing at each stage.
Failed route at end, repack cluster trying detailed routing at each stage.
Failed route at end, repack cluster trying detailed routing at each stage.
Failed route at end, repack cluster trying detailed routing at each stage.
Failed route at end, repack cluster trying detailed routing at each stage.
Failed route at end, repack cluster trying detailed routing at each stage.
Failed route at end, repack cluster trying detailed routing at each stage.
Failed route at end, repack cluster trying detailed routing at each stage.
Failed route at end, repack cluster trying detailed routing at each stage.
Failed route at end, repack cluster trying detailed routing at each stage.
Failed route at end, repack cluster trying detailed routing at each stage.
Failed route at end, repack cluster trying detailed routing at each stage.
Failed route at end, repack cluster trying detailed routing at each stage.
  6936/10205    67%                          361   106 x 70    
Failed route at end, repack cluster trying detailed routing at each stage.
Failed route at end, repack cluster trying detailed routing at each stage.
Failed route at end, repack cluster trying detailed routing at each stage.
Failed route at end, repack cluster trying detailed routing at each stage.
Failed route at end, repack cluster trying detailed routing at each stage.
Failed route at end, repack cluster trying detailed routing at each stage.
Failed route at end, repack cluster trying detailed routing at each stage.
Failed route at end, repack cluster trying detailed routing at each stage.
Failed route at end, repack cluster trying detailed routing at each stage.
Failed route at end, repack cluster trying detailed routing at each stage.
Failed route at end, repack cluster trying detailed routing at each stage.
Failed route at end, repack cluster trying detailed routing at each stage.
Failed route at end, repack cluster trying detailed routing at each stage.
Failed route at end, repack cluster trying detailed routing at each stage.
Failed route at end, repack cluster trying detailed routing at each stage.
Failed route at end, repack cluster trying detailed routing at each stage.
Failed route at end, repack cluster trying detailed routing at each stage.
  7344/10205    71%                          380   106 x 70    
Failed route at end, repack cluster trying detailed routing at each stage.
Failed route at end, repack cluster trying detailed routing at each stage.
Failed route at end, repack cluster trying detailed routing at each stage.
Failed route at end, repack cluster trying detailed routing at each stage.
Failed route at end, repack cluster trying detailed routing at each stage.
Failed route at end, repack cluster trying detailed routing at each stage.
Failed route at end, repack cluster trying detailed routing at each stage.
Failed route at end, repack cluster trying detailed routing at each stage.
Failed route at end, repack cluster trying detailed routing at each stage.
Failed route at end, repack cluster trying detailed routing at each stage.
Failed route at end, repack cluster trying detailed routing at each stage.
Failed route at end, repack cluster trying detailed routing at each stage.
Failed route at end, repack cluster trying detailed routing at each stage.
Failed route at end, repack cluster trying detailed routing at each stage.
Failed route at end, repack cluster trying detailed routing at each stage.
Failed route at end, repack cluster trying detailed routing at each stage.
Failed route at end, repack cluster trying detailed routing at each stage.
Failed route at end, repack cluster trying detailed routing at each stage.
Failed route at end, repack cluster trying detailed routing at each stage.
  7752/10205    75%                          399   106 x 70    
Failed route at end, repack cluster trying detailed routing at each stage.
Failed route at end, repack cluster trying detailed routing at each stage.
Failed route at end, repack cluster trying detailed routing at each stage.
Failed route at end, repack cluster trying detailed routing at each stage.
Failed route at end, repack cluster trying detailed routing at each stage.
Failed route at end, repack cluster trying detailed routing at each stage.
Failed route at end, repack cluster trying detailed routing at each stage.
Failed route at end, repack cluster trying detailed routing at each stage.
Failed route at end, repack cluster trying detailed routing at each stage.
Failed route at end, repack cluster trying detailed routing at each stage.
Failed route at end, repack cluster trying detailed routing at each stage.
Failed route at end, repack cluster trying detailed routing at each stage.
Failed route at end, repack cluster trying detailed routing at each stage.
Failed route at end, repack cluster trying detailed routing at each stage.
Failed route at end, repack cluster trying detailed routing at each stage.
Failed route at end, repack cluster trying detailed routing at each stage.
Failed route at end, repack cluster trying detailed routing at each stage.
Failed route at end, repack cluster trying detailed routing at each stage.
  8160/10205    79%                          419   106 x 70    
Failed route at end, repack cluster trying detailed routing at each stage.
Failed route at end, repack cluster trying detailed routing at each stage.
Failed route at end, repack cluster trying detailed routing at each stage.
Failed route at end, repack cluster trying detailed routing at each stage.
Failed route at end, repack cluster trying detailed routing at each stage.
Failed route at end, repack cluster trying detailed routing at each stage.
Failed route at end, repack cluster trying detailed routing at each stage.
Failed route at end, repack cluster trying detailed routing at each stage.
Failed route at end, repack cluster trying detailed routing at each stage.
Failed route at end, repack cluster trying detailed routing at each stage.
Failed route at end, repack cluster trying detailed routing at each stage.
Failed route at end, repack cluster trying detailed routing at each stage.
Failed route at end, repack cluster trying detailed routing at each stage.
Failed route at end, repack cluster trying detailed routing at each stage.
Failed route at end, repack cluster trying detailed routing at each stage.
Failed route at end, repack cluster trying detailed routing at each stage.
Failed route at end, repack cluster trying detailed routing at each stage.
Failed route at end, repack cluster trying detailed routing at each stage.
  8568/10205    83%                          438   106 x 70    
Failed route at end, repack cluster trying detailed routing at each stage.
Failed route at end, repack cluster trying detailed routing at each stage.
Failed route at end, repack cluster trying detailed routing at each stage.
Failed route at end, repack cluster trying detailed routing at each stage.
Failed route at end, repack cluster trying detailed routing at each stage.
Failed route at end, repack cluster trying detailed routing at each stage.
Failed route at end, repack cluster trying detailed routing at each stage.
Failed route at end, repack cluster trying detailed routing at each stage.
Failed route at end, repack cluster trying detailed routing at each stage.
Failed route at end, repack cluster trying detailed routing at each stage.
Failed route at end, repack cluster trying detailed routing at each stage.
Failed route at end, repack cluster trying detailed routing at each stage.
Failed route at end, repack cluster trying detailed routing at each stage.
Failed route at end, repack cluster trying detailed routing at each stage.
Failed route at end, repack cluster trying detailed routing at each stage.
Failed route at end, repack cluster trying detailed routing at each stage.
Failed route at end, repack cluster trying detailed routing at each stage.
  8976/10205    87%                          458   106 x 70    
Failed route at end, repack cluster trying detailed routing at each stage.
Failed route at end, repack cluster trying detailed routing at each stage.
Failed route at end, repack cluster trying detailed routing at each stage.
Failed route at end, repack cluster trying detailed routing at each stage.
Failed route at end, repack cluster trying detailed routing at each stage.
Failed route at end, repack cluster trying detailed routing at each stage.
Failed route at end, repack cluster trying detailed routing at each stage.
Failed route at end, repack cluster trying detailed routing at each stage.
Failed route at end, repack cluster trying detailed routing at each stage.
Failed route at end, repack cluster trying detailed routing at each stage.
Failed route at end, repack cluster trying detailed routing at each stage.
Failed route at end, repack cluster trying detailed routing at each stage.
Failed route at end, repack cluster trying detailed routing at each stage.
Failed route at end, repack cluster trying detailed routing at each stage.
Failed route at end, repack cluster trying detailed routing at each stage.
Failed route at end, repack cluster trying detailed routing at each stage.
Failed route at end, repack cluster trying detailed routing at each stage.
  9384/10205    91%                          479   106 x 70    
Failed route at end, repack cluster trying detailed routing at each stage.
Failed route at end, repack cluster trying detailed routing at each stage.
Failed route at end, repack cluster trying detailed routing at each stage.
Failed route at end, repack cluster trying detailed routing at each stage.
Failed route at end, repack cluster trying detailed routing at each stage.
Failed route at end, repack cluster trying detailed routing at each stage.
Failed route at end, repack cluster trying detailed routing at each stage.
Failed route at end, repack cluster trying detailed routing at each stage.
Failed route at end, repack cluster trying detailed routing at each stage.
Failed route at end, repack cluster trying detailed routing at each stage.
Failed route at end, repack cluster trying detailed routing at each stage.
Failed route at end, repack cluster trying detailed routing at each stage.
Failed route at end, repack cluster trying detailed routing at each stage.
Failed route at end, repack cluster trying detailed routing at each stage.
Failed route at end, repack cluster trying detailed routing at each stage.
Failed route at end, repack cluster trying detailed routing at each stage.
Failed route at end, repack cluster trying detailed routing at each stage.
  9792/10205    95%                          499   106 x 70    
Failed route at end, repack cluster trying detailed routing at each stage.
Failed route at end, repack cluster trying detailed routing at each stage.
Failed route at end, repack cluster trying detailed routing at each stage.
Failed route at end, repack cluster trying detailed routing at each stage.
Failed route at end, repack cluster trying detailed routing at each stage.
Failed route at end, repack cluster trying detailed routing at each stage.
Failed route at end, repack cluster trying detailed routing at each stage.
Failed route at end, repack cluster trying detailed routing at each stage.
Failed route at end, repack cluster trying detailed routing at each stage.
Failed route at end, repack cluster trying detailed routing at each stage.
Failed route at end, repack cluster trying detailed routing at each stage.
Failed route at end, repack cluster trying detailed routing at each stage.
Failed route at end, repack cluster trying detailed routing at each stage.
Failed route at end, repack cluster trying detailed routing at each stage.
Failed route at end, repack cluster trying detailed routing at each stage.
Failed route at end, repack cluster trying detailed routing at each stage.
 10200/10205    99%                          519   106 x 70    
Failed route at end, repack cluster trying detailed routing at each stage.
Failed route at end, repack cluster trying detailed routing at each stage.
Failed route at end, repack cluster trying detailed routing at each stage.
Failed route at end, repack cluster trying detailed routing at each stage.
Failed route at end, repack cluster trying detailed routing at each stage.
Failed route at end, repack cluster trying detailed routing at each stage.
Failed route at end, repack cluster trying detailed routing at each stage.
Failed route at end, repack cluster trying detailed routing at each stage.
Failed route at end, repack cluster trying detailed routing at each stage.
Failed route at end, repack cluster trying detailed routing at each stage.
Failed route at end, repack cluster trying detailed routing at each stage.
Failed route at end, repack cluster trying detailed routing at each stage.
Failed route at end, repack cluster trying detailed routing at each stage.
Failed route at end, repack cluster trying detailed routing at each stage.
Failed route at end, repack cluster trying detailed routing at each stage.
Failed route at end, repack cluster trying detailed routing at each stage.
Failed route at end, repack cluster trying detailed routing at each stage.
Failed route at end, repack cluster trying detailed routing at each stage.
Failed route at end, repack cluster trying detailed routing at each stage.
 10608/10205   103%                          538   106 x 70    
Failed route at end, repack cluster trying detailed routing at each stage.
Failed route at end, repack cluster trying detailed routing at each stage.
Failed route at end, repack cluster trying detailed routing at each stage.
Failed route at end, repack cluster trying detailed routing at each stage.
Failed route at end, repack cluster trying detailed routing at each stage.
Failed route at end, repack cluster trying detailed routing at each stage.
Failed route at end, repack cluster trying detailed routing at each stage.
Failed route at end, repack cluster trying detailed routing at each stage.
Failed route at end, repack cluster trying detailed routing at each stage.
Failed route at end, repack cluster trying detailed routing at each stage.
Failed route at end, repack cluster trying detailed routing at each stage.
Failed route at end, repack cluster trying detailed routing at each stage.
Failed route at end, repack cluster trying detailed routing at each stage.
Failed route at end, repack cluster trying detailed routing at each stage.
Failed route at end, repack cluster trying detailed routing at each stage.
Failed route at end, repack cluster trying detailed routing at each stage.
Failed route at end, repack cluster trying detailed routing at each stage.
Failed route at end, repack cluster trying detailed routing at each stage.
Failed route at end, repack cluster trying detailed routing at each stage.
 11016/10205   107%                          559   106 x 70    
Failed route at end, repack cluster trying detailed routing at each stage.
Failed route at end, repack cluster trying detailed routing at each stage.
Failed route at end, repack cluster trying detailed routing at each stage.
Failed route at end, repack cluster trying detailed routing at each stage.
Failed route at end, repack cluster trying detailed routing at each stage.
Failed route at end, repack cluster trying detailed routing at each stage.
Failed route at end, repack cluster trying detailed routing at each stage.
Failed route at end, repack cluster trying detailed routing at each stage.
Failed route at end, repack cluster trying detailed routing at each stage.
Failed route at end, repack cluster trying detailed routing at each stage.
Failed route at end, repack cluster trying detailed routing at each stage.
Failed route at end, repack cluster trying detailed routing at each stage.
Failed route at end, repack cluster trying detailed routing at each stage.
Failed route at end, repack cluster trying detailed routing at each stage.
Failed route at end, repack cluster trying detailed routing at each stage.
Failed route at end, repack cluster trying detailed routing at each stage.
Failed route at end, repack cluster trying detailed routing at each stage.
 11424/10205   111%                          579   106 x 70    
Failed route at end, repack cluster trying detailed routing at each stage.
Failed route at end, repack cluster trying detailed routing at each stage.
Failed route at end, repack cluster trying detailed routing at each stage.
Failed route at end, repack cluster trying detailed routing at each stage.
Failed route at end, repack cluster trying detailed routing at each stage.
Failed route at end, repack cluster trying detailed routing at each stage.
Failed route at end, repack cluster trying detailed routing at each stage.
Failed route at end, repack cluster trying detailed routing at each stage.
Failed route at end, repack cluster trying detailed routing at each stage.
Failed route at end, repack cluster trying detailed routing at each stage.
Failed route at end, repack cluster trying detailed routing at each stage.
Failed route at end, repack cluster trying detailed routing at each stage.
Failed route at end, repack cluster trying detailed routing at each stage.
Failed route at end, repack cluster trying detailed routing at each stage.
Failed route at end, repack cluster trying detailed routing at each stage.
Failed route at end, repack cluster trying detailed routing at each stage.
Failed route at end, repack cluster trying detailed routing at each stage.
 11832/10205   115%                          599   106 x 70    
Failed route at end, repack cluster trying detailed routing at each stage.
Failed route at end, repack cluster trying detailed routing at each stage.
Failed route at end, repack cluster trying detailed routing at each stage.
Failed route at end, repack cluster trying detailed routing at each stage.
Failed route at end, repack cluster trying detailed routing at each stage.
Failed route at end, repack cluster trying detailed routing at each stage.
Failed route at end, repack cluster trying detailed routing at each stage.
Failed route at end, repack cluster trying detailed routing at each stage.
Failed route at end, repack cluster trying detailed routing at each stage.
Failed route at end, repack cluster trying detailed routing at each stage.
Failed route at end, repack cluster trying detailed routing at each stage.
Failed route at end, repack cluster trying detailed routing at each stage.
Failed route at end, repack cluster trying detailed routing at each stage.
Failed route at end, repack cluster trying detailed routing at each stage.
Failed route at end, repack cluster trying detailed routing at each stage.
 12240/10205   119%                          621   106 x 70    
Failed route at end, repack cluster trying detailed routing at each stage.
Failed route at end, repack cluster trying detailed routing at each stage.
Failed route at end, repack cluster trying detailed routing at each stage.
Failed route at end, repack cluster trying detailed routing at each stage.
Failed route at end, repack cluster trying detailed routing at each stage.
Failed route at end, repack cluster trying detailed routing at each stage.
Failed route at end, repack cluster trying detailed routing at each stage.
Failed route at end, repack cluster trying detailed routing at each stage.
Failed route at end, repack cluster trying detailed routing at each stage.
Failed route at end, repack cluster trying detailed routing at each stage.
Failed route at end, repack cluster trying detailed routing at each stage.
Failed route at end, repack cluster trying detailed routing at each stage.
Failed route at end, repack cluster trying detailed routing at each stage.
Failed route at end, repack cluster trying detailed routing at each stage.
Failed route at end, repack cluster trying detailed routing at each stage.
Failed route at end, repack cluster trying detailed routing at each stage.
Failed route at end, repack cluster trying detailed routing at each stage.
 12648/10205   123%                          642   106 x 70    
Failed route at end, repack cluster trying detailed routing at each stage.
Failed route at end, repack cluster trying detailed routing at each stage.
Failed route at end, repack cluster trying detailed routing at each stage.
Failed route at end, repack cluster trying detailed routing at each stage.
Failed route at end, repack cluster trying detailed routing at each stage.
Failed route at end, repack cluster trying detailed routing at each stage.
Failed route at end, repack cluster trying detailed routing at each stage.
Failed route at end, repack cluster trying detailed routing at each stage.
Failed route at end, repack cluster trying detailed routing at each stage.
Failed route at end, repack cluster trying detailed routing at each stage.
Failed route at end, repack cluster trying detailed routing at each stage.
Failed route at end, repack cluster trying detailed routing at each stage.
Failed route at end, repack cluster trying detailed routing at each stage.
Failed route at end, repack cluster trying detailed routing at each stage.
Failed route at end, repack cluster trying detailed routing at each stage.
Failed route at end, repack cluster trying detailed routing at each stage.
Failed route at end, repack cluster trying detailed routing at each stage.
Failed route at end, repack cluster trying detailed routing at each stage.
Failed route at end, repack cluster trying detailed routing at each stage.
 13056/10205   127%                          661   106 x 70    
Failed route at end, repack cluster trying detailed routing at each stage.
Failed route at end, repack cluster trying detailed routing at each stage.
Failed route at end, repack cluster trying detailed routing at each stage.
Failed route at end, repack cluster trying detailed routing at each stage.
Failed route at end, repack cluster trying detailed routing at each stage.
Failed route at end, repack cluster trying detailed routing at each stage.
Failed route at end, repack cluster trying detailed routing at each stage.
Failed route at end, repack cluster trying detailed routing at each stage.
Failed route at end, repack cluster trying detailed routing at each stage.
Failed route at end, repack cluster trying detailed routing at each stage.
Failed route at end, repack cluster trying detailed routing at each stage.
Failed route at end, repack cluster trying detailed routing at each stage.
Failed route at end, repack cluster trying detailed routing at each stage.
Failed route at end, repack cluster trying detailed routing at each stage.
Failed route at end, repack cluster trying detailed routing at each stage.
Failed route at end, repack cluster trying detailed routing at each stage.
Failed route at end, repack cluster trying detailed routing at each stage.
Failed route at end, repack cluster trying detailed routing at each stage.
Failed route at end, repack cluster trying detailed routing at each stage.
Failed route at end, repack cluster trying detailed routing at each stage.
 13464/10205   131%                          681   106 x 70    
Failed route at end, repack cluster trying detailed routing at each stage.
Failed route at end, repack cluster trying detailed routing at each stage.
Failed route at end, repack cluster trying detailed routing at each stage.
Failed route at end, repack cluster trying detailed routing at each stage.
Failed route at end, repack cluster trying detailed routing at each stage.
Failed route at end, repack cluster trying detailed routing at each stage.
Failed route at end, repack cluster trying detailed routing at each stage.
Failed route at end, repack cluster trying detailed routing at each stage.
Failed route at end, repack cluster trying detailed routing at each stage.
Failed route at end, repack cluster trying detailed routing at each stage.
Failed route at end, repack cluster trying detailed routing at each stage.
Failed route at end, repack cluster trying detailed routing at each stage.
Failed route at end, repack cluster trying detailed routing at each stage.
Failed route at end, repack cluster trying detailed routing at each stage.
Failed route at end, repack cluster trying detailed routing at each stage.
Failed route at end, repack cluster trying detailed routing at each stage.
Failed route at end, repack cluster trying detailed routing at each stage.
Failed route at end, repack cluster trying detailed routing at each stage.
 13872/10205   135%                          701   106 x 70    
Failed route at end, repack cluster trying detailed routing at each stage.
Failed route at end, repack cluster trying detailed routing at each stage.
Failed route at end, repack cluster trying detailed routing at each stage.
Failed route at end, repack cluster trying detailed routing at each stage.
Failed route at end, repack cluster trying detailed routing at each stage.
Failed route at end, repack cluster trying detailed routing at each stage.
Failed route at end, repack cluster trying detailed routing at each stage.
Failed route at end, repack cluster trying detailed routing at each stage.
Failed route at end, repack cluster trying detailed routing at each stage.
Failed route at end, repack cluster trying detailed routing at each stage.
Failed route at end, repack cluster trying detailed routing at each stage.
Failed route at end, repack cluster trying detailed routing at each stage.
Failed route at end, repack cluster trying detailed routing at each stage.
Failed route at end, repack cluster trying detailed routing at each stage.
Failed route at end, repack cluster trying detailed routing at each stage.
Failed route at end, repack cluster trying detailed routing at each stage.
Failed route at end, repack cluster trying detailed routing at each stage.
Failed route at end, repack cluster trying detailed routing at each stage.
Failed route at end, repack cluster trying detailed routing at each stage.
 14280/10205   139%                          721   106 x 70    
Failed route at end, repack cluster trying detailed routing at each stage.
Failed route at end, repack cluster trying detailed routing at each stage.
Failed route at end, repack cluster trying detailed routing at each stage.
Failed route at end, repack cluster trying detailed routing at each stage.
Failed route at end, repack cluster trying detailed routing at each stage.
Failed route at end, repack cluster trying detailed routing at each stage.
Failed route at end, repack cluster trying detailed routing at each stage.
Failed route at end, repack cluster trying detailed routing at each stage.
Failed route at end, repack cluster trying detailed routing at each stage.
Failed route at end, repack cluster trying detailed routing at each stage.
Failed route at end, repack cluster trying detailed routing at each stage.
Failed route at end, repack cluster trying detailed routing at each stage.
Failed route at end, repack cluster trying detailed routing at each stage.
Failed route at end, repack cluster trying detailed routing at each stage.
Failed route at end, repack cluster trying detailed routing at each stage.
Failed route at end, repack cluster trying detailed routing at each stage.
Failed route at end, repack cluster trying detailed routing at each stage.
Failed route at end, repack cluster trying detailed routing at each stage.
Failed route at end, repack cluster trying detailed routing at each stage.
Failed route at end, repack cluster trying detailed routing at each stage.
 14688/10205   143%                          742   106 x 70    
Failed route at end, repack cluster trying detailed routing at each stage.
Failed route at end, repack cluster trying detailed routing at each stage.
Failed route at end, repack cluster trying detailed routing at each stage.
Failed route at end, repack cluster trying detailed routing at each stage.
Failed route at end, repack cluster trying detailed routing at each stage.
Failed route at end, repack cluster trying detailed routing at each stage.
Failed route at end, repack cluster trying detailed routing at each stage.
Failed route at end, repack cluster trying detailed routing at each stage.
Failed route at end, repack cluster trying detailed routing at each stage.
Failed route at end, repack cluster trying detailed routing at each stage.
Failed route at end, repack cluster trying detailed routing at each stage.
Failed route at end, repack cluster trying detailed routing at each stage.
Failed route at end, repack cluster trying detailed routing at each stage.
Failed route at end, repack cluster trying detailed routing at each stage.
Failed route at end, repack cluster trying detailed routing at each stage.
Failed route at end, repack cluster trying detailed routing at each stage.
Failed route at end, repack cluster trying detailed routing at each stage.
Failed route at end, repack cluster trying detailed routing at each stage.
 15096/10205   147%                          766   106 x 70    
Failed route at end, repack cluster trying detailed routing at each stage.
Failed route at end, repack cluster trying detailed routing at each stage.
Failed route at end, repack cluster trying detailed routing at each stage.
Failed route at end, repack cluster trying detailed routing at each stage.
Failed route at end, repack cluster trying detailed routing at each stage.
Failed route at end, repack cluster trying detailed routing at each stage.
Failed route at end, repack cluster trying detailed routing at each stage.
Failed route at end, repack cluster trying detailed routing at each stage.
Failed route at end, repack cluster trying detailed routing at each stage.
Failed route at end, repack cluster trying detailed routing at each stage.
Failed route at end, repack cluster trying detailed routing at each stage.
Failed route at end, repack cluster trying detailed routing at each stage.
Failed route at end, repack cluster trying detailed routing at each stage.
Failed route at end, repack cluster trying detailed routing at each stage.
Failed route at end, repack cluster trying detailed routing at each stage.
Failed route at end, repack cluster trying detailed routing at each stage.
Failed route at end, repack cluster trying detailed routing at each stage.
Failed route at end, repack cluster trying detailed routing at each stage.
Failed route at end, repack cluster trying detailed routing at each stage.
 15504/10205   151%                          789   106 x 70    
Failed route at end, repack cluster trying detailed routing at each stage.
Failed route at end, repack cluster trying detailed routing at each stage.
Failed route at end, repack cluster trying detailed routing at each stage.
Failed route at end, repack cluster trying detailed routing at each stage.
Failed route at end, repack cluster trying detailed routing at each stage.
Failed route at end, repack cluster trying detailed routing at each stage.
Failed route at end, repack cluster trying detailed routing at each stage.
Failed route at end, repack cluster trying detailed routing at each stage.
Failed route at end, repack cluster trying detailed routing at each stage.
Failed route at end, repack cluster trying detailed routing at each stage.
Failed route at end, repack cluster trying detailed routing at each stage.
Failed route at end, repack cluster trying detailed routing at each stage.
Failed route at end, repack cluster trying detailed routing at each stage.
Failed route at end, repack cluster trying detailed routing at each stage.
Failed route at end, repack cluster trying detailed routing at each stage.
Failed route at end, repack cluster trying detailed routing at each stage.
Failed route at end, repack cluster trying detailed routing at each stage.
Failed route at end, repack cluster trying detailed routing at each stage.
 15912/10205   155%                          814   106 x 70    
Failed route at end, repack cluster trying detailed routing at each stage.
Failed route at end, repack cluster trying detailed routing at each stage.
Failed route at end, repack cluster trying detailed routing at each stage.
Failed route at end, repack cluster trying detailed routing at each stage.
Failed route at end, repack cluster trying detailed routing at each stage.
Failed route at end, repack cluster trying detailed routing at each stage.
Failed route at end, repack cluster trying detailed routing at each stage.
Failed route at end, repack cluster trying detailed routing at each stage.
Failed route at end, repack cluster trying detailed routing at each stage.
Failed route at end, repack cluster trying detailed routing at each stage.
Failed route at end, repack cluster trying detailed routing at each stage.
Failed route at end, repack cluster trying detailed routing at each stage.
Failed route at end, repack cluster trying detailed routing at each stage.
Failed route at end, repack cluster trying detailed routing at each stage.
Failed route at end, repack cluster trying detailed routing at each stage.
Failed route at end, repack cluster trying detailed routing at each stage.
Failed route at end, repack cluster trying detailed routing at each stage.
Failed route at end, repack cluster trying detailed routing at each stage.
Failed route at end, repack cluster trying detailed routing at each stage.
 16320/10205   159%                          838   106 x 70    
Failed route at end, repack cluster trying detailed routing at each stage.
Failed route at end, repack cluster trying detailed routing at each stage.
Failed route at end, repack cluster trying detailed routing at each stage.
Failed route at end, repack cluster trying detailed routing at each stage.
Failed route at end, repack cluster trying detailed routing at each stage.
Failed route at end, repack cluster trying detailed routing at each stage.
Failed route at end, repack cluster trying detailed routing at each stage.
Failed route at end, repack cluster trying detailed routing at each stage.
Failed route at end, repack cluster trying detailed routing at each stage.
Failed route at end, repack cluster trying detailed routing at each stage.
Failed route at end, repack cluster trying detailed routing at each stage.
Failed route at end, repack cluster trying detailed routing at each stage.
Failed route at end, repack cluster trying detailed routing at each stage.
Failed route at end, repack cluster trying detailed routing at each stage.
Failed route at end, repack cluster trying detailed routing at each stage.
Failed route at end, repack cluster trying detailed routing at each stage.
Failed route at end, repack cluster trying detailed routing at each stage.
Failed route at end, repack cluster trying detailed routing at each stage.
Failed route at end, repack cluster trying detailed routing at each stage.
Failed route at end, repack cluster trying detailed routing at each stage.
 16728/10205   163%                          860   106 x 70    
Failed route at end, repack cluster trying detailed routing at each stage.
Failed route at end, repack cluster trying detailed routing at each stage.
Failed route at end, repack cluster trying detailed routing at each stage.
Failed route at end, repack cluster trying detailed routing at each stage.
Failed route at end, repack cluster trying detailed routing at each stage.
Failed route at end, repack cluster trying detailed routing at each stage.
Failed route at end, repack cluster trying detailed routing at each stage.
Failed route at end, repack cluster trying detailed routing at each stage.
Failed route at end, repack cluster trying detailed routing at each stage.
Failed route at end, repack cluster trying detailed routing at each stage.
Failed route at end, repack cluster trying detailed routing at each stage.
Failed route at end, repack cluster trying detailed routing at each stage.
Failed route at end, repack cluster trying detailed routing at each stage.
Failed route at end, repack cluster trying detailed routing at each stage.
Failed route at end, repack cluster trying detailed routing at each stage.
Failed route at end, repack cluster trying detailed routing at each stage.
Failed route at end, repack cluster trying detailed routing at each stage.
Failed route at end, repack cluster trying detailed routing at each stage.
 17136/10205   167%                          885   106 x 70    
Failed route at end, repack cluster trying detailed routing at each stage.
Failed route at end, repack cluster trying detailed routing at each stage.
Failed route at end, repack cluster trying detailed routing at each stage.
Failed route at end, repack cluster trying detailed routing at each stage.
Failed route at end, repack cluster trying detailed routing at each stage.
Failed route at end, repack cluster trying detailed routing at each stage.
Failed route at end, repack cluster trying detailed routing at each stage.
Failed route at end, repack cluster trying detailed routing at each stage.
Failed route at end, repack cluster trying detailed routing at each stage.
Failed route at end, repack cluster trying detailed routing at each stage.
Failed route at end, repack cluster trying detailed routing at each stage.
Failed route at end, repack cluster trying detailed routing at each stage.
Failed route at end, repack cluster trying detailed routing at each stage.
Failed route at end, repack cluster trying detailed routing at each stage.
Failed route at end, repack cluster trying detailed routing at each stage.
Failed route at end, repack cluster trying detailed routing at each stage.
Failed route at end, repack cluster trying detailed routing at each stage.
 17544/10205   171%                          910   106 x 70    
Failed route at end, repack cluster trying detailed routing at each stage.
Failed route at end, repack cluster trying detailed routing at each stage.
 17952/10205   175%                          935   106 x 70    
 18360/10205   179%                         1194   106 x 70    

Logic Element (fle) detailed count:
  Total number of Logic Elements used : 7237
  LEs used for logic and registers    : 0
  LEs used for logic only             : 7237
  LEs used for registers only         : 0

Incr Slack updates 1 in 0.0018323 sec
Full Max Req/Worst Slack updates 1 in 0.000193067 sec
Incr Max Req/Worst Slack updates 0 in 0 sec
Incr Criticality updates 0 in 0 sec
Full Criticality updates 1 in 0.00543609 sec
FPGA sized to 106 x 70 (castor104x68_heterogeneous)
Device Utilization: 0.13 (target 1.00)
	Block Utilization: 0.02 Type: io
	Block Utilization: 0.17 Type: clb
	Block Utilization: 0.02 Type: dsp

Start the iterative improvement process
the iterative improvement process is done
Clustering Statistics: 
----------   --------   ------------------------------------   --------------------------
Block Type   # Blocks   Avg. # of input clocks and pins used   Avg. # of output pins used
----------   --------   ------------------------------------   --------------------------
     EMPTY          0                                      0                            0   
        io        581                                0.72117                      0.27883   
       clb        941                                28.5898                      7.82784   
       dsp          4                                     44                           38   
      bram          0                                      0                            0   
Absorbed logical nets 3995 out of 11675 nets, 7680 nets not absorbed.

Netlist conversion complete.

# Packing took 88.89 seconds (max_rss 147.1 MiB, delta_rss +84.8 MiB)
# Load packing
Begin loading packed FPGA netlist file.
Netlist generated from file '/nfs_scratch/scratch/CompilerValidation/abdul_hameed/12SEPT/Validation/RTL_testcases/Benchmarking_QoR_testcases/syn2/results_dir/syn2/run_1/synth_1_1/impl_1_1_1/packing/fabric_syn2_post_synth.net'.
Detected 3 constant generators (to see names run with higher pack verbosity)
Finished loading packed FPGA netlist file (took 1.68 seconds).
# Load packing took 1.76 seconds (max_rss 179.7 MiB, delta_rss +32.6 MiB)
Warning 169: Netlist contains 0 global net to non-global architecture pin connections

Pb types usage...
  io                            : 581
   io_output                    : 419
    outpad                      : 419
   io_input                     : 162
    inpad                       : 162
  clb                           : 941
   clb_lr                       : 941
    fle                         : 7522
     fast6                      : 3455
      lut6                      : 3455
       lut                      : 3455
     ble6                       : 262
      lut6                      : 262
       lut                      : 262
      ff                        : 262
       DFFRE                    : 262
     ble5                       : 5245
      lut5                      : 4173
       lut                      : 4173
      ff                        : 1836
       DFFRE                    : 1836
     adder                      : 530
      lut5                      : 453
       lut                      : 453
      adder_carry               : 530
      ff                        : 130
       DFFRE                    : 130
  dsp                           : 4
   dsp_lr                       : 4
    RS_DSP_MULT_REGIN_REGOUT    : 4

# Create Device
## Build Device Grid
FPGA sized to 106 x 70: 7420 grid tiles (castor104x68_heterogeneous)

Resource usage...
	Netlist
		581	blocks of type: io
	Architecture
		7344	blocks of type: io_top
		4896	blocks of type: io_right
		7344	blocks of type: io_bottom
		4896	blocks of type: io_left
	Netlist
		941	blocks of type: clb
	Architecture
		5676	blocks of type: clb
	Netlist
		4	blocks of type: dsp
	Architecture
		176	blocks of type: dsp
	Netlist
		0	blocks of type: bram
	Architecture
		176	blocks of type: bram

Device Utilization: 0.13 (target 1.00)
	Physical Tile io_top:
	Block Utilization: 0.08 Logical Block: io
	Physical Tile io_right:
	Block Utilization: 0.12 Logical Block: io
	Physical Tile io_bottom:
	Block Utilization: 0.08 Logical Block: io
	Physical Tile io_left:
	Block Utilization: 0.12 Logical Block: io
	Physical Tile clb:
	Block Utilization: 0.17 Logical Block: clb
	Physical Tile dsp:
	Block Utilization: 0.02 Logical Block: dsp
	Physical Tile bram:
	Block Utilization: 0.00 Logical Block: bram

## Build Device Grid took 0.00 seconds (max_rss 179.7 MiB, delta_rss +0.0 MiB)
Warning 170: Tileable routing resource graph does not support clock modeling yet! Related options are ignored...
## Build tileable routing resource graph
X-direction routing channel width is 160
Y-direction routing channel width is 160
Warning 171: Sized nonsensical R=0 transistor to minimum width
Warning 172: Sized nonsensical R=0 transistor to minimum width
Warning 173: Sized nonsensical R=0 transistor to minimum width
Warning 174: Sized nonsensical R=0 transistor to minimum width
## Build tileable routing resource graph took 36.53 seconds (max_rss 1168.4 MiB, delta_rss +988.7 MiB)
  RR Graph Nodes: 2990612
  RR Graph Edges: 15228438
# Create Device took 38.09 seconds (max_rss 1168.4 MiB, delta_rss +988.7 MiB)


Flow timing analysis took 0.0558346 seconds (0.0479099 STA, 0.0079247 slack) (1 full updates: 1 setup, 0 hold, 0 combined).
VPR succeeded
The entire flow of VPR took 131.26 seconds (max_rss 1168.4 MiB)
