/*******************************************************************************
Copyright (c) 2022-2024 Rapid Silicon
This source code contains proprietary information belonging to Rapid Silicon
(the "licensor") released under license and non-disclosure agreement to the
recipient (the "licensee").

The information shared and protected by the license and non-disclosure agreement
includes but is not limited to the following:
* operational algorithms of the product
* logos, graphics, source code, and visual presentation of the product
* confidential operational information of the licensor

The recipient of this source code is NOT permitted to publicly disclose,
re-use, archive beyond the period of the license agreement, transfer to a
sub-licensee, or re-implement any portion of the content covered by the license
and non-disclosure agreement without the prior written consent of the licensor.
*********************************************************************************/

Version  : 2024.05
Build    : 1.0.64
Hash     : dccbf59
Date     : May 24 2024
Type     : Engineering
Log Time   : Mon May 27 09:44:26 2024 GMT

[ 14:44:26 ] Analysis has started
[ 14:44:26 ] Command: /nfs_eda_sw/softwares/Raptor/instl_dir/05_24_2024_09_15_01/bin/yosys -s /nfs_scratch/scratch/CompilerValidation/zaheer_ahmad/os_fpga2/Validation/RTL_testcases/RTL_Benchmarks_Gap_Analysis/10_100m_ethernet-fifo_convertor/results_dir/10_100m_ethernet-fifo_convertor/run_1/synth_1_1/analysis/10_100m_ethernet-fifo_convertor_analyzer.cmd
[ 14:44:26 ] Duration: 148 ms. Max utilization: 48 MB
[ 14:44:26 ] Synthesize has started
[ 14:44:26 ] Command: /nfs_eda_sw/softwares/Raptor/instl_dir/05_24_2024_09_15_01/bin/yosys -s 10_100m_ethernet-fifo_convertor.ys -l 10_100m_ethernet-fifo_convertor_synth.log
[ 14:45:54 ] Duration: 87597 ms. Max utilization: 120 MB
[ 14:45:54 ] Packing has started
[ 14:45:54 ] Analysis has started
[ 14:45:54 ] Command: /nfs_eda_sw/softwares/Raptor/instl_dir/05_24_2024_09_15_01/bin/vpr /nfs_eda_sw/softwares/Raptor/instl_dir/05_24_2024_09_15_01/share/raptor/etc/devices/gemini_compact_62x44/gemini_vpr.xml /nfs_scratch/scratch/CompilerValidation/zaheer_ahmad/os_fpga2/Validation/RTL_testcases/RTL_Benchmarks_Gap_Analysis/10_100m_ethernet-fifo_convertor/results_dir/10_100m_ethernet-fifo_convertor/run_1/synth_1_1/synthesis/fabric_10_100m_ethernet-fifo_convertor_post_synth.eblif --sdc_file /nfs_scratch/scratch/CompilerValidation/zaheer_ahmad/os_fpga2/Validation/RTL_testcases/RTL_Benchmarks_Gap_Analysis/10_100m_ethernet-fifo_convertor/results_dir/10_100m_ethernet-fifo_convertor/run_1/synth_1_1/impl_1_1_1/packing/fabric_10_100m_ethernet-fifo_convertor_openfpga.sdc --route_chan_width 160 --suppress_warnings check_rr_node_warnings.log,check_rr_node --clock_modeling ideal --absorb_buffer_luts off --skip_sync_clustering_and_routing_results off --constant_net_method route --post_place_timing_report 10_100m_ethernet-fifo_convertor_post_place_timing.rpt --device castor62x44_heterogeneous --allow_unrelated_clustering on --allow_dangling_combinational_nodes on --place_delta_delay_matrix_calculation_method dijkstra --gen_post_synthesis_netlist on --post_synth_netlist_unconn_inputs gnd --inner_loop_recompute_divider 1 --max_router_iterations 1500 --timing_report_detail detailed --timing_report_npaths 100 --top test_feedback --net_file /nfs_scratch/scratch/CompilerValidation/zaheer_ahmad/os_fpga2/Validation/RTL_testcases/RTL_Benchmarks_Gap_Analysis/10_100m_ethernet-fifo_convertor/results_dir/10_100m_ethernet-fifo_convertor/run_1/synth_1_1/impl_1_1_1/packing/fabric_10_100m_ethernet-fifo_convertor_post_synth.net --place_file /nfs_scratch/scratch/CompilerValidation/zaheer_ahmad/os_fpga2/Validation/RTL_testcases/RTL_Benchmarks_Gap_Analysis/10_100m_ethernet-fifo_convertor/results_dir/10_100m_ethernet-fifo_convertor/run_1/synth_1_1/impl_1_1_1/placement/fabric_10_100m_ethernet-fifo_convertor_post_synth.place --route_file /nfs_scratch/scratch/CompilerValidation/zaheer_ahmad/os_fpga2/Validation/RTL_testcases/RTL_Benchmarks_Gap_Analysis/10_100m_ethernet-fifo_convertor/results_dir/10_100m_ethernet-fifo_convertor/run_1/synth_1_1/impl_1_1_1/routing/fabric_10_100m_ethernet-fifo_convertor_post_synth.route --pack
[ 14:45:55 ] Duration: 488 ms. Max utilization: 224 MB
