INFO: BIT: Skip module:O_BUF name:$iopadmap$GJC8.z_34 location(s):"" because it failed in __pin_is_valid__ validation
INFO: BIT: Skip module:O_BUF name:$iopadmap$GJC8.z_35 location(s):"" because it failed in __pin_is_valid__ validation
INFO: BIT: Skip module:O_BUF name:$iopadmap$GJC8.z_36 location(s):"" because it failed in __pin_is_valid__ validation
INFO: BIT: Skip module:O_BUF name:$iopadmap$GJC8.z_37 location(s):"" because it failed in __pin_is_valid__ validation
INFO: BIT: Skip module:O_BUF name:$iopadmap$GJC8.z_4 location(s):"" because it failed in __pin_is_valid__ validation
INFO: BIT: Skip module:O_BUF name:$iopadmap$GJC8.z_5 location(s):"" because it failed in __pin_is_valid__ validation
INFO: BIT: Skip module:O_BUF name:$iopadmap$GJC8.z_6 location(s):"" because it failed in __pin_is_valid__ validation
INFO: BIT: Skip module:O_BUF name:$iopadmap$GJC8.z_7 location(s):"" because it failed in __pin_is_valid__ validation
INFO: BIT: Skip module:O_BUF name:$iopadmap$GJC8.z_8 location(s):"" because it failed in __pin_is_valid__ validation
INFO: BIT: Skip module:O_BUF name:$iopadmap$GJC8.z_9 location(s):"" because it failed in __pin_is_valid__ validation
INFO: BIT: Assign Boot Clock location
INFO: BIT: Allocate FCLK routing resource
INFO: BIT: Set CLKBUF configuration attributes
INFO: BIT: Allocate PLL resource (and set PLLREF configuration attributes)
INFO: BIT: Set PLL remaining configuration attributes
INFO: BIT: Validation using '__secondary_validation__' rule
INFO: BIT: Set configuration attributes
INFO: BIT: Generated IO bitstream is invalid
INFO: BIT: Skip $iopadmap$GJC8.a [I_BUF] because the location is not set
INFO: BIT: Skip $iopadmap$GJC8.a_1 [I_BUF] because the location is not set
INFO: BIT: Skip $iopadmap$GJC8.a_10 [I_BUF] because the location is not set
INFO: BIT: Skip $iopadmap$GJC8.a_11 [I_BUF] because the location is not set
INFO: BIT: Skip $iopadmap$GJC8.a_12 [I_BUF] because the location is not set
INFO: BIT: Skip $iopadmap$GJC8.a_13 [I_BUF] because the location is not set
INFO: BIT: Skip $iopadmap$GJC8.a_14 [I_BUF] because the location is not set
INFO: BIT: Skip $iopadmap$GJC8.a_15 [I_BUF] because the location is not set
INFO: BIT: Skip $iopadmap$GJC8.a_16 [I_BUF] because the location is not set
INFO: BIT: Skip $iopadmap$GJC8.a_17 [I_BUF] because the location is not set
INFO: BIT: Skip $iopadmap$GJC8.a_18 [I_BUF] because the location is not set
INFO: BIT: Skip $iopadmap$GJC8.a_19 [I_BUF] because the location is not set
INFO: BIT: Skip $iopadmap$GJC8.a_2 [I_BUF] because the location is not set
INFO: BIT: Skip $iopadmap$GJC8.a_3 [I_BUF] because the location is not set
INFO: BIT: Skip $iopadmap$GJC8.a_4 [I_BUF] because the location is not set
INFO: BIT: Skip $iopadmap$GJC8.a_5 [I_BUF] because the location is not set
INFO: BIT: Skip $iopadmap$GJC8.a_6 [I_BUF] because the location is not set
INFO: BIT: Skip $iopadmap$GJC8.a_7 [I_BUF] because the location is not set
INFO: BIT: Skip $iopadmap$GJC8.a_8 [I_BUF] because the location is not set
INFO: BIT: Skip $iopadmap$GJC8.a_9 [I_BUF] because the location is not set
INFO: BIT: Skip $iopadmap$GJC8.b [I_BUF] because the location is not set
INFO: BIT: Skip $iopadmap$GJC8.b_1 [I_BUF] because the location is not set
INFO: BIT: Skip $iopadmap$GJC8.b_10 [I_BUF] because the location is not set
INFO: BIT: Skip $iopadmap$GJC8.b_11 [I_BUF] because the location is not set
INFO: BIT: Skip $iopadmap$GJC8.b_12 [I_BUF] because the location is not set
INFO: BIT: Skip $iopadmap$GJC8.b_13 [I_BUF] because the location is not set
INFO: BIT: Skip $iopadmap$GJC8.b_14 [I_BUF] because the location is not set
INFO: BIT: Skip $iopadmap$GJC8.b_15 [I_BUF] because the location is not set
INFO: BIT: Skip $iopadmap$GJC8.b_16 [I_BUF] because the location is not set
INFO: BIT: Skip $iopadmap$GJC8.b_17 [I_BUF] because the location is not set
INFO: BIT: Skip $iopadmap$GJC8.b_2 [I_BUF] because the location is not set
INFO: BIT: Skip $iopadmap$GJC8.b_3 [I_BUF] because the location is not set
INFO: BIT: Skip $iopadmap$GJC8.b_4 [I_BUF] because the location is not set
INFO: BIT: Skip $iopadmap$GJC8.b_5 [I_BUF] because the location is not set
INFO: BIT: Skip $iopadmap$GJC8.b_6 [I_BUF] because the location is not set
INFO: BIT: Skip $iopadmap$GJC8.b_7 [I_BUF] because the location is not set
INFO: BIT: Skip $iopadmap$GJC8.b_8 [I_BUF] because the location is not set
INFO: BIT: Skip $iopadmap$GJC8.b_9 [I_BUF] because the location is not set
INFO: BIT: Skip $iopadmap$GJC8.feedback [I_BUF] because the location is not set
INFO: BIT: Skip $iopadmap$GJC8.feedback_1 [I_BUF] because the location is not set
INFO: BIT: Skip $iopadmap$GJC8.feedback_2 [I_BUF] because the location is not set
INFO: BIT: Skip $iopadmap$GJC8.unsigned_a [I_BUF] because the location is not set
INFO: BIT: Skip $iopadmap$GJC8.unsigned_b [I_BUF] because the location is not set
INFO: BIT: Skip $iopadmap$GJC8.z [O_BUF] because the location is not set
INFO: BIT: Skip $iopadmap$GJC8.z_1 [O_BUF] because the location is not set
INFO: BIT: Skip $iopadmap$GJC8.z_10 [O_BUF] because the location is not set
INFO: BIT: Skip $iopadmap$GJC8.z_11 [O_BUF] because the location is not set
INFO: BIT: Skip $iopadmap$GJC8.z_12 [O_BUF] because the location is not set
INFO: BIT: Skip $iopadmap$GJC8.z_13 [O_BUF] because the location is not set
INFO: BIT: Skip $iopadmap$GJC8.z_14 [O_BUF] because the location is not set
INFO: BIT: Skip $iopadmap$GJC8.z_15 [O_BUF] because the location is not set
INFO: BIT: Skip $iopadmap$GJC8.z_16 [O_BUF] because the location is not set
INFO: BIT: Skip $iopadmap$GJC8.z_17 [O_BUF] because the location is not set
INFO: BIT: Skip $iopadmap$GJC8.z_18 [O_BUF] because the location is not set
INFO: BIT: Skip $iopadmap$GJC8.z_19 [O_BUF] because the location is not set
INFO: BIT: Skip $iopadmap$GJC8.z_2 [O_BUF] because the location is not set
INFO: BIT: Skip $iopadmap$GJC8.z_20 [O_BUF] because the location is not set
INFO: BIT: Skip $iopadmap$GJC8.z_21 [O_BUF] because the location is not set
INFO: BIT: Skip $iopadmap$GJC8.z_22 [O_BUF] because the location is not set
INFO: BIT: Skip $iopadmap$GJC8.z_23 [O_BUF] because the location is not set
INFO: BIT: Skip $iopadmap$GJC8.z_24 [O_BUF] because the location is not set
INFO: BIT: Skip $iopadmap$GJC8.z_25 [O_BUF] because the location is not set
INFO: BIT: Skip $iopadmap$GJC8.z_26 [O_BUF] because the location is not set
INFO: BIT: Skip $iopadmap$GJC8.z_27 [O_BUF] because the location is not set
INFO: BIT: Skip $iopadmap$GJC8.z_28 [O_BUF] because the location is not set
INFO: BIT: Skip $iopadmap$GJC8.z_29 [O_BUF] because the location is not set
INFO: BIT: Skip $iopadmap$GJC8.z_3 [O_BUF] because the location is not set
INFO: BIT: Skip $iopadmap$GJC8.z_30 [O_BUF] because the location is not set
INFO: BIT: Skip $iopadmap$GJC8.z_31 [O_BUF] because the location is not set
INFO: BIT: Skip $iopadmap$GJC8.z_32 [O_BUF] because the location is not set
INFO: BIT: Skip $iopadmap$GJC8.z_33 [O_BUF] because the location is not set
INFO: BIT: Skip $iopadmap$GJC8.z_34 [O_BUF] because the location is not set
INFO: BIT: Skip $iopadmap$GJC8.z_35 [O_BUF] because the location is not set
INFO: BIT: Skip $iopadmap$GJC8.z_36 [O_BUF] because the location is not set
INFO: BIT: Skip $iopadmap$GJC8.z_37 [O_BUF] because the location is not set
INFO: BIT: Skip $iopadmap$GJC8.z_4 [O_BUF] because the location is not set
INFO: BIT: Skip $iopadmap$GJC8.z_5 [O_BUF] because the location is not set
INFO: BIT: Skip $iopadmap$GJC8.z_6 [O_BUF] because the location is not set
INFO: BIT: Skip $iopadmap$GJC8.z_7 [O_BUF] because the location is not set
INFO: BIT: Skip $iopadmap$GJC8.z_8 [O_BUF] because the location is not set
INFO: BIT: Skip $iopadmap$GJC8.z_9 [O_BUF] because the location is not set
INFO: BIT: Design GJC8 bitstream is generated
