/*******************************************************************************
Copyright (c) 2022 Rapid Silicon
This source code contains proprietary information belonging to Rapid Silicon
(the "licensor") released under license and non-disclosure agreement to the
recipient (the "licensee").

The information shared and protected by the license and non-disclosure agreement
includes but is not limited to the following:
* operational algorithms of the product
* logos, graphics, source code, and visual presentation of the product
* confidential operational information of the licensor

The recipient of this source code is NOT permitted to publicly disclose,
re-use, archive beyond the period of the license agreement, transfer to a
sub-licensee, or re-implement any portion of the content covered by the license
and non-disclosure agreement without the prior written consent of the licensor.

Portions of Raptor Design Suite are utilized under the following third-party copyright notices:

Parallax Static Timing Analyzer Copyright (c) 2021, Parallax Software, Inc. All rights reserved.
*********************************************************************************/

Version  : 2023.12
Build    : 0.9.8
Hash     : 3fa5f90
Date     : Dec 11 2023
Type     : Engineering
Log Time   : Mon Dec 11 10:19:41 2023 GMT
#Unconstrained setup timing startpoint/endpoint

timing_node_id node_type node_name
-------------- --------- ---------
0 .input din[0].inpad[0]
1 .input din[1].inpad[0]
2 .input din[2].inpad[0]
3 .input din[3].inpad[0]
4 .input din[4].inpad[0]
5 .input din[5].inpad[0]
6 .input din[6].inpad[0]
7 .input din[7].inpad[0]
8 .input din[8].inpad[0]
9 .input din[9].inpad[0]
10 .input din[10].inpad[0]
11 .input din[11].inpad[0]
12 .input din[12].inpad[0]
13 .input din[13].inpad[0]
14 .input din[14].inpad[0]
15 .input din[15].inpad[0]
16 .input din[16].inpad[0]
17 .input din[17].inpad[0]
18 .input din[18].inpad[0]
19 .input din[19].inpad[0]
20 .input din[20].inpad[0]
21 .input din[21].inpad[0]
22 .input din[22].inpad[0]
23 .input din[23].inpad[0]
24 .input din[24].inpad[0]
25 .input din[25].inpad[0]
26 .input din[26].inpad[0]
27 .input din[27].inpad[0]
28 .input din[28].inpad[0]
29 .input din[29].inpad[0]
30 .input din[30].inpad[0]
31 .input din[31].inpad[0]
32 .input read_addr[0].inpad[0]
33 .input read_addr[1].inpad[0]
34 .input read_addr[2].inpad[0]
35 .input read_addr[3].inpad[0]
36 .input read_addr[4].inpad[0]
37 .input read_addr[5].inpad[0]
38 .input read_addr[6].inpad[0]
39 .input read_addr[7].inpad[0]
40 .input read_addr[8].inpad[0]
41 .input write_addr[0].inpad[0]
42 .input write_addr[1].inpad[0]
43 .input write_addr[2].inpad[0]
44 .input write_addr[3].inpad[0]
45 .input write_addr[4].inpad[0]
46 .input write_addr[5].inpad[0]
47 .input write_addr[6].inpad[0]
48 .input write_addr[7].inpad[0]
49 .input write_addr[8].inpad[0]
50 .input we.inpad[0]
60 RS_TDP36K dout[0].RDATA_A1[0]
61 RS_TDP36K dout[0].RDATA_A1[1]
62 RS_TDP36K dout[0].RDATA_A1[2]
63 RS_TDP36K dout[0].RDATA_A1[3]
64 RS_TDP36K dout[0].RDATA_A1[4]
65 RS_TDP36K dout[0].RDATA_A1[5]
66 RS_TDP36K dout[0].RDATA_A1[6]
67 RS_TDP36K dout[0].RDATA_A1[7]
68 RS_TDP36K dout[0].RDATA_A1[8]
69 RS_TDP36K dout[0].RDATA_A1[9]
70 RS_TDP36K dout[0].RDATA_A1[10]
71 RS_TDP36K dout[0].RDATA_A1[11]
72 RS_TDP36K dout[0].RDATA_A1[12]
73 RS_TDP36K dout[0].RDATA_A1[13]
74 RS_TDP36K dout[0].RDATA_A1[14]
75 RS_TDP36K dout[0].RDATA_A1[15]
76 RS_TDP36K dout[0].RDATA_A1[16]
77 RS_TDP36K dout[0].RDATA_A1[17]
78 RS_TDP36K dout[0].RDATA_A2[0]
79 RS_TDP36K dout[0].RDATA_A2[1]
80 RS_TDP36K dout[0].RDATA_A2[2]
81 RS_TDP36K dout[0].RDATA_A2[3]
82 RS_TDP36K dout[0].RDATA_A2[4]
83 RS_TDP36K dout[0].RDATA_A2[5]
84 RS_TDP36K dout[0].RDATA_A2[6]
85 RS_TDP36K dout[0].RDATA_A2[7]
86 RS_TDP36K dout[0].RDATA_A2[8]
87 RS_TDP36K dout[0].RDATA_A2[9]
88 RS_TDP36K dout[0].RDATA_A2[10]
89 RS_TDP36K dout[0].RDATA_A2[11]
90 RS_TDP36K dout[0].RDATA_A2[12]
91 RS_TDP36K dout[0].RDATA_A2[16]
97 RS_TDP36K dout[0].ADDR_A1[5]
98 RS_TDP36K dout[0].ADDR_A1[6]
99 RS_TDP36K dout[0].ADDR_A1[7]
100 RS_TDP36K dout[0].ADDR_A1[8]
101 RS_TDP36K dout[0].ADDR_A1[9]
102 RS_TDP36K dout[0].ADDR_A1[10]
103 RS_TDP36K dout[0].ADDR_A1[11]
104 RS_TDP36K dout[0].ADDR_A1[12]
105 RS_TDP36K dout[0].ADDR_A1[13]
135 RS_TDP36K dout[0].ADDR_A2[5]
136 RS_TDP36K dout[0].ADDR_A2[6]
137 RS_TDP36K dout[0].ADDR_A2[7]
138 RS_TDP36K dout[0].ADDR_A2[8]
139 RS_TDP36K dout[0].ADDR_A2[9]
140 RS_TDP36K dout[0].ADDR_A2[10]
141 RS_TDP36K dout[0].ADDR_A2[11]
142 RS_TDP36K dout[0].ADDR_A2[12]
143 RS_TDP36K dout[0].ADDR_A2[13]
172 RS_TDP36K dout[0].ADDR_B1[5]
173 RS_TDP36K dout[0].ADDR_B1[6]
174 RS_TDP36K dout[0].ADDR_B1[7]
175 RS_TDP36K dout[0].ADDR_B1[8]
176 RS_TDP36K dout[0].ADDR_B1[9]
177 RS_TDP36K dout[0].ADDR_B1[10]
178 RS_TDP36K dout[0].ADDR_B1[11]
179 RS_TDP36K dout[0].ADDR_B1[12]
180 RS_TDP36K dout[0].ADDR_B1[13]
182 RS_TDP36K dout[0].BE_B1[0]
183 RS_TDP36K dout[0].BE_B1[1]
185 RS_TDP36K dout[0].WDATA_B1[0]
186 RS_TDP36K dout[0].WDATA_B1[1]
187 RS_TDP36K dout[0].WDATA_B1[2]
188 RS_TDP36K dout[0].WDATA_B1[3]
189 RS_TDP36K dout[0].WDATA_B1[4]
190 RS_TDP36K dout[0].WDATA_B1[5]
191 RS_TDP36K dout[0].WDATA_B1[6]
192 RS_TDP36K dout[0].WDATA_B1[7]
193 RS_TDP36K dout[0].WDATA_B1[8]
194 RS_TDP36K dout[0].WDATA_B1[9]
195 RS_TDP36K dout[0].WDATA_B1[10]
196 RS_TDP36K dout[0].WDATA_B1[11]
197 RS_TDP36K dout[0].WDATA_B1[12]
198 RS_TDP36K dout[0].WDATA_B1[13]
199 RS_TDP36K dout[0].WDATA_B1[14]
200 RS_TDP36K dout[0].WDATA_B1[15]
201 RS_TDP36K dout[0].WDATA_B1[16]
202 RS_TDP36K dout[0].WDATA_B1[17]
203 RS_TDP36K dout[0].WEN_B1[0]
209 RS_TDP36K dout[0].ADDR_B2[5]
210 RS_TDP36K dout[0].ADDR_B2[6]
211 RS_TDP36K dout[0].ADDR_B2[7]
212 RS_TDP36K dout[0].ADDR_B2[8]
213 RS_TDP36K dout[0].ADDR_B2[9]
214 RS_TDP36K dout[0].ADDR_B2[10]
215 RS_TDP36K dout[0].ADDR_B2[11]
216 RS_TDP36K dout[0].ADDR_B2[12]
217 RS_TDP36K dout[0].ADDR_B2[13]
218 RS_TDP36K dout[0].BE_B2[0]
219 RS_TDP36K dout[0].BE_B2[1]
221 RS_TDP36K dout[0].WDATA_B2[0]
222 RS_TDP36K dout[0].WDATA_B2[1]
223 RS_TDP36K dout[0].WDATA_B2[2]
224 RS_TDP36K dout[0].WDATA_B2[3]
225 RS_TDP36K dout[0].WDATA_B2[4]
226 RS_TDP36K dout[0].WDATA_B2[5]
227 RS_TDP36K dout[0].WDATA_B2[6]
228 RS_TDP36K dout[0].WDATA_B2[7]
229 RS_TDP36K dout[0].WDATA_B2[8]
230 RS_TDP36K dout[0].WDATA_B2[9]
231 RS_TDP36K dout[0].WDATA_B2[10]
232 RS_TDP36K dout[0].WDATA_B2[11]
233 RS_TDP36K dout[0].WDATA_B2[12]
237 RS_TDP36K dout[0].WDATA_B2[16]
239 RS_TDP36K dout[0].WEN_B2[0]
240 .output out:dout[0].outpad[0]
241 .output out:dout[1].outpad[0]
242 .output out:dout[2].outpad[0]
243 .output out:dout[3].outpad[0]
244 .output out:dout[4].outpad[0]
245 .output out:dout[5].outpad[0]
246 .output out:dout[6].outpad[0]
247 .output out:dout[7].outpad[0]
248 .output out:dout[9].outpad[0]
249 .output out:dout[10].outpad[0]
250 .output out:dout[11].outpad[0]
251 .output out:dout[12].outpad[0]
252 .output out:dout[13].outpad[0]
253 .output out:dout[14].outpad[0]
254 .output out:dout[15].outpad[0]
255 .output out:dout[16].outpad[0]
256 .output out:dout[8].outpad[0]
257 .output out:dout[17].outpad[0]
258 .output out:dout[18].outpad[0]
259 .output out:dout[19].outpad[0]
260 .output out:dout[20].outpad[0]
261 .output out:dout[21].outpad[0]
262 .output out:dout[22].outpad[0]
263 .output out:dout[23].outpad[0]
264 .output out:dout[24].outpad[0]
265 .output out:dout[25].outpad[0]
266 .output out:dout[27].outpad[0]
267 .output out:dout[28].outpad[0]
268 .output out:dout[29].outpad[0]
269 .output out:dout[30].outpad[0]
270 .output out:dout[31].outpad[0]
271 .output out:dout[26].outpad[0]

#End of unconstrained setup startpoint/endpoint report
