/*******************************************************************************
Copyright (c) 2022-2024 Rapid Silicon
This source code contains proprietary information belonging to Rapid Silicon
(the "licensor") released under license and non-disclosure agreement to the
recipient (the "licensee").

The information shared and protected by the license and non-disclosure agreement
includes but is not limited to the following:
* operational algorithms of the product
* logos, graphics, source code, and visual presentation of the product
* confidential operational information of the licensor

The recipient of this source code is NOT permitted to publicly disclose,
re-use, archive beyond the period of the license agreement, transfer to a
sub-licensee, or re-implement any portion of the content covered by the license
and non-disclosure agreement without the prior written consent of the licensor.
*********************************************************************************/

Version  : 2024.03
Build    : 1.0.17
Hash     : 7566e6a
Date     : Mar 20 2024
Type     : Engineering
Log Time   : Wed Mar 20 05:38:07 2024 GMT

[ 10:38:07 ] Analysis has started
[ 10:38:07 ] Command: /nfs_eda_sw/softwares/Raptor/instl_dir/03_20_2024_09_15_01/bin/yosys -s /nfs_scratch/scratch/CompilerValidation/abdul_hameed/19-march/Validation/RTL_testcases/DSP_new_designs/filt_ppd/results_dir/filt_ppd/run_1/synth_1_1/analysis/filt_ppd_analyzer.cmd
[ 10:38:08 ] Duration: 297 ms. Max utilization: 48 MB
[ 10:38:08 ] Synthesize has started
[ 10:38:08 ] Command: /nfs_eda_sw/softwares/Raptor/instl_dir/03_20_2024_09_15_01/bin/yosys -s filt_ppd.ys -l filt_ppd_synth.log
[ 10:54:21 ] Duration: 972980 ms. Max utilization: 357 MB
[ 10:54:21 ] Packing has started
[ 10:54:21 ] Command: /nfs_eda_sw/softwares/Raptor/instl_dir/03_20_2024_09_15_01/bin/vpr /nfs_eda_sw/softwares/Raptor/instl_dir/03_20_2024_09_15_01/share/raptor/etc/devices/gemini_compact_104x68/gemini_vpr.xml /nfs_scratch/scratch/CompilerValidation/abdul_hameed/19-march/Validation/RTL_testcases/DSP_new_designs/filt_ppd/results_dir/filt_ppd/run_1/synth_1_1/synthesis/fabric_filt_ppd_post_synth.eblif --sdc_file /nfs_scratch/scratch/CompilerValidation/abdul_hameed/19-march/Validation/RTL_testcases/DSP_new_designs/filt_ppd/results_dir/filt_ppd/run_1/synth_1_1/impl_1_1_1/packing/fabric_filt_ppd_openfpga.sdc --route_chan_width 160 --suppress_warnings check_rr_node_warnings.log,check_rr_node --clock_modeling ideal --absorb_buffer_luts off --skip_sync_clustering_and_routing_results off --constant_net_method route --post_place_timing_report filt_ppd_post_place_timing.rpt --device castor104x68_heterogeneous --allow_unrelated_clustering on --allow_dangling_combinational_nodes on --place_delta_delay_matrix_calculation_method dijkstra --gen_post_synthesis_netlist on --post_synth_netlist_unconn_inputs gnd --inner_loop_recompute_divider 1 --max_router_iterations 1500 --timing_report_detail detailed --timing_report_npaths 100 --top filt_ppd --net_file /nfs_scratch/scratch/CompilerValidation/abdul_hameed/19-march/Validation/RTL_testcases/DSP_new_designs/filt_ppd/results_dir/filt_ppd/run_1/synth_1_1/impl_1_1_1/packing/fabric_filt_ppd_post_synth.net --place_file /nfs_scratch/scratch/CompilerValidation/abdul_hameed/19-march/Validation/RTL_testcases/DSP_new_designs/filt_ppd/results_dir/filt_ppd/run_1/synth_1_1/impl_1_1_1/placement/fabric_filt_ppd_post_synth.place --route_file /nfs_scratch/scratch/CompilerValidation/abdul_hameed/19-march/Validation/RTL_testcases/DSP_new_designs/filt_ppd/results_dir/filt_ppd/run_1/synth_1_1/impl_1_1_1/routing/fabric_filt_ppd_post_synth.route --pack
[ 10:55:33 ] Duration: 72529 ms. Max utilization: 1710 MB
[ 10:55:34 ] Placement has started
[ 10:55:34 ] Command: /nfs_eda_sw/softwares/Raptor/instl_dir/03_20_2024_09_15_01/bin/pin_c --csv /nfs_eda_sw/softwares/Raptor/instl_dir/03_20_2024_09_15_01/share/raptor/etc/devices/gemini_compact_104x68/Gemini_Pin_Table.csv --blif /nfs_scratch/scratch/CompilerValidation/abdul_hameed/19-march/Validation/RTL_testcases/DSP_new_designs/filt_ppd/results_dir/filt_ppd/run_1/synth_1_1/synthesis/filt_ppd_post_synth.eblif --output filt_ppd_pin_loc.place --assign_unconstrained_pins in_define_order --edits /nfs_scratch/scratch/CompilerValidation/abdul_hameed/19-march/Validation/RTL_testcases/DSP_new_designs/filt_ppd/results_dir/filt_ppd/run_1/synth_1_1/synthesis/config.json
[ 10:55:34 ] Duration: 582 ms. Max utilization: 105 MB
[ 10:55:34 ] Command: /nfs_eda_sw/softwares/Raptor/instl_dir/03_20_2024_09_15_01/bin/vpr /nfs_eda_sw/softwares/Raptor/instl_dir/03_20_2024_09_15_01/share/raptor/etc/devices/gemini_compact_104x68/gemini_vpr.xml /nfs_scratch/scratch/CompilerValidation/abdul_hameed/19-march/Validation/RTL_testcases/DSP_new_designs/filt_ppd/results_dir/filt_ppd/run_1/synth_1_1/synthesis/fabric_filt_ppd_post_synth.eblif --sdc_file /nfs_scratch/scratch/CompilerValidation/abdul_hameed/19-march/Validation/RTL_testcases/DSP_new_designs/filt_ppd/results_dir/filt_ppd/run_1/synth_1_1/impl_1_1_1/packing/fabric_filt_ppd_openfpga.sdc --route_chan_width 160 --suppress_warnings check_rr_node_warnings.log,check_rr_node --clock_modeling ideal --absorb_buffer_luts off --skip_sync_clustering_and_routing_results off --constant_net_method route --post_place_timing_report filt_ppd_post_place_timing.rpt --device castor104x68_heterogeneous --allow_unrelated_clustering on --allow_dangling_combinational_nodes on --place_delta_delay_matrix_calculation_method dijkstra --gen_post_synthesis_netlist on --post_synth_netlist_unconn_inputs gnd --inner_loop_recompute_divider 1 --max_router_iterations 1500 --timing_report_detail detailed --timing_report_npaths 100 --top filt_ppd --net_file /nfs_scratch/scratch/CompilerValidation/abdul_hameed/19-march/Validation/RTL_testcases/DSP_new_designs/filt_ppd/results_dir/filt_ppd/run_1/synth_1_1/impl_1_1_1/packing/fabric_filt_ppd_post_synth.net --place_file /nfs_scratch/scratch/CompilerValidation/abdul_hameed/19-march/Validation/RTL_testcases/DSP_new_designs/filt_ppd/results_dir/filt_ppd/run_1/synth_1_1/impl_1_1_1/placement/fabric_filt_ppd_post_synth.place --route_file /nfs_scratch/scratch/CompilerValidation/abdul_hameed/19-march/Validation/RTL_testcases/DSP_new_designs/filt_ppd/results_dir/filt_ppd/run_1/synth_1_1/impl_1_1_1/routing/fabric_filt_ppd_post_synth.route --place
[ 11:00:19 ] Duration: 284640 ms. Max utilization: 1842 MB
[ 11:00:19 ] Route has started
[ 11:00:19 ] Command: /nfs_eda_sw/softwares/Raptor/instl_dir/03_20_2024_09_15_01/bin/vpr /nfs_eda_sw/softwares/Raptor/instl_dir/03_20_2024_09_15_01/share/raptor/etc/devices/gemini_compact_104x68/gemini_vpr.xml /nfs_scratch/scratch/CompilerValidation/abdul_hameed/19-march/Validation/RTL_testcases/DSP_new_designs/filt_ppd/results_dir/filt_ppd/run_1/synth_1_1/synthesis/fabric_filt_ppd_post_synth.eblif --sdc_file /nfs_scratch/scratch/CompilerValidation/abdul_hameed/19-march/Validation/RTL_testcases/DSP_new_designs/filt_ppd/results_dir/filt_ppd/run_1/synth_1_1/impl_1_1_1/packing/fabric_filt_ppd_openfpga.sdc --route_chan_width 160 --suppress_warnings check_rr_node_warnings.log,check_rr_node --clock_modeling ideal --absorb_buffer_luts off --skip_sync_clustering_and_routing_results off --constant_net_method route --post_place_timing_report filt_ppd_post_place_timing.rpt --device castor104x68_heterogeneous --allow_unrelated_clustering on --allow_dangling_combinational_nodes on --place_delta_delay_matrix_calculation_method dijkstra --gen_post_synthesis_netlist on --post_synth_netlist_unconn_inputs gnd --inner_loop_recompute_divider 1 --max_router_iterations 1500 --timing_report_detail detailed --timing_report_npaths 100 --top filt_ppd --net_file /nfs_scratch/scratch/CompilerValidation/abdul_hameed/19-march/Validation/RTL_testcases/DSP_new_designs/filt_ppd/results_dir/filt_ppd/run_1/synth_1_1/impl_1_1_1/packing/fabric_filt_ppd_post_synth.net --place_file /nfs_scratch/scratch/CompilerValidation/abdul_hameed/19-march/Validation/RTL_testcases/DSP_new_designs/filt_ppd/results_dir/filt_ppd/run_1/synth_1_1/impl_1_1_1/placement/fabric_filt_ppd_post_synth.place --route_file /nfs_scratch/scratch/CompilerValidation/abdul_hameed/19-march/Validation/RTL_testcases/DSP_new_designs/filt_ppd/results_dir/filt_ppd/run_1/synth_1_1/impl_1_1_1/routing/fabric_filt_ppd_post_synth.route --route
[ 11:02:33 ] Duration: 134105 ms. Max utilization: 1550 MB
[ 11:02:33 ] Command: /nfs_eda_sw/softwares/Raptor/instl_dir/03_20_2024_09_15_01/bin/finalize  /nfs_scratch/scratch/CompilerValidation/abdul_hameed/19-march/Validation/RTL_testcases/DSP_new_designs/filt_ppd/results_dir/filt_ppd/run_1/synth_1_1/impl_1_1_1/routing/fabric_filt_ppd_post_synthesis.v /nfs_scratch/scratch/CompilerValidation/abdul_hameed/19-march/Validation/RTL_testcases/DSP_new_designs/filt_ppd/results_dir/filt_ppd/run_1/synth_1_1/impl_1_1_1/routing/fabric_filt_ppd_post_synthesis.v_
[ 11:02:33 ] Duration: 236 ms. Max utilization: 38 MB
[ 11:02:33 ] TimingAnalysis has started
[ 11:02:33 ] Command: /nfs_eda_sw/softwares/Raptor/instl_dir/03_20_2024_09_15_01/bin/vpr /nfs_eda_sw/softwares/Raptor/instl_dir/03_20_2024_09_15_01/share/raptor/etc/devices/gemini_compact_104x68/gemini_vpr.xml /nfs_scratch/scratch/CompilerValidation/abdul_hameed/19-march/Validation/RTL_testcases/DSP_new_designs/filt_ppd/results_dir/filt_ppd/run_1/synth_1_1/synthesis/fabric_filt_ppd_post_synth.eblif --sdc_file /nfs_scratch/scratch/CompilerValidation/abdul_hameed/19-march/Validation/RTL_testcases/DSP_new_designs/filt_ppd/results_dir/filt_ppd/run_1/synth_1_1/impl_1_1_1/packing/fabric_filt_ppd_openfpga.sdc --route_chan_width 160 --suppress_warnings check_rr_node_warnings.log,check_rr_node --clock_modeling ideal --absorb_buffer_luts off --skip_sync_clustering_and_routing_results off --constant_net_method route --post_place_timing_report filt_ppd_post_place_timing.rpt --device castor104x68_heterogeneous --allow_unrelated_clustering on --allow_dangling_combinational_nodes on --place_delta_delay_matrix_calculation_method dijkstra --post_synth_netlist_unconn_inputs gnd --inner_loop_recompute_divider 1 --max_router_iterations 1500 --timing_report_detail detailed --timing_report_npaths 100 --top filt_ppd --net_file /nfs_scratch/scratch/CompilerValidation/abdul_hameed/19-march/Validation/RTL_testcases/DSP_new_designs/filt_ppd/results_dir/filt_ppd/run_1/synth_1_1/impl_1_1_1/packing/fabric_filt_ppd_post_synth.net --place_file /nfs_scratch/scratch/CompilerValidation/abdul_hameed/19-march/Validation/RTL_testcases/DSP_new_designs/filt_ppd/results_dir/filt_ppd/run_1/synth_1_1/impl_1_1_1/placement/fabric_filt_ppd_post_synth.place --route_file /nfs_scratch/scratch/CompilerValidation/abdul_hameed/19-march/Validation/RTL_testcases/DSP_new_designs/filt_ppd/results_dir/filt_ppd/run_1/synth_1_1/impl_1_1_1/routing/fabric_filt_ppd_post_synth.route --analysis
[ 11:03:13 ] Duration: 40238 ms. Max utilization: 1478 MB
[ 11:03:14 ] PowerAnalysis has started
[ 11:03:14 ] Command: /nfs_eda_sw/softwares/Raptor/instl_dir/03_20_2024_09_15_01/bin/yosys -s pw_extract.ys -l filt_ppd_power.log
[ 11:03:16 ] Duration: 2671 ms. Max utilization: 182 MB
[ 11:03:16 ] GenerateBitstream has started
[ 11:03:16 ] Command: /nfs_eda_sw/softwares/Raptor/instl_dir/03_20_2024_09_15_01/bin/openfpga -batch -f filt_ppd.openfpga
[ 11:11:50 ] Duration: 513977 ms. Max utilization: 6921 MB
