/*******************************************************************************
Copyright (c) 2022-2024 Rapid Silicon
This source code contains proprietary information belonging to Rapid Silicon
(the "licensor") released under license and non-disclosure agreement to the
recipient (the "licensee").

The information shared and protected by the license and non-disclosure agreement
includes but is not limited to the following:
* operational algorithms of the product
* logos, graphics, source code, and visual presentation of the product
* confidential operational information of the licensor

The recipient of this source code is NOT permitted to publicly disclose,
re-use, archive beyond the period of the license agreement, transfer to a
sub-licensee, or re-implement any portion of the content covered by the license
and non-disclosure agreement without the prior written consent of the licensor.
*********************************************************************************/

Version  : 2024.10
Build    : 1.2.12
Hash     : 6f00985
Date     : Oct  1 2024
Type     : Engineering
Log Time   : Tue Oct  1 20:40:37 2024 GMT

[ 01:40:38 ] Analysis has started
[ 01:40:38 ] Command: /nfs_eda_sw/softwares/Raptor/instl_dir/10_01_2024_09_15_02/bin/yosys -s /nfs_scratch/scratch/CGA/repo/2024-10-01-23-30-48_T12181R18/Validation/RTL_testcases/RTL_Benchmarks_Gap_Analysis/hmac/results_dir/hmac/run_1/synth_1_1/analysis/hmac_analyzer.cmd
[ 01:40:38 ] Duration: 93 ms. Max utilization: 35 MB
[ 01:40:38 ] Analysis has started
[ 01:40:38 ] Command: /nfs_eda_sw/softwares/Raptor/instl_dir/10_01_2024_09_15_02/bin/yosys -s /nfs_scratch/scratch/CGA/repo/2024-10-01-23-30-48_T12181R18/Validation/RTL_testcases/RTL_Benchmarks_Gap_Analysis/hmac/results_dir/hmac/run_1/synth_1_1/analysis/hmac_analyzer.cmd
[ 01:41:06 ] Duration: 27677 ms. Max utilization: 1018 MB
[ 01:41:06 ] Synthesize has started
[ 01:41:06 ] Command: /nfs_eda_sw/softwares/Raptor/instl_dir/10_01_2024_09_15_02/bin/yosys -s hmac.ys -l hmac_synth.log
