/*******************************************************************************
Copyright (c) 2022-2024 Rapid Silicon
This source code contains proprietary information belonging to Rapid Silicon
(the "licensor") released under license and non-disclosure agreement to the
recipient (the "licensee").

The information shared and protected by the license and non-disclosure agreement
includes but is not limited to the following:
* operational algorithms of the product
* logos, graphics, source code, and visual presentation of the product
* confidential operational information of the licensor

The recipient of this source code is NOT permitted to publicly disclose,
re-use, archive beyond the period of the license agreement, transfer to a
sub-licensee, or re-implement any portion of the content covered by the license
and non-disclosure agreement without the prior written consent of the licensor.
*********************************************************************************/

Version  : 2024.02
Build    : 0.9.41
Hash     : 98521c2
Date     : Feb 20 2024
Type     : Engineering
Log Time   : Tue Feb 20 14:31:15 2024 GMT
#Packing pin usage report
Type: io
	Input Pin Usage:
		Max: 1.00 (0.06)
		Avg: 0.61 (0.03)
		Min: 0.00 (0.00)
		Histogram:
		[        0:      1.8) 275 (100.0%) |***********************************************
		[      1.8:      3.6)   0 (  0.0%) |
		[      3.6:      5.4)   0 (  0.0%) |
		[      5.4:      7.2)   0 (  0.0%) |
		[      7.2:        9)   0 (  0.0%) |
		[        9:       11)   0 (  0.0%) |
		[       11:       13)   0 (  0.0%) |
		[       13:       14)   0 (  0.0%) |
		[       14:       16)   0 (  0.0%) |
		[       16:       18)   0 (  0.0%) |
	Output Pin Usage:
		Max: 1.00 (0.50)
		Avg: 0.39 (0.20)
		Min: 0.00 (0.00)
		Histogram:
		[        0:      0.2) 167 ( 60.7%) |***********************************************
		[      0.2:      0.4)   0 (  0.0%) |
		[      0.4:      0.6)   0 (  0.0%) |
		[      0.6:      0.8)   0 (  0.0%) |
		[      0.8:        1) 108 ( 39.3%) |******************************
		[        1:      1.2)   0 (  0.0%) |
		[      1.2:      1.4)   0 (  0.0%) |
		[      1.4:      1.6)   0 (  0.0%) |
		[      1.6:      1.8)   0 (  0.0%) |
		[      1.8:        2)   0 (  0.0%) |

Type: clb
	Input Pin Usage:
		Max: 42.00 (0.58)
		Avg: 23.99 (0.33)
		Min: 4.00 (0.05)
		Histogram:
		[        0:      7.3)   65 (  1.5%) |**
		[      7.3:       15)  579 ( 13.1%) |**************
		[       15:       22)  869 ( 19.6%) |**********************
		[       22:       29) 1840 ( 41.5%) |**********************************************
		[       29:       36)  853 ( 19.3%) |*********************
		[       36:       44)  225 (  5.1%) |******
		[       44:       51)    0 (  0.0%) |
		[       51:       58)    0 (  0.0%) |
		[       58:       66)    0 (  0.0%) |
		[       66:       73)    0 (  0.0%) |
	Output Pin Usage:
		Max: 16.00 (0.59)
		Avg: 7.33 (0.27)
		Min: 1.00 (0.04)
		Histogram:
		[        0:      2.7)  374 (  8.4%) |**************
		[      2.7:      5.4) 1205 ( 27.2%) |**********************************************
		[      5.4:      8.1) 1175 ( 26.5%) |*********************************************
		[      8.1:       11)  737 ( 16.6%) |****************************
		[       11:       14)  743 ( 16.8%) |****************************
		[       14:       16)  197 (  4.4%) |********
		[       16:       19)    0 (  0.0%) |
		[       19:       22)    0 (  0.0%) |
		[       22:       24)    0 (  0.0%) |
		[       24:       27)    0 (  0.0%) |

