********************************************
*  SURELOG SystemVerilog  Compiler/Linter  *
********************************************

Copyright (c) 2017-2023 Alain Dargelas,
http://www.apache.org/licenses/LICENSE-2.0

VERSION: 1.84
BUILT  : Sep 19 2024
DATE   : 2024-09-19.14:18:38
COMMAND: -synth -top wrapper_multi_enc_decx2x4 -I../../../../.././rtl -I../../../../.. -I/nfs_scratch/scratch/CompilerValidation/zaheer_ahmad/os_fpga2/Validation/RTL_testcases/RTL_Benchmarks_Gap_Analysis/multi_enc_decx2x4/results_dir/.././wrapper_rtl -sv /nfs_scratch/scratch/CompilerValidation/zaheer_ahmad/os_fpga2/Validation/RTL_testcases/RTL_Benchmarks_Gap_Analysis/multi_enc_decx2x4/results_dir/.././wrapper_rtl/decoder.sv /nfs_scratch/scratch/CompilerValidation/zaheer_ahmad/os_fpga2/Validation/RTL_testcases/RTL_Benchmarks_Gap_Analysis/multi_enc_decx2x4/results_dir/.././wrapper_rtl/encoder.sv /nfs_scratch/scratch/CompilerValidation/zaheer_ahmad/os_fpga2/Validation/RTL_testcases/RTL_Benchmarks_Gap_Analysis/multi_enc_decx2x4/results_dir/.././wrapper_rtl/multi_enc_decx2x4.sv /nfs_scratch/scratch/CompilerValidation/zaheer_ahmad/os_fpga2/Validation/RTL_testcases/RTL_Benchmarks_Gap_Analysis/multi_enc_decx2x4/results_dir/.././wrapper_rtl/topenc_decx2.sv /nfs_scratch/scratch/CompilerValidation/zaheer_ahmad/os_fpga2/Validation/RTL_testcases/RTL_Benchmarks_Gap_Analysis/multi_enc_decx2x4/results_dir/.././wrapper_rtl/wrapper_multi_enc_decx2x4.sv -DYOSYS=1 -DSYNTHESIS=1

[INF:CM0023] Creating log file "/nfs_scratch/scratch/CompilerValidation/zaheer_ahmad/os_fpga2/Validation/RTL_testcases/RTL_Benchmarks_Gap_Analysis/multi_enc_decx2x4/results_dir/wrapper_multi_enc_decx2x4/run_1/synth_1_1/analysis/slpp_all/surelog.log".
[INF:CP0300] Compilation...
[INF:CP0303] /nfs_scratch/scratch/CompilerValidation/zaheer_ahmad/os_fpga2/Validation/RTL_testcases/RTL_Benchmarks_Gap_Analysis/multi_enc_decx2x4/wrapper_rtl/decoder.sv:1:1: Compile module "work@decoder128".
[INF:CP0303] /nfs_scratch/scratch/CompilerValidation/zaheer_ahmad/os_fpga2/Validation/RTL_testcases/RTL_Benchmarks_Gap_Analysis/multi_enc_decx2x4/wrapper_rtl/encoder.sv:1:1: Compile module "work@encoder128".
[INF:CP0303] /nfs_scratch/scratch/CompilerValidation/zaheer_ahmad/os_fpga2/Validation/RTL_testcases/RTL_Benchmarks_Gap_Analysis/multi_enc_decx2x4/wrapper_rtl/multi_enc_decx2x4.sv:9:1: Compile module "work@multi_enc_decx2x4".
[INF:CP0303] /nfs_scratch/scratch/CompilerValidation/zaheer_ahmad/os_fpga2/Validation/RTL_testcases/RTL_Benchmarks_Gap_Analysis/multi_enc_decx2x4/wrapper_rtl/topenc_decx2.sv:2:1: Compile module "work@top".
[INF:CP0303] /nfs_scratch/scratch/CompilerValidation/zaheer_ahmad/os_fpga2/Validation/RTL_testcases/RTL_Benchmarks_Gap_Analysis/multi_enc_decx2x4/wrapper_rtl/wrapper_multi_enc_decx2x4.sv:8:1: Compile module "work@wrapper_multi_enc_decx2x4".
[INF:CP0302] Compile class "work@mailbox".
[INF:CP0302] Compile class "work@process".
[INF:CP0302] Compile class "work@semaphore".
[NTE:CP0309] /nfs_scratch/scratch/CompilerValidation/zaheer_ahmad/os_fpga2/Validation/RTL_testcases/RTL_Benchmarks_Gap_Analysis/multi_enc_decx2x4/wrapper_rtl/multi_enc_decx2x4.sv:18:5: Implicit port type (wire) for "dataout",
there are 3 more instances of this message.
[NTE:CP0309] /nfs_scratch/scratch/CompilerValidation/zaheer_ahmad/os_fpga2/Validation/RTL_testcases/RTL_Benchmarks_Gap_Analysis/multi_enc_decx2x4/wrapper_rtl/topenc_decx2.sv:2:31: Implicit port type (wire) for "dataout",
there are 1 more instances of this message.
[INF:EL0526] Design Elaboration...
[NTE:EL0503] /nfs_scratch/scratch/CompilerValidation/zaheer_ahmad/os_fpga2/Validation/RTL_testcases/RTL_Benchmarks_Gap_Analysis/multi_enc_decx2x4/wrapper_rtl/wrapper_multi_enc_decx2x4.sv:8:1: Top level module "work@wrapper_multi_enc_decx2x4".
[NTE:EL0508] Nb Top level modules: 1.
[NTE:EL0509] Max instance depth: 4.
[NTE:EL0510] Nb instances: 17.
[NTE:EL0511] Nb leaf instances: 0.
[INF:UH0706] Creating UHDM Model...
[INF:UH0707] Elaborating UHDM...
[  FATAL] : 0
[ SYNTAX] : 0
[  ERROR] : 0
[WARNING] : 0
[   NOTE] : 7
