/*******************************************************************************
Copyright (c) 2022-2024 Rapid Silicon
This source code contains proprietary information belonging to Rapid Silicon
(the "licensor") released under license and non-disclosure agreement to the
recipient (the "licensee").

The information shared and protected by the license and non-disclosure agreement
includes but is not limited to the following:
* operational algorithms of the product
* logos, graphics, source code, and visual presentation of the product
* confidential operational information of the licensor

The recipient of this source code is NOT permitted to publicly disclose,
re-use, archive beyond the period of the license agreement, transfer to a
sub-licensee, or re-implement any portion of the content covered by the license
and non-disclosure agreement without the prior written consent of the licensor.
*********************************************************************************/

Version  : 2024.06
Build    : 1.1.5
Hash     : 42f0509
Date     : Jun 12 2024
Type     : Engineering
Log Time   : Wed Jun 12 07:33:55 2024 GMT

[ 12:33:55 ] Analysis has started
[ 12:33:55 ] Command: /nfs_eda_sw/softwares/Raptor/instl_dir/06_12_2024_09_15_02/bin/yosys -s /nfs_scratch/scratch/CompilerValidation/abdul_hameed/1111/Validation/RTL_testcases/verilog_random_designs/design124_20_12_top/results_dir/design124_20_12_top/run_1/synth_1_1/analysis/design124_20_12_top_analyzer.cmd
[ 12:33:55 ] Duration: 147 ms. Max utilization: 51 MB
[ 12:33:55 ] Synthesize has started
[ 12:33:55 ] Command: /nfs_eda_sw/softwares/Raptor/instl_dir/06_12_2024_09_15_02/bin/yosys -s design124_20_12_top.ys -l design124_20_12_top_synth.log
[ 12:44:56 ] Duration: 660739 ms. Max utilization: 481 MB
[ 12:44:56 ] Gate Simulation has started
[ 12:44:56 ] Command: /nfs_eda_sw/softwares/Raptor/instl_dir/06_12_2024_09_15_02/bin/HDL_simulator/iverilog/bin/iverilog -DIVERILOG=1 -v -s co_sim_design124_20_12_top -I../../../../.././rtl -I/nfs_scratch/scratch/CompilerValidation/abdul_hameed/1111/Validation/RTL_testcases/verilog_random_designs/design124_20_12_top/results_dir/.././rtl -I/nfs_scratch/scratch/CompilerValidation/abdul_hameed/1111/Validation/RTL_testcases/verilog_random_designs/design124_20_12_top/results_dir/.././sim/co_sim_tb -y ../../../../.././rtl -Y .v -Y .sv -g2012 /nfs_scratch/scratch/CompilerValidation/abdul_hameed/1111/Validation/RTL_testcases/verilog_random_designs/design124_20_12_top/results_dir/.././sim/co_sim_tb/co_sim_design124_20_12_top.v /nfs_scratch/scratch/CompilerValidation/abdul_hameed/1111/Validation/RTL_testcases/verilog_random_designs/design124_20_12_top/results_dir/.././rtl/design124_20_12_top.v /nfs_scratch/scratch/CompilerValidation/abdul_hameed/1111/Validation/RTL_testcases/verilog_random_designs/design124_20_12_top/results_dir/design124_20_12_top/run_1/synth_1_1/synthesis/design124_20_12_top_post_synth.v -l /nfs_eda_sw/softwares/Raptor/instl_dir/06_12_2024_09_15_02/share/raptor/sim_models/rapidsilicon/genesis3/simlib.v -l /nfs_eda_sw/softwares/Raptor/instl_dir/06_12_2024_09_15_02/share/raptor/sim_models/rapidsilicon/genesis3/brams_sim.v -l /nfs_eda_sw/softwares/Raptor/instl_dir/06_12_2024_09_15_02/share/raptor/sim_models/rapidsilicon/genesis3/llatches_sim.v -l /nfs_eda_sw/softwares/Raptor/instl_dir/06_12_2024_09_15_02/share/raptor/sim_models/rapidsilicon/genesis3/FPGA_PRIMITIVES_MODELS/sim_models/verilog/DFFNRE.v -l /nfs_eda_sw/softwares/Raptor/instl_dir/06_12_2024_09_15_02/share/raptor/sim_models/rapidsilicon/genesis3/FPGA_PRIMITIVES_MODELS/sim_models/verilog/LUT4.v -l /nfs_eda_sw/softwares/Raptor/instl_dir/06_12_2024_09_15_02/share/raptor/sim_models/rapidsilicon/genesis3/FPGA_PRIMITIVES_MODELS/sim_models/verilog/O_SERDES.v -l /nfs_eda_sw/softwares/Raptor/instl_dir/06_12_2024_09_15_02/share/raptor/sim_models/rapidsilicon/genesis3/FPGA_PRIMITIVES_MODELS/sim_models/verilog/FIFO18KX2.v -l /nfs_eda_sw/softwares/Raptor/instl_dir/06_12_2024_09_15_02/share/raptor/sim_models/rapidsilicon/genesis3/FPGA_PRIMITIVES_MODELS/sim_models/verilog/LUT5.v -l /nfs_eda_sw/softwares/Raptor/instl_dir/06_12_2024_09_15_02/share/raptor/sim_models/rapidsilicon/genesis3/FPGA_PRIMITIVES_MODELS/sim_models/verilog/CLK_BUF.v -l /nfs_eda_sw/softwares/Raptor/instl_dir/06_12_2024_09_15_02/share/raptor/sim_models/rapidsilicon/genesis3/FPGA_PRIMITIVES_MODELS/sim_models/verilog/CARRY.v -l /nfs_eda_sw/softwares/Raptor/instl_dir/06_12_2024_09_15_02/share/raptor/sim_models/rapidsilicon/genesis3/FPGA_PRIMITIVES_MODELS/sim_models/verilog/FIFO36K.v -l /nfs_eda_sw/softwares/Raptor/instl_dir/06_12_2024_09_15_02/share/raptor/sim_models/rapidsilicon/genesis3/FPGA_PRIMITIVES_MODELS/sim_models/verilog/I_DELAY.v -l /nfs_eda_sw/softwares/Raptor/instl_dir/06_12_2024_09_15_02/share/raptor/sim_models/rapidsilicon/genesis3/FPGA_PRIMITIVES_MODELS/sim_models/verilog/O_DDR.v -l /nfs_eda_sw/softwares/Raptor/instl_dir/06_12_2024_09_15_02/share/raptor/sim_models/rapidsilicon/genesis3/FPGA_PRIMITIVES_MODELS/sim_models/verilog/PLL.v -l /nfs_eda_sw/softwares/Raptor/instl_dir/06_12_2024_09_15_02/share/raptor/sim_models/rapidsilicon/genesis3/FPGA_PRIMITIVES_MODELS/sim_models/verilog/TDP_RAM18KX2.v -l /nfs_eda_sw/softwares/Raptor/instl_dir/06_12_2024_09_15_02/share/raptor/sim_models/rapidsilicon/genesis3/FPGA_PRIMITIVES_MODELS/sim_models/verilog/DFFRE.v -l /nfs_eda_sw/softwares/Raptor/instl_dir/06_12_2024_09_15_02/share/raptor/sim_models/rapidsilicon/genesis3/FPGA_PRIMITIVES_MODELS/sim_models/verilog/O_BUF.v -l /nfs_eda_sw/softwares/Raptor/instl_dir/06_12_2024_09_15_02/share/raptor/sim_models/rapidsilicon/genesis3/FPGA_PRIMITIVES_MODELS/sim_models/verilog/I_SERDES.v -l /nfs_eda_sw/softwares/Raptor/instl_dir/06_12_2024_09_15_02/share/raptor/sim_models/rapidsilicon/genesis3/FPGA_PRIMITIVES_MODELS/sim_models/verilog/LUT6.v -l /nfs_eda_sw/softwares/Raptor/instl_dir/06_12_2024_09_15_02/share/raptor/sim_models/rapidsilicon/genesis3/FPGA_PRIMITIVES_MODELS/sim_models/verilog/SOC_FPGA_TEMPERATURE.v -l /nfs_eda_sw/softwares/Raptor/instl_dir/06_12_2024_09_15_02/share/raptor/sim_models/rapidsilicon/genesis3/FPGA_PRIMITIVES_MODELS/sim_models/verilog/I_DDR.v -l /nfs_eda_sw/softwares/Raptor/instl_dir/06_12_2024_09_15_02/share/raptor/sim_models/rapidsilicon/genesis3/FPGA_PRIMITIVES_MODELS/sim_models/verilog/O_DELAY.v -l /nfs_eda_sw/softwares/Raptor/instl_dir/06_12_2024_09_15_02/share/raptor/sim_models/rapidsilicon/genesis3/FPGA_PRIMITIVES_MODELS/sim_models/verilog/O_BUFT.v -l /nfs_eda_sw/softwares/Raptor/instl_dir/06_12_2024_09_15_02/share/raptor/sim_models/rapidsilicon/genesis3/FPGA_PRIMITIVES_MODELS/sim_models/verilog/LUT2.v -l /nfs_eda_sw/softwares/Raptor/instl_dir/06_12_2024_09_15_02/share/raptor/sim_models/rapidsilicon/genesis3/FPGA_PRIMITIVES_MODELS/sim_models/verilog/SOC_FPGA_INTF_JTAG.v -l /nfs_eda_sw/softwares/Raptor/instl_dir/06_12_2024_09_15_02/share/raptor/sim_models/rapidsilicon/genesis3/FPGA_PRIMITIVES_MODELS/sim_models/verilog/BOOT_CLOCK.v -l /nfs_eda_sw/softwares/Raptor/instl_dir/06_12_2024_09_15_02/share/raptor/sim_models/rapidsilicon/genesis3/FPGA_PRIMITIVES_MODELS/sim_models/verilog/I_BUF.v -l /nfs_eda_sw/softwares/Raptor/instl_dir/06_12_2024_09_15_02/share/raptor/sim_models/rapidsilicon/genesis3/FPGA_PRIMITIVES_MODELS/sim_models/verilog/DSP38.v -l /nfs_eda_sw/softwares/Raptor/instl_dir/06_12_2024_09_15_02/share/raptor/sim_models/rapidsilicon/genesis3/FPGA_PRIMITIVES_MODELS/sim_models/verilog/LUT3.v -l /nfs_eda_sw/softwares/Raptor/instl_dir/06_12_2024_09_15_02/share/raptor/sim_models/rapidsilicon/genesis3/FPGA_PRIMITIVES_MODELS/sim_models/verilog/O_SERDES_CLK.v -l /nfs_eda_sw/softwares/Raptor/instl_dir/06_12_2024_09_15_02/share/raptor/sim_models/rapidsilicon/genesis3/FPGA_PRIMITIVES_MODELS/sim_models/verilog/O_BUF_DS.v -l /nfs_eda_sw/softwares/Raptor/instl_dir/06_12_2024_09_15_02/share/raptor/sim_models/rapidsilicon/genesis3/FPGA_PRIMITIVES_MODELS/sim_models/verilog/I_BUF_DS.v -l /nfs_eda_sw/softwares/Raptor/instl_dir/06_12_2024_09_15_02/share/raptor/sim_models/rapidsilicon/genesis3/FPGA_PRIMITIVES_MODELS/sim_models/verilog/O_BUFT_DS.v -l /nfs_eda_sw/softwares/Raptor/instl_dir/06_12_2024_09_15_02/share/raptor/sim_models/rapidsilicon/genesis3/FPGA_PRIMITIVES_MODELS/sim_models/verilog/LUT1.v -l /nfs_eda_sw/softwares/Raptor/instl_dir/06_12_2024_09_15_02/share/raptor/sim_models/rapidsilicon/genesis3/FPGA_PRIMITIVES_MODELS/sim_models/verilog/DSP19X2.v -l /nfs_eda_sw/softwares/Raptor/instl_dir/06_12_2024_09_15_02/share/raptor/sim_models/rapidsilicon/genesis3/FPGA_PRIMITIVES_MODELS/sim_models/verilog/TDP_RAM36K.v
[ 12:45:01 ] Duration: 4428 ms. Max utilization: 4 MB
[ 12:45:01 ] Command: /nfs_eda_sw/softwares/Raptor/instl_dir/06_12_2024_09_15_02/bin/HDL_simulator/iverilog/bin/vvp ./a.out -fst
[ 12:45:51 ] Duration: 50453 ms. Max utilization: 447 MB
