/*******************************************************************************
Copyright (c) 2022-2024 Rapid Silicon
This source code contains proprietary information belonging to Rapid Silicon
(the "licensor") released under license and non-disclosure agreement to the
recipient (the "licensee").

The information shared and protected by the license and non-disclosure agreement
includes but is not limited to the following:
* operational algorithms of the product
* logos, graphics, source code, and visual presentation of the product
* confidential operational information of the licensor

The recipient of this source code is NOT permitted to publicly disclose,
re-use, archive beyond the period of the license agreement, transfer to a
sub-licensee, or re-implement any portion of the content covered by the license
and non-disclosure agreement without the prior written consent of the licensor.
*********************************************************************************/

Version  : 2024.07
Build    : 1.1.38
Hash     : d0f8292
Date     : Jul 27 2024
Type     : Engineering
Log Time   : Mon Jul 29 07:44:18 2024 GMT

[ 12:44:18 ] Analysis has started
[ 12:44:18 ] Command: /nfs_eda_sw/softwares/Raptor/instl_dir/07_27_2024_09_15_01/bin/yosys -s /nfs_scratch/scratch/CompilerValidation/zaheer_ahmad/os_fpga2/Validation/RTL_testcases/DSP_new_designs/filt_ppi/results_dir/filt_ppi/run_1/synth_1_1/analysis/filt_ppi_analyzer.cmd
[ 12:44:18 ] Duration: 436 ms. Max utilization: 50 MB
[ 12:44:18 ] Synthesize has started
[ 12:44:18 ] Command: /nfs_eda_sw/softwares/Raptor/instl_dir/07_27_2024_09_15_01/bin/yosys -s filt_ppi.ys -l filt_ppi_synth.log
[ 12:53:08 ] Duration: 529314 ms. Max utilization: 373 MB
[ 12:53:08 ] Packing has started
[ 12:53:08 ] Command: /nfs_eda_sw/softwares/Raptor/instl_dir/07_27_2024_09_15_01/bin/vpr /nfs_eda_sw/softwares/Raptor/instl_dir/07_27_2024_09_15_01/share/raptor/etc/devices/gemini_compact_104x68/gemini_vpr.xml /nfs_scratch/scratch/CompilerValidation/zaheer_ahmad/os_fpga2/Validation/RTL_testcases/DSP_new_designs/filt_ppi/results_dir/filt_ppi/run_1/synth_1_1/synthesis/fabric_filt_ppi_post_synth.eblif --sdc_file /nfs_scratch/scratch/CompilerValidation/zaheer_ahmad/os_fpga2/Validation/RTL_testcases/DSP_new_designs/filt_ppi/results_dir/filt_ppi/run_1/synth_1_1/impl_1_1_1/packing/fabric_filt_ppi_openfpga.sdc --route_chan_width 160 --suppress_warnings check_rr_node_warnings.log,check_rr_node --clock_modeling ideal --absorb_buffer_luts off --skip_sync_clustering_and_routing_results off --constant_net_method route --post_place_timing_report filt_ppi_post_place_timing.rpt --device castor104x68_heterogeneous --allow_unrelated_clustering on --allow_dangling_combinational_nodes on --place_delta_delay_matrix_calculation_method dijkstra --gen_post_synthesis_netlist on --post_synth_netlist_unconn_inputs gnd --inner_loop_recompute_divider 1 --max_router_iterations 1500 --timing_report_detail detailed --timing_report_npaths 100 --top filt_ppi --net_file /nfs_scratch/scratch/CompilerValidation/zaheer_ahmad/os_fpga2/Validation/RTL_testcases/DSP_new_designs/filt_ppi/results_dir/filt_ppi/run_1/synth_1_1/impl_1_1_1/packing/fabric_filt_ppi_post_synth.net --place_file /nfs_scratch/scratch/CompilerValidation/zaheer_ahmad/os_fpga2/Validation/RTL_testcases/DSP_new_designs/filt_ppi/results_dir/filt_ppi/run_1/synth_1_1/impl_1_1_1/placement/fabric_filt_ppi_post_synth.place --route_file /nfs_scratch/scratch/CompilerValidation/zaheer_ahmad/os_fpga2/Validation/RTL_testcases/DSP_new_designs/filt_ppi/results_dir/filt_ppi/run_1/synth_1_1/impl_1_1_1/routing/fabric_filt_ppi_post_synth.route --pack
[ 12:54:19 ] Duration: 70874 ms. Max utilization: 1921 MB
[ 12:54:19 ] Placement has started
[ 12:54:19 ] Command: /nfs_eda_sw/softwares/Raptor/instl_dir/07_27_2024_09_15_01/bin/planning --csv /nfs_eda_sw/softwares/Raptor/instl_dir/07_27_2024_09_15_01/share/raptor/etc/devices/gemini_compact_104x68/Gemini_Pin_Table.csv --blif /nfs_scratch/scratch/CompilerValidation/zaheer_ahmad/os_fpga2/Validation/RTL_testcases/DSP_new_designs/filt_ppi/results_dir/filt_ppi/run_1/synth_1_1/synthesis/fabric_filt_ppi_post_synth.eblif --output filt_ppi_pin_loc.place --assign_unconstrained_pins in_define_order --clk_map filt_ppi.temp_file_clkmap --read_repack /nfs_eda_sw/softwares/Raptor/instl_dir/07_27_2024_09_15_01/share/raptor/etc/devices/gemini_compact_104x68/fpga_repack_constraints.xml --write_repack filt_ppi_repack_constraints.xml --edits /nfs_scratch/scratch/CompilerValidation/zaheer_ahmad/os_fpga2/Validation/RTL_testcases/DSP_new_designs/filt_ppi/results_dir/filt_ppi/run_1/synth_1_1/synthesis/config.json
[ 12:54:20 ] Duration: 525 ms. Max utilization: 250 MB
[ 12:54:20 ] Command: /nfs_eda_sw/softwares/Raptor/instl_dir/07_27_2024_09_15_01/bin/vpr /nfs_eda_sw/softwares/Raptor/instl_dir/07_27_2024_09_15_01/share/raptor/etc/devices/gemini_compact_104x68/gemini_vpr.xml /nfs_scratch/scratch/CompilerValidation/zaheer_ahmad/os_fpga2/Validation/RTL_testcases/DSP_new_designs/filt_ppi/results_dir/filt_ppi/run_1/synth_1_1/synthesis/fabric_filt_ppi_post_synth.eblif --sdc_file /nfs_scratch/scratch/CompilerValidation/zaheer_ahmad/os_fpga2/Validation/RTL_testcases/DSP_new_designs/filt_ppi/results_dir/filt_ppi/run_1/synth_1_1/impl_1_1_1/packing/fabric_filt_ppi_openfpga.sdc --route_chan_width 160 --suppress_warnings check_rr_node_warnings.log,check_rr_node --clock_modeling ideal --absorb_buffer_luts off --skip_sync_clustering_and_routing_results off --constant_net_method route --post_place_timing_report filt_ppi_post_place_timing.rpt --device castor104x68_heterogeneous --allow_unrelated_clustering on --allow_dangling_combinational_nodes on --place_delta_delay_matrix_calculation_method dijkstra --gen_post_synthesis_netlist on --post_synth_netlist_unconn_inputs gnd --inner_loop_recompute_divider 1 --max_router_iterations 1500 --timing_report_detail detailed --timing_report_npaths 100 --top filt_ppi --net_file /nfs_scratch/scratch/CompilerValidation/zaheer_ahmad/os_fpga2/Validation/RTL_testcases/DSP_new_designs/filt_ppi/results_dir/filt_ppi/run_1/synth_1_1/impl_1_1_1/packing/fabric_filt_ppi_post_synth.net --place_file /nfs_scratch/scratch/CompilerValidation/zaheer_ahmad/os_fpga2/Validation/RTL_testcases/DSP_new_designs/filt_ppi/results_dir/filt_ppi/run_1/synth_1_1/impl_1_1_1/placement/fabric_filt_ppi_post_synth.place --route_file /nfs_scratch/scratch/CompilerValidation/zaheer_ahmad/os_fpga2/Validation/RTL_testcases/DSP_new_designs/filt_ppi/results_dir/filt_ppi/run_1/synth_1_1/impl_1_1_1/routing/fabric_filt_ppi_post_synth.route --place
[ 13:00:25 ] Duration: 365285 ms. Max utilization: 1905 MB
[ 13:00:25 ] Route has started
[ 13:00:25 ] Command: /nfs_eda_sw/softwares/Raptor/instl_dir/07_27_2024_09_15_01/bin/vpr /nfs_eda_sw/softwares/Raptor/instl_dir/07_27_2024_09_15_01/share/raptor/etc/devices/gemini_compact_104x68/gemini_vpr.xml /nfs_scratch/scratch/CompilerValidation/zaheer_ahmad/os_fpga2/Validation/RTL_testcases/DSP_new_designs/filt_ppi/results_dir/filt_ppi/run_1/synth_1_1/synthesis/fabric_filt_ppi_post_synth.eblif --sdc_file /nfs_scratch/scratch/CompilerValidation/zaheer_ahmad/os_fpga2/Validation/RTL_testcases/DSP_new_designs/filt_ppi/results_dir/filt_ppi/run_1/synth_1_1/impl_1_1_1/packing/fabric_filt_ppi_openfpga.sdc --route_chan_width 160 --suppress_warnings check_rr_node_warnings.log,check_rr_node --clock_modeling ideal --absorb_buffer_luts off --skip_sync_clustering_and_routing_results off --constant_net_method route --post_place_timing_report filt_ppi_post_place_timing.rpt --device castor104x68_heterogeneous --allow_unrelated_clustering on --allow_dangling_combinational_nodes on --place_delta_delay_matrix_calculation_method dijkstra --gen_post_synthesis_netlist on --post_synth_netlist_unconn_inputs gnd --inner_loop_recompute_divider 1 --max_router_iterations 1500 --timing_report_detail detailed --timing_report_npaths 100 --top filt_ppi --net_file /nfs_scratch/scratch/CompilerValidation/zaheer_ahmad/os_fpga2/Validation/RTL_testcases/DSP_new_designs/filt_ppi/results_dir/filt_ppi/run_1/synth_1_1/impl_1_1_1/packing/fabric_filt_ppi_post_synth.net --place_file /nfs_scratch/scratch/CompilerValidation/zaheer_ahmad/os_fpga2/Validation/RTL_testcases/DSP_new_designs/filt_ppi/results_dir/filt_ppi/run_1/synth_1_1/impl_1_1_1/placement/fabric_filt_ppi_post_synth.place --route_file /nfs_scratch/scratch/CompilerValidation/zaheer_ahmad/os_fpga2/Validation/RTL_testcases/DSP_new_designs/filt_ppi/results_dir/filt_ppi/run_1/synth_1_1/impl_1_1_1/routing/fabric_filt_ppi_post_synth.route --route
[ 13:03:21 ] Duration: 175647 ms. Max utilization: 1689 MB
[ 13:03:21 ] Command: /nfs_eda_sw/softwares/Raptor/instl_dir/07_27_2024_09_15_01/bin/finalize  /nfs_scratch/scratch/CompilerValidation/zaheer_ahmad/os_fpga2/Validation/RTL_testcases/DSP_new_designs/filt_ppi/results_dir/filt_ppi/run_1/synth_1_1/impl_1_1_1/routing/fabric_filt_ppi_post_synthesis.v /nfs_scratch/scratch/CompilerValidation/zaheer_ahmad/os_fpga2/Validation/RTL_testcases/DSP_new_designs/filt_ppi/results_dir/filt_ppi/run_1/synth_1_1/impl_1_1_1/routing/fabric_filt_ppi_post_synthesis.v_
[ 13:03:21 ] Duration: 341 ms. Max utilization: 40 MB
[ 13:03:21 ] TimingAnalysis has started
[ 13:03:21 ] Command: /nfs_eda_sw/softwares/Raptor/instl_dir/07_27_2024_09_15_01/bin/vpr /nfs_eda_sw/softwares/Raptor/instl_dir/07_27_2024_09_15_01/share/raptor/etc/devices/gemini_compact_104x68/gemini_vpr.xml /nfs_scratch/scratch/CompilerValidation/zaheer_ahmad/os_fpga2/Validation/RTL_testcases/DSP_new_designs/filt_ppi/results_dir/filt_ppi/run_1/synth_1_1/synthesis/fabric_filt_ppi_post_synth.eblif --sdc_file /nfs_scratch/scratch/CompilerValidation/zaheer_ahmad/os_fpga2/Validation/RTL_testcases/DSP_new_designs/filt_ppi/results_dir/filt_ppi/run_1/synth_1_1/impl_1_1_1/packing/fabric_filt_ppi_openfpga.sdc --route_chan_width 160 --suppress_warnings check_rr_node_warnings.log,check_rr_node --clock_modeling ideal --absorb_buffer_luts off --skip_sync_clustering_and_routing_results off --constant_net_method route --post_place_timing_report filt_ppi_post_place_timing.rpt --device castor104x68_heterogeneous --allow_unrelated_clustering on --allow_dangling_combinational_nodes on --place_delta_delay_matrix_calculation_method dijkstra --post_synth_netlist_unconn_inputs gnd --inner_loop_recompute_divider 1 --max_router_iterations 1500 --timing_report_detail detailed --timing_report_npaths 100 --top filt_ppi --net_file /nfs_scratch/scratch/CompilerValidation/zaheer_ahmad/os_fpga2/Validation/RTL_testcases/DSP_new_designs/filt_ppi/results_dir/filt_ppi/run_1/synth_1_1/impl_1_1_1/packing/fabric_filt_ppi_post_synth.net --place_file /nfs_scratch/scratch/CompilerValidation/zaheer_ahmad/os_fpga2/Validation/RTL_testcases/DSP_new_designs/filt_ppi/results_dir/filt_ppi/run_1/synth_1_1/impl_1_1_1/placement/fabric_filt_ppi_post_synth.place --route_file /nfs_scratch/scratch/CompilerValidation/zaheer_ahmad/os_fpga2/Validation/RTL_testcases/DSP_new_designs/filt_ppi/results_dir/filt_ppi/run_1/synth_1_1/impl_1_1_1/routing/fabric_filt_ppi_post_synth.route --analysis
[ 13:04:12 ] Duration: 50599 ms. Max utilization: 1757 MB
[ 13:04:12 ] PowerAnalysis has started
[ 13:04:12 ] Command: /nfs_eda_sw/softwares/Raptor/instl_dir/07_27_2024_09_15_01/bin/yosys -s pw_extract.ys -l filt_ppi_power.log
[ 13:04:16 ] Duration: 3522 ms. Max utilization: 181 MB
[ 13:04:16 ] GenerateBitstream has started
[ 13:04:16 ] Command: /nfs_eda_sw/softwares/Raptor/instl_dir/07_27_2024_09_15_01/bin/openfpga -batch -f filt_ppi.openfpga
[ 13:15:08 ] Duration: 652689 ms. Max utilization: 6922 MB
