Done
Repack clustered block 'dinB[2]'...Warning 512: Invalid net 'clock0' to be constrained! Will drop the constraint in repacking
Done
Repack clustered block 'dinB[1]'...Warning 513: Invalid net 'clock0' to be constrained! Will drop the constraint in repacking
Done
Repack clustered block 'dinB[0]'...Warning 514: Invalid net 'clock0' to be constrained! Will drop the constraint in repacking
Done
Repack clustered block 'addrA[8]'...Warning 515: Invalid net 'clock0' to be constrained! Will drop the constraint in repacking
Done
Repack clustered block 'addrA[7]'...Warning 516: Invalid net 'clock0' to be constrained! Will drop the constraint in repacking
Done
Repack clustered block 'addrA[6]'...Warning 517: Invalid net 'clock0' to be constrained! Will drop the constraint in repacking
Done
Repack clustered block 'addrA[5]'...Warning 518: Invalid net 'clock0' to be constrained! Will drop the constraint in repacking
Done
Repack clustered block 'addrA[4]'...Warning 519: Invalid net 'clock0' to be constrained! Will drop the constraint in repacking
Done
Repack clustered block 'addrA[3]'...Warning 520: Invalid net 'clock0' to be constrained! Will drop the constraint in repacking
Done
Repack clustered block 'addrA[2]'...Warning 521: Invalid net 'clock0' to be constrained! Will drop the constraint in repacking
Done
Repack clustered block 'addrA[1]'...Warning 522: Invalid net 'clock0' to be constrained! Will drop the constraint in repacking
Done
Repack clustered block 'addrA[0]'...Warning 523: Invalid net 'clock0' to be constrained! Will drop the constraint in repacking
Done
Repack clustered blocks to physical implementation of logical tile took 0.05 seconds (max_rss 1513.6 MiB, delta_rss +0.8 MiB)
Identify wire LUTs created by repacking
Identified 0 wire LUTs created by repacker
Identify wire LUTs created by repacking took 0.00 seconds (max_rss 1513.6 MiB, delta_rss +0.0 MiB)
Build truth tables for physical LUTs
Build truth tables for physical LUTs took 0.00 seconds (max_rss 1513.6 MiB, delta_rss +0.0 MiB)

Command line to execute: build_architecture_bitstream

Confirm selected options when call command 'build_architecture_bitstream':
--write_file: off
--read_file: off
--no_time_stamp: off
--verbose: off

Build fabric-independent bitstream for implementation 'ram_true_dp_dc_512x32'

Generating bitstream for Switch blocks...Done
Generating bitstream for X-direction Connection blocks ...Done
Generating bitstream for Y-direction Connection blocks ...Done

Build fabric-independent bitstream for implementation 'ram_true_dp_dc_512x32'
 took 31.44 seconds (max_rss 2295.8 MiB, delta_rss +782.1 MiB)

Command line to execute: build_fabric_bitstream

Confirm selected options when call command 'build_fabric_bitstream':
--verbose: off

Build fabric dependent bitstream


Build fabric dependent bitstream
 took 148.96 seconds (max_rss 3501.7 MiB, delta_rss +1205.9 MiB)

Command line to execute: write_fabric_bitstream --keep_dont_care_bits  --format plain_text --file fabric_bitstream.bit

Confirm selected options when call command 'write_fabric_bitstream':
--file, -f: fabric_bitstream.bit
--format: plain_text
--fast_configuration: off
--keep_dont_care_bits: on
--wl_decremental_order: off
--no_time_stamp: off
--verbose: off
Warning 524: Directory path is empty and nothing will be created.
Write 10130859 fabric bitstream into plain text file 'fabric_bitstream.bit'
Warning 525: None of global reset and set ports are defined for programming purpose. Fast configuration is not applicable
Write 10130859 fabric bitstream into plain text file 'fabric_bitstream.bit' took 0.63 seconds (max_rss 3501.9 MiB, delta_rss +0.2 MiB)

Command line to execute: write_io_mapping -f PinMapping.xml

Confirm selected options when call command 'write_io_mapping':
--file, -f: PinMapping.xml
--no_time_stamp: off
--verbose: off
Warning 526: Directory path is empty and nothing will be created.
Write I/O mapping into xml file 'PinMapping.xml'
Write I/O mapping into xml file 'PinMapping.xml' took 0.00 seconds (max_rss 3501.9 MiB, delta_rss +0.0 MiB)

Command line to execute: exit

Confirm selected options when call command 'exit':

Finish execution with 0 errors

The entire OpenFPGA flow took 521.5 seconds

Thank you for using OpenFPGA!
Incr Slack updates 1 in 6.3978e-05 sec
Full Max Req/Worst Slack updates 1 in 2.966e-05 sec
Incr Max Req/Worst Slack updates 0 in 0 sec
Incr Criticality updates 0 in 0 sec
Full Criticality updates 1 in 0.000122958 sec
INFO: BIT: Design ram_true_dp_dc_512x32 bitstream is generated
