VPR FPGA Placement and Routing.
Version: 
Revision: 
Compiled: 
Compiler: GNU 11.2.1 on Linux-3.10.0-1160.90.1.el7.x86_64 x86_64
Build Info: Release VTR_ASSERT_LEVEL=2

University of Toronto
verilogtorouting.org
vtr-users@googlegroups.com
This is free open source code under MIT license.

VPR was run with the following command-line:
/nfs_eda_sw/softwares/Raptor/instl_dir/03_20_2024_09_15_01/bin/vpr /nfs_eda_sw/softwares/Raptor/instl_dir/03_20_2024_09_15_01/share/raptor/etc/devices/gemini_compact_10x8/gemini_vpr.xml /nfs_scratch/scratch/CompilerValidation/zaheer_ahmad/FullAdder32/FullAdder32/run_1/synth_1_1/synthesis/fabric_FullAdder32_post_synth.eblif --sdc_file /nfs_scratch/scratch/CompilerValidation/zaheer_ahmad/FullAdder32/FullAdder32/run_1/synth_1_1/impl_1_1_1/packing/fabric_FullAdder32_openfpga.sdc --route_chan_width 160 --suppress_warnings check_rr_node_warnings.log,check_rr_node --clock_modeling ideal --absorb_buffer_luts off --skip_sync_clustering_and_routing_results off --constant_net_method route --post_place_timing_report FullAdder32_post_place_timing.rpt --device castor10x8_heterogeneous --allow_unrelated_clustering on --allow_dangling_combinational_nodes on --place_delta_delay_matrix_calculation_method dijkstra --gen_post_synthesis_netlist on --post_synth_netlist_unconn_inputs gnd --inner_loop_recompute_divider 1 --max_router_iterations 1500 --timing_report_detail detailed --timing_report_npaths 100 --top FullAdder32 --net_file /nfs_scratch/scratch/CompilerValidation/zaheer_ahmad/FullAdder32/FullAdder32/run_1/synth_1_1/impl_1_1_1/packing/fabric_FullAdder32_post_synth.net --place_file /nfs_scratch/scratch/CompilerValidation/zaheer_ahmad/FullAdder32/FullAdder32/run_1/synth_1_1/impl_1_1_1/placement/fabric_FullAdder32_post_synth.place --route_file /nfs_scratch/scratch/CompilerValidation/zaheer_ahmad/FullAdder32/FullAdder32/run_1/synth_1_1/impl_1_1_1/routing/fabric_FullAdder32_post_synth.route --place --fix_clusters FullAdder32_pin_loc.place

Using up to 1 parallel worker(s)

Architecture file: /nfs_eda_sw/softwares/Raptor/instl_dir/03_20_2024_09_15_01/share/raptor/etc/devices/gemini_compact_10x8/gemini_vpr.xml
Circuit name: fabric_FullAdder32_post_synth

# Loading Architecture Description
Warning 1: Model 'io' input port 'outpad' has no timing specification (no clock specified to create a sequential input port, not combinationally connected to any outputs, not a clock input)
Warning 2: Model 'io' output port 'inpad' has no timing specification (no clock specified to create a sequential output port, not combinationally connected to any inputs, not a clock output)
Warning 3: Model 'dsp_phy' input port 'sc_in' has no timing specification (no clock specified to create a sequential input port, not combinationally connected to any outputs, not a clock input)
Warning 4: Model 'dsp_phy' input port 'lreset' has no timing specification (no clock specified to create a sequential input port, not combinationally connected to any outputs, not a clock input)
Warning 5: Model 'dsp_phy' output port 'sc_out' has no timing specification (no clock specified to create a sequential output port, not combinationally connected to any inputs, not a clock output)
Warning 6: Model 'RS_DSP_MULT' input port 'feedback' has no timing specification (no clock specified to create a sequential input port, not combinationally connected to any outputs, not a clock input)
Warning 7: Model 'RS_DSP_MULT' input port 'unsigned_b' has no timing specification (no clock specified to create a sequential input port, not combinationally connected to any outputs, not a clock input)
Warning 8: Model 'RS_DSP_MULT' input port 'unsigned_a' has no timing specification (no clock specified to create a sequential input port, not combinationally connected to any outputs, not a clock input)
Warning 9: Model 'RS_DSP_MULT_REGIN' input port 'lreset' has no timing specification (no clock specified to create a sequential input port, not combinationally connected to any outputs, not a clock input)
Warning 10: Model 'RS_DSP_MULT_REGIN' input port 'unsigned_b' has no timing specification (no clock specified to create a sequential input port, not combinationally connected to any outputs, not a clock input)
Warning 11: Model 'RS_DSP_MULT_REGIN' input port 'unsigned_a' has no timing specification (no clock specified to create a sequential input port, not combinationally connected to any outputs, not a clock input)
Warning 12: Model 'RS_DSP_MULT_REGOUT' input port 'lreset' has no timing specification (no clock specified to create a sequential input port, not combinationally connected to any outputs, not a clock input)
Warning 13: Model 'RS_DSP_MULT_REGOUT' input port 'unsigned_b' has no timing specification (no clock specified to create a sequential input port, not combinationally connected to any outputs, not a clock input)
Warning 14: Model 'RS_DSP_MULT_REGOUT' input port 'unsigned_a' has no timing specification (no clock specified to create a sequential input port, not combinationally connected to any outputs, not a clock input)
Warning 15: Model 'RS_DSP_MULT_REGIN_REGOUT' input port 'lreset' has no timing specification (no clock specified to create a sequential input port, not combinationally connected to any outputs, not a clock input)
Warning 16: Model 'RS_DSP_MULT_REGIN_REGOUT' input port 'unsigned_b' has no timing specification (no clock specified to create a sequential input port, not combinationally connected to any outputs, not a clock input)
Warning 17: Model 'RS_DSP_MULT_REGIN_REGOUT' input port 'unsigned_a' has no timing specification (no clock specified to create a sequential input port, not combinationally connected to any outputs, not a clock input)
Warning 18: Model 'RS_DSP_MULTADD' input port 'round' has no timing specification (no clock specified to create a sequential input port, not combinationally connected to any outputs, not a clock input)
Warning 19: Model 'RS_DSP_MULTADD' input port 'shift_right' has no timing specification (no clock specified to create a sequential input port, not combinationally connected to any outputs, not a clock input)
Warning 20: Model 'RS_DSP_MULTADD' input port 'saturate_enable' has no timing specification (no clock specified to create a sequential input port, not combinationally connected to any outputs, not a clock input)
Warning 21: Model 'RS_DSP_MULTADD' input port 'lreset' has no timing specification (no clock specified to create a sequential input port, not combinationally connected to any outputs, not a clock input)
Warning 22: Model 'RS_DSP_MULTADD' input port 'unsigned_b' has no timing specification (no clock specified to create a sequential input port, not combinationally connected to any outputs, not a clock input)
Warning 23: Model 'RS_DSP_MULTADD' input port 'unsigned_a' has no timing specification (no clock specified to create a sequential input port, not combinationally connected to any outputs, not a clock input)
Warning 24: Model 'RS_DSP_MULTADD_REGIN' input port 'round' has no timing specification (no clock specified to create a sequential input port, not combinationally connected to any outputs, not a clock input)
Warning 25: Model 'RS_DSP_MULTADD_REGIN' input port 'shift_right' has no timing specification (no clock specified to create a sequential input port, not combinationally connected to any outputs, not a clock input)
Warning 26: Model 'RS_DSP_MULTADD_REGIN' input port 'saturate_enable' has no timing specification (no clock specified to create a sequential input port, not combinationally connected to any outputs, not a clock input)
Warning 27: Model 'RS_DSP_MULTADD_REGIN' input port 'lreset' has no timing specification (no clock specified to create a sequential input port, not combinationally connected to any outputs, not a clock input)
Warning 28: Model 'RS_DSP_MULTADD_REGIN' input port 'unsigned_b' has no timing specification (no clock specified to create a sequential input port, not combinationally connected to any outputs, not a clock input)
Warning 29: Model 'RS_DSP_MULTADD_REGIN' input port 'unsigned_a' has no timing specification (no clock specified to create a sequential input port, not combinationally connected to any outputs, not a clock input)
Warning 30: Model 'RS_DSP_MULTADD_REGOUT' input port 'round' has no timing specification (no clock specified to create a sequential input port, not combinationally connected to any outputs, not a clock input)
Warning 31: Model 'RS_DSP_MULTADD_REGOUT' input port 'shift_right' has no timing specification (no clock specified to create a sequential input port, not combinationally connected to any outputs, not a clock input)
Warning 32: Model 'RS_DSP_MULTADD_REGOUT' input port 'saturate_enable' has no timing specification (no clock specified to create a sequential input port, not combinationally connected to any outputs, not a clock input)
Warning 33: Model 'RS_DSP_MULTADD_REGOUT' input port 'lreset' has no timing specification (no clock specified to create a sequential input port, not combinationally connected to any outputs, not a clock input)
Warning 34: Model 'RS_DSP_MULTADD_REGOUT' input port 'unsigned_b' has no timing specification (no clock specified to create a sequential input port, not combinationally connected to any outputs, not a clock input)
Warning 35: Model 'RS_DSP_MULTADD_REGOUT' input port 'unsigned_a' has no timing specification (no clock specified to create a sequential input port, not combinationally connected to any outputs, not a clock input)
Warning 36: Model 'RS_DSP_MULTADD_REGIN_REGOUT' input port 'round' has no timing specification (no clock specified to create a sequential input port, not combinationally connected to any outputs, not a clock input)
Warning 37: Model 'RS_DSP_MULTADD_REGIN_REGOUT' input port 'shift_right' has no timing specification (no clock specified to create a sequential input port, not combinationally connected to any outputs, not a clock input)
Warning 38: Model 'RS_DSP_MULTADD_REGIN_REGOUT' input port 'saturate_enable' has no timing specification (no clock specified to create a sequential input port, not combinationally connected to any outputs, not a clock input)
Warning 39: Model 'RS_DSP_MULTADD_REGIN_REGOUT' input port 'lreset' has no timing specification (no clock specified to create a sequential input port, not combinationally connected to any outputs, not a clock input)
Warning 40: Model 'RS_DSP_MULTADD_REGIN_REGOUT' input port 'unsigned_b' has no timing specification (no clock specified to create a sequential input port, not combinationally connected to any outputs, not a clock input)
Warning 41: Model 'RS_DSP_MULTADD_REGIN_REGOUT' input port 'unsigned_a' has no timing specification (no clock specified to create a sequential input port, not combinationally connected to any outputs, not a clock input)
Warning 42: Model 'RS_DSP_MULTACC' input port 'round' has no timing specification (no clock specified to create a sequential input port, not combinationally connected to any outputs, not a clock input)
Warning 43: Model 'RS_DSP_MULTACC' input port 'shift_right' has no timing specification (no clock specified to create a sequential input port, not combinationally connected to any outputs, not a clock input)
Warning 44: Model 'RS_DSP_MULTACC' input port 'saturate_enable' has no timing specification (no clock specified to create a sequential input port, not combinationally connected to any outputs, not a clock input)
Warning 45: Model 'RS_DSP_MULTACC' input port 'lreset' has no timing specification (no clock specified to create a sequential input port, not combinationally connected to any outputs, not a clock input)
Warning 46: Model 'RS_DSP_MULTACC' input port 'unsigned_b' has no timing specification (no clock specified to create a sequential input port, not combinationally connected to any outputs, not a clock input)
Warning 47: Model 'RS_DSP_MULTACC' input port 'unsigned_a' has no timing specification (no clock specified to create a sequential input port, not combinationally connected to any outputs, not a clock input)
Warning 48: Model 'RS_DSP_MULTACC_REGIN' input port 'round' has no timing specification (no clock specified to create a sequential input port, not combinationally connected to any outputs, not a clock input)
Warning 49: Model 'RS_DSP_MULTACC_REGIN' input port 'shift_right' has no timing specification (no clock specified to create a sequential input port, not combinationally connected to any outputs, not a clock input)
Warning 50: Model 'RS_DSP_MULTACC_REGIN' input port 'saturate_enable' has no timing specification (no clock specified to create a sequential input port, not combinationally connected to any outputs, not a clock input)
Warning 51: Model 'RS_DSP_MULTACC_REGIN' input port 'lreset' has no timing specification (no clock specified to create a sequential input port, not combinationally connected to any outputs, not a clock input)
Warning 52: Model 'RS_DSP_MULTACC_REGIN' input port 'unsigned_b' has no timing specification (no clock specified to create a sequential input port, not combinationally connected to any outputs, not a clock input)
Warning 53: Model 'RS_DSP_MULTACC_REGIN' input port 'unsigned_a' has no timing specification (no clock specified to create a sequential input port, not combinationally connected to any outputs, not a clock input)
Warning 54: Model 'RS_DSP_MULTACC_REGOUT' input port 'round' has no timing specification (no clock specified to create a sequential input port, not combinationally connected to any outputs, not a clock input)
Warning 55: Model 'RS_DSP_MULTACC_REGOUT' input port 'shift_right' has no timing specification (no clock specified to create a sequential input port, not combinationally connected to any outputs, not a clock input)
Warning 56: Model 'RS_DSP_MULTACC_REGOUT' input port 'saturate_enable' has no timing specification (no clock specified to create a sequential input port, not combinationally connected to any outputs, not a clock input)
Warning 57: Model 'RS_DSP_MULTACC_REGOUT' input port 'lreset' has no timing specification (no clock specified to create a sequential input port, not combinationally connected to any outputs, not a clock input)
Warning 58: Model 'RS_DSP_MULTACC_REGOUT' input port 'unsigned_b' has no timing specification (no clock specified to create a sequential input port, not combinationally connected to any outputs, not a clock input)
Warning 59: Model 'RS_DSP_MULTACC_REGOUT' input port 'unsigned_a' has no timing specification (no clock specified to create a sequential input port, not combinationally connected to any outputs, not a clock input)
Warning 60: Model 'RS_DSP_MULTACC_REGIN_REGOUT' input port 'round' has no timing specification (no clock specified to create a sequential input port, not combinationally connected to any outputs, not a clock input)
Warning 61: Model 'RS_DSP_MULTACC_REGIN_REGOUT' input port 'shift_right' has no timing specification (no clock specified to create a sequential input port, not combinationally connected to any outputs, not a clock input)
Warning 62: Model 'RS_DSP_MULTACC_REGIN_REGOUT' input port 'saturate_enable' has no timing specification (no clock specified to create a sequential input port, not combinationally connected to any outputs, not a clock input)
Warning 63: Model 'RS_DSP_MULTACC_REGIN_REGOUT' input port 'lreset' has no timing specification (no clock specified to create a sequential input port, not combinationally connected to any outputs, not a clock input)
Warning 64: Model 'RS_DSP_MULTACC_REGIN_REGOUT' input port 'unsigned_b' has no timing specification (no clock specified to create a sequential input port, not combinationally connected to any outputs, not a clock input)
Warning 65: Model 'RS_DSP_MULTACC_REGIN_REGOUT' input port 'unsigned_a' has no timing specification (no clock specified to create a sequential input port, not combinationally connected to any outputs, not a clock input)
Warning 66: Model 'bram_phy' input port 'sc_in' has no timing specification (no clock specified to create a sequential input port, not combinationally connected to any outputs, not a clock input)
Warning 67: Model 'bram_phy' output port 'sc_out' has no timing specification (no clock specified to create a sequential output port, not combinationally connected to any inputs, not a clock output)
Warning 68: Model 'bram_phy' output port 'PL_DATA_o' has no timing specification (no clock specified to create a sequential output port, not combinationally connected to any inputs, not a clock output)
Warning 69: Model 'bram_phy' output port 'PL_ADDR_o' has no timing specification (no clock specified to create a sequential output port, not combinationally connected to any inputs, not a clock output)
Warning 70: Model 'bram_phy' output port 'PL_WEN_o' has no timing specification (no clock specified to create a sequential output port, not combinationally connected to any inputs, not a clock output)
Warning 71: Model 'bram_phy' output port 'PL_CLK_o' has no timing specification (no clock specified to create a sequential output port, not combinationally connected to any inputs, not a clock output)
Warning 72: Model 'bram_phy' output port 'PL_REN_o' has no timing specification (no clock specified to create a sequential output port, not combinationally connected to any inputs, not a clock output)
Warning 73: Model 'bram_phy' output port 'PL_ENA_o' has no timing specification (no clock specified to create a sequential output port, not combinationally connected to any inputs, not a clock output)
Warning 74: Model 'bram_phy' output port 'PL_INIT_o' has no timing specification (no clock specified to create a sequential output port, not combinationally connected to any inputs, not a clock output)
mode 'io[physical]' is defined by user to be disabled in packing
mode 'iopad[default]' is defined by user to be disabled in packing
mode 'fle[physical]' is defined by user to be disabled in packing
mode 'fabric[default]' is defined by user to be disabled in packing
mode 'ff_bypass[default]' is defined by user to be disabled in packing
mode 'dsp_lr[physical]' is defined by user to be disabled in packing
mode 'bram_lr[physical]' is defined by user to be disabled in packing
# Loading Architecture Description took 0.06 seconds (max_rss 16.7 MiB, delta_rss +0.0 MiB)

Timing analysis: ON
Circuit netlist file: /nfs_scratch/scratch/CompilerValidation/zaheer_ahmad/FullAdder32/FullAdder32/run_1/synth_1_1/impl_1_1_1/packing/fabric_FullAdder32_post_synth.net
Circuit placement file: /nfs_scratch/scratch/CompilerValidation/zaheer_ahmad/FullAdder32/FullAdder32/run_1/synth_1_1/impl_1_1_1/placement/fabric_FullAdder32_post_synth.place
Circuit routing file: /nfs_scratch/scratch/CompilerValidation/zaheer_ahmad/FullAdder32/FullAdder32/run_1/synth_1_1/impl_1_1_1/routing/fabric_FullAdder32_post_synth.route
Circuit SDC file: /nfs_scratch/scratch/CompilerValidation/zaheer_ahmad/FullAdder32/FullAdder32/run_1/synth_1_1/impl_1_1_1/packing/fabric_FullAdder32_openfpga.sdc
Vpr floorplanning constraints file: not specified

Packer: ENABLED
Placer: ENABLED
Router: DISABLED
Analysis: DISABLED

VPR was run with the following options:

NetlistOpts.abosrb_buffer_luts            : false
NetlistOpts.sweep_dangling_primary_ios    : true
NetlistOpts.sweep_dangling_nets           : true
NetlistOpts.sweep_dangling_blocks         : true
NetlistOpts.sweep_constant_primary_outputs: false
NetlistOpts.netlist_verbosity             : 1
NetlistOpts.const_gen_inference           : COMB_SEQ

PackerOpts.allow_unrelated_clustering: true
PackerOpts.alpha_clustering: 0.750000
PackerOpts.beta_clustering: 0.900000
PackerOpts.cluster_seed_type: BLEND2
PackerOpts.connection_driven: true
PackerOpts.global_clocks: true
PackerOpts.hill_climbing_flag: false
PackerOpts.inter_cluster_net_delay: 1.000000
PackerOpts.timing_driven: true
PackerOpts.target_external_pin_util: auto

PlacerOpts.place_freq: PLACE_ONCE
PlacerOpts.place_algorithm: CRITICALITY_TIMING_PLACE
PlacerOpts.pad_loc_type: FREE
PlacerOpts.constraints_file: Using constraints file 'FullAdder32_pin_loc.place'
PlacerOpts.place_cost_exp: 1.000000
PlacerOpts.place_chan_width: 160
PlacerOpts.inner_loop_recompute_divider: 1
PlacerOpts.recompute_crit_iter: 1
PlacerOpts.timing_tradeoff: 0.500000
PlacerOpts.td_place_exp_first: 1.000000
PlacerOpts.td_place_exp_last: 8.000000
PlacerOpts.delay_offset: 0.000000
PlacerOpts.delay_ramp_delta_threshold: -1
PlacerOpts.delay_ramp_slope: 0.000000
PlacerOpts.tsu_rel_margin: 1.000000
PlacerOpts.tsu_abs_margin: 0.000000
PlacerOpts.post_place_timing_report_file: FullAdder32_post_place_timing.rpt
PlacerOpts.allowed_tiles_for_delay_model: 
PlacerOpts.delay_model_reducer: MIN
PlacerOpts.delay_model_type: DELTA
PlacerOpts.rlim_escape_fraction: 0.000000
PlacerOpts.move_stats_file: 
PlacerOpts.placement_saves_per_temperature: 0
PlacerOpts.effort_scaling: CIRCUIT
PlacerOpts.place_delta_delay_matrix_calculation_method: DIJKSTRA_EXPANSION
PlaceOpts.seed: 1
AnnealSched.type: AUTO_SCHED
AnnealSched.inner_num: 0.500000

# Building complex block graph
Warning 75: clb[0].sr_in[0] unconnected pin in architecture.
Warning 76: clb[0].sr_out[0] unconnected pin in architecture.
Warning 77: dsp[0].sr_in[0] unconnected pin in architecture.
Warning 78: dsp[0].sr_in[1] unconnected pin in architecture.
Warning 79: dsp[0].sr_in[2] unconnected pin in architecture.
Warning 80: dsp[0].sr_out[0] unconnected pin in architecture.
Warning 81: dsp[0].sr_out[1] unconnected pin in architecture.
Warning 82: dsp[0].sr_out[2] unconnected pin in architecture.
Warning 83: bram[0].sr_in[0] unconnected pin in architecture.
Warning 84: bram[0].sr_in[1] unconnected pin in architecture.
Warning 85: bram[0].sr_in[2] unconnected pin in architecture.
Warning 86: bram[0].sr_in[3] unconnected pin in architecture.
Warning 87: bram[0].sr_in[4] unconnected pin in architecture.
Warning 88: bram[0].sr_in[5] unconnected pin in architecture.
Warning 89: bram[0].plr_i[0] unconnected pin in architecture.
Warning 90: bram[0].plr_i[1] unconnected pin in architecture.
Warning 91: bram[0].plr_i[2] unconnected pin in architecture.
Warning 92: bram[0].plr_i[3] unconnected pin in architecture.
Warning 93: bram[0].plr_i[4] unconnected pin in architecture.
Warning 94: bram[0].plr_i[5] unconnected pin in architecture.
Warning 95: bram[0].plr_i[6] unconnected pin in architecture.
Warning 96: bram[0].plr_i[7] unconnected pin in architecture.
Warning 97: bram[0].plr_i[8] unconnected pin in architecture.
Warning 98: bram[0].plr_i[9] unconnected pin in architecture.
Warning 99: bram[0].plr_i[10] unconnected pin in architecture.
Warning 100: bram[0].plr_i[11] unconnected pin in architecture.
Warning 101: bram[0].plr_i[12] unconnected pin in architecture.
Warning 102: bram[0].plr_i[13] unconnected pin in architecture.
Warning 103: bram[0].plr_i[14] unconnected pin in architecture.
Warning 104: bram[0].plr_i[15] unconnected pin in architecture.
Warning 105: bram[0].plr_i[16] unconnected pin in architecture.
Warning 106: bram[0].plr_i[17] unconnected pin in architecture.
Warning 107: bram[0].plr_i[18] unconnected pin in architecture.
Warning 108: bram[0].plr_i[19] unconnected pin in architecture.
Warning 109: bram[0].plr_i[20] unconnected pin in architecture.
Warning 110: bram[0].plr_i[21] unconnected pin in architecture.
Warning 111: bram[0].plr_i[22] unconnected pin in architecture.
Warning 112: bram[0].plr_i[23] unconnected pin in architecture.
Warning 113: bram[0].plr_i[24] unconnected pin in architecture.
Warning 114: bram[0].plr_i[25] unconnected pin in architecture.
Warning 115: bram[0].plr_i[26] unconnected pin in architecture.
Warning 116: bram[0].plr_i[27] unconnected pin in architecture.
Warning 117: bram[0].plr_i[28] unconnected pin in architecture.
Warning 118: bram[0].plr_i[29] unconnected pin in architecture.
Warning 119: bram[0].plr_i[30] unconnected pin in architecture.
Warning 120: bram[0].plr_i[31] unconnected pin in architecture.
Warning 121: bram[0].plr_i[32] unconnected pin in architecture.
Warning 122: bram[0].plr_i[33] unconnected pin in architecture.
Warning 123: bram[0].plr_i[34] unconnected pin in architecture.
Warning 124: bram[0].plr_i[35] unconnected pin in architecture.
Warning 125: bram[0].sr_out[0] unconnected pin in architecture.
Warning 126: bram[0].sr_out[1] unconnected pin in architecture.
Warning 127: bram[0].sr_out[2] unconnected pin in architecture.
Warning 128: bram[0].sr_out[3] unconnected pin in architecture.
Warning 129: bram[0].sr_out[4] unconnected pin in architecture.
Warning 130: bram[0].sr_out[5] unconnected pin in architecture.
Warning 131: bram[0].plr_o[0] unconnected pin in architecture.
Warning 132: bram[0].plr_o[1] unconnected pin in architecture.
Warning 133: bram[0].plr_o[2] unconnected pin in architecture.
Warning 134: bram[0].plr_o[3] unconnected pin in architecture.
Warning 135: bram[0].plr_o[4] unconnected pin in architecture.
Warning 136: bram[0].plr_o[5] unconnected pin in architecture.
Warning 137: bram[0].plr_o[6] unconnected pin in architecture.
Warning 138: bram[0].plr_o[7] unconnected pin in architecture.
Warning 139: bram[0].plr_o[8] unconnected pin in architecture.
Warning 140: bram[0].plr_o[9] unconnected pin in architecture.
Warning 141: bram[0].plr_o[10] unconnected pin in architecture.
Warning 142: bram[0].plr_o[11] unconnected pin in architecture.
Warning 143: bram[0].plr_o[12] unconnected pin in architecture.
Warning 144: bram[0].plr_o[13] unconnected pin in architecture.
Warning 145: bram[0].plr_o[14] unconnected pin in architecture.
Warning 146: bram[0].plr_o[15] unconnected pin in architecture.
Warning 147: bram[0].plr_o[16] unconnected pin in architecture.
Warning 148: bram[0].plr_o[17] unconnected pin in architecture.
Warning 149: bram[0].plr_o[18] unconnected pin in architecture.
Warning 150: bram[0].plr_o[19] unconnected pin in architecture.
Warning 151: bram[0].plr_o[20] unconnected pin in architecture.
Warning 152: bram[0].plr_o[21] unconnected pin in architecture.
Warning 153: bram[0].plr_o[22] unconnected pin in architecture.
Warning 154: bram[0].plr_o[23] unconnected pin in architecture.
Warning 155: bram[0].plr_o[24] unconnected pin in architecture.
Warning 156: bram[0].plr_o[25] unconnected pin in architecture.
Warning 157: bram[0].plr_o[26] unconnected pin in architecture.
Warning 158: bram[0].plr_o[27] unconnected pin in architecture.
Warning 159: bram[0].plr_o[28] unconnected pin in architecture.
Warning 160: bram[0].plr_o[29] unconnected pin in architecture.
Warning 161: bram[0].plr_o[30] unconnected pin in architecture.
Warning 162: bram[0].plr_o[31] unconnected pin in architecture.
Warning 163: bram[0].plr_o[32] unconnected pin in architecture.
Warning 164: bram[0].plr_o[33] unconnected pin in architecture.
Warning 165: bram[0].plr_o[34] unconnected pin in architecture.
Warning 166: bram[0].plr_o[35] unconnected pin in architecture.
# Building complex block graph took 0.04 seconds (max_rss 18.1 MiB, delta_rss +1.4 MiB)
Circuit file: /nfs_scratch/scratch/CompilerValidation/zaheer_ahmad/FullAdder32/FullAdder32/run_1/synth_1_1/synthesis/fabric_FullAdder32_post_synth.eblif
# Load circuit
Found constant-zero generator '$false'
Found constant-one generator '$true'
Found constant-zero generator '$undef'
# Load circuit took 0.01 seconds (max_rss 19.0 MiB, delta_rss +0.8 MiB)
# Clean circuit
Inferred    0 additional primitive pins as constant generators since they have no combinationally connected inputs
Inferred    0 additional primitive pins as constant generators due to constant inputs
Inferred    0 additional primitive pins as constant generators since they have no combinationally connected inputs
Inferred    0 additional primitive pins as constant generators due to constant inputs
Inferred    0 additional primitive pins as constant generators since they have no combinationally connected inputs
Inferred    0 additional primitive pins as constant generators due to constant inputs
Swept input(s)      : 0
Swept output(s)     : 0 (0 dangling, 0 constant)
Swept net(s)        : 3
Swept block(s)      : 3
Constant Pins Marked: 0
# Clean circuit took 0.00 seconds (max_rss 19.0 MiB, delta_rss +0.0 MiB)
# Compress circuit
# Compress circuit took 0.00 seconds (max_rss 19.0 MiB, delta_rss +0.0 MiB)
# Verify circuit
# Verify circuit took 0.00 seconds (max_rss 19.0 MiB, delta_rss +0.0 MiB)
Circuit Statistics:
  Blocks: 168
    .input :      65
    .output:      33
    6-LUT  :      70
  Nets  : 135
    Avg Fanout:     2.8
    Max Fanout:    10.0
    Min Fanout:     1.0
  Netlist Clocks: 0
# Build Timing Graph
  Timing Graph Nodes: 514
  Timing Graph Edges: 725
  Timing Graph Levels: 10
# Build Timing Graph took 0.00 seconds (max_rss 19.2 MiB, delta_rss +0.3 MiB)
Netlist contains 0 clocks
# Load Timing Constraints
Warning 167: set_input_delay command matched but was not applied to primary output '$iopadmap$sum[0]'
Warning 168: set_input_delay command matched but was not applied to primary output '$iopadmap$sum[1]'
Warning 169: set_input_delay command matched but was not applied to primary output '$iopadmap$sum[2]'
Warning 170: set_input_delay command matched but was not applied to primary output '$iopadmap$sum[3]'
Warning 171: set_input_delay command matched but was not applied to primary output '$iopadmap$sum[4]'
Warning 172: set_input_delay command matched but was not applied to primary output '$iopadmap$sum[5]'
Warning 173: set_input_delay command matched but was not applied to primary output '$iopadmap$sum[6]'
Warning 174: set_input_delay command matched but was not applied to primary output '$iopadmap$sum[7]'
Warning 175: set_input_delay command matched but was not applied to primary output '$iopadmap$sum[8]'
Warning 176: set_input_delay command matched but was not applied to primary output '$iopadmap$sum[9]'
Warning 177: set_input_delay command matched but was not applied to primary output '$iopadmap$sum[10]'
Warning 178: set_input_delay command matched but was not applied to primary output '$iopadmap$sum[11]'
Warning 179: set_input_delay command matched but was not applied to primary output '$iopadmap$sum[12]'
Warning 180: set_input_delay command matched but was not applied to primary output '$iopadmap$sum[13]'
Warning 181: set_input_delay command matched but was not applied to primary output '$iopadmap$sum[14]'
Warning 182: set_input_delay command matched but was not applied to primary output '$iopadmap$sum[15]'
Warning 183: set_input_delay command matched but was not applied to primary output '$iopadmap$sum[16]'
Warning 184: set_input_delay command matched but was not applied to primary output '$iopadmap$sum[17]'
Warning 185: set_input_delay command matched but was not applied to primary output '$iopadmap$sum[18]'
Warning 186: set_input_delay command matched but was not applied to primary output '$iopadmap$sum[19]'
Warning 187: set_input_delay command matched but was not applied to primary output '$iopadmap$sum[20]'
Warning 188: set_input_delay command matched but was not applied to primary output '$iopadmap$sum[21]'
Warning 189: set_input_delay command matched but was not applied to primary output '$iopadmap$sum[22]'
Warning 190: set_input_delay command matched but was not applied to primary output '$iopadmap$sum[23]'
Warning 191: set_input_delay command matched but was not applied to primary output '$iopadmap$sum[24]'
Warning 192: set_input_delay command matched but was not applied to primary output '$iopadmap$sum[25]'
Warning 193: set_input_delay command matched but was not applied to primary output '$iopadmap$sum[26]'
Warning 194: set_input_delay command matched but was not applied to primary output '$iopadmap$sum[27]'
Warning 195: set_input_delay command matched but was not applied to primary output '$iopadmap$sum[28]'
Warning 196: set_input_delay command matched but was not applied to primary output '$iopadmap$sum[29]'
Warning 197: set_input_delay command matched but was not applied to primary output '$iopadmap$sum[30]'
Warning 198: set_input_delay command matched but was not applied to primary output '$iopadmap$sum[31]'
Warning 199: set_input_delay command matched but was not applied to primary output '$iopadmap$cout'
Warning 200: set_output_delay command matched but was not applied to primary input '$iopadmap$cin'
Warning 201: set_output_delay command matched but was not applied to primary input '$iopadmap$b[0]'
Warning 202: set_output_delay command matched but was not applied to primary input '$iopadmap$b[1]'
Warning 203: set_output_delay command matched but was not applied to primary input '$iopadmap$b[2]'
Warning 204: set_output_delay command matched but was not applied to primary input '$iopadmap$b[3]'
Warning 205: set_output_delay command matched but was not applied to primary input '$iopadmap$b[4]'
Warning 206: set_output_delay command matched but was not applied to primary input '$iopadmap$b[5]'
Warning 207: set_output_delay command matched but was not applied to primary input '$iopadmap$b[6]'
Warning 208: set_output_delay command matched but was not applied to primary input '$iopadmap$b[7]'
Warning 209: set_output_delay command matched but was not applied to primary input '$iopadmap$b[8]'
Warning 210: set_output_delay command matched but was not applied to primary input '$iopadmap$b[9]'
Warning 211: set_output_delay command matched but was not applied to primary input '$iopadmap$b[10]'
Warning 212: set_output_delay command matched but was not applied to primary input '$iopadmap$b[11]'
Warning 213: set_output_delay command matched but was not applied to primary input '$iopadmap$b[12]'
Warning 214: set_output_delay command matched but was not applied to primary input '$iopadmap$b[13]'
Warning 215: set_output_delay command matched but was not applied to primary input '$iopadmap$b[14]'
Warning 216: set_output_delay command matched but was not applied to primary input '$iopadmap$b[15]'
Warning 217: set_output_delay command matched but was not applied to primary input '$iopadmap$b[16]'
Warning 218: set_output_delay command matched but was not applied to primary input '$iopadmap$b[17]'
Warning 219: set_output_delay command matched but was not applied to primary input '$iopadmap$b[18]'
Warning 220: set_output_delay command matched but was not applied to primary input '$iopadmap$b[19]'
Warning 221: set_output_delay command matched but was not applied to primary input '$iopadmap$b[20]'
Warning 222: set_output_delay command matched but was not applied to primary input '$iopadmap$b[21]'
Warning 223: set_output_delay command matched but was not applied to primary input '$iopadmap$b[22]'
Warning 224: set_output_delay command matched but was not applied to primary input '$iopadmap$b[23]'
Warning 225: set_output_delay command matched but was not applied to primary input '$iopadmap$b[24]'
Warning 226: set_output_delay command matched but was not applied to primary input '$iopadmap$b[25]'
Warning 227: set_output_delay command matched but was not applied to primary input '$iopadmap$b[26]'
Warning 228: set_output_delay command matched but was not applied to primary input '$iopadmap$b[27]'
Warning 229: set_output_delay command matched but was not applied to primary input '$iopadmap$b[28]'
Warning 230: set_output_delay command matched but was not applied to primary input '$iopadmap$b[29]'
Warning 231: set_output_delay command matched but was not applied to primary input '$iopadmap$b[30]'
Warning 232: set_output_delay command matched but was not applied to primary input '$iopadmap$b[31]'
Warning 233: set_output_delay command matched but was not applied to primary input '$iopadmap$a[0]'
Warning 234: set_output_delay command matched but was not applied to primary input '$iopadmap$a[1]'
Warning 235: set_output_delay command matched but was not applied to primary input '$iopadmap$a[2]'
Warning 236: set_output_delay command matched but was not applied to primary input '$iopadmap$a[3]'
Warning 237: set_output_delay command matched but was not applied to primary input '$iopadmap$a[4]'
Warning 238: set_output_delay command matched but was not applied to primary input '$iopadmap$a[5]'
Warning 239: set_output_delay command matched but was not applied to primary input '$iopadmap$a[6]'
Warning 240: set_output_delay command matched but was not applied to primary input '$iopadmap$a[7]'
Warning 241: set_output_delay command matched but was not applied to primary input '$iopadmap$a[8]'
Warning 242: set_output_delay command matched but was not applied to primary input '$iopadmap$a[9]'
Warning 243: set_output_delay command matched but was not applied to primary input '$iopadmap$a[10]'
Warning 244: set_output_delay command matched but was not applied to primary input '$iopadmap$a[11]'
Warning 245: set_output_delay command matched but was not applied to primary input '$iopadmap$a[12]'
Warning 246: set_output_delay command matched but was not applied to primary input '$iopadmap$a[13]'
Warning 247: set_output_delay command matched but was not applied to primary input '$iopadmap$a[14]'
Warning 248: set_output_delay command matched but was not applied to primary input '$iopadmap$a[15]'
Warning 249: set_output_delay command matched but was not applied to primary input '$iopadmap$a[16]'
Warning 250: set_output_delay command matched but was not applied to primary input '$iopadmap$a[17]'
Warning 251: set_output_delay command matched but was not applied to primary input '$iopadmap$a[18]'
Warning 252: set_output_delay command matched but was not applied to primary input '$iopadmap$a[19]'
Warning 253: set_output_delay command matched but was not applied to primary input '$iopadmap$a[20]'
Warning 254: set_output_delay command matched but was not applied to primary input '$iopadmap$a[21]'
Warning 255: set_output_delay command matched but was not applied to primary input '$iopadmap$a[22]'
Warning 256: set_output_delay command matched but was not applied to primary input '$iopadmap$a[23]'
Warning 257: set_output_delay command matched but was not applied to primary input '$iopadmap$a[24]'
Warning 258: set_output_delay command matched but was not applied to primary input '$iopadmap$a[25]'
Warning 259: set_output_delay command matched but was not applied to primary input '$iopadmap$a[26]'
Warning 260: set_output_delay command matched but was not applied to primary input '$iopadmap$a[27]'
Warning 261: set_output_delay command matched but was not applied to primary input '$iopadmap$a[28]'
Warning 262: set_output_delay command matched but was not applied to primary input '$iopadmap$a[29]'
Warning 263: set_output_delay command matched but was not applied to primary input '$iopadmap$a[30]'
Warning 264: set_output_delay command matched but was not applied to primary input '$iopadmap$a[31]'

Applied 3 SDC commands from '/nfs_scratch/scratch/CompilerValidation/zaheer_ahmad/FullAdder32/FullAdder32/run_1/synth_1_1/impl_1_1_1/packing/fabric_FullAdder32_openfpga.sdc'
Timing constraints created 1 clocks
  Constrained Clock 'clk' (Virtual Clock)

# Load Timing Constraints took 0.00 seconds (max_rss 19.4 MiB, delta_rss +0.2 MiB)
# Load packing
Begin loading packed FPGA netlist file.
Netlist generated from file '/nfs_scratch/scratch/CompilerValidation/zaheer_ahmad/FullAdder32/FullAdder32/run_1/synth_1_1/impl_1_1_1/packing/fabric_FullAdder32_post_synth.net'.
Detected 0 constant generators (to see names run with higher pack verbosity)
Finished loading packed FPGA netlist file (took 0.05 seconds).
# Load packing took 0.44 seconds (max_rss 59.0 MiB, delta_rss +39.4 MiB)
Warning 265: Netlist contains 0 global net to non-global architecture pin connections

Pb types usage...
  io             : 98
   io_output     : 33
    outpad       : 33
   io_input      : 65
    inpad        : 65
  clb            : 7
   clb_lr        : 7
    fle          : 55
     fast6       : 31
      lut6       : 31
       lut       : 31
     ble5        : 39
      lut5       : 39
       lut       : 39

# Create Device
## Build Device Grid
FPGA sized to 12 x 10: 120 grid tiles (castor10x8_heterogeneous)

Resource usage...
	Netlist
		98	blocks of type: io
	Architecture
		576	blocks of type: io_top
		576	blocks of type: io_right
		576	blocks of type: io_bottom
		576	blocks of type: io_left
	Netlist
		7	blocks of type: clb
	Architecture
		36	blocks of type: clb
	Netlist
		0	blocks of type: dsp
	Architecture
		2	blocks of type: dsp
	Netlist
		0	blocks of type: bram
	Architecture
		2	blocks of type: bram

Device Utilization: 0.07 (target 1.00)
	Physical Tile io_top:
	Block Utilization: 0.17 Logical Block: io
	Physical Tile io_right:
	Block Utilization: 0.17 Logical Block: io
	Physical Tile io_bottom:
	Block Utilization: 0.17 Logical Block: io
	Physical Tile io_left:
	Block Utilization: 0.17 Logical Block: io
	Physical Tile clb:
	Block Utilization: 0.19 Logical Block: clb
	Physical Tile dsp:
	Block Utilization: 0.00 Logical Block: dsp
	Physical Tile bram:
	Block Utilization: 0.00 Logical Block: bram

## Build Device Grid took 0.00 seconds (max_rss 59.5 MiB, delta_rss +0.0 MiB)
Warning 266: Tileable routing resource graph does not support clock modeling yet! Related options are ignored...
## Build tileable routing resource graph
X-direction routing channel width is 160
Y-direction routing channel width is 160
Warning 267: Sized nonsensical R=0 transistor to minimum width
Warning 268: Sized nonsensical R=0 transistor to minimum width
Warning 269: Sized nonsensical R=0 transistor to minimum width
Warning 270: Sized nonsensical R=0 transistor to minimum width
## Build tileable routing resource graph took 0.51 seconds (max_rss 59.5 MiB, delta_rss +0.0 MiB)
  RR Graph Nodes: 113424
  RR Graph Edges: 231966
# Create Device took 0.52 seconds (max_rss 59.5 MiB, delta_rss +0.0 MiB)

# Computing router lookahead map
## Computing wire lookahead
## Computing wire lookahead took 0.56 seconds (max_rss 59.5 MiB, delta_rss +0.0 MiB)
## Computing src/opin lookahead
Warning 271: Found no more sample locations for SOURCE in io_top
Warning 272: Found no more sample locations for OPIN in io_top
Warning 273: Found no more sample locations for SOURCE in io_right
Warning 274: Found no more sample locations for OPIN in io_right
Warning 275: Found no more sample locations for SOURCE in io_bottom
Warning 276: Found no more sample locations for OPIN in io_bottom
Warning 277: Found no more sample locations for SOURCE in io_left
Warning 278: Found no more sample locations for OPIN in io_left
Warning 279: Found no more sample locations for SOURCE in clb
Warning 280: Found no more sample locations for OPIN in clb
Warning 281: Found no more sample locations for SOURCE in dsp
Warning 282: Found no more sample locations for SOURCE in bram
## Computing src/opin lookahead took 0.00 seconds (max_rss 59.5 MiB, delta_rss +0.0 MiB)
# Computing router lookahead map took 0.57 seconds (max_rss 59.5 MiB, delta_rss +0.0 MiB)
# Computing placement delta delay look-up
RR graph channel widths unchanged, skipping RR graph rebuild
## Computing delta delays
Warning 283: Unable to route between blocks at (1,1) and (1,9) to characterize delay (setting to inf)
Warning 284: Unable to route between blocks at (1,1) and (2,9) to characterize delay (setting to inf)
Warning 285: Unable to route between blocks at (1,1) and (3,9) to characterize delay (setting to inf)
Warning 286: Unable to route between blocks at (1,1) and (4,9) to characterize delay (setting to inf)
Warning 287: Unable to route between blocks at (1,1) and (5,9) to characterize delay (setting to inf)
Warning 288: Unable to route between blocks at (1,1) and (6,9) to characterize delay (setting to inf)
Warning 289: Unable to route between blocks at (1,1) and (7,9) to characterize delay (setting to inf)
Warning 290: Unable to route between blocks at (1,1) and (8,9) to characterize delay (setting to inf)
Warning 291: Unable to route between blocks at (1,1) and (9,9) to characterize delay (setting to inf)
Warning 292: Unable to route between blocks at (1,1) and (10,9) to characterize delay (setting to inf)
Warning 293: Unable to route between blocks at (1,1) and (11,1) to characterize delay (setting to inf)
Warning 294: Unable to route between blocks at (1,1) and (11,2) to characterize delay (setting to inf)
Warning 295: Unable to route between blocks at (1,1) and (11,3) to characterize delay (setting to inf)
Warning 296: Unable to route between blocks at (1,1) and (11,4) to characterize delay (setting to inf)
Warning 297: Unable to route between blocks at (1,1) and (11,5) to characterize delay (setting to inf)
Warning 298: Unable to route between blocks at (1,1) and (11,6) to characterize delay (setting to inf)
Warning 299: Unable to route between blocks at (1,1) and (11,7) to characterize delay (setting to inf)
Warning 300: Unable to route between blocks at (1,1) and (11,8) to characterize delay (setting to inf)
Warning 301: Unable to route between blocks at (1,1) and (11,9) to characterize delay (setting to inf)
Warning 302: Unable to route between blocks at (4,4) and (4,9) to characterize delay (setting to inf)
Warning 303: Unable to route between blocks at (4,4) and (5,9) to characterize delay (setting to inf)
Warning 304: Unable to route between blocks at (4,4) and (6,9) to characterize delay (setting to inf)
Warning 305: Unable to route between blocks at (4,4) and (7,9) to characterize delay (setting to inf)
Warning 306: Unable to route between blocks at (4,4) and (8,9) to characterize delay (setting to inf)
Warning 307: Unable to route between blocks at (4,4) and (9,9) to characterize delay (setting to inf)
Warning 308: Unable to route between blocks at (4,4) and (10,9) to characterize delay (setting to inf)
Warning 309: Unable to route between blocks at (4,4) and (11,4) to characterize delay (setting to inf)
Warning 310: Unable to route between blocks at (4,4) and (11,5) to characterize delay (setting to inf)
Warning 311: Unable to route between blocks at (4,4) and (11,6) to characterize delay (setting to inf)
Warning 312: Unable to route between blocks at (4,4) and (11,7) to characterize delay (setting to inf)
Warning 313: Unable to route between blocks at (4,4) and (11,8) to characterize delay (setting to inf)
Warning 314: Unable to route between blocks at (4,4) and (11,9) to characterize delay (setting to inf)
Warning 315: Unable to route between blocks at (8,6) and (0,0) to characterize delay (setting to inf)
Warning 316: Unable to route between blocks at (8,6) and (0,1) to characterize delay (setting to inf)
Warning 317: Unable to route between blocks at (8,6) and (0,2) to characterize delay (setting to inf)
Warning 318: Unable to route between blocks at (8,6) and (0,3) to characterize delay (setting to inf)
Warning 319: Unable to route between blocks at (8,6) and (0,4) to characterize delay (setting to inf)
Warning 320: Unable to route between blocks at (8,6) and (0,5) to characterize delay (setting to inf)
Warning 321: Unable to route between blocks at (8,6) and (0,6) to characterize delay (setting to inf)
Warning 322: Unable to route between blocks at (8,6) and (1,0) to characterize delay (setting to inf)
Warning 323: Unable to route between blocks at (8,6) and (2,0) to characterize delay (setting to inf)
Warning 324: Unable to route between blocks at (8,6) and (3,0) to characterize delay (setting to inf)
Warning 325: Unable to route between blocks at (8,6) and (4,0) to characterize delay (setting to inf)
Warning 326: Unable to route between blocks at (8,6) and (5,0) to characterize delay (setting to inf)
Warning 327: Unable to route between blocks at (8,6) and (6,0) to characterize delay (setting to inf)
Warning 328: Unable to route between blocks at (8,6) and (7,0) to characterize delay (setting to inf)
Warning 329: Unable to route between blocks at (8,6) and (8,0) to characterize delay (setting to inf)
Warning 330: Unable to route between blocks at (8,4) and (0,4) to characterize delay (setting to inf)
Warning 331: Unable to route between blocks at (8,4) and (0,5) to characterize delay (setting to inf)
Warning 332: Unable to route between blocks at (8,4) and (0,6) to characterize delay (setting to inf)
Warning 333: Unable to route between blocks at (8,4) and (0,7) to characterize delay (setting to inf)
Warning 334: Unable to route between blocks at (8,4) and (0,8) to characterize delay (setting to inf)
Warning 335: Unable to route between blocks at (8,4) and (0,9) to characterize delay (setting to inf)
Warning 336: Unable to route between blocks at (8,4) and (1,9) to characterize delay (setting to inf)
Warning 337: Unable to route between blocks at (8,4) and (2,9) to characterize delay (setting to inf)
Warning 338: Unable to route between blocks at (8,4) and (3,9) to characterize delay (setting to inf)
Warning 339: Unable to route between blocks at (8,4) and (4,9) to characterize delay (setting to inf)
Warning 340: Unable to route between blocks at (8,4) and (5,9) to characterize delay (setting to inf)
Warning 341: Unable to route between blocks at (8,4) and (6,9) to characterize delay (setting to inf)
Warning 342: Unable to route between blocks at (8,4) and (7,9) to characterize delay (setting to inf)
Warning 343: Unable to route between blocks at (8,4) and (8,9) to characterize delay (setting to inf)
Warning 344: Unable to route between blocks at (4,6) and (4,0) to characterize delay (setting to inf)
Warning 345: Unable to route between blocks at (4,6) and (5,0) to characterize delay (setting to inf)
Warning 346: Unable to route between blocks at (4,6) and (6,0) to characterize delay (setting to inf)
Warning 347: Unable to route between blocks at (4,6) and (7,0) to characterize delay (setting to inf)
Warning 348: Unable to route between blocks at (4,6) and (8,0) to characterize delay (setting to inf)
Warning 349: Unable to route between blocks at (4,6) and (9,0) to characterize delay (setting to inf)
Warning 350: Unable to route between blocks at (4,6) and (10,0) to characterize delay (setting to inf)
Warning 351: Unable to route between blocks at (4,6) and (11,0) to characterize delay (setting to inf)
Warning 352: Unable to route between blocks at (4,6) and (11,1) to characterize delay (setting to inf)
Warning 353: Unable to route between blocks at (4,6) and (11,2) to characterize delay (setting to inf)
Warning 354: Unable to route between blocks at (4,6) and (11,3) to characterize delay (setting to inf)
Warning 355: Unable to route between blocks at (4,6) and (11,4) to characterize delay (setting to inf)
Warning 356: Unable to route between blocks at (4,6) and (11,5) to characterize delay (setting to inf)
Warning 357: Unable to route between blocks at (4,6) and (11,6) to characterize delay (setting to inf)
## Computing delta delays took 0.50 seconds (max_rss 59.5 MiB, delta_rss +0.0 MiB)
# Computing placement delta delay look-up took 0.50 seconds (max_rss 59.5 MiB, delta_rss +0.0 MiB)

Bounding box mode is Cube

Using simple RL 'Softmax agent' for choosing move and block types
# Placement
## Initial Placement
Reading FullAdder32_pin_loc.place.

Warning 358: Block a[0] has an invalid name and it is going to be skipped.
Warning 359: Block a[1] has an invalid name and it is going to be skipped.
Warning 360: Block a[2] has an invalid name and it is going to be skipped.
Warning 361: Block a[3] has an invalid name and it is going to be skipped.
Warning 362: Block a[4] has an invalid name and it is going to be skipped.
Warning 363: Block a[5] has an invalid name and it is going to be skipped.
Warning 364: Block a[6] has an invalid name and it is going to be skipped.
Warning 365: Block a[7] has an invalid name and it is going to be skipped.
Warning 366: Block a[8] has an invalid name and it is going to be skipped.
Warning 367: Block a[9] has an invalid name and it is going to be skipped.
Warning 368: Block a[10] has an invalid name and it is going to be skipped.
Warning 369: Block a[11] has an invalid name and it is going to be skipped.
Warning 370: Block a[12] has an invalid name and it is going to be skipped.
Warning 371: Block a[13] has an invalid name and it is going to be skipped.
Warning 372: Block a[14] has an invalid name and it is going to be skipped.
Warning 373: Block a[15] has an invalid name and it is going to be skipped.
Warning 374: Block a[16] has an invalid name and it is going to be skipped.
Warning 375: Block a[17] has an invalid name and it is going to be skipped.
Warning 376: Block a[18] has an invalid name and it is going to be skipped.
Warning 377: Block a[19] has an invalid name and it is going to be skipped.
Warning 378: Block a[20] has an invalid name and it is going to be skipped.
Warning 379: Block a[21] has an invalid name and it is going to be skipped.
Warning 380: Block a[22] has an invalid name and it is going to be skipped.
Warning 381: Block a[23] has an invalid name and it is going to be skipped.
Warning 382: Block a[24] has an invalid name and it is going to be skipped.
Warning 383: Block a[25] has an invalid name and it is going to be skipped.
Warning 384: Block a[26] has an invalid name and it is going to be skipped.
Warning 385: Block a[27] has an invalid name and it is going to be skipped.
Warning 386: Block a[28] has an invalid name and it is going to be skipped.
Warning 387: Block a[29] has an invalid name and it is going to be skipped.
Warning 388: Block a[30] has an invalid name and it is going to be skipped.
Warning 389: Block a[31] has an invalid name and it is going to be skipped.
Warning 390: Block b[0] has an invalid name and it is going to be skipped.
Warning 391: Block b[1] has an invalid name and it is going to be skipped.
Warning 392: Block b[2] has an invalid name and it is going to be skipped.
Warning 393: Block b[3] has an invalid name and it is going to be skipped.
Warning 394: Block b[4] has an invalid name and it is going to be skipped.
Warning 395: Block b[5] has an invalid name and it is going to be skipped.
Warning 396: Block b[6] has an invalid name and it is going to be skipped.
Warning 397: Block b[7] has an invalid name and it is going to be skipped.
Warning 398: Block b[8] has an invalid name and it is going to be skipped.
Warning 399: Block b[9] has an invalid name and it is going to be skipped.
Warning 400: Block b[10] has an invalid name and it is going to be skipped.
Warning 401: Block b[11] has an invalid name and it is going to be skipped.
Warning 402: Block b[12] has an invalid name and it is going to be skipped.
Warning 403: Block b[13] has an invalid name and it is going to be skipped.
Warning 404: Block b[14] has an invalid name and it is going to be skipped.
Warning 405: Block b[15] has an invalid name and it is going to be skipped.
Warning 406: Block b[16] has an invalid name and it is going to be skipped.
Warning 407: Block b[17] has an invalid name and it is going to be skipped.
Warning 408: Block b[18] has an invalid name and it is going to be skipped.
Warning 409: Block b[19] has an invalid name and it is going to be skipped.
Warning 410: Block b[20] has an invalid name and it is going to be skipped.
Warning 411: Block b[21] has an invalid name and it is going to be skipped.
Warning 412: Block b[22] has an invalid name and it is going to be skipped.
Warning 413: Block b[23] has an invalid name and it is going to be skipped.
Warning 414: Block b[24] has an invalid name and it is going to be skipped.
Warning 415: Block b[25] has an invalid name and it is going to be skipped.
Warning 416: Block b[26] has an invalid name and it is going to be skipped.
Warning 417: Block b[27] has an invalid name and it is going to be skipped.
Warning 418: Block b[28] has an invalid name and it is going to be skipped.
Warning 419: Block b[29] has an invalid name and it is going to be skipped.
Warning 420: Block b[30] has an invalid name and it is going to be skipped.
Warning 421: Block b[31] has an invalid name and it is going to be skipped.
Warning 422: Block out:sum[0] has an invalid name and it is going to be skipped.
Warning 423: Block out:sum[1] has an invalid name and it is going to be skipped.
Warning 424: Block out:sum[2] has an invalid name and it is going to be skipped.
Warning 425: Block out:sum[3] has an invalid name and it is going to be skipped.
Warning 426: Block out:sum[4] has an invalid name and it is going to be skipped.
Warning 427: Block out:sum[5] has an invalid name and it is going to be skipped.
Warning 428: Block out:sum[6] has an invalid name and it is going to be skipped.
Warning 429: Block out:sum[7] has an invalid name and it is going to be skipped.
Warning 430: Block out:sum[8] has an invalid name and it is going to be skipped.
Warning 431: Block out:sum[9] has an invalid name and it is going to be skipped.
Warning 432: Block out:sum[10] has an invalid name and it is going to be skipped.
Warning 433: Block out:sum[11] has an invalid name and it is going to be skipped.
Warning 434: Block out:sum[12] has an invalid name and it is going to be skipped.
Warning 435: Block out:sum[13] has an invalid name and it is going to be skipped.
Warning 436: Block out:sum[14] has an invalid name and it is going to be skipped.
Warning 437: Block out:sum[15] has an invalid name and it is going to be skipped.
Warning 438: Block out:sum[16] has an invalid name and it is going to be skipped.
Warning 439: Block out:sum[17] has an invalid name and it is going to be skipped.
Warning 440: Block out:sum[18] has an invalid name and it is going to be skipped.
Warning 441: Block out:sum[19] has an invalid name and it is going to be skipped.
Warning 442: Block out:sum[20] has an invalid name and it is going to be skipped.
Warning 443: Block out:sum[21] has an invalid name and it is going to be skipped.
Warning 444: Block out:sum[22] has an invalid name and it is going to be skipped.
Warning 445: Block out:sum[23] has an invalid name and it is going to be skipped.
Warning 446: Block out:sum[24] has an invalid name and it is going to be skipped.
Warning 447: Block out:sum[25] has an invalid name and it is going to be skipped.
Warning 448: Block out:sum[26] has an invalid name and it is going to be skipped.
Warning 449: Block out:sum[27] has an invalid name and it is going to be skipped.
Warning 450: Block out:sum[28] has an invalid name and it is going to be skipped.
Warning 451: Block out:sum[29] has an invalid name and it is going to be skipped.
Warning 452: Block out:sum[30] has an invalid name and it is going to be skipped.
Warning 453: Block out:sum[31] has an invalid name and it is going to be skipped.
Successfully read constraints file FullAdder32_pin_loc.place.

Initial placement iteration 0 has finished successfully
## Initial Placement took 0.00 seconds (max_rss 59.5 MiB, delta_rss +0.0 MiB)

There are 226 point to point connections in this circuit.


BB estimate of min-dist (placement) wire length: 1247

Completed placement consistency check successfully.
Initial placement cost: 1 bb_cost: 7.79559 td_cost: 7.20572e-08
Initial placement estimated Critical Path Delay (CPD): 6.99703 ns
Initial placement estimated setup Total Negative Slack (sTNS): -31.0988 ns
Initial placement estimated setup Worst Negative Slack (sWNS): -1.99703 ns

Initial placement estimated setup slack histogram:
[   -2e-09: -1.8e-09) 2 (  6.1%) |****************
[ -1.8e-09: -1.6e-09) 1 (  3.0%) |********
[ -1.6e-09: -1.4e-09) 2 (  6.1%) |****************
[ -1.4e-09: -1.2e-09) 6 ( 18.2%) |*************************************************
[ -1.2e-09: -9.5e-10) 5 ( 15.2%) |*****************************************
[ -9.5e-10: -7.4e-10) 6 ( 18.2%) |*************************************************
[ -7.4e-10: -5.4e-10) 5 ( 15.2%) |*****************************************
[ -5.4e-10: -3.3e-10) 2 (  6.1%) |****************
[ -3.3e-10: -1.2e-10) 2 (  6.1%) |****************
[ -1.2e-10:  9.1e-11) 2 (  6.1%) |****************
Placement contains 0 placement macros involving 0 blocks (average macro size -nan)

Moves per temperature: 247
Warning 454: Starting t: 67 of 105 configurations accepted.

---- ------ ------- ------- ---------- ---------- ------- ---------- -------- ------- ------- ------ -------- --------- ------  ---------------
Tnum   Time       T Av Cost Av BB Cost Av TD Cost     CPD       sTNS     sWNS Ac Rate Std Dev  R lim Crit Exp Tot Moves  Alpha  congestion_cost
      (sec)                                          (ns)       (ns)     (ns)                                                                  
---- ------ ------- ------- ---------- ---------- ------- ---------- -------- ------- ------- ------ -------- --------- ------  ---------------
   1    0.0 9.4e-04   0.933       5.36 5.7512e-08   6.384      -26.3   -1.384   0.522  0.0268   11.0     1.00 0.000       247  0.200
   2    0.0 8.9e-04   0.946       4.79 5.2742e-08   6.222      -20.6   -1.222   0.429  0.0232   11.0     1.00 0.000       494  0.950
   3    0.0 8.5e-04   0.936       4.16 4.8507e-08   6.164      -20.1   -1.164   0.372  0.0304   10.9     1.08 0.000       741  0.950
   4    0.0 8.0e-04   0.988       3.93 4.381e-08    6.042      -16.3   -1.042   0.291  0.0051   10.1     1.60 0.000       988  0.950
   5    0.0 7.6e-04   0.984       3.91 3.5604e-08   6.042        -16   -1.042   0.275  0.0121    8.6     2.65 0.000      1235  0.950
   6    0.0 7.3e-04   0.990       3.88 2.7625e-08   6.103      -16.4   -1.103   0.251  0.0040    7.2     3.65 0.000      1482  0.950
   7    0.0 6.9e-04   0.997       3.87 2.3783e-08   6.103      -16.3   -1.103   0.219  0.0019    5.9     4.60 0.000      1729  0.950
   8    0.0 6.6e-04   0.995       3.84 2.1002e-08   6.103      -16.4   -1.103   0.211  0.0064    4.6     5.51 0.000      1976  0.950
   9    0.0 6.2e-04   0.997       3.80 1.8697e-08   6.103      -15.9   -1.103   0.154  0.0022    3.5     6.24 0.000      2223  0.950
  10    0.0 5.9e-04   1.007       3.83 1.7078e-08   6.103      -15.6   -1.103   0.259  0.0034    2.5     6.95 0.000      2470  0.950
  11    0.0 5.6e-04   0.987       3.84 1.6509e-08   6.103      -15.9   -1.103   0.271  0.0065    2.1     7.26 0.000      2717  0.950
  12    0.0 5.3e-04   0.995       3.82 1.5554e-08   6.103      -15.7   -1.103   0.267  0.0019    1.7     7.51 0.000      2964  0.950
  13    0.0 5.1e-04   0.996       3.80 1.4978e-08   6.103      -15.6   -1.103   0.223  0.0033    1.4     7.71 0.000      3211  0.950
  14    0.0 4.8e-04   0.999       3.77 1.4587e-08   6.103      -15.6   -1.103   0.223  0.0025    1.1     7.93 0.000      3458  0.950
  15    0.0 4.6e-04   0.999       3.76 1.4345e-08   6.103      -15.6   -1.103   0.255  0.0019    1.0     8.00 0.000      3705  0.950
  16    0.0 4.3e-04   0.996       3.78 1.4227e-08   6.103      -15.5   -1.103   0.174  0.0034    1.0     8.00 0.000      3952  0.950
  17    0.0 4.1e-04   0.998       3.75 1.4125e-08   6.103      -15.5   -1.103   0.162  0.0029    1.0     8.00 0.000      4199  0.950
  18    0.0 3.9e-04   0.996       3.71 1.4276e-08   6.103      -16.1   -1.103   0.150  0.0017    1.0     8.00 0.000      4446  0.950
  19    0.0 3.1e-04   0.998       3.71 1.4203e-08   6.103        -16   -1.103   0.121  0.0023    1.0     8.00 0.000      4693  0.800
Agent's 2nd state: 
Checkpoint saved: bb_costs=3.71206, TD costs=1.39063e-08, CPD=  6.103 (ns) 
  20    0.0 2.5e-04   0.999       3.71 1.39e-08     6.103      -15.8   -1.103   0.077  0.0013    1.0     8.00 0.000      4940  0.800
  21    0.0 2.0e-04   0.999       3.70 1.3831e-08   6.103      -15.7   -1.103   0.081  0.0005    1.0     8.00 0.000      5187  0.800
  22    0.0 1.6e-04   0.999       3.68 1.3849e-08   6.103      -15.8   -1.103   0.085  0.0009    1.0     8.00 0.000      5434  0.800
  23    0.0 1.3e-04   0.998       3.69 1.3672e-08   6.103      -15.8   -1.103   0.045  0.0023    1.0     8.00 0.000      5681  0.800
  24    0.0 1.0e-04   1.000       3.69 1.3574e-08   6.103      -15.8   -1.103   0.053  0.0002    1.0     8.00 0.000      5928  0.800
  25    0.0 8.2e-05   1.000       3.69 1.36e-08     6.103      -15.8   -1.103   0.057  0.0002    1.0     8.00 0.000      6175  0.800
  26    0.0 6.6e-05   1.000       3.69 1.354e-08    6.103      -15.7   -1.103   0.040  0.0001    1.0     8.00 0.000      6422  0.800
  27    0.0 5.3e-05   1.000       3.69 1.36e-08     6.103      -15.9   -1.103   0.032  0.0001    1.0     8.00 0.000      6669  0.800
  28    0.0 4.2e-05   1.000       3.69 1.3545e-08   6.103      -15.8   -1.103   0.028  0.0000    1.0     8.00 0.000      6916  0.800
  29    0.0 0.0e+00   1.000       3.69 1.3588e-08   6.103      -15.8   -1.103   0.028  0.0000    1.0     8.00 0.000      7163  0.800
## Placement Quench took 0.00 seconds (max_rss 59.5 MiB)
post-quench CPD = 6.10317 (ns) 

BB estimate of min-dist (placement) wire length: 591

Completed placement consistency check successfully.

Swaps called: 7268

Aborted Move Reasons:
  No moves aborted

Placement estimated critical path delay (least slack): 6.10317 ns, Fmax: 163.849 MHz
Placement estimated setup Worst Negative Slack (sWNS): -1.10317 ns
Placement estimated setup Total Negative Slack (sTNS): -15.7655 ns

Placement estimated setup slack histogram:
[ -1.1e-09: -9.4e-10) 1 (  3.0%) |*****
[ -9.4e-10: -7.8e-10) 3 (  9.1%) |****************
[ -7.8e-10: -6.2e-10) 9 ( 27.3%) |*************************************************
[ -6.2e-10: -4.6e-10) 7 ( 21.2%) |**************************************
[ -4.6e-10:   -3e-10) 4 ( 12.1%) |**********************
[   -3e-10: -1.4e-10) 3 (  9.1%) |****************
[ -1.4e-10:  2.5e-11) 2 (  6.1%) |***********
[  2.5e-11:  1.9e-10) 1 (  3.0%) |*****
[  1.9e-10:  3.5e-10) 1 (  3.0%) |*****
[  3.5e-10:  5.1e-10) 2 (  6.1%) |***********

Placement estimated geomean non-virtual intra-domain period: nan ns (nan MHz)
Placement estimated fanout-weighted geomean non-virtual intra-domain period: nan ns (nan MHz)

Placement cost: 0.999981, bb_cost: 3.69331, td_cost: 1.35693e-08, 

Placement resource usage:
  io  implemented as io_top   : 1
  io  implemented as io_right : 35
  io  implemented as io_bottom: 62
  clb implemented as clb      : 7

Placement number of temperatures: 29
Placement total # of swap attempts: 7268
	Swaps accepted: 1390 (19.1 %)
	Swaps rejected: 4885 (67.2 %)
	Swaps aborted:  993 (13.7 %)


Placement perturbation distribution by block and move type: 
------------------ ----------------- ---------------- ---------------- --------------- ------------ 
    Block Type         Move Type       (%) of Total      Accepted(%)     Rejected(%)    Aborted(%)
------------------ ----------------- ---------------- ---------------- --------------- ------------ 
io                 Uniform                21.04            18.56           81.31          0.13         
                   Median                 19.83            24.93           57.37          17.71        
                   Centroid               19.62            25.05           58.77          16.18        
                   W. Centroid            21.13            24.98           58.94          16.08        
                   W. Median              4.61             6.71            64.02          29.27        

clb                Uniform                1.11             1.27            98.73          0.00         
                   Median                 1.18             3.57            88.10          8.33         
                   Centroid               1.35             1.04            91.67          7.29         
                   W. Centroid            1.91             5.15            88.24          6.62         
                   W. Median              0.27             0.00            63.16          36.84        
                   Crit. Uniform          4.13             0.00            100.00         0.00         
                   Feasible Region        3.83             0.00            100.00         0.00         


Placement Quench timing analysis took 0.000331761 seconds (0.000303707 STA, 2.8054e-05 slack) (1 full updates: 1 setup, 0 hold, 0 combined).
Placement Total  timing analysis took 0.0146413 seconds (0.0135073 STA, 0.00113395 slack) (31 full updates: 31 setup, 0 hold, 0 combined).
update_td_costs: connections 0 nets 0 sum_nets 0 total 0
# Placement took 0.05 seconds (max_rss 59.5 MiB, delta_rss +0.0 MiB)

Flow timing analysis took 0.0146413 seconds (0.0135073 STA, 0.00113395 slack) (31 full updates: 31 setup, 0 hold, 0 combined).
VPR succeeded
The entire flow of VPR took 2.30 seconds (max_rss 59.5 MiB)
Incr Slack updates 31 in 0.000379567 sec
Full Max Req/Worst Slack updates 5 in 2.2974e-05 sec
Incr Max Req/Worst Slack updates 26 in 8.3727e-05 sec
Incr Criticality updates 25 in 0.00039572 sec
Full Criticality updates 6 in 0.000123045 sec
