VPR FPGA Placement and Routing.
Version: 
Revision: 
Compiled: 
Compiler: GNU 11.2.1 on Linux-3.10.0-1160.90.1.el7.x86_64 x86_64
Build Info: Release VTR_ASSERT_LEVEL=2

University of Toronto
verilogtorouting.org
vtr-users@googlegroups.com
This is free open source code under MIT license.

VPR was run with the following command-line:
/nfs_eda_sw/softwares/Raptor/instl_dir/04_30_2024_09_15_01/bin/vpr /nfs_eda_sw/softwares/Raptor/instl_dir/04_30_2024_09_15_01/share/raptor/etc/devices/gemini_compact_62x44/gemini_vpr.xml /nfs_scratch/scratch/CGA/repo/2024-04-30-11-45-48_T10763R122/Validation/RTL_testcases/RTL_Benchmarks_Gap_Analysis/rs_decoder/results_dir/rs_decoder/run_1/synth_1_1/synthesis/fabric_rs_decoder_post_synth.eblif --sdc_file /nfs_scratch/scratch/CGA/repo/2024-04-30-11-45-48_T10763R122/Validation/RTL_testcases/RTL_Benchmarks_Gap_Analysis/rs_decoder/results_dir/rs_decoder/run_1/synth_1_1/impl_1_1_1/packing/fabric_rs_decoder_openfpga.sdc --route_chan_width 160 --suppress_warnings check_rr_node_warnings.log,check_rr_node --clock_modeling ideal --absorb_buffer_luts off --skip_sync_clustering_and_routing_results off --constant_net_method route --post_place_timing_report rs_decoder_post_place_timing.rpt --device castor62x44_heterogeneous --allow_unrelated_clustering on --allow_dangling_combinational_nodes on --place_delta_delay_matrix_calculation_method dijkstra --gen_post_synthesis_netlist on --post_synth_netlist_unconn_inputs gnd --inner_loop_recompute_divider 1 --max_router_iterations 1500 --timing_report_detail detailed --timing_report_npaths 100 --top RS_dec_top --net_file /nfs_scratch/scratch/CGA/repo/2024-04-30-11-45-48_T10763R122/Validation/RTL_testcases/RTL_Benchmarks_Gap_Analysis/rs_decoder/results_dir/rs_decoder/run_1/synth_1_1/impl_1_1_1/packing/fabric_rs_decoder_post_synth.net --place_file /nfs_scratch/scratch/CGA/repo/2024-04-30-11-45-48_T10763R122/Validation/RTL_testcases/RTL_Benchmarks_Gap_Analysis/rs_decoder/results_dir/rs_decoder/run_1/synth_1_1/impl_1_1_1/placement/fabric_rs_decoder_post_synth.place --route_file /nfs_scratch/scratch/CGA/repo/2024-04-30-11-45-48_T10763R122/Validation/RTL_testcases/RTL_Benchmarks_Gap_Analysis/rs_decoder/results_dir/rs_decoder/run_1/synth_1_1/impl_1_1_1/routing/fabric_rs_decoder_post_synth.route --pack

Using up to 1 parallel worker(s)

Architecture file: /nfs_eda_sw/softwares/Raptor/instl_dir/04_30_2024_09_15_01/share/raptor/etc/devices/gemini_compact_62x44/gemini_vpr.xml
Circuit name: fabric_rs_decoder_post_synth

# Loading Architecture Description
Warning 1: Model 'io' input port 'outpad' has no timing specification (no clock specified to create a sequential input port, not combinationally connected to any outputs, not a clock input)
Warning 2: Model 'io' output port 'inpad' has no timing specification (no clock specified to create a sequential output port, not combinationally connected to any inputs, not a clock output)
Warning 3: Model 'dsp_phy' input port 'sc_in' has no timing specification (no clock specified to create a sequential input port, not combinationally connected to any outputs, not a clock input)
Warning 4: Model 'dsp_phy' input port 'lreset' has no timing specification (no clock specified to create a sequential input port, not combinationally connected to any outputs, not a clock input)
Warning 5: Model 'dsp_phy' output port 'sc_out' has no timing specification (no clock specified to create a sequential output port, not combinationally connected to any inputs, not a clock output)
Warning 6: Model 'RS_DSP_MULT' input port 'feedback' has no timing specification (no clock specified to create a sequential input port, not combinationally connected to any outputs, not a clock input)
Warning 7: Model 'RS_DSP_MULT' input port 'unsigned_b' has no timing specification (no clock specified to create a sequential input port, not combinationally connected to any outputs, not a clock input)
Warning 8: Model 'RS_DSP_MULT' input port 'unsigned_a' has no timing specification (no clock specified to create a sequential input port, not combinationally connected to any outputs, not a clock input)
Warning 9: Model 'RS_DSP_MULT_REGIN' input port 'lreset' has no timing specification (no clock specified to create a sequential input port, not combinationally connected to any outputs, not a clock input)
Warning 10: Model 'RS_DSP_MULT_REGIN' input port 'unsigned_b' has no timing specification (no clock specified to create a sequential input port, not combinationally connected to any outputs, not a clock input)
Warning 11: Model 'RS_DSP_MULT_REGIN' input port 'unsigned_a' has no timing specification (no clock specified to create a sequential input port, not combinationally connected to any outputs, not a clock input)
Warning 12: Model 'RS_DSP_MULT_REGOUT' input port 'lreset' has no timing specification (no clock specified to create a sequential input port, not combinationally connected to any outputs, not a clock input)
Warning 13: Model 'RS_DSP_MULT_REGOUT' input port 'unsigned_b' has no timing specification (no clock specified to create a sequential input port, not combinationally connected to any outputs, not a clock input)
Warning 14: Model 'RS_DSP_MULT_REGOUT' input port 'unsigned_a' has no timing specification (no clock specified to create a sequential input port, not combinationally connected to any outputs, not a clock input)
Warning 15: Model 'RS_DSP_MULT_REGIN_REGOUT' input port 'lreset' has no timing specification (no clock specified to create a sequential input port, not combinationally connected to any outputs, not a clock input)
Warning 16: Model 'RS_DSP_MULT_REGIN_REGOUT' input port 'unsigned_b' has no timing specification (no clock specified to create a sequential input port, not combinationally connected to any outputs, not a clock input)
Warning 17: Model 'RS_DSP_MULT_REGIN_REGOUT' input port 'unsigned_a' has no timing specification (no clock specified to create a sequential input port, not combinationally connected to any outputs, not a clock input)
Warning 18: Model 'RS_DSP_MULTADD' input port 'round' has no timing specification (no clock specified to create a sequential input port, not combinationally connected to any outputs, not a clock input)
Warning 19: Model 'RS_DSP_MULTADD' input port 'shift_right' has no timing specification (no clock specified to create a sequential input port, not combinationally connected to any outputs, not a clock input)
Warning 20: Model 'RS_DSP_MULTADD' input port 'saturate_enable' has no timing specification (no clock specified to create a sequential input port, not combinationally connected to any outputs, not a clock input)
Warning 21: Model 'RS_DSP_MULTADD' input port 'lreset' has no timing specification (no clock specified to create a sequential input port, not combinationally connected to any outputs, not a clock input)
Warning 22: Model 'RS_DSP_MULTADD' input port 'unsigned_b' has no timing specification (no clock specified to create a sequential input port, not combinationally connected to any outputs, not a clock input)
Warning 23: Model 'RS_DSP_MULTADD' input port 'unsigned_a' has no timing specification (no clock specified to create a sequential input port, not combinationally connected to any outputs, not a clock input)
Warning 24: Model 'RS_DSP_MULTADD_REGIN' input port 'round' has no timing specification (no clock specified to create a sequential input port, not combinationally connected to any outputs, not a clock input)
Warning 25: Model 'RS_DSP_MULTADD_REGIN' input port 'shift_right' has no timing specification (no clock specified to create a sequential input port, not combinationally connected to any outputs, not a clock input)
Warning 26: Model 'RS_DSP_MULTADD_REGIN' input port 'saturate_enable' has no timing specification (no clock specified to create a sequential input port, not combinationally connected to any outputs, not a clock input)
Warning 27: Model 'RS_DSP_MULTADD_REGIN' input port 'lreset' has no timing specification (no clock specified to create a sequential input port, not combinationally connected to any outputs, not a clock input)
Warning 28: Model 'RS_DSP_MULTADD_REGIN' input port 'unsigned_b' has no timing specification (no clock specified to create a sequential input port, not combinationally connected to any outputs, not a clock input)
Warning 29: Model 'RS_DSP_MULTADD_REGIN' input port 'unsigned_a' has no timing specification (no clock specified to create a sequential input port, not combinationally connected to any outputs, not a clock input)
Warning 30: Model 'RS_DSP_MULTADD_REGOUT' input port 'round' has no timing specification (no clock specified to create a sequential input port, not combinationally connected to any outputs, not a clock input)
Warning 31: Model 'RS_DSP_MULTADD_REGOUT' input port 'shift_right' has no timing specification (no clock specified to create a sequential input port, not combinationally connected to any outputs, not a clock input)
Warning 32: Model 'RS_DSP_MULTADD_REGOUT' input port 'saturate_enable' has no timing specification (no clock specified to create a sequential input port, not combinationally connected to any outputs, not a clock input)
Warning 33: Model 'RS_DSP_MULTADD_REGOUT' input port 'lreset' has no timing specification (no clock specified to create a sequential input port, not combinationally connected to any outputs, not a clock input)
Warning 34: Model 'RS_DSP_MULTADD_REGOUT' input port 'unsigned_b' has no timing specification (no clock specified to create a sequential input port, not combinationally connected to any outputs, not a clock input)
Warning 35: Model 'RS_DSP_MULTADD_REGOUT' input port 'unsigned_a' has no timing specification (no clock specified to create a sequential input port, not combinationally connected to any outputs, not a clock input)
Warning 36: Model 'RS_DSP_MULTADD_REGIN_REGOUT' input port 'round' has no timing specification (no clock specified to create a sequential input port, not combinationally connected to any outputs, not a clock input)
Warning 37: Model 'RS_DSP_MULTADD_REGIN_REGOUT' input port 'shift_right' has no timing specification (no clock specified to create a sequential input port, not combinationally connected to any outputs, not a clock input)
Warning 38: Model 'RS_DSP_MULTADD_REGIN_REGOUT' input port 'saturate_enable' has no timing specification (no clock specified to create a sequential input port, not combinationally connected to any outputs, not a clock input)
Warning 39: Model 'RS_DSP_MULTADD_REGIN_REGOUT' input port 'lreset' has no timing specification (no clock specified to create a sequential input port, not combinationally connected to any outputs, not a clock input)
Warning 40: Model 'RS_DSP_MULTADD_REGIN_REGOUT' input port 'unsigned_b' has no timing specification (no clock specified to create a sequential input port, not combinationally connected to any outputs, not a clock input)
Warning 41: Model 'RS_DSP_MULTADD_REGIN_REGOUT' input port 'unsigned_a' has no timing specification (no clock specified to create a sequential input port, not combinationally connected to any outputs, not a clock input)
Warning 42: Model 'RS_DSP_MULTACC' input port 'round' has no timing specification (no clock specified to create a sequential input port, not combinationally connected to any outputs, not a clock input)
Warning 43: Model 'RS_DSP_MULTACC' input port 'shift_right' has no timing specification (no clock specified to create a sequential input port, not combinationally connected to any outputs, not a clock input)
Warning 44: Model 'RS_DSP_MULTACC' input port 'saturate_enable' has no timing specification (no clock specified to create a sequential input port, not combinationally connected to any outputs, not a clock input)
Warning 45: Model 'RS_DSP_MULTACC' input port 'lreset' has no timing specification (no clock specified to create a sequential input port, not combinationally connected to any outputs, not a clock input)
Warning 46: Model 'RS_DSP_MULTACC' input port 'unsigned_b' has no timing specification (no clock specified to create a sequential input port, not combinationally connected to any outputs, not a clock input)
Warning 47: Model 'RS_DSP_MULTACC' input port 'unsigned_a' has no timing specification (no clock specified to create a sequential input port, not combinationally connected to any outputs, not a clock input)
Warning 48: Model 'RS_DSP_MULTACC_REGIN' input port 'round' has no timing specification (no clock specified to create a sequential input port, not combinationally connected to any outputs, not a clock input)
Warning 49: Model 'RS_DSP_MULTACC_REGIN' input port 'shift_right' has no timing specification (no clock specified to create a sequential input port, not combinationally connected to any outputs, not a clock input)
Warning 50: Model 'RS_DSP_MULTACC_REGIN' input port 'saturate_enable' has no timing specification (no clock specified to create a sequential input port, not combinationally connected to any outputs, not a clock input)
Warning 51: Model 'RS_DSP_MULTACC_REGIN' input port 'lreset' has no timing specification (no clock specified to create a sequential input port, not combinationally connected to any outputs, not a clock input)
Warning 52: Model 'RS_DSP_MULTACC_REGIN' input port 'unsigned_b' has no timing specification (no clock specified to create a sequential input port, not combinationally connected to any outputs, not a clock input)
Warning 53: Model 'RS_DSP_MULTACC_REGIN' input port 'unsigned_a' has no timing specification (no clock specified to create a sequential input port, not combinationally connected to any outputs, not a clock input)
Warning 54: Model 'RS_DSP_MULTACC_REGOUT' input port 'round' has no timing specification (no clock specified to create a sequential input port, not combinationally connected to any outputs, not a clock input)
Warning 55: Model 'RS_DSP_MULTACC_REGOUT' input port 'shift_right' has no timing specification (no clock specified to create a sequential input port, not combinationally connected to any outputs, not a clock input)
Warning 56: Model 'RS_DSP_MULTACC_REGOUT' input port 'saturate_enable' has no timing specification (no clock specified to create a sequential input port, not combinationally connected to any outputs, not a clock input)
Warning 57: Model 'RS_DSP_MULTACC_REGOUT' input port 'lreset' has no timing specification (no clock specified to create a sequential input port, not combinationally connected to any outputs, not a clock input)
Warning 58: Model 'RS_DSP_MULTACC_REGOUT' input port 'unsigned_b' has no timing specification (no clock specified to create a sequential input port, not combinationally connected to any outputs, not a clock input)
Warning 59: Model 'RS_DSP_MULTACC_REGOUT' input port 'unsigned_a' has no timing specification (no clock specified to create a sequential input port, not combinationally connected to any outputs, not a clock input)
Warning 60: Model 'RS_DSP_MULTACC_REGIN_REGOUT' input port 'round' has no timing specification (no clock specified to create a sequential input port, not combinationally connected to any outputs, not a clock input)
Warning 61: Model 'RS_DSP_MULTACC_REGIN_REGOUT' input port 'shift_right' has no timing specification (no clock specified to create a sequential input port, not combinationally connected to any outputs, not a clock input)
Warning 62: Model 'RS_DSP_MULTACC_REGIN_REGOUT' input port 'saturate_enable' has no timing specification (no clock specified to create a sequential input port, not combinationally connected to any outputs, not a clock input)
Warning 63: Model 'RS_DSP_MULTACC_REGIN_REGOUT' input port 'lreset' has no timing specification (no clock specified to create a sequential input port, not combinationally connected to any outputs, not a clock input)
Warning 64: Model 'RS_DSP_MULTACC_REGIN_REGOUT' input port 'unsigned_b' has no timing specification (no clock specified to create a sequential input port, not combinationally connected to any outputs, not a clock input)
Warning 65: Model 'RS_DSP_MULTACC_REGIN_REGOUT' input port 'unsigned_a' has no timing specification (no clock specified to create a sequential input port, not combinationally connected to any outputs, not a clock input)
Warning 66: Model 'bram_phy' input port 'sc_in' has no timing specification (no clock specified to create a sequential input port, not combinationally connected to any outputs, not a clock input)
Warning 67: Model 'bram_phy' output port 'sc_out' has no timing specification (no clock specified to create a sequential output port, not combinationally connected to any inputs, not a clock output)
Warning 68: Model 'bram_phy' output port 'PL_DATA_o' has no timing specification (no clock specified to create a sequential output port, not combinationally connected to any inputs, not a clock output)
Warning 69: Model 'bram_phy' output port 'PL_ADDR_o' has no timing specification (no clock specified to create a sequential output port, not combinationally connected to any inputs, not a clock output)
Warning 70: Model 'bram_phy' output port 'PL_WEN_o' has no timing specification (no clock specified to create a sequential output port, not combinationally connected to any inputs, not a clock output)
Warning 71: Model 'bram_phy' output port 'PL_CLK_o' has no timing specification (no clock specified to create a sequential output port, not combinationally connected to any inputs, not a clock output)
Warning 72: Model 'bram_phy' output port 'PL_REN_o' has no timing specification (no clock specified to create a sequential output port, not combinationally connected to any inputs, not a clock output)
Warning 73: Model 'bram_phy' output port 'PL_ENA_o' has no timing specification (no clock specified to create a sequential output port, not combinationally connected to any inputs, not a clock output)
Warning 74: Model 'bram_phy' output port 'PL_INIT_o' has no timing specification (no clock specified to create a sequential output port, not combinationally connected to any inputs, not a clock output)
mode 'io[physical]' is defined by user to be disabled in packing
mode 'iopad[default]' is defined by user to be disabled in packing
mode 'fle[physical]' is defined by user to be disabled in packing
mode 'fabric[default]' is defined by user to be disabled in packing
mode 'ff_bypass[default]' is defined by user to be disabled in packing
mode 'dsp_lr[physical]' is defined by user to be disabled in packing
mode 'bram_lr[physical]' is defined by user to be disabled in packing
# Loading Architecture Description took 0.05 seconds (max_rss 35.2 MiB, delta_rss +0.0 MiB)

Timing analysis: ON
Circuit netlist file: /nfs_scratch/scratch/CGA/repo/2024-04-30-11-45-48_T10763R122/Validation/RTL_testcases/RTL_Benchmarks_Gap_Analysis/rs_decoder/results_dir/rs_decoder/run_1/synth_1_1/impl_1_1_1/packing/fabric_rs_decoder_post_synth.net
Circuit placement file: /nfs_scratch/scratch/CGA/repo/2024-04-30-11-45-48_T10763R122/Validation/RTL_testcases/RTL_Benchmarks_Gap_Analysis/rs_decoder/results_dir/rs_decoder/run_1/synth_1_1/impl_1_1_1/placement/fabric_rs_decoder_post_synth.place
Circuit routing file: /nfs_scratch/scratch/CGA/repo/2024-04-30-11-45-48_T10763R122/Validation/RTL_testcases/RTL_Benchmarks_Gap_Analysis/rs_decoder/results_dir/rs_decoder/run_1/synth_1_1/impl_1_1_1/routing/fabric_rs_decoder_post_synth.route
Circuit SDC file: /nfs_scratch/scratch/CGA/repo/2024-04-30-11-45-48_T10763R122/Validation/RTL_testcases/RTL_Benchmarks_Gap_Analysis/rs_decoder/results_dir/rs_decoder/run_1/synth_1_1/impl_1_1_1/packing/fabric_rs_decoder_openfpga.sdc
Vpr floorplanning constraints file: not specified

Packer: ENABLED
Placer: DISABLED
Router: DISABLED
Analysis: DISABLED

VPR was run with the following options:

NetlistOpts.abosrb_buffer_luts            : false
NetlistOpts.sweep_dangling_primary_ios    : true
NetlistOpts.sweep_dangling_nets           : true
NetlistOpts.sweep_dangling_blocks         : true
NetlistOpts.sweep_constant_primary_outputs: false
NetlistOpts.netlist_verbosity             : 1
NetlistOpts.const_gen_inference           : COMB_SEQ

PackerOpts.allow_unrelated_clustering: true
PackerOpts.alpha_clustering: 0.750000
PackerOpts.beta_clustering: 0.900000
PackerOpts.cluster_seed_type: BLEND2
PackerOpts.connection_driven: true
PackerOpts.global_clocks: true
PackerOpts.hill_climbing_flag: false
PackerOpts.inter_cluster_net_delay: 1.000000
PackerOpts.timing_driven: true
PackerOpts.target_external_pin_util: auto

# Building complex block graph
Warning 75: clb[0].sr_in[0] unconnected pin in architecture.
Warning 76: clb[0].sr_out[0] unconnected pin in architecture.
Warning 77: dsp[0].sr_in[0] unconnected pin in architecture.
Warning 78: dsp[0].sr_in[1] unconnected pin in architecture.
Warning 79: dsp[0].sr_in[2] unconnected pin in architecture.
Warning 80: dsp[0].sr_out[0] unconnected pin in architecture.
Warning 81: dsp[0].sr_out[1] unconnected pin in architecture.
Warning 82: dsp[0].sr_out[2] unconnected pin in architecture.
Warning 83: bram[0].sr_in[0] unconnected pin in architecture.
Warning 84: bram[0].sr_in[1] unconnected pin in architecture.
Warning 85: bram[0].sr_in[2] unconnected pin in architecture.
Warning 86: bram[0].sr_in[3] unconnected pin in architecture.
Warning 87: bram[0].sr_in[4] unconnected pin in architecture.
Warning 88: bram[0].sr_in[5] unconnected pin in architecture.
Warning 89: bram[0].plr_i[0] unconnected pin in architecture.
Warning 90: bram[0].plr_i[1] unconnected pin in architecture.
Warning 91: bram[0].plr_i[2] unconnected pin in architecture.
Warning 92: bram[0].plr_i[3] unconnected pin in architecture.
Warning 93: bram[0].plr_i[4] unconnected pin in architecture.
Warning 94: bram[0].plr_i[5] unconnected pin in architecture.
Warning 95: bram[0].plr_i[6] unconnected pin in architecture.
Warning 96: bram[0].plr_i[7] unconnected pin in architecture.
Warning 97: bram[0].plr_i[8] unconnected pin in architecture.
Warning 98: bram[0].plr_i[9] unconnected pin in architecture.
Warning 99: bram[0].plr_i[10] unconnected pin in architecture.
Warning 100: bram[0].plr_i[11] unconnected pin in architecture.
Warning 101: bram[0].plr_i[12] unconnected pin in architecture.
Warning 102: bram[0].plr_i[13] unconnected pin in architecture.
Warning 103: bram[0].plr_i[14] unconnected pin in architecture.
Warning 104: bram[0].plr_i[15] unconnected pin in architecture.
Warning 105: bram[0].plr_i[16] unconnected pin in architecture.
Warning 106: bram[0].plr_i[17] unconnected pin in architecture.
Warning 107: bram[0].plr_i[18] unconnected pin in architecture.
Warning 108: bram[0].plr_i[19] unconnected pin in architecture.
Warning 109: bram[0].plr_i[20] unconnected pin in architecture.
Warning 110: bram[0].plr_i[21] unconnected pin in architecture.
Warning 111: bram[0].plr_i[22] unconnected pin in architecture.
Warning 112: bram[0].plr_i[23] unconnected pin in architecture.
Warning 113: bram[0].plr_i[24] unconnected pin in architecture.
Warning 114: bram[0].plr_i[25] unconnected pin in architecture.
Warning 115: bram[0].plr_i[26] unconnected pin in architecture.
Warning 116: bram[0].plr_i[27] unconnected pin in architecture.
Warning 117: bram[0].plr_i[28] unconnected pin in architecture.
Warning 118: bram[0].plr_i[29] unconnected pin in architecture.
Warning 119: bram[0].plr_i[30] unconnected pin in architecture.
Warning 120: bram[0].plr_i[31] unconnected pin in architecture.
Warning 121: bram[0].plr_i[32] unconnected pin in architecture.
Warning 122: bram[0].plr_i[33] unconnected pin in architecture.
Warning 123: bram[0].plr_i[34] unconnected pin in architecture.
Warning 124: bram[0].plr_i[35] unconnected pin in architecture.
Warning 125: bram[0].sr_out[0] unconnected pin in architecture.
Warning 126: bram[0].sr_out[1] unconnected pin in architecture.
Warning 127: bram[0].sr_out[2] unconnected pin in architecture.
Warning 128: bram[0].sr_out[3] unconnected pin in architecture.
Warning 129: bram[0].sr_out[4] unconnected pin in architecture.
Warning 130: bram[0].sr_out[5] unconnected pin in architecture.
Warning 131: bram[0].plr_o[0] unconnected pin in architecture.
Warning 132: bram[0].plr_o[1] unconnected pin in architecture.
Warning 133: bram[0].plr_o[2] unconnected pin in architecture.
Warning 134: bram[0].plr_o[3] unconnected pin in architecture.
Warning 135: bram[0].plr_o[4] unconnected pin in architecture.
Warning 136: bram[0].plr_o[5] unconnected pin in architecture.
Warning 137: bram[0].plr_o[6] unconnected pin in architecture.
Warning 138: bram[0].plr_o[7] unconnected pin in architecture.
Warning 139: bram[0].plr_o[8] unconnected pin in architecture.
Warning 140: bram[0].plr_o[9] unconnected pin in architecture.
Warning 141: bram[0].plr_o[10] unconnected pin in architecture.
Warning 142: bram[0].plr_o[11] unconnected pin in architecture.
Warning 143: bram[0].plr_o[12] unconnected pin in architecture.
Warning 144: bram[0].plr_o[13] unconnected pin in architecture.
Warning 145: bram[0].plr_o[14] unconnected pin in architecture.
Warning 146: bram[0].plr_o[15] unconnected pin in architecture.
Warning 147: bram[0].plr_o[16] unconnected pin in architecture.
Warning 148: bram[0].plr_o[17] unconnected pin in architecture.
Warning 149: bram[0].plr_o[18] unconnected pin in architecture.
Warning 150: bram[0].plr_o[19] unconnected pin in architecture.
Warning 151: bram[0].plr_o[20] unconnected pin in architecture.
Warning 152: bram[0].plr_o[21] unconnected pin in architecture.
Warning 153: bram[0].plr_o[22] unconnected pin in architecture.
Warning 154: bram[0].plr_o[23] unconnected pin in architecture.
Warning 155: bram[0].plr_o[24] unconnected pin in architecture.
Warning 156: bram[0].plr_o[25] unconnected pin in architecture.
Warning 157: bram[0].plr_o[26] unconnected pin in architecture.
Warning 158: bram[0].plr_o[27] unconnected pin in architecture.
Warning 159: bram[0].plr_o[28] unconnected pin in architecture.
Warning 160: bram[0].plr_o[29] unconnected pin in architecture.
Warning 161: bram[0].plr_o[30] unconnected pin in architecture.
Warning 162: bram[0].plr_o[31] unconnected pin in architecture.
Warning 163: bram[0].plr_o[32] unconnected pin in architecture.
Warning 164: bram[0].plr_o[33] unconnected pin in architecture.
Warning 165: bram[0].plr_o[34] unconnected pin in architecture.
Warning 166: bram[0].plr_o[35] unconnected pin in architecture.
# Building complex block graph took 0.03 seconds (max_rss 35.2 MiB, delta_rss +0.0 MiB)
Circuit file: /nfs_scratch/scratch/CGA/repo/2024-04-30-11-45-48_T10763R122/Validation/RTL_testcases/RTL_Benchmarks_Gap_Analysis/rs_decoder/results_dir/rs_decoder/run_1/synth_1_1/synthesis/fabric_rs_decoder_post_synth.eblif
# Load circuit
Found constant-zero generator '$false'
Found constant-one generator '$true'
Found constant-zero generator '$undef'
# Load circuit took 0.30 seconds (max_rss 53.3 MiB, delta_rss +18.1 MiB)
# Clean circuit
Inferred    0 additional primitive pins as constant generators since they have no combinationally connected inputs
Inferred   36 additional primitive pins as constant generators due to constant inputs
Inferred    0 additional primitive pins as constant generators since they have no combinationally connected inputs
Inferred    0 additional primitive pins as constant generators due to constant inputs
Inferred    0 additional primitive pins as constant generators since they have no combinationally connected inputs
Inferred    0 additional primitive pins as constant generators due to constant inputs
Inferred    0 additional primitive pins as constant generators since they have no combinationally connected inputs
Inferred    0 additional primitive pins as constant generators due to constant inputs
Inferred    0 additional primitive pins as constant generators since they have no combinationally connected inputs
Inferred    0 additional primitive pins as constant generators due to constant inputs
Swept input(s)      : 0
Swept output(s)     : 0 (0 dangling, 0 constant)
Swept net(s)        : 1051
Swept block(s)      : 595
Constant Pins Marked: 36
# Clean circuit took 0.01 seconds (max_rss 53.3 MiB, delta_rss +0.0 MiB)
# Compress circuit
# Compress circuit took 0.02 seconds (max_rss 53.3 MiB, delta_rss +0.0 MiB)
# Verify circuit
# Verify circuit took 0.00 seconds (max_rss 53.3 MiB, delta_rss +0.0 MiB)
Circuit Statistics:
  Blocks: 5989
    .input   :      11
    .output  :      21
    0-LUT    :       3
    6-LUT    :    3246
    RS_TDP36K:       8
    dffre    :    2700
  Nets  : 6080
    Avg Fanout:     4.5
    Max Fanout:  2719.0
    Min Fanout:     1.0
  Netlist Clocks: 1
# Build Timing Graph
  Timing Graph Nodes: 33371
  Timing Graph Edges: 54649
  Timing Graph Levels: 16
# Build Timing Graph took 0.05 seconds (max_rss 53.3 MiB, delta_rss +0.0 MiB)
Netlist contains 1 clocks
  Netlist Clock 'BM_lamda_unit.clk' Fanout: 2719 pins (8.1%), 2708 blocks (45.2%)
# Load Timing Constraints
Warning 167: set_input_delay command matched but was not applied to primary output '$auto$rs_design_edit.cc:572:execute$378337'
Warning 168: set_input_delay command matched but was not applied to primary output '$iopadmap$CEO'
Warning 169: set_input_delay command matched but was not applied to primary output 'out_stage_unit.Valid_out'
Warning 170: set_input_delay command matched but was not applied to primary output 'out_stage_unit.Out_byte[0]'
Warning 171: set_input_delay command matched but was not applied to primary output 'out_stage_unit.Out_byte[1]'
Warning 172: set_input_delay command matched but was not applied to primary output 'out_stage_unit.Out_byte[2]'
Warning 173: set_input_delay command matched but was not applied to primary output 'out_stage_unit.Out_byte[3]'
Warning 174: set_input_delay command matched but was not applied to primary output 'out_stage_unit.Out_byte[4]'
Warning 175: set_input_delay command matched but was not applied to primary output 'out_stage_unit.Out_byte[5]'
Warning 176: set_input_delay command matched but was not applied to primary output 'out_stage_unit.Out_byte[6]'
Warning 177: set_input_delay command matched but was not applied to primary output 'out_stage_unit.Out_byte[7]'
Warning 178: set_input_delay command matched but was not applied to primary output '$auto$rs_design_edit.cc:572:execute$378334'
Warning 179: set_input_delay command matched but was not applied to primary output '$auto$rs_design_edit.cc:572:execute$378336'
Warning 180: set_input_delay command matched but was not applied to primary output '$auto$rs_design_edit.cc:572:execute$378338'
Warning 181: set_input_delay command matched but was not applied to primary output '$auto$rs_design_edit.cc:572:execute$378344'
Warning 182: set_input_delay command matched but was not applied to primary output '$auto$rs_design_edit.cc:572:execute$378342'
Warning 183: set_input_delay command matched but was not applied to primary output '$auto$rs_design_edit.cc:572:execute$378340'
Warning 184: set_input_delay command matched but was not applied to primary output '$auto$rs_design_edit.cc:572:execute$378335'
Warning 185: set_input_delay command matched but was not applied to primary output '$auto$rs_design_edit.cc:572:execute$378343'
Warning 186: set_input_delay command matched but was not applied to primary output '$auto$rs_design_edit.cc:572:execute$378341'
Warning 187: set_input_delay command matched but was not applied to primary output '$auto$rs_design_edit.cc:572:execute$378339'
Warning 188: set_output_delay command matched but was not applied to primary input '$iopadmap$reset'
Warning 189: set_output_delay command matched but was not applied to primary input '$iopadmap$input_byte[0]'
Warning 190: set_output_delay command matched but was not applied to primary input '$iopadmap$input_byte[1]'
Warning 191: set_output_delay command matched but was not applied to primary input '$iopadmap$input_byte[2]'
Warning 192: set_output_delay command matched but was not applied to primary input '$iopadmap$input_byte[3]'
Warning 193: set_output_delay command matched but was not applied to primary input '$iopadmap$input_byte[4]'
Warning 194: set_output_delay command matched but was not applied to primary input '$iopadmap$input_byte[5]'
Warning 195: set_output_delay command matched but was not applied to primary input '$iopadmap$input_byte[6]'
Warning 196: set_output_delay command matched but was not applied to primary input '$iopadmap$input_byte[7]'
Warning 197: set_output_delay command matched but was not applied to primary input 'BM_lamda_unit.clk'
Warning 198: set_output_delay command matched but was not applied to primary input '$iopadmap$CE'

Applied 3 SDC commands from '/nfs_scratch/scratch/CGA/repo/2024-04-30-11-45-48_T10763R122/Validation/RTL_testcases/RTL_Benchmarks_Gap_Analysis/rs_decoder/results_dir/rs_decoder/run_1/synth_1_1/impl_1_1_1/packing/fabric_rs_decoder_openfpga.sdc'
Timing constraints created 1 clocks
  Constrained Clock 'BM_lamda_unit.clk' Source: 'BM_lamda_unit.clk.inpad[0]'

# Load Timing Constraints took 0.00 seconds (max_rss 53.3 MiB, delta_rss +0.0 MiB)
# Packing
Begin packing '/nfs_scratch/scratch/CGA/repo/2024-04-30-11-45-48_T10763R122/Validation/RTL_testcases/RTL_Benchmarks_Gap_Analysis/rs_decoder/results_dir/rs_decoder/run_1/synth_1_1/synthesis/fabric_rs_decoder_post_synth.eblif'.
Warning 199: All 3 clocks will be treated as global.

After removing unused inputs...
	total blocks: 5989, total nets: 6080, total inputs: 11, total outputs: 21
Begin prepacking.

There is one chain in this architecture called "carrychain" with the following starting points:
	clb[0]/clb_lr[0]/fle[0]/adder[0]/adder_carry[0].cin[0]

0 attraction groups were created during prepacking.
Finish prepacking.
Using inter-cluster delay: 8.9048e-10
Packing with pin utilization targets: io_top:1,1 io_right:1,1 io_bottom:1,1 io_left:1,1 clb:0.8,1 dsp:1,1 bram:1,1
Packing with high fanout thresholds: io_top:128 io_right:128 io_bottom:128 io_left:128 clb:32 dsp:128 bram:128
Warning 200: 475 timing endpoints were not constrained during timing analysis
Starting Clustering - Clustering Progress: 
-------------------   --------------------------   ---------
Molecules processed   Number of clusters created   FPGA size
-------------------   --------------------------   ---------
Failed route at end, repack cluster trying detailed routing at each stage.
Failed route at end, repack cluster trying detailed routing at each stage.
Failed route at end, repack cluster trying detailed routing at each stage.
Failed route at end, repack cluster trying detailed routing at each stage.
Failed route at end, repack cluster trying detailed routing at each stage.
Failed route at end, repack cluster trying detailed routing at each stage.
Failed route at end, repack cluster trying detailed routing at each stage.
Failed route at end, repack cluster trying detailed routing at each stage.
   181/4530      3%                           15    64 x 46    
Failed route at end, repack cluster trying detailed routing at each stage.
Failed route at end, repack cluster trying detailed routing at each stage.
Failed route at end, repack cluster trying detailed routing at each stage.
Failed route at end, repack cluster trying detailed routing at each stage.
Failed route at end, repack cluster trying detailed routing at each stage.
Failed route at end, repack cluster trying detailed routing at each stage.
   362/4530      7%                           25    64 x 46    
Failed route at end, repack cluster trying detailed routing at each stage.
Failed route at end, repack cluster trying detailed routing at each stage.
Failed route at end, repack cluster trying detailed routing at each stage.
Failed route at end, repack cluster trying detailed routing at each stage.
Failed route at end, repack cluster trying detailed routing at each stage.
Failed route at end, repack cluster trying detailed routing at each stage.
Failed route at end, repack cluster trying detailed routing at each stage.
Failed route at end, repack cluster trying detailed routing at each stage.
   543/4530     11%                           32    64 x 46    
Failed route at end, repack cluster trying detailed routing at each stage.
Failed route at end, repack cluster trying detailed routing at each stage.
Failed route at end, repack cluster trying detailed routing at each stage.
Failed route at end, repack cluster trying detailed routing at each stage.
Failed route at end, repack cluster trying detailed routing at each stage.
Failed route at end, repack cluster trying detailed routing at each stage.
Failed route at end, repack cluster trying detailed routing at each stage.
Failed route at end, repack cluster trying detailed routing at each stage.
   724/4530     15%                           41    64 x 46    
Failed route at end, repack cluster trying detailed routing at each stage.
Failed route at end, repack cluster trying detailed routing at each stage.
Failed route at end, repack cluster trying detailed routing at each stage.
Failed route at end, repack cluster trying detailed routing at each stage.
Failed route at end, repack cluster trying detailed routing at each stage.
Failed route at end, repack cluster trying detailed routing at each stage.
Failed route at end, repack cluster trying detailed routing at each stage.
Failed route at end, repack cluster trying detailed routing at each stage.
   905/4530     19%                           49    64 x 46    
Failed route at end, repack cluster trying detailed routing at each stage.
Failed route at end, repack cluster trying detailed routing at each stage.
Failed route at end, repack cluster trying detailed routing at each stage.
Failed route at end, repack cluster trying detailed routing at each stage.
Failed route at end, repack cluster trying detailed routing at each stage.
Failed route at end, repack cluster trying detailed routing at each stage.
Failed route at end, repack cluster trying detailed routing at each stage.
  1086/4530     23%                           59    64 x 46    
Failed route at end, repack cluster trying detailed routing at each stage.
Failed route at end, repack cluster trying detailed routing at each stage.
Failed route at end, repack cluster trying detailed routing at each stage.
Failed route at end, repack cluster trying detailed routing at each stage.
Failed route at end, repack cluster trying detailed routing at each stage.
Failed route at end, repack cluster trying detailed routing at each stage.
Failed route at end, repack cluster trying detailed routing at each stage.
Failed route at end, repack cluster trying detailed routing at each stage.
  1267/4530     27%                           67    64 x 46    
Failed route at end, repack cluster trying detailed routing at each stage.
Failed route at end, repack cluster trying detailed routing at each stage.
Failed route at end, repack cluster trying detailed routing at each stage.
Failed route at end, repack cluster trying detailed routing at each stage.
Failed route at end, repack cluster trying detailed routing at each stage.
Failed route at end, repack cluster trying detailed routing at each stage.
Failed route at end, repack cluster trying detailed routing at each stage.
Failed route at end, repack cluster trying detailed routing at each stage.
  1448/4530     31%                           75    64 x 46    
Failed route at end, repack cluster trying detailed routing at each stage.
Failed route at end, repack cluster trying detailed routing at each stage.
Failed route at end, repack cluster trying detailed routing at each stage.
Failed route at end, repack cluster trying detailed routing at each stage.
Failed route at end, repack cluster trying detailed routing at each stage.
Failed route at end, repack cluster trying detailed routing at each stage.
Failed route at end, repack cluster trying detailed routing at each stage.
Failed route at end, repack cluster trying detailed routing at each stage.
  1629/4530     35%                           86    64 x 46    
Failed route at end, repack cluster trying detailed routing at each stage.
Failed route at end, repack cluster trying detailed routing at each stage.
Failed route at end, repack cluster trying detailed routing at each stage.
Failed route at end, repack cluster trying detailed routing at each stage.
Failed route at end, repack cluster trying detailed routing at each stage.
Failed route at end, repack cluster trying detailed routing at each stage.
Failed route at end, repack cluster trying detailed routing at each stage.
Failed route at end, repack cluster trying detailed routing at each stage.
Failed route at end, repack cluster trying detailed routing at each stage.
  1810/4530     39%                           95    64 x 46    
Failed route at end, repack cluster trying detailed routing at each stage.
Failed route at end, repack cluster trying detailed routing at each stage.
Failed route at end, repack cluster trying detailed routing at each stage.
Failed route at end, repack cluster trying detailed routing at each stage.
Failed route at end, repack cluster trying detailed routing at each stage.
Failed route at end, repack cluster trying detailed routing at each stage.
Failed route at end, repack cluster trying detailed routing at each stage.
Failed route at end, repack cluster trying detailed routing at each stage.
  1991/4530     43%                          103    64 x 46    
Failed route at end, repack cluster trying detailed routing at each stage.
Failed route at end, repack cluster trying detailed routing at each stage.
Failed route at end, repack cluster trying detailed routing at each stage.
Failed route at end, repack cluster trying detailed routing at each stage.
Failed route at end, repack cluster trying detailed routing at each stage.
Failed route at end, repack cluster trying detailed routing at each stage.
Failed route at end, repack cluster trying detailed routing at each stage.
Failed route at end, repack cluster trying detailed routing at each stage.
  2172/4530     47%                          111    64 x 46    
Failed route at end, repack cluster trying detailed routing at each stage.
Failed route at end, repack cluster trying detailed routing at each stage.
Failed route at end, repack cluster trying detailed routing at each stage.
Failed route at end, repack cluster trying detailed routing at each stage.
Failed route at end, repack cluster trying detailed routing at each stage.
Failed route at end, repack cluster trying detailed routing at each stage.
Failed route at end, repack cluster trying detailed routing at each stage.
Failed route at end, repack cluster trying detailed routing at each stage.
  2353/4530     51%                          120    64 x 46    
Failed route at end, repack cluster trying detailed routing at each stage.
Failed route at end, repack cluster trying detailed routing at each stage.
Failed route at end, repack cluster trying detailed routing at each stage.
Failed route at end, repack cluster trying detailed routing at each stage.
Failed route at end, repack cluster trying detailed routing at each stage.
Failed route at end, repack cluster trying detailed routing at each stage.
Failed route at end, repack cluster trying detailed routing at each stage.
Failed route at end, repack cluster trying detailed routing at each stage.
  2534/4530     55%                          127    64 x 46    
Failed route at end, repack cluster trying detailed routing at each stage.
Failed route at end, repack cluster trying detailed routing at each stage.
Failed route at end, repack cluster trying detailed routing at each stage.
Failed route at end, repack cluster trying detailed routing at each stage.
Failed route at end, repack cluster trying detailed routing at each stage.
Failed route at end, repack cluster trying detailed routing at each stage.
  2715/4530     59%                          137    64 x 46    
Failed route at end, repack cluster trying detailed routing at each stage.
Failed route at end, repack cluster trying detailed routing at each stage.
Failed route at end, repack cluster trying detailed routing at each stage.
Failed route at end, repack cluster trying detailed routing at each stage.
Failed route at end, repack cluster trying detailed routing at each stage.
Failed route at end, repack cluster trying detailed routing at each stage.
Failed route at end, repack cluster trying detailed routing at each stage.
Failed route at end, repack cluster trying detailed routing at each stage.
  2896/4530     63%                          145    64 x 46    
Failed route at end, repack cluster trying detailed routing at each stage.
Failed route at end, repack cluster trying detailed routing at each stage.
Failed route at end, repack cluster trying detailed routing at each stage.
Failed route at end, repack cluster trying detailed routing at each stage.
Failed route at end, repack cluster trying detailed routing at each stage.
Failed route at end, repack cluster trying detailed routing at each stage.
Failed route at end, repack cluster trying detailed routing at each stage.
Failed route at end, repack cluster trying detailed routing at each stage.
  3077/4530     67%                          154    64 x 46    
Failed route at end, repack cluster trying detailed routing at each stage.
Failed route at end, repack cluster trying detailed routing at each stage.
Failed route at end, repack cluster trying detailed routing at each stage.
Failed route at end, repack cluster trying detailed routing at each stage.
  3258/4530     71%                          163    64 x 46    
Failed route at end, repack cluster trying detailed routing at each stage.
Failed route at end, repack cluster trying detailed routing at each stage.
Failed route at end, repack cluster trying detailed routing at each stage.
Failed route at end, repack cluster trying detailed routing at each stage.
Failed route at end, repack cluster trying detailed routing at each stage.
Failed route at end, repack cluster trying detailed routing at each stage.
Failed route at end, repack cluster trying detailed routing at each stage.
Failed route at end, repack cluster trying detailed routing at each stage.
  3439/4530     75%                          172    64 x 46    
Failed route at end, repack cluster trying detailed routing at each stage.
Failed route at end, repack cluster trying detailed routing at each stage.
Failed route at end, repack cluster trying detailed routing at each stage.
Failed route at end, repack cluster trying detailed routing at each stage.
Failed route at end, repack cluster trying detailed routing at each stage.
Failed route at end, repack cluster trying detailed routing at each stage.
Failed route at end, repack cluster trying detailed routing at each stage.
Failed route at end, repack cluster trying detailed routing at each stage.
  3620/4530     79%                          180    64 x 46    
Failed route at end, repack cluster trying detailed routing at each stage.
Failed route at end, repack cluster trying detailed routing at each stage.
Failed route at end, repack cluster trying detailed routing at each stage.
Failed route at end, repack cluster trying detailed routing at each stage.
Failed route at end, repack cluster trying detailed routing at each stage.
Failed route at end, repack cluster trying detailed routing at each stage.
Failed route at end, repack cluster trying detailed routing at each stage.
  3801/4530     83%                          189    64 x 46    
Failed route at end, repack cluster trying detailed routing at each stage.
Failed route at end, repack cluster trying detailed routing at each stage.
Failed route at end, repack cluster trying detailed routing at each stage.
Failed route at end, repack cluster trying detailed routing at each stage.
Failed route at end, repack cluster trying detailed routing at each stage.
Failed route at end, repack cluster trying detailed routing at each stage.
Failed route at end, repack cluster trying detailed routing at each stage.
Failed route at end, repack cluster trying detailed routing at each stage.
  3982/4530     87%                          198    64 x 46    
Failed route at end, repack cluster trying detailed routing at each stage.
Failed route at end, repack cluster trying detailed routing at each stage.
Failed route at end, repack cluster trying detailed routing at each stage.
Failed route at end, repack cluster trying detailed routing at each stage.
Failed route at end, repack cluster trying detailed routing at each stage.
  4163/4530     91%                          209    64 x 46    
Failed route at end, repack cluster trying detailed routing at each stage.
Failed route at end, repack cluster trying detailed routing at each stage.
Failed route at end, repack cluster trying detailed routing at each stage.
Failed route at end, repack cluster trying detailed routing at each stage.
Failed route at end, repack cluster trying detailed routing at each stage.
Failed route at end, repack cluster trying detailed routing at each stage.
Failed route at end, repack cluster trying detailed routing at each stage.
Failed route at end, repack cluster trying detailed routing at each stage.
  4344/4530     95%                          217    64 x 46    
Failed route at end, repack cluster trying detailed routing at each stage.
Failed route at end, repack cluster trying detailed routing at each stage.
Failed route at end, repack cluster trying detailed routing at each stage.
Failed route at end, repack cluster trying detailed routing at each stage.
Failed route at end, repack cluster trying detailed routing at each stage.
Failed route at end, repack cluster trying detailed routing at each stage.
Failed route at end, repack cluster trying detailed routing at each stage.
  4525/4530     99%                          226    64 x 46    
Failed route at end, repack cluster trying detailed routing at each stage.
Failed route at end, repack cluster trying detailed routing at each stage.
Failed route at end, repack cluster trying detailed routing at each stage.
Failed route at end, repack cluster trying detailed routing at each stage.
Failed route at end, repack cluster trying detailed routing at each stage.
Failed route at end, repack cluster trying detailed routing at each stage.
Failed route at end, repack cluster trying detailed routing at each stage.
  4706/4530    103%                          235    64 x 46    
Failed route at end, repack cluster trying detailed routing at each stage.
Failed route at end, repack cluster trying detailed routing at each stage.
Failed route at end, repack cluster trying detailed routing at each stage.
Failed route at end, repack cluster trying detailed routing at each stage.
Failed route at end, repack cluster trying detailed routing at each stage.
Failed route at end, repack cluster trying detailed routing at each stage.
Failed route at end, repack cluster trying detailed routing at each stage.
Failed route at end, repack cluster trying detailed routing at each stage.
  4887/4530    107%                          243    64 x 46    
Failed route at end, repack cluster trying detailed routing at each stage.
Failed route at end, repack cluster trying detailed routing at each stage.
Failed route at end, repack cluster trying detailed routing at each stage.
Failed route at end, repack cluster trying detailed routing at each stage.
Failed route at end, repack cluster trying detailed routing at each stage.
Failed route at end, repack cluster trying detailed routing at each stage.
Failed route at end, repack cluster trying detailed routing at each stage.
Failed route at end, repack cluster trying detailed routing at each stage.
  5068/4530    111%                          252    64 x 46    
Failed route at end, repack cluster trying detailed routing at each stage.
Failed route at end, repack cluster trying detailed routing at each stage.
Failed route at end, repack cluster trying detailed routing at each stage.
Failed route at end, repack cluster trying detailed routing at each stage.
Failed route at end, repack cluster trying detailed routing at each stage.
  5249/4530    115%                          260    64 x 46    
Failed route at end, repack cluster trying detailed routing at each stage.
Failed route at end, repack cluster trying detailed routing at each stage.
Failed route at end, repack cluster trying detailed routing at each stage.
Failed route at end, repack cluster trying detailed routing at each stage.
Failed route at end, repack cluster trying detailed routing at each stage.
Failed route at end, repack cluster trying detailed routing at each stage.
  5430/4530    119%                          269    64 x 46    
Failed route at end, repack cluster trying detailed routing at each stage.
Failed route at end, repack cluster trying detailed routing at each stage.
Failed route at end, repack cluster trying detailed routing at each stage.
Failed route at end, repack cluster trying detailed routing at each stage.
Failed route at end, repack cluster trying detailed routing at each stage.
Failed route at end, repack cluster trying detailed routing at each stage.
Failed route at end, repack cluster trying detailed routing at each stage.
  5611/4530    123%                          278    64 x 46    
Failed route at end, repack cluster trying detailed routing at each stage.
Failed route at end, repack cluster trying detailed routing at each stage.
Failed route at end, repack cluster trying detailed routing at each stage.
Failed route at end, repack cluster trying detailed routing at each stage.
Failed route at end, repack cluster trying detailed routing at each stage.
Failed route at end, repack cluster trying detailed routing at each stage.
Failed route at end, repack cluster trying detailed routing at each stage.
Failed route at end, repack cluster trying detailed routing at each stage.
  5792/4530    127%                          287    64 x 46    
Failed route at end, repack cluster trying detailed routing at each stage.
Failed route at end, repack cluster trying detailed routing at each stage.
Failed route at end, repack cluster trying detailed routing at each stage.
Failed route at end, repack cluster trying detailed routing at each stage.
Failed route at end, repack cluster trying detailed routing at each stage.
Failed route at end, repack cluster trying detailed routing at each stage.
Failed route at end, repack cluster trying detailed routing at each stage.
Failed route at end, repack cluster trying detailed routing at each stage.
  5973/4530    131%                          294    64 x 46    
Failed route at end, repack cluster trying detailed routing at each stage.
Failed route at end, repack cluster trying detailed routing at each stage.
Failed route at end, repack cluster trying detailed routing at each stage.
Failed route at end, repack cluster trying detailed routing at each stage.
Failed route at end, repack cluster trying detailed routing at each stage.
Failed route at end, repack cluster trying detailed routing at each stage.
Failed route at end, repack cluster trying detailed routing at each stage.
  6154/4530    135%                          303    64 x 46    
Failed route at end, repack cluster trying detailed routing at each stage.
Failed route at end, repack cluster trying detailed routing at each stage.
Failed route at end, repack cluster trying detailed routing at each stage.
Failed route at end, repack cluster trying detailed routing at each stage.
Failed route at end, repack cluster trying detailed routing at each stage.
Failed route at end, repack cluster trying detailed routing at each stage.
Failed route at end, repack cluster trying detailed routing at each stage.
  6335/4530    139%                          310    64 x 46    
Failed route at end, repack cluster trying detailed routing at each stage.
Failed route at end, repack cluster trying detailed routing at each stage.
Failed route at end, repack cluster trying detailed routing at each stage.
Failed route at end, repack cluster trying detailed routing at each stage.
Failed route at end, repack cluster trying detailed routing at each stage.
Failed route at end, repack cluster trying detailed routing at each stage.
  6516/4530    143%                          320    64 x 46    
Failed route at end, repack cluster trying detailed routing at each stage.
Failed route at end, repack cluster trying detailed routing at each stage.
Failed route at end, repack cluster trying detailed routing at each stage.
Failed route at end, repack cluster trying detailed routing at each stage.
Failed route at end, repack cluster trying detailed routing at each stage.
Failed route at end, repack cluster trying detailed routing at each stage.
Failed route at end, repack cluster trying detailed routing at each stage.
Failed route at end, repack cluster trying detailed routing at each stage.
  6697/4530    147%                          330    64 x 46    
Failed route at end, repack cluster trying detailed routing at each stage.
Failed route at end, repack cluster trying detailed routing at each stage.
Failed route at end, repack cluster trying detailed routing at each stage.
Failed route at end, repack cluster trying detailed routing at each stage.
Failed route at end, repack cluster trying detailed routing at each stage.
Failed route at end, repack cluster trying detailed routing at each stage.
Failed route at end, repack cluster trying detailed routing at each stage.
  6878/4530    151%                          338    64 x 46    
Failed route at end, repack cluster trying detailed routing at each stage.
Failed route at end, repack cluster trying detailed routing at each stage.
Failed route at end, repack cluster trying detailed routing at each stage.
Failed route at end, repack cluster trying detailed routing at each stage.
Failed route at end, repack cluster trying detailed routing at each stage.
Failed route at end, repack cluster trying detailed routing at each stage.
Failed route at end, repack cluster trying detailed routing at each stage.
Failed route at end, repack cluster trying detailed routing at each stage.
  7059/4530    155%                          347    64 x 46    
Failed route at end, repack cluster trying detailed routing at each stage.
Failed route at end, repack cluster trying detailed routing at each stage.
Failed route at end, repack cluster trying detailed routing at each stage.
Failed route at end, repack cluster trying detailed routing at each stage.
  7240/4530    159%                          359    64 x 46    
Failed route at end, repack cluster trying detailed routing at each stage.
Failed route at end, repack cluster trying detailed routing at each stage.
Failed route at end, repack cluster trying detailed routing at each stage.
Failed route at end, repack cluster trying detailed routing at each stage.
Failed route at end, repack cluster trying detailed routing at each stage.
Failed route at end, repack cluster trying detailed routing at each stage.
Failed route at end, repack cluster trying detailed routing at each stage.
  7421/4530    163%                          370    64 x 46    
Failed route at end, repack cluster trying detailed routing at each stage.
Failed route at end, repack cluster trying detailed routing at each stage.
Failed route at end, repack cluster trying detailed routing at each stage.
Failed route at end, repack cluster trying detailed routing at each stage.
Failed route at end, repack cluster trying detailed routing at each stage.
Failed route at end, repack cluster trying detailed routing at each stage.
  7602/4530    167%                          379    64 x 46    
Failed route at end, repack cluster trying detailed routing at each stage.
Failed route at end, repack cluster trying detailed routing at each stage.
Failed route at end, repack cluster trying detailed routing at each stage.
Failed route at end, repack cluster trying detailed routing at each stage.
Failed route at end, repack cluster trying detailed routing at each stage.
Failed route at end, repack cluster trying detailed routing at each stage.
Failed route at end, repack cluster trying detailed routing at each stage.
Failed route at end, repack cluster trying detailed routing at each stage.
  7783/4530    171%                          387    64 x 46    
Failed route at end, repack cluster trying detailed routing at each stage.
Failed route at end, repack cluster trying detailed routing at each stage.
Failed route at end, repack cluster trying detailed routing at each stage.
Failed route at end, repack cluster trying detailed routing at each stage.
Failed route at end, repack cluster trying detailed routing at each stage.
Failed route at end, repack cluster trying detailed routing at each stage.
Failed route at end, repack cluster trying detailed routing at each stage.
Failed route at end, repack cluster trying detailed routing at each stage.
  7964/4530    175%                          395    64 x 46    
Failed route at end, repack cluster trying detailed routing at each stage.
Failed route at end, repack cluster trying detailed routing at each stage.
Failed route at end, repack cluster trying detailed routing at each stage.
Failed route at end, repack cluster trying detailed routing at each stage.
  8145/4530    179%                          405    64 x 46    
Failed route at end, repack cluster trying detailed routing at each stage.
Failed route at end, repack cluster trying detailed routing at each stage.
Failed route at end, repack cluster trying detailed routing at each stage.
Failed route at end, repack cluster trying detailed routing at each stage.
Failed route at end, repack cluster trying detailed routing at each stage.
  8326/4530    183%                          414    64 x 46    
Failed route at end, repack cluster trying detailed routing at each stage.
Failed route at end, repack cluster trying detailed routing at each stage.
  8507/4530    187%                          451    64 x 46    

Logic Element (fle) detailed count:
  Total number of Logic Elements used : 2883
  LEs used for logic and registers    : 0
  LEs used for logic only             : 2883
  LEs used for registers only         : 0

Incr Slack updates 1 in 0.000764465 sec
Full Max Req/Worst Slack updates 1 in 0.000194991 sec
Incr Max Req/Worst Slack updates 0 in 0 sec
Incr Criticality updates 0 in 0 sec
Full Criticality updates 1 in 0.00186488 sec
FPGA sized to 64 x 46 (castor62x44_heterogeneous)
Device Utilization: 0.15 (target 1.00)
	Block Utilization: 0.00 Type: io
	Block Utilization: 0.19 Type: clb
	Block Utilization: 0.14 Type: bram

Start the iterative improvement process
the iterative improvement process is done
Clustering Statistics: 
----------   --------   ------------------------------------   --------------------------
Block Type   # Blocks   Avg. # of input clocks and pins used   Avg. # of output pins used
----------   --------   ------------------------------------   --------------------------
     EMPTY          0                                      0                            0   
        io         32                                0.65625                      0.34375   
       clb        421                                26.8575                      8.25416   
       dsp          0                                      0                            0   
      bram          8                                     38                           15   
Absorbed logical nets 2474 out of 6080 nets, 3606 nets not absorbed.

Netlist conversion complete.

# Packing took 38.77 seconds (max_rss 92.9 MiB, delta_rss +39.6 MiB)
# Load packing
Begin loading packed FPGA netlist file.
Netlist generated from file '/nfs_scratch/scratch/CGA/repo/2024-04-30-11-45-48_T10763R122/Validation/RTL_testcases/RTL_Benchmarks_Gap_Analysis/rs_decoder/results_dir/rs_decoder/run_1/synth_1_1/impl_1_1_1/packing/fabric_rs_decoder_post_synth.net'.
Detected 3 constant generators (to see names run with higher pack verbosity)
Warning 201: Netlist connects net $undef to both global and non-global pins.
Warning 202: Netlist connects net $undef to both global and non-global pins.
Warning 203: Netlist connects net $undef to both global and non-global pins.
Warning 204: Netlist connects net $undef to both global and non-global pins.
Warning 205: Netlist connects net $undef to both global and non-global pins.
Warning 206: Netlist connects net $undef to both global and non-global pins.
Warning 207: Netlist connects net $undef to both global and non-global pins.
Warning 208: Netlist connects net $undef to both global and non-global pins.
Warning 209: Netlist connects net $undef to both global and non-global pins.
Warning 210: Netlist connects net $undef to both global and non-global pins.
Warning 211: Netlist connects net $undef to both global and non-global pins.
Warning 212: Netlist connects net $undef to both global and non-global pins.
Warning 213: Netlist connects net $undef to both global and non-global pins.
Warning 214: Netlist connects net $undef to both global and non-global pins.
Warning 215: Netlist connects net $undef to both global and non-global pins.
Warning 216: Netlist connects net $undef to both global and non-global pins.
Warning 217: Netlist connects net $undef to both global and non-global pins.
Warning 218: Netlist connects net $undef to both global and non-global pins.
Warning 219: Netlist connects net $undef to both global and non-global pins.
Warning 220: Netlist connects net $undef to both global and non-global pins.
Warning 221: Netlist connects net $undef to both global and non-global pins.
Warning 222: Netlist connects net $undef to both global and non-global pins.
Warning 223: Netlist connects net $undef to both global and non-global pins.
Warning 224: Netlist connects net $undef to both global and non-global pins.
Warning 225: Netlist connects net $undef to both global and non-global pins.
Warning 226: Netlist connects net $undef to both global and non-global pins.
Warning 227: Netlist connects net $undef to both global and non-global pins.
Warning 228: Netlist connects net $undef to both global and non-global pins.
Warning 229: Netlist connects net $undef to both global and non-global pins.
Warning 230: Netlist connects net $undef to both global and non-global pins.
Warning 231: Netlist connects net $undef to both global and non-global pins.
Warning 232: Netlist connects net $undef to both global and non-global pins.
Warning 233: Netlist connects net $undef to both global and non-global pins.
Warning 234: Netlist connects net $undef to both global and non-global pins.
Warning 235: Netlist connects net $undef to both global and non-global pins.
Warning 236: Netlist connects net $undef to both global and non-global pins.
Warning 237: Netlist connects net $undef to both global and non-global pins.
Warning 238: Netlist connects net $undef to both global and non-global pins.
Warning 239: Netlist connects net $undef to both global and non-global pins.
Warning 240: Netlist connects net $undef to both global and non-global pins.
Warning 241: Netlist connects net $undef to both global and non-global pins.
Warning 242: Netlist connects net $undef to both global and non-global pins.
Warning 243: Netlist connects net $undef to both global and non-global pins.
Warning 244: Netlist connects net $undef to both global and non-global pins.
Warning 245: Netlist connects net $undef to both global and non-global pins.
Warning 246: Netlist connects net $undef to both global and non-global pins.
Warning 247: Netlist connects net $undef to both global and non-global pins.
Warning 248: Netlist connects net $undef to both global and non-global pins.
Warning 249: Netlist connects net $undef to both global and non-global pins.
Warning 250: Netlist connects net $undef to both global and non-global pins.
Warning 251: Netlist connects net $undef to both global and non-global pins.
Warning 252: Netlist connects net $undef to both global and non-global pins.
Warning 253: Netlist connects net $undef to both global and non-global pins.
Warning 254: Netlist connects net $undef to both global and non-global pins.
Warning 255: Netlist connects net $undef to both global and non-global pins.
Warning 256: Netlist connects net $undef to both global and non-global pins.
Warning 257: Netlist connects net $undef to both global and non-global pins.
Warning 258: Netlist connects net $undef to both global and non-global pins.
Warning 259: Netlist connects net $undef to both global and non-global pins.
Warning 260: Netlist connects net $undef to both global and non-global pins.
Warning 261: Netlist connects net $undef to both global and non-global pins.
Warning 262: Netlist connects net $undef to both global and non-global pins.
Warning 263: Netlist connects net $undef to both global and non-global pins.
Warning 264: Netlist connects net $undef to both global and non-global pins.
Warning 265: Netlist connects net $undef to both global and non-global pins.
Warning 266: Netlist connects net $false to both global and non-global pins.
Warning 267: Netlist connects net $false to both global and non-global pins.
Warning 268: Netlist connects net $false to both global and non-global pins.
Warning 269: Netlist connects net $false to both global and non-global pins.
Warning 270: Netlist connects net $false to both global and non-global pins.
Warning 271: Netlist connects net $false to both global and non-global pins.
Warning 272: Netlist connects net $false to both global and non-global pins.
Warning 273: Netlist connects net $false to both global and non-global pins.
Warning 274: Netlist connects net $false to both global and non-global pins.
Warning 275: Netlist connects net $false to both global and non-global pins.
Warning 276: Netlist connects net $false to both global and non-global pins.
Warning 277: Netlist connects net $false to both global and non-global pins.
Warning 278: Netlist connects net $false to both global and non-global pins.
Warning 279: Netlist connects net $false to both global and non-global pins.
Warning 280: Netlist connects net $false to both global and non-global pins.
Warning 281: Netlist connects net $false to both global and non-global pins.
Warning 282: Netlist connects net $false to both global and non-global pins.
Warning 283: Netlist connects net $false to both global and non-global pins.
Warning 284: Netlist connects net $false to both global and non-global pins.
Warning 285: Netlist connects net $false to both global and non-global pins.
Warning 286: Netlist connects net $false to both global and non-global pins.
Warning 287: Netlist connects net $false to both global and non-global pins.
Warning 288: Netlist connects net $false to both global and non-global pins.
Warning 289: Netlist connects net $false to both global and non-global pins.
Warning 290: Netlist connects net $false to both global and non-global pins.
Warning 291: Netlist connects net $false to both global and non-global pins.
Warning 292: Netlist connects net $false to both global and non-global pins.
Warning 293: Netlist connects net $false to both global and non-global pins.
Warning 294: Netlist connects net $false to both global and non-global pins.
Warning 295: Netlist connects net $false to both global and non-global pins.
Warning 296: Netlist connects net $false to both global and non-global pins.
Warning 297: Netlist connects net $false to both global and non-global pins.
Warning 298: Netlist connects net $false to both global and non-global pins.
Warning 299: Netlist connects net $false to both global and non-global pins.
Warning 300: Netlist connects net $false to both global and non-global pins.
Warning 301: Netlist connects net $false to both global and non-global pins.
Warning 302: Netlist connects net $false to both global and non-global pins.
Warning 303: Netlist connects net $false to both global and non-global pins.
Warning 304: Netlist connects net $false to both global and non-global pins.
Warning 305: Netlist connects net $false to both global and non-global pins.
Warning 306: Netlist connects net $false to both global and non-global pins.
Warning 307: Netlist connects net $false to both global and non-global pins.
Warning 308: Netlist connects net $false to both global and non-global pins.
Warning 309: Netlist connects net $false to both global and non-global pins.
Warning 310: Netlist connects net $false to both global and non-global pins.
Warning 311: Netlist connects net $false to both global and non-global pins.
Warning 312: Netlist connects net $false to both global and non-global pins.
Warning 313: Netlist connects net $false to both global and non-global pins.
Finished loading packed FPGA netlist file (took 0.717727 seconds).
# Load packing took 0.76 seconds (max_rss 138.1 MiB, delta_rss +45.2 MiB)
Warning 314: Netlist contains 115 global net to non-global architecture pin connections

Pb types usage...
  io             : 32
   io_output     : 21
    outpad       : 21
   io_input      : 11
    inpad        : 11
  clb            : 421
   clb_lr        : 421
    fle          : 3307
     fast6       : 939
      lut6       : 939
       lut       : 939
     ble6        : 407
      lut6       : 407
       lut       : 407
      ff         : 407
       DFFRE     : 407
     ble5        : 3144
      lut5       : 1903
       lut       : 1903
      ff         : 2293
       DFFRE     : 2293
  bram           : 8
   bram_lr       : 8
    mem_36K      : 8

# Create Device
## Build Device Grid
FPGA sized to 64 x 46: 2944 grid tiles (castor62x44_heterogeneous)

Resource usage...
	Netlist
		32	blocks of type: io
	Architecture
		4320	blocks of type: io_top
		3168	blocks of type: io_right
		4320	blocks of type: io_bottom
		3168	blocks of type: io_left
	Netlist
		421	blocks of type: clb
	Architecture
		2184	blocks of type: clb
	Netlist
		0	blocks of type: dsp
	Architecture
		56	blocks of type: dsp
	Netlist
		8	blocks of type: bram
	Architecture
		56	blocks of type: bram

Device Utilization: 0.15 (target 1.00)
	Physical Tile io_top:
	Block Utilization: 0.01 Logical Block: io
	Physical Tile io_right:
	Block Utilization: 0.01 Logical Block: io
	Physical Tile io_bottom:
	Block Utilization: 0.01 Logical Block: io
	Physical Tile io_left:
	Block Utilization: 0.01 Logical Block: io
	Physical Tile clb:
	Block Utilization: 0.19 Logical Block: clb
	Physical Tile dsp:
	Block Utilization: 0.00 Logical Block: dsp
	Physical Tile bram:
	Block Utilization: 0.14 Logical Block: bram

## Build Device Grid took 0.00 seconds (max_rss 138.3 MiB, delta_rss +0.0 MiB)
Warning 315: Tileable routing resource graph does not support clock modeling yet! Related options are ignored...
## Build tileable routing resource graph
X-direction routing channel width is 160
Y-direction routing channel width is 160
Warning 316: Sized nonsensical R=0 transistor to minimum width
Warning 317: Sized nonsensical R=0 transistor to minimum width
Warning 318: Sized nonsensical R=0 transistor to minimum width
Warning 319: Sized nonsensical R=0 transistor to minimum width
## Build tileable routing resource graph took 12.83 seconds (max_rss 526.6 MiB, delta_rss +388.4 MiB)
  RR Graph Nodes: 1365608
  RR Graph Edges: 6033268
# Create Device took 13.30 seconds (max_rss 526.6 MiB, delta_rss +388.4 MiB)


Flow timing analysis took 0.0181242 seconds (0.0150696 STA, 0.00305463 slack) (1 full updates: 1 setup, 0 hold, 0 combined).
VPR succeeded
The entire flow of VPR took 53.76 seconds (max_rss 526.6 MiB)
