/*******************************************************************************
Copyright (c) 2022-2024 Rapid Silicon
This source code contains proprietary information belonging to Rapid Silicon
(the "licensor") released under license and non-disclosure agreement to the
recipient (the "licensee").

The information shared and protected by the license and non-disclosure agreement
includes but is not limited to the following:
* operational algorithms of the product
* logos, graphics, source code, and visual presentation of the product
* confidential operational information of the licensor

The recipient of this source code is NOT permitted to publicly disclose,
re-use, archive beyond the period of the license agreement, transfer to a
sub-licensee, or re-implement any portion of the content covered by the license
and non-disclosure agreement without the prior written consent of the licensor.
*********************************************************************************/

Version  : 2024.04
Build    : 1.0.36
Hash     : 7f61936
Date     : Apr 17 2024
Type     : Engineering
Log Time   : Thu Apr 18 07:39:07 2024 GMT
#Timing report of worst 13 path(s)
# Unit scale: 1e-09 seconds
# Output precision: 3

# Logical Levels: 0
# Timing Graph Levels: 6

#Path 1
Startpoint: $iopadmap$i2[2].inpad[0] (.input clocked by $auto$clkbufmap.cc:298:execute$733)
Endpoint  : out:data_in[3].outpad[0] (.output clocked by $auto$clkbufmap.cc:298:execute$733)
Path Type : setup

Point                                                             Incr      Path
--------------------------------------------------------------------------------
clock $auto$clkbufmap.cc:298:execute$733 (rise edge)             0.000     0.000
clock source latency                                             0.000     0.000
input external delay                                             0.000     0.000
$iopadmap$i2[2].inpad[0] (.input)                                0.000     0.000
data_in[2].in[0] (.names)                                        0.890     0.890
data_in[2].out[0] (.names)                                       0.173     1.063
data_in[3].in[2] (.names)                                        0.890     1.953
data_in[3].out[0] (.names)                                       0.148     2.101
out:data_in[3].outpad[0] (.output)                               0.890     2.992
data arrival time                                                          2.992

clock $auto$clkbufmap.cc:298:execute$733 (rise edge)             0.000     0.000
clock source latency                                             0.000     0.000
clock uncertainty                                                0.000     0.000
output external delay                                            0.000     0.000
data required time                                                         0.000
--------------------------------------------------------------------------------
data required time                                                         0.000
data arrival time                                                         -2.992
--------------------------------------------------------------------------------
slack (VIOLATED)                                                          -2.992


#Path 2
Startpoint: $auto$rs_design_edit.cc:314:add_wire_btw_prims$769.inpad[0] (.input clocked by $auto$clkbufmap.cc:298:execute$733)
Endpoint  : out:$auto$rs_design_edit.cc:314:add_wire_btw_prims$772.outpad[0] (.output clocked by $auto$clkbufmap.cc:298:execute$733)
Path Type : setup

Point                                                                                             Incr      Path
----------------------------------------------------------------------------------------------------------------
clock $auto$clkbufmap.cc:298:execute$733 (rise edge)                                             0.000     0.000
clock source latency                                                                             0.000     0.000
input external delay                                                                             0.000     0.000
$auto$rs_design_edit.cc:314:add_wire_btw_prims$769.inpad[0] (.input)                             0.000     0.000
$auto$rs_design_edit.cc:314:add_wire_btw_prims$772.in[0] (.names)                                0.890     0.890
$auto$rs_design_edit.cc:314:add_wire_btw_prims$772.out[0] (.names)                               0.218     1.109
out:$auto$rs_design_edit.cc:314:add_wire_btw_prims$772.outpad[0] (.output)                       0.890     1.999
data arrival time                                                                                          1.999

clock $auto$clkbufmap.cc:298:execute$733 (rise edge)                                             0.000     0.000
clock source latency                                                                             0.000     0.000
clock uncertainty                                                                                0.000     0.000
output external delay                                                                            0.000     0.000
data required time                                                                                         0.000
----------------------------------------------------------------------------------------------------------------
data required time                                                                                         0.000
data arrival time                                                                                         -1.999
----------------------------------------------------------------------------------------------------------------
slack (VIOLATED)                                                                                          -1.999


#Path 3
Startpoint: $auto$rs_design_edit.cc:314:add_wire_btw_prims$769.inpad[0] (.input clocked by $auto$clkbufmap.cc:298:execute$733)
Endpoint  : out:$auto$rs_design_edit.cc:375:check_undriven_IO$775.outpad[0] (.output clocked by $auto$clkbufmap.cc:298:execute$733)
Path Type : setup

Point                                                                                            Incr      Path
---------------------------------------------------------------------------------------------------------------
clock $auto$clkbufmap.cc:298:execute$733 (rise edge)                                            0.000     0.000
clock source latency                                                                            0.000     0.000
input external delay                                                                            0.000     0.000
$auto$rs_design_edit.cc:314:add_wire_btw_prims$769.inpad[0] (.input)                            0.000     0.000
$auto$rs_design_edit.cc:375:check_undriven_IO$775.in[0] (.names)                                0.890     0.890
$auto$rs_design_edit.cc:375:check_undriven_IO$775.out[0] (.names)                               0.218     1.109
out:$auto$rs_design_edit.cc:375:check_undriven_IO$775.outpad[0] (.output)                       0.890     1.999
data arrival time                                                                                         1.999

clock $auto$clkbufmap.cc:298:execute$733 (rise edge)                                            0.000     0.000
clock source latency                                                                            0.000     0.000
clock uncertainty                                                                               0.000     0.000
output external delay                                                                           0.000     0.000
data required time                                                                                        0.000
---------------------------------------------------------------------------------------------------------------
data required time                                                                                        0.000
data arrival time                                                                                        -1.999
---------------------------------------------------------------------------------------------------------------
slack (VIOLATED)                                                                                         -1.999


#Path 4
Startpoint: $auto$rs_design_edit.cc:314:add_wire_btw_prims$770.inpad[0] (.input clocked by $auto$clkbufmap.cc:298:execute$733)
Endpoint  : out:$auto$rs_design_edit.cc:314:add_wire_btw_prims$773.outpad[0] (.output clocked by $auto$clkbufmap.cc:298:execute$733)
Path Type : setup

Point                                                                                             Incr      Path
----------------------------------------------------------------------------------------------------------------
clock $auto$clkbufmap.cc:298:execute$733 (rise edge)                                             0.000     0.000
clock source latency                                                                             0.000     0.000
input external delay                                                                             0.000     0.000
$auto$rs_design_edit.cc:314:add_wire_btw_prims$770.inpad[0] (.input)                             0.000     0.000
$auto$rs_design_edit.cc:314:add_wire_btw_prims$773.in[0] (.names)                                0.890     0.890
$auto$rs_design_edit.cc:314:add_wire_btw_prims$773.out[0] (.names)                               0.218     1.109
out:$auto$rs_design_edit.cc:314:add_wire_btw_prims$773.outpad[0] (.output)                       0.890     1.999
data arrival time                                                                                          1.999

clock $auto$clkbufmap.cc:298:execute$733 (rise edge)                                             0.000     0.000
clock source latency                                                                             0.000     0.000
clock uncertainty                                                                                0.000     0.000
output external delay                                                                            0.000     0.000
data required time                                                                                         0.000
----------------------------------------------------------------------------------------------------------------
data required time                                                                                         0.000
data arrival time                                                                                         -1.999
----------------------------------------------------------------------------------------------------------------
slack (VIOLATED)                                                                                          -1.999


#Path 5
Startpoint: $auto$rs_design_edit.cc:314:add_wire_btw_prims$770.inpad[0] (.input clocked by $auto$clkbufmap.cc:298:execute$733)
Endpoint  : out:$auto$rs_design_edit.cc:375:check_undriven_IO$776.outpad[0] (.output clocked by $auto$clkbufmap.cc:298:execute$733)
Path Type : setup

Point                                                                                            Incr      Path
---------------------------------------------------------------------------------------------------------------
clock $auto$clkbufmap.cc:298:execute$733 (rise edge)                                            0.000     0.000
clock source latency                                                                            0.000     0.000
input external delay                                                                            0.000     0.000
$auto$rs_design_edit.cc:314:add_wire_btw_prims$770.inpad[0] (.input)                            0.000     0.000
$auto$rs_design_edit.cc:375:check_undriven_IO$776.in[0] (.names)                                0.890     0.890
$auto$rs_design_edit.cc:375:check_undriven_IO$776.out[0] (.names)                               0.218     1.109
out:$auto$rs_design_edit.cc:375:check_undriven_IO$776.outpad[0] (.output)                       0.890     1.999
data arrival time                                                                                         1.999

clock $auto$clkbufmap.cc:298:execute$733 (rise edge)                                            0.000     0.000
clock source latency                                                                            0.000     0.000
clock uncertainty                                                                               0.000     0.000
output external delay                                                                           0.000     0.000
data required time                                                                                        0.000
---------------------------------------------------------------------------------------------------------------
data required time                                                                                        0.000
data arrival time                                                                                        -1.999
---------------------------------------------------------------------------------------------------------------
slack (VIOLATED)                                                                                         -1.999


#Path 6
Startpoint: $auto$rs_design_edit.cc:314:add_wire_btw_prims$768.inpad[0] (.input clocked by $auto$clkbufmap.cc:298:execute$733)
Endpoint  : out:$auto$rs_design_edit.cc:314:add_wire_btw_prims$771.outpad[0] (.output clocked by $auto$clkbufmap.cc:298:execute$733)
Path Type : setup

Point                                                                                             Incr      Path
----------------------------------------------------------------------------------------------------------------
clock $auto$clkbufmap.cc:298:execute$733 (rise edge)                                             0.000     0.000
clock source latency                                                                             0.000     0.000
input external delay                                                                             0.000     0.000
$auto$rs_design_edit.cc:314:add_wire_btw_prims$768.inpad[0] (.input)                             0.000     0.000
$auto$rs_design_edit.cc:314:add_wire_btw_prims$771.in[0] (.names)                                0.890     0.890
$auto$rs_design_edit.cc:314:add_wire_btw_prims$771.out[0] (.names)                               0.218     1.109
out:$auto$rs_design_edit.cc:314:add_wire_btw_prims$771.outpad[0] (.output)                       0.890     1.999
data arrival time                                                                                          1.999

clock $auto$clkbufmap.cc:298:execute$733 (rise edge)                                             0.000     0.000
clock source latency                                                                             0.000     0.000
clock uncertainty                                                                                0.000     0.000
output external delay                                                                            0.000     0.000
data required time                                                                                         0.000
----------------------------------------------------------------------------------------------------------------
data required time                                                                                         0.000
data arrival time                                                                                         -1.999
----------------------------------------------------------------------------------------------------------------
slack (VIOLATED)                                                                                          -1.999


#Path 7
Startpoint: $auto$rs_design_edit.cc:314:add_wire_btw_prims$768.inpad[0] (.input clocked by $auto$clkbufmap.cc:298:execute$733)
Endpoint  : out:$auto$rs_design_edit.cc:375:check_undriven_IO$774.outpad[0] (.output clocked by $auto$clkbufmap.cc:298:execute$733)
Path Type : setup

Point                                                                                            Incr      Path
---------------------------------------------------------------------------------------------------------------
clock $auto$clkbufmap.cc:298:execute$733 (rise edge)                                            0.000     0.000
clock source latency                                                                            0.000     0.000
input external delay                                                                            0.000     0.000
$auto$rs_design_edit.cc:314:add_wire_btw_prims$768.inpad[0] (.input)                            0.000     0.000
$auto$rs_design_edit.cc:375:check_undriven_IO$774.in[0] (.names)                                0.890     0.890
$auto$rs_design_edit.cc:375:check_undriven_IO$774.out[0] (.names)                               0.218     1.109
out:$auto$rs_design_edit.cc:375:check_undriven_IO$774.outpad[0] (.output)                       0.890     1.999
data arrival time                                                                                         1.999

clock $auto$clkbufmap.cc:298:execute$733 (rise edge)                                            0.000     0.000
clock source latency                                                                            0.000     0.000
clock uncertainty                                                                               0.000     0.000
output external delay                                                                           0.000     0.000
data required time                                                                                        0.000
---------------------------------------------------------------------------------------------------------------
data required time                                                                                        0.000
data arrival time                                                                                        -1.999
---------------------------------------------------------------------------------------------------------------
slack (VIOLATED)                                                                                         -1.999


#Path 8
Startpoint: $iopadmap$i2[0].inpad[0] (.input clocked by $auto$clkbufmap.cc:298:execute$733)
Endpoint  : out:data_in[0].outpad[0] (.output clocked by $auto$clkbufmap.cc:298:execute$733)
Path Type : setup

Point                                                             Incr      Path
--------------------------------------------------------------------------------
clock $auto$clkbufmap.cc:298:execute$733 (rise edge)             0.000     0.000
clock source latency                                             0.000     0.000
input external delay                                             0.000     0.000
$iopadmap$i2[0].inpad[0] (.input)                                0.000     0.000
data_in[0].in[0] (.names)                                        0.890     0.890
data_in[0].out[0] (.names)                                       0.218     1.109
out:data_in[0].outpad[0] (.output)                               0.890     1.999
data arrival time                                                          1.999

clock $auto$clkbufmap.cc:298:execute$733 (rise edge)             0.000     0.000
clock source latency                                             0.000     0.000
clock uncertainty                                                0.000     0.000
output external delay                                            0.000     0.000
data required time                                                         0.000
--------------------------------------------------------------------------------
data required time                                                         0.000
data arrival time                                                         -1.999
--------------------------------------------------------------------------------
slack (VIOLATED)                                                          -1.999


#Path 9
Startpoint: $iopadmap$i2[1].inpad[0] (.input clocked by $auto$clkbufmap.cc:298:execute$733)
Endpoint  : out:data_in[1].outpad[0] (.output clocked by $auto$clkbufmap.cc:298:execute$733)
Path Type : setup

Point                                                             Incr      Path
--------------------------------------------------------------------------------
clock $auto$clkbufmap.cc:298:execute$733 (rise edge)             0.000     0.000
clock source latency                                             0.000     0.000
input external delay                                             0.000     0.000
$iopadmap$i2[1].inpad[0] (.input)                                0.000     0.000
data_in[1].in[0] (.names)                                        0.890     0.890
data_in[1].out[0] (.names)                                       0.218     1.109
out:data_in[1].outpad[0] (.output)                               0.890     1.999
data arrival time                                                          1.999

clock $auto$clkbufmap.cc:298:execute$733 (rise edge)             0.000     0.000
clock source latency                                             0.000     0.000
clock uncertainty                                                0.000     0.000
output external delay                                            0.000     0.000
data required time                                                         0.000
--------------------------------------------------------------------------------
data required time                                                         0.000
data arrival time                                                         -1.999
--------------------------------------------------------------------------------
slack (VIOLATED)                                                          -1.999


#Path 10
Startpoint: $iopadmap$i2[2].inpad[0] (.input clocked by $auto$clkbufmap.cc:298:execute$733)
Endpoint  : out:data_in[2].outpad[0] (.output clocked by $auto$clkbufmap.cc:298:execute$733)
Path Type : setup

Point                                                             Incr      Path
--------------------------------------------------------------------------------
clock $auto$clkbufmap.cc:298:execute$733 (rise edge)             0.000     0.000
clock source latency                                             0.000     0.000
input external delay                                             0.000     0.000
$iopadmap$i2[2].inpad[0] (.input)                                0.000     0.000
data_in[2].in[0] (.names)                                        0.890     0.890
data_in[2].out[0] (.names)                                       0.173     1.063
out:data_in[2].outpad[0] (.output)                               0.890     1.953
data arrival time                                                          1.953

clock $auto$clkbufmap.cc:298:execute$733 (rise edge)             0.000     0.000
clock source latency                                             0.000     0.000
clock uncertainty                                                0.000     0.000
output external delay                                            0.000     0.000
data required time                                                         0.000
--------------------------------------------------------------------------------
data required time                                                         0.000
data arrival time                                                         -1.953
--------------------------------------------------------------------------------
slack (VIOLATED)                                                          -1.953


#Path 11
Startpoint: $iopadmap$data_out.Q[0] (dffre clocked by $auto$clkbufmap.cc:298:execute$733)
Endpoint  : out:$iopadmap$data_out.outpad[0] (.output clocked by $auto$clkbufmap.cc:298:execute$733)
Path Type : setup

Point                                                                       Incr      Path
------------------------------------------------------------------------------------------
clock $auto$clkbufmap.cc:298:execute$733 (rise edge)                       0.000     0.000
clock source latency                                                       0.000     0.000
$auto$clkbufmap.cc:298:execute$733.inpad[0] (.input)                       0.000     0.000
$iopadmap$data_out.C[0] (dffre)                                            0.890     0.890
$iopadmap$data_out.Q[0] (dffre) [clock-to-output]                          0.154     1.044
out:$iopadmap$data_out.outpad[0] (.output)                                 0.890     1.935
data arrival time                                                                    1.935

clock $auto$clkbufmap.cc:298:execute$733 (rise edge)                       0.000     0.000
clock source latency                                                       0.000     0.000
clock uncertainty                                                          0.000     0.000
output external delay                                                      0.000     0.000
data required time                                                                   0.000
------------------------------------------------------------------------------------------
data required time                                                                   0.000
data arrival time                                                                   -1.935
------------------------------------------------------------------------------------------
slack (VIOLATED)                                                                    -1.935


#Path 12
Startpoint: output_enable.Q[0] (dffre clocked by $auto$clkbufmap.cc:298:execute$733)
Endpoint  : out:output_enable.outpad[0] (.output clocked by $auto$clkbufmap.cc:298:execute$733)
Path Type : setup

Point                                                                       Incr      Path
------------------------------------------------------------------------------------------
clock $auto$clkbufmap.cc:298:execute$733 (rise edge)                       0.000     0.000
clock source latency                                                       0.000     0.000
$auto$clkbufmap.cc:298:execute$733.inpad[0] (.input)                       0.000     0.000
output_enable.C[0] (dffre)                                                 0.890     0.890
output_enable.Q[0] (dffre) [clock-to-output]                               0.154     1.044
out:output_enable.outpad[0] (.output)                                      0.890     1.935
data arrival time                                                                    1.935

clock $auto$clkbufmap.cc:298:execute$733 (rise edge)                       0.000     0.000
clock source latency                                                       0.000     0.000
clock uncertainty                                                          0.000     0.000
output external delay                                                      0.000     0.000
data required time                                                                   0.000
------------------------------------------------------------------------------------------
data required time                                                                   0.000
data arrival time                                                                   -1.935
------------------------------------------------------------------------------------------
slack (VIOLATED)                                                                    -1.935


#Path 13
Startpoint: data_out_flop.inpad[0] (.input clocked by $auto$clkbufmap.cc:298:execute$733)
Endpoint  : $iopadmap$data_out.D[0] (dffre clocked by $auto$clkbufmap.cc:298:execute$733)
Path Type : setup

Point                                                                       Incr      Path
------------------------------------------------------------------------------------------
clock $auto$clkbufmap.cc:298:execute$733 (rise edge)                       0.000     0.000
clock source latency                                                       0.000     0.000
input external delay                                                       0.000     0.000
data_out_flop.inpad[0] (.input)                                            0.000     0.000
$iopadmap$data_out.D[0] (dffre)                                            0.890     0.890
data arrival time                                                                    0.890

clock $auto$clkbufmap.cc:298:execute$733 (rise edge)                       0.000     0.000
clock source latency                                                       0.000     0.000
$auto$clkbufmap.cc:298:execute$733.inpad[0] (.input)                       0.000     0.000
$iopadmap$data_out.C[0] (dffre)                                            0.890     0.890
clock uncertainty                                                          0.000     0.890
cell setup time                                                           -0.032     0.859
data required time                                                                   0.859
------------------------------------------------------------------------------------------
data required time                                                                   0.859
data arrival time                                                                   -0.890
------------------------------------------------------------------------------------------
slack (VIOLATED)                                                                    -0.032


#End of timing report
