/*******************************************************************************
Copyright (c) 2022-2024 Rapid Silicon
This source code contains proprietary information belonging to Rapid Silicon
(the "licensor") released under license and non-disclosure agreement to the
recipient (the "licensee").

The information shared and protected by the license and non-disclosure agreement
includes but is not limited to the following:
* operational algorithms of the product
* logos, graphics, source code, and visual presentation of the product
* confidential operational information of the licensor

The recipient of this source code is NOT permitted to publicly disclose,
re-use, archive beyond the period of the license agreement, transfer to a
sub-licensee, or re-implement any portion of the content covered by the license
and non-disclosure agreement without the prior written consent of the licensor.
*********************************************************************************/

Version  : 2024.04
Build    : 1.0.32
Hash     : c509234
Date     : Apr 12 2024
Type     : Engineering
Log Time   : Tue Apr 16 06:42:45 2024 GMT

[ 11:42:45 ] Analysis has started
[ 11:42:45 ] Command: /nfs_eda_sw/softwares/Raptor/instl_dir/04_12_2024_09_15_01/bin/yosys -s /nfs_scratch/scratch/CompilerValidation/abdul_hameed/15Apr/EDA-2709/add_shifted_input_to_the_mul_output/results_dir/add_shifted_input_to_the_mul_output/run_1/synth_1_1/analysis/add_shifted_input_to_the_mul_output_analyzer.cmd
[ 11:42:46 ] Duration: 67 ms. Max utilization: 43 MB
[ 11:42:46 ] Synthesize has started
[ 11:42:46 ] Command: /nfs_eda_sw/softwares/Raptor/instl_dir/04_12_2024_09_15_01/bin/yosys -s add_shifted_input_to_the_mul_output.ys -l add_shifted_input_to_the_mul_output_synth.log
[ 11:42:57 ] Duration: 11129 ms. Max utilization: 62 MB
[ 11:42:57 ] Packing has started
[ 11:42:57 ] Command: /nfs_eda_sw/softwares/Raptor/instl_dir/04_12_2024_09_15_01/bin/vpr /nfs_eda_sw/softwares/Raptor/instl_dir/04_12_2024_09_15_01/share/raptor/etc/devices/gemini_compact_104x68/gemini_vpr.xml /nfs_scratch/scratch/CompilerValidation/abdul_hameed/15Apr/EDA-2709/add_shifted_input_to_the_mul_output/results_dir/add_shifted_input_to_the_mul_output/run_1/synth_1_1/synthesis/fabric_add_shifted_input_to_the_mul_output_post_synth.eblif --sdc_file /nfs_scratch/scratch/CompilerValidation/abdul_hameed/15Apr/EDA-2709/add_shifted_input_to_the_mul_output/results_dir/add_shifted_input_to_the_mul_output/run_1/synth_1_1/impl_1_1_1/packing/fabric_add_shifted_input_to_the_mul_output_openfpga.sdc --route_chan_width 160 --suppress_warnings check_rr_node_warnings.log,check_rr_node --clock_modeling ideal --absorb_buffer_luts off --skip_sync_clustering_and_routing_results off --constant_net_method route --post_place_timing_report add_shifted_input_to_the_mul_output_post_place_timing.rpt --device castor104x68_heterogeneous --allow_unrelated_clustering on --allow_dangling_combinational_nodes on --place_delta_delay_matrix_calculation_method dijkstra --gen_post_synthesis_netlist on --post_synth_netlist_unconn_inputs gnd --inner_loop_recompute_divider 1 --max_router_iterations 1500 --timing_report_detail detailed --timing_report_npaths 100 --top add_shifted_input_to_the_mul_output --net_file /nfs_scratch/scratch/CompilerValidation/abdul_hameed/15Apr/EDA-2709/add_shifted_input_to_the_mul_output/results_dir/add_shifted_input_to_the_mul_output/run_1/synth_1_1/impl_1_1_1/packing/fabric_add_shifted_input_to_the_mul_output_post_synth.net --place_file /nfs_scratch/scratch/CompilerValidation/abdul_hameed/15Apr/EDA-2709/add_shifted_input_to_the_mul_output/results_dir/add_shifted_input_to_the_mul_output/run_1/synth_1_1/impl_1_1_1/placement/fabric_add_shifted_input_to_the_mul_output_post_synth.place --route_file /nfs_scratch/scratch/CompilerValidation/abdul_hameed/15Apr/EDA-2709/add_shifted_input_to_the_mul_output/results_dir/add_shifted_input_to_the_mul_output/run_1/synth_1_1/impl_1_1_1/routing/fabric_add_shifted_input_to_the_mul_output_post_synth.route --pack
[ 11:42:57 ] Duration: 299 ms. Max utilization: 227 MB
